[2023-08-23T10:04:12.467+0000] {taskinstance.py:1159} INFO - Dependencies all met for dep_context=non-requeueable deps ti=<TaskInstance: dag_with_postgres_operator_v02.delete_from_table manual__2023-08-23T09:50:36.604239+00:00 [queued]>
[2023-08-23T10:04:12.483+0000] {taskinstance.py:1159} INFO - Dependencies all met for dep_context=requeueable deps ti=<TaskInstance: dag_with_postgres_operator_v02.delete_from_table manual__2023-08-23T09:50:36.604239+00:00 [queued]>
[2023-08-23T10:04:12.485+0000] {taskinstance.py:1361} INFO - Starting attempt 1 of 6
[2023-08-23T10:04:12.510+0000] {taskinstance.py:1382} INFO - Executing <Task(PostgresOperator): delete_from_table> on 2023-08-23 09:50:36.604239+00:00
[2023-08-23T10:04:12.519+0000] {standard_task_runner.py:57} INFO - Started process 5552 to run task
[2023-08-23T10:04:12.525+0000] {standard_task_runner.py:84} INFO - Running: ['***', 'tasks', 'run', 'dag_with_postgres_operator_v02', 'delete_from_table', 'manual__2023-08-23T09:50:36.604239+00:00', '--job-id', '13420', '--raw', '--subdir', 'DAGS_FOLDER/dag_with_postgres_operator.py', '--cfg-path', '/tmp/tmpu8tswlhf']
[2023-08-23T10:04:12.528+0000] {standard_task_runner.py:85} INFO - Job 13420: Subtask delete_from_table
[2023-08-23T10:04:12.605+0000] {task_command.py:415} INFO - Running <TaskInstance: dag_with_postgres_operator_v02.delete_from_table manual__2023-08-23T09:50:36.604239+00:00 [running]> on host b0ce6883e4a1
[2023-08-23T10:04:12.731+0000] {taskinstance.py:1660} INFO - Exporting env vars: AIRFLOW_CTX_DAG_OWNER='Techquier' AIRFLOW_CTX_DAG_ID='dag_with_postgres_operator_v02' AIRFLOW_CTX_TASK_ID='delete_from_table' AIRFLOW_CTX_EXECUTION_DATE='2023-08-23T09:50:36.604239+00:00' AIRFLOW_CTX_TRY_NUMBER='1' AIRFLOW_CTX_DAG_RUN_ID='manual__2023-08-23T09:50:36.604239+00:00'
[2023-08-23T10:04:12.733+0000] {sql.py:274} INFO - Executing: 
            delete from dag_runs where dt = '2023-08-23' and dag_id = 'dag_with_postgres_operator_v02'
        
[2023-08-23T10:04:12.746+0000] {base.py:73} INFO - Using connection ID 'postgres_localhost' for task execution.
[2023-08-23T10:04:12.764+0000] {base.py:73} INFO - Using connection ID 'postgres_localhost' for task execution.
[2023-08-23T10:04:13.216+0000] {sql.py:418} INFO - Running statement: 
            delete from dag_runs where dt = '2023-08-23' and dag_id = 'dag_with_postgres_operator_v02'
        , parameters: None
[2023-08-23T10:04:13.222+0000] {sql.py:427} INFO - Rows affected: 0
[2023-08-23T10:04:13.239+0000] {taskinstance.py:1400} INFO - Marking task as SUCCESS. dag_id=dag_with_postgres_operator_v02, task_id=delete_from_table, execution_date=20230823T095036, start_date=20230823T100412, end_date=20230823T100413
[2023-08-23T10:04:13.262+0000] {local_task_job_runner.py:228} INFO - Task exited with return code 0
[2023-08-23T10:04:13.292+0000] {taskinstance.py:2784} INFO - 0 downstream tasks scheduled from follow-on schedule check
