[2023-08-23T10:04:46.971+0000] {taskinstance.py:1159} INFO - Dependencies all met for dep_context=non-requeueable deps ti=<TaskInstance: dag_with_postgres_operator_v03.insert_into_table manual__2023-08-23T10:04:40.281982+00:00 [queued]>
[2023-08-23T10:04:46.985+0000] {taskinstance.py:1159} INFO - Dependencies all met for dep_context=requeueable deps ti=<TaskInstance: dag_with_postgres_operator_v03.insert_into_table manual__2023-08-23T10:04:40.281982+00:00 [queued]>
[2023-08-23T10:04:46.986+0000] {taskinstance.py:1361} INFO - Starting attempt 1 of 6
[2023-08-23T10:04:47.005+0000] {taskinstance.py:1382} INFO - Executing <Task(PostgresOperator): insert_into_table> on 2023-08-23 10:04:40.281982+00:00
[2023-08-23T10:04:47.011+0000] {standard_task_runner.py:57} INFO - Started process 5566 to run task
[2023-08-23T10:04:47.015+0000] {standard_task_runner.py:84} INFO - Running: ['***', 'tasks', 'run', 'dag_with_postgres_operator_v03', 'insert_into_table', 'manual__2023-08-23T10:04:40.281982+00:00', '--job-id', '13423', '--raw', '--subdir', 'DAGS_FOLDER/dag_with_postgres_operator.py', '--cfg-path', '/tmp/tmp_6v5qh2i']
[2023-08-23T10:04:47.017+0000] {standard_task_runner.py:85} INFO - Job 13423: Subtask insert_into_table
[2023-08-23T10:04:47.086+0000] {task_command.py:415} INFO - Running <TaskInstance: dag_with_postgres_operator_v03.insert_into_table manual__2023-08-23T10:04:40.281982+00:00 [running]> on host b0ce6883e4a1
[2023-08-23T10:04:47.201+0000] {taskinstance.py:1660} INFO - Exporting env vars: AIRFLOW_CTX_DAG_OWNER='Techquier' AIRFLOW_CTX_DAG_ID='dag_with_postgres_operator_v03' AIRFLOW_CTX_TASK_ID='insert_into_table' AIRFLOW_CTX_EXECUTION_DATE='2023-08-23T10:04:40.281982+00:00' AIRFLOW_CTX_TRY_NUMBER='1' AIRFLOW_CTX_DAG_RUN_ID='manual__2023-08-23T10:04:40.281982+00:00'
[2023-08-23T10:04:47.203+0000] {sql.py:274} INFO - Executing: 
            insert into dag_runs (dt, dag_id) values ('2023-08-23', 'dag_with_postgres_operator_v03')
        
[2023-08-23T10:04:47.218+0000] {base.py:73} INFO - Using connection ID 'postgres_localhost' for task execution.
[2023-08-23T10:04:47.231+0000] {base.py:73} INFO - Using connection ID 'postgres_localhost' for task execution.
[2023-08-23T10:04:47.478+0000] {sql.py:418} INFO - Running statement: 
            insert into dag_runs (dt, dag_id) values ('2023-08-23', 'dag_with_postgres_operator_v03')
        , parameters: None
[2023-08-23T10:04:47.482+0000] {sql.py:427} INFO - Rows affected: 1
[2023-08-23T10:04:47.498+0000] {taskinstance.py:1400} INFO - Marking task as SUCCESS. dag_id=dag_with_postgres_operator_v03, task_id=insert_into_table, execution_date=20230823T100440, start_date=20230823T100446, end_date=20230823T100447
[2023-08-23T10:04:47.550+0000] {local_task_job_runner.py:228} INFO - Task exited with return code 0
[2023-08-23T10:04:47.581+0000] {taskinstance.py:2784} INFO - 0 downstream tasks scheduled from follow-on schedule check
