[2023-08-23T11:15:07.693+0000] {taskinstance.py:1149} INFO - Dependencies not met for <TaskInstance: dag_with_postgres_operator_v03.insert_into_table manual__2023-08-23T10:04:40.281982+00:00 [None]>, dependency 'Trigger Rule' FAILED: Task's trigger rule 'all_success' requires all upstream tasks to have succeeded, but found 1 non-success(es). upstream_states=_UpstreamTIStates(success=0, skipped=0, failed=0, upstream_failed=0, removed=0, done=0, success_setup=0, skipped_setup=0), upstream_task_ids={'delete_from_table'}
[2023-08-23T11:15:07.698+0000] {local_task_job_runner.py:154} INFO - Task is not able to be run
[2023-08-23T11:15:11.061+0000] {taskinstance.py:1159} INFO - Dependencies all met for dep_context=non-requeueable deps ti=<TaskInstance: dag_with_postgres_operator_v03.insert_into_table manual__2023-08-23T10:04:40.281982+00:00 [queued]>
[2023-08-23T11:15:11.075+0000] {taskinstance.py:1159} INFO - Dependencies all met for dep_context=requeueable deps ti=<TaskInstance: dag_with_postgres_operator_v03.insert_into_table manual__2023-08-23T10:04:40.281982+00:00 [queued]>
[2023-08-23T11:15:11.077+0000] {taskinstance.py:1361} INFO - Starting attempt 3 of 8
[2023-08-23T11:15:11.102+0000] {taskinstance.py:1382} INFO - Executing <Task(PostgresOperator): insert_into_table> on 2023-08-23 10:04:40.281982+00:00
[2023-08-23T11:15:11.111+0000] {standard_task_runner.py:57} INFO - Started process 5876 to run task
[2023-08-23T11:15:11.118+0000] {standard_task_runner.py:84} INFO - Running: ['***', 'tasks', 'run', 'dag_with_postgres_operator_v03', 'insert_into_table', 'manual__2023-08-23T10:04:40.281982+00:00', '--job-id', '13477', '--raw', '--subdir', 'DAGS_FOLDER/dag_with_postgres_operator.py', '--cfg-path', '/tmp/tmp2ndik41a']
[2023-08-23T11:15:11.121+0000] {standard_task_runner.py:85} INFO - Job 13477: Subtask insert_into_table
[2023-08-23T11:15:11.197+0000] {task_command.py:415} INFO - Running <TaskInstance: dag_with_postgres_operator_v03.insert_into_table manual__2023-08-23T10:04:40.281982+00:00 [running]> on host b0ce6883e4a1
[2023-08-23T11:15:11.317+0000] {taskinstance.py:1660} INFO - Exporting env vars: AIRFLOW_CTX_DAG_OWNER='Techquier' AIRFLOW_CTX_DAG_ID='dag_with_postgres_operator_v03' AIRFLOW_CTX_TASK_ID='insert_into_table' AIRFLOW_CTX_EXECUTION_DATE='2023-08-23T10:04:40.281982+00:00' AIRFLOW_CTX_TRY_NUMBER='3' AIRFLOW_CTX_DAG_RUN_ID='manual__2023-08-23T10:04:40.281982+00:00'
[2023-08-23T11:15:11.319+0000] {sql.py:274} INFO - Executing: 
            insert into dag_runs (dt, dag_id) values ('2023-08-23', 'dag_with_postgres_operator_v03')
        
[2023-08-23T11:15:11.334+0000] {base.py:73} INFO - Using connection ID 'postgres_localhost' for task execution.
[2023-08-23T11:15:11.351+0000] {base.py:73} INFO - Using connection ID 'postgres_localhost' for task execution.
[2023-08-23T11:15:11.686+0000] {sql.py:418} INFO - Running statement: 
            insert into dag_runs (dt, dag_id) values ('2023-08-23', 'dag_with_postgres_operator_v03')
        , parameters: None
[2023-08-23T11:15:11.694+0000] {sql.py:427} INFO - Rows affected: 1
[2023-08-23T11:15:11.717+0000] {taskinstance.py:1400} INFO - Marking task as SUCCESS. dag_id=dag_with_postgres_operator_v03, task_id=insert_into_table, execution_date=20230823T100440, start_date=20230823T111511, end_date=20230823T111511
[2023-08-23T11:15:11.775+0000] {local_task_job_runner.py:228} INFO - Task exited with return code 0
[2023-08-23T11:15:11.820+0000] {taskinstance.py:2784} INFO - 0 downstream tasks scheduled from follow-on schedule check
