[2023-08-23T11:14:51.920+0000] {taskinstance.py:1159} INFO - Dependencies all met for dep_context=non-requeueable deps ti=<TaskInstance: dag_with_postgres_operator_v03.insert_into_table manual__2023-08-23T10:04:40.281982+00:00 [queued]>
[2023-08-23T11:14:51.939+0000] {taskinstance.py:1159} INFO - Dependencies all met for dep_context=requeueable deps ti=<TaskInstance: dag_with_postgres_operator_v03.insert_into_table manual__2023-08-23T10:04:40.281982+00:00 [queued]>
[2023-08-23T11:14:51.941+0000] {taskinstance.py:1361} INFO - Starting attempt 2 of 7
[2023-08-23T11:14:51.965+0000] {taskinstance.py:1382} INFO - Executing <Task(PostgresOperator): insert_into_table> on 2023-08-23 10:04:40.281982+00:00
[2023-08-23T11:14:51.973+0000] {standard_task_runner.py:57} INFO - Started process 5859 to run task
[2023-08-23T11:14:51.979+0000] {standard_task_runner.py:84} INFO - Running: ['***', 'tasks', 'run', 'dag_with_postgres_operator_v03', 'insert_into_table', 'manual__2023-08-23T10:04:40.281982+00:00', '--job-id', '13472', '--raw', '--subdir', 'DAGS_FOLDER/dag_with_postgres_operator.py', '--cfg-path', '/tmp/tmp0dnng_b6']
[2023-08-23T11:14:51.982+0000] {standard_task_runner.py:85} INFO - Job 13472: Subtask insert_into_table
[2023-08-23T11:14:52.148+0000] {task_command.py:415} INFO - Running <TaskInstance: dag_with_postgres_operator_v03.insert_into_table manual__2023-08-23T10:04:40.281982+00:00 [running]> on host b0ce6883e4a1
[2023-08-23T11:14:52.270+0000] {taskinstance.py:1660} INFO - Exporting env vars: AIRFLOW_CTX_DAG_OWNER='Techquier' AIRFLOW_CTX_DAG_ID='dag_with_postgres_operator_v03' AIRFLOW_CTX_TASK_ID='insert_into_table' AIRFLOW_CTX_EXECUTION_DATE='2023-08-23T10:04:40.281982+00:00' AIRFLOW_CTX_TRY_NUMBER='2' AIRFLOW_CTX_DAG_RUN_ID='manual__2023-08-23T10:04:40.281982+00:00'
[2023-08-23T11:14:52.271+0000] {sql.py:274} INFO - Executing: 
            insert into dag_runs (dt, dag_id) values ('2023-08-23', 'dag_with_postgres_operator_v03')
        
[2023-08-23T11:14:52.284+0000] {base.py:73} INFO - Using connection ID 'postgres_localhost' for task execution.
[2023-08-23T11:14:52.296+0000] {base.py:73} INFO - Using connection ID 'postgres_localhost' for task execution.
[2023-08-23T11:14:52.516+0000] {sql.py:418} INFO - Running statement: 
            insert into dag_runs (dt, dag_id) values ('2023-08-23', 'dag_with_postgres_operator_v03')
        , parameters: None
[2023-08-23T11:14:52.521+0000] {taskinstance.py:1943} ERROR - Task failed with exception
Traceback (most recent call last):
  File "/home/airflow/.local/lib/python3.8/site-packages/airflow/providers/common/sql/operators/sql.py", line 280, in execute
    output = hook.run(
  File "/home/airflow/.local/lib/python3.8/site-packages/airflow/providers/common/sql/hooks/sql.py", line 392, in run
    self._run_command(cur, sql_statement, parameters)
  File "/home/airflow/.local/lib/python3.8/site-packages/airflow/providers/common/sql/hooks/sql.py", line 423, in _run_command
    cur.execute(sql_statement)
psycopg2.errors.UniqueViolation: duplicate key value violates unique constraint "dag_runs_pkey"
DETAIL:  Key (dt, dag_id)=(2023-08-23, dag_with_postgres_operator_v03) already exists.

[2023-08-23T11:14:52.533+0000] {taskinstance.py:1400} INFO - Marking task as UP_FOR_RETRY. dag_id=dag_with_postgres_operator_v03, task_id=insert_into_table, execution_date=20230823T100440, start_date=20230823T111451, end_date=20230823T111452
[2023-08-23T11:14:52.548+0000] {standard_task_runner.py:104} ERROR - Failed to execute job 13472 for task insert_into_table (duplicate key value violates unique constraint "dag_runs_pkey"
DETAIL:  Key (dt, dag_id)=(2023-08-23, dag_with_postgres_operator_v03) already exists.
; 5859)
[2023-08-23T11:14:52.594+0000] {local_task_job_runner.py:228} INFO - Task exited with return code 1
[2023-08-23T11:14:52.616+0000] {taskinstance.py:2784} INFO - 0 downstream tasks scheduled from follow-on schedule check
