[2023-08-23T10:04:42.432+0000] {taskinstance.py:1159} INFO - Dependencies all met for dep_context=non-requeueable deps ti=<TaskInstance: dag_with_postgres_operator_v03.create_postgres_table manual__2023-08-23T10:04:40.281982+00:00 [queued]>
[2023-08-23T10:04:42.450+0000] {taskinstance.py:1159} INFO - Dependencies all met for dep_context=requeueable deps ti=<TaskInstance: dag_with_postgres_operator_v03.create_postgres_table manual__2023-08-23T10:04:40.281982+00:00 [queued]>
[2023-08-23T10:04:42.452+0000] {taskinstance.py:1361} INFO - Starting attempt 1 of 6
[2023-08-23T10:04:42.479+0000] {taskinstance.py:1382} INFO - Executing <Task(PostgresOperator): create_postgres_table> on 2023-08-23 10:04:40.281982+00:00
[2023-08-23T10:04:42.486+0000] {standard_task_runner.py:57} INFO - Started process 5562 to run task
[2023-08-23T10:04:42.492+0000] {standard_task_runner.py:84} INFO - Running: ['***', 'tasks', 'run', 'dag_with_postgres_operator_v03', 'create_postgres_table', 'manual__2023-08-23T10:04:40.281982+00:00', '--job-id', '13421', '--raw', '--subdir', 'DAGS_FOLDER/dag_with_postgres_operator.py', '--cfg-path', '/tmp/tmp1n8z4hdg']
[2023-08-23T10:04:42.494+0000] {standard_task_runner.py:85} INFO - Job 13421: Subtask create_postgres_table
[2023-08-23T10:04:42.564+0000] {task_command.py:415} INFO - Running <TaskInstance: dag_with_postgres_operator_v03.create_postgres_table manual__2023-08-23T10:04:40.281982+00:00 [running]> on host b0ce6883e4a1
[2023-08-23T10:04:42.695+0000] {taskinstance.py:1660} INFO - Exporting env vars: AIRFLOW_CTX_DAG_OWNER='Techquier' AIRFLOW_CTX_DAG_ID='dag_with_postgres_operator_v03' AIRFLOW_CTX_TASK_ID='create_postgres_table' AIRFLOW_CTX_EXECUTION_DATE='2023-08-23T10:04:40.281982+00:00' AIRFLOW_CTX_TRY_NUMBER='1' AIRFLOW_CTX_DAG_RUN_ID='manual__2023-08-23T10:04:40.281982+00:00'
[2023-08-23T10:04:42.697+0000] {sql.py:274} INFO - Executing: 
            create table if not exists dag_runs (
                dt date,
                dag_id character varying,
                primary key (dt, dag_id)
            )
        
[2023-08-23T10:04:42.709+0000] {base.py:73} INFO - Using connection ID 'postgres_localhost' for task execution.
[2023-08-23T10:04:42.726+0000] {base.py:73} INFO - Using connection ID 'postgres_localhost' for task execution.
[2023-08-23T10:04:42.977+0000] {sql.py:418} INFO - Running statement: 
            create table if not exists dag_runs (
                dt date,
                dag_id character varying,
                primary key (dt, dag_id)
            )
        , parameters: None
[2023-08-23T10:04:42.999+0000] {taskinstance.py:1400} INFO - Marking task as SUCCESS. dag_id=dag_with_postgres_operator_v03, task_id=create_postgres_table, execution_date=20230823T100440, start_date=20230823T100442, end_date=20230823T100442
[2023-08-23T10:04:43.149+0000] {local_task_job_runner.py:228} INFO - Task exited with return code 0
[2023-08-23T10:04:43.192+0000] {taskinstance.py:2784} INFO - 1 downstream tasks scheduled from follow-on schedule check
