[2023-08-23T11:15:04.037+0000] {taskinstance.py:1159} INFO - Dependencies all met for dep_context=non-requeueable deps ti=<TaskInstance: dag_with_postgres_operator_v03.create_postgres_table manual__2023-08-23T10:04:40.281982+00:00 [queued]>
[2023-08-23T11:15:04.066+0000] {taskinstance.py:1159} INFO - Dependencies all met for dep_context=requeueable deps ti=<TaskInstance: dag_with_postgres_operator_v03.create_postgres_table manual__2023-08-23T10:04:40.281982+00:00 [queued]>
[2023-08-23T11:15:04.068+0000] {taskinstance.py:1361} INFO - Starting attempt 2 of 7
[2023-08-23T11:15:04.100+0000] {taskinstance.py:1382} INFO - Executing <Task(PostgresOperator): create_postgres_table> on 2023-08-23 10:04:40.281982+00:00
[2023-08-23T11:15:04.106+0000] {standard_task_runner.py:57} INFO - Started process 5861 to run task
[2023-08-23T11:15:04.112+0000] {standard_task_runner.py:84} INFO - Running: ['***', 'tasks', 'run', 'dag_with_postgres_operator_v03', 'create_postgres_table', 'manual__2023-08-23T10:04:40.281982+00:00', '--job-id', '13473', '--raw', '--subdir', 'DAGS_FOLDER/dag_with_postgres_operator.py', '--cfg-path', '/tmp/tmpuu4zy8lv']
[2023-08-23T11:15:04.118+0000] {standard_task_runner.py:85} INFO - Job 13473: Subtask create_postgres_table
[2023-08-23T11:15:04.190+0000] {task_command.py:415} INFO - Running <TaskInstance: dag_with_postgres_operator_v03.create_postgres_table manual__2023-08-23T10:04:40.281982+00:00 [running]> on host b0ce6883e4a1
[2023-08-23T11:15:04.307+0000] {taskinstance.py:1660} INFO - Exporting env vars: AIRFLOW_CTX_DAG_OWNER='Techquier' AIRFLOW_CTX_DAG_ID='dag_with_postgres_operator_v03' AIRFLOW_CTX_TASK_ID='create_postgres_table' AIRFLOW_CTX_EXECUTION_DATE='2023-08-23T10:04:40.281982+00:00' AIRFLOW_CTX_TRY_NUMBER='2' AIRFLOW_CTX_DAG_RUN_ID='manual__2023-08-23T10:04:40.281982+00:00'
[2023-08-23T11:15:04.310+0000] {sql.py:274} INFO - Executing: 
            create table if not exists dag_runs (
                dt date,
                dag_id character varying,
                primary key (dt, dag_id)
            )
        
[2023-08-23T11:15:04.322+0000] {base.py:73} INFO - Using connection ID 'postgres_localhost' for task execution.
[2023-08-23T11:15:04.334+0000] {base.py:73} INFO - Using connection ID 'postgres_localhost' for task execution.
[2023-08-23T11:15:04.550+0000] {sql.py:418} INFO - Running statement: 
            create table if not exists dag_runs (
                dt date,
                dag_id character varying,
                primary key (dt, dag_id)
            )
        , parameters: None
[2023-08-23T11:15:04.568+0000] {taskinstance.py:1400} INFO - Marking task as SUCCESS. dag_id=dag_with_postgres_operator_v03, task_id=create_postgres_table, execution_date=20230823T100440, start_date=20230823T111504, end_date=20230823T111504
[2023-08-23T11:15:04.607+0000] {local_task_job_runner.py:228} INFO - Task exited with return code 0
[2023-08-23T11:15:04.641+0000] {taskinstance.py:2784} INFO - 1 downstream tasks scheduled from follow-on schedule check
