[2023-08-21T08:53:08.553+0000] {processor.py:157} INFO - Started process (PID=2190) to work on /opt/airflow/dags/our_first_dag.py
[2023-08-21T08:53:08.555+0000] {processor.py:829} INFO - Processing file /opt/airflow/dags/our_first_dag.py for tasks to queue
[2023-08-21T08:53:08.556+0000] {logging_mixin.py:151} INFO - [2023-08-21T08:53:08.556+0000] {dagbag.py:539} INFO - Filling up the DagBag from /opt/airflow/dags/our_first_dag.py
[2023-08-21T08:53:08.665+0000] {logging_mixin.py:151} INFO - [2023-08-21T08:53:08.654+0000] {dagbag.py:347} ERROR - Failed to import: /opt/airflow/dags/our_first_dag.py
Traceback (most recent call last):
  File "/home/airflow/.local/lib/python3.8/site-packages/airflow/models/dagbag.py", line 343, in parse
    loader.exec_module(new_module)
  File "<frozen importlib._bootstrap_external>", line 843, in exec_module
  File "<frozen importlib._bootstrap>", line 219, in _call_with_frames_removed
  File "/opt/airflow/dags/our_first_dag.py", line 4, in <module>
    from airflow.operator.bash import BashOperator
ModuleNotFoundError: No module named 'airflow.operator'
[2023-08-21T08:53:08.669+0000] {processor.py:841} WARNING - No viable dags retrieved from /opt/airflow/dags/our_first_dag.py
[2023-08-21T08:53:08.700+0000] {processor.py:179} INFO - Processing /opt/airflow/dags/our_first_dag.py took 0.151 seconds
[2023-08-21T08:53:39.286+0000] {processor.py:157} INFO - Started process (PID=2243) to work on /opt/airflow/dags/our_first_dag.py
[2023-08-21T08:53:39.288+0000] {processor.py:829} INFO - Processing file /opt/airflow/dags/our_first_dag.py for tasks to queue
[2023-08-21T08:53:39.291+0000] {logging_mixin.py:151} INFO - [2023-08-21T08:53:39.290+0000] {dagbag.py:539} INFO - Filling up the DagBag from /opt/airflow/dags/our_first_dag.py
[2023-08-21T08:53:39.332+0000] {logging_mixin.py:151} INFO - [2023-08-21T08:53:39.324+0000] {dagbag.py:347} ERROR - Failed to import: /opt/airflow/dags/our_first_dag.py
Traceback (most recent call last):
  File "/home/airflow/.local/lib/python3.8/site-packages/airflow/models/dagbag.py", line 343, in parse
    loader.exec_module(new_module)
  File "<frozen importlib._bootstrap_external>", line 843, in exec_module
  File "<frozen importlib._bootstrap>", line 219, in _call_with_frames_removed
  File "/opt/airflow/dags/our_first_dag.py", line 4, in <module>
    from airflow.operator.bash import BashOperator
ModuleNotFoundError: No module named 'airflow.operator'
[2023-08-21T08:53:39.334+0000] {processor.py:841} WARNING - No viable dags retrieved from /opt/airflow/dags/our_first_dag.py
[2023-08-21T08:53:39.361+0000] {processor.py:179} INFO - Processing /opt/airflow/dags/our_first_dag.py took 0.084 seconds
[2023-08-21T08:54:09.444+0000] {processor.py:157} INFO - Started process (PID=2298) to work on /opt/airflow/dags/our_first_dag.py
[2023-08-21T08:54:09.446+0000] {processor.py:829} INFO - Processing file /opt/airflow/dags/our_first_dag.py for tasks to queue
[2023-08-21T08:54:09.448+0000] {logging_mixin.py:151} INFO - [2023-08-21T08:54:09.447+0000] {dagbag.py:539} INFO - Filling up the DagBag from /opt/airflow/dags/our_first_dag.py
[2023-08-21T08:54:09.488+0000] {logging_mixin.py:151} INFO - [2023-08-21T08:54:09.480+0000] {dagbag.py:347} ERROR - Failed to import: /opt/airflow/dags/our_first_dag.py
Traceback (most recent call last):
  File "/home/airflow/.local/lib/python3.8/site-packages/airflow/models/dagbag.py", line 343, in parse
    loader.exec_module(new_module)
  File "<frozen importlib._bootstrap_external>", line 843, in exec_module
  File "<frozen importlib._bootstrap>", line 219, in _call_with_frames_removed
  File "/opt/airflow/dags/our_first_dag.py", line 4, in <module>
    from airflow.operator.bash import BashOperator
ModuleNotFoundError: No module named 'airflow.operator'
[2023-08-21T08:54:09.492+0000] {processor.py:841} WARNING - No viable dags retrieved from /opt/airflow/dags/our_first_dag.py
[2023-08-21T08:54:09.521+0000] {processor.py:179} INFO - Processing /opt/airflow/dags/our_first_dag.py took 0.081 seconds
[2023-08-21T08:54:39.647+0000] {processor.py:157} INFO - Started process (PID=2345) to work on /opt/airflow/dags/our_first_dag.py
[2023-08-21T08:54:39.649+0000] {processor.py:829} INFO - Processing file /opt/airflow/dags/our_first_dag.py for tasks to queue
[2023-08-21T08:54:39.651+0000] {logging_mixin.py:151} INFO - [2023-08-21T08:54:39.651+0000] {dagbag.py:539} INFO - Filling up the DagBag from /opt/airflow/dags/our_first_dag.py
[2023-08-21T08:54:39.722+0000] {logging_mixin.py:151} INFO - [2023-08-21T08:54:39.710+0000] {dagbag.py:347} ERROR - Failed to import: /opt/airflow/dags/our_first_dag.py
Traceback (most recent call last):
  File "/home/airflow/.local/lib/python3.8/site-packages/airflow/models/dagbag.py", line 343, in parse
    loader.exec_module(new_module)
  File "<frozen importlib._bootstrap_external>", line 843, in exec_module
  File "<frozen importlib._bootstrap>", line 219, in _call_with_frames_removed
  File "/opt/airflow/dags/our_first_dag.py", line 4, in <module>
    from airflow.operator.bash import BashOperator
ModuleNotFoundError: No module named 'airflow.operator'
[2023-08-21T08:54:39.726+0000] {processor.py:841} WARNING - No viable dags retrieved from /opt/airflow/dags/our_first_dag.py
[2023-08-21T08:54:39.767+0000] {processor.py:179} INFO - Processing /opt/airflow/dags/our_first_dag.py took 0.126 seconds
[2023-08-21T08:55:10.245+0000] {processor.py:157} INFO - Started process (PID=2400) to work on /opt/airflow/dags/our_first_dag.py
[2023-08-21T08:55:10.248+0000] {processor.py:829} INFO - Processing file /opt/airflow/dags/our_first_dag.py for tasks to queue
[2023-08-21T08:55:10.252+0000] {logging_mixin.py:151} INFO - [2023-08-21T08:55:10.250+0000] {dagbag.py:539} INFO - Filling up the DagBag from /opt/airflow/dags/our_first_dag.py
[2023-08-21T08:55:10.310+0000] {logging_mixin.py:151} INFO - [2023-08-21T08:55:10.298+0000] {dagbag.py:347} ERROR - Failed to import: /opt/airflow/dags/our_first_dag.py
Traceback (most recent call last):
  File "/home/airflow/.local/lib/python3.8/site-packages/airflow/models/dagbag.py", line 343, in parse
    loader.exec_module(new_module)
  File "<frozen importlib._bootstrap_external>", line 843, in exec_module
  File "<frozen importlib._bootstrap>", line 219, in _call_with_frames_removed
  File "/opt/airflow/dags/our_first_dag.py", line 4, in <module>
    from airflow.operator.bash import BashOperator
ModuleNotFoundError: No module named 'airflow.operator'
[2023-08-21T08:55:10.315+0000] {processor.py:841} WARNING - No viable dags retrieved from /opt/airflow/dags/our_first_dag.py
[2023-08-21T08:55:10.344+0000] {processor.py:179} INFO - Processing /opt/airflow/dags/our_first_dag.py took 0.104 seconds
[2023-08-21T08:55:40.609+0000] {processor.py:157} INFO - Started process (PID=2449) to work on /opt/airflow/dags/our_first_dag.py
[2023-08-21T08:55:40.611+0000] {processor.py:829} INFO - Processing file /opt/airflow/dags/our_first_dag.py for tasks to queue
[2023-08-21T08:55:40.614+0000] {logging_mixin.py:151} INFO - [2023-08-21T08:55:40.613+0000] {dagbag.py:539} INFO - Filling up the DagBag from /opt/airflow/dags/our_first_dag.py
[2023-08-21T08:55:40.683+0000] {logging_mixin.py:151} INFO - [2023-08-21T08:55:40.666+0000] {dagbag.py:347} ERROR - Failed to import: /opt/airflow/dags/our_first_dag.py
Traceback (most recent call last):
  File "/home/airflow/.local/lib/python3.8/site-packages/airflow/models/dagbag.py", line 343, in parse
    loader.exec_module(new_module)
  File "<frozen importlib._bootstrap_external>", line 843, in exec_module
  File "<frozen importlib._bootstrap>", line 219, in _call_with_frames_removed
  File "/opt/airflow/dags/our_first_dag.py", line 4, in <module>
    from airflow.operator.bash import BashOperator
ModuleNotFoundError: No module named 'airflow.operator'
[2023-08-21T08:55:40.688+0000] {processor.py:841} WARNING - No viable dags retrieved from /opt/airflow/dags/our_first_dag.py
[2023-08-21T08:55:40.726+0000] {processor.py:179} INFO - Processing /opt/airflow/dags/our_first_dag.py took 0.123 seconds
[2023-08-21T08:56:11.572+0000] {processor.py:157} INFO - Started process (PID=2504) to work on /opt/airflow/dags/our_first_dag.py
[2023-08-21T08:56:11.574+0000] {processor.py:829} INFO - Processing file /opt/airflow/dags/our_first_dag.py for tasks to queue
[2023-08-21T08:56:11.576+0000] {logging_mixin.py:151} INFO - [2023-08-21T08:56:11.575+0000] {dagbag.py:539} INFO - Filling up the DagBag from /opt/airflow/dags/our_first_dag.py
[2023-08-21T08:56:11.637+0000] {logging_mixin.py:151} INFO - [2023-08-21T08:56:11.622+0000] {dagbag.py:347} ERROR - Failed to import: /opt/airflow/dags/our_first_dag.py
Traceback (most recent call last):
  File "/home/airflow/.local/lib/python3.8/site-packages/airflow/models/dagbag.py", line 343, in parse
    loader.exec_module(new_module)
  File "<frozen importlib._bootstrap_external>", line 843, in exec_module
  File "<frozen importlib._bootstrap>", line 219, in _call_with_frames_removed
  File "/opt/airflow/dags/our_first_dag.py", line 4, in <module>
    from airflow.operator.bash import BashOperator
ModuleNotFoundError: No module named 'airflow.operator'
[2023-08-21T08:56:11.642+0000] {processor.py:841} WARNING - No viable dags retrieved from /opt/airflow/dags/our_first_dag.py
[2023-08-21T08:56:11.675+0000] {processor.py:179} INFO - Processing /opt/airflow/dags/our_first_dag.py took 0.109 seconds
[2023-08-21T08:56:41.820+0000] {processor.py:157} INFO - Started process (PID=2554) to work on /opt/airflow/dags/our_first_dag.py
[2023-08-21T08:56:41.823+0000] {processor.py:829} INFO - Processing file /opt/airflow/dags/our_first_dag.py for tasks to queue
[2023-08-21T08:56:41.825+0000] {logging_mixin.py:151} INFO - [2023-08-21T08:56:41.824+0000] {dagbag.py:539} INFO - Filling up the DagBag from /opt/airflow/dags/our_first_dag.py
[2023-08-21T08:56:41.889+0000] {logging_mixin.py:151} INFO - [2023-08-21T08:56:41.879+0000] {dagbag.py:347} ERROR - Failed to import: /opt/airflow/dags/our_first_dag.py
Traceback (most recent call last):
  File "/home/airflow/.local/lib/python3.8/site-packages/airflow/models/dagbag.py", line 343, in parse
    loader.exec_module(new_module)
  File "<frozen importlib._bootstrap_external>", line 843, in exec_module
  File "<frozen importlib._bootstrap>", line 219, in _call_with_frames_removed
  File "/opt/airflow/dags/our_first_dag.py", line 4, in <module>
    from airflow.operator.bash import BashOperator
ModuleNotFoundError: No module named 'airflow.operator'
[2023-08-21T08:56:41.892+0000] {processor.py:841} WARNING - No viable dags retrieved from /opt/airflow/dags/our_first_dag.py
[2023-08-21T08:56:41.925+0000] {processor.py:179} INFO - Processing /opt/airflow/dags/our_first_dag.py took 0.110 seconds
[2023-08-21T08:57:12.079+0000] {processor.py:157} INFO - Started process (PID=2608) to work on /opt/airflow/dags/our_first_dag.py
[2023-08-21T08:57:12.081+0000] {processor.py:829} INFO - Processing file /opt/airflow/dags/our_first_dag.py for tasks to queue
[2023-08-21T08:57:12.083+0000] {logging_mixin.py:151} INFO - [2023-08-21T08:57:12.082+0000] {dagbag.py:539} INFO - Filling up the DagBag from /opt/airflow/dags/our_first_dag.py
[2023-08-21T08:57:12.142+0000] {logging_mixin.py:151} INFO - [2023-08-21T08:57:12.129+0000] {dagbag.py:347} ERROR - Failed to import: /opt/airflow/dags/our_first_dag.py
Traceback (most recent call last):
  File "/home/airflow/.local/lib/python3.8/site-packages/airflow/models/dagbag.py", line 343, in parse
    loader.exec_module(new_module)
  File "<frozen importlib._bootstrap_external>", line 843, in exec_module
  File "<frozen importlib._bootstrap>", line 219, in _call_with_frames_removed
  File "/opt/airflow/dags/our_first_dag.py", line 4, in <module>
    from airflow.operator.bash import BashOperator
ModuleNotFoundError: No module named 'airflow.operator'
[2023-08-21T08:57:12.147+0000] {processor.py:841} WARNING - No viable dags retrieved from /opt/airflow/dags/our_first_dag.py
[2023-08-21T08:57:12.185+0000] {processor.py:179} INFO - Processing /opt/airflow/dags/our_first_dag.py took 0.110 seconds
[2023-08-21T08:57:42.682+0000] {processor.py:157} INFO - Started process (PID=2661) to work on /opt/airflow/dags/our_first_dag.py
[2023-08-21T08:57:42.684+0000] {processor.py:829} INFO - Processing file /opt/airflow/dags/our_first_dag.py for tasks to queue
[2023-08-21T08:57:42.686+0000] {logging_mixin.py:151} INFO - [2023-08-21T08:57:42.686+0000] {dagbag.py:539} INFO - Filling up the DagBag from /opt/airflow/dags/our_first_dag.py
[2023-08-21T08:57:42.734+0000] {logging_mixin.py:151} INFO - [2023-08-21T08:57:42.723+0000] {dagbag.py:347} ERROR - Failed to import: /opt/airflow/dags/our_first_dag.py
Traceback (most recent call last):
  File "/home/airflow/.local/lib/python3.8/site-packages/airflow/models/dagbag.py", line 343, in parse
    loader.exec_module(new_module)
  File "<frozen importlib._bootstrap_external>", line 843, in exec_module
  File "<frozen importlib._bootstrap>", line 219, in _call_with_frames_removed
  File "/opt/airflow/dags/our_first_dag.py", line 4, in <module>
    from airflow.operator.bash import BashOperator
ModuleNotFoundError: No module named 'airflow.operator'
[2023-08-21T08:57:42.737+0000] {processor.py:841} WARNING - No viable dags retrieved from /opt/airflow/dags/our_first_dag.py
[2023-08-21T08:57:42.765+0000] {processor.py:179} INFO - Processing /opt/airflow/dags/our_first_dag.py took 0.088 seconds
[2023-08-21T08:58:13.379+0000] {processor.py:157} INFO - Started process (PID=2715) to work on /opt/airflow/dags/our_first_dag.py
[2023-08-21T08:58:13.381+0000] {processor.py:829} INFO - Processing file /opt/airflow/dags/our_first_dag.py for tasks to queue
[2023-08-21T08:58:13.382+0000] {logging_mixin.py:151} INFO - [2023-08-21T08:58:13.382+0000] {dagbag.py:539} INFO - Filling up the DagBag from /opt/airflow/dags/our_first_dag.py
[2023-08-21T08:58:13.429+0000] {logging_mixin.py:151} INFO - [2023-08-21T08:58:13.420+0000] {dagbag.py:347} ERROR - Failed to import: /opt/airflow/dags/our_first_dag.py
Traceback (most recent call last):
  File "/home/airflow/.local/lib/python3.8/site-packages/airflow/models/dagbag.py", line 343, in parse
    loader.exec_module(new_module)
  File "<frozen importlib._bootstrap_external>", line 843, in exec_module
  File "<frozen importlib._bootstrap>", line 219, in _call_with_frames_removed
  File "/opt/airflow/dags/our_first_dag.py", line 4, in <module>
    from airflow.operator.bash import BashOperator
ModuleNotFoundError: No module named 'airflow.operator'
[2023-08-21T08:58:13.432+0000] {processor.py:841} WARNING - No viable dags retrieved from /opt/airflow/dags/our_first_dag.py
[2023-08-21T08:58:13.464+0000] {processor.py:179} INFO - Processing /opt/airflow/dags/our_first_dag.py took 0.089 seconds
[2023-08-21T08:58:43.532+0000] {processor.py:157} INFO - Started process (PID=2768) to work on /opt/airflow/dags/our_first_dag.py
[2023-08-21T08:58:43.534+0000] {processor.py:829} INFO - Processing file /opt/airflow/dags/our_first_dag.py for tasks to queue
[2023-08-21T08:58:43.536+0000] {logging_mixin.py:151} INFO - [2023-08-21T08:58:43.536+0000] {dagbag.py:539} INFO - Filling up the DagBag from /opt/airflow/dags/our_first_dag.py
[2023-08-21T08:58:43.598+0000] {logging_mixin.py:151} INFO - [2023-08-21T08:58:43.588+0000] {dagbag.py:347} ERROR - Failed to import: /opt/airflow/dags/our_first_dag.py
Traceback (most recent call last):
  File "/home/airflow/.local/lib/python3.8/site-packages/airflow/models/dagbag.py", line 343, in parse
    loader.exec_module(new_module)
  File "<frozen importlib._bootstrap_external>", line 843, in exec_module
  File "<frozen importlib._bootstrap>", line 219, in _call_with_frames_removed
  File "/opt/airflow/dags/our_first_dag.py", line 4, in <module>
    from airflow.operator.bash import BashOperator
ModuleNotFoundError: No module named 'airflow.operator'
[2023-08-21T08:58:43.602+0000] {processor.py:841} WARNING - No viable dags retrieved from /opt/airflow/dags/our_first_dag.py
[2023-08-21T08:58:43.626+0000] {processor.py:179} INFO - Processing /opt/airflow/dags/our_first_dag.py took 0.099 seconds
[2023-08-21T08:59:13.920+0000] {processor.py:157} INFO - Started process (PID=2823) to work on /opt/airflow/dags/our_first_dag.py
[2023-08-21T08:59:13.923+0000] {processor.py:829} INFO - Processing file /opt/airflow/dags/our_first_dag.py for tasks to queue
[2023-08-21T08:59:13.925+0000] {logging_mixin.py:151} INFO - [2023-08-21T08:59:13.925+0000] {dagbag.py:539} INFO - Filling up the DagBag from /opt/airflow/dags/our_first_dag.py
[2023-08-21T08:59:13.977+0000] {logging_mixin.py:151} INFO - [2023-08-21T08:59:13.966+0000] {dagbag.py:347} ERROR - Failed to import: /opt/airflow/dags/our_first_dag.py
Traceback (most recent call last):
  File "/home/airflow/.local/lib/python3.8/site-packages/airflow/models/dagbag.py", line 343, in parse
    loader.exec_module(new_module)
  File "<frozen importlib._bootstrap_external>", line 843, in exec_module
  File "<frozen importlib._bootstrap>", line 219, in _call_with_frames_removed
  File "/opt/airflow/dags/our_first_dag.py", line 4, in <module>
    from airflow.operator.bash import BashOperator
ModuleNotFoundError: No module named 'airflow.operator'
[2023-08-21T08:59:13.981+0000] {processor.py:841} WARNING - No viable dags retrieved from /opt/airflow/dags/our_first_dag.py
[2023-08-21T08:59:14.008+0000] {processor.py:179} INFO - Processing /opt/airflow/dags/our_first_dag.py took 0.093 seconds
[2023-08-21T08:59:44.482+0000] {processor.py:157} INFO - Started process (PID=2878) to work on /opt/airflow/dags/our_first_dag.py
[2023-08-21T08:59:44.483+0000] {processor.py:829} INFO - Processing file /opt/airflow/dags/our_first_dag.py for tasks to queue
[2023-08-21T08:59:44.485+0000] {logging_mixin.py:151} INFO - [2023-08-21T08:59:44.485+0000] {dagbag.py:539} INFO - Filling up the DagBag from /opt/airflow/dags/our_first_dag.py
[2023-08-21T08:59:44.526+0000] {logging_mixin.py:151} INFO - [2023-08-21T08:59:44.518+0000] {dagbag.py:347} ERROR - Failed to import: /opt/airflow/dags/our_first_dag.py
Traceback (most recent call last):
  File "/home/airflow/.local/lib/python3.8/site-packages/airflow/models/dagbag.py", line 343, in parse
    loader.exec_module(new_module)
  File "<frozen importlib._bootstrap_external>", line 843, in exec_module
  File "<frozen importlib._bootstrap>", line 219, in _call_with_frames_removed
  File "/opt/airflow/dags/our_first_dag.py", line 4, in <module>
    from airflow.operator.bash import BashOperator
ModuleNotFoundError: No module named 'airflow.operator'
[2023-08-21T08:59:44.530+0000] {processor.py:841} WARNING - No viable dags retrieved from /opt/airflow/dags/our_first_dag.py
[2023-08-21T08:59:44.556+0000] {processor.py:179} INFO - Processing /opt/airflow/dags/our_first_dag.py took 0.079 seconds
[2023-08-21T09:00:14.649+0000] {processor.py:157} INFO - Started process (PID=2928) to work on /opt/airflow/dags/our_first_dag.py
[2023-08-21T09:00:14.651+0000] {processor.py:829} INFO - Processing file /opt/airflow/dags/our_first_dag.py for tasks to queue
[2023-08-21T09:00:14.653+0000] {logging_mixin.py:151} INFO - [2023-08-21T09:00:14.652+0000] {dagbag.py:539} INFO - Filling up the DagBag from /opt/airflow/dags/our_first_dag.py
[2023-08-21T09:00:14.706+0000] {logging_mixin.py:151} INFO - [2023-08-21T09:00:14.696+0000] {dagbag.py:347} ERROR - Failed to import: /opt/airflow/dags/our_first_dag.py
Traceback (most recent call last):
  File "/home/airflow/.local/lib/python3.8/site-packages/airflow/models/dagbag.py", line 343, in parse
    loader.exec_module(new_module)
  File "<frozen importlib._bootstrap_external>", line 843, in exec_module
  File "<frozen importlib._bootstrap>", line 219, in _call_with_frames_removed
  File "/opt/airflow/dags/our_first_dag.py", line 4, in <module>
    from airflow.operator.bash import BashOperator
ModuleNotFoundError: No module named 'airflow.operator'
[2023-08-21T09:00:14.709+0000] {processor.py:841} WARNING - No viable dags retrieved from /opt/airflow/dags/our_first_dag.py
[2023-08-21T09:00:14.742+0000] {processor.py:179} INFO - Processing /opt/airflow/dags/our_first_dag.py took 0.098 seconds
[2023-08-21T09:00:44.914+0000] {processor.py:157} INFO - Started process (PID=2983) to work on /opt/airflow/dags/our_first_dag.py
[2023-08-21T09:00:44.917+0000] {processor.py:829} INFO - Processing file /opt/airflow/dags/our_first_dag.py for tasks to queue
[2023-08-21T09:00:44.919+0000] {logging_mixin.py:151} INFO - [2023-08-21T09:00:44.918+0000] {dagbag.py:539} INFO - Filling up the DagBag from /opt/airflow/dags/our_first_dag.py
[2023-08-21T09:00:44.968+0000] {logging_mixin.py:151} INFO - [2023-08-21T09:00:44.958+0000] {dagbag.py:347} ERROR - Failed to import: /opt/airflow/dags/our_first_dag.py
Traceback (most recent call last):
  File "/home/airflow/.local/lib/python3.8/site-packages/airflow/models/dagbag.py", line 343, in parse
    loader.exec_module(new_module)
  File "<frozen importlib._bootstrap_external>", line 843, in exec_module
  File "<frozen importlib._bootstrap>", line 219, in _call_with_frames_removed
  File "/opt/airflow/dags/our_first_dag.py", line 4, in <module>
    from airflow.operator.bash import BashOperator
ModuleNotFoundError: No module named 'airflow.operator'
[2023-08-21T09:00:44.972+0000] {processor.py:841} WARNING - No viable dags retrieved from /opt/airflow/dags/our_first_dag.py
[2023-08-21T09:00:45.004+0000] {processor.py:179} INFO - Processing /opt/airflow/dags/our_first_dag.py took 0.096 seconds
[2023-08-21T09:01:15.672+0000] {processor.py:157} INFO - Started process (PID=3038) to work on /opt/airflow/dags/our_first_dag.py
[2023-08-21T09:01:15.675+0000] {processor.py:829} INFO - Processing file /opt/airflow/dags/our_first_dag.py for tasks to queue
[2023-08-21T09:01:15.677+0000] {logging_mixin.py:151} INFO - [2023-08-21T09:01:15.676+0000] {dagbag.py:539} INFO - Filling up the DagBag from /opt/airflow/dags/our_first_dag.py
[2023-08-21T09:01:15.732+0000] {logging_mixin.py:151} INFO - [2023-08-21T09:01:15.716+0000] {dagbag.py:347} ERROR - Failed to import: /opt/airflow/dags/our_first_dag.py
Traceback (most recent call last):
  File "/home/airflow/.local/lib/python3.8/site-packages/airflow/models/dagbag.py", line 343, in parse
    loader.exec_module(new_module)
  File "<frozen importlib._bootstrap_external>", line 843, in exec_module
  File "<frozen importlib._bootstrap>", line 219, in _call_with_frames_removed
  File "/opt/airflow/dags/our_first_dag.py", line 4, in <module>
    from airflow.operator.bash import BashOperator
ModuleNotFoundError: No module named 'airflow.operator'
[2023-08-21T09:01:15.741+0000] {processor.py:841} WARNING - No viable dags retrieved from /opt/airflow/dags/our_first_dag.py
[2023-08-21T09:01:15.769+0000] {processor.py:179} INFO - Processing /opt/airflow/dags/our_first_dag.py took 0.103 seconds
[2023-08-21T09:01:46.429+0000] {processor.py:157} INFO - Started process (PID=3093) to work on /opt/airflow/dags/our_first_dag.py
[2023-08-21T09:01:46.432+0000] {processor.py:829} INFO - Processing file /opt/airflow/dags/our_first_dag.py for tasks to queue
[2023-08-21T09:01:46.435+0000] {logging_mixin.py:151} INFO - [2023-08-21T09:01:46.434+0000] {dagbag.py:539} INFO - Filling up the DagBag from /opt/airflow/dags/our_first_dag.py
[2023-08-21T09:01:46.498+0000] {logging_mixin.py:151} INFO - [2023-08-21T09:01:46.488+0000] {dagbag.py:347} ERROR - Failed to import: /opt/airflow/dags/our_first_dag.py
Traceback (most recent call last):
  File "/home/airflow/.local/lib/python3.8/site-packages/airflow/models/dagbag.py", line 343, in parse
    loader.exec_module(new_module)
  File "<frozen importlib._bootstrap_external>", line 843, in exec_module
  File "<frozen importlib._bootstrap>", line 219, in _call_with_frames_removed
  File "/opt/airflow/dags/our_first_dag.py", line 4, in <module>
    from airflow.operator.bash import BashOperator
ModuleNotFoundError: No module named 'airflow.operator'
[2023-08-21T09:01:46.502+0000] {processor.py:841} WARNING - No viable dags retrieved from /opt/airflow/dags/our_first_dag.py
[2023-08-21T09:01:46.543+0000] {processor.py:179} INFO - Processing /opt/airflow/dags/our_first_dag.py took 0.121 seconds
[2023-08-21T09:13:50.718+0000] {processor.py:157} INFO - Started process (PID=43) to work on /opt/airflow/dags/our_first_dag.py
[2023-08-21T09:13:50.720+0000] {processor.py:829} INFO - Processing file /opt/airflow/dags/our_first_dag.py for tasks to queue
[2023-08-21T09:13:50.723+0000] {logging_mixin.py:151} INFO - [2023-08-21T09:13:50.723+0000] {dagbag.py:539} INFO - Filling up the DagBag from /opt/airflow/dags/our_first_dag.py
[2023-08-21T09:13:50.827+0000] {logging_mixin.py:151} INFO - [2023-08-21T09:13:50.759+0000] {dagbag.py:347} ERROR - Failed to import: /opt/airflow/dags/our_first_dag.py
Traceback (most recent call last):
  File "/home/airflow/.local/lib/python3.8/site-packages/airflow/models/dagbag.py", line 343, in parse
    loader.exec_module(new_module)
  File "<frozen importlib._bootstrap_external>", line 843, in exec_module
  File "<frozen importlib._bootstrap>", line 219, in _call_with_frames_removed
  File "/opt/airflow/dags/our_first_dag.py", line 4, in <module>
    from airflow.operator.bash import BashOperator
ModuleNotFoundError: No module named 'airflow.operator'
[2023-08-21T09:13:50.842+0000] {processor.py:841} WARNING - No viable dags retrieved from /opt/airflow/dags/our_first_dag.py
[2023-08-21T09:13:50.910+0000] {processor.py:179} INFO - Processing /opt/airflow/dags/our_first_dag.py took 0.196 seconds
[2023-08-21T09:14:21.033+0000] {processor.py:157} INFO - Started process (PID=51) to work on /opt/airflow/dags/our_first_dag.py
[2023-08-21T09:14:21.035+0000] {processor.py:829} INFO - Processing file /opt/airflow/dags/our_first_dag.py for tasks to queue
[2023-08-21T09:14:21.041+0000] {logging_mixin.py:151} INFO - [2023-08-21T09:14:21.040+0000] {dagbag.py:539} INFO - Filling up the DagBag from /opt/airflow/dags/our_first_dag.py
[2023-08-21T09:14:21.086+0000] {logging_mixin.py:151} INFO - [2023-08-21T09:14:21.077+0000] {dagbag.py:347} ERROR - Failed to import: /opt/airflow/dags/our_first_dag.py
Traceback (most recent call last):
  File "/home/airflow/.local/lib/python3.8/site-packages/airflow/models/dagbag.py", line 343, in parse
    loader.exec_module(new_module)
  File "<frozen importlib._bootstrap_external>", line 843, in exec_module
  File "<frozen importlib._bootstrap>", line 219, in _call_with_frames_removed
  File "/opt/airflow/dags/our_first_dag.py", line 4, in <module>
    from airflow.operator.bash import BashOperator
ModuleNotFoundError: No module named 'airflow.operator'
[2023-08-21T09:14:21.090+0000] {processor.py:841} WARNING - No viable dags retrieved from /opt/airflow/dags/our_first_dag.py
[2023-08-21T09:14:21.125+0000] {processor.py:179} INFO - Processing /opt/airflow/dags/our_first_dag.py took 0.098 seconds
[2023-08-21T09:14:51.389+0000] {processor.py:157} INFO - Started process (PID=59) to work on /opt/airflow/dags/our_first_dag.py
[2023-08-21T09:14:51.391+0000] {processor.py:829} INFO - Processing file /opt/airflow/dags/our_first_dag.py for tasks to queue
[2023-08-21T09:14:51.395+0000] {logging_mixin.py:151} INFO - [2023-08-21T09:14:51.395+0000] {dagbag.py:539} INFO - Filling up the DagBag from /opt/airflow/dags/our_first_dag.py
[2023-08-21T09:14:51.448+0000] {logging_mixin.py:151} INFO - [2023-08-21T09:14:51.435+0000] {dagbag.py:347} ERROR - Failed to import: /opt/airflow/dags/our_first_dag.py
Traceback (most recent call last):
  File "/home/airflow/.local/lib/python3.8/site-packages/airflow/models/dagbag.py", line 343, in parse
    loader.exec_module(new_module)
  File "<frozen importlib._bootstrap_external>", line 843, in exec_module
  File "<frozen importlib._bootstrap>", line 219, in _call_with_frames_removed
  File "/opt/airflow/dags/our_first_dag.py", line 4, in <module>
    from airflow.operator.bash import BashOperator
ModuleNotFoundError: No module named 'airflow.operator'
[2023-08-21T09:14:51.453+0000] {processor.py:841} WARNING - No viable dags retrieved from /opt/airflow/dags/our_first_dag.py
[2023-08-21T09:14:51.495+0000] {processor.py:179} INFO - Processing /opt/airflow/dags/our_first_dag.py took 0.110 seconds
[2023-08-21T09:15:21.893+0000] {processor.py:157} INFO - Started process (PID=67) to work on /opt/airflow/dags/our_first_dag.py
[2023-08-21T09:15:21.895+0000] {processor.py:829} INFO - Processing file /opt/airflow/dags/our_first_dag.py for tasks to queue
[2023-08-21T09:15:21.898+0000] {logging_mixin.py:151} INFO - [2023-08-21T09:15:21.898+0000] {dagbag.py:539} INFO - Filling up the DagBag from /opt/airflow/dags/our_first_dag.py
[2023-08-21T09:15:21.953+0000] {logging_mixin.py:151} INFO - [2023-08-21T09:15:21.940+0000] {dagbag.py:347} ERROR - Failed to import: /opt/airflow/dags/our_first_dag.py
Traceback (most recent call last):
  File "/home/airflow/.local/lib/python3.8/site-packages/airflow/models/dagbag.py", line 343, in parse
    loader.exec_module(new_module)
  File "<frozen importlib._bootstrap_external>", line 843, in exec_module
  File "<frozen importlib._bootstrap>", line 219, in _call_with_frames_removed
  File "/opt/airflow/dags/our_first_dag.py", line 4, in <module>
    from airflow.operator.bash import BashOperator
ModuleNotFoundError: No module named 'airflow.operator'
[2023-08-21T09:15:21.956+0000] {processor.py:841} WARNING - No viable dags retrieved from /opt/airflow/dags/our_first_dag.py
[2023-08-21T09:15:21.991+0000] {processor.py:179} INFO - Processing /opt/airflow/dags/our_first_dag.py took 0.101 seconds
[2023-08-21T09:15:52.337+0000] {processor.py:157} INFO - Started process (PID=75) to work on /opt/airflow/dags/our_first_dag.py
[2023-08-21T09:15:52.338+0000] {processor.py:829} INFO - Processing file /opt/airflow/dags/our_first_dag.py for tasks to queue
[2023-08-21T09:15:52.347+0000] {logging_mixin.py:151} INFO - [2023-08-21T09:15:52.345+0000] {dagbag.py:539} INFO - Filling up the DagBag from /opt/airflow/dags/our_first_dag.py
[2023-08-21T09:15:52.435+0000] {logging_mixin.py:151} INFO - [2023-08-21T09:15:52.425+0000] {dagbag.py:347} ERROR - Failed to import: /opt/airflow/dags/our_first_dag.py
Traceback (most recent call last):
  File "/home/airflow/.local/lib/python3.8/site-packages/airflow/models/dagbag.py", line 343, in parse
    loader.exec_module(new_module)
  File "<frozen importlib._bootstrap_external>", line 843, in exec_module
  File "<frozen importlib._bootstrap>", line 219, in _call_with_frames_removed
  File "/opt/airflow/dags/our_first_dag.py", line 4, in <module>
    from airflow.operator.bash import BashOperator
ModuleNotFoundError: No module named 'airflow.operator'
[2023-08-21T09:15:52.438+0000] {processor.py:841} WARNING - No viable dags retrieved from /opt/airflow/dags/our_first_dag.py
[2023-08-21T09:15:52.466+0000] {processor.py:179} INFO - Processing /opt/airflow/dags/our_first_dag.py took 0.133 seconds
[2023-08-21T09:16:22.698+0000] {processor.py:157} INFO - Started process (PID=83) to work on /opt/airflow/dags/our_first_dag.py
[2023-08-21T09:16:22.700+0000] {processor.py:829} INFO - Processing file /opt/airflow/dags/our_first_dag.py for tasks to queue
[2023-08-21T09:16:22.922+0000] {logging_mixin.py:151} INFO - [2023-08-21T09:16:22.921+0000] {dagbag.py:539} INFO - Filling up the DagBag from /opt/airflow/dags/our_first_dag.py
[2023-08-21T09:16:22.979+0000] {logging_mixin.py:151} INFO - [2023-08-21T09:16:22.967+0000] {dagbag.py:347} ERROR - Failed to import: /opt/airflow/dags/our_first_dag.py
Traceback (most recent call last):
  File "/home/airflow/.local/lib/python3.8/site-packages/airflow/models/dagbag.py", line 343, in parse
    loader.exec_module(new_module)
  File "<frozen importlib._bootstrap_external>", line 843, in exec_module
  File "<frozen importlib._bootstrap>", line 219, in _call_with_frames_removed
  File "/opt/airflow/dags/our_first_dag.py", line 4, in <module>
    from airflow.operator.bash import BashOperator
ModuleNotFoundError: No module named 'airflow.operator'
[2023-08-21T09:16:22.984+0000] {processor.py:841} WARNING - No viable dags retrieved from /opt/airflow/dags/our_first_dag.py
[2023-08-21T09:16:23.015+0000] {processor.py:179} INFO - Processing /opt/airflow/dags/our_first_dag.py took 0.322 seconds
[2023-08-21T09:16:53.432+0000] {processor.py:157} INFO - Started process (PID=91) to work on /opt/airflow/dags/our_first_dag.py
[2023-08-21T09:16:53.433+0000] {processor.py:829} INFO - Processing file /opt/airflow/dags/our_first_dag.py for tasks to queue
[2023-08-21T09:16:53.438+0000] {logging_mixin.py:151} INFO - [2023-08-21T09:16:53.437+0000] {dagbag.py:539} INFO - Filling up the DagBag from /opt/airflow/dags/our_first_dag.py
[2023-08-21T09:16:53.496+0000] {logging_mixin.py:151} INFO - [2023-08-21T09:16:53.482+0000] {dagbag.py:347} ERROR - Failed to import: /opt/airflow/dags/our_first_dag.py
Traceback (most recent call last):
  File "/home/airflow/.local/lib/python3.8/site-packages/airflow/models/dagbag.py", line 343, in parse
    loader.exec_module(new_module)
  File "<frozen importlib._bootstrap_external>", line 843, in exec_module
  File "<frozen importlib._bootstrap>", line 219, in _call_with_frames_removed
  File "/opt/airflow/dags/our_first_dag.py", line 4, in <module>
    from airflow.operator.bash import BashOperator
ModuleNotFoundError: No module named 'airflow.operator'
[2023-08-21T09:16:53.500+0000] {processor.py:841} WARNING - No viable dags retrieved from /opt/airflow/dags/our_first_dag.py
[2023-08-21T09:16:53.525+0000] {processor.py:179} INFO - Processing /opt/airflow/dags/our_first_dag.py took 0.096 seconds
[2023-08-21T09:17:23.779+0000] {processor.py:157} INFO - Started process (PID=99) to work on /opt/airflow/dags/our_first_dag.py
[2023-08-21T09:17:23.781+0000] {processor.py:829} INFO - Processing file /opt/airflow/dags/our_first_dag.py for tasks to queue
[2023-08-21T09:17:23.785+0000] {logging_mixin.py:151} INFO - [2023-08-21T09:17:23.785+0000] {dagbag.py:539} INFO - Filling up the DagBag from /opt/airflow/dags/our_first_dag.py
[2023-08-21T09:17:23.834+0000] {logging_mixin.py:151} INFO - [2023-08-21T09:17:23.824+0000] {dagbag.py:347} ERROR - Failed to import: /opt/airflow/dags/our_first_dag.py
Traceback (most recent call last):
  File "/home/airflow/.local/lib/python3.8/site-packages/airflow/models/dagbag.py", line 343, in parse
    loader.exec_module(new_module)
  File "<frozen importlib._bootstrap_external>", line 843, in exec_module
  File "<frozen importlib._bootstrap>", line 219, in _call_with_frames_removed
  File "/opt/airflow/dags/our_first_dag.py", line 4, in <module>
    from airflow.operator.bash import BashOperator
ModuleNotFoundError: No module named 'airflow.operator'
[2023-08-21T09:17:23.838+0000] {processor.py:841} WARNING - No viable dags retrieved from /opt/airflow/dags/our_first_dag.py
[2023-08-21T09:17:23.871+0000] {processor.py:179} INFO - Processing /opt/airflow/dags/our_first_dag.py took 0.098 seconds
[2023-08-21T09:17:54.248+0000] {processor.py:157} INFO - Started process (PID=107) to work on /opt/airflow/dags/our_first_dag.py
[2023-08-21T09:17:54.250+0000] {processor.py:829} INFO - Processing file /opt/airflow/dags/our_first_dag.py for tasks to queue
[2023-08-21T09:17:54.254+0000] {logging_mixin.py:151} INFO - [2023-08-21T09:17:54.254+0000] {dagbag.py:539} INFO - Filling up the DagBag from /opt/airflow/dags/our_first_dag.py
[2023-08-21T09:17:54.331+0000] {logging_mixin.py:151} INFO - [2023-08-21T09:17:54.313+0000] {dagbag.py:347} ERROR - Failed to import: /opt/airflow/dags/our_first_dag.py
Traceback (most recent call last):
  File "/home/airflow/.local/lib/python3.8/site-packages/airflow/models/dagbag.py", line 343, in parse
    loader.exec_module(new_module)
  File "<frozen importlib._bootstrap_external>", line 843, in exec_module
  File "<frozen importlib._bootstrap>", line 219, in _call_with_frames_removed
  File "/opt/airflow/dags/our_first_dag.py", line 4, in <module>
    from airflow.operator.bash import BashOperator
ModuleNotFoundError: No module named 'airflow.operator'
[2023-08-21T09:17:54.337+0000] {processor.py:841} WARNING - No viable dags retrieved from /opt/airflow/dags/our_first_dag.py
[2023-08-21T09:17:54.363+0000] {processor.py:179} INFO - Processing /opt/airflow/dags/our_first_dag.py took 0.120 seconds
[2023-08-21T09:18:24.663+0000] {processor.py:157} INFO - Started process (PID=115) to work on /opt/airflow/dags/our_first_dag.py
[2023-08-21T09:18:24.665+0000] {processor.py:829} INFO - Processing file /opt/airflow/dags/our_first_dag.py for tasks to queue
[2023-08-21T09:18:24.668+0000] {logging_mixin.py:151} INFO - [2023-08-21T09:18:24.668+0000] {dagbag.py:539} INFO - Filling up the DagBag from /opt/airflow/dags/our_first_dag.py
[2023-08-21T09:18:24.703+0000] {logging_mixin.py:151} INFO - [2023-08-21T09:18:24.696+0000] {dagbag.py:347} ERROR - Failed to import: /opt/airflow/dags/our_first_dag.py
Traceback (most recent call last):
  File "/home/airflow/.local/lib/python3.8/site-packages/airflow/models/dagbag.py", line 343, in parse
    loader.exec_module(new_module)
  File "<frozen importlib._bootstrap_external>", line 843, in exec_module
  File "<frozen importlib._bootstrap>", line 219, in _call_with_frames_removed
  File "/opt/airflow/dags/our_first_dag.py", line 4, in <module>
    from airflow.operator.bash import BashOperator
ModuleNotFoundError: No module named 'airflow.operator'
[2023-08-21T09:18:24.706+0000] {processor.py:841} WARNING - No viable dags retrieved from /opt/airflow/dags/our_first_dag.py
[2023-08-21T09:18:24.731+0000] {processor.py:179} INFO - Processing /opt/airflow/dags/our_first_dag.py took 0.072 seconds
[2023-08-21T09:18:55.094+0000] {processor.py:157} INFO - Started process (PID=123) to work on /opt/airflow/dags/our_first_dag.py
[2023-08-21T09:18:55.096+0000] {processor.py:829} INFO - Processing file /opt/airflow/dags/our_first_dag.py for tasks to queue
[2023-08-21T09:18:55.099+0000] {logging_mixin.py:151} INFO - [2023-08-21T09:18:55.098+0000] {dagbag.py:539} INFO - Filling up the DagBag from /opt/airflow/dags/our_first_dag.py
[2023-08-21T09:18:55.154+0000] {logging_mixin.py:151} INFO - [2023-08-21T09:18:55.143+0000] {dagbag.py:347} ERROR - Failed to import: /opt/airflow/dags/our_first_dag.py
Traceback (most recent call last):
  File "/home/airflow/.local/lib/python3.8/site-packages/airflow/models/dagbag.py", line 343, in parse
    loader.exec_module(new_module)
  File "<frozen importlib._bootstrap_external>", line 843, in exec_module
  File "<frozen importlib._bootstrap>", line 219, in _call_with_frames_removed
  File "/opt/airflow/dags/our_first_dag.py", line 4, in <module>
    from airflow.operator.bash import BashOperator
ModuleNotFoundError: No module named 'airflow.operator'
[2023-08-21T09:18:55.159+0000] {processor.py:841} WARNING - No viable dags retrieved from /opt/airflow/dags/our_first_dag.py
[2023-08-21T09:18:55.186+0000] {processor.py:179} INFO - Processing /opt/airflow/dags/our_first_dag.py took 0.096 seconds
[2023-08-21T09:19:25.454+0000] {processor.py:157} INFO - Started process (PID=131) to work on /opt/airflow/dags/our_first_dag.py
[2023-08-21T09:19:25.456+0000] {processor.py:829} INFO - Processing file /opt/airflow/dags/our_first_dag.py for tasks to queue
[2023-08-21T09:19:25.460+0000] {logging_mixin.py:151} INFO - [2023-08-21T09:19:25.459+0000] {dagbag.py:539} INFO - Filling up the DagBag from /opt/airflow/dags/our_first_dag.py
[2023-08-21T09:19:25.512+0000] {logging_mixin.py:151} INFO - [2023-08-21T09:19:25.502+0000] {dagbag.py:347} ERROR - Failed to import: /opt/airflow/dags/our_first_dag.py
Traceback (most recent call last):
  File "/home/airflow/.local/lib/python3.8/site-packages/airflow/models/dagbag.py", line 343, in parse
    loader.exec_module(new_module)
  File "<frozen importlib._bootstrap_external>", line 843, in exec_module
  File "<frozen importlib._bootstrap>", line 219, in _call_with_frames_removed
  File "/opt/airflow/dags/our_first_dag.py", line 4, in <module>
    from airflow.operator.bash import BashOperator
ModuleNotFoundError: No module named 'airflow.operator'
[2023-08-21T09:19:25.516+0000] {processor.py:841} WARNING - No viable dags retrieved from /opt/airflow/dags/our_first_dag.py
[2023-08-21T09:19:25.541+0000] {processor.py:179} INFO - Processing /opt/airflow/dags/our_first_dag.py took 0.091 seconds
[2023-08-21T09:19:55.898+0000] {processor.py:157} INFO - Started process (PID=139) to work on /opt/airflow/dags/our_first_dag.py
[2023-08-21T09:19:55.899+0000] {processor.py:829} INFO - Processing file /opt/airflow/dags/our_first_dag.py for tasks to queue
[2023-08-21T09:19:55.903+0000] {logging_mixin.py:151} INFO - [2023-08-21T09:19:55.902+0000] {dagbag.py:539} INFO - Filling up the DagBag from /opt/airflow/dags/our_first_dag.py
[2023-08-21T09:19:55.948+0000] {logging_mixin.py:151} INFO - [2023-08-21T09:19:55.937+0000] {dagbag.py:347} ERROR - Failed to import: /opt/airflow/dags/our_first_dag.py
Traceback (most recent call last):
  File "/home/airflow/.local/lib/python3.8/site-packages/airflow/models/dagbag.py", line 343, in parse
    loader.exec_module(new_module)
  File "<frozen importlib._bootstrap_external>", line 843, in exec_module
  File "<frozen importlib._bootstrap>", line 219, in _call_with_frames_removed
  File "/opt/airflow/dags/our_first_dag.py", line 4, in <module>
    from airflow.operator.bash import BashOperator
ModuleNotFoundError: No module named 'airflow.operator'
[2023-08-21T09:19:55.953+0000] {processor.py:841} WARNING - No viable dags retrieved from /opt/airflow/dags/our_first_dag.py
[2023-08-21T09:19:55.982+0000] {processor.py:179} INFO - Processing /opt/airflow/dags/our_first_dag.py took 0.090 seconds
[2023-08-21T09:20:26.367+0000] {processor.py:157} INFO - Started process (PID=147) to work on /opt/airflow/dags/our_first_dag.py
[2023-08-21T09:20:26.369+0000] {processor.py:829} INFO - Processing file /opt/airflow/dags/our_first_dag.py for tasks to queue
[2023-08-21T09:20:26.373+0000] {logging_mixin.py:151} INFO - [2023-08-21T09:20:26.372+0000] {dagbag.py:539} INFO - Filling up the DagBag from /opt/airflow/dags/our_first_dag.py
[2023-08-21T09:20:26.432+0000] {logging_mixin.py:151} INFO - [2023-08-21T09:20:26.421+0000] {dagbag.py:347} ERROR - Failed to import: /opt/airflow/dags/our_first_dag.py
Traceback (most recent call last):
  File "/home/airflow/.local/lib/python3.8/site-packages/airflow/models/dagbag.py", line 343, in parse
    loader.exec_module(new_module)
  File "<frozen importlib._bootstrap_external>", line 843, in exec_module
  File "<frozen importlib._bootstrap>", line 219, in _call_with_frames_removed
  File "/opt/airflow/dags/our_first_dag.py", line 4, in <module>
    from airflow.operator.bash import BashOperator
ModuleNotFoundError: No module named 'airflow.operator'
[2023-08-21T09:20:26.436+0000] {processor.py:841} WARNING - No viable dags retrieved from /opt/airflow/dags/our_first_dag.py
[2023-08-21T09:20:26.470+0000] {processor.py:179} INFO - Processing /opt/airflow/dags/our_first_dag.py took 0.106 seconds
[2023-08-21T09:20:56.725+0000] {processor.py:157} INFO - Started process (PID=155) to work on /opt/airflow/dags/our_first_dag.py
[2023-08-21T09:20:56.727+0000] {processor.py:829} INFO - Processing file /opt/airflow/dags/our_first_dag.py for tasks to queue
[2023-08-21T09:20:56.731+0000] {logging_mixin.py:151} INFO - [2023-08-21T09:20:56.731+0000] {dagbag.py:539} INFO - Filling up the DagBag from /opt/airflow/dags/our_first_dag.py
[2023-08-21T09:20:56.785+0000] {logging_mixin.py:151} INFO - [2023-08-21T09:20:56.775+0000] {dagbag.py:347} ERROR - Failed to import: /opt/airflow/dags/our_first_dag.py
Traceback (most recent call last):
  File "/home/airflow/.local/lib/python3.8/site-packages/airflow/models/dagbag.py", line 343, in parse
    loader.exec_module(new_module)
  File "<frozen importlib._bootstrap_external>", line 843, in exec_module
  File "<frozen importlib._bootstrap>", line 219, in _call_with_frames_removed
  File "/opt/airflow/dags/our_first_dag.py", line 4, in <module>
    from airflow.operator.bash import BashOperator
ModuleNotFoundError: No module named 'airflow.operator'
[2023-08-21T09:20:56.789+0000] {processor.py:841} WARNING - No viable dags retrieved from /opt/airflow/dags/our_first_dag.py
[2023-08-21T09:20:56.816+0000] {processor.py:179} INFO - Processing /opt/airflow/dags/our_first_dag.py took 0.095 seconds
[2023-08-21T09:21:27.190+0000] {processor.py:157} INFO - Started process (PID=163) to work on /opt/airflow/dags/our_first_dag.py
[2023-08-21T09:21:27.192+0000] {processor.py:829} INFO - Processing file /opt/airflow/dags/our_first_dag.py for tasks to queue
[2023-08-21T09:21:27.196+0000] {logging_mixin.py:151} INFO - [2023-08-21T09:21:27.196+0000] {dagbag.py:539} INFO - Filling up the DagBag from /opt/airflow/dags/our_first_dag.py
[2023-08-21T09:21:27.266+0000] {logging_mixin.py:151} INFO - [2023-08-21T09:21:27.249+0000] {dagbag.py:347} ERROR - Failed to import: /opt/airflow/dags/our_first_dag.py
Traceback (most recent call last):
  File "/home/airflow/.local/lib/python3.8/site-packages/airflow/models/dagbag.py", line 343, in parse
    loader.exec_module(new_module)
  File "<frozen importlib._bootstrap_external>", line 843, in exec_module
  File "<frozen importlib._bootstrap>", line 219, in _call_with_frames_removed
  File "/opt/airflow/dags/our_first_dag.py", line 4, in <module>
    from airflow.operator.bash import BashOperator
ModuleNotFoundError: No module named 'airflow.operator'
[2023-08-21T09:21:27.272+0000] {processor.py:841} WARNING - No viable dags retrieved from /opt/airflow/dags/our_first_dag.py
[2023-08-21T09:21:27.307+0000] {processor.py:179} INFO - Processing /opt/airflow/dags/our_first_dag.py took 0.121 seconds
[2023-08-21T09:21:57.516+0000] {processor.py:157} INFO - Started process (PID=171) to work on /opt/airflow/dags/our_first_dag.py
[2023-08-21T09:21:57.517+0000] {processor.py:829} INFO - Processing file /opt/airflow/dags/our_first_dag.py for tasks to queue
[2023-08-21T09:21:57.522+0000] {logging_mixin.py:151} INFO - [2023-08-21T09:21:57.521+0000] {dagbag.py:539} INFO - Filling up the DagBag from /opt/airflow/dags/our_first_dag.py
[2023-08-21T09:21:57.558+0000] {logging_mixin.py:151} INFO - [2023-08-21T09:21:57.550+0000] {dagbag.py:347} ERROR - Failed to import: /opt/airflow/dags/our_first_dag.py
Traceback (most recent call last):
  File "/home/airflow/.local/lib/python3.8/site-packages/airflow/models/dagbag.py", line 343, in parse
    loader.exec_module(new_module)
  File "<frozen importlib._bootstrap_external>", line 843, in exec_module
  File "<frozen importlib._bootstrap>", line 219, in _call_with_frames_removed
  File "/opt/airflow/dags/our_first_dag.py", line 4, in <module>
    from airflow.operator.bash import BashOperator
ModuleNotFoundError: No module named 'airflow.operator'
[2023-08-21T09:21:57.561+0000] {processor.py:841} WARNING - No viable dags retrieved from /opt/airflow/dags/our_first_dag.py
[2023-08-21T09:21:57.584+0000] {processor.py:179} INFO - Processing /opt/airflow/dags/our_first_dag.py took 0.072 seconds
[2023-08-21T09:22:27.852+0000] {processor.py:157} INFO - Started process (PID=179) to work on /opt/airflow/dags/our_first_dag.py
[2023-08-21T09:22:27.860+0000] {processor.py:829} INFO - Processing file /opt/airflow/dags/our_first_dag.py for tasks to queue
[2023-08-21T09:22:27.865+0000] {logging_mixin.py:151} INFO - [2023-08-21T09:22:27.865+0000] {dagbag.py:539} INFO - Filling up the DagBag from /opt/airflow/dags/our_first_dag.py
[2023-08-21T09:22:27.903+0000] {logging_mixin.py:151} INFO - [2023-08-21T09:22:27.896+0000] {dagbag.py:347} ERROR - Failed to import: /opt/airflow/dags/our_first_dag.py
Traceback (most recent call last):
  File "/home/airflow/.local/lib/python3.8/site-packages/airflow/models/dagbag.py", line 343, in parse
    loader.exec_module(new_module)
  File "<frozen importlib._bootstrap_external>", line 843, in exec_module
  File "<frozen importlib._bootstrap>", line 219, in _call_with_frames_removed
  File "/opt/airflow/dags/our_first_dag.py", line 4, in <module>
    from airflow.operator.bash import BashOperator
ModuleNotFoundError: No module named 'airflow.operator'
[2023-08-21T09:22:27.906+0000] {processor.py:841} WARNING - No viable dags retrieved from /opt/airflow/dags/our_first_dag.py
[2023-08-21T09:22:27.933+0000] {processor.py:179} INFO - Processing /opt/airflow/dags/our_first_dag.py took 0.086 seconds
[2023-08-21T09:22:58.222+0000] {processor.py:157} INFO - Started process (PID=187) to work on /opt/airflow/dags/our_first_dag.py
[2023-08-21T09:22:58.223+0000] {processor.py:829} INFO - Processing file /opt/airflow/dags/our_first_dag.py for tasks to queue
[2023-08-21T09:22:58.228+0000] {logging_mixin.py:151} INFO - [2023-08-21T09:22:58.228+0000] {dagbag.py:539} INFO - Filling up the DagBag from /opt/airflow/dags/our_first_dag.py
[2023-08-21T09:22:58.271+0000] {logging_mixin.py:151} INFO - [2023-08-21T09:22:58.263+0000] {dagbag.py:347} ERROR - Failed to import: /opt/airflow/dags/our_first_dag.py
Traceback (most recent call last):
  File "/home/airflow/.local/lib/python3.8/site-packages/airflow/models/dagbag.py", line 343, in parse
    loader.exec_module(new_module)
  File "<frozen importlib._bootstrap_external>", line 843, in exec_module
  File "<frozen importlib._bootstrap>", line 219, in _call_with_frames_removed
  File "/opt/airflow/dags/our_first_dag.py", line 4, in <module>
    from airflow.operator.bash import BashOperator
ModuleNotFoundError: No module named 'airflow.operator'
[2023-08-21T09:22:58.275+0000] {processor.py:841} WARNING - No viable dags retrieved from /opt/airflow/dags/our_first_dag.py
[2023-08-21T09:22:58.297+0000] {processor.py:179} INFO - Processing /opt/airflow/dags/our_first_dag.py took 0.079 seconds
[2023-08-21T09:23:28.651+0000] {processor.py:157} INFO - Started process (PID=195) to work on /opt/airflow/dags/our_first_dag.py
[2023-08-21T09:23:28.652+0000] {processor.py:829} INFO - Processing file /opt/airflow/dags/our_first_dag.py for tasks to queue
[2023-08-21T09:23:28.656+0000] {logging_mixin.py:151} INFO - [2023-08-21T09:23:28.655+0000] {dagbag.py:539} INFO - Filling up the DagBag from /opt/airflow/dags/our_first_dag.py
[2023-08-21T09:23:28.705+0000] {logging_mixin.py:151} INFO - [2023-08-21T09:23:28.695+0000] {dagbag.py:347} ERROR - Failed to import: /opt/airflow/dags/our_first_dag.py
Traceback (most recent call last):
  File "/home/airflow/.local/lib/python3.8/site-packages/airflow/models/dagbag.py", line 343, in parse
    loader.exec_module(new_module)
  File "<frozen importlib._bootstrap_external>", line 843, in exec_module
  File "<frozen importlib._bootstrap>", line 219, in _call_with_frames_removed
  File "/opt/airflow/dags/our_first_dag.py", line 4, in <module>
    from airflow.operator.bash import BashOperator
ModuleNotFoundError: No module named 'airflow.operator'
[2023-08-21T09:23:28.708+0000] {processor.py:841} WARNING - No viable dags retrieved from /opt/airflow/dags/our_first_dag.py
[2023-08-21T09:23:28.731+0000] {processor.py:179} INFO - Processing /opt/airflow/dags/our_first_dag.py took 0.084 seconds
[2023-08-21T09:23:59.041+0000] {processor.py:157} INFO - Started process (PID=203) to work on /opt/airflow/dags/our_first_dag.py
[2023-08-21T09:23:59.044+0000] {processor.py:829} INFO - Processing file /opt/airflow/dags/our_first_dag.py for tasks to queue
[2023-08-21T09:23:59.048+0000] {logging_mixin.py:151} INFO - [2023-08-21T09:23:59.048+0000] {dagbag.py:539} INFO - Filling up the DagBag from /opt/airflow/dags/our_first_dag.py
[2023-08-21T09:23:59.104+0000] {logging_mixin.py:151} INFO - [2023-08-21T09:23:59.092+0000] {dagbag.py:347} ERROR - Failed to import: /opt/airflow/dags/our_first_dag.py
Traceback (most recent call last):
  File "/home/airflow/.local/lib/python3.8/site-packages/airflow/models/dagbag.py", line 343, in parse
    loader.exec_module(new_module)
  File "<frozen importlib._bootstrap_external>", line 843, in exec_module
  File "<frozen importlib._bootstrap>", line 219, in _call_with_frames_removed
  File "/opt/airflow/dags/our_first_dag.py", line 4, in <module>
    from airflow.operator.bash import BashOperator
ModuleNotFoundError: No module named 'airflow.operator'
[2023-08-21T09:23:59.108+0000] {processor.py:841} WARNING - No viable dags retrieved from /opt/airflow/dags/our_first_dag.py
[2023-08-21T09:23:59.134+0000] {processor.py:179} INFO - Processing /opt/airflow/dags/our_first_dag.py took 0.098 seconds
[2023-08-21T09:24:29.474+0000] {processor.py:157} INFO - Started process (PID=211) to work on /opt/airflow/dags/our_first_dag.py
[2023-08-21T09:24:29.476+0000] {processor.py:829} INFO - Processing file /opt/airflow/dags/our_first_dag.py for tasks to queue
[2023-08-21T09:24:29.480+0000] {logging_mixin.py:151} INFO - [2023-08-21T09:24:29.479+0000] {dagbag.py:539} INFO - Filling up the DagBag from /opt/airflow/dags/our_first_dag.py
[2023-08-21T09:24:29.530+0000] {logging_mixin.py:151} INFO - [2023-08-21T09:24:29.519+0000] {dagbag.py:347} ERROR - Failed to import: /opt/airflow/dags/our_first_dag.py
Traceback (most recent call last):
  File "/home/airflow/.local/lib/python3.8/site-packages/airflow/models/dagbag.py", line 343, in parse
    loader.exec_module(new_module)
  File "<frozen importlib._bootstrap_external>", line 843, in exec_module
  File "<frozen importlib._bootstrap>", line 219, in _call_with_frames_removed
  File "/opt/airflow/dags/our_first_dag.py", line 4, in <module>
    from airflow.operator.bash import BashOperator
ModuleNotFoundError: No module named 'airflow.operator'
[2023-08-21T09:24:29.534+0000] {processor.py:841} WARNING - No viable dags retrieved from /opt/airflow/dags/our_first_dag.py
[2023-08-21T09:24:29.568+0000] {processor.py:179} INFO - Processing /opt/airflow/dags/our_first_dag.py took 0.099 seconds
[2023-08-21T09:24:59.837+0000] {processor.py:157} INFO - Started process (PID=219) to work on /opt/airflow/dags/our_first_dag.py
[2023-08-21T09:24:59.838+0000] {processor.py:829} INFO - Processing file /opt/airflow/dags/our_first_dag.py for tasks to queue
[2023-08-21T09:24:59.841+0000] {logging_mixin.py:151} INFO - [2023-08-21T09:24:59.841+0000] {dagbag.py:539} INFO - Filling up the DagBag from /opt/airflow/dags/our_first_dag.py
[2023-08-21T09:24:59.880+0000] {logging_mixin.py:151} INFO - [2023-08-21T09:24:59.871+0000] {dagbag.py:347} ERROR - Failed to import: /opt/airflow/dags/our_first_dag.py
Traceback (most recent call last):
  File "/home/airflow/.local/lib/python3.8/site-packages/airflow/models/dagbag.py", line 343, in parse
    loader.exec_module(new_module)
  File "<frozen importlib._bootstrap_external>", line 843, in exec_module
  File "<frozen importlib._bootstrap>", line 219, in _call_with_frames_removed
  File "/opt/airflow/dags/our_first_dag.py", line 4, in <module>
    from airflow.operator.bash import BashOperator
ModuleNotFoundError: No module named 'airflow.operator'
[2023-08-21T09:24:59.883+0000] {processor.py:841} WARNING - No viable dags retrieved from /opt/airflow/dags/our_first_dag.py
[2023-08-21T09:24:59.909+0000] {processor.py:179} INFO - Processing /opt/airflow/dags/our_first_dag.py took 0.077 seconds
[2023-08-21T09:26:23.674+0000] {processor.py:157} INFO - Started process (PID=228) to work on /opt/airflow/dags/our_first_dag.py
[2023-08-21T09:26:23.677+0000] {processor.py:829} INFO - Processing file /opt/airflow/dags/our_first_dag.py for tasks to queue
[2023-08-21T09:26:23.682+0000] {logging_mixin.py:151} INFO - [2023-08-21T09:26:23.681+0000] {dagbag.py:539} INFO - Filling up the DagBag from /opt/airflow/dags/our_first_dag.py
[2023-08-21T09:26:23.743+0000] {logging_mixin.py:151} INFO - [2023-08-21T09:26:23.732+0000] {dagbag.py:347} ERROR - Failed to import: /opt/airflow/dags/our_first_dag.py
Traceback (most recent call last):
  File "/home/airflow/.local/lib/python3.8/site-packages/airflow/models/dagbag.py", line 343, in parse
    loader.exec_module(new_module)
  File "<frozen importlib._bootstrap_external>", line 843, in exec_module
  File "<frozen importlib._bootstrap>", line 219, in _call_with_frames_removed
  File "/opt/airflow/dags/our_first_dag.py", line 4, in <module>
    from airflow.operator.bash import BashOperator
ModuleNotFoundError: No module named 'airflow.operator'
[2023-08-21T09:26:23.750+0000] {processor.py:841} WARNING - No viable dags retrieved from /opt/airflow/dags/our_first_dag.py
[2023-08-21T09:26:23.788+0000] {processor.py:179} INFO - Processing /opt/airflow/dags/our_first_dag.py took 0.120 seconds
[2023-08-21T09:26:54.037+0000] {processor.py:157} INFO - Started process (PID=236) to work on /opt/airflow/dags/our_first_dag.py
[2023-08-21T09:26:54.040+0000] {processor.py:829} INFO - Processing file /opt/airflow/dags/our_first_dag.py for tasks to queue
[2023-08-21T09:26:54.043+0000] {logging_mixin.py:151} INFO - [2023-08-21T09:26:54.043+0000] {dagbag.py:539} INFO - Filling up the DagBag from /opt/airflow/dags/our_first_dag.py
[2023-08-21T09:26:54.101+0000] {logging_mixin.py:151} INFO - [2023-08-21T09:26:54.088+0000] {dagbag.py:347} ERROR - Failed to import: /opt/airflow/dags/our_first_dag.py
Traceback (most recent call last):
  File "/home/airflow/.local/lib/python3.8/site-packages/airflow/models/dagbag.py", line 343, in parse
    loader.exec_module(new_module)
  File "<frozen importlib._bootstrap_external>", line 843, in exec_module
  File "<frozen importlib._bootstrap>", line 219, in _call_with_frames_removed
  File "/opt/airflow/dags/our_first_dag.py", line 4, in <module>
    from airflow.operator.bash import BashOperator
ModuleNotFoundError: No module named 'airflow.operator'
[2023-08-21T09:26:54.105+0000] {processor.py:841} WARNING - No viable dags retrieved from /opt/airflow/dags/our_first_dag.py
[2023-08-21T09:26:54.140+0000] {processor.py:179} INFO - Processing /opt/airflow/dags/our_first_dag.py took 0.108 seconds
[2023-08-21T09:27:24.568+0000] {processor.py:157} INFO - Started process (PID=243) to work on /opt/airflow/dags/our_first_dag.py
[2023-08-21T09:27:24.570+0000] {processor.py:829} INFO - Processing file /opt/airflow/dags/our_first_dag.py for tasks to queue
[2023-08-21T09:27:24.574+0000] {logging_mixin.py:151} INFO - [2023-08-21T09:27:24.573+0000] {dagbag.py:539} INFO - Filling up the DagBag from /opt/airflow/dags/our_first_dag.py
[2023-08-21T09:27:24.625+0000] {logging_mixin.py:151} INFO - [2023-08-21T09:27:24.615+0000] {dagbag.py:347} ERROR - Failed to import: /opt/airflow/dags/our_first_dag.py
Traceback (most recent call last):
  File "/home/airflow/.local/lib/python3.8/site-packages/airflow/models/dagbag.py", line 343, in parse
    loader.exec_module(new_module)
  File "<frozen importlib._bootstrap_external>", line 843, in exec_module
  File "<frozen importlib._bootstrap>", line 219, in _call_with_frames_removed
  File "/opt/airflow/dags/our_first_dag.py", line 4, in <module>
    from airflow.operator.bash import BashOperator
ModuleNotFoundError: No module named 'airflow.operator'
[2023-08-21T09:27:24.628+0000] {processor.py:841} WARNING - No viable dags retrieved from /opt/airflow/dags/our_first_dag.py
[2023-08-21T09:27:24.652+0000] {processor.py:179} INFO - Processing /opt/airflow/dags/our_first_dag.py took 0.087 seconds
[2023-08-21T09:27:54.911+0000] {processor.py:157} INFO - Started process (PID=251) to work on /opt/airflow/dags/our_first_dag.py
[2023-08-21T09:27:54.913+0000] {processor.py:829} INFO - Processing file /opt/airflow/dags/our_first_dag.py for tasks to queue
[2023-08-21T09:27:54.916+0000] {logging_mixin.py:151} INFO - [2023-08-21T09:27:54.916+0000] {dagbag.py:539} INFO - Filling up the DagBag from /opt/airflow/dags/our_first_dag.py
[2023-08-21T09:27:54.983+0000] {logging_mixin.py:151} INFO - [2023-08-21T09:27:54.962+0000] {dagbag.py:347} ERROR - Failed to import: /opt/airflow/dags/our_first_dag.py
Traceback (most recent call last):
  File "/home/airflow/.local/lib/python3.8/site-packages/airflow/models/dagbag.py", line 343, in parse
    loader.exec_module(new_module)
  File "<frozen importlib._bootstrap_external>", line 843, in exec_module
  File "<frozen importlib._bootstrap>", line 219, in _call_with_frames_removed
  File "/opt/airflow/dags/our_first_dag.py", line 4, in <module>
    from airflow.operator.bash import BashOperator
ModuleNotFoundError: No module named 'airflow.operator'
[2023-08-21T09:27:54.989+0000] {processor.py:841} WARNING - No viable dags retrieved from /opt/airflow/dags/our_first_dag.py
[2023-08-21T09:27:55.019+0000] {processor.py:179} INFO - Processing /opt/airflow/dags/our_first_dag.py took 0.113 seconds
[2023-08-21T09:28:25.459+0000] {processor.py:157} INFO - Started process (PID=259) to work on /opt/airflow/dags/our_first_dag.py
[2023-08-21T09:28:25.461+0000] {processor.py:829} INFO - Processing file /opt/airflow/dags/our_first_dag.py for tasks to queue
[2023-08-21T09:28:25.464+0000] {logging_mixin.py:151} INFO - [2023-08-21T09:28:25.464+0000] {dagbag.py:539} INFO - Filling up the DagBag from /opt/airflow/dags/our_first_dag.py
[2023-08-21T09:28:25.535+0000] {logging_mixin.py:151} INFO - [2023-08-21T09:28:25.519+0000] {dagbag.py:347} ERROR - Failed to import: /opt/airflow/dags/our_first_dag.py
Traceback (most recent call last):
  File "/home/airflow/.local/lib/python3.8/site-packages/airflow/models/dagbag.py", line 343, in parse
    loader.exec_module(new_module)
  File "<frozen importlib._bootstrap_external>", line 843, in exec_module
  File "<frozen importlib._bootstrap>", line 219, in _call_with_frames_removed
  File "/opt/airflow/dags/our_first_dag.py", line 4, in <module>
    from airflow.operator.bash import BashOperator
ModuleNotFoundError: No module named 'airflow.operator'
[2023-08-21T09:28:25.541+0000] {processor.py:841} WARNING - No viable dags retrieved from /opt/airflow/dags/our_first_dag.py
[2023-08-21T09:28:25.588+0000] {processor.py:179} INFO - Processing /opt/airflow/dags/our_first_dag.py took 0.133 seconds
[2023-08-21T09:28:36.609+0000] {processor.py:157} INFO - Started process (PID=267) to work on /opt/airflow/dags/our_first_dag.py
[2023-08-21T09:28:36.611+0000] {processor.py:829} INFO - Processing file /opt/airflow/dags/our_first_dag.py for tasks to queue
[2023-08-21T09:28:36.615+0000] {logging_mixin.py:151} INFO - [2023-08-21T09:28:36.614+0000] {dagbag.py:539} INFO - Filling up the DagBag from /opt/airflow/dags/our_first_dag.py
[2023-08-21T09:28:36.704+0000] {logging_mixin.py:151} INFO - [2023-08-21T09:28:36.690+0000] {dagbag.py:347} ERROR - Failed to import: /opt/airflow/dags/our_first_dag.py
Traceback (most recent call last):
  File "/home/airflow/.local/lib/python3.8/site-packages/airflow/models/dagbag.py", line 343, in parse
    loader.exec_module(new_module)
  File "<frozen importlib._bootstrap_external>", line 843, in exec_module
  File "<frozen importlib._bootstrap>", line 219, in _call_with_frames_removed
  File "/opt/airflow/dags/our_first_dag.py", line 13, in <module>
    with DAG(
TypeError: __init__() got an unexpected keyword argument 'scheduler_interval'
[2023-08-21T09:28:36.708+0000] {processor.py:841} WARNING - No viable dags retrieved from /opt/airflow/dags/our_first_dag.py
[2023-08-21T09:28:36.738+0000] {processor.py:179} INFO - Processing /opt/airflow/dags/our_first_dag.py took 0.133 seconds
[2023-08-21T09:29:07.253+0000] {processor.py:157} INFO - Started process (PID=275) to work on /opt/airflow/dags/our_first_dag.py
[2023-08-21T09:29:07.255+0000] {processor.py:829} INFO - Processing file /opt/airflow/dags/our_first_dag.py for tasks to queue
[2023-08-21T09:29:07.259+0000] {logging_mixin.py:151} INFO - [2023-08-21T09:29:07.258+0000] {dagbag.py:539} INFO - Filling up the DagBag from /opt/airflow/dags/our_first_dag.py
[2023-08-21T09:29:07.322+0000] {logging_mixin.py:151} INFO - [2023-08-21T09:29:07.311+0000] {dagbag.py:347} ERROR - Failed to import: /opt/airflow/dags/our_first_dag.py
Traceback (most recent call last):
  File "/home/airflow/.local/lib/python3.8/site-packages/airflow/models/dagbag.py", line 343, in parse
    loader.exec_module(new_module)
  File "<frozen importlib._bootstrap_external>", line 843, in exec_module
  File "<frozen importlib._bootstrap>", line 219, in _call_with_frames_removed
  File "/opt/airflow/dags/our_first_dag.py", line 13, in <module>
    with DAG(
TypeError: __init__() got an unexpected keyword argument 'scheduler_interval'
[2023-08-21T09:29:07.326+0000] {processor.py:841} WARNING - No viable dags retrieved from /opt/airflow/dags/our_first_dag.py
[2023-08-21T09:29:07.357+0000] {processor.py:179} INFO - Processing /opt/airflow/dags/our_first_dag.py took 0.109 seconds
[2023-08-21T09:29:37.611+0000] {processor.py:157} INFO - Started process (PID=283) to work on /opt/airflow/dags/our_first_dag.py
[2023-08-21T09:29:37.613+0000] {processor.py:829} INFO - Processing file /opt/airflow/dags/our_first_dag.py for tasks to queue
[2023-08-21T09:29:37.617+0000] {logging_mixin.py:151} INFO - [2023-08-21T09:29:37.616+0000] {dagbag.py:539} INFO - Filling up the DagBag from /opt/airflow/dags/our_first_dag.py
[2023-08-21T09:29:37.659+0000] {logging_mixin.py:151} INFO - [2023-08-21T09:29:37.649+0000] {dagbag.py:347} ERROR - Failed to import: /opt/airflow/dags/our_first_dag.py
Traceback (most recent call last):
  File "/home/airflow/.local/lib/python3.8/site-packages/airflow/models/dagbag.py", line 343, in parse
    loader.exec_module(new_module)
  File "<frozen importlib._bootstrap_external>", line 843, in exec_module
  File "<frozen importlib._bootstrap>", line 219, in _call_with_frames_removed
  File "/opt/airflow/dags/our_first_dag.py", line 13, in <module>
    with DAG(
TypeError: __init__() got an unexpected keyword argument 'scheduler_interval'
[2023-08-21T09:29:37.663+0000] {processor.py:841} WARNING - No viable dags retrieved from /opt/airflow/dags/our_first_dag.py
[2023-08-21T09:29:37.692+0000] {processor.py:179} INFO - Processing /opt/airflow/dags/our_first_dag.py took 0.086 seconds
[2023-08-21T09:30:08.047+0000] {processor.py:157} INFO - Started process (PID=291) to work on /opt/airflow/dags/our_first_dag.py
[2023-08-21T09:30:08.050+0000] {processor.py:829} INFO - Processing file /opt/airflow/dags/our_first_dag.py for tasks to queue
[2023-08-21T09:30:08.053+0000] {logging_mixin.py:151} INFO - [2023-08-21T09:30:08.053+0000] {dagbag.py:539} INFO - Filling up the DagBag from /opt/airflow/dags/our_first_dag.py
[2023-08-21T09:30:08.104+0000] {logging_mixin.py:151} INFO - [2023-08-21T09:30:08.093+0000] {dagbag.py:347} ERROR - Failed to import: /opt/airflow/dags/our_first_dag.py
Traceback (most recent call last):
  File "/home/airflow/.local/lib/python3.8/site-packages/airflow/models/dagbag.py", line 343, in parse
    loader.exec_module(new_module)
  File "<frozen importlib._bootstrap_external>", line 843, in exec_module
  File "<frozen importlib._bootstrap>", line 219, in _call_with_frames_removed
  File "/opt/airflow/dags/our_first_dag.py", line 13, in <module>
    with DAG(
TypeError: __init__() got an unexpected keyword argument 'scheduler_interval'
[2023-08-21T09:30:08.109+0000] {processor.py:841} WARNING - No viable dags retrieved from /opt/airflow/dags/our_first_dag.py
[2023-08-21T09:30:08.141+0000] {processor.py:179} INFO - Processing /opt/airflow/dags/our_first_dag.py took 0.100 seconds
[2023-08-21T09:30:38.510+0000] {processor.py:157} INFO - Started process (PID=299) to work on /opt/airflow/dags/our_first_dag.py
[2023-08-21T09:30:38.511+0000] {processor.py:829} INFO - Processing file /opt/airflow/dags/our_first_dag.py for tasks to queue
[2023-08-21T09:30:38.515+0000] {logging_mixin.py:151} INFO - [2023-08-21T09:30:38.515+0000] {dagbag.py:539} INFO - Filling up the DagBag from /opt/airflow/dags/our_first_dag.py
[2023-08-21T09:30:38.560+0000] {logging_mixin.py:151} INFO - [2023-08-21T09:30:38.551+0000] {dagbag.py:347} ERROR - Failed to import: /opt/airflow/dags/our_first_dag.py
Traceback (most recent call last):
  File "/home/airflow/.local/lib/python3.8/site-packages/airflow/models/dagbag.py", line 343, in parse
    loader.exec_module(new_module)
  File "<frozen importlib._bootstrap_external>", line 843, in exec_module
  File "<frozen importlib._bootstrap>", line 219, in _call_with_frames_removed
  File "/opt/airflow/dags/our_first_dag.py", line 13, in <module>
    with DAG(
TypeError: __init__() got an unexpected keyword argument 'scheduler_interval'
[2023-08-21T09:30:38.564+0000] {processor.py:841} WARNING - No viable dags retrieved from /opt/airflow/dags/our_first_dag.py
[2023-08-21T09:30:38.589+0000] {processor.py:179} INFO - Processing /opt/airflow/dags/our_first_dag.py took 0.083 seconds
[2023-08-21T09:31:08.938+0000] {processor.py:157} INFO - Started process (PID=307) to work on /opt/airflow/dags/our_first_dag.py
[2023-08-21T09:31:08.940+0000] {processor.py:829} INFO - Processing file /opt/airflow/dags/our_first_dag.py for tasks to queue
[2023-08-21T09:31:08.944+0000] {logging_mixin.py:151} INFO - [2023-08-21T09:31:08.943+0000] {dagbag.py:539} INFO - Filling up the DagBag from /opt/airflow/dags/our_first_dag.py
[2023-08-21T09:31:09.004+0000] {logging_mixin.py:151} INFO - [2023-08-21T09:31:08.992+0000] {dagbag.py:347} ERROR - Failed to import: /opt/airflow/dags/our_first_dag.py
Traceback (most recent call last):
  File "/home/airflow/.local/lib/python3.8/site-packages/airflow/models/dagbag.py", line 343, in parse
    loader.exec_module(new_module)
  File "<frozen importlib._bootstrap_external>", line 843, in exec_module
  File "<frozen importlib._bootstrap>", line 219, in _call_with_frames_removed
  File "/opt/airflow/dags/our_first_dag.py", line 13, in <module>
    with DAG(
TypeError: __init__() got an unexpected keyword argument 'scheduler_interval'
[2023-08-21T09:31:09.009+0000] {processor.py:841} WARNING - No viable dags retrieved from /opt/airflow/dags/our_first_dag.py
[2023-08-21T09:31:09.051+0000] {processor.py:179} INFO - Processing /opt/airflow/dags/our_first_dag.py took 0.118 seconds
[2023-08-21T09:31:39.354+0000] {processor.py:157} INFO - Started process (PID=315) to work on /opt/airflow/dags/our_first_dag.py
[2023-08-21T09:31:39.356+0000] {processor.py:829} INFO - Processing file /opt/airflow/dags/our_first_dag.py for tasks to queue
[2023-08-21T09:31:39.361+0000] {logging_mixin.py:151} INFO - [2023-08-21T09:31:39.360+0000] {dagbag.py:539} INFO - Filling up the DagBag from /opt/airflow/dags/our_first_dag.py
[2023-08-21T09:31:39.437+0000] {logging_mixin.py:151} INFO - [2023-08-21T09:31:39.420+0000] {dagbag.py:347} ERROR - Failed to import: /opt/airflow/dags/our_first_dag.py
Traceback (most recent call last):
  File "/home/airflow/.local/lib/python3.8/site-packages/airflow/models/dagbag.py", line 343, in parse
    loader.exec_module(new_module)
  File "<frozen importlib._bootstrap_external>", line 843, in exec_module
  File "<frozen importlib._bootstrap>", line 219, in _call_with_frames_removed
  File "/opt/airflow/dags/our_first_dag.py", line 13, in <module>
    with DAG(
TypeError: __init__() got an unexpected keyword argument 'scheduler_interval'
[2023-08-21T09:31:39.442+0000] {processor.py:841} WARNING - No viable dags retrieved from /opt/airflow/dags/our_first_dag.py
[2023-08-21T09:31:39.478+0000] {processor.py:179} INFO - Processing /opt/airflow/dags/our_first_dag.py took 0.130 seconds
[2023-08-21T09:31:50.674+0000] {processor.py:157} INFO - Started process (PID=316) to work on /opt/airflow/dags/our_first_dag.py
[2023-08-21T09:31:50.676+0000] {processor.py:829} INFO - Processing file /opt/airflow/dags/our_first_dag.py for tasks to queue
[2023-08-21T09:31:50.681+0000] {logging_mixin.py:151} INFO - [2023-08-21T09:31:50.680+0000] {dagbag.py:539} INFO - Filling up the DagBag from /opt/airflow/dags/our_first_dag.py
[2023-08-21T09:31:50.765+0000] {logging_mixin.py:151} INFO - [2023-08-21T09:31:50.755+0000] {dagbag.py:347} ERROR - Failed to import: /opt/airflow/dags/our_first_dag.py
Traceback (most recent call last):
  File "/home/airflow/.local/lib/python3.8/site-packages/airflow/models/dagbag.py", line 343, in parse
    loader.exec_module(new_module)
  File "<frozen importlib._bootstrap_external>", line 843, in exec_module
  File "<frozen importlib._bootstrap>", line 219, in _call_with_frames_removed
  File "/opt/airflow/dags/our_first_dag.py", line 13, in <module>
    with DAG(
TypeError: __init__() got an unexpected keyword argument 'scheduler_interval'
[2023-08-21T09:31:50.769+0000] {processor.py:841} WARNING - No viable dags retrieved from /opt/airflow/dags/our_first_dag.py
[2023-08-21T09:31:50.794+0000] {processor.py:179} INFO - Processing /opt/airflow/dags/our_first_dag.py took 0.126 seconds
[2023-08-21T09:32:21.016+0000] {processor.py:157} INFO - Started process (PID=324) to work on /opt/airflow/dags/our_first_dag.py
[2023-08-21T09:32:21.020+0000] {processor.py:829} INFO - Processing file /opt/airflow/dags/our_first_dag.py for tasks to queue
[2023-08-21T09:32:21.024+0000] {logging_mixin.py:151} INFO - [2023-08-21T09:32:21.023+0000] {dagbag.py:539} INFO - Filling up the DagBag from /opt/airflow/dags/our_first_dag.py
[2023-08-21T09:32:21.097+0000] {logging_mixin.py:151} INFO - [2023-08-21T09:32:21.063+0000] {dagbag.py:347} ERROR - Failed to import: /opt/airflow/dags/our_first_dag.py
Traceback (most recent call last):
  File "/home/airflow/.local/lib/python3.8/site-packages/airflow/models/dagbag.py", line 343, in parse
    loader.exec_module(new_module)
  File "<frozen importlib._bootstrap_external>", line 843, in exec_module
  File "<frozen importlib._bootstrap>", line 219, in _call_with_frames_removed
  File "/opt/airflow/dags/our_first_dag.py", line 13, in <module>
    with DAG(
TypeError: __init__() got an unexpected keyword argument 'scheduler_interval'
[2023-08-21T09:32:21.101+0000] {processor.py:841} WARNING - No viable dags retrieved from /opt/airflow/dags/our_first_dag.py
[2023-08-21T09:32:21.133+0000] {processor.py:179} INFO - Processing /opt/airflow/dags/our_first_dag.py took 0.122 seconds
[2023-08-21T09:32:51.472+0000] {processor.py:157} INFO - Started process (PID=331) to work on /opt/airflow/dags/our_first_dag.py
[2023-08-21T09:32:51.474+0000] {processor.py:829} INFO - Processing file /opt/airflow/dags/our_first_dag.py for tasks to queue
[2023-08-21T09:32:51.478+0000] {logging_mixin.py:151} INFO - [2023-08-21T09:32:51.478+0000] {dagbag.py:539} INFO - Filling up the DagBag from /opt/airflow/dags/our_first_dag.py
[2023-08-21T09:32:51.534+0000] {logging_mixin.py:151} INFO - [2023-08-21T09:32:51.522+0000] {dagbag.py:347} ERROR - Failed to import: /opt/airflow/dags/our_first_dag.py
Traceback (most recent call last):
  File "/home/airflow/.local/lib/python3.8/site-packages/airflow/models/dagbag.py", line 343, in parse
    loader.exec_module(new_module)
  File "<frozen importlib._bootstrap_external>", line 843, in exec_module
  File "<frozen importlib._bootstrap>", line 219, in _call_with_frames_removed
  File "/opt/airflow/dags/our_first_dag.py", line 13, in <module>
    with DAG(
TypeError: __init__() got an unexpected keyword argument 'scheduler_interval'
[2023-08-21T09:32:51.539+0000] {processor.py:841} WARNING - No viable dags retrieved from /opt/airflow/dags/our_first_dag.py
[2023-08-21T09:32:51.564+0000] {processor.py:179} INFO - Processing /opt/airflow/dags/our_first_dag.py took 0.097 seconds
[2023-08-21T09:32:53.559+0000] {processor.py:157} INFO - Started process (PID=332) to work on /opt/airflow/dags/our_first_dag.py
[2023-08-21T09:32:53.561+0000] {processor.py:829} INFO - Processing file /opt/airflow/dags/our_first_dag.py for tasks to queue
[2023-08-21T09:32:53.565+0000] {logging_mixin.py:151} INFO - [2023-08-21T09:32:53.565+0000] {dagbag.py:539} INFO - Filling up the DagBag from /opt/airflow/dags/our_first_dag.py
[2023-08-21T09:32:53.679+0000] {processor.py:839} INFO - DAG(s) dict_keys(['our_first_dag']) retrieved from /opt/airflow/dags/our_first_dag.py
[2023-08-21T09:32:53.953+0000] {logging_mixin.py:151} INFO - [2023-08-21T09:32:53.952+0000] {manager.py:501} INFO - Created Permission View: can edit on DAG:our_first_dag
[2023-08-21T09:32:53.966+0000] {logging_mixin.py:151} INFO - [2023-08-21T09:32:53.966+0000] {manager.py:501} INFO - Created Permission View: can read on DAG:our_first_dag
[2023-08-21T09:32:53.977+0000] {logging_mixin.py:151} INFO - [2023-08-21T09:32:53.977+0000] {manager.py:501} INFO - Created Permission View: can delete on DAG:our_first_dag
[2023-08-21T09:32:53.995+0000] {logging_mixin.py:151} INFO - [2023-08-21T09:32:53.995+0000] {dag.py:2907} INFO - Sync 1 DAGs
[2023-08-21T09:32:54.010+0000] {logging_mixin.py:151} INFO - [2023-08-21T09:32:54.010+0000] {dag.py:2929} INFO - Creating ORM DAG for our_first_dag
[2023-08-21T09:32:54.030+0000] {logging_mixin.py:151} INFO - [2023-08-21T09:32:54.029+0000] {dag.py:3677} INFO - Setting next_dagrun for our_first_dag to 2021-07-30T00:00:00+00:00, run_after=2021-07-31T00:00:00+00:00
[2023-08-21T09:32:54.076+0000] {processor.py:179} INFO - Processing /opt/airflow/dags/our_first_dag.py took 0.522 seconds
[2023-08-21T09:33:24.528+0000] {processor.py:157} INFO - Started process (PID=344) to work on /opt/airflow/dags/our_first_dag.py
[2023-08-21T09:33:24.537+0000] {processor.py:829} INFO - Processing file /opt/airflow/dags/our_first_dag.py for tasks to queue
[2023-08-21T09:33:24.543+0000] {logging_mixin.py:151} INFO - [2023-08-21T09:33:24.542+0000] {dagbag.py:539} INFO - Filling up the DagBag from /opt/airflow/dags/our_first_dag.py
[2023-08-21T09:33:24.839+0000] {processor.py:839} INFO - DAG(s) dict_keys(['our_first_dag']) retrieved from /opt/airflow/dags/our_first_dag.py
[2023-08-21T09:33:24.882+0000] {logging_mixin.py:151} INFO - [2023-08-21T09:33:24.882+0000] {dag.py:2907} INFO - Sync 1 DAGs
[2023-08-21T09:33:24.921+0000] {logging_mixin.py:151} INFO - [2023-08-21T09:33:24.920+0000] {dag.py:3677} INFO - Setting next_dagrun for our_first_dag to 2021-08-15T00:00:00+00:00, run_after=2021-08-16T00:00:00+00:00
[2023-08-21T09:33:24.963+0000] {processor.py:179} INFO - Processing /opt/airflow/dags/our_first_dag.py took 0.454 seconds
[2023-08-21T09:33:55.768+0000] {processor.py:157} INFO - Started process (PID=352) to work on /opt/airflow/dags/our_first_dag.py
[2023-08-21T09:33:55.771+0000] {processor.py:829} INFO - Processing file /opt/airflow/dags/our_first_dag.py for tasks to queue
[2023-08-21T09:33:55.778+0000] {logging_mixin.py:151} INFO - [2023-08-21T09:33:55.777+0000] {dagbag.py:539} INFO - Filling up the DagBag from /opt/airflow/dags/our_first_dag.py
[2023-08-21T09:33:55.840+0000] {processor.py:839} INFO - DAG(s) dict_keys(['our_first_dag']) retrieved from /opt/airflow/dags/our_first_dag.py
[2023-08-21T09:33:55.906+0000] {logging_mixin.py:151} INFO - [2023-08-21T09:33:55.905+0000] {dag.py:2907} INFO - Sync 1 DAGs
[2023-08-21T09:33:55.956+0000] {logging_mixin.py:151} INFO - [2023-08-21T09:33:55.956+0000] {dag.py:3677} INFO - Setting next_dagrun for our_first_dag to 2021-10-01T00:00:00+00:00, run_after=2021-10-02T00:00:00+00:00
[2023-08-21T09:33:56.003+0000] {processor.py:179} INFO - Processing /opt/airflow/dags/our_first_dag.py took 0.244 seconds
[2023-08-21T09:34:26.379+0000] {processor.py:157} INFO - Started process (PID=360) to work on /opt/airflow/dags/our_first_dag.py
[2023-08-21T09:34:26.383+0000] {processor.py:829} INFO - Processing file /opt/airflow/dags/our_first_dag.py for tasks to queue
[2023-08-21T09:34:26.394+0000] {logging_mixin.py:151} INFO - [2023-08-21T09:34:26.393+0000] {dagbag.py:539} INFO - Filling up the DagBag from /opt/airflow/dags/our_first_dag.py
[2023-08-21T09:34:26.483+0000] {processor.py:839} INFO - DAG(s) dict_keys(['our_first_dag']) retrieved from /opt/airflow/dags/our_first_dag.py
[2023-08-21T09:34:26.562+0000] {logging_mixin.py:151} INFO - [2023-08-21T09:34:26.561+0000] {dag.py:2907} INFO - Sync 1 DAGs
[2023-08-21T09:34:26.641+0000] {logging_mixin.py:151} INFO - [2023-08-21T09:34:26.640+0000] {dag.py:3677} INFO - Setting next_dagrun for our_first_dag to 2021-11-15T00:00:00+00:00, run_after=2021-11-16T00:00:00+00:00
[2023-08-21T09:34:26.701+0000] {processor.py:179} INFO - Processing /opt/airflow/dags/our_first_dag.py took 0.338 seconds
[2023-08-21T09:34:57.011+0000] {processor.py:157} INFO - Started process (PID=372) to work on /opt/airflow/dags/our_first_dag.py
[2023-08-21T09:34:57.013+0000] {processor.py:829} INFO - Processing file /opt/airflow/dags/our_first_dag.py for tasks to queue
[2023-08-21T09:34:57.016+0000] {logging_mixin.py:151} INFO - [2023-08-21T09:34:57.016+0000] {dagbag.py:539} INFO - Filling up the DagBag from /opt/airflow/dags/our_first_dag.py
[2023-08-21T09:34:57.068+0000] {processor.py:839} INFO - DAG(s) dict_keys(['our_first_dag']) retrieved from /opt/airflow/dags/our_first_dag.py
[2023-08-21T09:34:57.087+0000] {logging_mixin.py:151} INFO - [2023-08-21T09:34:57.087+0000] {dag.py:2907} INFO - Sync 1 DAGs
[2023-08-21T09:34:57.104+0000] {logging_mixin.py:151} INFO - [2023-08-21T09:34:57.103+0000] {dag.py:3677} INFO - Setting next_dagrun for our_first_dag to 2022-01-05T00:00:00+00:00, run_after=2022-01-06T00:00:00+00:00
[2023-08-21T09:34:57.123+0000] {processor.py:179} INFO - Processing /opt/airflow/dags/our_first_dag.py took 0.114 seconds
[2023-08-21T09:35:27.272+0000] {processor.py:157} INFO - Started process (PID=380) to work on /opt/airflow/dags/our_first_dag.py
[2023-08-21T09:35:27.274+0000] {processor.py:829} INFO - Processing file /opt/airflow/dags/our_first_dag.py for tasks to queue
[2023-08-21T09:35:27.277+0000] {logging_mixin.py:151} INFO - [2023-08-21T09:35:27.276+0000] {dagbag.py:539} INFO - Filling up the DagBag from /opt/airflow/dags/our_first_dag.py
[2023-08-21T09:35:27.331+0000] {processor.py:839} INFO - DAG(s) dict_keys(['our_first_dag']) retrieved from /opt/airflow/dags/our_first_dag.py
[2023-08-21T09:35:27.370+0000] {logging_mixin.py:151} INFO - [2023-08-21T09:35:27.370+0000] {dag.py:2907} INFO - Sync 1 DAGs
[2023-08-21T09:35:27.395+0000] {logging_mixin.py:151} INFO - [2023-08-21T09:35:27.394+0000] {dag.py:3677} INFO - Setting next_dagrun for our_first_dag to 2022-03-15T00:00:00+00:00, run_after=2022-03-16T00:00:00+00:00
[2023-08-21T09:35:27.439+0000] {processor.py:179} INFO - Processing /opt/airflow/dags/our_first_dag.py took 0.171 seconds
[2023-08-21T09:35:57.722+0000] {processor.py:157} INFO - Started process (PID=392) to work on /opt/airflow/dags/our_first_dag.py
[2023-08-21T09:35:57.723+0000] {processor.py:829} INFO - Processing file /opt/airflow/dags/our_first_dag.py for tasks to queue
[2023-08-21T09:35:57.726+0000] {logging_mixin.py:151} INFO - [2023-08-21T09:35:57.726+0000] {dagbag.py:539} INFO - Filling up the DagBag from /opt/airflow/dags/our_first_dag.py
[2023-08-21T09:35:57.779+0000] {processor.py:839} INFO - DAG(s) dict_keys(['our_first_dag']) retrieved from /opt/airflow/dags/our_first_dag.py
[2023-08-21T09:35:57.801+0000] {logging_mixin.py:151} INFO - [2023-08-21T09:35:57.800+0000] {dag.py:2907} INFO - Sync 1 DAGs
[2023-08-21T09:35:57.822+0000] {logging_mixin.py:151} INFO - [2023-08-21T09:35:57.821+0000] {dag.py:3677} INFO - Setting next_dagrun for our_first_dag to 2022-06-04T00:00:00+00:00, run_after=2022-06-05T00:00:00+00:00
[2023-08-21T09:35:57.843+0000] {processor.py:179} INFO - Processing /opt/airflow/dags/our_first_dag.py took 0.124 seconds
[2023-08-21T09:36:27.958+0000] {processor.py:157} INFO - Started process (PID=400) to work on /opt/airflow/dags/our_first_dag.py
[2023-08-21T09:36:27.960+0000] {processor.py:829} INFO - Processing file /opt/airflow/dags/our_first_dag.py for tasks to queue
[2023-08-21T09:36:27.963+0000] {logging_mixin.py:151} INFO - [2023-08-21T09:36:27.962+0000] {dagbag.py:539} INFO - Filling up the DagBag from /opt/airflow/dags/our_first_dag.py
[2023-08-21T09:36:28.019+0000] {processor.py:839} INFO - DAG(s) dict_keys(['our_first_dag']) retrieved from /opt/airflow/dags/our_first_dag.py
[2023-08-21T09:36:28.054+0000] {logging_mixin.py:151} INFO - [2023-08-21T09:36:28.054+0000] {dag.py:2907} INFO - Sync 1 DAGs
[2023-08-21T09:36:28.075+0000] {logging_mixin.py:151} INFO - [2023-08-21T09:36:28.075+0000] {dag.py:3677} INFO - Setting next_dagrun for our_first_dag to 2022-08-14T00:00:00+00:00, run_after=2022-08-15T00:00:00+00:00
[2023-08-21T09:36:28.100+0000] {processor.py:179} INFO - Processing /opt/airflow/dags/our_first_dag.py took 0.144 seconds
[2023-08-21T09:36:58.332+0000] {processor.py:157} INFO - Started process (PID=408) to work on /opt/airflow/dags/our_first_dag.py
[2023-08-21T09:36:58.333+0000] {processor.py:829} INFO - Processing file /opt/airflow/dags/our_first_dag.py for tasks to queue
[2023-08-21T09:36:58.336+0000] {logging_mixin.py:151} INFO - [2023-08-21T09:36:58.336+0000] {dagbag.py:539} INFO - Filling up the DagBag from /opt/airflow/dags/our_first_dag.py
[2023-08-21T09:36:58.371+0000] {processor.py:839} INFO - DAG(s) dict_keys(['our_first_dag']) retrieved from /opt/airflow/dags/our_first_dag.py
[2023-08-21T09:36:58.392+0000] {logging_mixin.py:151} INFO - [2023-08-21T09:36:58.392+0000] {dag.py:2907} INFO - Sync 1 DAGs
[2023-08-21T09:36:58.410+0000] {logging_mixin.py:151} INFO - [2023-08-21T09:36:58.410+0000] {dag.py:3677} INFO - Setting next_dagrun for our_first_dag to 2022-10-20T00:00:00+00:00, run_after=2022-10-21T00:00:00+00:00
[2023-08-21T09:36:58.429+0000] {processor.py:179} INFO - Processing /opt/airflow/dags/our_first_dag.py took 0.100 seconds
[2023-08-21T09:37:28.642+0000] {processor.py:157} INFO - Started process (PID=416) to work on /opt/airflow/dags/our_first_dag.py
[2023-08-21T09:37:28.644+0000] {processor.py:829} INFO - Processing file /opt/airflow/dags/our_first_dag.py for tasks to queue
[2023-08-21T09:37:28.646+0000] {logging_mixin.py:151} INFO - [2023-08-21T09:37:28.646+0000] {dagbag.py:539} INFO - Filling up the DagBag from /opt/airflow/dags/our_first_dag.py
[2023-08-21T09:37:28.701+0000] {processor.py:839} INFO - DAG(s) dict_keys(['our_first_dag']) retrieved from /opt/airflow/dags/our_first_dag.py
[2023-08-21T09:37:28.729+0000] {logging_mixin.py:151} INFO - [2023-08-21T09:37:28.729+0000] {dag.py:2907} INFO - Sync 1 DAGs
[2023-08-21T09:37:28.748+0000] {logging_mixin.py:151} INFO - [2023-08-21T09:37:28.748+0000] {dag.py:3677} INFO - Setting next_dagrun for our_first_dag to 2023-01-09T00:00:00+00:00, run_after=2023-01-10T00:00:00+00:00
[2023-08-21T09:37:28.769+0000] {processor.py:179} INFO - Processing /opt/airflow/dags/our_first_dag.py took 0.131 seconds
[2023-08-21T09:37:59.019+0000] {processor.py:157} INFO - Started process (PID=424) to work on /opt/airflow/dags/our_first_dag.py
[2023-08-21T09:37:59.021+0000] {processor.py:829} INFO - Processing file /opt/airflow/dags/our_first_dag.py for tasks to queue
[2023-08-21T09:37:59.025+0000] {logging_mixin.py:151} INFO - [2023-08-21T09:37:59.024+0000] {dagbag.py:539} INFO - Filling up the DagBag from /opt/airflow/dags/our_first_dag.py
[2023-08-21T09:37:59.072+0000] {processor.py:839} INFO - DAG(s) dict_keys(['our_first_dag']) retrieved from /opt/airflow/dags/our_first_dag.py
[2023-08-21T09:37:59.110+0000] {logging_mixin.py:151} INFO - [2023-08-21T09:37:59.110+0000] {dag.py:2907} INFO - Sync 1 DAGs
[2023-08-21T09:37:59.184+0000] {logging_mixin.py:151} INFO - [2023-08-21T09:37:59.184+0000] {dag.py:3677} INFO - Setting next_dagrun for our_first_dag to 2023-04-01T00:00:00+00:00, run_after=2023-04-02T00:00:00+00:00
[2023-08-21T09:37:59.218+0000] {processor.py:179} INFO - Processing /opt/airflow/dags/our_first_dag.py took 0.204 seconds
[2023-08-21T09:38:29.308+0000] {processor.py:157} INFO - Started process (PID=432) to work on /opt/airflow/dags/our_first_dag.py
[2023-08-21T09:38:29.310+0000] {processor.py:829} INFO - Processing file /opt/airflow/dags/our_first_dag.py for tasks to queue
[2023-08-21T09:38:29.315+0000] {logging_mixin.py:151} INFO - [2023-08-21T09:38:29.314+0000] {dagbag.py:539} INFO - Filling up the DagBag from /opt/airflow/dags/our_first_dag.py
[2023-08-21T09:38:29.373+0000] {processor.py:839} INFO - DAG(s) dict_keys(['our_first_dag']) retrieved from /opt/airflow/dags/our_first_dag.py
[2023-08-21T09:38:29.438+0000] {logging_mixin.py:151} INFO - [2023-08-21T09:38:29.437+0000] {dag.py:2907} INFO - Sync 1 DAGs
[2023-08-21T09:38:29.497+0000] {logging_mixin.py:151} INFO - [2023-08-21T09:38:29.496+0000] {dag.py:3677} INFO - Setting next_dagrun for our_first_dag to 2023-06-23T00:00:00+00:00, run_after=2023-06-24T00:00:00+00:00
[2023-08-21T09:38:29.535+0000] {processor.py:179} INFO - Processing /opt/airflow/dags/our_first_dag.py took 0.234 seconds
[2023-08-21T09:38:59.836+0000] {processor.py:157} INFO - Started process (PID=444) to work on /opt/airflow/dags/our_first_dag.py
[2023-08-21T09:38:59.838+0000] {processor.py:829} INFO - Processing file /opt/airflow/dags/our_first_dag.py for tasks to queue
[2023-08-21T09:38:59.840+0000] {logging_mixin.py:151} INFO - [2023-08-21T09:38:59.840+0000] {dagbag.py:539} INFO - Filling up the DagBag from /opt/airflow/dags/our_first_dag.py
[2023-08-21T09:38:59.898+0000] {processor.py:839} INFO - DAG(s) dict_keys(['our_first_dag']) retrieved from /opt/airflow/dags/our_first_dag.py
[2023-08-21T09:38:59.921+0000] {logging_mixin.py:151} INFO - [2023-08-21T09:38:59.920+0000] {dag.py:2907} INFO - Sync 1 DAGs
[2023-08-21T09:38:59.938+0000] {logging_mixin.py:151} INFO - [2023-08-21T09:38:59.938+0000] {dag.py:3677} INFO - Setting next_dagrun for our_first_dag to 2023-08-21T00:00:00+00:00, run_after=2023-08-22T00:00:00+00:00
[2023-08-21T09:38:59.961+0000] {processor.py:179} INFO - Processing /opt/airflow/dags/our_first_dag.py took 0.127 seconds
[2023-08-21T09:39:30.138+0000] {processor.py:157} INFO - Started process (PID=452) to work on /opt/airflow/dags/our_first_dag.py
[2023-08-21T09:39:30.139+0000] {processor.py:829} INFO - Processing file /opt/airflow/dags/our_first_dag.py for tasks to queue
[2023-08-21T09:39:30.142+0000] {logging_mixin.py:151} INFO - [2023-08-21T09:39:30.142+0000] {dagbag.py:539} INFO - Filling up the DagBag from /opt/airflow/dags/our_first_dag.py
[2023-08-21T09:39:30.192+0000] {processor.py:839} INFO - DAG(s) dict_keys(['our_first_dag']) retrieved from /opt/airflow/dags/our_first_dag.py
[2023-08-21T09:39:30.213+0000] {logging_mixin.py:151} INFO - [2023-08-21T09:39:30.213+0000] {dag.py:2907} INFO - Sync 1 DAGs
[2023-08-21T09:39:30.230+0000] {logging_mixin.py:151} INFO - [2023-08-21T09:39:30.230+0000] {dag.py:3677} INFO - Setting next_dagrun for our_first_dag to 2023-08-21T00:00:00+00:00, run_after=2023-08-22T00:00:00+00:00
[2023-08-21T09:39:30.253+0000] {processor.py:179} INFO - Processing /opt/airflow/dags/our_first_dag.py took 0.118 seconds
[2023-08-21T09:40:00.473+0000] {processor.py:157} INFO - Started process (PID=460) to work on /opt/airflow/dags/our_first_dag.py
[2023-08-21T09:40:00.474+0000] {processor.py:829} INFO - Processing file /opt/airflow/dags/our_first_dag.py for tasks to queue
[2023-08-21T09:40:00.477+0000] {logging_mixin.py:151} INFO - [2023-08-21T09:40:00.477+0000] {dagbag.py:539} INFO - Filling up the DagBag from /opt/airflow/dags/our_first_dag.py
[2023-08-21T09:40:00.522+0000] {processor.py:839} INFO - DAG(s) dict_keys(['our_first_dag']) retrieved from /opt/airflow/dags/our_first_dag.py
[2023-08-21T09:40:00.546+0000] {logging_mixin.py:151} INFO - [2023-08-21T09:40:00.545+0000] {dag.py:2907} INFO - Sync 1 DAGs
[2023-08-21T09:40:00.565+0000] {logging_mixin.py:151} INFO - [2023-08-21T09:40:00.565+0000] {dag.py:3677} INFO - Setting next_dagrun for our_first_dag to 2023-08-21T00:00:00+00:00, run_after=2023-08-22T00:00:00+00:00
[2023-08-21T09:40:00.587+0000] {processor.py:179} INFO - Processing /opt/airflow/dags/our_first_dag.py took 0.117 seconds
[2023-08-21T09:40:30.763+0000] {processor.py:157} INFO - Started process (PID=468) to work on /opt/airflow/dags/our_first_dag.py
[2023-08-21T09:40:30.765+0000] {processor.py:829} INFO - Processing file /opt/airflow/dags/our_first_dag.py for tasks to queue
[2023-08-21T09:40:30.768+0000] {logging_mixin.py:151} INFO - [2023-08-21T09:40:30.767+0000] {dagbag.py:539} INFO - Filling up the DagBag from /opt/airflow/dags/our_first_dag.py
[2023-08-21T09:40:30.816+0000] {processor.py:839} INFO - DAG(s) dict_keys(['our_first_dag']) retrieved from /opt/airflow/dags/our_first_dag.py
[2023-08-21T09:40:30.837+0000] {logging_mixin.py:151} INFO - [2023-08-21T09:40:30.836+0000] {dag.py:2907} INFO - Sync 1 DAGs
[2023-08-21T09:40:30.853+0000] {logging_mixin.py:151} INFO - [2023-08-21T09:40:30.853+0000] {dag.py:3677} INFO - Setting next_dagrun for our_first_dag to 2023-08-21T00:00:00+00:00, run_after=2023-08-22T00:00:00+00:00
[2023-08-21T09:40:30.872+0000] {processor.py:179} INFO - Processing /opt/airflow/dags/our_first_dag.py took 0.111 seconds
[2023-08-21T09:41:01.109+0000] {processor.py:157} INFO - Started process (PID=476) to work on /opt/airflow/dags/our_first_dag.py
[2023-08-21T09:41:01.110+0000] {processor.py:829} INFO - Processing file /opt/airflow/dags/our_first_dag.py for tasks to queue
[2023-08-21T09:41:01.113+0000] {logging_mixin.py:151} INFO - [2023-08-21T09:41:01.113+0000] {dagbag.py:539} INFO - Filling up the DagBag from /opt/airflow/dags/our_first_dag.py
[2023-08-21T09:41:01.153+0000] {processor.py:839} INFO - DAG(s) dict_keys(['our_first_dag']) retrieved from /opt/airflow/dags/our_first_dag.py
[2023-08-21T09:41:01.173+0000] {logging_mixin.py:151} INFO - [2023-08-21T09:41:01.173+0000] {dag.py:2907} INFO - Sync 1 DAGs
[2023-08-21T09:41:01.189+0000] {logging_mixin.py:151} INFO - [2023-08-21T09:41:01.189+0000] {dag.py:3677} INFO - Setting next_dagrun for our_first_dag to 2023-08-21T00:00:00+00:00, run_after=2023-08-22T00:00:00+00:00
[2023-08-21T09:41:01.212+0000] {processor.py:179} INFO - Processing /opt/airflow/dags/our_first_dag.py took 0.105 seconds
[2023-08-21T09:41:31.396+0000] {processor.py:157} INFO - Started process (PID=484) to work on /opt/airflow/dags/our_first_dag.py
[2023-08-21T09:41:31.398+0000] {processor.py:829} INFO - Processing file /opt/airflow/dags/our_first_dag.py for tasks to queue
[2023-08-21T09:41:31.401+0000] {logging_mixin.py:151} INFO - [2023-08-21T09:41:31.401+0000] {dagbag.py:539} INFO - Filling up the DagBag from /opt/airflow/dags/our_first_dag.py
[2023-08-21T09:41:31.450+0000] {processor.py:839} INFO - DAG(s) dict_keys(['our_first_dag']) retrieved from /opt/airflow/dags/our_first_dag.py
[2023-08-21T09:41:31.472+0000] {logging_mixin.py:151} INFO - [2023-08-21T09:41:31.472+0000] {dag.py:2907} INFO - Sync 1 DAGs
[2023-08-21T09:41:31.490+0000] {logging_mixin.py:151} INFO - [2023-08-21T09:41:31.490+0000] {dag.py:3677} INFO - Setting next_dagrun for our_first_dag to 2023-08-21T00:00:00+00:00, run_after=2023-08-22T00:00:00+00:00
[2023-08-21T09:41:31.516+0000] {processor.py:179} INFO - Processing /opt/airflow/dags/our_first_dag.py took 0.124 seconds
[2023-08-21T09:42:01.696+0000] {processor.py:157} INFO - Started process (PID=492) to work on /opt/airflow/dags/our_first_dag.py
[2023-08-21T09:42:01.698+0000] {processor.py:829} INFO - Processing file /opt/airflow/dags/our_first_dag.py for tasks to queue
[2023-08-21T09:42:01.700+0000] {logging_mixin.py:151} INFO - [2023-08-21T09:42:01.700+0000] {dagbag.py:539} INFO - Filling up the DagBag from /opt/airflow/dags/our_first_dag.py
[2023-08-21T09:42:01.737+0000] {processor.py:839} INFO - DAG(s) dict_keys(['our_first_dag']) retrieved from /opt/airflow/dags/our_first_dag.py
[2023-08-21T09:42:01.756+0000] {logging_mixin.py:151} INFO - [2023-08-21T09:42:01.756+0000] {dag.py:2907} INFO - Sync 1 DAGs
[2023-08-21T09:42:01.773+0000] {logging_mixin.py:151} INFO - [2023-08-21T09:42:01.773+0000] {dag.py:3677} INFO - Setting next_dagrun for our_first_dag to 2023-08-21T00:00:00+00:00, run_after=2023-08-22T00:00:00+00:00
[2023-08-21T09:42:01.790+0000] {processor.py:179} INFO - Processing /opt/airflow/dags/our_first_dag.py took 0.096 seconds
[2023-08-21T09:42:31.994+0000] {processor.py:157} INFO - Started process (PID=500) to work on /opt/airflow/dags/our_first_dag.py
[2023-08-21T09:42:31.995+0000] {processor.py:829} INFO - Processing file /opt/airflow/dags/our_first_dag.py for tasks to queue
[2023-08-21T09:42:31.999+0000] {logging_mixin.py:151} INFO - [2023-08-21T09:42:31.998+0000] {dagbag.py:539} INFO - Filling up the DagBag from /opt/airflow/dags/our_first_dag.py
[2023-08-21T09:42:32.034+0000] {processor.py:839} INFO - DAG(s) dict_keys(['our_first_dag']) retrieved from /opt/airflow/dags/our_first_dag.py
[2023-08-21T09:42:32.055+0000] {logging_mixin.py:151} INFO - [2023-08-21T09:42:32.055+0000] {dag.py:2907} INFO - Sync 1 DAGs
[2023-08-21T09:42:32.072+0000] {logging_mixin.py:151} INFO - [2023-08-21T09:42:32.072+0000] {dag.py:3677} INFO - Setting next_dagrun for our_first_dag to 2023-08-21T00:00:00+00:00, run_after=2023-08-22T00:00:00+00:00
[2023-08-21T09:42:32.089+0000] {processor.py:179} INFO - Processing /opt/airflow/dags/our_first_dag.py took 0.098 seconds
[2023-08-21T09:43:02.292+0000] {processor.py:157} INFO - Started process (PID=508) to work on /opt/airflow/dags/our_first_dag.py
[2023-08-21T09:43:02.293+0000] {processor.py:829} INFO - Processing file /opt/airflow/dags/our_first_dag.py for tasks to queue
[2023-08-21T09:43:02.296+0000] {logging_mixin.py:151} INFO - [2023-08-21T09:43:02.295+0000] {dagbag.py:539} INFO - Filling up the DagBag from /opt/airflow/dags/our_first_dag.py
[2023-08-21T09:43:02.340+0000] {processor.py:839} INFO - DAG(s) dict_keys(['our_first_dag']) retrieved from /opt/airflow/dags/our_first_dag.py
[2023-08-21T09:43:02.360+0000] {logging_mixin.py:151} INFO - [2023-08-21T09:43:02.360+0000] {dag.py:2907} INFO - Sync 1 DAGs
[2023-08-21T09:43:02.376+0000] {logging_mixin.py:151} INFO - [2023-08-21T09:43:02.376+0000] {dag.py:3677} INFO - Setting next_dagrun for our_first_dag to 2023-08-21T00:00:00+00:00, run_after=2023-08-22T00:00:00+00:00
[2023-08-21T09:43:02.394+0000] {processor.py:179} INFO - Processing /opt/airflow/dags/our_first_dag.py took 0.105 seconds
[2023-08-21T09:43:32.573+0000] {processor.py:157} INFO - Started process (PID=516) to work on /opt/airflow/dags/our_first_dag.py
[2023-08-21T09:43:32.575+0000] {processor.py:829} INFO - Processing file /opt/airflow/dags/our_first_dag.py for tasks to queue
[2023-08-21T09:43:32.577+0000] {logging_mixin.py:151} INFO - [2023-08-21T09:43:32.577+0000] {dagbag.py:539} INFO - Filling up the DagBag from /opt/airflow/dags/our_first_dag.py
[2023-08-21T09:43:32.624+0000] {processor.py:839} INFO - DAG(s) dict_keys(['our_first_dag']) retrieved from /opt/airflow/dags/our_first_dag.py
[2023-08-21T09:43:32.645+0000] {logging_mixin.py:151} INFO - [2023-08-21T09:43:32.645+0000] {dag.py:2907} INFO - Sync 1 DAGs
[2023-08-21T09:43:32.662+0000] {logging_mixin.py:151} INFO - [2023-08-21T09:43:32.662+0000] {dag.py:3677} INFO - Setting next_dagrun for our_first_dag to 2023-08-21T00:00:00+00:00, run_after=2023-08-22T00:00:00+00:00
[2023-08-21T09:43:32.680+0000] {processor.py:179} INFO - Processing /opt/airflow/dags/our_first_dag.py took 0.109 seconds
[2023-08-21T16:51:56.891+0000] {processor.py:157} INFO - Started process (PID=524) to work on /opt/airflow/dags/our_first_dag.py
[2023-08-21T16:51:56.893+0000] {processor.py:829} INFO - Processing file /opt/airflow/dags/our_first_dag.py for tasks to queue
[2023-08-21T16:51:56.897+0000] {logging_mixin.py:151} INFO - [2023-08-21T16:51:56.896+0000] {dagbag.py:539} INFO - Filling up the DagBag from /opt/airflow/dags/our_first_dag.py
[2023-08-21T16:51:56.940+0000] {processor.py:839} INFO - DAG(s) dict_keys(['our_first_dag']) retrieved from /opt/airflow/dags/our_first_dag.py
[2023-08-21T16:51:56.968+0000] {logging_mixin.py:151} INFO - [2023-08-21T16:51:56.968+0000] {dag.py:2907} INFO - Sync 1 DAGs
[2023-08-21T16:51:56.991+0000] {logging_mixin.py:151} INFO - [2023-08-21T16:51:56.991+0000] {dag.py:3677} INFO - Setting next_dagrun for our_first_dag to 2023-08-21T00:00:00+00:00, run_after=2023-08-22T00:00:00+00:00
[2023-08-21T16:51:57.012+0000] {processor.py:179} INFO - Processing /opt/airflow/dags/our_first_dag.py took 0.126 seconds
