[2023-08-23T10:02:01.110+0000] {taskinstance.py:1159} INFO - Dependencies all met for dep_context=non-requeueable deps ti=<TaskInstance: dag_with_postgres_operator_v02.insert_into_table manual__2023-08-23T09:50:36.604239+00:00 [queued]>
[2023-08-23T10:02:01.130+0000] {taskinstance.py:1159} INFO - Dependencies all met for dep_context=requeueable deps ti=<TaskInstance: dag_with_postgres_operator_v02.insert_into_table manual__2023-08-23T09:50:36.604239+00:00 [queued]>
[2023-08-23T10:02:01.132+0000] {taskinstance.py:1361} INFO - Starting attempt 4 of 8
[2023-08-23T10:02:01.152+0000] {taskinstance.py:1382} INFO - Executing <Task(PostgresOperator): insert_into_table> on 2023-08-23 09:50:36.604239+00:00
[2023-08-23T10:02:01.159+0000] {standard_task_runner.py:57} INFO - Started process 5516 to run task
[2023-08-23T10:02:01.164+0000] {standard_task_runner.py:84} INFO - Running: ['***', 'tasks', 'run', 'dag_with_postgres_operator_v02', 'insert_into_table', 'manual__2023-08-23T09:50:36.604239+00:00', '--job-id', '13418', '--raw', '--subdir', 'DAGS_FOLDER/dag_with_postgres_operator.py', '--cfg-path', '/tmp/tmpq3xmf_aa']
[2023-08-23T10:02:01.166+0000] {standard_task_runner.py:85} INFO - Job 13418: Subtask insert_into_table
[2023-08-23T10:02:01.241+0000] {task_command.py:415} INFO - Running <TaskInstance: dag_with_postgres_operator_v02.insert_into_table manual__2023-08-23T09:50:36.604239+00:00 [running]> on host b0ce6883e4a1
[2023-08-23T10:02:01.348+0000] {taskinstance.py:1660} INFO - Exporting env vars: AIRFLOW_CTX_DAG_OWNER='Techquier' AIRFLOW_CTX_DAG_ID='dag_with_postgres_operator_v02' AIRFLOW_CTX_TASK_ID='insert_into_table' AIRFLOW_CTX_EXECUTION_DATE='2023-08-23T09:50:36.604239+00:00' AIRFLOW_CTX_TRY_NUMBER='4' AIRFLOW_CTX_DAG_RUN_ID='manual__2023-08-23T09:50:36.604239+00:00'
[2023-08-23T10:02:01.350+0000] {sql.py:274} INFO - Executing: 
            insert into dag_runs (dt, dag_id) values ('2023-08-23', 'dag_with_postgres_operator_v02')
        
[2023-08-23T10:02:01.361+0000] {base.py:73} INFO - Using connection ID 'postgres_localhost' for task execution.
[2023-08-23T10:02:01.372+0000] {base.py:73} INFO - Using connection ID 'postgres_localhost' for task execution.
[2023-08-23T10:02:01.571+0000] {sql.py:418} INFO - Running statement: 
            insert into dag_runs (dt, dag_id) values ('2023-08-23', 'dag_with_postgres_operator_v02')
        , parameters: None
[2023-08-23T10:02:01.577+0000] {taskinstance.py:1943} ERROR - Task failed with exception
Traceback (most recent call last):
  File "/home/airflow/.local/lib/python3.8/site-packages/airflow/providers/common/sql/operators/sql.py", line 280, in execute
    output = hook.run(
  File "/home/airflow/.local/lib/python3.8/site-packages/airflow/providers/common/sql/hooks/sql.py", line 392, in run
    self._run_command(cur, sql_statement, parameters)
  File "/home/airflow/.local/lib/python3.8/site-packages/airflow/providers/common/sql/hooks/sql.py", line 423, in _run_command
    cur.execute(sql_statement)
psycopg2.errors.UniqueViolation: duplicate key value violates unique constraint "dag_runs_pkey"
DETAIL:  Key (dt, dag_id)=(2023-08-23, dag_with_postgres_operator_v02) already exists.

[2023-08-23T10:02:01.591+0000] {taskinstance.py:1400} INFO - Marking task as UP_FOR_RETRY. dag_id=dag_with_postgres_operator_v02, task_id=insert_into_table, execution_date=20230823T095036, start_date=20230823T100201, end_date=20230823T100201
[2023-08-23T10:02:01.609+0000] {standard_task_runner.py:104} ERROR - Failed to execute job 13418 for task insert_into_table (duplicate key value violates unique constraint "dag_runs_pkey"
DETAIL:  Key (dt, dag_id)=(2023-08-23, dag_with_postgres_operator_v02) already exists.
; 5516)
[2023-08-23T10:02:01.659+0000] {local_task_job_runner.py:228} INFO - Task exited with return code 1
[2023-08-23T10:02:01.680+0000] {taskinstance.py:2784} INFO - 0 downstream tasks scheduled from follow-on schedule check
