[2023-08-20 11:40:23,797] {scheduler_job.py:182} INFO - Started process (PID=58) to work on /home/airflow/.local/lib/python3.6/site-packages/airflow/example_dags/example_python_operator.py
[2023-08-20 11:40:23,799] {scheduler_job.py:629} INFO - Processing file /home/airflow/.local/lib/python3.6/site-packages/airflow/example_dags/example_python_operator.py for tasks to queue
[2023-08-20 11:40:23,801] {logging_mixin.py:104} INFO - [2023-08-20 11:40:23,801] {dagbag.py:451} INFO - Filling up the DagBag from /home/airflow/.local/lib/python3.6/site-packages/airflow/example_dags/example_python_operator.py
[2023-08-20 11:40:23,821] {scheduler_job.py:639} INFO - DAG(s) dict_keys(['example_python_operator']) retrieved from /home/airflow/.local/lib/python3.6/site-packages/airflow/example_dags/example_python_operator.py
[2023-08-20 11:40:23,852] {logging_mixin.py:104} INFO - [2023-08-20 11:40:23,852] {dag.py:1824} INFO - Sync 1 DAGs
[2023-08-20 11:40:23,875] {logging_mixin.py:104} INFO - [2023-08-20 11:40:23,875] {dag.py:1843} INFO - Creating ORM DAG for example_python_operator
[2023-08-20 11:40:23,885] {logging_mixin.py:104} INFO - [2023-08-20 11:40:23,885] {dag.py:2280} INFO - Setting next_dagrun for example_python_operator to None
[2023-08-20 11:40:23,918] {scheduler_job.py:190} INFO - Processing /home/airflow/.local/lib/python3.6/site-packages/airflow/example_dags/example_python_operator.py took 0.125 seconds
[2023-08-20 11:40:54,538] {scheduler_job.py:182} INFO - Started process (PID=87) to work on /home/airflow/.local/lib/python3.6/site-packages/airflow/example_dags/example_python_operator.py
[2023-08-20 11:40:54,541] {scheduler_job.py:629} INFO - Processing file /home/airflow/.local/lib/python3.6/site-packages/airflow/example_dags/example_python_operator.py for tasks to queue
[2023-08-20 11:40:54,543] {logging_mixin.py:104} INFO - [2023-08-20 11:40:54,543] {dagbag.py:451} INFO - Filling up the DagBag from /home/airflow/.local/lib/python3.6/site-packages/airflow/example_dags/example_python_operator.py
[2023-08-20 11:40:54,563] {scheduler_job.py:639} INFO - DAG(s) dict_keys(['example_python_operator']) retrieved from /home/airflow/.local/lib/python3.6/site-packages/airflow/example_dags/example_python_operator.py
[2023-08-20 11:40:54,596] {logging_mixin.py:104} INFO - [2023-08-20 11:40:54,596] {dag.py:1824} INFO - Sync 1 DAGs
[2023-08-20 11:40:54,620] {logging_mixin.py:104} INFO - [2023-08-20 11:40:54,619] {dag.py:2280} INFO - Setting next_dagrun for example_python_operator to None
[2023-08-20 11:40:54,636] {scheduler_job.py:190} INFO - Processing /home/airflow/.local/lib/python3.6/site-packages/airflow/example_dags/example_python_operator.py took 0.102 seconds
[2023-08-20 11:41:25,168] {scheduler_job.py:182} INFO - Started process (PID=107) to work on /home/airflow/.local/lib/python3.6/site-packages/airflow/example_dags/example_python_operator.py
[2023-08-20 11:41:25,174] {scheduler_job.py:629} INFO - Processing file /home/airflow/.local/lib/python3.6/site-packages/airflow/example_dags/example_python_operator.py for tasks to queue
[2023-08-20 11:41:25,176] {logging_mixin.py:104} INFO - [2023-08-20 11:41:25,176] {dagbag.py:451} INFO - Filling up the DagBag from /home/airflow/.local/lib/python3.6/site-packages/airflow/example_dags/example_python_operator.py
[2023-08-20 11:41:25,192] {scheduler_job.py:639} INFO - DAG(s) dict_keys(['example_python_operator']) retrieved from /home/airflow/.local/lib/python3.6/site-packages/airflow/example_dags/example_python_operator.py
[2023-08-20 11:41:25,223] {logging_mixin.py:104} INFO - [2023-08-20 11:41:25,223] {dag.py:1824} INFO - Sync 1 DAGs
[2023-08-20 11:41:25,249] {logging_mixin.py:104} INFO - [2023-08-20 11:41:25,249] {dag.py:2280} INFO - Setting next_dagrun for example_python_operator to None
[2023-08-20 11:41:25,264] {scheduler_job.py:190} INFO - Processing /home/airflow/.local/lib/python3.6/site-packages/airflow/example_dags/example_python_operator.py took 0.100 seconds
[2023-08-20 11:41:55,521] {scheduler_job.py:182} INFO - Started process (PID=134) to work on /home/airflow/.local/lib/python3.6/site-packages/airflow/example_dags/example_python_operator.py
[2023-08-20 11:41:55,523] {scheduler_job.py:629} INFO - Processing file /home/airflow/.local/lib/python3.6/site-packages/airflow/example_dags/example_python_operator.py for tasks to queue
[2023-08-20 11:41:55,526] {logging_mixin.py:104} INFO - [2023-08-20 11:41:55,525] {dagbag.py:451} INFO - Filling up the DagBag from /home/airflow/.local/lib/python3.6/site-packages/airflow/example_dags/example_python_operator.py
[2023-08-20 11:41:55,558] {scheduler_job.py:639} INFO - DAG(s) dict_keys(['example_python_operator']) retrieved from /home/airflow/.local/lib/python3.6/site-packages/airflow/example_dags/example_python_operator.py
[2023-08-20 11:41:55,598] {logging_mixin.py:104} INFO - [2023-08-20 11:41:55,598] {dag.py:1824} INFO - Sync 1 DAGs
[2023-08-20 11:41:55,623] {logging_mixin.py:104} INFO - [2023-08-20 11:41:55,623] {dag.py:2280} INFO - Setting next_dagrun for example_python_operator to None
[2023-08-20 11:41:55,636] {scheduler_job.py:190} INFO - Processing /home/airflow/.local/lib/python3.6/site-packages/airflow/example_dags/example_python_operator.py took 0.119 seconds
[2023-08-20 11:42:25,866] {scheduler_job.py:182} INFO - Started process (PID=161) to work on /home/airflow/.local/lib/python3.6/site-packages/airflow/example_dags/example_python_operator.py
[2023-08-20 11:42:25,868] {scheduler_job.py:629} INFO - Processing file /home/airflow/.local/lib/python3.6/site-packages/airflow/example_dags/example_python_operator.py for tasks to queue
[2023-08-20 11:42:25,870] {logging_mixin.py:104} INFO - [2023-08-20 11:42:25,870] {dagbag.py:451} INFO - Filling up the DagBag from /home/airflow/.local/lib/python3.6/site-packages/airflow/example_dags/example_python_operator.py
[2023-08-20 11:42:25,893] {scheduler_job.py:639} INFO - DAG(s) dict_keys(['example_python_operator']) retrieved from /home/airflow/.local/lib/python3.6/site-packages/airflow/example_dags/example_python_operator.py
[2023-08-20 11:42:25,931] {logging_mixin.py:104} INFO - [2023-08-20 11:42:25,931] {dag.py:1824} INFO - Sync 1 DAGs
[2023-08-20 11:42:25,990] {logging_mixin.py:104} INFO - [2023-08-20 11:42:25,989] {dag.py:2280} INFO - Setting next_dagrun for example_python_operator to None
[2023-08-20 11:42:26,016] {scheduler_job.py:190} INFO - Processing /home/airflow/.local/lib/python3.6/site-packages/airflow/example_dags/example_python_operator.py took 0.154 seconds
[2023-08-20 11:42:56,232] {scheduler_job.py:182} INFO - Started process (PID=186) to work on /home/airflow/.local/lib/python3.6/site-packages/airflow/example_dags/example_python_operator.py
[2023-08-20 11:42:56,236] {scheduler_job.py:629} INFO - Processing file /home/airflow/.local/lib/python3.6/site-packages/airflow/example_dags/example_python_operator.py for tasks to queue
[2023-08-20 11:42:56,238] {logging_mixin.py:104} INFO - [2023-08-20 11:42:56,238] {dagbag.py:451} INFO - Filling up the DagBag from /home/airflow/.local/lib/python3.6/site-packages/airflow/example_dags/example_python_operator.py
[2023-08-20 11:42:56,257] {scheduler_job.py:639} INFO - DAG(s) dict_keys(['example_python_operator']) retrieved from /home/airflow/.local/lib/python3.6/site-packages/airflow/example_dags/example_python_operator.py
[2023-08-20 11:42:56,296] {logging_mixin.py:104} INFO - [2023-08-20 11:42:56,296] {dag.py:1824} INFO - Sync 1 DAGs
[2023-08-20 11:42:56,319] {logging_mixin.py:104} INFO - [2023-08-20 11:42:56,319] {dag.py:2280} INFO - Setting next_dagrun for example_python_operator to None
[2023-08-20 11:42:56,338] {scheduler_job.py:190} INFO - Processing /home/airflow/.local/lib/python3.6/site-packages/airflow/example_dags/example_python_operator.py took 0.110 seconds
[2023-08-20 11:43:26,562] {scheduler_job.py:182} INFO - Started process (PID=212) to work on /home/airflow/.local/lib/python3.6/site-packages/airflow/example_dags/example_python_operator.py
[2023-08-20 11:43:26,564] {scheduler_job.py:629} INFO - Processing file /home/airflow/.local/lib/python3.6/site-packages/airflow/example_dags/example_python_operator.py for tasks to queue
[2023-08-20 11:43:26,566] {logging_mixin.py:104} INFO - [2023-08-20 11:43:26,566] {dagbag.py:451} INFO - Filling up the DagBag from /home/airflow/.local/lib/python3.6/site-packages/airflow/example_dags/example_python_operator.py
[2023-08-20 11:43:26,580] {scheduler_job.py:639} INFO - DAG(s) dict_keys(['example_python_operator']) retrieved from /home/airflow/.local/lib/python3.6/site-packages/airflow/example_dags/example_python_operator.py
[2023-08-20 11:43:26,606] {logging_mixin.py:104} INFO - [2023-08-20 11:43:26,606] {dag.py:1824} INFO - Sync 1 DAGs
[2023-08-20 11:43:26,630] {logging_mixin.py:104} INFO - [2023-08-20 11:43:26,630] {dag.py:2280} INFO - Setting next_dagrun for example_python_operator to None
[2023-08-20 11:43:26,645] {scheduler_job.py:190} INFO - Processing /home/airflow/.local/lib/python3.6/site-packages/airflow/example_dags/example_python_operator.py took 0.088 seconds
[2023-08-20 11:43:57,192] {scheduler_job.py:182} INFO - Started process (PID=233) to work on /home/airflow/.local/lib/python3.6/site-packages/airflow/example_dags/example_python_operator.py
[2023-08-20 11:43:57,194] {scheduler_job.py:629} INFO - Processing file /home/airflow/.local/lib/python3.6/site-packages/airflow/example_dags/example_python_operator.py for tasks to queue
[2023-08-20 11:43:57,195] {logging_mixin.py:104} INFO - [2023-08-20 11:43:57,195] {dagbag.py:451} INFO - Filling up the DagBag from /home/airflow/.local/lib/python3.6/site-packages/airflow/example_dags/example_python_operator.py
[2023-08-20 11:43:57,226] {scheduler_job.py:639} INFO - DAG(s) dict_keys(['example_python_operator']) retrieved from /home/airflow/.local/lib/python3.6/site-packages/airflow/example_dags/example_python_operator.py
[2023-08-20 11:43:57,264] {logging_mixin.py:104} INFO - [2023-08-20 11:43:57,264] {dag.py:1824} INFO - Sync 1 DAGs
[2023-08-20 11:43:57,283] {logging_mixin.py:104} INFO - [2023-08-20 11:43:57,283] {dag.py:2280} INFO - Setting next_dagrun for example_python_operator to None
[2023-08-20 11:43:57,302] {scheduler_job.py:190} INFO - Processing /home/airflow/.local/lib/python3.6/site-packages/airflow/example_dags/example_python_operator.py took 0.114 seconds
[2023-08-20 11:44:27,933] {scheduler_job.py:182} INFO - Started process (PID=258) to work on /home/airflow/.local/lib/python3.6/site-packages/airflow/example_dags/example_python_operator.py
[2023-08-20 11:44:27,935] {scheduler_job.py:629} INFO - Processing file /home/airflow/.local/lib/python3.6/site-packages/airflow/example_dags/example_python_operator.py for tasks to queue
[2023-08-20 11:44:27,937] {logging_mixin.py:104} INFO - [2023-08-20 11:44:27,936] {dagbag.py:451} INFO - Filling up the DagBag from /home/airflow/.local/lib/python3.6/site-packages/airflow/example_dags/example_python_operator.py
[2023-08-20 11:44:27,950] {scheduler_job.py:639} INFO - DAG(s) dict_keys(['example_python_operator']) retrieved from /home/airflow/.local/lib/python3.6/site-packages/airflow/example_dags/example_python_operator.py
[2023-08-20 11:44:28,010] {logging_mixin.py:104} INFO - [2023-08-20 11:44:28,010] {dag.py:1824} INFO - Sync 1 DAGs
[2023-08-20 11:44:28,032] {logging_mixin.py:104} INFO - [2023-08-20 11:44:28,032] {dag.py:2280} INFO - Setting next_dagrun for example_python_operator to None
[2023-08-20 11:44:28,046] {scheduler_job.py:190} INFO - Processing /home/airflow/.local/lib/python3.6/site-packages/airflow/example_dags/example_python_operator.py took 0.115 seconds
[2023-08-20 11:44:58,724] {scheduler_job.py:182} INFO - Started process (PID=284) to work on /home/airflow/.local/lib/python3.6/site-packages/airflow/example_dags/example_python_operator.py
[2023-08-20 11:44:58,726] {scheduler_job.py:629} INFO - Processing file /home/airflow/.local/lib/python3.6/site-packages/airflow/example_dags/example_python_operator.py for tasks to queue
[2023-08-20 11:44:58,727] {logging_mixin.py:104} INFO - [2023-08-20 11:44:58,727] {dagbag.py:451} INFO - Filling up the DagBag from /home/airflow/.local/lib/python3.6/site-packages/airflow/example_dags/example_python_operator.py
[2023-08-20 11:44:58,746] {scheduler_job.py:639} INFO - DAG(s) dict_keys(['example_python_operator']) retrieved from /home/airflow/.local/lib/python3.6/site-packages/airflow/example_dags/example_python_operator.py
[2023-08-20 11:44:58,771] {logging_mixin.py:104} INFO - [2023-08-20 11:44:58,771] {dag.py:1824} INFO - Sync 1 DAGs
[2023-08-20 11:44:58,789] {logging_mixin.py:104} INFO - [2023-08-20 11:44:58,789] {dag.py:2280} INFO - Setting next_dagrun for example_python_operator to None
[2023-08-20 11:44:58,802] {scheduler_job.py:190} INFO - Processing /home/airflow/.local/lib/python3.6/site-packages/airflow/example_dags/example_python_operator.py took 0.082 seconds
[2023-08-20 11:45:29,525] {scheduler_job.py:182} INFO - Started process (PID=310) to work on /home/airflow/.local/lib/python3.6/site-packages/airflow/example_dags/example_python_operator.py
[2023-08-20 11:45:29,527] {scheduler_job.py:629} INFO - Processing file /home/airflow/.local/lib/python3.6/site-packages/airflow/example_dags/example_python_operator.py for tasks to queue
[2023-08-20 11:45:29,528] {logging_mixin.py:104} INFO - [2023-08-20 11:45:29,528] {dagbag.py:451} INFO - Filling up the DagBag from /home/airflow/.local/lib/python3.6/site-packages/airflow/example_dags/example_python_operator.py
[2023-08-20 11:45:29,545] {scheduler_job.py:639} INFO - DAG(s) dict_keys(['example_python_operator']) retrieved from /home/airflow/.local/lib/python3.6/site-packages/airflow/example_dags/example_python_operator.py
[2023-08-20 11:45:29,569] {logging_mixin.py:104} INFO - [2023-08-20 11:45:29,569] {dag.py:1824} INFO - Sync 1 DAGs
[2023-08-20 11:45:29,587] {logging_mixin.py:104} INFO - [2023-08-20 11:45:29,586] {dag.py:2280} INFO - Setting next_dagrun for example_python_operator to None
[2023-08-20 11:45:29,600] {scheduler_job.py:190} INFO - Processing /home/airflow/.local/lib/python3.6/site-packages/airflow/example_dags/example_python_operator.py took 0.078 seconds
[2023-08-20 11:45:59,822] {scheduler_job.py:182} INFO - Started process (PID=337) to work on /home/airflow/.local/lib/python3.6/site-packages/airflow/example_dags/example_python_operator.py
[2023-08-20 11:45:59,824] {scheduler_job.py:629} INFO - Processing file /home/airflow/.local/lib/python3.6/site-packages/airflow/example_dags/example_python_operator.py for tasks to queue
[2023-08-20 11:45:59,826] {logging_mixin.py:104} INFO - [2023-08-20 11:45:59,826] {dagbag.py:451} INFO - Filling up the DagBag from /home/airflow/.local/lib/python3.6/site-packages/airflow/example_dags/example_python_operator.py
[2023-08-20 11:45:59,844] {scheduler_job.py:639} INFO - DAG(s) dict_keys(['example_python_operator']) retrieved from /home/airflow/.local/lib/python3.6/site-packages/airflow/example_dags/example_python_operator.py
[2023-08-20 11:45:59,867] {logging_mixin.py:104} INFO - [2023-08-20 11:45:59,866] {dag.py:1824} INFO - Sync 1 DAGs
[2023-08-20 11:45:59,886] {logging_mixin.py:104} INFO - [2023-08-20 11:45:59,886] {dag.py:2280} INFO - Setting next_dagrun for example_python_operator to None
[2023-08-20 11:45:59,907] {scheduler_job.py:190} INFO - Processing /home/airflow/.local/lib/python3.6/site-packages/airflow/example_dags/example_python_operator.py took 0.090 seconds
[2023-08-20 11:46:30,762] {scheduler_job.py:182} INFO - Started process (PID=362) to work on /home/airflow/.local/lib/python3.6/site-packages/airflow/example_dags/example_python_operator.py
[2023-08-20 11:46:30,764] {scheduler_job.py:629} INFO - Processing file /home/airflow/.local/lib/python3.6/site-packages/airflow/example_dags/example_python_operator.py for tasks to queue
[2023-08-20 11:46:30,765] {logging_mixin.py:104} INFO - [2023-08-20 11:46:30,765] {dagbag.py:451} INFO - Filling up the DagBag from /home/airflow/.local/lib/python3.6/site-packages/airflow/example_dags/example_python_operator.py
[2023-08-20 11:46:30,783] {scheduler_job.py:639} INFO - DAG(s) dict_keys(['example_python_operator']) retrieved from /home/airflow/.local/lib/python3.6/site-packages/airflow/example_dags/example_python_operator.py
[2023-08-20 11:46:30,807] {logging_mixin.py:104} INFO - [2023-08-20 11:46:30,806] {dag.py:1824} INFO - Sync 1 DAGs
[2023-08-20 11:46:30,824] {logging_mixin.py:104} INFO - [2023-08-20 11:46:30,824] {dag.py:2280} INFO - Setting next_dagrun for example_python_operator to None
[2023-08-20 11:46:30,839] {scheduler_job.py:190} INFO - Processing /home/airflow/.local/lib/python3.6/site-packages/airflow/example_dags/example_python_operator.py took 0.080 seconds
[2023-08-20 11:47:01,555] {scheduler_job.py:182} INFO - Started process (PID=387) to work on /home/airflow/.local/lib/python3.6/site-packages/airflow/example_dags/example_python_operator.py
[2023-08-20 11:47:01,557] {scheduler_job.py:629} INFO - Processing file /home/airflow/.local/lib/python3.6/site-packages/airflow/example_dags/example_python_operator.py for tasks to queue
[2023-08-20 11:47:01,559] {logging_mixin.py:104} INFO - [2023-08-20 11:47:01,559] {dagbag.py:451} INFO - Filling up the DagBag from /home/airflow/.local/lib/python3.6/site-packages/airflow/example_dags/example_python_operator.py
[2023-08-20 11:47:01,595] {scheduler_job.py:639} INFO - DAG(s) dict_keys(['example_python_operator']) retrieved from /home/airflow/.local/lib/python3.6/site-packages/airflow/example_dags/example_python_operator.py
[2023-08-20 11:47:01,635] {logging_mixin.py:104} INFO - [2023-08-20 11:47:01,635] {dag.py:1824} INFO - Sync 1 DAGs
[2023-08-20 11:47:01,672] {logging_mixin.py:104} INFO - [2023-08-20 11:47:01,671] {dag.py:2280} INFO - Setting next_dagrun for example_python_operator to None
[2023-08-20 11:47:01,699] {scheduler_job.py:190} INFO - Processing /home/airflow/.local/lib/python3.6/site-packages/airflow/example_dags/example_python_operator.py took 0.148 seconds
[2023-08-20 11:47:32,408] {scheduler_job.py:182} INFO - Started process (PID=413) to work on /home/airflow/.local/lib/python3.6/site-packages/airflow/example_dags/example_python_operator.py
[2023-08-20 11:47:32,416] {scheduler_job.py:629} INFO - Processing file /home/airflow/.local/lib/python3.6/site-packages/airflow/example_dags/example_python_operator.py for tasks to queue
[2023-08-20 11:47:32,417] {logging_mixin.py:104} INFO - [2023-08-20 11:47:32,417] {dagbag.py:451} INFO - Filling up the DagBag from /home/airflow/.local/lib/python3.6/site-packages/airflow/example_dags/example_python_operator.py
[2023-08-20 11:47:32,431] {scheduler_job.py:639} INFO - DAG(s) dict_keys(['example_python_operator']) retrieved from /home/airflow/.local/lib/python3.6/site-packages/airflow/example_dags/example_python_operator.py
[2023-08-20 11:47:32,454] {logging_mixin.py:104} INFO - [2023-08-20 11:47:32,454] {dag.py:1824} INFO - Sync 1 DAGs
[2023-08-20 11:47:32,471] {logging_mixin.py:104} INFO - [2023-08-20 11:47:32,471] {dag.py:2280} INFO - Setting next_dagrun for example_python_operator to None
[2023-08-20 11:47:32,486] {scheduler_job.py:190} INFO - Processing /home/airflow/.local/lib/python3.6/site-packages/airflow/example_dags/example_python_operator.py took 0.082 seconds
[2023-08-20 11:48:02,674] {scheduler_job.py:182} INFO - Started process (PID=439) to work on /home/airflow/.local/lib/python3.6/site-packages/airflow/example_dags/example_python_operator.py
[2023-08-20 11:48:02,676] {scheduler_job.py:629} INFO - Processing file /home/airflow/.local/lib/python3.6/site-packages/airflow/example_dags/example_python_operator.py for tasks to queue
[2023-08-20 11:48:02,677] {logging_mixin.py:104} INFO - [2023-08-20 11:48:02,677] {dagbag.py:451} INFO - Filling up the DagBag from /home/airflow/.local/lib/python3.6/site-packages/airflow/example_dags/example_python_operator.py
[2023-08-20 11:48:02,692] {scheduler_job.py:639} INFO - DAG(s) dict_keys(['example_python_operator']) retrieved from /home/airflow/.local/lib/python3.6/site-packages/airflow/example_dags/example_python_operator.py
[2023-08-20 11:48:02,717] {logging_mixin.py:104} INFO - [2023-08-20 11:48:02,716] {dag.py:1824} INFO - Sync 1 DAGs
[2023-08-20 11:48:02,740] {logging_mixin.py:104} INFO - [2023-08-20 11:48:02,740] {dag.py:2280} INFO - Setting next_dagrun for example_python_operator to None
[2023-08-20 11:48:02,755] {scheduler_job.py:190} INFO - Processing /home/airflow/.local/lib/python3.6/site-packages/airflow/example_dags/example_python_operator.py took 0.085 seconds
[2023-08-20 11:48:33,046] {scheduler_job.py:182} INFO - Started process (PID=467) to work on /home/airflow/.local/lib/python3.6/site-packages/airflow/example_dags/example_python_operator.py
[2023-08-20 11:48:33,048] {scheduler_job.py:629} INFO - Processing file /home/airflow/.local/lib/python3.6/site-packages/airflow/example_dags/example_python_operator.py for tasks to queue
[2023-08-20 11:48:33,050] {logging_mixin.py:104} INFO - [2023-08-20 11:48:33,049] {dagbag.py:451} INFO - Filling up the DagBag from /home/airflow/.local/lib/python3.6/site-packages/airflow/example_dags/example_python_operator.py
[2023-08-20 11:48:33,062] {scheduler_job.py:639} INFO - DAG(s) dict_keys(['example_python_operator']) retrieved from /home/airflow/.local/lib/python3.6/site-packages/airflow/example_dags/example_python_operator.py
[2023-08-20 11:48:33,110] {logging_mixin.py:104} INFO - [2023-08-20 11:48:33,110] {dag.py:1824} INFO - Sync 1 DAGs
[2023-08-20 11:48:33,128] {logging_mixin.py:104} INFO - [2023-08-20 11:48:33,128] {dag.py:2280} INFO - Setting next_dagrun for example_python_operator to None
[2023-08-20 11:48:33,147] {scheduler_job.py:190} INFO - Processing /home/airflow/.local/lib/python3.6/site-packages/airflow/example_dags/example_python_operator.py took 0.103 seconds
[2023-08-20 11:49:03,892] {scheduler_job.py:182} INFO - Started process (PID=491) to work on /home/airflow/.local/lib/python3.6/site-packages/airflow/example_dags/example_python_operator.py
[2023-08-20 11:49:03,894] {scheduler_job.py:629} INFO - Processing file /home/airflow/.local/lib/python3.6/site-packages/airflow/example_dags/example_python_operator.py for tasks to queue
[2023-08-20 11:49:03,895] {logging_mixin.py:104} INFO - [2023-08-20 11:49:03,895] {dagbag.py:451} INFO - Filling up the DagBag from /home/airflow/.local/lib/python3.6/site-packages/airflow/example_dags/example_python_operator.py
[2023-08-20 11:49:03,909] {scheduler_job.py:639} INFO - DAG(s) dict_keys(['example_python_operator']) retrieved from /home/airflow/.local/lib/python3.6/site-packages/airflow/example_dags/example_python_operator.py
[2023-08-20 11:49:03,942] {logging_mixin.py:104} INFO - [2023-08-20 11:49:03,942] {dag.py:1824} INFO - Sync 1 DAGs
[2023-08-20 11:49:03,963] {logging_mixin.py:104} INFO - [2023-08-20 11:49:03,962] {dag.py:2280} INFO - Setting next_dagrun for example_python_operator to None
[2023-08-20 11:49:03,976] {scheduler_job.py:190} INFO - Processing /home/airflow/.local/lib/python3.6/site-packages/airflow/example_dags/example_python_operator.py took 0.088 seconds
[2023-08-20 11:49:34,437] {scheduler_job.py:182} INFO - Started process (PID=519) to work on /home/airflow/.local/lib/python3.6/site-packages/airflow/example_dags/example_python_operator.py
[2023-08-20 11:49:34,439] {scheduler_job.py:629} INFO - Processing file /home/airflow/.local/lib/python3.6/site-packages/airflow/example_dags/example_python_operator.py for tasks to queue
[2023-08-20 11:49:34,440] {logging_mixin.py:104} INFO - [2023-08-20 11:49:34,440] {dagbag.py:451} INFO - Filling up the DagBag from /home/airflow/.local/lib/python3.6/site-packages/airflow/example_dags/example_python_operator.py
[2023-08-20 11:49:34,457] {scheduler_job.py:639} INFO - DAG(s) dict_keys(['example_python_operator']) retrieved from /home/airflow/.local/lib/python3.6/site-packages/airflow/example_dags/example_python_operator.py
[2023-08-20 11:49:34,491] {logging_mixin.py:104} INFO - [2023-08-20 11:49:34,491] {dag.py:1824} INFO - Sync 1 DAGs
[2023-08-20 11:49:34,510] {logging_mixin.py:104} INFO - [2023-08-20 11:49:34,510] {dag.py:2280} INFO - Setting next_dagrun for example_python_operator to None
[2023-08-20 11:49:34,525] {scheduler_job.py:190} INFO - Processing /home/airflow/.local/lib/python3.6/site-packages/airflow/example_dags/example_python_operator.py took 0.091 seconds
[2023-08-20 11:50:05,150] {scheduler_job.py:182} INFO - Started process (PID=543) to work on /home/airflow/.local/lib/python3.6/site-packages/airflow/example_dags/example_python_operator.py
[2023-08-20 11:50:05,153] {scheduler_job.py:629} INFO - Processing file /home/airflow/.local/lib/python3.6/site-packages/airflow/example_dags/example_python_operator.py for tasks to queue
[2023-08-20 11:50:05,154] {logging_mixin.py:104} INFO - [2023-08-20 11:50:05,154] {dagbag.py:451} INFO - Filling up the DagBag from /home/airflow/.local/lib/python3.6/site-packages/airflow/example_dags/example_python_operator.py
[2023-08-20 11:50:05,169] {scheduler_job.py:639} INFO - DAG(s) dict_keys(['example_python_operator']) retrieved from /home/airflow/.local/lib/python3.6/site-packages/airflow/example_dags/example_python_operator.py
[2023-08-20 11:50:05,196] {logging_mixin.py:104} INFO - [2023-08-20 11:50:05,196] {dag.py:1824} INFO - Sync 1 DAGs
[2023-08-20 11:50:05,215] {logging_mixin.py:104} INFO - [2023-08-20 11:50:05,214] {dag.py:2280} INFO - Setting next_dagrun for example_python_operator to None
[2023-08-20 11:50:05,231] {scheduler_job.py:190} INFO - Processing /home/airflow/.local/lib/python3.6/site-packages/airflow/example_dags/example_python_operator.py took 0.085 seconds
[2023-08-20 11:50:35,852] {scheduler_job.py:182} INFO - Started process (PID=569) to work on /home/airflow/.local/lib/python3.6/site-packages/airflow/example_dags/example_python_operator.py
[2023-08-20 11:50:35,854] {scheduler_job.py:629} INFO - Processing file /home/airflow/.local/lib/python3.6/site-packages/airflow/example_dags/example_python_operator.py for tasks to queue
[2023-08-20 11:50:35,855] {logging_mixin.py:104} INFO - [2023-08-20 11:50:35,855] {dagbag.py:451} INFO - Filling up the DagBag from /home/airflow/.local/lib/python3.6/site-packages/airflow/example_dags/example_python_operator.py
[2023-08-20 11:50:35,873] {scheduler_job.py:639} INFO - DAG(s) dict_keys(['example_python_operator']) retrieved from /home/airflow/.local/lib/python3.6/site-packages/airflow/example_dags/example_python_operator.py
[2023-08-20 11:50:35,897] {logging_mixin.py:104} INFO - [2023-08-20 11:50:35,896] {dag.py:1824} INFO - Sync 1 DAGs
[2023-08-20 11:50:35,919] {logging_mixin.py:104} INFO - [2023-08-20 11:50:35,918] {dag.py:2280} INFO - Setting next_dagrun for example_python_operator to None
[2023-08-20 11:50:35,939] {scheduler_job.py:190} INFO - Processing /home/airflow/.local/lib/python3.6/site-packages/airflow/example_dags/example_python_operator.py took 0.092 seconds
[2023-08-20 11:51:06,450] {scheduler_job.py:182} INFO - Started process (PID=595) to work on /home/airflow/.local/lib/python3.6/site-packages/airflow/example_dags/example_python_operator.py
[2023-08-20 11:51:06,452] {scheduler_job.py:629} INFO - Processing file /home/airflow/.local/lib/python3.6/site-packages/airflow/example_dags/example_python_operator.py for tasks to queue
[2023-08-20 11:51:06,453] {logging_mixin.py:104} INFO - [2023-08-20 11:51:06,453] {dagbag.py:451} INFO - Filling up the DagBag from /home/airflow/.local/lib/python3.6/site-packages/airflow/example_dags/example_python_operator.py
[2023-08-20 11:51:06,466] {scheduler_job.py:639} INFO - DAG(s) dict_keys(['example_python_operator']) retrieved from /home/airflow/.local/lib/python3.6/site-packages/airflow/example_dags/example_python_operator.py
[2023-08-20 11:51:06,488] {logging_mixin.py:104} INFO - [2023-08-20 11:51:06,488] {dag.py:1824} INFO - Sync 1 DAGs
[2023-08-20 11:51:06,509] {logging_mixin.py:104} INFO - [2023-08-20 11:51:06,509] {dag.py:2280} INFO - Setting next_dagrun for example_python_operator to None
[2023-08-20 11:51:06,522] {scheduler_job.py:190} INFO - Processing /home/airflow/.local/lib/python3.6/site-packages/airflow/example_dags/example_python_operator.py took 0.076 seconds
[2023-08-20 11:51:37,121] {scheduler_job.py:182} INFO - Started process (PID=621) to work on /home/airflow/.local/lib/python3.6/site-packages/airflow/example_dags/example_python_operator.py
[2023-08-20 11:51:37,123] {scheduler_job.py:629} INFO - Processing file /home/airflow/.local/lib/python3.6/site-packages/airflow/example_dags/example_python_operator.py for tasks to queue
[2023-08-20 11:51:37,125] {logging_mixin.py:104} INFO - [2023-08-20 11:51:37,124] {dagbag.py:451} INFO - Filling up the DagBag from /home/airflow/.local/lib/python3.6/site-packages/airflow/example_dags/example_python_operator.py
[2023-08-20 11:51:37,140] {scheduler_job.py:639} INFO - DAG(s) dict_keys(['example_python_operator']) retrieved from /home/airflow/.local/lib/python3.6/site-packages/airflow/example_dags/example_python_operator.py
[2023-08-20 11:51:37,163] {logging_mixin.py:104} INFO - [2023-08-20 11:51:37,163] {dag.py:1824} INFO - Sync 1 DAGs
[2023-08-20 11:51:37,180] {logging_mixin.py:104} INFO - [2023-08-20 11:51:37,180] {dag.py:2280} INFO - Setting next_dagrun for example_python_operator to None
[2023-08-20 11:51:37,198] {scheduler_job.py:190} INFO - Processing /home/airflow/.local/lib/python3.6/site-packages/airflow/example_dags/example_python_operator.py took 0.080 seconds
[2023-08-20 11:52:08,190] {scheduler_job.py:182} INFO - Started process (PID=648) to work on /home/airflow/.local/lib/python3.6/site-packages/airflow/example_dags/example_python_operator.py
[2023-08-20 11:52:08,192] {scheduler_job.py:629} INFO - Processing file /home/airflow/.local/lib/python3.6/site-packages/airflow/example_dags/example_python_operator.py for tasks to queue
[2023-08-20 11:52:08,193] {logging_mixin.py:104} INFO - [2023-08-20 11:52:08,193] {dagbag.py:451} INFO - Filling up the DagBag from /home/airflow/.local/lib/python3.6/site-packages/airflow/example_dags/example_python_operator.py
[2023-08-20 11:52:08,208] {scheduler_job.py:639} INFO - DAG(s) dict_keys(['example_python_operator']) retrieved from /home/airflow/.local/lib/python3.6/site-packages/airflow/example_dags/example_python_operator.py
[2023-08-20 11:52:08,236] {logging_mixin.py:104} INFO - [2023-08-20 11:52:08,236] {dag.py:1824} INFO - Sync 1 DAGs
[2023-08-20 11:52:08,255] {logging_mixin.py:104} INFO - [2023-08-20 11:52:08,255] {dag.py:2280} INFO - Setting next_dagrun for example_python_operator to None
[2023-08-20 11:52:08,268] {scheduler_job.py:190} INFO - Processing /home/airflow/.local/lib/python3.6/site-packages/airflow/example_dags/example_python_operator.py took 0.082 seconds
[2023-08-20 11:52:38,746] {scheduler_job.py:182} INFO - Started process (PID=673) to work on /home/airflow/.local/lib/python3.6/site-packages/airflow/example_dags/example_python_operator.py
[2023-08-20 11:52:38,748] {scheduler_job.py:629} INFO - Processing file /home/airflow/.local/lib/python3.6/site-packages/airflow/example_dags/example_python_operator.py for tasks to queue
[2023-08-20 11:52:38,750] {logging_mixin.py:104} INFO - [2023-08-20 11:52:38,750] {dagbag.py:451} INFO - Filling up the DagBag from /home/airflow/.local/lib/python3.6/site-packages/airflow/example_dags/example_python_operator.py
[2023-08-20 11:52:38,765] {scheduler_job.py:639} INFO - DAG(s) dict_keys(['example_python_operator']) retrieved from /home/airflow/.local/lib/python3.6/site-packages/airflow/example_dags/example_python_operator.py
[2023-08-20 11:52:38,789] {logging_mixin.py:104} INFO - [2023-08-20 11:52:38,788] {dag.py:1824} INFO - Sync 1 DAGs
[2023-08-20 11:52:38,807] {logging_mixin.py:104} INFO - [2023-08-20 11:52:38,807] {dag.py:2280} INFO - Setting next_dagrun for example_python_operator to None
[2023-08-20 11:52:38,821] {scheduler_job.py:190} INFO - Processing /home/airflow/.local/lib/python3.6/site-packages/airflow/example_dags/example_python_operator.py took 0.079 seconds
[2023-08-20 11:53:09,596] {scheduler_job.py:182} INFO - Started process (PID=699) to work on /home/airflow/.local/lib/python3.6/site-packages/airflow/example_dags/example_python_operator.py
[2023-08-20 11:53:09,598] {scheduler_job.py:629} INFO - Processing file /home/airflow/.local/lib/python3.6/site-packages/airflow/example_dags/example_python_operator.py for tasks to queue
[2023-08-20 11:53:09,600] {logging_mixin.py:104} INFO - [2023-08-20 11:53:09,600] {dagbag.py:451} INFO - Filling up the DagBag from /home/airflow/.local/lib/python3.6/site-packages/airflow/example_dags/example_python_operator.py
[2023-08-20 11:53:09,616] {scheduler_job.py:639} INFO - DAG(s) dict_keys(['example_python_operator']) retrieved from /home/airflow/.local/lib/python3.6/site-packages/airflow/example_dags/example_python_operator.py
[2023-08-20 11:53:09,641] {logging_mixin.py:104} INFO - [2023-08-20 11:53:09,641] {dag.py:1824} INFO - Sync 1 DAGs
[2023-08-20 11:53:09,659] {logging_mixin.py:104} INFO - [2023-08-20 11:53:09,659] {dag.py:2280} INFO - Setting next_dagrun for example_python_operator to None
[2023-08-20 11:53:09,675] {scheduler_job.py:190} INFO - Processing /home/airflow/.local/lib/python3.6/site-packages/airflow/example_dags/example_python_operator.py took 0.083 seconds
[2023-08-20 11:53:40,472] {scheduler_job.py:182} INFO - Started process (PID=725) to work on /home/airflow/.local/lib/python3.6/site-packages/airflow/example_dags/example_python_operator.py
[2023-08-20 11:53:40,474] {scheduler_job.py:629} INFO - Processing file /home/airflow/.local/lib/python3.6/site-packages/airflow/example_dags/example_python_operator.py for tasks to queue
[2023-08-20 11:53:40,475] {logging_mixin.py:104} INFO - [2023-08-20 11:53:40,475] {dagbag.py:451} INFO - Filling up the DagBag from /home/airflow/.local/lib/python3.6/site-packages/airflow/example_dags/example_python_operator.py
[2023-08-20 11:53:40,489] {scheduler_job.py:639} INFO - DAG(s) dict_keys(['example_python_operator']) retrieved from /home/airflow/.local/lib/python3.6/site-packages/airflow/example_dags/example_python_operator.py
[2023-08-20 11:53:40,515] {logging_mixin.py:104} INFO - [2023-08-20 11:53:40,515] {dag.py:1824} INFO - Sync 1 DAGs
[2023-08-20 11:53:40,535] {logging_mixin.py:104} INFO - [2023-08-20 11:53:40,535] {dag.py:2280} INFO - Setting next_dagrun for example_python_operator to None
[2023-08-20 11:53:40,549] {scheduler_job.py:190} INFO - Processing /home/airflow/.local/lib/python3.6/site-packages/airflow/example_dags/example_python_operator.py took 0.081 seconds
[2023-08-20 11:54:11,338] {scheduler_job.py:182} INFO - Started process (PID=751) to work on /home/airflow/.local/lib/python3.6/site-packages/airflow/example_dags/example_python_operator.py
[2023-08-20 11:54:11,340] {scheduler_job.py:629} INFO - Processing file /home/airflow/.local/lib/python3.6/site-packages/airflow/example_dags/example_python_operator.py for tasks to queue
[2023-08-20 11:54:11,342] {logging_mixin.py:104} INFO - [2023-08-20 11:54:11,342] {dagbag.py:451} INFO - Filling up the DagBag from /home/airflow/.local/lib/python3.6/site-packages/airflow/example_dags/example_python_operator.py
[2023-08-20 11:54:11,356] {scheduler_job.py:639} INFO - DAG(s) dict_keys(['example_python_operator']) retrieved from /home/airflow/.local/lib/python3.6/site-packages/airflow/example_dags/example_python_operator.py
[2023-08-20 11:54:11,379] {logging_mixin.py:104} INFO - [2023-08-20 11:54:11,379] {dag.py:1824} INFO - Sync 1 DAGs
[2023-08-20 11:54:11,395] {logging_mixin.py:104} INFO - [2023-08-20 11:54:11,395] {dag.py:2280} INFO - Setting next_dagrun for example_python_operator to None
[2023-08-20 11:54:11,409] {scheduler_job.py:190} INFO - Processing /home/airflow/.local/lib/python3.6/site-packages/airflow/example_dags/example_python_operator.py took 0.074 seconds
[2023-08-20 11:54:42,299] {scheduler_job.py:182} INFO - Started process (PID=777) to work on /home/airflow/.local/lib/python3.6/site-packages/airflow/example_dags/example_python_operator.py
[2023-08-20 11:54:42,301] {scheduler_job.py:629} INFO - Processing file /home/airflow/.local/lib/python3.6/site-packages/airflow/example_dags/example_python_operator.py for tasks to queue
[2023-08-20 11:54:42,302] {logging_mixin.py:104} INFO - [2023-08-20 11:54:42,302] {dagbag.py:451} INFO - Filling up the DagBag from /home/airflow/.local/lib/python3.6/site-packages/airflow/example_dags/example_python_operator.py
[2023-08-20 11:54:42,321] {scheduler_job.py:639} INFO - DAG(s) dict_keys(['example_python_operator']) retrieved from /home/airflow/.local/lib/python3.6/site-packages/airflow/example_dags/example_python_operator.py
[2023-08-20 11:54:42,347] {logging_mixin.py:104} INFO - [2023-08-20 11:54:42,347] {dag.py:1824} INFO - Sync 1 DAGs
[2023-08-20 11:54:42,367] {logging_mixin.py:104} INFO - [2023-08-20 11:54:42,367] {dag.py:2280} INFO - Setting next_dagrun for example_python_operator to None
[2023-08-20 11:54:42,381] {scheduler_job.py:190} INFO - Processing /home/airflow/.local/lib/python3.6/site-packages/airflow/example_dags/example_python_operator.py took 0.086 seconds
[2023-08-20 11:55:13,140] {scheduler_job.py:182} INFO - Started process (PID=803) to work on /home/airflow/.local/lib/python3.6/site-packages/airflow/example_dags/example_python_operator.py
[2023-08-20 11:55:13,142] {scheduler_job.py:629} INFO - Processing file /home/airflow/.local/lib/python3.6/site-packages/airflow/example_dags/example_python_operator.py for tasks to queue
[2023-08-20 11:55:13,143] {logging_mixin.py:104} INFO - [2023-08-20 11:55:13,143] {dagbag.py:451} INFO - Filling up the DagBag from /home/airflow/.local/lib/python3.6/site-packages/airflow/example_dags/example_python_operator.py
[2023-08-20 11:55:13,157] {scheduler_job.py:639} INFO - DAG(s) dict_keys(['example_python_operator']) retrieved from /home/airflow/.local/lib/python3.6/site-packages/airflow/example_dags/example_python_operator.py
[2023-08-20 11:55:13,179] {logging_mixin.py:104} INFO - [2023-08-20 11:55:13,179] {dag.py:1824} INFO - Sync 1 DAGs
[2023-08-20 11:55:13,198] {logging_mixin.py:104} INFO - [2023-08-20 11:55:13,197] {dag.py:2280} INFO - Setting next_dagrun for example_python_operator to None
[2023-08-20 11:55:13,210] {scheduler_job.py:190} INFO - Processing /home/airflow/.local/lib/python3.6/site-packages/airflow/example_dags/example_python_operator.py took 0.074 seconds
[2023-08-20 11:55:43,739] {scheduler_job.py:182} INFO - Started process (PID=829) to work on /home/airflow/.local/lib/python3.6/site-packages/airflow/example_dags/example_python_operator.py
[2023-08-20 11:55:43,741] {scheduler_job.py:629} INFO - Processing file /home/airflow/.local/lib/python3.6/site-packages/airflow/example_dags/example_python_operator.py for tasks to queue
[2023-08-20 11:55:43,742] {logging_mixin.py:104} INFO - [2023-08-20 11:55:43,742] {dagbag.py:451} INFO - Filling up the DagBag from /home/airflow/.local/lib/python3.6/site-packages/airflow/example_dags/example_python_operator.py
[2023-08-20 11:55:43,756] {scheduler_job.py:639} INFO - DAG(s) dict_keys(['example_python_operator']) retrieved from /home/airflow/.local/lib/python3.6/site-packages/airflow/example_dags/example_python_operator.py
[2023-08-20 11:55:43,778] {logging_mixin.py:104} INFO - [2023-08-20 11:55:43,778] {dag.py:1824} INFO - Sync 1 DAGs
[2023-08-20 11:55:43,793] {logging_mixin.py:104} INFO - [2023-08-20 11:55:43,793] {dag.py:2280} INFO - Setting next_dagrun for example_python_operator to None
[2023-08-20 11:55:43,805] {scheduler_job.py:190} INFO - Processing /home/airflow/.local/lib/python3.6/site-packages/airflow/example_dags/example_python_operator.py took 0.069 seconds
[2023-08-20 11:56:14,501] {scheduler_job.py:182} INFO - Started process (PID=855) to work on /home/airflow/.local/lib/python3.6/site-packages/airflow/example_dags/example_python_operator.py
[2023-08-20 11:56:14,503] {scheduler_job.py:629} INFO - Processing file /home/airflow/.local/lib/python3.6/site-packages/airflow/example_dags/example_python_operator.py for tasks to queue
[2023-08-20 11:56:14,505] {logging_mixin.py:104} INFO - [2023-08-20 11:56:14,504] {dagbag.py:451} INFO - Filling up the DagBag from /home/airflow/.local/lib/python3.6/site-packages/airflow/example_dags/example_python_operator.py
[2023-08-20 11:56:14,520] {scheduler_job.py:639} INFO - DAG(s) dict_keys(['example_python_operator']) retrieved from /home/airflow/.local/lib/python3.6/site-packages/airflow/example_dags/example_python_operator.py
[2023-08-20 11:56:14,544] {logging_mixin.py:104} INFO - [2023-08-20 11:56:14,544] {dag.py:1824} INFO - Sync 1 DAGs
[2023-08-20 11:56:14,562] {logging_mixin.py:104} INFO - [2023-08-20 11:56:14,562] {dag.py:2280} INFO - Setting next_dagrun for example_python_operator to None
[2023-08-20 11:56:14,576] {scheduler_job.py:190} INFO - Processing /home/airflow/.local/lib/python3.6/site-packages/airflow/example_dags/example_python_operator.py took 0.079 seconds
[2023-08-20 11:56:45,046] {scheduler_job.py:182} INFO - Started process (PID=881) to work on /home/airflow/.local/lib/python3.6/site-packages/airflow/example_dags/example_python_operator.py
[2023-08-20 11:56:45,048] {scheduler_job.py:629} INFO - Processing file /home/airflow/.local/lib/python3.6/site-packages/airflow/example_dags/example_python_operator.py for tasks to queue
[2023-08-20 11:56:45,050] {logging_mixin.py:104} INFO - [2023-08-20 11:56:45,050] {dagbag.py:451} INFO - Filling up the DagBag from /home/airflow/.local/lib/python3.6/site-packages/airflow/example_dags/example_python_operator.py
[2023-08-20 11:56:45,064] {scheduler_job.py:639} INFO - DAG(s) dict_keys(['example_python_operator']) retrieved from /home/airflow/.local/lib/python3.6/site-packages/airflow/example_dags/example_python_operator.py
[2023-08-20 11:56:45,087] {logging_mixin.py:104} INFO - [2023-08-20 11:56:45,087] {dag.py:1824} INFO - Sync 1 DAGs
[2023-08-20 11:56:45,105] {logging_mixin.py:104} INFO - [2023-08-20 11:56:45,105] {dag.py:2280} INFO - Setting next_dagrun for example_python_operator to None
[2023-08-20 11:56:45,118] {scheduler_job.py:190} INFO - Processing /home/airflow/.local/lib/python3.6/site-packages/airflow/example_dags/example_python_operator.py took 0.076 seconds
[2023-08-20 11:57:15,686] {scheduler_job.py:182} INFO - Started process (PID=907) to work on /home/airflow/.local/lib/python3.6/site-packages/airflow/example_dags/example_python_operator.py
[2023-08-20 11:57:15,688] {scheduler_job.py:629} INFO - Processing file /home/airflow/.local/lib/python3.6/site-packages/airflow/example_dags/example_python_operator.py for tasks to queue
[2023-08-20 11:57:15,689] {logging_mixin.py:104} INFO - [2023-08-20 11:57:15,689] {dagbag.py:451} INFO - Filling up the DagBag from /home/airflow/.local/lib/python3.6/site-packages/airflow/example_dags/example_python_operator.py
[2023-08-20 11:57:15,702] {scheduler_job.py:639} INFO - DAG(s) dict_keys(['example_python_operator']) retrieved from /home/airflow/.local/lib/python3.6/site-packages/airflow/example_dags/example_python_operator.py
[2023-08-20 11:57:15,727] {logging_mixin.py:104} INFO - [2023-08-20 11:57:15,727] {dag.py:1824} INFO - Sync 1 DAGs
[2023-08-20 11:57:15,743] {logging_mixin.py:104} INFO - [2023-08-20 11:57:15,742] {dag.py:2280} INFO - Setting next_dagrun for example_python_operator to None
[2023-08-20 11:57:15,755] {scheduler_job.py:190} INFO - Processing /home/airflow/.local/lib/python3.6/site-packages/airflow/example_dags/example_python_operator.py took 0.073 seconds
[2023-08-20 11:57:46,381] {scheduler_job.py:182} INFO - Started process (PID=933) to work on /home/airflow/.local/lib/python3.6/site-packages/airflow/example_dags/example_python_operator.py
[2023-08-20 11:57:46,384] {scheduler_job.py:629} INFO - Processing file /home/airflow/.local/lib/python3.6/site-packages/airflow/example_dags/example_python_operator.py for tasks to queue
[2023-08-20 11:57:46,385] {logging_mixin.py:104} INFO - [2023-08-20 11:57:46,385] {dagbag.py:451} INFO - Filling up the DagBag from /home/airflow/.local/lib/python3.6/site-packages/airflow/example_dags/example_python_operator.py
[2023-08-20 11:57:46,400] {scheduler_job.py:639} INFO - DAG(s) dict_keys(['example_python_operator']) retrieved from /home/airflow/.local/lib/python3.6/site-packages/airflow/example_dags/example_python_operator.py
[2023-08-20 11:57:46,424] {logging_mixin.py:104} INFO - [2023-08-20 11:57:46,424] {dag.py:1824} INFO - Sync 1 DAGs
[2023-08-20 11:57:46,443] {logging_mixin.py:104} INFO - [2023-08-20 11:57:46,443] {dag.py:2280} INFO - Setting next_dagrun for example_python_operator to None
[2023-08-20 11:57:46,458] {scheduler_job.py:190} INFO - Processing /home/airflow/.local/lib/python3.6/site-packages/airflow/example_dags/example_python_operator.py took 0.080 seconds
[2023-08-20 11:58:16,886] {scheduler_job.py:182} INFO - Started process (PID=959) to work on /home/airflow/.local/lib/python3.6/site-packages/airflow/example_dags/example_python_operator.py
[2023-08-20 11:58:16,888] {scheduler_job.py:629} INFO - Processing file /home/airflow/.local/lib/python3.6/site-packages/airflow/example_dags/example_python_operator.py for tasks to queue
[2023-08-20 11:58:16,889] {logging_mixin.py:104} INFO - [2023-08-20 11:58:16,889] {dagbag.py:451} INFO - Filling up the DagBag from /home/airflow/.local/lib/python3.6/site-packages/airflow/example_dags/example_python_operator.py
[2023-08-20 11:58:16,903] {scheduler_job.py:639} INFO - DAG(s) dict_keys(['example_python_operator']) retrieved from /home/airflow/.local/lib/python3.6/site-packages/airflow/example_dags/example_python_operator.py
[2023-08-20 11:58:16,926] {logging_mixin.py:104} INFO - [2023-08-20 11:58:16,926] {dag.py:1824} INFO - Sync 1 DAGs
[2023-08-20 11:58:16,944] {logging_mixin.py:104} INFO - [2023-08-20 11:58:16,944] {dag.py:2280} INFO - Setting next_dagrun for example_python_operator to None
[2023-08-20 11:58:16,959] {scheduler_job.py:190} INFO - Processing /home/airflow/.local/lib/python3.6/site-packages/airflow/example_dags/example_python_operator.py took 0.076 seconds
[2023-08-20 11:58:47,397] {scheduler_job.py:182} INFO - Started process (PID=985) to work on /home/airflow/.local/lib/python3.6/site-packages/airflow/example_dags/example_python_operator.py
[2023-08-20 11:58:47,399] {scheduler_job.py:629} INFO - Processing file /home/airflow/.local/lib/python3.6/site-packages/airflow/example_dags/example_python_operator.py for tasks to queue
[2023-08-20 11:58:47,400] {logging_mixin.py:104} INFO - [2023-08-20 11:58:47,400] {dagbag.py:451} INFO - Filling up the DagBag from /home/airflow/.local/lib/python3.6/site-packages/airflow/example_dags/example_python_operator.py
[2023-08-20 11:58:47,414] {scheduler_job.py:639} INFO - DAG(s) dict_keys(['example_python_operator']) retrieved from /home/airflow/.local/lib/python3.6/site-packages/airflow/example_dags/example_python_operator.py
[2023-08-20 11:58:47,437] {logging_mixin.py:104} INFO - [2023-08-20 11:58:47,437] {dag.py:1824} INFO - Sync 1 DAGs
[2023-08-20 11:58:47,455] {logging_mixin.py:104} INFO - [2023-08-20 11:58:47,455] {dag.py:2280} INFO - Setting next_dagrun for example_python_operator to None
[2023-08-20 11:58:47,474] {scheduler_job.py:190} INFO - Processing /home/airflow/.local/lib/python3.6/site-packages/airflow/example_dags/example_python_operator.py took 0.081 seconds
[2023-08-20 11:59:18,012] {scheduler_job.py:182} INFO - Started process (PID=1011) to work on /home/airflow/.local/lib/python3.6/site-packages/airflow/example_dags/example_python_operator.py
[2023-08-20 11:59:18,014] {scheduler_job.py:629} INFO - Processing file /home/airflow/.local/lib/python3.6/site-packages/airflow/example_dags/example_python_operator.py for tasks to queue
[2023-08-20 11:59:18,016] {logging_mixin.py:104} INFO - [2023-08-20 11:59:18,016] {dagbag.py:451} INFO - Filling up the DagBag from /home/airflow/.local/lib/python3.6/site-packages/airflow/example_dags/example_python_operator.py
[2023-08-20 11:59:18,032] {scheduler_job.py:639} INFO - DAG(s) dict_keys(['example_python_operator']) retrieved from /home/airflow/.local/lib/python3.6/site-packages/airflow/example_dags/example_python_operator.py
[2023-08-20 11:59:18,057] {logging_mixin.py:104} INFO - [2023-08-20 11:59:18,057] {dag.py:1824} INFO - Sync 1 DAGs
[2023-08-20 11:59:18,075] {logging_mixin.py:104} INFO - [2023-08-20 11:59:18,075] {dag.py:2280} INFO - Setting next_dagrun for example_python_operator to None
[2023-08-20 11:59:18,092] {scheduler_job.py:190} INFO - Processing /home/airflow/.local/lib/python3.6/site-packages/airflow/example_dags/example_python_operator.py took 0.084 seconds
[2023-08-20 11:59:48,762] {scheduler_job.py:182} INFO - Started process (PID=1038) to work on /home/airflow/.local/lib/python3.6/site-packages/airflow/example_dags/example_python_operator.py
[2023-08-20 11:59:48,764] {scheduler_job.py:629} INFO - Processing file /home/airflow/.local/lib/python3.6/site-packages/airflow/example_dags/example_python_operator.py for tasks to queue
[2023-08-20 11:59:48,766] {logging_mixin.py:104} INFO - [2023-08-20 11:59:48,765] {dagbag.py:451} INFO - Filling up the DagBag from /home/airflow/.local/lib/python3.6/site-packages/airflow/example_dags/example_python_operator.py
[2023-08-20 11:59:48,784] {scheduler_job.py:639} INFO - DAG(s) dict_keys(['example_python_operator']) retrieved from /home/airflow/.local/lib/python3.6/site-packages/airflow/example_dags/example_python_operator.py
[2023-08-20 11:59:48,818] {logging_mixin.py:104} INFO - [2023-08-20 11:59:48,818] {dag.py:1824} INFO - Sync 1 DAGs
[2023-08-20 11:59:48,842] {logging_mixin.py:104} INFO - [2023-08-20 11:59:48,842] {dag.py:2280} INFO - Setting next_dagrun for example_python_operator to None
[2023-08-20 11:59:48,859] {scheduler_job.py:190} INFO - Processing /home/airflow/.local/lib/python3.6/site-packages/airflow/example_dags/example_python_operator.py took 0.100 seconds
[2023-08-20 12:00:19,461] {scheduler_job.py:182} INFO - Started process (PID=1065) to work on /home/airflow/.local/lib/python3.6/site-packages/airflow/example_dags/example_python_operator.py
[2023-08-20 12:00:19,463] {scheduler_job.py:629} INFO - Processing file /home/airflow/.local/lib/python3.6/site-packages/airflow/example_dags/example_python_operator.py for tasks to queue
[2023-08-20 12:00:19,464] {logging_mixin.py:104} INFO - [2023-08-20 12:00:19,464] {dagbag.py:451} INFO - Filling up the DagBag from /home/airflow/.local/lib/python3.6/site-packages/airflow/example_dags/example_python_operator.py
[2023-08-20 12:00:19,481] {scheduler_job.py:639} INFO - DAG(s) dict_keys(['example_python_operator']) retrieved from /home/airflow/.local/lib/python3.6/site-packages/airflow/example_dags/example_python_operator.py
[2023-08-20 12:00:19,506] {logging_mixin.py:104} INFO - [2023-08-20 12:00:19,506] {dag.py:1824} INFO - Sync 1 DAGs
[2023-08-20 12:00:19,524] {logging_mixin.py:104} INFO - [2023-08-20 12:00:19,524] {dag.py:2280} INFO - Setting next_dagrun for example_python_operator to None
[2023-08-20 12:00:19,539] {scheduler_job.py:190} INFO - Processing /home/airflow/.local/lib/python3.6/site-packages/airflow/example_dags/example_python_operator.py took 0.081 seconds
[2023-08-20 12:00:50,196] {scheduler_job.py:182} INFO - Started process (PID=1091) to work on /home/airflow/.local/lib/python3.6/site-packages/airflow/example_dags/example_python_operator.py
[2023-08-20 12:00:50,198] {scheduler_job.py:629} INFO - Processing file /home/airflow/.local/lib/python3.6/site-packages/airflow/example_dags/example_python_operator.py for tasks to queue
[2023-08-20 12:00:50,199] {logging_mixin.py:104} INFO - [2023-08-20 12:00:50,199] {dagbag.py:451} INFO - Filling up the DagBag from /home/airflow/.local/lib/python3.6/site-packages/airflow/example_dags/example_python_operator.py
[2023-08-20 12:00:50,214] {scheduler_job.py:639} INFO - DAG(s) dict_keys(['example_python_operator']) retrieved from /home/airflow/.local/lib/python3.6/site-packages/airflow/example_dags/example_python_operator.py
[2023-08-20 12:00:50,239] {logging_mixin.py:104} INFO - [2023-08-20 12:00:50,239] {dag.py:1824} INFO - Sync 1 DAGs
[2023-08-20 12:00:50,258] {logging_mixin.py:104} INFO - [2023-08-20 12:00:50,258] {dag.py:2280} INFO - Setting next_dagrun for example_python_operator to None
[2023-08-20 12:00:50,273] {scheduler_job.py:190} INFO - Processing /home/airflow/.local/lib/python3.6/site-packages/airflow/example_dags/example_python_operator.py took 0.081 seconds
[2023-08-20 12:01:20,774] {scheduler_job.py:182} INFO - Started process (PID=1116) to work on /home/airflow/.local/lib/python3.6/site-packages/airflow/example_dags/example_python_operator.py
[2023-08-20 12:01:20,776] {scheduler_job.py:629} INFO - Processing file /home/airflow/.local/lib/python3.6/site-packages/airflow/example_dags/example_python_operator.py for tasks to queue
[2023-08-20 12:01:20,777] {logging_mixin.py:104} INFO - [2023-08-20 12:01:20,777] {dagbag.py:451} INFO - Filling up the DagBag from /home/airflow/.local/lib/python3.6/site-packages/airflow/example_dags/example_python_operator.py
[2023-08-20 12:01:20,794] {scheduler_job.py:639} INFO - DAG(s) dict_keys(['example_python_operator']) retrieved from /home/airflow/.local/lib/python3.6/site-packages/airflow/example_dags/example_python_operator.py
[2023-08-20 12:01:20,818] {logging_mixin.py:104} INFO - [2023-08-20 12:01:20,818] {dag.py:1824} INFO - Sync 1 DAGs
[2023-08-20 12:01:20,836] {logging_mixin.py:104} INFO - [2023-08-20 12:01:20,836] {dag.py:2280} INFO - Setting next_dagrun for example_python_operator to None
[2023-08-20 12:01:20,849] {scheduler_job.py:190} INFO - Processing /home/airflow/.local/lib/python3.6/site-packages/airflow/example_dags/example_python_operator.py took 0.078 seconds
[2023-08-20T17:37:40.739+0000] {processor.py:157} INFO - Started process (PID=68) to work on /home/airflow/.local/lib/python3.8/site-packages/airflow/example_dags/example_python_operator.py
[2023-08-20T17:37:40.741+0000] {processor.py:829} INFO - Processing file /home/airflow/.local/lib/python3.8/site-packages/airflow/example_dags/example_python_operator.py for tasks to queue
[2023-08-20T17:37:40.744+0000] {logging_mixin.py:151} INFO - [2023-08-20T17:37:40.743+0000] {dagbag.py:539} INFO - Filling up the DagBag from /home/airflow/.local/lib/python3.8/site-packages/airflow/example_dags/example_python_operator.py
[2023-08-20T17:37:40.767+0000] {processor.py:839} INFO - DAG(s) dict_keys(['example_python_operator']) retrieved from /home/airflow/.local/lib/python3.8/site-packages/airflow/example_dags/example_python_operator.py
[2023-08-20T17:37:40.785+0000] {logging_mixin.py:151} INFO - [2023-08-20T17:37:40.784+0000] {dag.py:2907} INFO - Sync 1 DAGs
[2023-08-20T17:37:40.808+0000] {logging_mixin.py:151} INFO - [2023-08-20T17:37:40.807+0000] {dag.py:3677} INFO - Setting next_dagrun for example_python_operator to None, run_after=None
[2023-08-20T17:37:40.857+0000] {processor.py:179} INFO - Processing /home/airflow/.local/lib/python3.8/site-packages/airflow/example_dags/example_python_operator.py took 0.122 seconds
[2023-08-20T17:38:11.349+0000] {processor.py:157} INFO - Started process (PID=122) to work on /home/airflow/.local/lib/python3.8/site-packages/airflow/example_dags/example_python_operator.py
[2023-08-20T17:38:11.351+0000] {processor.py:829} INFO - Processing file /home/airflow/.local/lib/python3.8/site-packages/airflow/example_dags/example_python_operator.py for tasks to queue
[2023-08-20T17:38:11.355+0000] {logging_mixin.py:151} INFO - [2023-08-20T17:38:11.354+0000] {dagbag.py:539} INFO - Filling up the DagBag from /home/airflow/.local/lib/python3.8/site-packages/airflow/example_dags/example_python_operator.py
[2023-08-20T17:38:11.367+0000] {processor.py:839} INFO - DAG(s) dict_keys(['example_python_operator']) retrieved from /home/airflow/.local/lib/python3.8/site-packages/airflow/example_dags/example_python_operator.py
[2023-08-20T17:38:11.530+0000] {logging_mixin.py:151} INFO - [2023-08-20T17:38:11.530+0000] {dag.py:2907} INFO - Sync 1 DAGs
[2023-08-20T17:38:11.547+0000] {logging_mixin.py:151} INFO - [2023-08-20T17:38:11.546+0000] {dag.py:3677} INFO - Setting next_dagrun for example_python_operator to None, run_after=None
[2023-08-20T17:38:11.576+0000] {processor.py:179} INFO - Processing /home/airflow/.local/lib/python3.8/site-packages/airflow/example_dags/example_python_operator.py took 0.232 seconds
[2023-08-20T17:38:42.091+0000] {processor.py:157} INFO - Started process (PID=176) to work on /home/airflow/.local/lib/python3.8/site-packages/airflow/example_dags/example_python_operator.py
[2023-08-20T17:38:42.093+0000] {processor.py:829} INFO - Processing file /home/airflow/.local/lib/python3.8/site-packages/airflow/example_dags/example_python_operator.py for tasks to queue
[2023-08-20T17:38:42.096+0000] {logging_mixin.py:151} INFO - [2023-08-20T17:38:42.096+0000] {dagbag.py:539} INFO - Filling up the DagBag from /home/airflow/.local/lib/python3.8/site-packages/airflow/example_dags/example_python_operator.py
[2023-08-20T17:38:42.109+0000] {processor.py:839} INFO - DAG(s) dict_keys(['example_python_operator']) retrieved from /home/airflow/.local/lib/python3.8/site-packages/airflow/example_dags/example_python_operator.py
[2023-08-20T17:38:42.139+0000] {logging_mixin.py:151} INFO - [2023-08-20T17:38:42.139+0000] {dag.py:2907} INFO - Sync 1 DAGs
[2023-08-20T17:38:42.155+0000] {logging_mixin.py:151} INFO - [2023-08-20T17:38:42.155+0000] {dag.py:3677} INFO - Setting next_dagrun for example_python_operator to None, run_after=None
[2023-08-20T17:38:42.188+0000] {processor.py:179} INFO - Processing /home/airflow/.local/lib/python3.8/site-packages/airflow/example_dags/example_python_operator.py took 0.101 seconds
[2023-08-20T17:39:12.506+0000] {processor.py:157} INFO - Started process (PID=230) to work on /home/airflow/.local/lib/python3.8/site-packages/airflow/example_dags/example_python_operator.py
[2023-08-20T17:39:12.509+0000] {processor.py:829} INFO - Processing file /home/airflow/.local/lib/python3.8/site-packages/airflow/example_dags/example_python_operator.py for tasks to queue
[2023-08-20T17:39:12.512+0000] {logging_mixin.py:151} INFO - [2023-08-20T17:39:12.512+0000] {dagbag.py:539} INFO - Filling up the DagBag from /home/airflow/.local/lib/python3.8/site-packages/airflow/example_dags/example_python_operator.py
[2023-08-20T17:39:12.526+0000] {processor.py:839} INFO - DAG(s) dict_keys(['example_python_operator']) retrieved from /home/airflow/.local/lib/python3.8/site-packages/airflow/example_dags/example_python_operator.py
[2023-08-20T17:39:12.559+0000] {logging_mixin.py:151} INFO - [2023-08-20T17:39:12.558+0000] {dag.py:2907} INFO - Sync 1 DAGs
[2023-08-20T17:39:12.582+0000] {logging_mixin.py:151} INFO - [2023-08-20T17:39:12.581+0000] {dag.py:3677} INFO - Setting next_dagrun for example_python_operator to None, run_after=None
[2023-08-20T17:39:12.613+0000] {processor.py:179} INFO - Processing /home/airflow/.local/lib/python3.8/site-packages/airflow/example_dags/example_python_operator.py took 0.110 seconds
[2023-08-20T17:39:42.679+0000] {processor.py:157} INFO - Started process (PID=284) to work on /home/airflow/.local/lib/python3.8/site-packages/airflow/example_dags/example_python_operator.py
[2023-08-20T17:39:42.680+0000] {processor.py:829} INFO - Processing file /home/airflow/.local/lib/python3.8/site-packages/airflow/example_dags/example_python_operator.py for tasks to queue
[2023-08-20T17:39:42.683+0000] {logging_mixin.py:151} INFO - [2023-08-20T17:39:42.683+0000] {dagbag.py:539} INFO - Filling up the DagBag from /home/airflow/.local/lib/python3.8/site-packages/airflow/example_dags/example_python_operator.py
[2023-08-20T17:39:42.698+0000] {processor.py:839} INFO - DAG(s) dict_keys(['example_python_operator']) retrieved from /home/airflow/.local/lib/python3.8/site-packages/airflow/example_dags/example_python_operator.py
[2023-08-20T17:39:42.716+0000] {logging_mixin.py:151} INFO - [2023-08-20T17:39:42.716+0000] {dag.py:2907} INFO - Sync 1 DAGs
[2023-08-20T17:39:42.734+0000] {logging_mixin.py:151} INFO - [2023-08-20T17:39:42.734+0000] {dag.py:3677} INFO - Setting next_dagrun for example_python_operator to None, run_after=None
[2023-08-20T17:39:42.777+0000] {processor.py:179} INFO - Processing /home/airflow/.local/lib/python3.8/site-packages/airflow/example_dags/example_python_operator.py took 0.103 seconds
[2023-08-20T17:40:13.108+0000] {processor.py:157} INFO - Started process (PID=338) to work on /home/airflow/.local/lib/python3.8/site-packages/airflow/example_dags/example_python_operator.py
[2023-08-20T17:40:13.109+0000] {processor.py:829} INFO - Processing file /home/airflow/.local/lib/python3.8/site-packages/airflow/example_dags/example_python_operator.py for tasks to queue
[2023-08-20T17:40:13.112+0000] {logging_mixin.py:151} INFO - [2023-08-20T17:40:13.112+0000] {dagbag.py:539} INFO - Filling up the DagBag from /home/airflow/.local/lib/python3.8/site-packages/airflow/example_dags/example_python_operator.py
[2023-08-20T17:40:13.128+0000] {processor.py:839} INFO - DAG(s) dict_keys(['example_python_operator']) retrieved from /home/airflow/.local/lib/python3.8/site-packages/airflow/example_dags/example_python_operator.py
[2023-08-20T17:40:13.296+0000] {logging_mixin.py:151} INFO - [2023-08-20T17:40:13.296+0000] {dag.py:2907} INFO - Sync 1 DAGs
[2023-08-20T17:40:13.314+0000] {logging_mixin.py:151} INFO - [2023-08-20T17:40:13.314+0000] {dag.py:3677} INFO - Setting next_dagrun for example_python_operator to None, run_after=None
[2023-08-20T17:40:13.342+0000] {processor.py:179} INFO - Processing /home/airflow/.local/lib/python3.8/site-packages/airflow/example_dags/example_python_operator.py took 0.239 seconds
[2023-08-20T17:40:44.032+0000] {processor.py:157} INFO - Started process (PID=392) to work on /home/airflow/.local/lib/python3.8/site-packages/airflow/example_dags/example_python_operator.py
[2023-08-20T17:40:44.033+0000] {processor.py:829} INFO - Processing file /home/airflow/.local/lib/python3.8/site-packages/airflow/example_dags/example_python_operator.py for tasks to queue
[2023-08-20T17:40:44.036+0000] {logging_mixin.py:151} INFO - [2023-08-20T17:40:44.036+0000] {dagbag.py:539} INFO - Filling up the DagBag from /home/airflow/.local/lib/python3.8/site-packages/airflow/example_dags/example_python_operator.py
[2023-08-20T17:40:44.050+0000] {processor.py:839} INFO - DAG(s) dict_keys(['example_python_operator']) retrieved from /home/airflow/.local/lib/python3.8/site-packages/airflow/example_dags/example_python_operator.py
[2023-08-20T17:40:44.084+0000] {logging_mixin.py:151} INFO - [2023-08-20T17:40:44.084+0000] {dag.py:2907} INFO - Sync 1 DAGs
[2023-08-20T17:40:44.105+0000] {logging_mixin.py:151} INFO - [2023-08-20T17:40:44.104+0000] {dag.py:3677} INFO - Setting next_dagrun for example_python_operator to None, run_after=None
[2023-08-20T17:40:44.137+0000] {processor.py:179} INFO - Processing /home/airflow/.local/lib/python3.8/site-packages/airflow/example_dags/example_python_operator.py took 0.109 seconds
[2023-08-20T17:41:14.256+0000] {processor.py:157} INFO - Started process (PID=446) to work on /home/airflow/.local/lib/python3.8/site-packages/airflow/example_dags/example_python_operator.py
[2023-08-20T17:41:14.258+0000] {processor.py:829} INFO - Processing file /home/airflow/.local/lib/python3.8/site-packages/airflow/example_dags/example_python_operator.py for tasks to queue
[2023-08-20T17:41:14.261+0000] {logging_mixin.py:151} INFO - [2023-08-20T17:41:14.260+0000] {dagbag.py:539} INFO - Filling up the DagBag from /home/airflow/.local/lib/python3.8/site-packages/airflow/example_dags/example_python_operator.py
[2023-08-20T17:41:14.277+0000] {processor.py:839} INFO - DAG(s) dict_keys(['example_python_operator']) retrieved from /home/airflow/.local/lib/python3.8/site-packages/airflow/example_dags/example_python_operator.py
[2023-08-20T17:41:14.313+0000] {logging_mixin.py:151} INFO - [2023-08-20T17:41:14.312+0000] {dag.py:2907} INFO - Sync 1 DAGs
[2023-08-20T17:41:14.329+0000] {logging_mixin.py:151} INFO - [2023-08-20T17:41:14.329+0000] {dag.py:3677} INFO - Setting next_dagrun for example_python_operator to None, run_after=None
[2023-08-20T17:41:14.357+0000] {processor.py:179} INFO - Processing /home/airflow/.local/lib/python3.8/site-packages/airflow/example_dags/example_python_operator.py took 0.107 seconds
[2023-08-20T17:41:44.966+0000] {processor.py:157} INFO - Started process (PID=501) to work on /home/airflow/.local/lib/python3.8/site-packages/airflow/example_dags/example_python_operator.py
[2023-08-20T17:41:44.967+0000] {processor.py:829} INFO - Processing file /home/airflow/.local/lib/python3.8/site-packages/airflow/example_dags/example_python_operator.py for tasks to queue
[2023-08-20T17:41:44.970+0000] {logging_mixin.py:151} INFO - [2023-08-20T17:41:44.970+0000] {dagbag.py:539} INFO - Filling up the DagBag from /home/airflow/.local/lib/python3.8/site-packages/airflow/example_dags/example_python_operator.py
[2023-08-20T17:41:44.983+0000] {processor.py:839} INFO - DAG(s) dict_keys(['example_python_operator']) retrieved from /home/airflow/.local/lib/python3.8/site-packages/airflow/example_dags/example_python_operator.py
[2023-08-20T17:41:45.015+0000] {logging_mixin.py:151} INFO - [2023-08-20T17:41:45.014+0000] {dag.py:2907} INFO - Sync 1 DAGs
[2023-08-20T17:41:45.032+0000] {logging_mixin.py:151} INFO - [2023-08-20T17:41:45.032+0000] {dag.py:3677} INFO - Setting next_dagrun for example_python_operator to None, run_after=None
[2023-08-20T17:41:45.058+0000] {processor.py:179} INFO - Processing /home/airflow/.local/lib/python3.8/site-packages/airflow/example_dags/example_python_operator.py took 0.096 seconds
[2023-08-20T17:42:16.103+0000] {processor.py:157} INFO - Started process (PID=555) to work on /home/airflow/.local/lib/python3.8/site-packages/airflow/example_dags/example_python_operator.py
[2023-08-20T17:42:16.104+0000] {processor.py:829} INFO - Processing file /home/airflow/.local/lib/python3.8/site-packages/airflow/example_dags/example_python_operator.py for tasks to queue
[2023-08-20T17:42:16.108+0000] {logging_mixin.py:151} INFO - [2023-08-20T17:42:16.107+0000] {dagbag.py:539} INFO - Filling up the DagBag from /home/airflow/.local/lib/python3.8/site-packages/airflow/example_dags/example_python_operator.py
[2023-08-20T17:42:16.122+0000] {processor.py:839} INFO - DAG(s) dict_keys(['example_python_operator']) retrieved from /home/airflow/.local/lib/python3.8/site-packages/airflow/example_dags/example_python_operator.py
[2023-08-20T17:42:16.158+0000] {logging_mixin.py:151} INFO - [2023-08-20T17:42:16.158+0000] {dag.py:2907} INFO - Sync 1 DAGs
[2023-08-20T17:42:16.180+0000] {logging_mixin.py:151} INFO - [2023-08-20T17:42:16.180+0000] {dag.py:3677} INFO - Setting next_dagrun for example_python_operator to None, run_after=None
[2023-08-20T17:42:16.220+0000] {processor.py:179} INFO - Processing /home/airflow/.local/lib/python3.8/site-packages/airflow/example_dags/example_python_operator.py took 0.122 seconds
[2023-08-20T17:42:46.583+0000] {processor.py:157} INFO - Started process (PID=609) to work on /home/airflow/.local/lib/python3.8/site-packages/airflow/example_dags/example_python_operator.py
[2023-08-20T17:42:46.585+0000] {processor.py:829} INFO - Processing file /home/airflow/.local/lib/python3.8/site-packages/airflow/example_dags/example_python_operator.py for tasks to queue
[2023-08-20T17:42:46.589+0000] {logging_mixin.py:151} INFO - [2023-08-20T17:42:46.589+0000] {dagbag.py:539} INFO - Filling up the DagBag from /home/airflow/.local/lib/python3.8/site-packages/airflow/example_dags/example_python_operator.py
[2023-08-20T17:42:46.608+0000] {processor.py:839} INFO - DAG(s) dict_keys(['example_python_operator']) retrieved from /home/airflow/.local/lib/python3.8/site-packages/airflow/example_dags/example_python_operator.py
[2023-08-20T17:42:46.643+0000] {logging_mixin.py:151} INFO - [2023-08-20T17:42:46.643+0000] {dag.py:2907} INFO - Sync 1 DAGs
[2023-08-20T17:42:46.663+0000] {logging_mixin.py:151} INFO - [2023-08-20T17:42:46.663+0000] {dag.py:3677} INFO - Setting next_dagrun for example_python_operator to None, run_after=None
[2023-08-20T17:42:46.697+0000] {processor.py:179} INFO - Processing /home/airflow/.local/lib/python3.8/site-packages/airflow/example_dags/example_python_operator.py took 0.119 seconds
[2023-08-20T17:43:17.176+0000] {processor.py:157} INFO - Started process (PID=663) to work on /home/airflow/.local/lib/python3.8/site-packages/airflow/example_dags/example_python_operator.py
[2023-08-20T17:43:17.178+0000] {processor.py:829} INFO - Processing file /home/airflow/.local/lib/python3.8/site-packages/airflow/example_dags/example_python_operator.py for tasks to queue
[2023-08-20T17:43:17.183+0000] {logging_mixin.py:151} INFO - [2023-08-20T17:43:17.182+0000] {dagbag.py:539} INFO - Filling up the DagBag from /home/airflow/.local/lib/python3.8/site-packages/airflow/example_dags/example_python_operator.py
[2023-08-20T17:43:17.202+0000] {processor.py:839} INFO - DAG(s) dict_keys(['example_python_operator']) retrieved from /home/airflow/.local/lib/python3.8/site-packages/airflow/example_dags/example_python_operator.py
[2023-08-20T17:43:17.232+0000] {logging_mixin.py:151} INFO - [2023-08-20T17:43:17.232+0000] {dag.py:2907} INFO - Sync 1 DAGs
[2023-08-20T17:43:17.249+0000] {logging_mixin.py:151} INFO - [2023-08-20T17:43:17.249+0000] {dag.py:3677} INFO - Setting next_dagrun for example_python_operator to None, run_after=None
[2023-08-20T17:43:17.278+0000] {processor.py:179} INFO - Processing /home/airflow/.local/lib/python3.8/site-packages/airflow/example_dags/example_python_operator.py took 0.108 seconds
[2023-08-20T17:43:47.884+0000] {processor.py:157} INFO - Started process (PID=717) to work on /home/airflow/.local/lib/python3.8/site-packages/airflow/example_dags/example_python_operator.py
[2023-08-20T17:43:47.886+0000] {processor.py:829} INFO - Processing file /home/airflow/.local/lib/python3.8/site-packages/airflow/example_dags/example_python_operator.py for tasks to queue
[2023-08-20T17:43:47.890+0000] {logging_mixin.py:151} INFO - [2023-08-20T17:43:47.890+0000] {dagbag.py:539} INFO - Filling up the DagBag from /home/airflow/.local/lib/python3.8/site-packages/airflow/example_dags/example_python_operator.py
[2023-08-20T17:43:47.904+0000] {processor.py:839} INFO - DAG(s) dict_keys(['example_python_operator']) retrieved from /home/airflow/.local/lib/python3.8/site-packages/airflow/example_dags/example_python_operator.py
[2023-08-20T17:43:47.937+0000] {logging_mixin.py:151} INFO - [2023-08-20T17:43:47.937+0000] {dag.py:2907} INFO - Sync 1 DAGs
[2023-08-20T17:43:47.953+0000] {logging_mixin.py:151} INFO - [2023-08-20T17:43:47.953+0000] {dag.py:3677} INFO - Setting next_dagrun for example_python_operator to None, run_after=None
[2023-08-20T17:43:47.979+0000] {processor.py:179} INFO - Processing /home/airflow/.local/lib/python3.8/site-packages/airflow/example_dags/example_python_operator.py took 0.098 seconds
[2023-08-20T17:44:18.229+0000] {processor.py:157} INFO - Started process (PID=771) to work on /home/airflow/.local/lib/python3.8/site-packages/airflow/example_dags/example_python_operator.py
[2023-08-20T17:44:18.231+0000] {processor.py:829} INFO - Processing file /home/airflow/.local/lib/python3.8/site-packages/airflow/example_dags/example_python_operator.py for tasks to queue
[2023-08-20T17:44:18.235+0000] {logging_mixin.py:151} INFO - [2023-08-20T17:44:18.235+0000] {dagbag.py:539} INFO - Filling up the DagBag from /home/airflow/.local/lib/python3.8/site-packages/airflow/example_dags/example_python_operator.py
[2023-08-20T17:44:18.247+0000] {processor.py:839} INFO - DAG(s) dict_keys(['example_python_operator']) retrieved from /home/airflow/.local/lib/python3.8/site-packages/airflow/example_dags/example_python_operator.py
[2023-08-20T17:44:18.276+0000] {logging_mixin.py:151} INFO - [2023-08-20T17:44:18.276+0000] {dag.py:2907} INFO - Sync 1 DAGs
[2023-08-20T17:44:18.292+0000] {logging_mixin.py:151} INFO - [2023-08-20T17:44:18.292+0000] {dag.py:3677} INFO - Setting next_dagrun for example_python_operator to None, run_after=None
[2023-08-20T17:44:18.320+0000] {processor.py:179} INFO - Processing /home/airflow/.local/lib/python3.8/site-packages/airflow/example_dags/example_python_operator.py took 0.095 seconds
[2023-08-20T17:44:48.757+0000] {processor.py:157} INFO - Started process (PID=825) to work on /home/airflow/.local/lib/python3.8/site-packages/airflow/example_dags/example_python_operator.py
[2023-08-20T17:44:48.759+0000] {processor.py:829} INFO - Processing file /home/airflow/.local/lib/python3.8/site-packages/airflow/example_dags/example_python_operator.py for tasks to queue
[2023-08-20T17:44:48.762+0000] {logging_mixin.py:151} INFO - [2023-08-20T17:44:48.761+0000] {dagbag.py:539} INFO - Filling up the DagBag from /home/airflow/.local/lib/python3.8/site-packages/airflow/example_dags/example_python_operator.py
[2023-08-20T17:44:48.776+0000] {processor.py:839} INFO - DAG(s) dict_keys(['example_python_operator']) retrieved from /home/airflow/.local/lib/python3.8/site-packages/airflow/example_dags/example_python_operator.py
[2023-08-20T17:44:48.807+0000] {logging_mixin.py:151} INFO - [2023-08-20T17:44:48.807+0000] {dag.py:2907} INFO - Sync 1 DAGs
[2023-08-20T17:44:48.826+0000] {logging_mixin.py:151} INFO - [2023-08-20T17:44:48.826+0000] {dag.py:3677} INFO - Setting next_dagrun for example_python_operator to None, run_after=None
[2023-08-20T17:44:48.855+0000] {processor.py:179} INFO - Processing /home/airflow/.local/lib/python3.8/site-packages/airflow/example_dags/example_python_operator.py took 0.104 seconds
[2023-08-20T17:45:19.324+0000] {processor.py:157} INFO - Started process (PID=879) to work on /home/airflow/.local/lib/python3.8/site-packages/airflow/example_dags/example_python_operator.py
[2023-08-20T17:45:19.325+0000] {processor.py:829} INFO - Processing file /home/airflow/.local/lib/python3.8/site-packages/airflow/example_dags/example_python_operator.py for tasks to queue
[2023-08-20T17:45:19.329+0000] {logging_mixin.py:151} INFO - [2023-08-20T17:45:19.328+0000] {dagbag.py:539} INFO - Filling up the DagBag from /home/airflow/.local/lib/python3.8/site-packages/airflow/example_dags/example_python_operator.py
[2023-08-20T17:45:19.345+0000] {processor.py:839} INFO - DAG(s) dict_keys(['example_python_operator']) retrieved from /home/airflow/.local/lib/python3.8/site-packages/airflow/example_dags/example_python_operator.py
[2023-08-20T17:45:19.379+0000] {logging_mixin.py:151} INFO - [2023-08-20T17:45:19.378+0000] {dag.py:2907} INFO - Sync 1 DAGs
[2023-08-20T17:45:19.395+0000] {logging_mixin.py:151} INFO - [2023-08-20T17:45:19.395+0000] {dag.py:3677} INFO - Setting next_dagrun for example_python_operator to None, run_after=None
[2023-08-20T17:45:19.422+0000] {processor.py:179} INFO - Processing /home/airflow/.local/lib/python3.8/site-packages/airflow/example_dags/example_python_operator.py took 0.102 seconds
[2023-08-20T17:45:49.553+0000] {processor.py:157} INFO - Started process (PID=932) to work on /home/airflow/.local/lib/python3.8/site-packages/airflow/example_dags/example_python_operator.py
[2023-08-20T17:45:49.555+0000] {processor.py:829} INFO - Processing file /home/airflow/.local/lib/python3.8/site-packages/airflow/example_dags/example_python_operator.py for tasks to queue
[2023-08-20T17:45:49.557+0000] {logging_mixin.py:151} INFO - [2023-08-20T17:45:49.557+0000] {dagbag.py:539} INFO - Filling up the DagBag from /home/airflow/.local/lib/python3.8/site-packages/airflow/example_dags/example_python_operator.py
[2023-08-20T17:45:49.570+0000] {processor.py:839} INFO - DAG(s) dict_keys(['example_python_operator']) retrieved from /home/airflow/.local/lib/python3.8/site-packages/airflow/example_dags/example_python_operator.py
[2023-08-20T17:45:49.597+0000] {logging_mixin.py:151} INFO - [2023-08-20T17:45:49.597+0000] {dag.py:2907} INFO - Sync 1 DAGs
[2023-08-20T17:45:49.612+0000] {logging_mixin.py:151} INFO - [2023-08-20T17:45:49.612+0000] {dag.py:3677} INFO - Setting next_dagrun for example_python_operator to None, run_after=None
[2023-08-20T17:45:49.637+0000] {processor.py:179} INFO - Processing /home/airflow/.local/lib/python3.8/site-packages/airflow/example_dags/example_python_operator.py took 0.089 seconds
[2023-08-20T17:46:20.274+0000] {processor.py:157} INFO - Started process (PID=986) to work on /home/airflow/.local/lib/python3.8/site-packages/airflow/example_dags/example_python_operator.py
[2023-08-20T17:46:20.276+0000] {processor.py:829} INFO - Processing file /home/airflow/.local/lib/python3.8/site-packages/airflow/example_dags/example_python_operator.py for tasks to queue
[2023-08-20T17:46:20.280+0000] {logging_mixin.py:151} INFO - [2023-08-20T17:46:20.279+0000] {dagbag.py:539} INFO - Filling up the DagBag from /home/airflow/.local/lib/python3.8/site-packages/airflow/example_dags/example_python_operator.py
[2023-08-20T17:46:20.295+0000] {processor.py:839} INFO - DAG(s) dict_keys(['example_python_operator']) retrieved from /home/airflow/.local/lib/python3.8/site-packages/airflow/example_dags/example_python_operator.py
[2023-08-20T17:46:20.326+0000] {logging_mixin.py:151} INFO - [2023-08-20T17:46:20.326+0000] {dag.py:2907} INFO - Sync 1 DAGs
[2023-08-20T17:46:20.346+0000] {logging_mixin.py:151} INFO - [2023-08-20T17:46:20.346+0000] {dag.py:3677} INFO - Setting next_dagrun for example_python_operator to None, run_after=None
[2023-08-20T17:46:20.376+0000] {processor.py:179} INFO - Processing /home/airflow/.local/lib/python3.8/site-packages/airflow/example_dags/example_python_operator.py took 0.107 seconds
[2023-08-20T17:46:51.068+0000] {processor.py:157} INFO - Started process (PID=1040) to work on /home/airflow/.local/lib/python3.8/site-packages/airflow/example_dags/example_python_operator.py
[2023-08-20T17:46:51.070+0000] {processor.py:829} INFO - Processing file /home/airflow/.local/lib/python3.8/site-packages/airflow/example_dags/example_python_operator.py for tasks to queue
[2023-08-20T17:46:51.073+0000] {logging_mixin.py:151} INFO - [2023-08-20T17:46:51.073+0000] {dagbag.py:539} INFO - Filling up the DagBag from /home/airflow/.local/lib/python3.8/site-packages/airflow/example_dags/example_python_operator.py
[2023-08-20T17:46:51.087+0000] {processor.py:839} INFO - DAG(s) dict_keys(['example_python_operator']) retrieved from /home/airflow/.local/lib/python3.8/site-packages/airflow/example_dags/example_python_operator.py
[2023-08-20T17:46:51.125+0000] {logging_mixin.py:151} INFO - [2023-08-20T17:46:51.125+0000] {dag.py:2907} INFO - Sync 1 DAGs
[2023-08-20T17:46:51.143+0000] {logging_mixin.py:151} INFO - [2023-08-20T17:46:51.143+0000] {dag.py:3677} INFO - Setting next_dagrun for example_python_operator to None, run_after=None
[2023-08-20T17:46:51.173+0000] {processor.py:179} INFO - Processing /home/airflow/.local/lib/python3.8/site-packages/airflow/example_dags/example_python_operator.py took 0.109 seconds
