[2023-08-20 11:40:22,835] {scheduler_job.py:182} INFO - Started process (PID=46) to work on /home/airflow/.local/lib/python3.6/site-packages/airflow/example_dags/example_task_group.py
[2023-08-20 11:40:22,837] {scheduler_job.py:629} INFO - Processing file /home/airflow/.local/lib/python3.6/site-packages/airflow/example_dags/example_task_group.py for tasks to queue
[2023-08-20 11:40:22,838] {logging_mixin.py:104} INFO - [2023-08-20 11:40:22,838] {dagbag.py:451} INFO - Filling up the DagBag from /home/airflow/.local/lib/python3.6/site-packages/airflow/example_dags/example_task_group.py
[2023-08-20 11:40:22,852] {scheduler_job.py:639} INFO - DAG(s) dict_keys(['example_task_group']) retrieved from /home/airflow/.local/lib/python3.6/site-packages/airflow/example_dags/example_task_group.py
[2023-08-20 11:40:22,880] {logging_mixin.py:104} INFO - [2023-08-20 11:40:22,880] {dag.py:1824} INFO - Sync 1 DAGs
[2023-08-20 11:40:22,896] {logging_mixin.py:104} INFO - [2023-08-20 11:40:22,896] {dag.py:1843} INFO - Creating ORM DAG for example_task_group
[2023-08-20 11:40:22,903] {logging_mixin.py:104} INFO - [2023-08-20 11:40:22,903] {dag.py:2280} INFO - Setting next_dagrun for example_task_group to 2023-08-18 00:00:00+00:00
[2023-08-20 11:40:22,924] {scheduler_job.py:190} INFO - Processing /home/airflow/.local/lib/python3.6/site-packages/airflow/example_dags/example_task_group.py took 0.092 seconds
[2023-08-20 11:40:53,587] {scheduler_job.py:182} INFO - Started process (PID=73) to work on /home/airflow/.local/lib/python3.6/site-packages/airflow/example_dags/example_task_group.py
[2023-08-20 11:40:53,589] {scheduler_job.py:629} INFO - Processing file /home/airflow/.local/lib/python3.6/site-packages/airflow/example_dags/example_task_group.py for tasks to queue
[2023-08-20 11:40:53,591] {logging_mixin.py:104} INFO - [2023-08-20 11:40:53,591] {dagbag.py:451} INFO - Filling up the DagBag from /home/airflow/.local/lib/python3.6/site-packages/airflow/example_dags/example_task_group.py
[2023-08-20 11:40:53,609] {scheduler_job.py:639} INFO - DAG(s) dict_keys(['example_task_group']) retrieved from /home/airflow/.local/lib/python3.6/site-packages/airflow/example_dags/example_task_group.py
[2023-08-20 11:40:53,639] {logging_mixin.py:104} INFO - [2023-08-20 11:40:53,639] {dag.py:1824} INFO - Sync 1 DAGs
[2023-08-20 11:40:53,661] {logging_mixin.py:104} INFO - [2023-08-20 11:40:53,661] {dag.py:2280} INFO - Setting next_dagrun for example_task_group to 2023-08-18 00:00:00+00:00
[2023-08-20 11:40:53,678] {scheduler_job.py:190} INFO - Processing /home/airflow/.local/lib/python3.6/site-packages/airflow/example_dags/example_task_group.py took 0.096 seconds
[2023-08-20 11:41:24,554] {scheduler_job.py:182} INFO - Started process (PID=101) to work on /home/airflow/.local/lib/python3.6/site-packages/airflow/example_dags/example_task_group.py
[2023-08-20 11:41:24,556] {scheduler_job.py:629} INFO - Processing file /home/airflow/.local/lib/python3.6/site-packages/airflow/example_dags/example_task_group.py for tasks to queue
[2023-08-20 11:41:24,558] {logging_mixin.py:104} INFO - [2023-08-20 11:41:24,557] {dagbag.py:451} INFO - Filling up the DagBag from /home/airflow/.local/lib/python3.6/site-packages/airflow/example_dags/example_task_group.py
[2023-08-20 11:41:24,574] {scheduler_job.py:639} INFO - DAG(s) dict_keys(['example_task_group']) retrieved from /home/airflow/.local/lib/python3.6/site-packages/airflow/example_dags/example_task_group.py
[2023-08-20 11:41:24,599] {logging_mixin.py:104} INFO - [2023-08-20 11:41:24,599] {dag.py:1824} INFO - Sync 1 DAGs
[2023-08-20 11:41:24,622] {logging_mixin.py:104} INFO - [2023-08-20 11:41:24,622] {dag.py:2280} INFO - Setting next_dagrun for example_task_group to 2023-08-18 00:00:00+00:00
[2023-08-20 11:41:24,639] {scheduler_job.py:190} INFO - Processing /home/airflow/.local/lib/python3.6/site-packages/airflow/example_dags/example_task_group.py took 0.089 seconds
[2023-08-20 11:41:55,053] {scheduler_job.py:182} INFO - Started process (PID=128) to work on /home/airflow/.local/lib/python3.6/site-packages/airflow/example_dags/example_task_group.py
[2023-08-20 11:41:55,056] {scheduler_job.py:629} INFO - Processing file /home/airflow/.local/lib/python3.6/site-packages/airflow/example_dags/example_task_group.py for tasks to queue
[2023-08-20 11:41:55,058] {logging_mixin.py:104} INFO - [2023-08-20 11:41:55,057] {dagbag.py:451} INFO - Filling up the DagBag from /home/airflow/.local/lib/python3.6/site-packages/airflow/example_dags/example_task_group.py
[2023-08-20 11:41:55,071] {scheduler_job.py:639} INFO - DAG(s) dict_keys(['example_task_group']) retrieved from /home/airflow/.local/lib/python3.6/site-packages/airflow/example_dags/example_task_group.py
[2023-08-20 11:41:55,099] {logging_mixin.py:104} INFO - [2023-08-20 11:41:55,099] {dag.py:1824} INFO - Sync 1 DAGs
[2023-08-20 11:41:55,125] {logging_mixin.py:104} INFO - [2023-08-20 11:41:55,125] {dag.py:2280} INFO - Setting next_dagrun for example_task_group to 2023-08-18 00:00:00+00:00
[2023-08-20 11:41:55,145] {scheduler_job.py:190} INFO - Processing /home/airflow/.local/lib/python3.6/site-packages/airflow/example_dags/example_task_group.py took 0.096 seconds
[2023-08-20 11:42:25,294] {scheduler_job.py:182} INFO - Started process (PID=154) to work on /home/airflow/.local/lib/python3.6/site-packages/airflow/example_dags/example_task_group.py
[2023-08-20 11:42:25,295] {scheduler_job.py:629} INFO - Processing file /home/airflow/.local/lib/python3.6/site-packages/airflow/example_dags/example_task_group.py for tasks to queue
[2023-08-20 11:42:25,297] {logging_mixin.py:104} INFO - [2023-08-20 11:42:25,297] {dagbag.py:451} INFO - Filling up the DagBag from /home/airflow/.local/lib/python3.6/site-packages/airflow/example_dags/example_task_group.py
[2023-08-20 11:42:25,312] {scheduler_job.py:639} INFO - DAG(s) dict_keys(['example_task_group']) retrieved from /home/airflow/.local/lib/python3.6/site-packages/airflow/example_dags/example_task_group.py
[2023-08-20 11:42:25,338] {logging_mixin.py:104} INFO - [2023-08-20 11:42:25,338] {dag.py:1824} INFO - Sync 1 DAGs
[2023-08-20 11:42:25,360] {logging_mixin.py:104} INFO - [2023-08-20 11:42:25,360] {dag.py:2280} INFO - Setting next_dagrun for example_task_group to 2023-08-18 00:00:00+00:00
[2023-08-20 11:42:25,377] {scheduler_job.py:190} INFO - Processing /home/airflow/.local/lib/python3.6/site-packages/airflow/example_dags/example_task_group.py took 0.087 seconds
[2023-08-20 11:42:55,624] {scheduler_job.py:182} INFO - Started process (PID=180) to work on /home/airflow/.local/lib/python3.6/site-packages/airflow/example_dags/example_task_group.py
[2023-08-20 11:42:55,628] {scheduler_job.py:629} INFO - Processing file /home/airflow/.local/lib/python3.6/site-packages/airflow/example_dags/example_task_group.py for tasks to queue
[2023-08-20 11:42:55,630] {logging_mixin.py:104} INFO - [2023-08-20 11:42:55,629] {dagbag.py:451} INFO - Filling up the DagBag from /home/airflow/.local/lib/python3.6/site-packages/airflow/example_dags/example_task_group.py
[2023-08-20 11:42:55,648] {scheduler_job.py:639} INFO - DAG(s) dict_keys(['example_task_group']) retrieved from /home/airflow/.local/lib/python3.6/site-packages/airflow/example_dags/example_task_group.py
[2023-08-20 11:42:55,678] {logging_mixin.py:104} INFO - [2023-08-20 11:42:55,677] {dag.py:1824} INFO - Sync 1 DAGs
[2023-08-20 11:42:55,700] {logging_mixin.py:104} INFO - [2023-08-20 11:42:55,700] {dag.py:2280} INFO - Setting next_dagrun for example_task_group to 2023-08-18 00:00:00+00:00
[2023-08-20 11:42:55,717] {scheduler_job.py:190} INFO - Processing /home/airflow/.local/lib/python3.6/site-packages/airflow/example_dags/example_task_group.py took 0.097 seconds
[2023-08-20 11:43:26,134] {scheduler_job.py:182} INFO - Started process (PID=204) to work on /home/airflow/.local/lib/python3.6/site-packages/airflow/example_dags/example_task_group.py
[2023-08-20 11:43:26,136] {scheduler_job.py:629} INFO - Processing file /home/airflow/.local/lib/python3.6/site-packages/airflow/example_dags/example_task_group.py for tasks to queue
[2023-08-20 11:43:26,138] {logging_mixin.py:104} INFO - [2023-08-20 11:43:26,138] {dagbag.py:451} INFO - Filling up the DagBag from /home/airflow/.local/lib/python3.6/site-packages/airflow/example_dags/example_task_group.py
[2023-08-20 11:43:26,153] {scheduler_job.py:639} INFO - DAG(s) dict_keys(['example_task_group']) retrieved from /home/airflow/.local/lib/python3.6/site-packages/airflow/example_dags/example_task_group.py
[2023-08-20 11:43:26,184] {logging_mixin.py:104} INFO - [2023-08-20 11:43:26,184] {dag.py:1824} INFO - Sync 1 DAGs
[2023-08-20 11:43:26,206] {logging_mixin.py:104} INFO - [2023-08-20 11:43:26,206] {dag.py:2280} INFO - Setting next_dagrun for example_task_group to 2023-08-18 00:00:00+00:00
[2023-08-20 11:43:26,219] {scheduler_job.py:190} INFO - Processing /home/airflow/.local/lib/python3.6/site-packages/airflow/example_dags/example_task_group.py took 0.089 seconds
[2023-08-20 11:43:57,072] {scheduler_job.py:182} INFO - Started process (PID=231) to work on /home/airflow/.local/lib/python3.6/site-packages/airflow/example_dags/example_task_group.py
[2023-08-20 11:43:57,074] {scheduler_job.py:629} INFO - Processing file /home/airflow/.local/lib/python3.6/site-packages/airflow/example_dags/example_task_group.py for tasks to queue
[2023-08-20 11:43:57,076] {logging_mixin.py:104} INFO - [2023-08-20 11:43:57,076] {dagbag.py:451} INFO - Filling up the DagBag from /home/airflow/.local/lib/python3.6/site-packages/airflow/example_dags/example_task_group.py
[2023-08-20 11:43:57,090] {scheduler_job.py:639} INFO - DAG(s) dict_keys(['example_task_group']) retrieved from /home/airflow/.local/lib/python3.6/site-packages/airflow/example_dags/example_task_group.py
[2023-08-20 11:43:57,119] {logging_mixin.py:104} INFO - [2023-08-20 11:43:57,119] {dag.py:1824} INFO - Sync 1 DAGs
[2023-08-20 11:43:57,137] {logging_mixin.py:104} INFO - [2023-08-20 11:43:57,136] {dag.py:2280} INFO - Setting next_dagrun for example_task_group to 2023-08-18 00:00:00+00:00
[2023-08-20 11:43:57,155] {scheduler_job.py:190} INFO - Processing /home/airflow/.local/lib/python3.6/site-packages/airflow/example_dags/example_task_group.py took 0.088 seconds
[2023-08-20 11:44:27,809] {scheduler_job.py:182} INFO - Started process (PID=256) to work on /home/airflow/.local/lib/python3.6/site-packages/airflow/example_dags/example_task_group.py
[2023-08-20 11:44:27,810] {scheduler_job.py:629} INFO - Processing file /home/airflow/.local/lib/python3.6/site-packages/airflow/example_dags/example_task_group.py for tasks to queue
[2023-08-20 11:44:27,812] {logging_mixin.py:104} INFO - [2023-08-20 11:44:27,812] {dagbag.py:451} INFO - Filling up the DagBag from /home/airflow/.local/lib/python3.6/site-packages/airflow/example_dags/example_task_group.py
[2023-08-20 11:44:27,830] {scheduler_job.py:639} INFO - DAG(s) dict_keys(['example_task_group']) retrieved from /home/airflow/.local/lib/python3.6/site-packages/airflow/example_dags/example_task_group.py
[2023-08-20 11:44:27,864] {logging_mixin.py:104} INFO - [2023-08-20 11:44:27,864] {dag.py:1824} INFO - Sync 1 DAGs
[2023-08-20 11:44:27,883] {logging_mixin.py:104} INFO - [2023-08-20 11:44:27,883] {dag.py:2280} INFO - Setting next_dagrun for example_task_group to 2023-08-18 00:00:00+00:00
[2023-08-20 11:44:27,901] {scheduler_job.py:190} INFO - Processing /home/airflow/.local/lib/python3.6/site-packages/airflow/example_dags/example_task_group.py took 0.096 seconds
[2023-08-20 11:44:58,619] {scheduler_job.py:182} INFO - Started process (PID=282) to work on /home/airflow/.local/lib/python3.6/site-packages/airflow/example_dags/example_task_group.py
[2023-08-20 11:44:58,621] {scheduler_job.py:629} INFO - Processing file /home/airflow/.local/lib/python3.6/site-packages/airflow/example_dags/example_task_group.py for tasks to queue
[2023-08-20 11:44:58,622] {logging_mixin.py:104} INFO - [2023-08-20 11:44:58,622] {dagbag.py:451} INFO - Filling up the DagBag from /home/airflow/.local/lib/python3.6/site-packages/airflow/example_dags/example_task_group.py
[2023-08-20 11:44:58,637] {scheduler_job.py:639} INFO - DAG(s) dict_keys(['example_task_group']) retrieved from /home/airflow/.local/lib/python3.6/site-packages/airflow/example_dags/example_task_group.py
[2023-08-20 11:44:58,667] {logging_mixin.py:104} INFO - [2023-08-20 11:44:58,667] {dag.py:1824} INFO - Sync 1 DAGs
[2023-08-20 11:44:58,684] {logging_mixin.py:104} INFO - [2023-08-20 11:44:58,684] {dag.py:2280} INFO - Setting next_dagrun for example_task_group to 2023-08-18 00:00:00+00:00
[2023-08-20 11:44:58,696] {scheduler_job.py:190} INFO - Processing /home/airflow/.local/lib/python3.6/site-packages/airflow/example_dags/example_task_group.py took 0.080 seconds
[2023-08-20 11:45:29,417] {scheduler_job.py:182} INFO - Started process (PID=308) to work on /home/airflow/.local/lib/python3.6/site-packages/airflow/example_dags/example_task_group.py
[2023-08-20 11:45:29,419] {scheduler_job.py:629} INFO - Processing file /home/airflow/.local/lib/python3.6/site-packages/airflow/example_dags/example_task_group.py for tasks to queue
[2023-08-20 11:45:29,420] {logging_mixin.py:104} INFO - [2023-08-20 11:45:29,420] {dagbag.py:451} INFO - Filling up the DagBag from /home/airflow/.local/lib/python3.6/site-packages/airflow/example_dags/example_task_group.py
[2023-08-20 11:45:29,440] {scheduler_job.py:639} INFO - DAG(s) dict_keys(['example_task_group']) retrieved from /home/airflow/.local/lib/python3.6/site-packages/airflow/example_dags/example_task_group.py
[2023-08-20 11:45:29,465] {logging_mixin.py:104} INFO - [2023-08-20 11:45:29,465] {dag.py:1824} INFO - Sync 1 DAGs
[2023-08-20 11:45:29,482] {logging_mixin.py:104} INFO - [2023-08-20 11:45:29,482] {dag.py:2280} INFO - Setting next_dagrun for example_task_group to 2023-08-18 00:00:00+00:00
[2023-08-20 11:45:29,494] {scheduler_job.py:190} INFO - Processing /home/airflow/.local/lib/python3.6/site-packages/airflow/example_dags/example_task_group.py took 0.082 seconds
[2023-08-20 11:45:59,669] {scheduler_job.py:182} INFO - Started process (PID=334) to work on /home/airflow/.local/lib/python3.6/site-packages/airflow/example_dags/example_task_group.py
[2023-08-20 11:45:59,671] {scheduler_job.py:629} INFO - Processing file /home/airflow/.local/lib/python3.6/site-packages/airflow/example_dags/example_task_group.py for tasks to queue
[2023-08-20 11:45:59,672] {logging_mixin.py:104} INFO - [2023-08-20 11:45:59,672] {dagbag.py:451} INFO - Filling up the DagBag from /home/airflow/.local/lib/python3.6/site-packages/airflow/example_dags/example_task_group.py
[2023-08-20 11:45:59,692] {scheduler_job.py:639} INFO - DAG(s) dict_keys(['example_task_group']) retrieved from /home/airflow/.local/lib/python3.6/site-packages/airflow/example_dags/example_task_group.py
[2023-08-20 11:45:59,721] {logging_mixin.py:104} INFO - [2023-08-20 11:45:59,720] {dag.py:1824} INFO - Sync 1 DAGs
[2023-08-20 11:45:59,740] {logging_mixin.py:104} INFO - [2023-08-20 11:45:59,740] {dag.py:2280} INFO - Setting next_dagrun for example_task_group to 2023-08-18 00:00:00+00:00
[2023-08-20 11:45:59,754] {scheduler_job.py:190} INFO - Processing /home/airflow/.local/lib/python3.6/site-packages/airflow/example_dags/example_task_group.py took 0.090 seconds
[2023-08-20 11:46:30,664] {scheduler_job.py:182} INFO - Started process (PID=360) to work on /home/airflow/.local/lib/python3.6/site-packages/airflow/example_dags/example_task_group.py
[2023-08-20 11:46:30,666] {scheduler_job.py:629} INFO - Processing file /home/airflow/.local/lib/python3.6/site-packages/airflow/example_dags/example_task_group.py for tasks to queue
[2023-08-20 11:46:30,667] {logging_mixin.py:104} INFO - [2023-08-20 11:46:30,667] {dagbag.py:451} INFO - Filling up the DagBag from /home/airflow/.local/lib/python3.6/site-packages/airflow/example_dags/example_task_group.py
[2023-08-20 11:46:30,682] {scheduler_job.py:639} INFO - DAG(s) dict_keys(['example_task_group']) retrieved from /home/airflow/.local/lib/python3.6/site-packages/airflow/example_dags/example_task_group.py
[2023-08-20 11:46:30,706] {logging_mixin.py:104} INFO - [2023-08-20 11:46:30,706] {dag.py:1824} INFO - Sync 1 DAGs
[2023-08-20 11:46:30,723] {logging_mixin.py:104} INFO - [2023-08-20 11:46:30,723] {dag.py:2280} INFO - Setting next_dagrun for example_task_group to 2023-08-18 00:00:00+00:00
[2023-08-20 11:46:30,736] {scheduler_job.py:190} INFO - Processing /home/airflow/.local/lib/python3.6/site-packages/airflow/example_dags/example_task_group.py took 0.075 seconds
[2023-08-20 11:47:01,426] {scheduler_job.py:182} INFO - Started process (PID=385) to work on /home/airflow/.local/lib/python3.6/site-packages/airflow/example_dags/example_task_group.py
[2023-08-20 11:47:01,428] {scheduler_job.py:629} INFO - Processing file /home/airflow/.local/lib/python3.6/site-packages/airflow/example_dags/example_task_group.py for tasks to queue
[2023-08-20 11:47:01,430] {logging_mixin.py:104} INFO - [2023-08-20 11:47:01,430] {dagbag.py:451} INFO - Filling up the DagBag from /home/airflow/.local/lib/python3.6/site-packages/airflow/example_dags/example_task_group.py
[2023-08-20 11:47:01,448] {scheduler_job.py:639} INFO - DAG(s) dict_keys(['example_task_group']) retrieved from /home/airflow/.local/lib/python3.6/site-packages/airflow/example_dags/example_task_group.py
[2023-08-20 11:47:01,480] {logging_mixin.py:104} INFO - [2023-08-20 11:47:01,480] {dag.py:1824} INFO - Sync 1 DAGs
[2023-08-20 11:47:01,501] {logging_mixin.py:104} INFO - [2023-08-20 11:47:01,501] {dag.py:2280} INFO - Setting next_dagrun for example_task_group to 2023-08-18 00:00:00+00:00
[2023-08-20 11:47:01,521] {scheduler_job.py:190} INFO - Processing /home/airflow/.local/lib/python3.6/site-packages/airflow/example_dags/example_task_group.py took 0.098 seconds
[2023-08-20 11:47:32,294] {scheduler_job.py:182} INFO - Started process (PID=411) to work on /home/airflow/.local/lib/python3.6/site-packages/airflow/example_dags/example_task_group.py
[2023-08-20 11:47:32,300] {scheduler_job.py:629} INFO - Processing file /home/airflow/.local/lib/python3.6/site-packages/airflow/example_dags/example_task_group.py for tasks to queue
[2023-08-20 11:47:32,302] {logging_mixin.py:104} INFO - [2023-08-20 11:47:32,302] {dagbag.py:451} INFO - Filling up the DagBag from /home/airflow/.local/lib/python3.6/site-packages/airflow/example_dags/example_task_group.py
[2023-08-20 11:47:32,316] {scheduler_job.py:639} INFO - DAG(s) dict_keys(['example_task_group']) retrieved from /home/airflow/.local/lib/python3.6/site-packages/airflow/example_dags/example_task_group.py
[2023-08-20 11:47:32,340] {logging_mixin.py:104} INFO - [2023-08-20 11:47:32,340] {dag.py:1824} INFO - Sync 1 DAGs
[2023-08-20 11:47:32,360] {logging_mixin.py:104} INFO - [2023-08-20 11:47:32,360] {dag.py:2280} INFO - Setting next_dagrun for example_task_group to 2023-08-18 00:00:00+00:00
[2023-08-20 11:47:32,376] {scheduler_job.py:190} INFO - Processing /home/airflow/.local/lib/python3.6/site-packages/airflow/example_dags/example_task_group.py took 0.086 seconds
[2023-08-20 11:48:02,563] {scheduler_job.py:182} INFO - Started process (PID=437) to work on /home/airflow/.local/lib/python3.6/site-packages/airflow/example_dags/example_task_group.py
[2023-08-20 11:48:02,565] {scheduler_job.py:629} INFO - Processing file /home/airflow/.local/lib/python3.6/site-packages/airflow/example_dags/example_task_group.py for tasks to queue
[2023-08-20 11:48:02,567] {logging_mixin.py:104} INFO - [2023-08-20 11:48:02,567] {dagbag.py:451} INFO - Filling up the DagBag from /home/airflow/.local/lib/python3.6/site-packages/airflow/example_dags/example_task_group.py
[2023-08-20 11:48:02,582] {scheduler_job.py:639} INFO - DAG(s) dict_keys(['example_task_group']) retrieved from /home/airflow/.local/lib/python3.6/site-packages/airflow/example_dags/example_task_group.py
[2023-08-20 11:48:02,608] {logging_mixin.py:104} INFO - [2023-08-20 11:48:02,608] {dag.py:1824} INFO - Sync 1 DAGs
[2023-08-20 11:48:02,629] {logging_mixin.py:104} INFO - [2023-08-20 11:48:02,629] {dag.py:2280} INFO - Setting next_dagrun for example_task_group to 2023-08-18 00:00:00+00:00
[2023-08-20 11:48:02,644] {scheduler_job.py:190} INFO - Processing /home/airflow/.local/lib/python3.6/site-packages/airflow/example_dags/example_task_group.py took 0.085 seconds
[2023-08-20 11:48:32,806] {scheduler_job.py:182} INFO - Started process (PID=462) to work on /home/airflow/.local/lib/python3.6/site-packages/airflow/example_dags/example_task_group.py
[2023-08-20 11:48:32,808] {scheduler_job.py:629} INFO - Processing file /home/airflow/.local/lib/python3.6/site-packages/airflow/example_dags/example_task_group.py for tasks to queue
[2023-08-20 11:48:32,810] {logging_mixin.py:104} INFO - [2023-08-20 11:48:32,810] {dagbag.py:451} INFO - Filling up the DagBag from /home/airflow/.local/lib/python3.6/site-packages/airflow/example_dags/example_task_group.py
[2023-08-20 11:48:32,823] {scheduler_job.py:639} INFO - DAG(s) dict_keys(['example_task_group']) retrieved from /home/airflow/.local/lib/python3.6/site-packages/airflow/example_dags/example_task_group.py
[2023-08-20 11:48:32,846] {logging_mixin.py:104} INFO - [2023-08-20 11:48:32,846] {dag.py:1824} INFO - Sync 1 DAGs
[2023-08-20 11:48:32,866] {logging_mixin.py:104} INFO - [2023-08-20 11:48:32,866] {dag.py:2280} INFO - Setting next_dagrun for example_task_group to 2023-08-18 00:00:00+00:00
[2023-08-20 11:48:32,881] {scheduler_job.py:190} INFO - Processing /home/airflow/.local/lib/python3.6/site-packages/airflow/example_dags/example_task_group.py took 0.078 seconds
[2023-08-20 11:49:03,763] {scheduler_job.py:182} INFO - Started process (PID=489) to work on /home/airflow/.local/lib/python3.6/site-packages/airflow/example_dags/example_task_group.py
[2023-08-20 11:49:03,765] {scheduler_job.py:629} INFO - Processing file /home/airflow/.local/lib/python3.6/site-packages/airflow/example_dags/example_task_group.py for tasks to queue
[2023-08-20 11:49:03,767] {logging_mixin.py:104} INFO - [2023-08-20 11:49:03,767] {dagbag.py:451} INFO - Filling up the DagBag from /home/airflow/.local/lib/python3.6/site-packages/airflow/example_dags/example_task_group.py
[2023-08-20 11:49:03,784] {scheduler_job.py:639} INFO - DAG(s) dict_keys(['example_task_group']) retrieved from /home/airflow/.local/lib/python3.6/site-packages/airflow/example_dags/example_task_group.py
[2023-08-20 11:49:03,817] {logging_mixin.py:104} INFO - [2023-08-20 11:49:03,817] {dag.py:1824} INFO - Sync 1 DAGs
[2023-08-20 11:49:03,843] {logging_mixin.py:104} INFO - [2023-08-20 11:49:03,843] {dag.py:2280} INFO - Setting next_dagrun for example_task_group to 2023-08-18 00:00:00+00:00
[2023-08-20 11:49:03,864] {scheduler_job.py:190} INFO - Processing /home/airflow/.local/lib/python3.6/site-packages/airflow/example_dags/example_task_group.py took 0.108 seconds
[2023-08-20 11:49:34,222] {scheduler_job.py:182} INFO - Started process (PID=515) to work on /home/airflow/.local/lib/python3.6/site-packages/airflow/example_dags/example_task_group.py
[2023-08-20 11:49:34,225] {scheduler_job.py:629} INFO - Processing file /home/airflow/.local/lib/python3.6/site-packages/airflow/example_dags/example_task_group.py for tasks to queue
[2023-08-20 11:49:34,227] {logging_mixin.py:104} INFO - [2023-08-20 11:49:34,226] {dagbag.py:451} INFO - Filling up the DagBag from /home/airflow/.local/lib/python3.6/site-packages/airflow/example_dags/example_task_group.py
[2023-08-20 11:49:34,239] {scheduler_job.py:639} INFO - DAG(s) dict_keys(['example_task_group']) retrieved from /home/airflow/.local/lib/python3.6/site-packages/airflow/example_dags/example_task_group.py
[2023-08-20 11:49:34,266] {logging_mixin.py:104} INFO - [2023-08-20 11:49:34,265] {dag.py:1824} INFO - Sync 1 DAGs
[2023-08-20 11:49:34,284] {logging_mixin.py:104} INFO - [2023-08-20 11:49:34,284] {dag.py:2280} INFO - Setting next_dagrun for example_task_group to 2023-08-18 00:00:00+00:00
[2023-08-20 11:49:34,298] {scheduler_job.py:190} INFO - Processing /home/airflow/.local/lib/python3.6/site-packages/airflow/example_dags/example_task_group.py took 0.079 seconds
[2023-08-20 11:50:05,023] {scheduler_job.py:182} INFO - Started process (PID=541) to work on /home/airflow/.local/lib/python3.6/site-packages/airflow/example_dags/example_task_group.py
[2023-08-20 11:50:05,026] {scheduler_job.py:629} INFO - Processing file /home/airflow/.local/lib/python3.6/site-packages/airflow/example_dags/example_task_group.py for tasks to queue
[2023-08-20 11:50:05,027] {logging_mixin.py:104} INFO - [2023-08-20 11:50:05,027] {dagbag.py:451} INFO - Filling up the DagBag from /home/airflow/.local/lib/python3.6/site-packages/airflow/example_dags/example_task_group.py
[2023-08-20 11:50:05,042] {scheduler_job.py:639} INFO - DAG(s) dict_keys(['example_task_group']) retrieved from /home/airflow/.local/lib/python3.6/site-packages/airflow/example_dags/example_task_group.py
[2023-08-20 11:50:05,073] {logging_mixin.py:104} INFO - [2023-08-20 11:50:05,073] {dag.py:1824} INFO - Sync 1 DAGs
[2023-08-20 11:50:05,102] {logging_mixin.py:104} INFO - [2023-08-20 11:50:05,102] {dag.py:2280} INFO - Setting next_dagrun for example_task_group to 2023-08-18 00:00:00+00:00
[2023-08-20 11:50:05,118] {scheduler_job.py:190} INFO - Processing /home/airflow/.local/lib/python3.6/site-packages/airflow/example_dags/example_task_group.py took 0.098 seconds
[2023-08-20 11:50:35,741] {scheduler_job.py:182} INFO - Started process (PID=567) to work on /home/airflow/.local/lib/python3.6/site-packages/airflow/example_dags/example_task_group.py
[2023-08-20 11:50:35,743] {scheduler_job.py:629} INFO - Processing file /home/airflow/.local/lib/python3.6/site-packages/airflow/example_dags/example_task_group.py for tasks to queue
[2023-08-20 11:50:35,744] {logging_mixin.py:104} INFO - [2023-08-20 11:50:35,744] {dagbag.py:451} INFO - Filling up the DagBag from /home/airflow/.local/lib/python3.6/site-packages/airflow/example_dags/example_task_group.py
[2023-08-20 11:50:35,758] {scheduler_job.py:639} INFO - DAG(s) dict_keys(['example_task_group']) retrieved from /home/airflow/.local/lib/python3.6/site-packages/airflow/example_dags/example_task_group.py
[2023-08-20 11:50:35,784] {logging_mixin.py:104} INFO - [2023-08-20 11:50:35,784] {dag.py:1824} INFO - Sync 1 DAGs
[2023-08-20 11:50:35,804] {logging_mixin.py:104} INFO - [2023-08-20 11:50:35,804] {dag.py:2280} INFO - Setting next_dagrun for example_task_group to 2023-08-18 00:00:00+00:00
[2023-08-20 11:50:35,817] {scheduler_job.py:190} INFO - Processing /home/airflow/.local/lib/python3.6/site-packages/airflow/example_dags/example_task_group.py took 0.080 seconds
[2023-08-20 11:51:06,339] {scheduler_job.py:182} INFO - Started process (PID=593) to work on /home/airflow/.local/lib/python3.6/site-packages/airflow/example_dags/example_task_group.py
[2023-08-20 11:51:06,341] {scheduler_job.py:629} INFO - Processing file /home/airflow/.local/lib/python3.6/site-packages/airflow/example_dags/example_task_group.py for tasks to queue
[2023-08-20 11:51:06,342] {logging_mixin.py:104} INFO - [2023-08-20 11:51:06,342] {dagbag.py:451} INFO - Filling up the DagBag from /home/airflow/.local/lib/python3.6/site-packages/airflow/example_dags/example_task_group.py
[2023-08-20 11:51:06,357] {scheduler_job.py:639} INFO - DAG(s) dict_keys(['example_task_group']) retrieved from /home/airflow/.local/lib/python3.6/site-packages/airflow/example_dags/example_task_group.py
[2023-08-20 11:51:06,379] {logging_mixin.py:104} INFO - [2023-08-20 11:51:06,379] {dag.py:1824} INFO - Sync 1 DAGs
[2023-08-20 11:51:06,400] {logging_mixin.py:104} INFO - [2023-08-20 11:51:06,400] {dag.py:2280} INFO - Setting next_dagrun for example_task_group to 2023-08-18 00:00:00+00:00
[2023-08-20 11:51:06,418] {scheduler_job.py:190} INFO - Processing /home/airflow/.local/lib/python3.6/site-packages/airflow/example_dags/example_task_group.py took 0.083 seconds
[2023-08-20 11:51:37,003] {scheduler_job.py:182} INFO - Started process (PID=619) to work on /home/airflow/.local/lib/python3.6/site-packages/airflow/example_dags/example_task_group.py
[2023-08-20 11:51:37,005] {scheduler_job.py:629} INFO - Processing file /home/airflow/.local/lib/python3.6/site-packages/airflow/example_dags/example_task_group.py for tasks to queue
[2023-08-20 11:51:37,007] {logging_mixin.py:104} INFO - [2023-08-20 11:51:37,006] {dagbag.py:451} INFO - Filling up the DagBag from /home/airflow/.local/lib/python3.6/site-packages/airflow/example_dags/example_task_group.py
[2023-08-20 11:51:37,021] {scheduler_job.py:639} INFO - DAG(s) dict_keys(['example_task_group']) retrieved from /home/airflow/.local/lib/python3.6/site-packages/airflow/example_dags/example_task_group.py
[2023-08-20 11:51:37,053] {logging_mixin.py:104} INFO - [2023-08-20 11:51:37,053] {dag.py:1824} INFO - Sync 1 DAGs
[2023-08-20 11:51:37,074] {logging_mixin.py:104} INFO - [2023-08-20 11:51:37,074] {dag.py:2280} INFO - Setting next_dagrun for example_task_group to 2023-08-18 00:00:00+00:00
[2023-08-20 11:51:37,090] {scheduler_job.py:190} INFO - Processing /home/airflow/.local/lib/python3.6/site-packages/airflow/example_dags/example_task_group.py took 0.090 seconds
[2023-08-20 11:52:08,080] {scheduler_job.py:182} INFO - Started process (PID=646) to work on /home/airflow/.local/lib/python3.6/site-packages/airflow/example_dags/example_task_group.py
[2023-08-20 11:52:08,082] {scheduler_job.py:629} INFO - Processing file /home/airflow/.local/lib/python3.6/site-packages/airflow/example_dags/example_task_group.py for tasks to queue
[2023-08-20 11:52:08,084] {logging_mixin.py:104} INFO - [2023-08-20 11:52:08,084] {dagbag.py:451} INFO - Filling up the DagBag from /home/airflow/.local/lib/python3.6/site-packages/airflow/example_dags/example_task_group.py
[2023-08-20 11:52:08,099] {scheduler_job.py:639} INFO - DAG(s) dict_keys(['example_task_group']) retrieved from /home/airflow/.local/lib/python3.6/site-packages/airflow/example_dags/example_task_group.py
[2023-08-20 11:52:08,129] {logging_mixin.py:104} INFO - [2023-08-20 11:52:08,129] {dag.py:1824} INFO - Sync 1 DAGs
[2023-08-20 11:52:08,147] {logging_mixin.py:104} INFO - [2023-08-20 11:52:08,147] {dag.py:2280} INFO - Setting next_dagrun for example_task_group to 2023-08-18 00:00:00+00:00
[2023-08-20 11:52:08,162] {scheduler_job.py:190} INFO - Processing /home/airflow/.local/lib/python3.6/site-packages/airflow/example_dags/example_task_group.py took 0.086 seconds
[2023-08-20 11:52:38,628] {scheduler_job.py:182} INFO - Started process (PID=671) to work on /home/airflow/.local/lib/python3.6/site-packages/airflow/example_dags/example_task_group.py
[2023-08-20 11:52:38,632] {scheduler_job.py:629} INFO - Processing file /home/airflow/.local/lib/python3.6/site-packages/airflow/example_dags/example_task_group.py for tasks to queue
[2023-08-20 11:52:38,634] {logging_mixin.py:104} INFO - [2023-08-20 11:52:38,633] {dagbag.py:451} INFO - Filling up the DagBag from /home/airflow/.local/lib/python3.6/site-packages/airflow/example_dags/example_task_group.py
[2023-08-20 11:52:38,652] {scheduler_job.py:639} INFO - DAG(s) dict_keys(['example_task_group']) retrieved from /home/airflow/.local/lib/python3.6/site-packages/airflow/example_dags/example_task_group.py
[2023-08-20 11:52:38,678] {logging_mixin.py:104} INFO - [2023-08-20 11:52:38,678] {dag.py:1824} INFO - Sync 1 DAGs
[2023-08-20 11:52:38,698] {logging_mixin.py:104} INFO - [2023-08-20 11:52:38,698] {dag.py:2280} INFO - Setting next_dagrun for example_task_group to 2023-08-18 00:00:00+00:00
[2023-08-20 11:52:38,714] {scheduler_job.py:190} INFO - Processing /home/airflow/.local/lib/python3.6/site-packages/airflow/example_dags/example_task_group.py took 0.090 seconds
[2023-08-20 11:53:09,484] {scheduler_job.py:182} INFO - Started process (PID=697) to work on /home/airflow/.local/lib/python3.6/site-packages/airflow/example_dags/example_task_group.py
[2023-08-20 11:53:09,486] {scheduler_job.py:629} INFO - Processing file /home/airflow/.local/lib/python3.6/site-packages/airflow/example_dags/example_task_group.py for tasks to queue
[2023-08-20 11:53:09,488] {logging_mixin.py:104} INFO - [2023-08-20 11:53:09,488] {dagbag.py:451} INFO - Filling up the DagBag from /home/airflow/.local/lib/python3.6/site-packages/airflow/example_dags/example_task_group.py
[2023-08-20 11:53:09,504] {scheduler_job.py:639} INFO - DAG(s) dict_keys(['example_task_group']) retrieved from /home/airflow/.local/lib/python3.6/site-packages/airflow/example_dags/example_task_group.py
[2023-08-20 11:53:09,531] {logging_mixin.py:104} INFO - [2023-08-20 11:53:09,531] {dag.py:1824} INFO - Sync 1 DAGs
[2023-08-20 11:53:09,552] {logging_mixin.py:104} INFO - [2023-08-20 11:53:09,551] {dag.py:2280} INFO - Setting next_dagrun for example_task_group to 2023-08-18 00:00:00+00:00
[2023-08-20 11:53:09,567] {scheduler_job.py:190} INFO - Processing /home/airflow/.local/lib/python3.6/site-packages/airflow/example_dags/example_task_group.py took 0.087 seconds
[2023-08-20 11:53:40,365] {scheduler_job.py:182} INFO - Started process (PID=723) to work on /home/airflow/.local/lib/python3.6/site-packages/airflow/example_dags/example_task_group.py
[2023-08-20 11:53:40,368] {scheduler_job.py:629} INFO - Processing file /home/airflow/.local/lib/python3.6/site-packages/airflow/example_dags/example_task_group.py for tasks to queue
[2023-08-20 11:53:40,369] {logging_mixin.py:104} INFO - [2023-08-20 11:53:40,369] {dagbag.py:451} INFO - Filling up the DagBag from /home/airflow/.local/lib/python3.6/site-packages/airflow/example_dags/example_task_group.py
[2023-08-20 11:53:40,383] {scheduler_job.py:639} INFO - DAG(s) dict_keys(['example_task_group']) retrieved from /home/airflow/.local/lib/python3.6/site-packages/airflow/example_dags/example_task_group.py
[2023-08-20 11:53:40,407] {logging_mixin.py:104} INFO - [2023-08-20 11:53:40,407] {dag.py:1824} INFO - Sync 1 DAGs
[2023-08-20 11:53:40,427] {logging_mixin.py:104} INFO - [2023-08-20 11:53:40,426] {dag.py:2280} INFO - Setting next_dagrun for example_task_group to 2023-08-18 00:00:00+00:00
[2023-08-20 11:53:40,442] {scheduler_job.py:190} INFO - Processing /home/airflow/.local/lib/python3.6/site-packages/airflow/example_dags/example_task_group.py took 0.081 seconds
[2023-08-20 11:54:11,239] {scheduler_job.py:182} INFO - Started process (PID=749) to work on /home/airflow/.local/lib/python3.6/site-packages/airflow/example_dags/example_task_group.py
[2023-08-20 11:54:11,241] {scheduler_job.py:629} INFO - Processing file /home/airflow/.local/lib/python3.6/site-packages/airflow/example_dags/example_task_group.py for tasks to queue
[2023-08-20 11:54:11,242] {logging_mixin.py:104} INFO - [2023-08-20 11:54:11,242] {dagbag.py:451} INFO - Filling up the DagBag from /home/airflow/.local/lib/python3.6/site-packages/airflow/example_dags/example_task_group.py
[2023-08-20 11:54:11,255] {scheduler_job.py:639} INFO - DAG(s) dict_keys(['example_task_group']) retrieved from /home/airflow/.local/lib/python3.6/site-packages/airflow/example_dags/example_task_group.py
[2023-08-20 11:54:11,279] {logging_mixin.py:104} INFO - [2023-08-20 11:54:11,279] {dag.py:1824} INFO - Sync 1 DAGs
[2023-08-20 11:54:11,298] {logging_mixin.py:104} INFO - [2023-08-20 11:54:11,298] {dag.py:2280} INFO - Setting next_dagrun for example_task_group to 2023-08-18 00:00:00+00:00
[2023-08-20 11:54:11,312] {scheduler_job.py:190} INFO - Processing /home/airflow/.local/lib/python3.6/site-packages/airflow/example_dags/example_task_group.py took 0.078 seconds
[2023-08-20 11:54:42,182] {scheduler_job.py:182} INFO - Started process (PID=775) to work on /home/airflow/.local/lib/python3.6/site-packages/airflow/example_dags/example_task_group.py
[2023-08-20 11:54:42,184] {scheduler_job.py:629} INFO - Processing file /home/airflow/.local/lib/python3.6/site-packages/airflow/example_dags/example_task_group.py for tasks to queue
[2023-08-20 11:54:42,185] {logging_mixin.py:104} INFO - [2023-08-20 11:54:42,185] {dagbag.py:451} INFO - Filling up the DagBag from /home/airflow/.local/lib/python3.6/site-packages/airflow/example_dags/example_task_group.py
[2023-08-20 11:54:42,205] {scheduler_job.py:639} INFO - DAG(s) dict_keys(['example_task_group']) retrieved from /home/airflow/.local/lib/python3.6/site-packages/airflow/example_dags/example_task_group.py
[2023-08-20 11:54:42,231] {logging_mixin.py:104} INFO - [2023-08-20 11:54:42,231] {dag.py:1824} INFO - Sync 1 DAGs
[2023-08-20 11:54:42,250] {logging_mixin.py:104} INFO - [2023-08-20 11:54:42,250] {dag.py:2280} INFO - Setting next_dagrun for example_task_group to 2023-08-18 00:00:00+00:00
[2023-08-20 11:54:42,266] {scheduler_job.py:190} INFO - Processing /home/airflow/.local/lib/python3.6/site-packages/airflow/example_dags/example_task_group.py took 0.088 seconds
[2023-08-20 11:55:13,031] {scheduler_job.py:182} INFO - Started process (PID=801) to work on /home/airflow/.local/lib/python3.6/site-packages/airflow/example_dags/example_task_group.py
[2023-08-20 11:55:13,033] {scheduler_job.py:629} INFO - Processing file /home/airflow/.local/lib/python3.6/site-packages/airflow/example_dags/example_task_group.py for tasks to queue
[2023-08-20 11:55:13,035] {logging_mixin.py:104} INFO - [2023-08-20 11:55:13,034] {dagbag.py:451} INFO - Filling up the DagBag from /home/airflow/.local/lib/python3.6/site-packages/airflow/example_dags/example_task_group.py
[2023-08-20 11:55:13,048] {scheduler_job.py:639} INFO - DAG(s) dict_keys(['example_task_group']) retrieved from /home/airflow/.local/lib/python3.6/site-packages/airflow/example_dags/example_task_group.py
[2023-08-20 11:55:13,075] {logging_mixin.py:104} INFO - [2023-08-20 11:55:13,075] {dag.py:1824} INFO - Sync 1 DAGs
[2023-08-20 11:55:13,093] {logging_mixin.py:104} INFO - [2023-08-20 11:55:13,093] {dag.py:2280} INFO - Setting next_dagrun for example_task_group to 2023-08-18 00:00:00+00:00
[2023-08-20 11:55:13,110] {scheduler_job.py:190} INFO - Processing /home/airflow/.local/lib/python3.6/site-packages/airflow/example_dags/example_task_group.py took 0.081 seconds
[2023-08-20 11:55:43,641] {scheduler_job.py:182} INFO - Started process (PID=827) to work on /home/airflow/.local/lib/python3.6/site-packages/airflow/example_dags/example_task_group.py
[2023-08-20 11:55:43,643] {scheduler_job.py:629} INFO - Processing file /home/airflow/.local/lib/python3.6/site-packages/airflow/example_dags/example_task_group.py for tasks to queue
[2023-08-20 11:55:43,645] {logging_mixin.py:104} INFO - [2023-08-20 11:55:43,645] {dagbag.py:451} INFO - Filling up the DagBag from /home/airflow/.local/lib/python3.6/site-packages/airflow/example_dags/example_task_group.py
[2023-08-20 11:55:43,658] {scheduler_job.py:639} INFO - DAG(s) dict_keys(['example_task_group']) retrieved from /home/airflow/.local/lib/python3.6/site-packages/airflow/example_dags/example_task_group.py
[2023-08-20 11:55:43,683] {logging_mixin.py:104} INFO - [2023-08-20 11:55:43,683] {dag.py:1824} INFO - Sync 1 DAGs
[2023-08-20 11:55:43,701] {logging_mixin.py:104} INFO - [2023-08-20 11:55:43,701] {dag.py:2280} INFO - Setting next_dagrun for example_task_group to 2023-08-18 00:00:00+00:00
[2023-08-20 11:55:43,715] {scheduler_job.py:190} INFO - Processing /home/airflow/.local/lib/python3.6/site-packages/airflow/example_dags/example_task_group.py took 0.078 seconds
[2023-08-20 11:56:14,401] {scheduler_job.py:182} INFO - Started process (PID=853) to work on /home/airflow/.local/lib/python3.6/site-packages/airflow/example_dags/example_task_group.py
[2023-08-20 11:56:14,404] {scheduler_job.py:629} INFO - Processing file /home/airflow/.local/lib/python3.6/site-packages/airflow/example_dags/example_task_group.py for tasks to queue
[2023-08-20 11:56:14,405] {logging_mixin.py:104} INFO - [2023-08-20 11:56:14,405] {dagbag.py:451} INFO - Filling up the DagBag from /home/airflow/.local/lib/python3.6/site-packages/airflow/example_dags/example_task_group.py
[2023-08-20 11:56:14,418] {scheduler_job.py:639} INFO - DAG(s) dict_keys(['example_task_group']) retrieved from /home/airflow/.local/lib/python3.6/site-packages/airflow/example_dags/example_task_group.py
[2023-08-20 11:56:14,441] {logging_mixin.py:104} INFO - [2023-08-20 11:56:14,441] {dag.py:1824} INFO - Sync 1 DAGs
[2023-08-20 11:56:14,459] {logging_mixin.py:104} INFO - [2023-08-20 11:56:14,459] {dag.py:2280} INFO - Setting next_dagrun for example_task_group to 2023-08-18 00:00:00+00:00
[2023-08-20 11:56:14,474] {scheduler_job.py:190} INFO - Processing /home/airflow/.local/lib/python3.6/site-packages/airflow/example_dags/example_task_group.py took 0.076 seconds
[2023-08-20 11:56:44,935] {scheduler_job.py:182} INFO - Started process (PID=879) to work on /home/airflow/.local/lib/python3.6/site-packages/airflow/example_dags/example_task_group.py
[2023-08-20 11:56:44,938] {scheduler_job.py:629} INFO - Processing file /home/airflow/.local/lib/python3.6/site-packages/airflow/example_dags/example_task_group.py for tasks to queue
[2023-08-20 11:56:44,940] {logging_mixin.py:104} INFO - [2023-08-20 11:56:44,940] {dagbag.py:451} INFO - Filling up the DagBag from /home/airflow/.local/lib/python3.6/site-packages/airflow/example_dags/example_task_group.py
[2023-08-20 11:56:44,959] {scheduler_job.py:639} INFO - DAG(s) dict_keys(['example_task_group']) retrieved from /home/airflow/.local/lib/python3.6/site-packages/airflow/example_dags/example_task_group.py
[2023-08-20 11:56:44,985] {logging_mixin.py:104} INFO - [2023-08-20 11:56:44,985] {dag.py:1824} INFO - Sync 1 DAGs
[2023-08-20 11:56:45,003] {logging_mixin.py:104} INFO - [2023-08-20 11:56:45,003] {dag.py:2280} INFO - Setting next_dagrun for example_task_group to 2023-08-18 00:00:00+00:00
[2023-08-20 11:56:45,018] {scheduler_job.py:190} INFO - Processing /home/airflow/.local/lib/python3.6/site-packages/airflow/example_dags/example_task_group.py took 0.088 seconds
[2023-08-20 11:57:15,584] {scheduler_job.py:182} INFO - Started process (PID=905) to work on /home/airflow/.local/lib/python3.6/site-packages/airflow/example_dags/example_task_group.py
[2023-08-20 11:57:15,586] {scheduler_job.py:629} INFO - Processing file /home/airflow/.local/lib/python3.6/site-packages/airflow/example_dags/example_task_group.py for tasks to queue
[2023-08-20 11:57:15,588] {logging_mixin.py:104} INFO - [2023-08-20 11:57:15,587] {dagbag.py:451} INFO - Filling up the DagBag from /home/airflow/.local/lib/python3.6/site-packages/airflow/example_dags/example_task_group.py
[2023-08-20 11:57:15,601] {scheduler_job.py:639} INFO - DAG(s) dict_keys(['example_task_group']) retrieved from /home/airflow/.local/lib/python3.6/site-packages/airflow/example_dags/example_task_group.py
[2023-08-20 11:57:15,625] {logging_mixin.py:104} INFO - [2023-08-20 11:57:15,625] {dag.py:1824} INFO - Sync 1 DAGs
[2023-08-20 11:57:15,645] {logging_mixin.py:104} INFO - [2023-08-20 11:57:15,645] {dag.py:2280} INFO - Setting next_dagrun for example_task_group to 2023-08-18 00:00:00+00:00
[2023-08-20 11:57:15,659] {scheduler_job.py:190} INFO - Processing /home/airflow/.local/lib/python3.6/site-packages/airflow/example_dags/example_task_group.py took 0.079 seconds
[2023-08-20 11:57:46,281] {scheduler_job.py:182} INFO - Started process (PID=931) to work on /home/airflow/.local/lib/python3.6/site-packages/airflow/example_dags/example_task_group.py
[2023-08-20 11:57:46,284] {scheduler_job.py:629} INFO - Processing file /home/airflow/.local/lib/python3.6/site-packages/airflow/example_dags/example_task_group.py for tasks to queue
[2023-08-20 11:57:46,285] {logging_mixin.py:104} INFO - [2023-08-20 11:57:46,285] {dagbag.py:451} INFO - Filling up the DagBag from /home/airflow/.local/lib/python3.6/site-packages/airflow/example_dags/example_task_group.py
[2023-08-20 11:57:46,297] {scheduler_job.py:639} INFO - DAG(s) dict_keys(['example_task_group']) retrieved from /home/airflow/.local/lib/python3.6/site-packages/airflow/example_dags/example_task_group.py
[2023-08-20 11:57:46,320] {logging_mixin.py:104} INFO - [2023-08-20 11:57:46,320] {dag.py:1824} INFO - Sync 1 DAGs
[2023-08-20 11:57:46,340] {logging_mixin.py:104} INFO - [2023-08-20 11:57:46,340] {dag.py:2280} INFO - Setting next_dagrun for example_task_group to 2023-08-18 00:00:00+00:00
[2023-08-20 11:57:46,355] {scheduler_job.py:190} INFO - Processing /home/airflow/.local/lib/python3.6/site-packages/airflow/example_dags/example_task_group.py took 0.077 seconds
[2023-08-20 11:58:16,785] {scheduler_job.py:182} INFO - Started process (PID=957) to work on /home/airflow/.local/lib/python3.6/site-packages/airflow/example_dags/example_task_group.py
[2023-08-20 11:58:16,787] {scheduler_job.py:629} INFO - Processing file /home/airflow/.local/lib/python3.6/site-packages/airflow/example_dags/example_task_group.py for tasks to queue
[2023-08-20 11:58:16,789] {logging_mixin.py:104} INFO - [2023-08-20 11:58:16,788] {dagbag.py:451} INFO - Filling up the DagBag from /home/airflow/.local/lib/python3.6/site-packages/airflow/example_dags/example_task_group.py
[2023-08-20 11:58:16,804] {scheduler_job.py:639} INFO - DAG(s) dict_keys(['example_task_group']) retrieved from /home/airflow/.local/lib/python3.6/site-packages/airflow/example_dags/example_task_group.py
[2023-08-20 11:58:16,825] {logging_mixin.py:104} INFO - [2023-08-20 11:58:16,825] {dag.py:1824} INFO - Sync 1 DAGs
[2023-08-20 11:58:16,844] {logging_mixin.py:104} INFO - [2023-08-20 11:58:16,844] {dag.py:2280} INFO - Setting next_dagrun for example_task_group to 2023-08-18 00:00:00+00:00
[2023-08-20 11:58:16,859] {scheduler_job.py:190} INFO - Processing /home/airflow/.local/lib/python3.6/site-packages/airflow/example_dags/example_task_group.py took 0.077 seconds
[2023-08-20 11:58:47,290] {scheduler_job.py:182} INFO - Started process (PID=983) to work on /home/airflow/.local/lib/python3.6/site-packages/airflow/example_dags/example_task_group.py
[2023-08-20 11:58:47,292] {scheduler_job.py:629} INFO - Processing file /home/airflow/.local/lib/python3.6/site-packages/airflow/example_dags/example_task_group.py for tasks to queue
[2023-08-20 11:58:47,293] {logging_mixin.py:104} INFO - [2023-08-20 11:58:47,293] {dagbag.py:451} INFO - Filling up the DagBag from /home/airflow/.local/lib/python3.6/site-packages/airflow/example_dags/example_task_group.py
[2023-08-20 11:58:47,305] {scheduler_job.py:639} INFO - DAG(s) dict_keys(['example_task_group']) retrieved from /home/airflow/.local/lib/python3.6/site-packages/airflow/example_dags/example_task_group.py
[2023-08-20 11:58:47,331] {logging_mixin.py:104} INFO - [2023-08-20 11:58:47,330] {dag.py:1824} INFO - Sync 1 DAGs
[2023-08-20 11:58:47,353] {logging_mixin.py:104} INFO - [2023-08-20 11:58:47,353] {dag.py:2280} INFO - Setting next_dagrun for example_task_group to 2023-08-18 00:00:00+00:00
[2023-08-20 11:58:47,366] {scheduler_job.py:190} INFO - Processing /home/airflow/.local/lib/python3.6/site-packages/airflow/example_dags/example_task_group.py took 0.081 seconds
[2023-08-20 11:59:17,907] {scheduler_job.py:182} INFO - Started process (PID=1009) to work on /home/airflow/.local/lib/python3.6/site-packages/airflow/example_dags/example_task_group.py
[2023-08-20 11:59:17,909] {scheduler_job.py:629} INFO - Processing file /home/airflow/.local/lib/python3.6/site-packages/airflow/example_dags/example_task_group.py for tasks to queue
[2023-08-20 11:59:17,911] {logging_mixin.py:104} INFO - [2023-08-20 11:59:17,911] {dagbag.py:451} INFO - Filling up the DagBag from /home/airflow/.local/lib/python3.6/site-packages/airflow/example_dags/example_task_group.py
[2023-08-20 11:59:17,924] {scheduler_job.py:639} INFO - DAG(s) dict_keys(['example_task_group']) retrieved from /home/airflow/.local/lib/python3.6/site-packages/airflow/example_dags/example_task_group.py
[2023-08-20 11:59:17,948] {logging_mixin.py:104} INFO - [2023-08-20 11:59:17,947] {dag.py:1824} INFO - Sync 1 DAGs
[2023-08-20 11:59:17,967] {logging_mixin.py:104} INFO - [2023-08-20 11:59:17,967] {dag.py:2280} INFO - Setting next_dagrun for example_task_group to 2023-08-18 00:00:00+00:00
[2023-08-20 11:59:17,982] {scheduler_job.py:190} INFO - Processing /home/airflow/.local/lib/python3.6/site-packages/airflow/example_dags/example_task_group.py took 0.078 seconds
[2023-08-20 11:59:48,653] {scheduler_job.py:182} INFO - Started process (PID=1036) to work on /home/airflow/.local/lib/python3.6/site-packages/airflow/example_dags/example_task_group.py
[2023-08-20 11:59:48,656] {scheduler_job.py:629} INFO - Processing file /home/airflow/.local/lib/python3.6/site-packages/airflow/example_dags/example_task_group.py for tasks to queue
[2023-08-20 11:59:48,657] {logging_mixin.py:104} INFO - [2023-08-20 11:59:48,657] {dagbag.py:451} INFO - Filling up the DagBag from /home/airflow/.local/lib/python3.6/site-packages/airflow/example_dags/example_task_group.py
[2023-08-20 11:59:48,672] {scheduler_job.py:639} INFO - DAG(s) dict_keys(['example_task_group']) retrieved from /home/airflow/.local/lib/python3.6/site-packages/airflow/example_dags/example_task_group.py
[2023-08-20 11:59:48,699] {logging_mixin.py:104} INFO - [2023-08-20 11:59:48,699] {dag.py:1824} INFO - Sync 1 DAGs
[2023-08-20 11:59:48,719] {logging_mixin.py:104} INFO - [2023-08-20 11:59:48,719] {dag.py:2280} INFO - Setting next_dagrun for example_task_group to 2023-08-18 00:00:00+00:00
[2023-08-20 11:59:48,734] {scheduler_job.py:190} INFO - Processing /home/airflow/.local/lib/python3.6/site-packages/airflow/example_dags/example_task_group.py took 0.084 seconds
[2023-08-20 12:00:19,355] {scheduler_job.py:182} INFO - Started process (PID=1063) to work on /home/airflow/.local/lib/python3.6/site-packages/airflow/example_dags/example_task_group.py
[2023-08-20 12:00:19,357] {scheduler_job.py:629} INFO - Processing file /home/airflow/.local/lib/python3.6/site-packages/airflow/example_dags/example_task_group.py for tasks to queue
[2023-08-20 12:00:19,358] {logging_mixin.py:104} INFO - [2023-08-20 12:00:19,358] {dagbag.py:451} INFO - Filling up the DagBag from /home/airflow/.local/lib/python3.6/site-packages/airflow/example_dags/example_task_group.py
[2023-08-20 12:00:19,371] {scheduler_job.py:639} INFO - DAG(s) dict_keys(['example_task_group']) retrieved from /home/airflow/.local/lib/python3.6/site-packages/airflow/example_dags/example_task_group.py
[2023-08-20 12:00:19,396] {logging_mixin.py:104} INFO - [2023-08-20 12:00:19,396] {dag.py:1824} INFO - Sync 1 DAGs
[2023-08-20 12:00:19,418] {logging_mixin.py:104} INFO - [2023-08-20 12:00:19,418] {dag.py:2280} INFO - Setting next_dagrun for example_task_group to 2023-08-18 00:00:00+00:00
[2023-08-20 12:00:19,433] {scheduler_job.py:190} INFO - Processing /home/airflow/.local/lib/python3.6/site-packages/airflow/example_dags/example_task_group.py took 0.081 seconds
[2023-08-20 12:00:50,093] {scheduler_job.py:182} INFO - Started process (PID=1089) to work on /home/airflow/.local/lib/python3.6/site-packages/airflow/example_dags/example_task_group.py
[2023-08-20 12:00:50,095] {scheduler_job.py:629} INFO - Processing file /home/airflow/.local/lib/python3.6/site-packages/airflow/example_dags/example_task_group.py for tasks to queue
[2023-08-20 12:00:50,096] {logging_mixin.py:104} INFO - [2023-08-20 12:00:50,096] {dagbag.py:451} INFO - Filling up the DagBag from /home/airflow/.local/lib/python3.6/site-packages/airflow/example_dags/example_task_group.py
[2023-08-20 12:00:50,108] {scheduler_job.py:639} INFO - DAG(s) dict_keys(['example_task_group']) retrieved from /home/airflow/.local/lib/python3.6/site-packages/airflow/example_dags/example_task_group.py
[2023-08-20 12:00:50,135] {logging_mixin.py:104} INFO - [2023-08-20 12:00:50,135] {dag.py:1824} INFO - Sync 1 DAGs
[2023-08-20 12:00:50,153] {logging_mixin.py:104} INFO - [2023-08-20 12:00:50,153] {dag.py:2280} INFO - Setting next_dagrun for example_task_group to 2023-08-18 00:00:00+00:00
[2023-08-20 12:00:50,165] {scheduler_job.py:190} INFO - Processing /home/airflow/.local/lib/python3.6/site-packages/airflow/example_dags/example_task_group.py took 0.076 seconds
[2023-08-20 12:01:20,675] {scheduler_job.py:182} INFO - Started process (PID=1114) to work on /home/airflow/.local/lib/python3.6/site-packages/airflow/example_dags/example_task_group.py
[2023-08-20 12:01:20,676] {scheduler_job.py:629} INFO - Processing file /home/airflow/.local/lib/python3.6/site-packages/airflow/example_dags/example_task_group.py for tasks to queue
[2023-08-20 12:01:20,678] {logging_mixin.py:104} INFO - [2023-08-20 12:01:20,678] {dagbag.py:451} INFO - Filling up the DagBag from /home/airflow/.local/lib/python3.6/site-packages/airflow/example_dags/example_task_group.py
[2023-08-20 12:01:20,690] {scheduler_job.py:639} INFO - DAG(s) dict_keys(['example_task_group']) retrieved from /home/airflow/.local/lib/python3.6/site-packages/airflow/example_dags/example_task_group.py
[2023-08-20 12:01:20,713] {logging_mixin.py:104} INFO - [2023-08-20 12:01:20,713] {dag.py:1824} INFO - Sync 1 DAGs
[2023-08-20 12:01:20,732] {logging_mixin.py:104} INFO - [2023-08-20 12:01:20,732] {dag.py:2280} INFO - Setting next_dagrun for example_task_group to 2023-08-18 00:00:00+00:00
[2023-08-20 12:01:20,744] {scheduler_job.py:190} INFO - Processing /home/airflow/.local/lib/python3.6/site-packages/airflow/example_dags/example_task_group.py took 0.072 seconds
[2023-08-20T17:37:38.466+0000] {processor.py:157} INFO - Started process (PID=53) to work on /home/airflow/.local/lib/python3.8/site-packages/airflow/example_dags/example_task_group.py
[2023-08-20T17:37:38.468+0000] {processor.py:829} INFO - Processing file /home/airflow/.local/lib/python3.8/site-packages/airflow/example_dags/example_task_group.py for tasks to queue
[2023-08-20T17:37:38.471+0000] {logging_mixin.py:151} INFO - [2023-08-20T17:37:38.471+0000] {dagbag.py:539} INFO - Filling up the DagBag from /home/airflow/.local/lib/python3.8/site-packages/airflow/example_dags/example_task_group.py
[2023-08-20T17:37:38.482+0000] {processor.py:839} INFO - DAG(s) dict_keys(['example_task_group']) retrieved from /home/airflow/.local/lib/python3.8/site-packages/airflow/example_dags/example_task_group.py
[2023-08-20T17:37:38.498+0000] {logging_mixin.py:151} INFO - [2023-08-20T17:37:38.498+0000] {dag.py:2907} INFO - Sync 1 DAGs
[2023-08-20T17:37:38.648+0000] {logging_mixin.py:151} INFO - [2023-08-20T17:37:38.648+0000] {dag.py:3677} INFO - Setting next_dagrun for example_task_group to 2023-08-19T17:37:38.648228+00:00, run_after=2023-08-20T17:37:38.648228+00:00
[2023-08-20T17:37:38.680+0000] {processor.py:179} INFO - Processing /home/airflow/.local/lib/python3.8/site-packages/airflow/example_dags/example_task_group.py took 0.218 seconds
[2023-08-20T17:38:09.089+0000] {processor.py:157} INFO - Started process (PID=107) to work on /home/airflow/.local/lib/python3.8/site-packages/airflow/example_dags/example_task_group.py
[2023-08-20T17:38:09.091+0000] {processor.py:829} INFO - Processing file /home/airflow/.local/lib/python3.8/site-packages/airflow/example_dags/example_task_group.py for tasks to queue
[2023-08-20T17:38:09.095+0000] {logging_mixin.py:151} INFO - [2023-08-20T17:38:09.094+0000] {dagbag.py:539} INFO - Filling up the DagBag from /home/airflow/.local/lib/python3.8/site-packages/airflow/example_dags/example_task_group.py
[2023-08-20T17:38:09.106+0000] {processor.py:839} INFO - DAG(s) dict_keys(['example_task_group']) retrieved from /home/airflow/.local/lib/python3.8/site-packages/airflow/example_dags/example_task_group.py
[2023-08-20T17:38:09.136+0000] {logging_mixin.py:151} INFO - [2023-08-20T17:38:09.136+0000] {dag.py:2907} INFO - Sync 1 DAGs
[2023-08-20T17:38:09.166+0000] {logging_mixin.py:151} INFO - [2023-08-20T17:38:09.166+0000] {dag.py:3677} INFO - Setting next_dagrun for example_task_group to 2023-08-19T17:38:09.166081+00:00, run_after=2023-08-20T17:38:09.166081+00:00
[2023-08-20T17:38:09.192+0000] {processor.py:179} INFO - Processing /home/airflow/.local/lib/python3.8/site-packages/airflow/example_dags/example_task_group.py took 0.107 seconds
[2023-08-20T17:38:40.111+0000] {processor.py:157} INFO - Started process (PID=161) to work on /home/airflow/.local/lib/python3.8/site-packages/airflow/example_dags/example_task_group.py
[2023-08-20T17:38:40.113+0000] {processor.py:829} INFO - Processing file /home/airflow/.local/lib/python3.8/site-packages/airflow/example_dags/example_task_group.py for tasks to queue
[2023-08-20T17:38:40.116+0000] {logging_mixin.py:151} INFO - [2023-08-20T17:38:40.116+0000] {dagbag.py:539} INFO - Filling up the DagBag from /home/airflow/.local/lib/python3.8/site-packages/airflow/example_dags/example_task_group.py
[2023-08-20T17:38:40.125+0000] {processor.py:839} INFO - DAG(s) dict_keys(['example_task_group']) retrieved from /home/airflow/.local/lib/python3.8/site-packages/airflow/example_dags/example_task_group.py
[2023-08-20T17:38:40.152+0000] {logging_mixin.py:151} INFO - [2023-08-20T17:38:40.152+0000] {dag.py:2907} INFO - Sync 1 DAGs
[2023-08-20T17:38:40.182+0000] {logging_mixin.py:151} INFO - [2023-08-20T17:38:40.181+0000] {dag.py:3677} INFO - Setting next_dagrun for example_task_group to 2023-08-19T17:38:40.181492+00:00, run_after=2023-08-20T17:38:40.181492+00:00
[2023-08-20T17:38:40.212+0000] {processor.py:179} INFO - Processing /home/airflow/.local/lib/python3.8/site-packages/airflow/example_dags/example_task_group.py took 0.105 seconds
[2023-08-20T17:39:10.628+0000] {processor.py:157} INFO - Started process (PID=215) to work on /home/airflow/.local/lib/python3.8/site-packages/airflow/example_dags/example_task_group.py
[2023-08-20T17:39:10.630+0000] {processor.py:829} INFO - Processing file /home/airflow/.local/lib/python3.8/site-packages/airflow/example_dags/example_task_group.py for tasks to queue
[2023-08-20T17:39:10.633+0000] {logging_mixin.py:151} INFO - [2023-08-20T17:39:10.633+0000] {dagbag.py:539} INFO - Filling up the DagBag from /home/airflow/.local/lib/python3.8/site-packages/airflow/example_dags/example_task_group.py
[2023-08-20T17:39:10.643+0000] {processor.py:839} INFO - DAG(s) dict_keys(['example_task_group']) retrieved from /home/airflow/.local/lib/python3.8/site-packages/airflow/example_dags/example_task_group.py
[2023-08-20T17:39:10.674+0000] {logging_mixin.py:151} INFO - [2023-08-20T17:39:10.674+0000] {dag.py:2907} INFO - Sync 1 DAGs
[2023-08-20T17:39:10.702+0000] {logging_mixin.py:151} INFO - [2023-08-20T17:39:10.702+0000] {dag.py:3677} INFO - Setting next_dagrun for example_task_group to 2023-08-19T17:39:10.702130+00:00, run_after=2023-08-20T17:39:10.702130+00:00
[2023-08-20T17:39:10.733+0000] {processor.py:179} INFO - Processing /home/airflow/.local/lib/python3.8/site-packages/airflow/example_dags/example_task_group.py took 0.109 seconds
[2023-08-20T17:39:40.791+0000] {processor.py:157} INFO - Started process (PID=268) to work on /home/airflow/.local/lib/python3.8/site-packages/airflow/example_dags/example_task_group.py
[2023-08-20T17:39:40.793+0000] {processor.py:829} INFO - Processing file /home/airflow/.local/lib/python3.8/site-packages/airflow/example_dags/example_task_group.py for tasks to queue
[2023-08-20T17:39:40.796+0000] {logging_mixin.py:151} INFO - [2023-08-20T17:39:40.796+0000] {dagbag.py:539} INFO - Filling up the DagBag from /home/airflow/.local/lib/python3.8/site-packages/airflow/example_dags/example_task_group.py
[2023-08-20T17:39:40.808+0000] {processor.py:839} INFO - DAG(s) dict_keys(['example_task_group']) retrieved from /home/airflow/.local/lib/python3.8/site-packages/airflow/example_dags/example_task_group.py
[2023-08-20T17:39:40.827+0000] {logging_mixin.py:151} INFO - [2023-08-20T17:39:40.827+0000] {dag.py:2907} INFO - Sync 1 DAGs
[2023-08-20T17:39:40.864+0000] {logging_mixin.py:151} INFO - [2023-08-20T17:39:40.864+0000] {dag.py:3677} INFO - Setting next_dagrun for example_task_group to 2023-08-19T17:39:40.863938+00:00, run_after=2023-08-20T17:39:40.863938+00:00
[2023-08-20T17:39:40.892+0000] {processor.py:179} INFO - Processing /home/airflow/.local/lib/python3.8/site-packages/airflow/example_dags/example_task_group.py took 0.106 seconds
[2023-08-20T17:40:11.023+0000] {processor.py:157} INFO - Started process (PID=322) to work on /home/airflow/.local/lib/python3.8/site-packages/airflow/example_dags/example_task_group.py
[2023-08-20T17:40:11.029+0000] {processor.py:829} INFO - Processing file /home/airflow/.local/lib/python3.8/site-packages/airflow/example_dags/example_task_group.py for tasks to queue
[2023-08-20T17:40:11.036+0000] {logging_mixin.py:151} INFO - [2023-08-20T17:40:11.036+0000] {dagbag.py:539} INFO - Filling up the DagBag from /home/airflow/.local/lib/python3.8/site-packages/airflow/example_dags/example_task_group.py
[2023-08-20T17:40:11.049+0000] {processor.py:839} INFO - DAG(s) dict_keys(['example_task_group']) retrieved from /home/airflow/.local/lib/python3.8/site-packages/airflow/example_dags/example_task_group.py
[2023-08-20T17:40:11.085+0000] {logging_mixin.py:151} INFO - [2023-08-20T17:40:11.085+0000] {dag.py:2907} INFO - Sync 1 DAGs
[2023-08-20T17:40:11.122+0000] {logging_mixin.py:151} INFO - [2023-08-20T17:40:11.121+0000] {dag.py:3677} INFO - Setting next_dagrun for example_task_group to 2023-08-19T17:40:11.121569+00:00, run_after=2023-08-20T17:40:11.121569+00:00
[2023-08-20T17:40:11.148+0000] {processor.py:179} INFO - Processing /home/airflow/.local/lib/python3.8/site-packages/airflow/example_dags/example_task_group.py took 0.131 seconds
[2023-08-20T17:40:41.311+0000] {processor.py:157} INFO - Started process (PID=375) to work on /home/airflow/.local/lib/python3.8/site-packages/airflow/example_dags/example_task_group.py
[2023-08-20T17:40:41.313+0000] {processor.py:829} INFO - Processing file /home/airflow/.local/lib/python3.8/site-packages/airflow/example_dags/example_task_group.py for tasks to queue
[2023-08-20T17:40:41.317+0000] {logging_mixin.py:151} INFO - [2023-08-20T17:40:41.317+0000] {dagbag.py:539} INFO - Filling up the DagBag from /home/airflow/.local/lib/python3.8/site-packages/airflow/example_dags/example_task_group.py
[2023-08-20T17:40:41.327+0000] {processor.py:839} INFO - DAG(s) dict_keys(['example_task_group']) retrieved from /home/airflow/.local/lib/python3.8/site-packages/airflow/example_dags/example_task_group.py
[2023-08-20T17:40:41.355+0000] {logging_mixin.py:151} INFO - [2023-08-20T17:40:41.355+0000] {dag.py:2907} INFO - Sync 1 DAGs
[2023-08-20T17:40:41.390+0000] {logging_mixin.py:151} INFO - [2023-08-20T17:40:41.390+0000] {dag.py:3677} INFO - Setting next_dagrun for example_task_group to 2023-08-19T17:40:41.389910+00:00, run_after=2023-08-20T17:40:41.389910+00:00
[2023-08-20T17:40:41.433+0000] {processor.py:179} INFO - Processing /home/airflow/.local/lib/python3.8/site-packages/airflow/example_dags/example_task_group.py took 0.126 seconds
[2023-08-20T17:41:11.713+0000] {processor.py:157} INFO - Started process (PID=429) to work on /home/airflow/.local/lib/python3.8/site-packages/airflow/example_dags/example_task_group.py
[2023-08-20T17:41:11.715+0000] {processor.py:829} INFO - Processing file /home/airflow/.local/lib/python3.8/site-packages/airflow/example_dags/example_task_group.py for tasks to queue
[2023-08-20T17:41:11.719+0000] {logging_mixin.py:151} INFO - [2023-08-20T17:41:11.718+0000] {dagbag.py:539} INFO - Filling up the DagBag from /home/airflow/.local/lib/python3.8/site-packages/airflow/example_dags/example_task_group.py
[2023-08-20T17:41:11.730+0000] {processor.py:839} INFO - DAG(s) dict_keys(['example_task_group']) retrieved from /home/airflow/.local/lib/python3.8/site-packages/airflow/example_dags/example_task_group.py
[2023-08-20T17:41:11.764+0000] {logging_mixin.py:151} INFO - [2023-08-20T17:41:11.764+0000] {dag.py:2907} INFO - Sync 1 DAGs
[2023-08-20T17:41:11.791+0000] {logging_mixin.py:151} INFO - [2023-08-20T17:41:11.791+0000] {dag.py:3677} INFO - Setting next_dagrun for example_task_group to 2023-08-19T17:41:11.791202+00:00, run_after=2023-08-20T17:41:11.791202+00:00
[2023-08-20T17:41:11.821+0000] {processor.py:179} INFO - Processing /home/airflow/.local/lib/python3.8/site-packages/airflow/example_dags/example_task_group.py took 0.111 seconds
[2023-08-20T17:41:42.046+0000] {processor.py:157} INFO - Started process (PID=484) to work on /home/airflow/.local/lib/python3.8/site-packages/airflow/example_dags/example_task_group.py
[2023-08-20T17:41:42.048+0000] {processor.py:829} INFO - Processing file /home/airflow/.local/lib/python3.8/site-packages/airflow/example_dags/example_task_group.py for tasks to queue
[2023-08-20T17:41:42.052+0000] {logging_mixin.py:151} INFO - [2023-08-20T17:41:42.052+0000] {dagbag.py:539} INFO - Filling up the DagBag from /home/airflow/.local/lib/python3.8/site-packages/airflow/example_dags/example_task_group.py
[2023-08-20T17:41:42.062+0000] {processor.py:839} INFO - DAG(s) dict_keys(['example_task_group']) retrieved from /home/airflow/.local/lib/python3.8/site-packages/airflow/example_dags/example_task_group.py
[2023-08-20T17:41:42.097+0000] {logging_mixin.py:151} INFO - [2023-08-20T17:41:42.097+0000] {dag.py:2907} INFO - Sync 1 DAGs
[2023-08-20T17:41:42.130+0000] {logging_mixin.py:151} INFO - [2023-08-20T17:41:42.130+0000] {dag.py:3677} INFO - Setting next_dagrun for example_task_group to 2023-08-19T17:41:42.129858+00:00, run_after=2023-08-20T17:41:42.129858+00:00
[2023-08-20T17:41:42.166+0000] {processor.py:179} INFO - Processing /home/airflow/.local/lib/python3.8/site-packages/airflow/example_dags/example_task_group.py took 0.123 seconds
[2023-08-20T17:42:12.625+0000] {processor.py:157} INFO - Started process (PID=538) to work on /home/airflow/.local/lib/python3.8/site-packages/airflow/example_dags/example_task_group.py
[2023-08-20T17:42:12.626+0000] {processor.py:829} INFO - Processing file /home/airflow/.local/lib/python3.8/site-packages/airflow/example_dags/example_task_group.py for tasks to queue
[2023-08-20T17:42:12.629+0000] {logging_mixin.py:151} INFO - [2023-08-20T17:42:12.629+0000] {dagbag.py:539} INFO - Filling up the DagBag from /home/airflow/.local/lib/python3.8/site-packages/airflow/example_dags/example_task_group.py
[2023-08-20T17:42:12.638+0000] {processor.py:839} INFO - DAG(s) dict_keys(['example_task_group']) retrieved from /home/airflow/.local/lib/python3.8/site-packages/airflow/example_dags/example_task_group.py
[2023-08-20T17:42:12.667+0000] {logging_mixin.py:151} INFO - [2023-08-20T17:42:12.667+0000] {dag.py:2907} INFO - Sync 1 DAGs
[2023-08-20T17:42:12.692+0000] {logging_mixin.py:151} INFO - [2023-08-20T17:42:12.692+0000] {dag.py:3677} INFO - Setting next_dagrun for example_task_group to 2023-08-19T17:42:12.692020+00:00, run_after=2023-08-20T17:42:12.692020+00:00
[2023-08-20T17:42:12.719+0000] {processor.py:179} INFO - Processing /home/airflow/.local/lib/python3.8/site-packages/airflow/example_dags/example_task_group.py took 0.100 seconds
[2023-08-20T17:42:42.957+0000] {processor.py:157} INFO - Started process (PID=592) to work on /home/airflow/.local/lib/python3.8/site-packages/airflow/example_dags/example_task_group.py
[2023-08-20T17:42:42.959+0000] {processor.py:829} INFO - Processing file /home/airflow/.local/lib/python3.8/site-packages/airflow/example_dags/example_task_group.py for tasks to queue
[2023-08-20T17:42:42.961+0000] {logging_mixin.py:151} INFO - [2023-08-20T17:42:42.961+0000] {dagbag.py:539} INFO - Filling up the DagBag from /home/airflow/.local/lib/python3.8/site-packages/airflow/example_dags/example_task_group.py
[2023-08-20T17:42:42.971+0000] {processor.py:839} INFO - DAG(s) dict_keys(['example_task_group']) retrieved from /home/airflow/.local/lib/python3.8/site-packages/airflow/example_dags/example_task_group.py
[2023-08-20T17:42:42.998+0000] {logging_mixin.py:151} INFO - [2023-08-20T17:42:42.998+0000] {dag.py:2907} INFO - Sync 1 DAGs
[2023-08-20T17:42:43.027+0000] {logging_mixin.py:151} INFO - [2023-08-20T17:42:43.026+0000] {dag.py:3677} INFO - Setting next_dagrun for example_task_group to 2023-08-19T17:42:43.026612+00:00, run_after=2023-08-20T17:42:43.026612+00:00
[2023-08-20T17:42:43.052+0000] {processor.py:179} INFO - Processing /home/airflow/.local/lib/python3.8/site-packages/airflow/example_dags/example_task_group.py took 0.099 seconds
[2023-08-20T17:43:13.612+0000] {processor.py:157} INFO - Started process (PID=646) to work on /home/airflow/.local/lib/python3.8/site-packages/airflow/example_dags/example_task_group.py
[2023-08-20T17:43:13.615+0000] {processor.py:829} INFO - Processing file /home/airflow/.local/lib/python3.8/site-packages/airflow/example_dags/example_task_group.py for tasks to queue
[2023-08-20T17:43:13.619+0000] {logging_mixin.py:151} INFO - [2023-08-20T17:43:13.618+0000] {dagbag.py:539} INFO - Filling up the DagBag from /home/airflow/.local/lib/python3.8/site-packages/airflow/example_dags/example_task_group.py
[2023-08-20T17:43:13.629+0000] {processor.py:839} INFO - DAG(s) dict_keys(['example_task_group']) retrieved from /home/airflow/.local/lib/python3.8/site-packages/airflow/example_dags/example_task_group.py
[2023-08-20T17:43:13.659+0000] {logging_mixin.py:151} INFO - [2023-08-20T17:43:13.658+0000] {dag.py:2907} INFO - Sync 1 DAGs
[2023-08-20T17:43:13.687+0000] {logging_mixin.py:151} INFO - [2023-08-20T17:43:13.687+0000] {dag.py:3677} INFO - Setting next_dagrun for example_task_group to 2023-08-19T17:43:13.687154+00:00, run_after=2023-08-20T17:43:13.687154+00:00
[2023-08-20T17:43:13.716+0000] {processor.py:179} INFO - Processing /home/airflow/.local/lib/python3.8/site-packages/airflow/example_dags/example_task_group.py took 0.108 seconds
[2023-08-20T17:43:44.306+0000] {processor.py:157} INFO - Started process (PID=700) to work on /home/airflow/.local/lib/python3.8/site-packages/airflow/example_dags/example_task_group.py
[2023-08-20T17:43:44.308+0000] {processor.py:829} INFO - Processing file /home/airflow/.local/lib/python3.8/site-packages/airflow/example_dags/example_task_group.py for tasks to queue
[2023-08-20T17:43:44.311+0000] {logging_mixin.py:151} INFO - [2023-08-20T17:43:44.311+0000] {dagbag.py:539} INFO - Filling up the DagBag from /home/airflow/.local/lib/python3.8/site-packages/airflow/example_dags/example_task_group.py
[2023-08-20T17:43:44.322+0000] {processor.py:839} INFO - DAG(s) dict_keys(['example_task_group']) retrieved from /home/airflow/.local/lib/python3.8/site-packages/airflow/example_dags/example_task_group.py
[2023-08-20T17:43:44.351+0000] {logging_mixin.py:151} INFO - [2023-08-20T17:43:44.351+0000] {dag.py:2907} INFO - Sync 1 DAGs
[2023-08-20T17:43:44.376+0000] {logging_mixin.py:151} INFO - [2023-08-20T17:43:44.376+0000] {dag.py:3677} INFO - Setting next_dagrun for example_task_group to 2023-08-19T17:43:44.376191+00:00, run_after=2023-08-20T17:43:44.376191+00:00
[2023-08-20T17:43:44.401+0000] {processor.py:179} INFO - Processing /home/airflow/.local/lib/python3.8/site-packages/airflow/example_dags/example_task_group.py took 0.099 seconds
[2023-08-20T17:44:14.663+0000] {processor.py:157} INFO - Started process (PID=754) to work on /home/airflow/.local/lib/python3.8/site-packages/airflow/example_dags/example_task_group.py
[2023-08-20T17:44:14.665+0000] {processor.py:829} INFO - Processing file /home/airflow/.local/lib/python3.8/site-packages/airflow/example_dags/example_task_group.py for tasks to queue
[2023-08-20T17:44:14.668+0000] {logging_mixin.py:151} INFO - [2023-08-20T17:44:14.668+0000] {dagbag.py:539} INFO - Filling up the DagBag from /home/airflow/.local/lib/python3.8/site-packages/airflow/example_dags/example_task_group.py
[2023-08-20T17:44:14.677+0000] {processor.py:839} INFO - DAG(s) dict_keys(['example_task_group']) retrieved from /home/airflow/.local/lib/python3.8/site-packages/airflow/example_dags/example_task_group.py
[2023-08-20T17:44:14.703+0000] {logging_mixin.py:151} INFO - [2023-08-20T17:44:14.702+0000] {dag.py:2907} INFO - Sync 1 DAGs
[2023-08-20T17:44:14.731+0000] {logging_mixin.py:151} INFO - [2023-08-20T17:44:14.729+0000] {dag.py:3677} INFO - Setting next_dagrun for example_task_group to 2023-08-19T17:44:14.729581+00:00, run_after=2023-08-20T17:44:14.729581+00:00
[2023-08-20T17:44:14.754+0000] {processor.py:179} INFO - Processing /home/airflow/.local/lib/python3.8/site-packages/airflow/example_dags/example_task_group.py took 0.096 seconds
[2023-08-20T17:44:45.065+0000] {processor.py:157} INFO - Started process (PID=808) to work on /home/airflow/.local/lib/python3.8/site-packages/airflow/example_dags/example_task_group.py
[2023-08-20T17:44:45.067+0000] {processor.py:829} INFO - Processing file /home/airflow/.local/lib/python3.8/site-packages/airflow/example_dags/example_task_group.py for tasks to queue
[2023-08-20T17:44:45.070+0000] {logging_mixin.py:151} INFO - [2023-08-20T17:44:45.070+0000] {dagbag.py:539} INFO - Filling up the DagBag from /home/airflow/.local/lib/python3.8/site-packages/airflow/example_dags/example_task_group.py
[2023-08-20T17:44:45.080+0000] {processor.py:839} INFO - DAG(s) dict_keys(['example_task_group']) retrieved from /home/airflow/.local/lib/python3.8/site-packages/airflow/example_dags/example_task_group.py
[2023-08-20T17:44:45.105+0000] {logging_mixin.py:151} INFO - [2023-08-20T17:44:45.105+0000] {dag.py:2907} INFO - Sync 1 DAGs
[2023-08-20T17:44:45.139+0000] {logging_mixin.py:151} INFO - [2023-08-20T17:44:45.138+0000] {dag.py:3677} INFO - Setting next_dagrun for example_task_group to 2023-08-19T17:44:45.138017+00:00, run_after=2023-08-20T17:44:45.138017+00:00
[2023-08-20T17:44:45.165+0000] {processor.py:179} INFO - Processing /home/airflow/.local/lib/python3.8/site-packages/airflow/example_dags/example_task_group.py took 0.105 seconds
[2023-08-20T17:45:15.649+0000] {processor.py:157} INFO - Started process (PID=862) to work on /home/airflow/.local/lib/python3.8/site-packages/airflow/example_dags/example_task_group.py
[2023-08-20T17:45:15.651+0000] {processor.py:829} INFO - Processing file /home/airflow/.local/lib/python3.8/site-packages/airflow/example_dags/example_task_group.py for tasks to queue
[2023-08-20T17:45:15.654+0000] {logging_mixin.py:151} INFO - [2023-08-20T17:45:15.654+0000] {dagbag.py:539} INFO - Filling up the DagBag from /home/airflow/.local/lib/python3.8/site-packages/airflow/example_dags/example_task_group.py
[2023-08-20T17:45:15.665+0000] {processor.py:839} INFO - DAG(s) dict_keys(['example_task_group']) retrieved from /home/airflow/.local/lib/python3.8/site-packages/airflow/example_dags/example_task_group.py
[2023-08-20T17:45:15.693+0000] {logging_mixin.py:151} INFO - [2023-08-20T17:45:15.693+0000] {dag.py:2907} INFO - Sync 1 DAGs
[2023-08-20T17:45:15.730+0000] {logging_mixin.py:151} INFO - [2023-08-20T17:45:15.730+0000] {dag.py:3677} INFO - Setting next_dagrun for example_task_group to 2023-08-19T17:45:15.729714+00:00, run_after=2023-08-20T17:45:15.729714+00:00
[2023-08-20T17:45:15.759+0000] {processor.py:179} INFO - Processing /home/airflow/.local/lib/python3.8/site-packages/airflow/example_dags/example_task_group.py took 0.115 seconds
[2023-08-20T17:45:46.135+0000] {processor.py:157} INFO - Started process (PID=916) to work on /home/airflow/.local/lib/python3.8/site-packages/airflow/example_dags/example_task_group.py
[2023-08-20T17:45:46.137+0000] {processor.py:829} INFO - Processing file /home/airflow/.local/lib/python3.8/site-packages/airflow/example_dags/example_task_group.py for tasks to queue
[2023-08-20T17:45:46.140+0000] {logging_mixin.py:151} INFO - [2023-08-20T17:45:46.139+0000] {dagbag.py:539} INFO - Filling up the DagBag from /home/airflow/.local/lib/python3.8/site-packages/airflow/example_dags/example_task_group.py
[2023-08-20T17:45:46.148+0000] {processor.py:839} INFO - DAG(s) dict_keys(['example_task_group']) retrieved from /home/airflow/.local/lib/python3.8/site-packages/airflow/example_dags/example_task_group.py
[2023-08-20T17:45:46.181+0000] {logging_mixin.py:151} INFO - [2023-08-20T17:45:46.180+0000] {dag.py:2907} INFO - Sync 1 DAGs
[2023-08-20T17:45:46.207+0000] {logging_mixin.py:151} INFO - [2023-08-20T17:45:46.206+0000] {dag.py:3677} INFO - Setting next_dagrun for example_task_group to 2023-08-19T17:45:46.206636+00:00, run_after=2023-08-20T17:45:46.206636+00:00
[2023-08-20T17:45:46.231+0000] {processor.py:179} INFO - Processing /home/airflow/.local/lib/python3.8/site-packages/airflow/example_dags/example_task_group.py took 0.100 seconds
[2023-08-20T17:46:16.482+0000] {processor.py:157} INFO - Started process (PID=970) to work on /home/airflow/.local/lib/python3.8/site-packages/airflow/example_dags/example_task_group.py
[2023-08-20T17:46:16.484+0000] {processor.py:829} INFO - Processing file /home/airflow/.local/lib/python3.8/site-packages/airflow/example_dags/example_task_group.py for tasks to queue
[2023-08-20T17:46:16.487+0000] {logging_mixin.py:151} INFO - [2023-08-20T17:46:16.486+0000] {dagbag.py:539} INFO - Filling up the DagBag from /home/airflow/.local/lib/python3.8/site-packages/airflow/example_dags/example_task_group.py
[2023-08-20T17:46:16.495+0000] {processor.py:839} INFO - DAG(s) dict_keys(['example_task_group']) retrieved from /home/airflow/.local/lib/python3.8/site-packages/airflow/example_dags/example_task_group.py
[2023-08-20T17:46:16.521+0000] {logging_mixin.py:151} INFO - [2023-08-20T17:46:16.520+0000] {dag.py:2907} INFO - Sync 1 DAGs
[2023-08-20T17:46:16.546+0000] {logging_mixin.py:151} INFO - [2023-08-20T17:46:16.546+0000] {dag.py:3677} INFO - Setting next_dagrun for example_task_group to 2023-08-19T17:46:16.546266+00:00, run_after=2023-08-20T17:46:16.546266+00:00
[2023-08-20T17:46:16.578+0000] {processor.py:179} INFO - Processing /home/airflow/.local/lib/python3.8/site-packages/airflow/example_dags/example_task_group.py took 0.100 seconds
[2023-08-20T17:46:46.778+0000] {processor.py:157} INFO - Started process (PID=1024) to work on /home/airflow/.local/lib/python3.8/site-packages/airflow/example_dags/example_task_group.py
[2023-08-20T17:46:46.780+0000] {processor.py:829} INFO - Processing file /home/airflow/.local/lib/python3.8/site-packages/airflow/example_dags/example_task_group.py for tasks to queue
[2023-08-20T17:46:46.783+0000] {logging_mixin.py:151} INFO - [2023-08-20T17:46:46.783+0000] {dagbag.py:539} INFO - Filling up the DagBag from /home/airflow/.local/lib/python3.8/site-packages/airflow/example_dags/example_task_group.py
[2023-08-20T17:46:46.792+0000] {processor.py:839} INFO - DAG(s) dict_keys(['example_task_group']) retrieved from /home/airflow/.local/lib/python3.8/site-packages/airflow/example_dags/example_task_group.py
[2023-08-20T17:46:46.819+0000] {logging_mixin.py:151} INFO - [2023-08-20T17:46:46.818+0000] {dag.py:2907} INFO - Sync 1 DAGs
[2023-08-20T17:46:46.843+0000] {logging_mixin.py:151} INFO - [2023-08-20T17:46:46.843+0000] {dag.py:3677} INFO - Setting next_dagrun for example_task_group to 2023-08-19T17:46:46.843179+00:00, run_after=2023-08-20T17:46:46.843179+00:00
[2023-08-20T17:46:46.876+0000] {processor.py:179} INFO - Processing /home/airflow/.local/lib/python3.8/site-packages/airflow/example_dags/example_task_group.py took 0.103 seconds
