[2023-08-20T17:37:37.413+0000] {processor.py:157} INFO - Started process (PID=50) to work on /home/airflow/.local/lib/python3.8/site-packages/airflow/example_dags/example_branch_operator_decorator.py
[2023-08-20T17:37:37.415+0000] {processor.py:829} INFO - Processing file /home/airflow/.local/lib/python3.8/site-packages/airflow/example_dags/example_branch_operator_decorator.py for tasks to queue
[2023-08-20T17:37:37.418+0000] {logging_mixin.py:151} INFO - [2023-08-20T17:37:37.417+0000] {dagbag.py:539} INFO - Filling up the DagBag from /home/airflow/.local/lib/python3.8/site-packages/airflow/example_dags/example_branch_operator_decorator.py
[2023-08-20T17:37:37.434+0000] {processor.py:839} INFO - DAG(s) dict_keys(['example_branch_python_operator_decorator']) retrieved from /home/airflow/.local/lib/python3.8/site-packages/airflow/example_dags/example_branch_operator_decorator.py
[2023-08-20T17:37:37.449+0000] {logging_mixin.py:151} INFO - [2023-08-20T17:37:37.449+0000] {dag.py:2907} INFO - Sync 1 DAGs
[2023-08-20T17:37:37.623+0000] {logging_mixin.py:151} INFO - [2023-08-20T17:37:37.622+0000] {dag.py:3677} INFO - Setting next_dagrun for example_branch_python_operator_decorator to 2023-08-19T00:00:00+00:00, run_after=2023-08-20T00:00:00+00:00
[2023-08-20T17:37:37.653+0000] {processor.py:179} INFO - Processing /home/airflow/.local/lib/python3.8/site-packages/airflow/example_dags/example_branch_operator_decorator.py took 0.244 seconds
[2023-08-20T17:38:08.257+0000] {processor.py:157} INFO - Started process (PID=103) to work on /home/airflow/.local/lib/python3.8/site-packages/airflow/example_dags/example_branch_operator_decorator.py
[2023-08-20T17:38:08.267+0000] {processor.py:829} INFO - Processing file /home/airflow/.local/lib/python3.8/site-packages/airflow/example_dags/example_branch_operator_decorator.py for tasks to queue
[2023-08-20T17:38:08.271+0000] {logging_mixin.py:151} INFO - [2023-08-20T17:38:08.270+0000] {dagbag.py:539} INFO - Filling up the DagBag from /home/airflow/.local/lib/python3.8/site-packages/airflow/example_dags/example_branch_operator_decorator.py
[2023-08-20T17:38:08.285+0000] {processor.py:839} INFO - DAG(s) dict_keys(['example_branch_python_operator_decorator']) retrieved from /home/airflow/.local/lib/python3.8/site-packages/airflow/example_dags/example_branch_operator_decorator.py
[2023-08-20T17:38:08.317+0000] {logging_mixin.py:151} INFO - [2023-08-20T17:38:08.317+0000] {dag.py:2907} INFO - Sync 1 DAGs
[2023-08-20T17:38:08.348+0000] {logging_mixin.py:151} INFO - [2023-08-20T17:38:08.348+0000] {dag.py:3677} INFO - Setting next_dagrun for example_branch_python_operator_decorator to 2023-08-19T00:00:00+00:00, run_after=2023-08-20T00:00:00+00:00
[2023-08-20T17:38:08.377+0000] {processor.py:179} INFO - Processing /home/airflow/.local/lib/python3.8/site-packages/airflow/example_dags/example_branch_operator_decorator.py took 0.127 seconds
[2023-08-20T17:38:38.590+0000] {processor.py:157} INFO - Started process (PID=157) to work on /home/airflow/.local/lib/python3.8/site-packages/airflow/example_dags/example_branch_operator_decorator.py
[2023-08-20T17:38:38.591+0000] {processor.py:829} INFO - Processing file /home/airflow/.local/lib/python3.8/site-packages/airflow/example_dags/example_branch_operator_decorator.py for tasks to queue
[2023-08-20T17:38:38.594+0000] {logging_mixin.py:151} INFO - [2023-08-20T17:38:38.594+0000] {dagbag.py:539} INFO - Filling up the DagBag from /home/airflow/.local/lib/python3.8/site-packages/airflow/example_dags/example_branch_operator_decorator.py
[2023-08-20T17:38:38.606+0000] {processor.py:839} INFO - DAG(s) dict_keys(['example_branch_python_operator_decorator']) retrieved from /home/airflow/.local/lib/python3.8/site-packages/airflow/example_dags/example_branch_operator_decorator.py
[2023-08-20T17:38:38.634+0000] {logging_mixin.py:151} INFO - [2023-08-20T17:38:38.634+0000] {dag.py:2907} INFO - Sync 1 DAGs
[2023-08-20T17:38:38.669+0000] {logging_mixin.py:151} INFO - [2023-08-20T17:38:38.668+0000] {dag.py:3677} INFO - Setting next_dagrun for example_branch_python_operator_decorator to 2023-08-19T00:00:00+00:00, run_after=2023-08-20T00:00:00+00:00
[2023-08-20T17:38:38.695+0000] {processor.py:179} INFO - Processing /home/airflow/.local/lib/python3.8/site-packages/airflow/example_dags/example_branch_operator_decorator.py took 0.108 seconds
[2023-08-20T17:39:09.065+0000] {processor.py:157} INFO - Started process (PID=211) to work on /home/airflow/.local/lib/python3.8/site-packages/airflow/example_dags/example_branch_operator_decorator.py
[2023-08-20T17:39:09.067+0000] {processor.py:829} INFO - Processing file /home/airflow/.local/lib/python3.8/site-packages/airflow/example_dags/example_branch_operator_decorator.py for tasks to queue
[2023-08-20T17:39:09.070+0000] {logging_mixin.py:151} INFO - [2023-08-20T17:39:09.070+0000] {dagbag.py:539} INFO - Filling up the DagBag from /home/airflow/.local/lib/python3.8/site-packages/airflow/example_dags/example_branch_operator_decorator.py
[2023-08-20T17:39:09.087+0000] {processor.py:839} INFO - DAG(s) dict_keys(['example_branch_python_operator_decorator']) retrieved from /home/airflow/.local/lib/python3.8/site-packages/airflow/example_dags/example_branch_operator_decorator.py
[2023-08-20T17:39:09.124+0000] {logging_mixin.py:151} INFO - [2023-08-20T17:39:09.123+0000] {dag.py:2907} INFO - Sync 1 DAGs
[2023-08-20T17:39:09.159+0000] {logging_mixin.py:151} INFO - [2023-08-20T17:39:09.159+0000] {dag.py:3677} INFO - Setting next_dagrun for example_branch_python_operator_decorator to 2023-08-19T00:00:00+00:00, run_after=2023-08-20T00:00:00+00:00
[2023-08-20T17:39:09.191+0000] {processor.py:179} INFO - Processing /home/airflow/.local/lib/python3.8/site-packages/airflow/example_dags/example_branch_operator_decorator.py took 0.132 seconds
[2023-08-20T17:39:39.352+0000] {processor.py:157} INFO - Started process (PID=265) to work on /home/airflow/.local/lib/python3.8/site-packages/airflow/example_dags/example_branch_operator_decorator.py
[2023-08-20T17:39:39.355+0000] {processor.py:829} INFO - Processing file /home/airflow/.local/lib/python3.8/site-packages/airflow/example_dags/example_branch_operator_decorator.py for tasks to queue
[2023-08-20T17:39:39.359+0000] {logging_mixin.py:151} INFO - [2023-08-20T17:39:39.358+0000] {dagbag.py:539} INFO - Filling up the DagBag from /home/airflow/.local/lib/python3.8/site-packages/airflow/example_dags/example_branch_operator_decorator.py
[2023-08-20T17:39:39.398+0000] {processor.py:839} INFO - DAG(s) dict_keys(['example_branch_python_operator_decorator']) retrieved from /home/airflow/.local/lib/python3.8/site-packages/airflow/example_dags/example_branch_operator_decorator.py
[2023-08-20T17:39:39.425+0000] {logging_mixin.py:151} INFO - [2023-08-20T17:39:39.424+0000] {dag.py:2907} INFO - Sync 1 DAGs
[2023-08-20T17:39:39.481+0000] {logging_mixin.py:151} INFO - [2023-08-20T17:39:39.480+0000] {dag.py:3677} INFO - Setting next_dagrun for example_branch_python_operator_decorator to 2023-08-19T00:00:00+00:00, run_after=2023-08-20T00:00:00+00:00
[2023-08-20T17:39:39.543+0000] {processor.py:179} INFO - Processing /home/airflow/.local/lib/python3.8/site-packages/airflow/example_dags/example_branch_operator_decorator.py took 0.195 seconds
[2023-08-20T17:40:09.653+0000] {processor.py:157} INFO - Started process (PID=319) to work on /home/airflow/.local/lib/python3.8/site-packages/airflow/example_dags/example_branch_operator_decorator.py
[2023-08-20T17:40:09.656+0000] {processor.py:829} INFO - Processing file /home/airflow/.local/lib/python3.8/site-packages/airflow/example_dags/example_branch_operator_decorator.py for tasks to queue
[2023-08-20T17:40:09.664+0000] {logging_mixin.py:151} INFO - [2023-08-20T17:40:09.659+0000] {dagbag.py:539} INFO - Filling up the DagBag from /home/airflow/.local/lib/python3.8/site-packages/airflow/example_dags/example_branch_operator_decorator.py
[2023-08-20T17:40:09.691+0000] {processor.py:839} INFO - DAG(s) dict_keys(['example_branch_python_operator_decorator']) retrieved from /home/airflow/.local/lib/python3.8/site-packages/airflow/example_dags/example_branch_operator_decorator.py
[2023-08-20T17:40:09.733+0000] {logging_mixin.py:151} INFO - [2023-08-20T17:40:09.733+0000] {dag.py:2907} INFO - Sync 1 DAGs
[2023-08-20T17:40:09.774+0000] {logging_mixin.py:151} INFO - [2023-08-20T17:40:09.774+0000] {dag.py:3677} INFO - Setting next_dagrun for example_branch_python_operator_decorator to 2023-08-19T00:00:00+00:00, run_after=2023-08-20T00:00:00+00:00
[2023-08-20T17:40:09.803+0000] {processor.py:179} INFO - Processing /home/airflow/.local/lib/python3.8/site-packages/airflow/example_dags/example_branch_operator_decorator.py took 0.154 seconds
[2023-08-20T17:40:40.108+0000] {processor.py:157} INFO - Started process (PID=373) to work on /home/airflow/.local/lib/python3.8/site-packages/airflow/example_dags/example_branch_operator_decorator.py
[2023-08-20T17:40:40.110+0000] {processor.py:829} INFO - Processing file /home/airflow/.local/lib/python3.8/site-packages/airflow/example_dags/example_branch_operator_decorator.py for tasks to queue
[2023-08-20T17:40:40.114+0000] {logging_mixin.py:151} INFO - [2023-08-20T17:40:40.114+0000] {dagbag.py:539} INFO - Filling up the DagBag from /home/airflow/.local/lib/python3.8/site-packages/airflow/example_dags/example_branch_operator_decorator.py
[2023-08-20T17:40:40.130+0000] {processor.py:839} INFO - DAG(s) dict_keys(['example_branch_python_operator_decorator']) retrieved from /home/airflow/.local/lib/python3.8/site-packages/airflow/example_dags/example_branch_operator_decorator.py
[2023-08-20T17:40:40.164+0000] {logging_mixin.py:151} INFO - [2023-08-20T17:40:40.164+0000] {dag.py:2907} INFO - Sync 1 DAGs
[2023-08-20T17:40:40.195+0000] {logging_mixin.py:151} INFO - [2023-08-20T17:40:40.194+0000] {dag.py:3677} INFO - Setting next_dagrun for example_branch_python_operator_decorator to 2023-08-19T00:00:00+00:00, run_after=2023-08-20T00:00:00+00:00
[2023-08-20T17:40:40.220+0000] {processor.py:179} INFO - Processing /home/airflow/.local/lib/python3.8/site-packages/airflow/example_dags/example_branch_operator_decorator.py took 0.117 seconds
[2023-08-20T17:41:10.490+0000] {processor.py:157} INFO - Started process (PID=427) to work on /home/airflow/.local/lib/python3.8/site-packages/airflow/example_dags/example_branch_operator_decorator.py
[2023-08-20T17:41:10.492+0000] {processor.py:829} INFO - Processing file /home/airflow/.local/lib/python3.8/site-packages/airflow/example_dags/example_branch_operator_decorator.py for tasks to queue
[2023-08-20T17:41:10.496+0000] {logging_mixin.py:151} INFO - [2023-08-20T17:41:10.496+0000] {dagbag.py:539} INFO - Filling up the DagBag from /home/airflow/.local/lib/python3.8/site-packages/airflow/example_dags/example_branch_operator_decorator.py
[2023-08-20T17:41:10.520+0000] {processor.py:839} INFO - DAG(s) dict_keys(['example_branch_python_operator_decorator']) retrieved from /home/airflow/.local/lib/python3.8/site-packages/airflow/example_dags/example_branch_operator_decorator.py
[2023-08-20T17:41:10.552+0000] {logging_mixin.py:151} INFO - [2023-08-20T17:41:10.552+0000] {dag.py:2907} INFO - Sync 1 DAGs
[2023-08-20T17:41:10.601+0000] {logging_mixin.py:151} INFO - [2023-08-20T17:41:10.601+0000] {dag.py:3677} INFO - Setting next_dagrun for example_branch_python_operator_decorator to 2023-08-19T00:00:00+00:00, run_after=2023-08-20T00:00:00+00:00
[2023-08-20T17:41:10.635+0000] {processor.py:179} INFO - Processing /home/airflow/.local/lib/python3.8/site-packages/airflow/example_dags/example_branch_operator_decorator.py took 0.152 seconds
[2023-08-20T17:41:40.863+0000] {processor.py:157} INFO - Started process (PID=482) to work on /home/airflow/.local/lib/python3.8/site-packages/airflow/example_dags/example_branch_operator_decorator.py
[2023-08-20T17:41:40.868+0000] {processor.py:829} INFO - Processing file /home/airflow/.local/lib/python3.8/site-packages/airflow/example_dags/example_branch_operator_decorator.py for tasks to queue
[2023-08-20T17:41:40.871+0000] {logging_mixin.py:151} INFO - [2023-08-20T17:41:40.871+0000] {dagbag.py:539} INFO - Filling up the DagBag from /home/airflow/.local/lib/python3.8/site-packages/airflow/example_dags/example_branch_operator_decorator.py
[2023-08-20T17:41:40.888+0000] {processor.py:839} INFO - DAG(s) dict_keys(['example_branch_python_operator_decorator']) retrieved from /home/airflow/.local/lib/python3.8/site-packages/airflow/example_dags/example_branch_operator_decorator.py
[2023-08-20T17:41:40.923+0000] {logging_mixin.py:151} INFO - [2023-08-20T17:41:40.923+0000] {dag.py:2907} INFO - Sync 1 DAGs
[2023-08-20T17:41:40.955+0000] {logging_mixin.py:151} INFO - [2023-08-20T17:41:40.955+0000] {dag.py:3677} INFO - Setting next_dagrun for example_branch_python_operator_decorator to 2023-08-19T00:00:00+00:00, run_after=2023-08-20T00:00:00+00:00
[2023-08-20T17:41:40.982+0000] {processor.py:179} INFO - Processing /home/airflow/.local/lib/python3.8/site-packages/airflow/example_dags/example_branch_operator_decorator.py took 0.123 seconds
[2023-08-20T17:42:11.356+0000] {processor.py:157} INFO - Started process (PID=536) to work on /home/airflow/.local/lib/python3.8/site-packages/airflow/example_dags/example_branch_operator_decorator.py
[2023-08-20T17:42:11.364+0000] {processor.py:829} INFO - Processing file /home/airflow/.local/lib/python3.8/site-packages/airflow/example_dags/example_branch_operator_decorator.py for tasks to queue
[2023-08-20T17:42:11.370+0000] {logging_mixin.py:151} INFO - [2023-08-20T17:42:11.370+0000] {dagbag.py:539} INFO - Filling up the DagBag from /home/airflow/.local/lib/python3.8/site-packages/airflow/example_dags/example_branch_operator_decorator.py
[2023-08-20T17:42:11.411+0000] {processor.py:839} INFO - DAG(s) dict_keys(['example_branch_python_operator_decorator']) retrieved from /home/airflow/.local/lib/python3.8/site-packages/airflow/example_dags/example_branch_operator_decorator.py
[2023-08-20T17:42:11.479+0000] {logging_mixin.py:151} INFO - [2023-08-20T17:42:11.479+0000] {dag.py:2907} INFO - Sync 1 DAGs
[2023-08-20T17:42:11.513+0000] {logging_mixin.py:151} INFO - [2023-08-20T17:42:11.512+0000] {dag.py:3677} INFO - Setting next_dagrun for example_branch_python_operator_decorator to 2023-08-19T00:00:00+00:00, run_after=2023-08-20T00:00:00+00:00
[2023-08-20T17:42:11.542+0000] {processor.py:179} INFO - Processing /home/airflow/.local/lib/python3.8/site-packages/airflow/example_dags/example_branch_operator_decorator.py took 0.191 seconds
[2023-08-20T17:42:41.770+0000] {processor.py:157} INFO - Started process (PID=590) to work on /home/airflow/.local/lib/python3.8/site-packages/airflow/example_dags/example_branch_operator_decorator.py
[2023-08-20T17:42:41.774+0000] {processor.py:829} INFO - Processing file /home/airflow/.local/lib/python3.8/site-packages/airflow/example_dags/example_branch_operator_decorator.py for tasks to queue
[2023-08-20T17:42:41.778+0000] {logging_mixin.py:151} INFO - [2023-08-20T17:42:41.777+0000] {dagbag.py:539} INFO - Filling up the DagBag from /home/airflow/.local/lib/python3.8/site-packages/airflow/example_dags/example_branch_operator_decorator.py
[2023-08-20T17:42:41.795+0000] {processor.py:839} INFO - DAG(s) dict_keys(['example_branch_python_operator_decorator']) retrieved from /home/airflow/.local/lib/python3.8/site-packages/airflow/example_dags/example_branch_operator_decorator.py
[2023-08-20T17:42:41.824+0000] {logging_mixin.py:151} INFO - [2023-08-20T17:42:41.824+0000] {dag.py:2907} INFO - Sync 1 DAGs
[2023-08-20T17:42:41.858+0000] {logging_mixin.py:151} INFO - [2023-08-20T17:42:41.858+0000] {dag.py:3677} INFO - Setting next_dagrun for example_branch_python_operator_decorator to 2023-08-19T00:00:00+00:00, run_after=2023-08-20T00:00:00+00:00
[2023-08-20T17:42:41.885+0000] {processor.py:179} INFO - Processing /home/airflow/.local/lib/python3.8/site-packages/airflow/example_dags/example_branch_operator_decorator.py took 0.120 seconds
[2023-08-20T17:43:12.369+0000] {processor.py:157} INFO - Started process (PID=644) to work on /home/airflow/.local/lib/python3.8/site-packages/airflow/example_dags/example_branch_operator_decorator.py
[2023-08-20T17:43:12.372+0000] {processor.py:829} INFO - Processing file /home/airflow/.local/lib/python3.8/site-packages/airflow/example_dags/example_branch_operator_decorator.py for tasks to queue
[2023-08-20T17:43:12.376+0000] {logging_mixin.py:151} INFO - [2023-08-20T17:43:12.376+0000] {dagbag.py:539} INFO - Filling up the DagBag from /home/airflow/.local/lib/python3.8/site-packages/airflow/example_dags/example_branch_operator_decorator.py
[2023-08-20T17:43:12.409+0000] {processor.py:839} INFO - DAG(s) dict_keys(['example_branch_python_operator_decorator']) retrieved from /home/airflow/.local/lib/python3.8/site-packages/airflow/example_dags/example_branch_operator_decorator.py
[2023-08-20T17:43:12.443+0000] {logging_mixin.py:151} INFO - [2023-08-20T17:43:12.442+0000] {dag.py:2907} INFO - Sync 1 DAGs
[2023-08-20T17:43:12.482+0000] {logging_mixin.py:151} INFO - [2023-08-20T17:43:12.482+0000] {dag.py:3677} INFO - Setting next_dagrun for example_branch_python_operator_decorator to 2023-08-19T00:00:00+00:00, run_after=2023-08-20T00:00:00+00:00
[2023-08-20T17:43:12.517+0000] {processor.py:179} INFO - Processing /home/airflow/.local/lib/python3.8/site-packages/airflow/example_dags/example_branch_operator_decorator.py took 0.156 seconds
[2023-08-20T17:43:43.091+0000] {processor.py:157} INFO - Started process (PID=698) to work on /home/airflow/.local/lib/python3.8/site-packages/airflow/example_dags/example_branch_operator_decorator.py
[2023-08-20T17:43:43.093+0000] {processor.py:829} INFO - Processing file /home/airflow/.local/lib/python3.8/site-packages/airflow/example_dags/example_branch_operator_decorator.py for tasks to queue
[2023-08-20T17:43:43.098+0000] {logging_mixin.py:151} INFO - [2023-08-20T17:43:43.097+0000] {dagbag.py:539} INFO - Filling up the DagBag from /home/airflow/.local/lib/python3.8/site-packages/airflow/example_dags/example_branch_operator_decorator.py
[2023-08-20T17:43:43.120+0000] {processor.py:839} INFO - DAG(s) dict_keys(['example_branch_python_operator_decorator']) retrieved from /home/airflow/.local/lib/python3.8/site-packages/airflow/example_dags/example_branch_operator_decorator.py
[2023-08-20T17:43:43.150+0000] {logging_mixin.py:151} INFO - [2023-08-20T17:43:43.149+0000] {dag.py:2907} INFO - Sync 1 DAGs
[2023-08-20T17:43:43.188+0000] {logging_mixin.py:151} INFO - [2023-08-20T17:43:43.188+0000] {dag.py:3677} INFO - Setting next_dagrun for example_branch_python_operator_decorator to 2023-08-19T00:00:00+00:00, run_after=2023-08-20T00:00:00+00:00
[2023-08-20T17:43:43.214+0000] {processor.py:179} INFO - Processing /home/airflow/.local/lib/python3.8/site-packages/airflow/example_dags/example_branch_operator_decorator.py took 0.130 seconds
[2023-08-20T17:44:13.468+0000] {processor.py:157} INFO - Started process (PID=752) to work on /home/airflow/.local/lib/python3.8/site-packages/airflow/example_dags/example_branch_operator_decorator.py
[2023-08-20T17:44:13.470+0000] {processor.py:829} INFO - Processing file /home/airflow/.local/lib/python3.8/site-packages/airflow/example_dags/example_branch_operator_decorator.py for tasks to queue
[2023-08-20T17:44:13.474+0000] {logging_mixin.py:151} INFO - [2023-08-20T17:44:13.474+0000] {dagbag.py:539} INFO - Filling up the DagBag from /home/airflow/.local/lib/python3.8/site-packages/airflow/example_dags/example_branch_operator_decorator.py
[2023-08-20T17:44:13.490+0000] {processor.py:839} INFO - DAG(s) dict_keys(['example_branch_python_operator_decorator']) retrieved from /home/airflow/.local/lib/python3.8/site-packages/airflow/example_dags/example_branch_operator_decorator.py
[2023-08-20T17:44:13.521+0000] {logging_mixin.py:151} INFO - [2023-08-20T17:44:13.520+0000] {dag.py:2907} INFO - Sync 1 DAGs
[2023-08-20T17:44:13.555+0000] {logging_mixin.py:151} INFO - [2023-08-20T17:44:13.555+0000] {dag.py:3677} INFO - Setting next_dagrun for example_branch_python_operator_decorator to 2023-08-19T00:00:00+00:00, run_after=2023-08-20T00:00:00+00:00
[2023-08-20T17:44:13.580+0000] {processor.py:179} INFO - Processing /home/airflow/.local/lib/python3.8/site-packages/airflow/example_dags/example_branch_operator_decorator.py took 0.118 seconds
[2023-08-20T17:44:43.759+0000] {processor.py:157} INFO - Started process (PID=806) to work on /home/airflow/.local/lib/python3.8/site-packages/airflow/example_dags/example_branch_operator_decorator.py
[2023-08-20T17:44:43.761+0000] {processor.py:829} INFO - Processing file /home/airflow/.local/lib/python3.8/site-packages/airflow/example_dags/example_branch_operator_decorator.py for tasks to queue
[2023-08-20T17:44:43.765+0000] {logging_mixin.py:151} INFO - [2023-08-20T17:44:43.765+0000] {dagbag.py:539} INFO - Filling up the DagBag from /home/airflow/.local/lib/python3.8/site-packages/airflow/example_dags/example_branch_operator_decorator.py
[2023-08-20T17:44:43.777+0000] {processor.py:839} INFO - DAG(s) dict_keys(['example_branch_python_operator_decorator']) retrieved from /home/airflow/.local/lib/python3.8/site-packages/airflow/example_dags/example_branch_operator_decorator.py
[2023-08-20T17:44:43.806+0000] {logging_mixin.py:151} INFO - [2023-08-20T17:44:43.806+0000] {dag.py:2907} INFO - Sync 1 DAGs
[2023-08-20T17:44:43.893+0000] {logging_mixin.py:151} INFO - [2023-08-20T17:44:43.892+0000] {dag.py:3677} INFO - Setting next_dagrun for example_branch_python_operator_decorator to 2023-08-19T00:00:00+00:00, run_after=2023-08-20T00:00:00+00:00
[2023-08-20T17:44:43.935+0000] {processor.py:179} INFO - Processing /home/airflow/.local/lib/python3.8/site-packages/airflow/example_dags/example_branch_operator_decorator.py took 0.181 seconds
[2023-08-20T17:45:14.444+0000] {processor.py:157} INFO - Started process (PID=860) to work on /home/airflow/.local/lib/python3.8/site-packages/airflow/example_dags/example_branch_operator_decorator.py
[2023-08-20T17:45:14.450+0000] {processor.py:829} INFO - Processing file /home/airflow/.local/lib/python3.8/site-packages/airflow/example_dags/example_branch_operator_decorator.py for tasks to queue
[2023-08-20T17:45:14.453+0000] {logging_mixin.py:151} INFO - [2023-08-20T17:45:14.453+0000] {dagbag.py:539} INFO - Filling up the DagBag from /home/airflow/.local/lib/python3.8/site-packages/airflow/example_dags/example_branch_operator_decorator.py
[2023-08-20T17:45:14.477+0000] {processor.py:839} INFO - DAG(s) dict_keys(['example_branch_python_operator_decorator']) retrieved from /home/airflow/.local/lib/python3.8/site-packages/airflow/example_dags/example_branch_operator_decorator.py
[2023-08-20T17:45:14.508+0000] {logging_mixin.py:151} INFO - [2023-08-20T17:45:14.507+0000] {dag.py:2907} INFO - Sync 1 DAGs
[2023-08-20T17:45:14.538+0000] {logging_mixin.py:151} INFO - [2023-08-20T17:45:14.538+0000] {dag.py:3677} INFO - Setting next_dagrun for example_branch_python_operator_decorator to 2023-08-19T00:00:00+00:00, run_after=2023-08-20T00:00:00+00:00
[2023-08-20T17:45:14.566+0000] {processor.py:179} INFO - Processing /home/airflow/.local/lib/python3.8/site-packages/airflow/example_dags/example_branch_operator_decorator.py took 0.128 seconds
[2023-08-20T17:45:44.958+0000] {processor.py:157} INFO - Started process (PID=914) to work on /home/airflow/.local/lib/python3.8/site-packages/airflow/example_dags/example_branch_operator_decorator.py
[2023-08-20T17:45:44.961+0000] {processor.py:829} INFO - Processing file /home/airflow/.local/lib/python3.8/site-packages/airflow/example_dags/example_branch_operator_decorator.py for tasks to queue
[2023-08-20T17:45:44.965+0000] {logging_mixin.py:151} INFO - [2023-08-20T17:45:44.965+0000] {dagbag.py:539} INFO - Filling up the DagBag from /home/airflow/.local/lib/python3.8/site-packages/airflow/example_dags/example_branch_operator_decorator.py
[2023-08-20T17:45:44.982+0000] {processor.py:839} INFO - DAG(s) dict_keys(['example_branch_python_operator_decorator']) retrieved from /home/airflow/.local/lib/python3.8/site-packages/airflow/example_dags/example_branch_operator_decorator.py
[2023-08-20T17:45:45.010+0000] {logging_mixin.py:151} INFO - [2023-08-20T17:45:45.009+0000] {dag.py:2907} INFO - Sync 1 DAGs
[2023-08-20T17:45:45.040+0000] {logging_mixin.py:151} INFO - [2023-08-20T17:45:45.040+0000] {dag.py:3677} INFO - Setting next_dagrun for example_branch_python_operator_decorator to 2023-08-19T00:00:00+00:00, run_after=2023-08-20T00:00:00+00:00
[2023-08-20T17:45:45.067+0000] {processor.py:179} INFO - Processing /home/airflow/.local/lib/python3.8/site-packages/airflow/example_dags/example_branch_operator_decorator.py took 0.122 seconds
[2023-08-20T17:46:15.270+0000] {processor.py:157} INFO - Started process (PID=968) to work on /home/airflow/.local/lib/python3.8/site-packages/airflow/example_dags/example_branch_operator_decorator.py
[2023-08-20T17:46:15.272+0000] {processor.py:829} INFO - Processing file /home/airflow/.local/lib/python3.8/site-packages/airflow/example_dags/example_branch_operator_decorator.py for tasks to queue
[2023-08-20T17:46:15.276+0000] {logging_mixin.py:151} INFO - [2023-08-20T17:46:15.275+0000] {dagbag.py:539} INFO - Filling up the DagBag from /home/airflow/.local/lib/python3.8/site-packages/airflow/example_dags/example_branch_operator_decorator.py
[2023-08-20T17:46:15.294+0000] {processor.py:839} INFO - DAG(s) dict_keys(['example_branch_python_operator_decorator']) retrieved from /home/airflow/.local/lib/python3.8/site-packages/airflow/example_dags/example_branch_operator_decorator.py
[2023-08-20T17:46:15.325+0000] {logging_mixin.py:151} INFO - [2023-08-20T17:46:15.324+0000] {dag.py:2907} INFO - Sync 1 DAGs
[2023-08-20T17:46:15.353+0000] {logging_mixin.py:151} INFO - [2023-08-20T17:46:15.353+0000] {dag.py:3677} INFO - Setting next_dagrun for example_branch_python_operator_decorator to 2023-08-19T00:00:00+00:00, run_after=2023-08-20T00:00:00+00:00
[2023-08-20T17:46:15.385+0000] {processor.py:179} INFO - Processing /home/airflow/.local/lib/python3.8/site-packages/airflow/example_dags/example_branch_operator_decorator.py took 0.121 seconds
[2023-08-20T17:46:45.564+0000] {processor.py:157} INFO - Started process (PID=1022) to work on /home/airflow/.local/lib/python3.8/site-packages/airflow/example_dags/example_branch_operator_decorator.py
[2023-08-20T17:46:45.568+0000] {processor.py:829} INFO - Processing file /home/airflow/.local/lib/python3.8/site-packages/airflow/example_dags/example_branch_operator_decorator.py for tasks to queue
[2023-08-20T17:46:45.572+0000] {logging_mixin.py:151} INFO - [2023-08-20T17:46:45.572+0000] {dagbag.py:539} INFO - Filling up the DagBag from /home/airflow/.local/lib/python3.8/site-packages/airflow/example_dags/example_branch_operator_decorator.py
[2023-08-20T17:46:45.587+0000] {processor.py:839} INFO - DAG(s) dict_keys(['example_branch_python_operator_decorator']) retrieved from /home/airflow/.local/lib/python3.8/site-packages/airflow/example_dags/example_branch_operator_decorator.py
[2023-08-20T17:46:45.616+0000] {logging_mixin.py:151} INFO - [2023-08-20T17:46:45.616+0000] {dag.py:2907} INFO - Sync 1 DAGs
[2023-08-20T17:46:45.644+0000] {logging_mixin.py:151} INFO - [2023-08-20T17:46:45.644+0000] {dag.py:3677} INFO - Setting next_dagrun for example_branch_python_operator_decorator to 2023-08-19T00:00:00+00:00, run_after=2023-08-20T00:00:00+00:00
[2023-08-20T17:46:45.675+0000] {processor.py:179} INFO - Processing /home/airflow/.local/lib/python3.8/site-packages/airflow/example_dags/example_branch_operator_decorator.py took 0.116 seconds
