[2023-08-20T17:37:39.302+0000] {processor.py:157} INFO - Started process (PID=57) to work on /home/airflow/.local/lib/python3.8/site-packages/airflow/example_dags/example_sensors.py
[2023-08-20T17:37:39.303+0000] {processor.py:829} INFO - Processing file /home/airflow/.local/lib/python3.8/site-packages/airflow/example_dags/example_sensors.py for tasks to queue
[2023-08-20T17:37:39.307+0000] {logging_mixin.py:151} INFO - [2023-08-20T17:37:39.306+0000] {dagbag.py:539} INFO - Filling up the DagBag from /home/airflow/.local/lib/python3.8/site-packages/airflow/example_dags/example_sensors.py
[2023-08-20T17:37:39.460+0000] {processor.py:839} INFO - DAG(s) dict_keys(['example_sensors']) retrieved from /home/airflow/.local/lib/python3.8/site-packages/airflow/example_dags/example_sensors.py
[2023-08-20T17:37:39.474+0000] {logging_mixin.py:151} INFO - [2023-08-20T17:37:39.474+0000] {dag.py:2907} INFO - Sync 1 DAGs
[2023-08-20T17:37:39.494+0000] {logging_mixin.py:151} INFO - [2023-08-20T17:37:39.493+0000] {dag.py:3677} INFO - Setting next_dagrun for example_sensors to None, run_after=None
[2023-08-20T17:37:39.528+0000] {processor.py:179} INFO - Processing /home/airflow/.local/lib/python3.8/site-packages/airflow/example_dags/example_sensors.py took 0.231 seconds
[2023-08-20T17:38:09.617+0000] {processor.py:157} INFO - Started process (PID=111) to work on /home/airflow/.local/lib/python3.8/site-packages/airflow/example_dags/example_sensors.py
[2023-08-20T17:38:09.619+0000] {processor.py:829} INFO - Processing file /home/airflow/.local/lib/python3.8/site-packages/airflow/example_dags/example_sensors.py for tasks to queue
[2023-08-20T17:38:09.622+0000] {logging_mixin.py:151} INFO - [2023-08-20T17:38:09.622+0000] {dagbag.py:539} INFO - Filling up the DagBag from /home/airflow/.local/lib/python3.8/site-packages/airflow/example_dags/example_sensors.py
[2023-08-20T17:38:09.636+0000] {processor.py:839} INFO - DAG(s) dict_keys(['example_sensors']) retrieved from /home/airflow/.local/lib/python3.8/site-packages/airflow/example_dags/example_sensors.py
[2023-08-20T17:38:09.673+0000] {logging_mixin.py:151} INFO - [2023-08-20T17:38:09.673+0000] {dag.py:2907} INFO - Sync 1 DAGs
[2023-08-20T17:38:09.690+0000] {logging_mixin.py:151} INFO - [2023-08-20T17:38:09.689+0000] {dag.py:3677} INFO - Setting next_dagrun for example_sensors to None, run_after=None
[2023-08-20T17:38:09.715+0000] {processor.py:179} INFO - Processing /home/airflow/.local/lib/python3.8/site-packages/airflow/example_dags/example_sensors.py took 0.103 seconds
[2023-08-20T17:38:40.745+0000] {processor.py:157} INFO - Started process (PID=165) to work on /home/airflow/.local/lib/python3.8/site-packages/airflow/example_dags/example_sensors.py
[2023-08-20T17:38:40.747+0000] {processor.py:829} INFO - Processing file /home/airflow/.local/lib/python3.8/site-packages/airflow/example_dags/example_sensors.py for tasks to queue
[2023-08-20T17:38:40.753+0000] {logging_mixin.py:151} INFO - [2023-08-20T17:38:40.752+0000] {dagbag.py:539} INFO - Filling up the DagBag from /home/airflow/.local/lib/python3.8/site-packages/airflow/example_dags/example_sensors.py
[2023-08-20T17:38:40.764+0000] {processor.py:839} INFO - DAG(s) dict_keys(['example_sensors']) retrieved from /home/airflow/.local/lib/python3.8/site-packages/airflow/example_dags/example_sensors.py
[2023-08-20T17:38:40.806+0000] {logging_mixin.py:151} INFO - [2023-08-20T17:38:40.806+0000] {dag.py:2907} INFO - Sync 1 DAGs
[2023-08-20T17:38:40.822+0000] {logging_mixin.py:151} INFO - [2023-08-20T17:38:40.821+0000] {dag.py:3677} INFO - Setting next_dagrun for example_sensors to None, run_after=None
[2023-08-20T17:38:40.846+0000] {processor.py:179} INFO - Processing /home/airflow/.local/lib/python3.8/site-packages/airflow/example_dags/example_sensors.py took 0.106 seconds
[2023-08-20T17:39:11.183+0000] {processor.py:157} INFO - Started process (PID=219) to work on /home/airflow/.local/lib/python3.8/site-packages/airflow/example_dags/example_sensors.py
[2023-08-20T17:39:11.185+0000] {processor.py:829} INFO - Processing file /home/airflow/.local/lib/python3.8/site-packages/airflow/example_dags/example_sensors.py for tasks to queue
[2023-08-20T17:39:11.190+0000] {logging_mixin.py:151} INFO - [2023-08-20T17:39:11.189+0000] {dagbag.py:539} INFO - Filling up the DagBag from /home/airflow/.local/lib/python3.8/site-packages/airflow/example_dags/example_sensors.py
[2023-08-20T17:39:11.203+0000] {processor.py:839} INFO - DAG(s) dict_keys(['example_sensors']) retrieved from /home/airflow/.local/lib/python3.8/site-packages/airflow/example_dags/example_sensors.py
[2023-08-20T17:39:11.240+0000] {logging_mixin.py:151} INFO - [2023-08-20T17:39:11.240+0000] {dag.py:2907} INFO - Sync 1 DAGs
[2023-08-20T17:39:11.258+0000] {logging_mixin.py:151} INFO - [2023-08-20T17:39:11.258+0000] {dag.py:3677} INFO - Setting next_dagrun for example_sensors to None, run_after=None
[2023-08-20T17:39:11.281+0000] {processor.py:179} INFO - Processing /home/airflow/.local/lib/python3.8/site-packages/airflow/example_dags/example_sensors.py took 0.110 seconds
[2023-08-20T17:39:41.667+0000] {processor.py:157} INFO - Started process (PID=273) to work on /home/airflow/.local/lib/python3.8/site-packages/airflow/example_dags/example_sensors.py
[2023-08-20T17:39:41.669+0000] {processor.py:829} INFO - Processing file /home/airflow/.local/lib/python3.8/site-packages/airflow/example_dags/example_sensors.py for tasks to queue
[2023-08-20T17:39:41.672+0000] {logging_mixin.py:151} INFO - [2023-08-20T17:39:41.671+0000] {dagbag.py:539} INFO - Filling up the DagBag from /home/airflow/.local/lib/python3.8/site-packages/airflow/example_dags/example_sensors.py
[2023-08-20T17:39:41.684+0000] {processor.py:839} INFO - DAG(s) dict_keys(['example_sensors']) retrieved from /home/airflow/.local/lib/python3.8/site-packages/airflow/example_dags/example_sensors.py
[2023-08-20T17:39:41.703+0000] {logging_mixin.py:151} INFO - [2023-08-20T17:39:41.703+0000] {dag.py:2907} INFO - Sync 1 DAGs
[2023-08-20T17:39:41.726+0000] {logging_mixin.py:151} INFO - [2023-08-20T17:39:41.726+0000] {dag.py:3677} INFO - Setting next_dagrun for example_sensors to None, run_after=None
[2023-08-20T17:39:41.756+0000] {processor.py:179} INFO - Processing /home/airflow/.local/lib/python3.8/site-packages/airflow/example_dags/example_sensors.py took 0.094 seconds
[2023-08-20T17:40:12.219+0000] {processor.py:157} INFO - Started process (PID=327) to work on /home/airflow/.local/lib/python3.8/site-packages/airflow/example_dags/example_sensors.py
[2023-08-20T17:40:12.221+0000] {processor.py:829} INFO - Processing file /home/airflow/.local/lib/python3.8/site-packages/airflow/example_dags/example_sensors.py for tasks to queue
[2023-08-20T17:40:12.225+0000] {logging_mixin.py:151} INFO - [2023-08-20T17:40:12.224+0000] {dagbag.py:539} INFO - Filling up the DagBag from /home/airflow/.local/lib/python3.8/site-packages/airflow/example_dags/example_sensors.py
[2023-08-20T17:40:12.237+0000] {processor.py:839} INFO - DAG(s) dict_keys(['example_sensors']) retrieved from /home/airflow/.local/lib/python3.8/site-packages/airflow/example_dags/example_sensors.py
[2023-08-20T17:40:12.271+0000] {logging_mixin.py:151} INFO - [2023-08-20T17:40:12.270+0000] {dag.py:2907} INFO - Sync 1 DAGs
[2023-08-20T17:40:12.295+0000] {logging_mixin.py:151} INFO - [2023-08-20T17:40:12.295+0000] {dag.py:3677} INFO - Setting next_dagrun for example_sensors to None, run_after=None
[2023-08-20T17:40:12.330+0000] {processor.py:179} INFO - Processing /home/airflow/.local/lib/python3.8/site-packages/airflow/example_dags/example_sensors.py took 0.117 seconds
[2023-08-20T17:40:43.081+0000] {processor.py:157} INFO - Started process (PID=381) to work on /home/airflow/.local/lib/python3.8/site-packages/airflow/example_dags/example_sensors.py
[2023-08-20T17:40:43.083+0000] {processor.py:829} INFO - Processing file /home/airflow/.local/lib/python3.8/site-packages/airflow/example_dags/example_sensors.py for tasks to queue
[2023-08-20T17:40:43.088+0000] {logging_mixin.py:151} INFO - [2023-08-20T17:40:43.088+0000] {dagbag.py:539} INFO - Filling up the DagBag from /home/airflow/.local/lib/python3.8/site-packages/airflow/example_dags/example_sensors.py
[2023-08-20T17:40:43.105+0000] {processor.py:839} INFO - DAG(s) dict_keys(['example_sensors']) retrieved from /home/airflow/.local/lib/python3.8/site-packages/airflow/example_dags/example_sensors.py
[2023-08-20T17:40:43.151+0000] {logging_mixin.py:151} INFO - [2023-08-20T17:40:43.151+0000] {dag.py:2907} INFO - Sync 1 DAGs
[2023-08-20T17:40:43.169+0000] {logging_mixin.py:151} INFO - [2023-08-20T17:40:43.169+0000] {dag.py:3677} INFO - Setting next_dagrun for example_sensors to None, run_after=None
[2023-08-20T17:40:43.212+0000] {processor.py:179} INFO - Processing /home/airflow/.local/lib/python3.8/site-packages/airflow/example_dags/example_sensors.py took 0.137 seconds
[2023-08-20T17:41:13.403+0000] {processor.py:157} INFO - Started process (PID=435) to work on /home/airflow/.local/lib/python3.8/site-packages/airflow/example_dags/example_sensors.py
[2023-08-20T17:41:13.405+0000] {processor.py:829} INFO - Processing file /home/airflow/.local/lib/python3.8/site-packages/airflow/example_dags/example_sensors.py for tasks to queue
[2023-08-20T17:41:13.408+0000] {logging_mixin.py:151} INFO - [2023-08-20T17:41:13.407+0000] {dagbag.py:539} INFO - Filling up the DagBag from /home/airflow/.local/lib/python3.8/site-packages/airflow/example_dags/example_sensors.py
[2023-08-20T17:41:13.423+0000] {processor.py:839} INFO - DAG(s) dict_keys(['example_sensors']) retrieved from /home/airflow/.local/lib/python3.8/site-packages/airflow/example_dags/example_sensors.py
[2023-08-20T17:41:13.457+0000] {logging_mixin.py:151} INFO - [2023-08-20T17:41:13.457+0000] {dag.py:2907} INFO - Sync 1 DAGs
[2023-08-20T17:41:13.473+0000] {logging_mixin.py:151} INFO - [2023-08-20T17:41:13.473+0000] {dag.py:3677} INFO - Setting next_dagrun for example_sensors to None, run_after=None
[2023-08-20T17:41:13.501+0000] {processor.py:179} INFO - Processing /home/airflow/.local/lib/python3.8/site-packages/airflow/example_dags/example_sensors.py took 0.102 seconds
[2023-08-20T17:41:44.225+0000] {processor.py:157} INFO - Started process (PID=490) to work on /home/airflow/.local/lib/python3.8/site-packages/airflow/example_dags/example_sensors.py
[2023-08-20T17:41:44.227+0000] {processor.py:829} INFO - Processing file /home/airflow/.local/lib/python3.8/site-packages/airflow/example_dags/example_sensors.py for tasks to queue
[2023-08-20T17:41:44.229+0000] {logging_mixin.py:151} INFO - [2023-08-20T17:41:44.229+0000] {dagbag.py:539} INFO - Filling up the DagBag from /home/airflow/.local/lib/python3.8/site-packages/airflow/example_dags/example_sensors.py
[2023-08-20T17:41:44.241+0000] {processor.py:839} INFO - DAG(s) dict_keys(['example_sensors']) retrieved from /home/airflow/.local/lib/python3.8/site-packages/airflow/example_dags/example_sensors.py
[2023-08-20T17:41:44.270+0000] {logging_mixin.py:151} INFO - [2023-08-20T17:41:44.270+0000] {dag.py:2907} INFO - Sync 1 DAGs
[2023-08-20T17:41:44.289+0000] {logging_mixin.py:151} INFO - [2023-08-20T17:41:44.289+0000] {dag.py:3677} INFO - Setting next_dagrun for example_sensors to None, run_after=None
[2023-08-20T17:41:44.316+0000] {processor.py:179} INFO - Processing /home/airflow/.local/lib/python3.8/site-packages/airflow/example_dags/example_sensors.py took 0.095 seconds
[2023-08-20T17:42:15.039+0000] {processor.py:157} INFO - Started process (PID=544) to work on /home/airflow/.local/lib/python3.8/site-packages/airflow/example_dags/example_sensors.py
[2023-08-20T17:42:15.041+0000] {processor.py:829} INFO - Processing file /home/airflow/.local/lib/python3.8/site-packages/airflow/example_dags/example_sensors.py for tasks to queue
[2023-08-20T17:42:15.044+0000] {logging_mixin.py:151} INFO - [2023-08-20T17:42:15.044+0000] {dagbag.py:539} INFO - Filling up the DagBag from /home/airflow/.local/lib/python3.8/site-packages/airflow/example_dags/example_sensors.py
[2023-08-20T17:42:15.059+0000] {processor.py:839} INFO - DAG(s) dict_keys(['example_sensors']) retrieved from /home/airflow/.local/lib/python3.8/site-packages/airflow/example_dags/example_sensors.py
[2023-08-20T17:42:15.102+0000] {logging_mixin.py:151} INFO - [2023-08-20T17:42:15.102+0000] {dag.py:2907} INFO - Sync 1 DAGs
[2023-08-20T17:42:15.123+0000] {logging_mixin.py:151} INFO - [2023-08-20T17:42:15.122+0000] {dag.py:3677} INFO - Setting next_dagrun for example_sensors to None, run_after=None
[2023-08-20T17:42:15.152+0000] {processor.py:179} INFO - Processing /home/airflow/.local/lib/python3.8/site-packages/airflow/example_dags/example_sensors.py took 0.119 seconds
[2023-08-20T17:42:45.488+0000] {processor.py:157} INFO - Started process (PID=597) to work on /home/airflow/.local/lib/python3.8/site-packages/airflow/example_dags/example_sensors.py
[2023-08-20T17:42:45.494+0000] {processor.py:829} INFO - Processing file /home/airflow/.local/lib/python3.8/site-packages/airflow/example_dags/example_sensors.py for tasks to queue
[2023-08-20T17:42:45.500+0000] {logging_mixin.py:151} INFO - [2023-08-20T17:42:45.500+0000] {dagbag.py:539} INFO - Filling up the DagBag from /home/airflow/.local/lib/python3.8/site-packages/airflow/example_dags/example_sensors.py
[2023-08-20T17:42:45.515+0000] {processor.py:839} INFO - DAG(s) dict_keys(['example_sensors']) retrieved from /home/airflow/.local/lib/python3.8/site-packages/airflow/example_dags/example_sensors.py
[2023-08-20T17:42:45.550+0000] {logging_mixin.py:151} INFO - [2023-08-20T17:42:45.550+0000] {dag.py:2907} INFO - Sync 1 DAGs
[2023-08-20T17:42:45.565+0000] {logging_mixin.py:151} INFO - [2023-08-20T17:42:45.565+0000] {dag.py:3677} INFO - Setting next_dagrun for example_sensors to None, run_after=None
[2023-08-20T17:42:45.598+0000] {processor.py:179} INFO - Processing /home/airflow/.local/lib/python3.8/site-packages/airflow/example_dags/example_sensors.py took 0.116 seconds
[2023-08-20T17:43:16.058+0000] {processor.py:157} INFO - Started process (PID=651) to work on /home/airflow/.local/lib/python3.8/site-packages/airflow/example_dags/example_sensors.py
[2023-08-20T17:43:16.063+0000] {processor.py:829} INFO - Processing file /home/airflow/.local/lib/python3.8/site-packages/airflow/example_dags/example_sensors.py for tasks to queue
[2023-08-20T17:43:16.067+0000] {logging_mixin.py:151} INFO - [2023-08-20T17:43:16.066+0000] {dagbag.py:539} INFO - Filling up the DagBag from /home/airflow/.local/lib/python3.8/site-packages/airflow/example_dags/example_sensors.py
[2023-08-20T17:43:16.085+0000] {processor.py:839} INFO - DAG(s) dict_keys(['example_sensors']) retrieved from /home/airflow/.local/lib/python3.8/site-packages/airflow/example_dags/example_sensors.py
[2023-08-20T17:43:16.128+0000] {logging_mixin.py:151} INFO - [2023-08-20T17:43:16.128+0000] {dag.py:2907} INFO - Sync 1 DAGs
[2023-08-20T17:43:16.149+0000] {logging_mixin.py:151} INFO - [2023-08-20T17:43:16.149+0000] {dag.py:3677} INFO - Setting next_dagrun for example_sensors to None, run_after=None
[2023-08-20T17:43:16.185+0000] {processor.py:179} INFO - Processing /home/airflow/.local/lib/python3.8/site-packages/airflow/example_dags/example_sensors.py took 0.140 seconds
[2023-08-20T17:43:46.863+0000] {processor.py:157} INFO - Started process (PID=705) to work on /home/airflow/.local/lib/python3.8/site-packages/airflow/example_dags/example_sensors.py
[2023-08-20T17:43:46.866+0000] {processor.py:829} INFO - Processing file /home/airflow/.local/lib/python3.8/site-packages/airflow/example_dags/example_sensors.py for tasks to queue
[2023-08-20T17:43:46.870+0000] {logging_mixin.py:151} INFO - [2023-08-20T17:43:46.869+0000] {dagbag.py:539} INFO - Filling up the DagBag from /home/airflow/.local/lib/python3.8/site-packages/airflow/example_dags/example_sensors.py
[2023-08-20T17:43:46.884+0000] {processor.py:839} INFO - DAG(s) dict_keys(['example_sensors']) retrieved from /home/airflow/.local/lib/python3.8/site-packages/airflow/example_dags/example_sensors.py
[2023-08-20T17:43:46.919+0000] {logging_mixin.py:151} INFO - [2023-08-20T17:43:46.919+0000] {dag.py:2907} INFO - Sync 1 DAGs
[2023-08-20T17:43:46.939+0000] {logging_mixin.py:151} INFO - [2023-08-20T17:43:46.939+0000] {dag.py:3677} INFO - Setting next_dagrun for example_sensors to None, run_after=None
[2023-08-20T17:43:46.966+0000] {processor.py:179} INFO - Processing /home/airflow/.local/lib/python3.8/site-packages/airflow/example_dags/example_sensors.py took 0.108 seconds
[2023-08-20T17:44:17.216+0000] {processor.py:157} INFO - Started process (PID=759) to work on /home/airflow/.local/lib/python3.8/site-packages/airflow/example_dags/example_sensors.py
[2023-08-20T17:44:17.217+0000] {processor.py:829} INFO - Processing file /home/airflow/.local/lib/python3.8/site-packages/airflow/example_dags/example_sensors.py for tasks to queue
[2023-08-20T17:44:17.221+0000] {logging_mixin.py:151} INFO - [2023-08-20T17:44:17.221+0000] {dagbag.py:539} INFO - Filling up the DagBag from /home/airflow/.local/lib/python3.8/site-packages/airflow/example_dags/example_sensors.py
[2023-08-20T17:44:17.236+0000] {processor.py:839} INFO - DAG(s) dict_keys(['example_sensors']) retrieved from /home/airflow/.local/lib/python3.8/site-packages/airflow/example_dags/example_sensors.py
[2023-08-20T17:44:17.281+0000] {logging_mixin.py:151} INFO - [2023-08-20T17:44:17.281+0000] {dag.py:2907} INFO - Sync 1 DAGs
[2023-08-20T17:44:17.302+0000] {logging_mixin.py:151} INFO - [2023-08-20T17:44:17.302+0000] {dag.py:3677} INFO - Setting next_dagrun for example_sensors to None, run_after=None
[2023-08-20T17:44:17.330+0000] {processor.py:179} INFO - Processing /home/airflow/.local/lib/python3.8/site-packages/airflow/example_dags/example_sensors.py took 0.126 seconds
[2023-08-20T17:44:47.605+0000] {processor.py:157} INFO - Started process (PID=813) to work on /home/airflow/.local/lib/python3.8/site-packages/airflow/example_dags/example_sensors.py
[2023-08-20T17:44:47.607+0000] {processor.py:829} INFO - Processing file /home/airflow/.local/lib/python3.8/site-packages/airflow/example_dags/example_sensors.py for tasks to queue
[2023-08-20T17:44:47.611+0000] {logging_mixin.py:151} INFO - [2023-08-20T17:44:47.611+0000] {dagbag.py:539} INFO - Filling up the DagBag from /home/airflow/.local/lib/python3.8/site-packages/airflow/example_dags/example_sensors.py
[2023-08-20T17:44:47.624+0000] {processor.py:839} INFO - DAG(s) dict_keys(['example_sensors']) retrieved from /home/airflow/.local/lib/python3.8/site-packages/airflow/example_dags/example_sensors.py
[2023-08-20T17:44:47.663+0000] {logging_mixin.py:151} INFO - [2023-08-20T17:44:47.662+0000] {dag.py:2907} INFO - Sync 1 DAGs
[2023-08-20T17:44:47.680+0000] {logging_mixin.py:151} INFO - [2023-08-20T17:44:47.680+0000] {dag.py:3677} INFO - Setting next_dagrun for example_sensors to None, run_after=None
[2023-08-20T17:44:47.714+0000] {processor.py:179} INFO - Processing /home/airflow/.local/lib/python3.8/site-packages/airflow/example_dags/example_sensors.py took 0.114 seconds
[2023-08-20T17:45:18.199+0000] {processor.py:157} INFO - Started process (PID=867) to work on /home/airflow/.local/lib/python3.8/site-packages/airflow/example_dags/example_sensors.py
[2023-08-20T17:45:18.202+0000] {processor.py:829} INFO - Processing file /home/airflow/.local/lib/python3.8/site-packages/airflow/example_dags/example_sensors.py for tasks to queue
[2023-08-20T17:45:18.206+0000] {logging_mixin.py:151} INFO - [2023-08-20T17:45:18.205+0000] {dagbag.py:539} INFO - Filling up the DagBag from /home/airflow/.local/lib/python3.8/site-packages/airflow/example_dags/example_sensors.py
[2023-08-20T17:45:18.230+0000] {processor.py:839} INFO - DAG(s) dict_keys(['example_sensors']) retrieved from /home/airflow/.local/lib/python3.8/site-packages/airflow/example_dags/example_sensors.py
[2023-08-20T17:45:18.265+0000] {logging_mixin.py:151} INFO - [2023-08-20T17:45:18.264+0000] {dag.py:2907} INFO - Sync 1 DAGs
[2023-08-20T17:45:18.281+0000] {logging_mixin.py:151} INFO - [2023-08-20T17:45:18.281+0000] {dag.py:3677} INFO - Setting next_dagrun for example_sensors to None, run_after=None
[2023-08-20T17:45:18.315+0000] {processor.py:179} INFO - Processing /home/airflow/.local/lib/python3.8/site-packages/airflow/example_dags/example_sensors.py took 0.120 seconds
[2023-08-20T17:45:48.677+0000] {processor.py:157} INFO - Started process (PID=921) to work on /home/airflow/.local/lib/python3.8/site-packages/airflow/example_dags/example_sensors.py
[2023-08-20T17:45:48.679+0000] {processor.py:829} INFO - Processing file /home/airflow/.local/lib/python3.8/site-packages/airflow/example_dags/example_sensors.py for tasks to queue
[2023-08-20T17:45:48.683+0000] {logging_mixin.py:151} INFO - [2023-08-20T17:45:48.682+0000] {dagbag.py:539} INFO - Filling up the DagBag from /home/airflow/.local/lib/python3.8/site-packages/airflow/example_dags/example_sensors.py
[2023-08-20T17:45:48.700+0000] {processor.py:839} INFO - DAG(s) dict_keys(['example_sensors']) retrieved from /home/airflow/.local/lib/python3.8/site-packages/airflow/example_dags/example_sensors.py
[2023-08-20T17:45:48.745+0000] {logging_mixin.py:151} INFO - [2023-08-20T17:45:48.744+0000] {dag.py:2907} INFO - Sync 1 DAGs
[2023-08-20T17:45:48.761+0000] {logging_mixin.py:151} INFO - [2023-08-20T17:45:48.761+0000] {dag.py:3677} INFO - Setting next_dagrun for example_sensors to None, run_after=None
[2023-08-20T17:45:48.787+0000] {processor.py:179} INFO - Processing /home/airflow/.local/lib/python3.8/site-packages/airflow/example_dags/example_sensors.py took 0.114 seconds
[2023-08-20T17:46:19.019+0000] {processor.py:157} INFO - Started process (PID=975) to work on /home/airflow/.local/lib/python3.8/site-packages/airflow/example_dags/example_sensors.py
[2023-08-20T17:46:19.021+0000] {processor.py:829} INFO - Processing file /home/airflow/.local/lib/python3.8/site-packages/airflow/example_dags/example_sensors.py for tasks to queue
[2023-08-20T17:46:19.024+0000] {logging_mixin.py:151} INFO - [2023-08-20T17:46:19.024+0000] {dagbag.py:539} INFO - Filling up the DagBag from /home/airflow/.local/lib/python3.8/site-packages/airflow/example_dags/example_sensors.py
[2023-08-20T17:46:19.037+0000] {processor.py:839} INFO - DAG(s) dict_keys(['example_sensors']) retrieved from /home/airflow/.local/lib/python3.8/site-packages/airflow/example_dags/example_sensors.py
[2023-08-20T17:46:19.074+0000] {logging_mixin.py:151} INFO - [2023-08-20T17:46:19.073+0000] {dag.py:2907} INFO - Sync 1 DAGs
[2023-08-20T17:46:19.096+0000] {logging_mixin.py:151} INFO - [2023-08-20T17:46:19.095+0000] {dag.py:3677} INFO - Setting next_dagrun for example_sensors to None, run_after=None
[2023-08-20T17:46:19.126+0000] {processor.py:179} INFO - Processing /home/airflow/.local/lib/python3.8/site-packages/airflow/example_dags/example_sensors.py took 0.112 seconds
[2023-08-20T17:46:49.252+0000] {processor.py:157} INFO - Started process (PID=1029) to work on /home/airflow/.local/lib/python3.8/site-packages/airflow/example_dags/example_sensors.py
[2023-08-20T17:46:49.254+0000] {processor.py:829} INFO - Processing file /home/airflow/.local/lib/python3.8/site-packages/airflow/example_dags/example_sensors.py for tasks to queue
[2023-08-20T17:46:49.258+0000] {logging_mixin.py:151} INFO - [2023-08-20T17:46:49.258+0000] {dagbag.py:539} INFO - Filling up the DagBag from /home/airflow/.local/lib/python3.8/site-packages/airflow/example_dags/example_sensors.py
[2023-08-20T17:46:49.274+0000] {processor.py:839} INFO - DAG(s) dict_keys(['example_sensors']) retrieved from /home/airflow/.local/lib/python3.8/site-packages/airflow/example_dags/example_sensors.py
[2023-08-20T17:46:49.308+0000] {logging_mixin.py:151} INFO - [2023-08-20T17:46:49.308+0000] {dag.py:2907} INFO - Sync 1 DAGs
[2023-08-20T17:46:49.327+0000] {logging_mixin.py:151} INFO - [2023-08-20T17:46:49.327+0000] {dag.py:3677} INFO - Setting next_dagrun for example_sensors to None, run_after=None
[2023-08-20T17:46:49.355+0000] {processor.py:179} INFO - Processing /home/airflow/.local/lib/python3.8/site-packages/airflow/example_dags/example_sensors.py took 0.108 seconds
