[2023-08-20T17:37:39.884+0000] {processor.py:157} INFO - Started process (PID=60) to work on /home/airflow/.local/lib/python3.8/site-packages/airflow/example_dags/example_sensor_decorator.py
[2023-08-20T17:37:39.886+0000] {processor.py:829} INFO - Processing file /home/airflow/.local/lib/python3.8/site-packages/airflow/example_dags/example_sensor_decorator.py for tasks to queue
[2023-08-20T17:37:39.891+0000] {logging_mixin.py:151} INFO - [2023-08-20T17:37:39.890+0000] {dagbag.py:539} INFO - Filling up the DagBag from /home/airflow/.local/lib/python3.8/site-packages/airflow/example_dags/example_sensor_decorator.py
[2023-08-20T17:37:39.915+0000] {processor.py:839} INFO - DAG(s) dict_keys(['example_sensor_decorator']) retrieved from /home/airflow/.local/lib/python3.8/site-packages/airflow/example_dags/example_sensor_decorator.py
[2023-08-20T17:37:39.936+0000] {logging_mixin.py:151} INFO - [2023-08-20T17:37:39.936+0000] {dag.py:2907} INFO - Sync 1 DAGs
[2023-08-20T17:37:39.963+0000] {logging_mixin.py:151} INFO - [2023-08-20T17:37:39.962+0000] {dag.py:3677} INFO - Setting next_dagrun for example_sensor_decorator to None, run_after=None
[2023-08-20T17:37:40.000+0000] {processor.py:179} INFO - Processing /home/airflow/.local/lib/python3.8/site-packages/airflow/example_dags/example_sensor_decorator.py took 0.124 seconds
[2023-08-20T17:38:10.809+0000] {processor.py:157} INFO - Started process (PID=114) to work on /home/airflow/.local/lib/python3.8/site-packages/airflow/example_dags/example_sensor_decorator.py
[2023-08-20T17:38:10.810+0000] {processor.py:829} INFO - Processing file /home/airflow/.local/lib/python3.8/site-packages/airflow/example_dags/example_sensor_decorator.py for tasks to queue
[2023-08-20T17:38:10.814+0000] {logging_mixin.py:151} INFO - [2023-08-20T17:38:10.813+0000] {dagbag.py:539} INFO - Filling up the DagBag from /home/airflow/.local/lib/python3.8/site-packages/airflow/example_dags/example_sensor_decorator.py
[2023-08-20T17:38:10.823+0000] {processor.py:839} INFO - DAG(s) dict_keys(['example_sensor_decorator']) retrieved from /home/airflow/.local/lib/python3.8/site-packages/airflow/example_dags/example_sensor_decorator.py
[2023-08-20T17:38:10.854+0000] {logging_mixin.py:151} INFO - [2023-08-20T17:38:10.853+0000] {dag.py:2907} INFO - Sync 1 DAGs
[2023-08-20T17:38:10.871+0000] {logging_mixin.py:151} INFO - [2023-08-20T17:38:10.871+0000] {dag.py:3677} INFO - Setting next_dagrun for example_sensor_decorator to None, run_after=None
[2023-08-20T17:38:10.900+0000] {processor.py:179} INFO - Processing /home/airflow/.local/lib/python3.8/site-packages/airflow/example_dags/example_sensor_decorator.py took 0.096 seconds
[2023-08-20T17:38:41.319+0000] {processor.py:157} INFO - Started process (PID=168) to work on /home/airflow/.local/lib/python3.8/site-packages/airflow/example_dags/example_sensor_decorator.py
[2023-08-20T17:38:41.321+0000] {processor.py:829} INFO - Processing file /home/airflow/.local/lib/python3.8/site-packages/airflow/example_dags/example_sensor_decorator.py for tasks to queue
[2023-08-20T17:38:41.325+0000] {logging_mixin.py:151} INFO - [2023-08-20T17:38:41.325+0000] {dagbag.py:539} INFO - Filling up the DagBag from /home/airflow/.local/lib/python3.8/site-packages/airflow/example_dags/example_sensor_decorator.py
[2023-08-20T17:38:41.333+0000] {processor.py:839} INFO - DAG(s) dict_keys(['example_sensor_decorator']) retrieved from /home/airflow/.local/lib/python3.8/site-packages/airflow/example_dags/example_sensor_decorator.py
[2023-08-20T17:38:41.358+0000] {logging_mixin.py:151} INFO - [2023-08-20T17:38:41.358+0000] {dag.py:2907} INFO - Sync 1 DAGs
[2023-08-20T17:38:41.375+0000] {logging_mixin.py:151} INFO - [2023-08-20T17:38:41.375+0000] {dag.py:3677} INFO - Setting next_dagrun for example_sensor_decorator to None, run_after=None
[2023-08-20T17:38:41.406+0000] {processor.py:179} INFO - Processing /home/airflow/.local/lib/python3.8/site-packages/airflow/example_dags/example_sensor_decorator.py took 0.093 seconds
[2023-08-20T17:39:11.483+0000] {processor.py:157} INFO - Started process (PID=222) to work on /home/airflow/.local/lib/python3.8/site-packages/airflow/example_dags/example_sensor_decorator.py
[2023-08-20T17:39:11.484+0000] {processor.py:829} INFO - Processing file /home/airflow/.local/lib/python3.8/site-packages/airflow/example_dags/example_sensor_decorator.py for tasks to queue
[2023-08-20T17:39:11.487+0000] {logging_mixin.py:151} INFO - [2023-08-20T17:39:11.487+0000] {dagbag.py:539} INFO - Filling up the DagBag from /home/airflow/.local/lib/python3.8/site-packages/airflow/example_dags/example_sensor_decorator.py
[2023-08-20T17:39:11.497+0000] {processor.py:839} INFO - DAG(s) dict_keys(['example_sensor_decorator']) retrieved from /home/airflow/.local/lib/python3.8/site-packages/airflow/example_dags/example_sensor_decorator.py
[2023-08-20T17:39:11.524+0000] {logging_mixin.py:151} INFO - [2023-08-20T17:39:11.524+0000] {dag.py:2907} INFO - Sync 1 DAGs
[2023-08-20T17:39:11.542+0000] {logging_mixin.py:151} INFO - [2023-08-20T17:39:11.542+0000] {dag.py:3677} INFO - Setting next_dagrun for example_sensor_decorator to None, run_after=None
[2023-08-20T17:39:11.575+0000] {processor.py:179} INFO - Processing /home/airflow/.local/lib/python3.8/site-packages/airflow/example_dags/example_sensor_decorator.py took 0.097 seconds
[2023-08-20T17:39:41.877+0000] {processor.py:157} INFO - Started process (PID=276) to work on /home/airflow/.local/lib/python3.8/site-packages/airflow/example_dags/example_sensor_decorator.py
[2023-08-20T17:39:41.878+0000] {processor.py:829} INFO - Processing file /home/airflow/.local/lib/python3.8/site-packages/airflow/example_dags/example_sensor_decorator.py for tasks to queue
[2023-08-20T17:39:41.882+0000] {logging_mixin.py:151} INFO - [2023-08-20T17:39:41.881+0000] {dagbag.py:539} INFO - Filling up the DagBag from /home/airflow/.local/lib/python3.8/site-packages/airflow/example_dags/example_sensor_decorator.py
[2023-08-20T17:39:41.890+0000] {processor.py:839} INFO - DAG(s) dict_keys(['example_sensor_decorator']) retrieved from /home/airflow/.local/lib/python3.8/site-packages/airflow/example_dags/example_sensor_decorator.py
[2023-08-20T17:39:41.906+0000] {logging_mixin.py:151} INFO - [2023-08-20T17:39:41.905+0000] {dag.py:2907} INFO - Sync 1 DAGs
[2023-08-20T17:39:41.927+0000] {logging_mixin.py:151} INFO - [2023-08-20T17:39:41.926+0000] {dag.py:3677} INFO - Setting next_dagrun for example_sensor_decorator to None, run_after=None
[2023-08-20T17:39:41.960+0000] {processor.py:179} INFO - Processing /home/airflow/.local/lib/python3.8/site-packages/airflow/example_dags/example_sensor_decorator.py took 0.087 seconds
[2023-08-20T17:40:12.520+0000] {processor.py:157} INFO - Started process (PID=330) to work on /home/airflow/.local/lib/python3.8/site-packages/airflow/example_dags/example_sensor_decorator.py
[2023-08-20T17:40:12.522+0000] {processor.py:829} INFO - Processing file /home/airflow/.local/lib/python3.8/site-packages/airflow/example_dags/example_sensor_decorator.py for tasks to queue
[2023-08-20T17:40:12.525+0000] {logging_mixin.py:151} INFO - [2023-08-20T17:40:12.525+0000] {dagbag.py:539} INFO - Filling up the DagBag from /home/airflow/.local/lib/python3.8/site-packages/airflow/example_dags/example_sensor_decorator.py
[2023-08-20T17:40:12.533+0000] {processor.py:839} INFO - DAG(s) dict_keys(['example_sensor_decorator']) retrieved from /home/airflow/.local/lib/python3.8/site-packages/airflow/example_dags/example_sensor_decorator.py
[2023-08-20T17:40:12.558+0000] {logging_mixin.py:151} INFO - [2023-08-20T17:40:12.558+0000] {dag.py:2907} INFO - Sync 1 DAGs
[2023-08-20T17:40:12.576+0000] {logging_mixin.py:151} INFO - [2023-08-20T17:40:12.576+0000] {dag.py:3677} INFO - Setting next_dagrun for example_sensor_decorator to None, run_after=None
[2023-08-20T17:40:12.610+0000] {processor.py:179} INFO - Processing /home/airflow/.local/lib/python3.8/site-packages/airflow/example_dags/example_sensor_decorator.py took 0.093 seconds
[2023-08-20T17:40:43.453+0000] {processor.py:157} INFO - Started process (PID=384) to work on /home/airflow/.local/lib/python3.8/site-packages/airflow/example_dags/example_sensor_decorator.py
[2023-08-20T17:40:43.455+0000] {processor.py:829} INFO - Processing file /home/airflow/.local/lib/python3.8/site-packages/airflow/example_dags/example_sensor_decorator.py for tasks to queue
[2023-08-20T17:40:43.459+0000] {logging_mixin.py:151} INFO - [2023-08-20T17:40:43.458+0000] {dagbag.py:539} INFO - Filling up the DagBag from /home/airflow/.local/lib/python3.8/site-packages/airflow/example_dags/example_sensor_decorator.py
[2023-08-20T17:40:43.468+0000] {processor.py:839} INFO - DAG(s) dict_keys(['example_sensor_decorator']) retrieved from /home/airflow/.local/lib/python3.8/site-packages/airflow/example_dags/example_sensor_decorator.py
[2023-08-20T17:40:43.498+0000] {logging_mixin.py:151} INFO - [2023-08-20T17:40:43.497+0000] {dag.py:2907} INFO - Sync 1 DAGs
[2023-08-20T17:40:43.518+0000] {logging_mixin.py:151} INFO - [2023-08-20T17:40:43.517+0000] {dag.py:3677} INFO - Setting next_dagrun for example_sensor_decorator to None, run_after=None
[2023-08-20T17:40:43.550+0000] {processor.py:179} INFO - Processing /home/airflow/.local/lib/python3.8/site-packages/airflow/example_dags/example_sensor_decorator.py took 0.102 seconds
[2023-08-20T17:41:13.723+0000] {processor.py:157} INFO - Started process (PID=438) to work on /home/airflow/.local/lib/python3.8/site-packages/airflow/example_dags/example_sensor_decorator.py
[2023-08-20T17:41:13.725+0000] {processor.py:829} INFO - Processing file /home/airflow/.local/lib/python3.8/site-packages/airflow/example_dags/example_sensor_decorator.py for tasks to queue
[2023-08-20T17:41:13.729+0000] {logging_mixin.py:151} INFO - [2023-08-20T17:41:13.728+0000] {dagbag.py:539} INFO - Filling up the DagBag from /home/airflow/.local/lib/python3.8/site-packages/airflow/example_dags/example_sensor_decorator.py
[2023-08-20T17:41:13.736+0000] {processor.py:839} INFO - DAG(s) dict_keys(['example_sensor_decorator']) retrieved from /home/airflow/.local/lib/python3.8/site-packages/airflow/example_dags/example_sensor_decorator.py
[2023-08-20T17:41:13.765+0000] {logging_mixin.py:151} INFO - [2023-08-20T17:41:13.764+0000] {dag.py:2907} INFO - Sync 1 DAGs
[2023-08-20T17:41:13.783+0000] {logging_mixin.py:151} INFO - [2023-08-20T17:41:13.783+0000] {dag.py:3677} INFO - Setting next_dagrun for example_sensor_decorator to None, run_after=None
[2023-08-20T17:41:13.809+0000] {processor.py:179} INFO - Processing /home/airflow/.local/lib/python3.8/site-packages/airflow/example_dags/example_sensor_decorator.py took 0.090 seconds
[2023-08-20T17:41:44.499+0000] {processor.py:157} INFO - Started process (PID=493) to work on /home/airflow/.local/lib/python3.8/site-packages/airflow/example_dags/example_sensor_decorator.py
[2023-08-20T17:41:44.500+0000] {processor.py:829} INFO - Processing file /home/airflow/.local/lib/python3.8/site-packages/airflow/example_dags/example_sensor_decorator.py for tasks to queue
[2023-08-20T17:41:44.503+0000] {logging_mixin.py:151} INFO - [2023-08-20T17:41:44.503+0000] {dagbag.py:539} INFO - Filling up the DagBag from /home/airflow/.local/lib/python3.8/site-packages/airflow/example_dags/example_sensor_decorator.py
[2023-08-20T17:41:44.510+0000] {processor.py:839} INFO - DAG(s) dict_keys(['example_sensor_decorator']) retrieved from /home/airflow/.local/lib/python3.8/site-packages/airflow/example_dags/example_sensor_decorator.py
[2023-08-20T17:41:44.535+0000] {logging_mixin.py:151} INFO - [2023-08-20T17:41:44.535+0000] {dag.py:2907} INFO - Sync 1 DAGs
[2023-08-20T17:41:44.551+0000] {logging_mixin.py:151} INFO - [2023-08-20T17:41:44.551+0000] {dag.py:3677} INFO - Setting next_dagrun for example_sensor_decorator to None, run_after=None
[2023-08-20T17:41:44.575+0000] {processor.py:179} INFO - Processing /home/airflow/.local/lib/python3.8/site-packages/airflow/example_dags/example_sensor_decorator.py took 0.081 seconds
[2023-08-20T17:42:15.540+0000] {processor.py:157} INFO - Started process (PID=547) to work on /home/airflow/.local/lib/python3.8/site-packages/airflow/example_dags/example_sensor_decorator.py
[2023-08-20T17:42:15.542+0000] {processor.py:829} INFO - Processing file /home/airflow/.local/lib/python3.8/site-packages/airflow/example_dags/example_sensor_decorator.py for tasks to queue
[2023-08-20T17:42:15.545+0000] {logging_mixin.py:151} INFO - [2023-08-20T17:42:15.545+0000] {dagbag.py:539} INFO - Filling up the DagBag from /home/airflow/.local/lib/python3.8/site-packages/airflow/example_dags/example_sensor_decorator.py
[2023-08-20T17:42:15.553+0000] {processor.py:839} INFO - DAG(s) dict_keys(['example_sensor_decorator']) retrieved from /home/airflow/.local/lib/python3.8/site-packages/airflow/example_dags/example_sensor_decorator.py
[2023-08-20T17:42:15.582+0000] {logging_mixin.py:151} INFO - [2023-08-20T17:42:15.582+0000] {dag.py:2907} INFO - Sync 1 DAGs
[2023-08-20T17:42:15.602+0000] {logging_mixin.py:151} INFO - [2023-08-20T17:42:15.601+0000] {dag.py:3677} INFO - Setting next_dagrun for example_sensor_decorator to None, run_after=None
[2023-08-20T17:42:15.631+0000] {processor.py:179} INFO - Processing /home/airflow/.local/lib/python3.8/site-packages/airflow/example_dags/example_sensor_decorator.py took 0.095 seconds
[2023-08-20T17:42:45.832+0000] {processor.py:157} INFO - Started process (PID=601) to work on /home/airflow/.local/lib/python3.8/site-packages/airflow/example_dags/example_sensor_decorator.py
[2023-08-20T17:42:45.834+0000] {processor.py:829} INFO - Processing file /home/airflow/.local/lib/python3.8/site-packages/airflow/example_dags/example_sensor_decorator.py for tasks to queue
[2023-08-20T17:42:45.837+0000] {logging_mixin.py:151} INFO - [2023-08-20T17:42:45.837+0000] {dagbag.py:539} INFO - Filling up the DagBag from /home/airflow/.local/lib/python3.8/site-packages/airflow/example_dags/example_sensor_decorator.py
[2023-08-20T17:42:45.845+0000] {processor.py:839} INFO - DAG(s) dict_keys(['example_sensor_decorator']) retrieved from /home/airflow/.local/lib/python3.8/site-packages/airflow/example_dags/example_sensor_decorator.py
[2023-08-20T17:42:45.871+0000] {logging_mixin.py:151} INFO - [2023-08-20T17:42:45.871+0000] {dag.py:2907} INFO - Sync 1 DAGs
[2023-08-20T17:42:45.891+0000] {logging_mixin.py:151} INFO - [2023-08-20T17:42:45.891+0000] {dag.py:3677} INFO - Setting next_dagrun for example_sensor_decorator to None, run_after=None
[2023-08-20T17:42:45.919+0000] {processor.py:179} INFO - Processing /home/airflow/.local/lib/python3.8/site-packages/airflow/example_dags/example_sensor_decorator.py took 0.093 seconds
[2023-08-20T17:43:16.271+0000] {processor.py:157} INFO - Started process (PID=654) to work on /home/airflow/.local/lib/python3.8/site-packages/airflow/example_dags/example_sensor_decorator.py
[2023-08-20T17:43:16.272+0000] {processor.py:829} INFO - Processing file /home/airflow/.local/lib/python3.8/site-packages/airflow/example_dags/example_sensor_decorator.py for tasks to queue
[2023-08-20T17:43:16.275+0000] {logging_mixin.py:151} INFO - [2023-08-20T17:43:16.275+0000] {dagbag.py:539} INFO - Filling up the DagBag from /home/airflow/.local/lib/python3.8/site-packages/airflow/example_dags/example_sensor_decorator.py
[2023-08-20T17:43:16.285+0000] {processor.py:839} INFO - DAG(s) dict_keys(['example_sensor_decorator']) retrieved from /home/airflow/.local/lib/python3.8/site-packages/airflow/example_dags/example_sensor_decorator.py
[2023-08-20T17:43:16.309+0000] {logging_mixin.py:151} INFO - [2023-08-20T17:43:16.309+0000] {dag.py:2907} INFO - Sync 1 DAGs
[2023-08-20T17:43:16.327+0000] {logging_mixin.py:151} INFO - [2023-08-20T17:43:16.326+0000] {dag.py:3677} INFO - Setting next_dagrun for example_sensor_decorator to None, run_after=None
[2023-08-20T17:43:16.353+0000] {processor.py:179} INFO - Processing /home/airflow/.local/lib/python3.8/site-packages/airflow/example_dags/example_sensor_decorator.py took 0.086 seconds
[2023-08-20T17:43:47.058+0000] {processor.py:157} INFO - Started process (PID=708) to work on /home/airflow/.local/lib/python3.8/site-packages/airflow/example_dags/example_sensor_decorator.py
[2023-08-20T17:43:47.060+0000] {processor.py:829} INFO - Processing file /home/airflow/.local/lib/python3.8/site-packages/airflow/example_dags/example_sensor_decorator.py for tasks to queue
[2023-08-20T17:43:47.064+0000] {logging_mixin.py:151} INFO - [2023-08-20T17:43:47.064+0000] {dagbag.py:539} INFO - Filling up the DagBag from /home/airflow/.local/lib/python3.8/site-packages/airflow/example_dags/example_sensor_decorator.py
[2023-08-20T17:43:47.073+0000] {processor.py:839} INFO - DAG(s) dict_keys(['example_sensor_decorator']) retrieved from /home/airflow/.local/lib/python3.8/site-packages/airflow/example_dags/example_sensor_decorator.py
[2023-08-20T17:43:47.102+0000] {logging_mixin.py:151} INFO - [2023-08-20T17:43:47.101+0000] {dag.py:2907} INFO - Sync 1 DAGs
[2023-08-20T17:43:47.118+0000] {logging_mixin.py:151} INFO - [2023-08-20T17:43:47.118+0000] {dag.py:3677} INFO - Setting next_dagrun for example_sensor_decorator to None, run_after=None
[2023-08-20T17:43:47.152+0000] {processor.py:179} INFO - Processing /home/airflow/.local/lib/python3.8/site-packages/airflow/example_dags/example_sensor_decorator.py took 0.098 seconds
[2023-08-20T17:44:17.424+0000] {processor.py:157} INFO - Started process (PID=762) to work on /home/airflow/.local/lib/python3.8/site-packages/airflow/example_dags/example_sensor_decorator.py
[2023-08-20T17:44:17.425+0000] {processor.py:829} INFO - Processing file /home/airflow/.local/lib/python3.8/site-packages/airflow/example_dags/example_sensor_decorator.py for tasks to queue
[2023-08-20T17:44:17.428+0000] {logging_mixin.py:151} INFO - [2023-08-20T17:44:17.428+0000] {dagbag.py:539} INFO - Filling up the DagBag from /home/airflow/.local/lib/python3.8/site-packages/airflow/example_dags/example_sensor_decorator.py
[2023-08-20T17:44:17.436+0000] {processor.py:839} INFO - DAG(s) dict_keys(['example_sensor_decorator']) retrieved from /home/airflow/.local/lib/python3.8/site-packages/airflow/example_dags/example_sensor_decorator.py
[2023-08-20T17:44:17.461+0000] {logging_mixin.py:151} INFO - [2023-08-20T17:44:17.461+0000] {dag.py:2907} INFO - Sync 1 DAGs
[2023-08-20T17:44:17.480+0000] {logging_mixin.py:151} INFO - [2023-08-20T17:44:17.480+0000] {dag.py:3677} INFO - Setting next_dagrun for example_sensor_decorator to None, run_after=None
[2023-08-20T17:44:17.510+0000] {processor.py:179} INFO - Processing /home/airflow/.local/lib/python3.8/site-packages/airflow/example_dags/example_sensor_decorator.py took 0.090 seconds
[2023-08-20T17:44:47.799+0000] {processor.py:157} INFO - Started process (PID=816) to work on /home/airflow/.local/lib/python3.8/site-packages/airflow/example_dags/example_sensor_decorator.py
[2023-08-20T17:44:47.801+0000] {processor.py:829} INFO - Processing file /home/airflow/.local/lib/python3.8/site-packages/airflow/example_dags/example_sensor_decorator.py for tasks to queue
[2023-08-20T17:44:47.804+0000] {logging_mixin.py:151} INFO - [2023-08-20T17:44:47.804+0000] {dagbag.py:539} INFO - Filling up the DagBag from /home/airflow/.local/lib/python3.8/site-packages/airflow/example_dags/example_sensor_decorator.py
[2023-08-20T17:44:47.812+0000] {processor.py:839} INFO - DAG(s) dict_keys(['example_sensor_decorator']) retrieved from /home/airflow/.local/lib/python3.8/site-packages/airflow/example_dags/example_sensor_decorator.py
[2023-08-20T17:44:47.837+0000] {logging_mixin.py:151} INFO - [2023-08-20T17:44:47.837+0000] {dag.py:2907} INFO - Sync 1 DAGs
[2023-08-20T17:44:47.853+0000] {logging_mixin.py:151} INFO - [2023-08-20T17:44:47.853+0000] {dag.py:3677} INFO - Setting next_dagrun for example_sensor_decorator to None, run_after=None
[2023-08-20T17:44:47.880+0000] {processor.py:179} INFO - Processing /home/airflow/.local/lib/python3.8/site-packages/airflow/example_dags/example_sensor_decorator.py took 0.085 seconds
[2023-08-20T17:45:18.395+0000] {processor.py:157} INFO - Started process (PID=870) to work on /home/airflow/.local/lib/python3.8/site-packages/airflow/example_dags/example_sensor_decorator.py
[2023-08-20T17:45:18.397+0000] {processor.py:829} INFO - Processing file /home/airflow/.local/lib/python3.8/site-packages/airflow/example_dags/example_sensor_decorator.py for tasks to queue
[2023-08-20T17:45:18.401+0000] {logging_mixin.py:151} INFO - [2023-08-20T17:45:18.400+0000] {dagbag.py:539} INFO - Filling up the DagBag from /home/airflow/.local/lib/python3.8/site-packages/airflow/example_dags/example_sensor_decorator.py
[2023-08-20T17:45:18.409+0000] {processor.py:839} INFO - DAG(s) dict_keys(['example_sensor_decorator']) retrieved from /home/airflow/.local/lib/python3.8/site-packages/airflow/example_dags/example_sensor_decorator.py
[2023-08-20T17:45:18.437+0000] {logging_mixin.py:151} INFO - [2023-08-20T17:45:18.437+0000] {dag.py:2907} INFO - Sync 1 DAGs
[2023-08-20T17:45:18.456+0000] {logging_mixin.py:151} INFO - [2023-08-20T17:45:18.455+0000] {dag.py:3677} INFO - Setting next_dagrun for example_sensor_decorator to None, run_after=None
[2023-08-20T17:45:18.484+0000] {processor.py:179} INFO - Processing /home/airflow/.local/lib/python3.8/site-packages/airflow/example_dags/example_sensor_decorator.py took 0.093 seconds
[2023-08-20T17:45:48.867+0000] {processor.py:157} INFO - Started process (PID=924) to work on /home/airflow/.local/lib/python3.8/site-packages/airflow/example_dags/example_sensor_decorator.py
[2023-08-20T17:45:48.869+0000] {processor.py:829} INFO - Processing file /home/airflow/.local/lib/python3.8/site-packages/airflow/example_dags/example_sensor_decorator.py for tasks to queue
[2023-08-20T17:45:48.872+0000] {logging_mixin.py:151} INFO - [2023-08-20T17:45:48.871+0000] {dagbag.py:539} INFO - Filling up the DagBag from /home/airflow/.local/lib/python3.8/site-packages/airflow/example_dags/example_sensor_decorator.py
[2023-08-20T17:45:48.878+0000] {processor.py:839} INFO - DAG(s) dict_keys(['example_sensor_decorator']) retrieved from /home/airflow/.local/lib/python3.8/site-packages/airflow/example_dags/example_sensor_decorator.py
[2023-08-20T17:45:48.906+0000] {logging_mixin.py:151} INFO - [2023-08-20T17:45:48.906+0000] {dag.py:2907} INFO - Sync 1 DAGs
[2023-08-20T17:45:48.923+0000] {logging_mixin.py:151} INFO - [2023-08-20T17:45:48.922+0000] {dag.py:3677} INFO - Setting next_dagrun for example_sensor_decorator to None, run_after=None
[2023-08-20T17:45:48.948+0000] {processor.py:179} INFO - Processing /home/airflow/.local/lib/python3.8/site-packages/airflow/example_dags/example_sensor_decorator.py took 0.085 seconds
[2023-08-20T17:46:19.207+0000] {processor.py:157} INFO - Started process (PID=978) to work on /home/airflow/.local/lib/python3.8/site-packages/airflow/example_dags/example_sensor_decorator.py
[2023-08-20T17:46:19.209+0000] {processor.py:829} INFO - Processing file /home/airflow/.local/lib/python3.8/site-packages/airflow/example_dags/example_sensor_decorator.py for tasks to queue
[2023-08-20T17:46:19.213+0000] {logging_mixin.py:151} INFO - [2023-08-20T17:46:19.212+0000] {dagbag.py:539} INFO - Filling up the DagBag from /home/airflow/.local/lib/python3.8/site-packages/airflow/example_dags/example_sensor_decorator.py
[2023-08-20T17:46:19.221+0000] {processor.py:839} INFO - DAG(s) dict_keys(['example_sensor_decorator']) retrieved from /home/airflow/.local/lib/python3.8/site-packages/airflow/example_dags/example_sensor_decorator.py
[2023-08-20T17:46:19.248+0000] {logging_mixin.py:151} INFO - [2023-08-20T17:46:19.247+0000] {dag.py:2907} INFO - Sync 1 DAGs
[2023-08-20T17:46:19.265+0000] {logging_mixin.py:151} INFO - [2023-08-20T17:46:19.265+0000] {dag.py:3677} INFO - Setting next_dagrun for example_sensor_decorator to None, run_after=None
[2023-08-20T17:46:19.291+0000] {processor.py:179} INFO - Processing /home/airflow/.local/lib/python3.8/site-packages/airflow/example_dags/example_sensor_decorator.py took 0.089 seconds
[2023-08-20T17:46:49.444+0000] {processor.py:157} INFO - Started process (PID=1032) to work on /home/airflow/.local/lib/python3.8/site-packages/airflow/example_dags/example_sensor_decorator.py
[2023-08-20T17:46:49.446+0000] {processor.py:829} INFO - Processing file /home/airflow/.local/lib/python3.8/site-packages/airflow/example_dags/example_sensor_decorator.py for tasks to queue
[2023-08-20T17:46:49.449+0000] {logging_mixin.py:151} INFO - [2023-08-20T17:46:49.449+0000] {dagbag.py:539} INFO - Filling up the DagBag from /home/airflow/.local/lib/python3.8/site-packages/airflow/example_dags/example_sensor_decorator.py
[2023-08-20T17:46:49.457+0000] {processor.py:839} INFO - DAG(s) dict_keys(['example_sensor_decorator']) retrieved from /home/airflow/.local/lib/python3.8/site-packages/airflow/example_dags/example_sensor_decorator.py
[2023-08-20T17:46:49.481+0000] {logging_mixin.py:151} INFO - [2023-08-20T17:46:49.480+0000] {dag.py:2907} INFO - Sync 1 DAGs
[2023-08-20T17:46:49.497+0000] {logging_mixin.py:151} INFO - [2023-08-20T17:46:49.497+0000] {dag.py:3677} INFO - Setting next_dagrun for example_sensor_decorator to None, run_after=None
[2023-08-20T17:46:49.522+0000] {processor.py:179} INFO - Processing /home/airflow/.local/lib/python3.8/site-packages/airflow/example_dags/example_sensor_decorator.py took 0.082 seconds
