[2023-08-20T17:37:40.768+0000] {processor.py:157} INFO - Started process (PID=69) to work on /home/airflow/.local/lib/python3.8/site-packages/airflow/example_dags/example_sla_dag.py
[2023-08-20T17:37:40.770+0000] {processor.py:829} INFO - Processing file /home/airflow/.local/lib/python3.8/site-packages/airflow/example_dags/example_sla_dag.py for tasks to queue
[2023-08-20T17:37:40.773+0000] {logging_mixin.py:151} INFO - [2023-08-20T17:37:40.773+0000] {dagbag.py:539} INFO - Filling up the DagBag from /home/airflow/.local/lib/python3.8/site-packages/airflow/example_dags/example_sla_dag.py
[2023-08-20T17:37:40.787+0000] {processor.py:839} INFO - DAG(s) dict_keys(['example_sla_dag']) retrieved from /home/airflow/.local/lib/python3.8/site-packages/airflow/example_dags/example_sla_dag.py
[2023-08-20T17:37:40.814+0000] {logging_mixin.py:151} INFO - [2023-08-20T17:37:40.814+0000] {dag.py:2907} INFO - Sync 1 DAGs
[2023-08-20T17:37:40.875+0000] {logging_mixin.py:151} INFO - [2023-08-20T17:37:40.874+0000] {dag.py:3677} INFO - Setting next_dagrun for example_sla_dag to 2023-08-20T17:34:00+00:00, run_after=2023-08-20T17:36:00+00:00
[2023-08-20T17:37:40.908+0000] {processor.py:179} INFO - Processing /home/airflow/.local/lib/python3.8/site-packages/airflow/example_dags/example_sla_dag.py took 0.144 seconds
[2023-08-20T17:38:11.456+0000] {processor.py:157} INFO - Started process (PID=123) to work on /home/airflow/.local/lib/python3.8/site-packages/airflow/example_dags/example_sla_dag.py
[2023-08-20T17:38:11.458+0000] {processor.py:829} INFO - Processing file /home/airflow/.local/lib/python3.8/site-packages/airflow/example_dags/example_sla_dag.py for tasks to queue
[2023-08-20T17:38:11.462+0000] {logging_mixin.py:151} INFO - [2023-08-20T17:38:11.462+0000] {dagbag.py:539} INFO - Filling up the DagBag from /home/airflow/.local/lib/python3.8/site-packages/airflow/example_dags/example_sla_dag.py
[2023-08-20T17:38:11.479+0000] {processor.py:839} INFO - DAG(s) dict_keys(['example_sla_dag']) retrieved from /home/airflow/.local/lib/python3.8/site-packages/airflow/example_dags/example_sla_dag.py
[2023-08-20T17:38:11.514+0000] {logging_mixin.py:151} INFO - [2023-08-20T17:38:11.513+0000] {dag.py:2907} INFO - Sync 1 DAGs
[2023-08-20T17:38:11.555+0000] {logging_mixin.py:151} INFO - [2023-08-20T17:38:11.555+0000] {dag.py:3677} INFO - Setting next_dagrun for example_sla_dag to 2023-08-20T17:36:00+00:00, run_after=2023-08-20T17:38:00+00:00
[2023-08-20T17:38:11.582+0000] {processor.py:179} INFO - Processing /home/airflow/.local/lib/python3.8/site-packages/airflow/example_dags/example_sla_dag.py took 0.131 seconds
[2023-08-20T17:38:42.102+0000] {processor.py:157} INFO - Started process (PID=177) to work on /home/airflow/.local/lib/python3.8/site-packages/airflow/example_dags/example_sla_dag.py
[2023-08-20T17:38:42.104+0000] {processor.py:829} INFO - Processing file /home/airflow/.local/lib/python3.8/site-packages/airflow/example_dags/example_sla_dag.py for tasks to queue
[2023-08-20T17:38:42.107+0000] {logging_mixin.py:151} INFO - [2023-08-20T17:38:42.106+0000] {dagbag.py:539} INFO - Filling up the DagBag from /home/airflow/.local/lib/python3.8/site-packages/airflow/example_dags/example_sla_dag.py
[2023-08-20T17:38:42.118+0000] {processor.py:839} INFO - DAG(s) dict_keys(['example_sla_dag']) retrieved from /home/airflow/.local/lib/python3.8/site-packages/airflow/example_dags/example_sla_dag.py
[2023-08-20T17:38:42.143+0000] {logging_mixin.py:151} INFO - [2023-08-20T17:38:42.143+0000] {dag.py:2907} INFO - Sync 1 DAGs
[2023-08-20T17:38:42.182+0000] {logging_mixin.py:151} INFO - [2023-08-20T17:38:42.182+0000] {dag.py:3677} INFO - Setting next_dagrun for example_sla_dag to 2023-08-20T17:36:00+00:00, run_after=2023-08-20T17:38:00+00:00
[2023-08-20T17:38:42.210+0000] {processor.py:179} INFO - Processing /home/airflow/.local/lib/python3.8/site-packages/airflow/example_dags/example_sla_dag.py took 0.112 seconds
[2023-08-20T17:39:12.506+0000] {processor.py:157} INFO - Started process (PID=231) to work on /home/airflow/.local/lib/python3.8/site-packages/airflow/example_dags/example_sla_dag.py
[2023-08-20T17:39:12.509+0000] {processor.py:829} INFO - Processing file /home/airflow/.local/lib/python3.8/site-packages/airflow/example_dags/example_sla_dag.py for tasks to queue
[2023-08-20T17:39:12.512+0000] {logging_mixin.py:151} INFO - [2023-08-20T17:39:12.512+0000] {dagbag.py:539} INFO - Filling up the DagBag from /home/airflow/.local/lib/python3.8/site-packages/airflow/example_dags/example_sla_dag.py
[2023-08-20T17:39:12.523+0000] {processor.py:839} INFO - DAG(s) dict_keys(['example_sla_dag']) retrieved from /home/airflow/.local/lib/python3.8/site-packages/airflow/example_dags/example_sla_dag.py
[2023-08-20T17:39:12.552+0000] {logging_mixin.py:151} INFO - [2023-08-20T17:39:12.552+0000] {dag.py:2907} INFO - Sync 1 DAGs
[2023-08-20T17:39:12.591+0000] {logging_mixin.py:151} INFO - [2023-08-20T17:39:12.591+0000] {dag.py:3677} INFO - Setting next_dagrun for example_sla_dag to 2023-08-20T17:36:00+00:00, run_after=2023-08-20T17:38:00+00:00
[2023-08-20T17:39:12.620+0000] {processor.py:179} INFO - Processing /home/airflow/.local/lib/python3.8/site-packages/airflow/example_dags/example_sla_dag.py took 0.117 seconds
[2023-08-20T17:39:42.678+0000] {processor.py:157} INFO - Started process (PID=285) to work on /home/airflow/.local/lib/python3.8/site-packages/airflow/example_dags/example_sla_dag.py
[2023-08-20T17:39:42.679+0000] {processor.py:829} INFO - Processing file /home/airflow/.local/lib/python3.8/site-packages/airflow/example_dags/example_sla_dag.py for tasks to queue
[2023-08-20T17:39:42.682+0000] {logging_mixin.py:151} INFO - [2023-08-20T17:39:42.682+0000] {dagbag.py:539} INFO - Filling up the DagBag from /home/airflow/.local/lib/python3.8/site-packages/airflow/example_dags/example_sla_dag.py
[2023-08-20T17:39:42.696+0000] {processor.py:839} INFO - DAG(s) dict_keys(['example_sla_dag']) retrieved from /home/airflow/.local/lib/python3.8/site-packages/airflow/example_dags/example_sla_dag.py
[2023-08-20T17:39:42.715+0000] {logging_mixin.py:151} INFO - [2023-08-20T17:39:42.714+0000] {dag.py:2907} INFO - Sync 1 DAGs
[2023-08-20T17:39:42.754+0000] {logging_mixin.py:151} INFO - [2023-08-20T17:39:42.753+0000] {dag.py:3677} INFO - Setting next_dagrun for example_sla_dag to 2023-08-20T17:36:00+00:00, run_after=2023-08-20T17:38:00+00:00
[2023-08-20T17:39:42.792+0000] {processor.py:179} INFO - Processing /home/airflow/.local/lib/python3.8/site-packages/airflow/example_dags/example_sla_dag.py took 0.118 seconds
[2023-08-20T17:40:13.139+0000] {processor.py:157} INFO - Started process (PID=339) to work on /home/airflow/.local/lib/python3.8/site-packages/airflow/example_dags/example_sla_dag.py
[2023-08-20T17:40:13.141+0000] {processor.py:829} INFO - Processing file /home/airflow/.local/lib/python3.8/site-packages/airflow/example_dags/example_sla_dag.py for tasks to queue
[2023-08-20T17:40:13.144+0000] {logging_mixin.py:151} INFO - [2023-08-20T17:40:13.144+0000] {dagbag.py:539} INFO - Filling up the DagBag from /home/airflow/.local/lib/python3.8/site-packages/airflow/example_dags/example_sla_dag.py
[2023-08-20T17:40:13.158+0000] {processor.py:839} INFO - DAG(s) dict_keys(['example_sla_dag']) retrieved from /home/airflow/.local/lib/python3.8/site-packages/airflow/example_dags/example_sla_dag.py
[2023-08-20T17:40:13.187+0000] {logging_mixin.py:151} INFO - [2023-08-20T17:40:13.187+0000] {dag.py:2907} INFO - Sync 1 DAGs
[2023-08-20T17:40:13.219+0000] {logging_mixin.py:151} INFO - [2023-08-20T17:40:13.218+0000] {dag.py:3677} INFO - Setting next_dagrun for example_sla_dag to 2023-08-20T17:38:00+00:00, run_after=2023-08-20T17:40:00+00:00
[2023-08-20T17:40:13.247+0000] {processor.py:179} INFO - Processing /home/airflow/.local/lib/python3.8/site-packages/airflow/example_dags/example_sla_dag.py took 0.112 seconds
[2023-08-20T17:40:44.092+0000] {processor.py:157} INFO - Started process (PID=393) to work on /home/airflow/.local/lib/python3.8/site-packages/airflow/example_dags/example_sla_dag.py
[2023-08-20T17:40:44.094+0000] {processor.py:829} INFO - Processing file /home/airflow/.local/lib/python3.8/site-packages/airflow/example_dags/example_sla_dag.py for tasks to queue
[2023-08-20T17:40:44.097+0000] {logging_mixin.py:151} INFO - [2023-08-20T17:40:44.097+0000] {dagbag.py:539} INFO - Filling up the DagBag from /home/airflow/.local/lib/python3.8/site-packages/airflow/example_dags/example_sla_dag.py
[2023-08-20T17:40:44.110+0000] {processor.py:839} INFO - DAG(s) dict_keys(['example_sla_dag']) retrieved from /home/airflow/.local/lib/python3.8/site-packages/airflow/example_dags/example_sla_dag.py
[2023-08-20T17:40:44.136+0000] {logging_mixin.py:151} INFO - [2023-08-20T17:40:44.135+0000] {dag.py:2907} INFO - Sync 1 DAGs
[2023-08-20T17:40:44.174+0000] {logging_mixin.py:151} INFO - [2023-08-20T17:40:44.173+0000] {dag.py:3677} INFO - Setting next_dagrun for example_sla_dag to 2023-08-20T17:38:00+00:00, run_after=2023-08-20T17:40:00+00:00
[2023-08-20T17:40:44.201+0000] {processor.py:179} INFO - Processing /home/airflow/.local/lib/python3.8/site-packages/airflow/example_dags/example_sla_dag.py took 0.113 seconds
[2023-08-20T17:41:14.313+0000] {processor.py:157} INFO - Started process (PID=447) to work on /home/airflow/.local/lib/python3.8/site-packages/airflow/example_dags/example_sla_dag.py
[2023-08-20T17:41:14.314+0000] {processor.py:829} INFO - Processing file /home/airflow/.local/lib/python3.8/site-packages/airflow/example_dags/example_sla_dag.py for tasks to queue
[2023-08-20T17:41:14.317+0000] {logging_mixin.py:151} INFO - [2023-08-20T17:41:14.317+0000] {dagbag.py:539} INFO - Filling up the DagBag from /home/airflow/.local/lib/python3.8/site-packages/airflow/example_dags/example_sla_dag.py
[2023-08-20T17:41:14.329+0000] {processor.py:839} INFO - DAG(s) dict_keys(['example_sla_dag']) retrieved from /home/airflow/.local/lib/python3.8/site-packages/airflow/example_dags/example_sla_dag.py
[2023-08-20T17:41:14.353+0000] {logging_mixin.py:151} INFO - [2023-08-20T17:41:14.353+0000] {dag.py:2907} INFO - Sync 1 DAGs
[2023-08-20T17:41:14.390+0000] {logging_mixin.py:151} INFO - [2023-08-20T17:41:14.390+0000] {dag.py:3677} INFO - Setting next_dagrun for example_sla_dag to 2023-08-20T17:38:00+00:00, run_after=2023-08-20T17:40:00+00:00
[2023-08-20T17:41:14.417+0000] {processor.py:179} INFO - Processing /home/airflow/.local/lib/python3.8/site-packages/airflow/example_dags/example_sla_dag.py took 0.108 seconds
[2023-08-20T17:41:45.052+0000] {processor.py:157} INFO - Started process (PID=502) to work on /home/airflow/.local/lib/python3.8/site-packages/airflow/example_dags/example_sla_dag.py
[2023-08-20T17:41:45.053+0000] {processor.py:829} INFO - Processing file /home/airflow/.local/lib/python3.8/site-packages/airflow/example_dags/example_sla_dag.py for tasks to queue
[2023-08-20T17:41:45.056+0000] {logging_mixin.py:151} INFO - [2023-08-20T17:41:45.056+0000] {dagbag.py:539} INFO - Filling up the DagBag from /home/airflow/.local/lib/python3.8/site-packages/airflow/example_dags/example_sla_dag.py
[2023-08-20T17:41:45.067+0000] {processor.py:839} INFO - DAG(s) dict_keys(['example_sla_dag']) retrieved from /home/airflow/.local/lib/python3.8/site-packages/airflow/example_dags/example_sla_dag.py
[2023-08-20T17:41:45.092+0000] {logging_mixin.py:151} INFO - [2023-08-20T17:41:45.092+0000] {dag.py:2907} INFO - Sync 1 DAGs
[2023-08-20T17:41:45.130+0000] {logging_mixin.py:151} INFO - [2023-08-20T17:41:45.130+0000] {dag.py:3677} INFO - Setting next_dagrun for example_sla_dag to 2023-08-20T17:38:00+00:00, run_after=2023-08-20T17:40:00+00:00
[2023-08-20T17:41:45.152+0000] {processor.py:179} INFO - Processing /home/airflow/.local/lib/python3.8/site-packages/airflow/example_dags/example_sla_dag.py took 0.104 seconds
[2023-08-20T17:42:16.183+0000] {processor.py:157} INFO - Started process (PID=556) to work on /home/airflow/.local/lib/python3.8/site-packages/airflow/example_dags/example_sla_dag.py
[2023-08-20T17:42:16.185+0000] {processor.py:829} INFO - Processing file /home/airflow/.local/lib/python3.8/site-packages/airflow/example_dags/example_sla_dag.py for tasks to queue
[2023-08-20T17:42:16.189+0000] {logging_mixin.py:151} INFO - [2023-08-20T17:42:16.188+0000] {dagbag.py:539} INFO - Filling up the DagBag from /home/airflow/.local/lib/python3.8/site-packages/airflow/example_dags/example_sla_dag.py
[2023-08-20T17:42:16.201+0000] {processor.py:839} INFO - DAG(s) dict_keys(['example_sla_dag']) retrieved from /home/airflow/.local/lib/python3.8/site-packages/airflow/example_dags/example_sla_dag.py
[2023-08-20T17:42:16.235+0000] {logging_mixin.py:151} INFO - [2023-08-20T17:42:16.235+0000] {dag.py:2907} INFO - Sync 1 DAGs
[2023-08-20T17:42:16.288+0000] {logging_mixin.py:151} INFO - [2023-08-20T17:42:16.287+0000] {dag.py:3677} INFO - Setting next_dagrun for example_sla_dag to 2023-08-20T17:40:00+00:00, run_after=2023-08-20T17:42:00+00:00
[2023-08-20T17:42:16.318+0000] {processor.py:179} INFO - Processing /home/airflow/.local/lib/python3.8/site-packages/airflow/example_dags/example_sla_dag.py took 0.140 seconds
[2023-08-20T17:42:46.691+0000] {processor.py:157} INFO - Started process (PID=610) to work on /home/airflow/.local/lib/python3.8/site-packages/airflow/example_dags/example_sla_dag.py
[2023-08-20T17:42:46.693+0000] {processor.py:829} INFO - Processing file /home/airflow/.local/lib/python3.8/site-packages/airflow/example_dags/example_sla_dag.py for tasks to queue
[2023-08-20T17:42:46.696+0000] {logging_mixin.py:151} INFO - [2023-08-20T17:42:46.696+0000] {dagbag.py:539} INFO - Filling up the DagBag from /home/airflow/.local/lib/python3.8/site-packages/airflow/example_dags/example_sla_dag.py
[2023-08-20T17:42:46.712+0000] {processor.py:839} INFO - DAG(s) dict_keys(['example_sla_dag']) retrieved from /home/airflow/.local/lib/python3.8/site-packages/airflow/example_dags/example_sla_dag.py
[2023-08-20T17:42:46.742+0000] {logging_mixin.py:151} INFO - [2023-08-20T17:42:46.741+0000] {dag.py:2907} INFO - Sync 1 DAGs
[2023-08-20T17:42:46.777+0000] {logging_mixin.py:151} INFO - [2023-08-20T17:42:46.777+0000] {dag.py:3677} INFO - Setting next_dagrun for example_sla_dag to 2023-08-20T17:40:00+00:00, run_after=2023-08-20T17:42:00+00:00
[2023-08-20T17:42:46.805+0000] {processor.py:179} INFO - Processing /home/airflow/.local/lib/python3.8/site-packages/airflow/example_dags/example_sla_dag.py took 0.120 seconds
[2023-08-20T17:43:17.232+0000] {processor.py:157} INFO - Started process (PID=664) to work on /home/airflow/.local/lib/python3.8/site-packages/airflow/example_dags/example_sla_dag.py
[2023-08-20T17:43:17.234+0000] {processor.py:829} INFO - Processing file /home/airflow/.local/lib/python3.8/site-packages/airflow/example_dags/example_sla_dag.py for tasks to queue
[2023-08-20T17:43:17.238+0000] {logging_mixin.py:151} INFO - [2023-08-20T17:43:17.237+0000] {dagbag.py:539} INFO - Filling up the DagBag from /home/airflow/.local/lib/python3.8/site-packages/airflow/example_dags/example_sla_dag.py
[2023-08-20T17:43:17.250+0000] {processor.py:839} INFO - DAG(s) dict_keys(['example_sla_dag']) retrieved from /home/airflow/.local/lib/python3.8/site-packages/airflow/example_dags/example_sla_dag.py
[2023-08-20T17:43:17.278+0000] {logging_mixin.py:151} INFO - [2023-08-20T17:43:17.277+0000] {dag.py:2907} INFO - Sync 1 DAGs
[2023-08-20T17:43:17.316+0000] {logging_mixin.py:151} INFO - [2023-08-20T17:43:17.316+0000] {dag.py:3677} INFO - Setting next_dagrun for example_sla_dag to 2023-08-20T17:40:00+00:00, run_after=2023-08-20T17:42:00+00:00
[2023-08-20T17:43:17.346+0000] {processor.py:179} INFO - Processing /home/airflow/.local/lib/python3.8/site-packages/airflow/example_dags/example_sla_dag.py took 0.119 seconds
[2023-08-20T17:43:47.955+0000] {processor.py:157} INFO - Started process (PID=718) to work on /home/airflow/.local/lib/python3.8/site-packages/airflow/example_dags/example_sla_dag.py
[2023-08-20T17:43:47.957+0000] {processor.py:829} INFO - Processing file /home/airflow/.local/lib/python3.8/site-packages/airflow/example_dags/example_sla_dag.py for tasks to queue
[2023-08-20T17:43:47.961+0000] {logging_mixin.py:151} INFO - [2023-08-20T17:43:47.960+0000] {dagbag.py:539} INFO - Filling up the DagBag from /home/airflow/.local/lib/python3.8/site-packages/airflow/example_dags/example_sla_dag.py
[2023-08-20T17:43:47.971+0000] {processor.py:839} INFO - DAG(s) dict_keys(['example_sla_dag']) retrieved from /home/airflow/.local/lib/python3.8/site-packages/airflow/example_dags/example_sla_dag.py
[2023-08-20T17:43:48.001+0000] {logging_mixin.py:151} INFO - [2023-08-20T17:43:48.001+0000] {dag.py:2907} INFO - Sync 1 DAGs
[2023-08-20T17:43:48.039+0000] {logging_mixin.py:151} INFO - [2023-08-20T17:43:48.039+0000] {dag.py:3677} INFO - Setting next_dagrun for example_sla_dag to 2023-08-20T17:40:00+00:00, run_after=2023-08-20T17:42:00+00:00
[2023-08-20T17:43:48.064+0000] {processor.py:179} INFO - Processing /home/airflow/.local/lib/python3.8/site-packages/airflow/example_dags/example_sla_dag.py took 0.113 seconds
[2023-08-20T17:44:18.369+0000] {processor.py:157} INFO - Started process (PID=772) to work on /home/airflow/.local/lib/python3.8/site-packages/airflow/example_dags/example_sla_dag.py
[2023-08-20T17:44:18.371+0000] {processor.py:829} INFO - Processing file /home/airflow/.local/lib/python3.8/site-packages/airflow/example_dags/example_sla_dag.py for tasks to queue
[2023-08-20T17:44:18.375+0000] {logging_mixin.py:151} INFO - [2023-08-20T17:44:18.375+0000] {dagbag.py:539} INFO - Filling up the DagBag from /home/airflow/.local/lib/python3.8/site-packages/airflow/example_dags/example_sla_dag.py
[2023-08-20T17:44:18.389+0000] {processor.py:839} INFO - DAG(s) dict_keys(['example_sla_dag']) retrieved from /home/airflow/.local/lib/python3.8/site-packages/airflow/example_dags/example_sla_dag.py
[2023-08-20T17:44:18.416+0000] {logging_mixin.py:151} INFO - [2023-08-20T17:44:18.416+0000] {dag.py:2907} INFO - Sync 1 DAGs
[2023-08-20T17:44:18.450+0000] {logging_mixin.py:151} INFO - [2023-08-20T17:44:18.450+0000] {dag.py:3677} INFO - Setting next_dagrun for example_sla_dag to 2023-08-20T17:42:00+00:00, run_after=2023-08-20T17:44:00+00:00
[2023-08-20T17:44:18.477+0000] {processor.py:179} INFO - Processing /home/airflow/.local/lib/python3.8/site-packages/airflow/example_dags/example_sla_dag.py took 0.113 seconds
[2023-08-20T17:44:48.858+0000] {processor.py:157} INFO - Started process (PID=826) to work on /home/airflow/.local/lib/python3.8/site-packages/airflow/example_dags/example_sla_dag.py
[2023-08-20T17:44:48.860+0000] {processor.py:829} INFO - Processing file /home/airflow/.local/lib/python3.8/site-packages/airflow/example_dags/example_sla_dag.py for tasks to queue
[2023-08-20T17:44:48.863+0000] {logging_mixin.py:151} INFO - [2023-08-20T17:44:48.863+0000] {dagbag.py:539} INFO - Filling up the DagBag from /home/airflow/.local/lib/python3.8/site-packages/airflow/example_dags/example_sla_dag.py
[2023-08-20T17:44:48.875+0000] {processor.py:839} INFO - DAG(s) dict_keys(['example_sla_dag']) retrieved from /home/airflow/.local/lib/python3.8/site-packages/airflow/example_dags/example_sla_dag.py
[2023-08-20T17:44:48.906+0000] {logging_mixin.py:151} INFO - [2023-08-20T17:44:48.905+0000] {dag.py:2907} INFO - Sync 1 DAGs
[2023-08-20T17:44:48.943+0000] {logging_mixin.py:151} INFO - [2023-08-20T17:44:48.943+0000] {dag.py:3677} INFO - Setting next_dagrun for example_sla_dag to 2023-08-20T17:42:00+00:00, run_after=2023-08-20T17:44:00+00:00
[2023-08-20T17:44:48.969+0000] {processor.py:179} INFO - Processing /home/airflow/.local/lib/python3.8/site-packages/airflow/example_dags/example_sla_dag.py took 0.115 seconds
[2023-08-20T17:45:19.457+0000] {processor.py:157} INFO - Started process (PID=880) to work on /home/airflow/.local/lib/python3.8/site-packages/airflow/example_dags/example_sla_dag.py
[2023-08-20T17:45:19.459+0000] {processor.py:829} INFO - Processing file /home/airflow/.local/lib/python3.8/site-packages/airflow/example_dags/example_sla_dag.py for tasks to queue
[2023-08-20T17:45:19.462+0000] {logging_mixin.py:151} INFO - [2023-08-20T17:45:19.461+0000] {dagbag.py:539} INFO - Filling up the DagBag from /home/airflow/.local/lib/python3.8/site-packages/airflow/example_dags/example_sla_dag.py
[2023-08-20T17:45:19.472+0000] {processor.py:839} INFO - DAG(s) dict_keys(['example_sla_dag']) retrieved from /home/airflow/.local/lib/python3.8/site-packages/airflow/example_dags/example_sla_dag.py
[2023-08-20T17:45:19.497+0000] {logging_mixin.py:151} INFO - [2023-08-20T17:45:19.497+0000] {dag.py:2907} INFO - Sync 1 DAGs
[2023-08-20T17:45:19.536+0000] {logging_mixin.py:151} INFO - [2023-08-20T17:45:19.536+0000] {dag.py:3677} INFO - Setting next_dagrun for example_sla_dag to 2023-08-20T17:42:00+00:00, run_after=2023-08-20T17:44:00+00:00
[2023-08-20T17:45:19.566+0000] {processor.py:179} INFO - Processing /home/airflow/.local/lib/python3.8/site-packages/airflow/example_dags/example_sla_dag.py took 0.113 seconds
[2023-08-20T17:45:49.706+0000] {processor.py:157} INFO - Started process (PID=934) to work on /home/airflow/.local/lib/python3.8/site-packages/airflow/example_dags/example_sla_dag.py
[2023-08-20T17:45:49.709+0000] {processor.py:829} INFO - Processing file /home/airflow/.local/lib/python3.8/site-packages/airflow/example_dags/example_sla_dag.py for tasks to queue
[2023-08-20T17:45:49.712+0000] {logging_mixin.py:151} INFO - [2023-08-20T17:45:49.712+0000] {dagbag.py:539} INFO - Filling up the DagBag from /home/airflow/.local/lib/python3.8/site-packages/airflow/example_dags/example_sla_dag.py
[2023-08-20T17:45:49.726+0000] {processor.py:839} INFO - DAG(s) dict_keys(['example_sla_dag']) retrieved from /home/airflow/.local/lib/python3.8/site-packages/airflow/example_dags/example_sla_dag.py
[2023-08-20T17:45:49.752+0000] {logging_mixin.py:151} INFO - [2023-08-20T17:45:49.751+0000] {dag.py:2907} INFO - Sync 1 DAGs
[2023-08-20T17:45:49.782+0000] {logging_mixin.py:151} INFO - [2023-08-20T17:45:49.781+0000] {dag.py:3677} INFO - Setting next_dagrun for example_sla_dag to 2023-08-20T17:42:00+00:00, run_after=2023-08-20T17:44:00+00:00
[2023-08-20T17:45:49.808+0000] {processor.py:179} INFO - Processing /home/airflow/.local/lib/python3.8/site-packages/airflow/example_dags/example_sla_dag.py took 0.107 seconds
[2023-08-20T17:46:20.417+0000] {processor.py:157} INFO - Started process (PID=988) to work on /home/airflow/.local/lib/python3.8/site-packages/airflow/example_dags/example_sla_dag.py
[2023-08-20T17:46:20.419+0000] {processor.py:829} INFO - Processing file /home/airflow/.local/lib/python3.8/site-packages/airflow/example_dags/example_sla_dag.py for tasks to queue
[2023-08-20T17:46:20.422+0000] {logging_mixin.py:151} INFO - [2023-08-20T17:46:20.422+0000] {dagbag.py:539} INFO - Filling up the DagBag from /home/airflow/.local/lib/python3.8/site-packages/airflow/example_dags/example_sla_dag.py
[2023-08-20T17:46:20.436+0000] {processor.py:839} INFO - DAG(s) dict_keys(['example_sla_dag']) retrieved from /home/airflow/.local/lib/python3.8/site-packages/airflow/example_dags/example_sla_dag.py
[2023-08-20T17:46:20.462+0000] {logging_mixin.py:151} INFO - [2023-08-20T17:46:20.461+0000] {dag.py:2907} INFO - Sync 1 DAGs
[2023-08-20T17:46:20.494+0000] {logging_mixin.py:151} INFO - [2023-08-20T17:46:20.494+0000] {dag.py:3677} INFO - Setting next_dagrun for example_sla_dag to 2023-08-20T17:44:00+00:00, run_after=2023-08-20T17:46:00+00:00
[2023-08-20T17:46:20.520+0000] {processor.py:179} INFO - Processing /home/airflow/.local/lib/python3.8/site-packages/airflow/example_dags/example_sla_dag.py took 0.107 seconds
[2023-08-20T17:46:51.207+0000] {processor.py:157} INFO - Started process (PID=1041) to work on /home/airflow/.local/lib/python3.8/site-packages/airflow/example_dags/example_sla_dag.py
[2023-08-20T17:46:51.209+0000] {processor.py:829} INFO - Processing file /home/airflow/.local/lib/python3.8/site-packages/airflow/example_dags/example_sla_dag.py for tasks to queue
[2023-08-20T17:46:51.212+0000] {logging_mixin.py:151} INFO - [2023-08-20T17:46:51.212+0000] {dagbag.py:539} INFO - Filling up the DagBag from /home/airflow/.local/lib/python3.8/site-packages/airflow/example_dags/example_sla_dag.py
[2023-08-20T17:46:51.224+0000] {processor.py:839} INFO - DAG(s) dict_keys(['example_sla_dag']) retrieved from /home/airflow/.local/lib/python3.8/site-packages/airflow/example_dags/example_sla_dag.py
[2023-08-20T17:46:51.249+0000] {logging_mixin.py:151} INFO - [2023-08-20T17:46:51.249+0000] {dag.py:2907} INFO - Sync 1 DAGs
[2023-08-20T17:46:51.282+0000] {logging_mixin.py:151} INFO - [2023-08-20T17:46:51.282+0000] {dag.py:3677} INFO - Setting next_dagrun for example_sla_dag to 2023-08-20T17:44:00+00:00, run_after=2023-08-20T17:46:00+00:00
[2023-08-20T17:46:51.310+0000] {processor.py:179} INFO - Processing /home/airflow/.local/lib/python3.8/site-packages/airflow/example_dags/example_sla_dag.py took 0.107 seconds
