[2023-08-20T17:37:37.139+0000] {processor.py:157} INFO - Started process (PID=49) to work on /home/airflow/.local/lib/python3.8/site-packages/airflow/example_dags/example_branch_labels.py
[2023-08-20T17:37:37.141+0000] {processor.py:829} INFO - Processing file /home/airflow/.local/lib/python3.8/site-packages/airflow/example_dags/example_branch_labels.py for tasks to queue
[2023-08-20T17:37:37.145+0000] {logging_mixin.py:151} INFO - [2023-08-20T17:37:37.144+0000] {dagbag.py:539} INFO - Filling up the DagBag from /home/airflow/.local/lib/python3.8/site-packages/airflow/example_dags/example_branch_labels.py
[2023-08-20T17:37:37.161+0000] {processor.py:839} INFO - DAG(s) dict_keys(['example_branch_labels']) retrieved from /home/airflow/.local/lib/python3.8/site-packages/airflow/example_dags/example_branch_labels.py
[2023-08-20T17:37:37.177+0000] {logging_mixin.py:151} INFO - [2023-08-20T17:37:37.177+0000] {dag.py:2907} INFO - Sync 1 DAGs
[2023-08-20T17:37:37.348+0000] {logging_mixin.py:151} INFO - [2023-08-20T17:37:37.347+0000] {dag.py:3677} INFO - Setting next_dagrun for example_branch_labels to 2023-08-19T00:00:00+00:00, run_after=2023-08-20T00:00:00+00:00
[2023-08-20T17:37:37.375+0000] {processor.py:179} INFO - Processing /home/airflow/.local/lib/python3.8/site-packages/airflow/example_dags/example_branch_labels.py took 0.240 seconds
[2023-08-20T17:38:08.255+0000] {processor.py:157} INFO - Started process (PID=102) to work on /home/airflow/.local/lib/python3.8/site-packages/airflow/example_dags/example_branch_labels.py
[2023-08-20T17:38:08.258+0000] {processor.py:829} INFO - Processing file /home/airflow/.local/lib/python3.8/site-packages/airflow/example_dags/example_branch_labels.py for tasks to queue
[2023-08-20T17:38:08.270+0000] {logging_mixin.py:151} INFO - [2023-08-20T17:38:08.270+0000] {dagbag.py:539} INFO - Filling up the DagBag from /home/airflow/.local/lib/python3.8/site-packages/airflow/example_dags/example_branch_labels.py
[2023-08-20T17:38:08.283+0000] {processor.py:839} INFO - DAG(s) dict_keys(['example_branch_labels']) retrieved from /home/airflow/.local/lib/python3.8/site-packages/airflow/example_dags/example_branch_labels.py
[2023-08-20T17:38:08.315+0000] {logging_mixin.py:151} INFO - [2023-08-20T17:38:08.314+0000] {dag.py:2907} INFO - Sync 1 DAGs
[2023-08-20T17:38:08.347+0000] {logging_mixin.py:151} INFO - [2023-08-20T17:38:08.347+0000] {dag.py:3677} INFO - Setting next_dagrun for example_branch_labels to 2023-08-19T00:00:00+00:00, run_after=2023-08-20T00:00:00+00:00
[2023-08-20T17:38:08.376+0000] {processor.py:179} INFO - Processing /home/airflow/.local/lib/python3.8/site-packages/airflow/example_dags/example_branch_labels.py took 0.127 seconds
[2023-08-20T17:38:38.587+0000] {processor.py:157} INFO - Started process (PID=156) to work on /home/airflow/.local/lib/python3.8/site-packages/airflow/example_dags/example_branch_labels.py
[2023-08-20T17:38:38.589+0000] {processor.py:829} INFO - Processing file /home/airflow/.local/lib/python3.8/site-packages/airflow/example_dags/example_branch_labels.py for tasks to queue
[2023-08-20T17:38:38.592+0000] {logging_mixin.py:151} INFO - [2023-08-20T17:38:38.591+0000] {dagbag.py:539} INFO - Filling up the DagBag from /home/airflow/.local/lib/python3.8/site-packages/airflow/example_dags/example_branch_labels.py
[2023-08-20T17:38:38.603+0000] {processor.py:839} INFO - DAG(s) dict_keys(['example_branch_labels']) retrieved from /home/airflow/.local/lib/python3.8/site-packages/airflow/example_dags/example_branch_labels.py
[2023-08-20T17:38:38.634+0000] {logging_mixin.py:151} INFO - [2023-08-20T17:38:38.634+0000] {dag.py:2907} INFO - Sync 1 DAGs
[2023-08-20T17:38:38.664+0000] {logging_mixin.py:151} INFO - [2023-08-20T17:38:38.664+0000] {dag.py:3677} INFO - Setting next_dagrun for example_branch_labels to 2023-08-19T00:00:00+00:00, run_after=2023-08-20T00:00:00+00:00
[2023-08-20T17:38:38.692+0000] {processor.py:179} INFO - Processing /home/airflow/.local/lib/python3.8/site-packages/airflow/example_dags/example_branch_labels.py took 0.111 seconds
[2023-08-20T17:39:09.067+0000] {processor.py:157} INFO - Started process (PID=210) to work on /home/airflow/.local/lib/python3.8/site-packages/airflow/example_dags/example_branch_labels.py
[2023-08-20T17:39:09.069+0000] {processor.py:829} INFO - Processing file /home/airflow/.local/lib/python3.8/site-packages/airflow/example_dags/example_branch_labels.py for tasks to queue
[2023-08-20T17:39:09.072+0000] {logging_mixin.py:151} INFO - [2023-08-20T17:39:09.072+0000] {dagbag.py:539} INFO - Filling up the DagBag from /home/airflow/.local/lib/python3.8/site-packages/airflow/example_dags/example_branch_labels.py
[2023-08-20T17:39:09.085+0000] {processor.py:839} INFO - DAG(s) dict_keys(['example_branch_labels']) retrieved from /home/airflow/.local/lib/python3.8/site-packages/airflow/example_dags/example_branch_labels.py
[2023-08-20T17:39:09.122+0000] {logging_mixin.py:151} INFO - [2023-08-20T17:39:09.122+0000] {dag.py:2907} INFO - Sync 1 DAGs
[2023-08-20T17:39:09.159+0000] {logging_mixin.py:151} INFO - [2023-08-20T17:39:09.159+0000] {dag.py:3677} INFO - Setting next_dagrun for example_branch_labels to 2023-08-19T00:00:00+00:00, run_after=2023-08-20T00:00:00+00:00
[2023-08-20T17:39:09.191+0000] {processor.py:179} INFO - Processing /home/airflow/.local/lib/python3.8/site-packages/airflow/example_dags/example_branch_labels.py took 0.127 seconds
[2023-08-20T17:39:39.351+0000] {processor.py:157} INFO - Started process (PID=264) to work on /home/airflow/.local/lib/python3.8/site-packages/airflow/example_dags/example_branch_labels.py
[2023-08-20T17:39:39.354+0000] {processor.py:829} INFO - Processing file /home/airflow/.local/lib/python3.8/site-packages/airflow/example_dags/example_branch_labels.py for tasks to queue
[2023-08-20T17:39:39.366+0000] {logging_mixin.py:151} INFO - [2023-08-20T17:39:39.365+0000] {dagbag.py:539} INFO - Filling up the DagBag from /home/airflow/.local/lib/python3.8/site-packages/airflow/example_dags/example_branch_labels.py
[2023-08-20T17:39:39.390+0000] {processor.py:839} INFO - DAG(s) dict_keys(['example_branch_labels']) retrieved from /home/airflow/.local/lib/python3.8/site-packages/airflow/example_dags/example_branch_labels.py
[2023-08-20T17:39:39.418+0000] {logging_mixin.py:151} INFO - [2023-08-20T17:39:39.417+0000] {dag.py:2907} INFO - Sync 1 DAGs
[2023-08-20T17:39:39.491+0000] {logging_mixin.py:151} INFO - [2023-08-20T17:39:39.491+0000] {dag.py:3677} INFO - Setting next_dagrun for example_branch_labels to 2023-08-19T00:00:00+00:00, run_after=2023-08-20T00:00:00+00:00
[2023-08-20T17:39:39.569+0000] {processor.py:179} INFO - Processing /home/airflow/.local/lib/python3.8/site-packages/airflow/example_dags/example_branch_labels.py took 0.223 seconds
[2023-08-20T17:40:09.656+0000] {processor.py:157} INFO - Started process (PID=318) to work on /home/airflow/.local/lib/python3.8/site-packages/airflow/example_dags/example_branch_labels.py
[2023-08-20T17:40:09.659+0000] {processor.py:829} INFO - Processing file /home/airflow/.local/lib/python3.8/site-packages/airflow/example_dags/example_branch_labels.py for tasks to queue
[2023-08-20T17:40:09.664+0000] {logging_mixin.py:151} INFO - [2023-08-20T17:40:09.663+0000] {dagbag.py:539} INFO - Filling up the DagBag from /home/airflow/.local/lib/python3.8/site-packages/airflow/example_dags/example_branch_labels.py
[2023-08-20T17:40:09.680+0000] {processor.py:839} INFO - DAG(s) dict_keys(['example_branch_labels']) retrieved from /home/airflow/.local/lib/python3.8/site-packages/airflow/example_dags/example_branch_labels.py
[2023-08-20T17:40:09.714+0000] {logging_mixin.py:151} INFO - [2023-08-20T17:40:09.714+0000] {dag.py:2907} INFO - Sync 1 DAGs
[2023-08-20T17:40:09.753+0000] {logging_mixin.py:151} INFO - [2023-08-20T17:40:09.753+0000] {dag.py:3677} INFO - Setting next_dagrun for example_branch_labels to 2023-08-19T00:00:00+00:00, run_after=2023-08-20T00:00:00+00:00
[2023-08-20T17:40:09.787+0000] {processor.py:179} INFO - Processing /home/airflow/.local/lib/python3.8/site-packages/airflow/example_dags/example_branch_labels.py took 0.135 seconds
[2023-08-20T17:40:40.108+0000] {processor.py:157} INFO - Started process (PID=372) to work on /home/airflow/.local/lib/python3.8/site-packages/airflow/example_dags/example_branch_labels.py
[2023-08-20T17:40:40.110+0000] {processor.py:829} INFO - Processing file /home/airflow/.local/lib/python3.8/site-packages/airflow/example_dags/example_branch_labels.py for tasks to queue
[2023-08-20T17:40:40.115+0000] {logging_mixin.py:151} INFO - [2023-08-20T17:40:40.114+0000] {dagbag.py:539} INFO - Filling up the DagBag from /home/airflow/.local/lib/python3.8/site-packages/airflow/example_dags/example_branch_labels.py
[2023-08-20T17:40:40.128+0000] {processor.py:839} INFO - DAG(s) dict_keys(['example_branch_labels']) retrieved from /home/airflow/.local/lib/python3.8/site-packages/airflow/example_dags/example_branch_labels.py
[2023-08-20T17:40:40.158+0000] {logging_mixin.py:151} INFO - [2023-08-20T17:40:40.157+0000] {dag.py:2907} INFO - Sync 1 DAGs
[2023-08-20T17:40:40.186+0000] {logging_mixin.py:151} INFO - [2023-08-20T17:40:40.186+0000] {dag.py:3677} INFO - Setting next_dagrun for example_branch_labels to 2023-08-19T00:00:00+00:00, run_after=2023-08-20T00:00:00+00:00
[2023-08-20T17:40:40.215+0000] {processor.py:179} INFO - Processing /home/airflow/.local/lib/python3.8/site-packages/airflow/example_dags/example_branch_labels.py took 0.113 seconds
[2023-08-20T17:41:10.489+0000] {processor.py:157} INFO - Started process (PID=426) to work on /home/airflow/.local/lib/python3.8/site-packages/airflow/example_dags/example_branch_labels.py
[2023-08-20T17:41:10.492+0000] {processor.py:829} INFO - Processing file /home/airflow/.local/lib/python3.8/site-packages/airflow/example_dags/example_branch_labels.py for tasks to queue
[2023-08-20T17:41:10.495+0000] {logging_mixin.py:151} INFO - [2023-08-20T17:41:10.495+0000] {dagbag.py:539} INFO - Filling up the DagBag from /home/airflow/.local/lib/python3.8/site-packages/airflow/example_dags/example_branch_labels.py
[2023-08-20T17:41:10.512+0000] {processor.py:839} INFO - DAG(s) dict_keys(['example_branch_labels']) retrieved from /home/airflow/.local/lib/python3.8/site-packages/airflow/example_dags/example_branch_labels.py
[2023-08-20T17:41:10.549+0000] {logging_mixin.py:151} INFO - [2023-08-20T17:41:10.548+0000] {dag.py:2907} INFO - Sync 1 DAGs
[2023-08-20T17:41:10.594+0000] {logging_mixin.py:151} INFO - [2023-08-20T17:41:10.593+0000] {dag.py:3677} INFO - Setting next_dagrun for example_branch_labels to 2023-08-19T00:00:00+00:00, run_after=2023-08-20T00:00:00+00:00
[2023-08-20T17:41:10.629+0000] {processor.py:179} INFO - Processing /home/airflow/.local/lib/python3.8/site-packages/airflow/example_dags/example_branch_labels.py took 0.147 seconds
[2023-08-20T17:41:40.862+0000] {processor.py:157} INFO - Started process (PID=481) to work on /home/airflow/.local/lib/python3.8/site-packages/airflow/example_dags/example_branch_labels.py
[2023-08-20T17:41:40.864+0000] {processor.py:829} INFO - Processing file /home/airflow/.local/lib/python3.8/site-packages/airflow/example_dags/example_branch_labels.py for tasks to queue
[2023-08-20T17:41:40.869+0000] {logging_mixin.py:151} INFO - [2023-08-20T17:41:40.868+0000] {dagbag.py:539} INFO - Filling up the DagBag from /home/airflow/.local/lib/python3.8/site-packages/airflow/example_dags/example_branch_labels.py
[2023-08-20T17:41:40.887+0000] {processor.py:839} INFO - DAG(s) dict_keys(['example_branch_labels']) retrieved from /home/airflow/.local/lib/python3.8/site-packages/airflow/example_dags/example_branch_labels.py
[2023-08-20T17:41:40.918+0000] {logging_mixin.py:151} INFO - [2023-08-20T17:41:40.918+0000] {dag.py:2907} INFO - Sync 1 DAGs
[2023-08-20T17:41:40.951+0000] {logging_mixin.py:151} INFO - [2023-08-20T17:41:40.951+0000] {dag.py:3677} INFO - Setting next_dagrun for example_branch_labels to 2023-08-19T00:00:00+00:00, run_after=2023-08-20T00:00:00+00:00
[2023-08-20T17:41:40.982+0000] {processor.py:179} INFO - Processing /home/airflow/.local/lib/python3.8/site-packages/airflow/example_dags/example_branch_labels.py took 0.125 seconds
[2023-08-20T17:42:11.360+0000] {processor.py:157} INFO - Started process (PID=535) to work on /home/airflow/.local/lib/python3.8/site-packages/airflow/example_dags/example_branch_labels.py
[2023-08-20T17:42:11.362+0000] {processor.py:829} INFO - Processing file /home/airflow/.local/lib/python3.8/site-packages/airflow/example_dags/example_branch_labels.py for tasks to queue
[2023-08-20T17:42:11.380+0000] {logging_mixin.py:151} INFO - [2023-08-20T17:42:11.380+0000] {dagbag.py:539} INFO - Filling up the DagBag from /home/airflow/.local/lib/python3.8/site-packages/airflow/example_dags/example_branch_labels.py
[2023-08-20T17:42:11.413+0000] {processor.py:839} INFO - DAG(s) dict_keys(['example_branch_labels']) retrieved from /home/airflow/.local/lib/python3.8/site-packages/airflow/example_dags/example_branch_labels.py
[2023-08-20T17:42:11.482+0000] {logging_mixin.py:151} INFO - [2023-08-20T17:42:11.481+0000] {dag.py:2907} INFO - Sync 1 DAGs
[2023-08-20T17:42:11.516+0000] {logging_mixin.py:151} INFO - [2023-08-20T17:42:11.515+0000] {dag.py:3677} INFO - Setting next_dagrun for example_branch_labels to 2023-08-19T00:00:00+00:00, run_after=2023-08-20T00:00:00+00:00
[2023-08-20T17:42:11.542+0000] {processor.py:179} INFO - Processing /home/airflow/.local/lib/python3.8/site-packages/airflow/example_dags/example_branch_labels.py took 0.191 seconds
[2023-08-20T17:42:41.770+0000] {processor.py:157} INFO - Started process (PID=589) to work on /home/airflow/.local/lib/python3.8/site-packages/airflow/example_dags/example_branch_labels.py
[2023-08-20T17:42:41.773+0000] {processor.py:829} INFO - Processing file /home/airflow/.local/lib/python3.8/site-packages/airflow/example_dags/example_branch_labels.py for tasks to queue
[2023-08-20T17:42:41.777+0000] {logging_mixin.py:151} INFO - [2023-08-20T17:42:41.776+0000] {dagbag.py:539} INFO - Filling up the DagBag from /home/airflow/.local/lib/python3.8/site-packages/airflow/example_dags/example_branch_labels.py
[2023-08-20T17:42:41.792+0000] {processor.py:839} INFO - DAG(s) dict_keys(['example_branch_labels']) retrieved from /home/airflow/.local/lib/python3.8/site-packages/airflow/example_dags/example_branch_labels.py
[2023-08-20T17:42:41.824+0000] {logging_mixin.py:151} INFO - [2023-08-20T17:42:41.823+0000] {dag.py:2907} INFO - Sync 1 DAGs
[2023-08-20T17:42:41.858+0000] {logging_mixin.py:151} INFO - [2023-08-20T17:42:41.858+0000] {dag.py:3677} INFO - Setting next_dagrun for example_branch_labels to 2023-08-19T00:00:00+00:00, run_after=2023-08-20T00:00:00+00:00
[2023-08-20T17:42:41.885+0000] {processor.py:179} INFO - Processing /home/airflow/.local/lib/python3.8/site-packages/airflow/example_dags/example_branch_labels.py took 0.121 seconds
[2023-08-20T17:43:12.370+0000] {processor.py:157} INFO - Started process (PID=643) to work on /home/airflow/.local/lib/python3.8/site-packages/airflow/example_dags/example_branch_labels.py
[2023-08-20T17:43:12.372+0000] {processor.py:829} INFO - Processing file /home/airflow/.local/lib/python3.8/site-packages/airflow/example_dags/example_branch_labels.py for tasks to queue
[2023-08-20T17:43:12.381+0000] {logging_mixin.py:151} INFO - [2023-08-20T17:43:12.378+0000] {dagbag.py:539} INFO - Filling up the DagBag from /home/airflow/.local/lib/python3.8/site-packages/airflow/example_dags/example_branch_labels.py
[2023-08-20T17:43:12.409+0000] {processor.py:839} INFO - DAG(s) dict_keys(['example_branch_labels']) retrieved from /home/airflow/.local/lib/python3.8/site-packages/airflow/example_dags/example_branch_labels.py
[2023-08-20T17:43:12.441+0000] {logging_mixin.py:151} INFO - [2023-08-20T17:43:12.441+0000] {dag.py:2907} INFO - Sync 1 DAGs
[2023-08-20T17:43:12.479+0000] {logging_mixin.py:151} INFO - [2023-08-20T17:43:12.479+0000] {dag.py:3677} INFO - Setting next_dagrun for example_branch_labels to 2023-08-19T00:00:00+00:00, run_after=2023-08-20T00:00:00+00:00
[2023-08-20T17:43:12.516+0000] {processor.py:179} INFO - Processing /home/airflow/.local/lib/python3.8/site-packages/airflow/example_dags/example_branch_labels.py took 0.154 seconds
[2023-08-20T17:43:43.092+0000] {processor.py:157} INFO - Started process (PID=697) to work on /home/airflow/.local/lib/python3.8/site-packages/airflow/example_dags/example_branch_labels.py
[2023-08-20T17:43:43.094+0000] {processor.py:829} INFO - Processing file /home/airflow/.local/lib/python3.8/site-packages/airflow/example_dags/example_branch_labels.py for tasks to queue
[2023-08-20T17:43:43.098+0000] {logging_mixin.py:151} INFO - [2023-08-20T17:43:43.098+0000] {dagbag.py:539} INFO - Filling up the DagBag from /home/airflow/.local/lib/python3.8/site-packages/airflow/example_dags/example_branch_labels.py
[2023-08-20T17:43:43.113+0000] {processor.py:839} INFO - DAG(s) dict_keys(['example_branch_labels']) retrieved from /home/airflow/.local/lib/python3.8/site-packages/airflow/example_dags/example_branch_labels.py
[2023-08-20T17:43:43.142+0000] {logging_mixin.py:151} INFO - [2023-08-20T17:43:43.141+0000] {dag.py:2907} INFO - Sync 1 DAGs
[2023-08-20T17:43:43.179+0000] {logging_mixin.py:151} INFO - [2023-08-20T17:43:43.179+0000] {dag.py:3677} INFO - Setting next_dagrun for example_branch_labels to 2023-08-19T00:00:00+00:00, run_after=2023-08-20T00:00:00+00:00
[2023-08-20T17:43:43.211+0000] {processor.py:179} INFO - Processing /home/airflow/.local/lib/python3.8/site-packages/airflow/example_dags/example_branch_labels.py took 0.126 seconds
[2023-08-20T17:44:13.455+0000] {processor.py:157} INFO - Started process (PID=751) to work on /home/airflow/.local/lib/python3.8/site-packages/airflow/example_dags/example_branch_labels.py
[2023-08-20T17:44:13.461+0000] {processor.py:829} INFO - Processing file /home/airflow/.local/lib/python3.8/site-packages/airflow/example_dags/example_branch_labels.py for tasks to queue
[2023-08-20T17:44:13.467+0000] {logging_mixin.py:151} INFO - [2023-08-20T17:44:13.466+0000] {dagbag.py:539} INFO - Filling up the DagBag from /home/airflow/.local/lib/python3.8/site-packages/airflow/example_dags/example_branch_labels.py
[2023-08-20T17:44:13.481+0000] {processor.py:839} INFO - DAG(s) dict_keys(['example_branch_labels']) retrieved from /home/airflow/.local/lib/python3.8/site-packages/airflow/example_dags/example_branch_labels.py
[2023-08-20T17:44:13.511+0000] {logging_mixin.py:151} INFO - [2023-08-20T17:44:13.511+0000] {dag.py:2907} INFO - Sync 1 DAGs
[2023-08-20T17:44:13.541+0000] {logging_mixin.py:151} INFO - [2023-08-20T17:44:13.541+0000] {dag.py:3677} INFO - Setting next_dagrun for example_branch_labels to 2023-08-19T00:00:00+00:00, run_after=2023-08-20T00:00:00+00:00
[2023-08-20T17:44:13.572+0000] {processor.py:179} INFO - Processing /home/airflow/.local/lib/python3.8/site-packages/airflow/example_dags/example_branch_labels.py took 0.123 seconds
[2023-08-20T17:44:43.759+0000] {processor.py:157} INFO - Started process (PID=805) to work on /home/airflow/.local/lib/python3.8/site-packages/airflow/example_dags/example_branch_labels.py
[2023-08-20T17:44:43.761+0000] {processor.py:829} INFO - Processing file /home/airflow/.local/lib/python3.8/site-packages/airflow/example_dags/example_branch_labels.py for tasks to queue
[2023-08-20T17:44:43.765+0000] {logging_mixin.py:151} INFO - [2023-08-20T17:44:43.765+0000] {dagbag.py:539} INFO - Filling up the DagBag from /home/airflow/.local/lib/python3.8/site-packages/airflow/example_dags/example_branch_labels.py
[2023-08-20T17:44:43.775+0000] {processor.py:839} INFO - DAG(s) dict_keys(['example_branch_labels']) retrieved from /home/airflow/.local/lib/python3.8/site-packages/airflow/example_dags/example_branch_labels.py
[2023-08-20T17:44:43.803+0000] {logging_mixin.py:151} INFO - [2023-08-20T17:44:43.802+0000] {dag.py:2907} INFO - Sync 1 DAGs
[2023-08-20T17:44:43.881+0000] {logging_mixin.py:151} INFO - [2023-08-20T17:44:43.880+0000] {dag.py:3677} INFO - Setting next_dagrun for example_branch_labels to 2023-08-19T00:00:00+00:00, run_after=2023-08-20T00:00:00+00:00
[2023-08-20T17:44:43.935+0000] {processor.py:179} INFO - Processing /home/airflow/.local/lib/python3.8/site-packages/airflow/example_dags/example_branch_labels.py took 0.182 seconds
[2023-08-20T17:45:14.443+0000] {processor.py:157} INFO - Started process (PID=859) to work on /home/airflow/.local/lib/python3.8/site-packages/airflow/example_dags/example_branch_labels.py
[2023-08-20T17:45:14.445+0000] {processor.py:829} INFO - Processing file /home/airflow/.local/lib/python3.8/site-packages/airflow/example_dags/example_branch_labels.py for tasks to queue
[2023-08-20T17:45:14.450+0000] {logging_mixin.py:151} INFO - [2023-08-20T17:45:14.449+0000] {dagbag.py:539} INFO - Filling up the DagBag from /home/airflow/.local/lib/python3.8/site-packages/airflow/example_dags/example_branch_labels.py
[2023-08-20T17:45:14.471+0000] {processor.py:839} INFO - DAG(s) dict_keys(['example_branch_labels']) retrieved from /home/airflow/.local/lib/python3.8/site-packages/airflow/example_dags/example_branch_labels.py
[2023-08-20T17:45:14.501+0000] {logging_mixin.py:151} INFO - [2023-08-20T17:45:14.501+0000] {dag.py:2907} INFO - Sync 1 DAGs
[2023-08-20T17:45:14.534+0000] {logging_mixin.py:151} INFO - [2023-08-20T17:45:14.533+0000] {dag.py:3677} INFO - Setting next_dagrun for example_branch_labels to 2023-08-19T00:00:00+00:00, run_after=2023-08-20T00:00:00+00:00
[2023-08-20T17:45:14.561+0000] {processor.py:179} INFO - Processing /home/airflow/.local/lib/python3.8/site-packages/airflow/example_dags/example_branch_labels.py took 0.124 seconds
[2023-08-20T17:45:44.962+0000] {processor.py:157} INFO - Started process (PID=913) to work on /home/airflow/.local/lib/python3.8/site-packages/airflow/example_dags/example_branch_labels.py
[2023-08-20T17:45:44.963+0000] {processor.py:829} INFO - Processing file /home/airflow/.local/lib/python3.8/site-packages/airflow/example_dags/example_branch_labels.py for tasks to queue
[2023-08-20T17:45:44.967+0000] {logging_mixin.py:151} INFO - [2023-08-20T17:45:44.966+0000] {dagbag.py:539} INFO - Filling up the DagBag from /home/airflow/.local/lib/python3.8/site-packages/airflow/example_dags/example_branch_labels.py
[2023-08-20T17:45:44.979+0000] {processor.py:839} INFO - DAG(s) dict_keys(['example_branch_labels']) retrieved from /home/airflow/.local/lib/python3.8/site-packages/airflow/example_dags/example_branch_labels.py
[2023-08-20T17:45:45.007+0000] {logging_mixin.py:151} INFO - [2023-08-20T17:45:45.007+0000] {dag.py:2907} INFO - Sync 1 DAGs
[2023-08-20T17:45:45.042+0000] {logging_mixin.py:151} INFO - [2023-08-20T17:45:45.041+0000] {dag.py:3677} INFO - Setting next_dagrun for example_branch_labels to 2023-08-19T00:00:00+00:00, run_after=2023-08-20T00:00:00+00:00
[2023-08-20T17:45:45.067+0000] {processor.py:179} INFO - Processing /home/airflow/.local/lib/python3.8/site-packages/airflow/example_dags/example_branch_labels.py took 0.114 seconds
[2023-08-20T17:46:15.270+0000] {processor.py:157} INFO - Started process (PID=967) to work on /home/airflow/.local/lib/python3.8/site-packages/airflow/example_dags/example_branch_labels.py
[2023-08-20T17:46:15.272+0000] {processor.py:829} INFO - Processing file /home/airflow/.local/lib/python3.8/site-packages/airflow/example_dags/example_branch_labels.py for tasks to queue
[2023-08-20T17:46:15.276+0000] {logging_mixin.py:151} INFO - [2023-08-20T17:46:15.275+0000] {dagbag.py:539} INFO - Filling up the DagBag from /home/airflow/.local/lib/python3.8/site-packages/airflow/example_dags/example_branch_labels.py
[2023-08-20T17:46:15.294+0000] {processor.py:839} INFO - DAG(s) dict_keys(['example_branch_labels']) retrieved from /home/airflow/.local/lib/python3.8/site-packages/airflow/example_dags/example_branch_labels.py
[2023-08-20T17:46:15.322+0000] {logging_mixin.py:151} INFO - [2023-08-20T17:46:15.322+0000] {dag.py:2907} INFO - Sync 1 DAGs
[2023-08-20T17:46:15.352+0000] {logging_mixin.py:151} INFO - [2023-08-20T17:46:15.352+0000] {dag.py:3677} INFO - Setting next_dagrun for example_branch_labels to 2023-08-19T00:00:00+00:00, run_after=2023-08-20T00:00:00+00:00
[2023-08-20T17:46:15.384+0000] {processor.py:179} INFO - Processing /home/airflow/.local/lib/python3.8/site-packages/airflow/example_dags/example_branch_labels.py took 0.119 seconds
[2023-08-20T17:46:45.568+0000] {processor.py:157} INFO - Started process (PID=1021) to work on /home/airflow/.local/lib/python3.8/site-packages/airflow/example_dags/example_branch_labels.py
[2023-08-20T17:46:45.570+0000] {processor.py:829} INFO - Processing file /home/airflow/.local/lib/python3.8/site-packages/airflow/example_dags/example_branch_labels.py for tasks to queue
[2023-08-20T17:46:45.574+0000] {logging_mixin.py:151} INFO - [2023-08-20T17:46:45.573+0000] {dagbag.py:539} INFO - Filling up the DagBag from /home/airflow/.local/lib/python3.8/site-packages/airflow/example_dags/example_branch_labels.py
[2023-08-20T17:46:45.584+0000] {processor.py:839} INFO - DAG(s) dict_keys(['example_branch_labels']) retrieved from /home/airflow/.local/lib/python3.8/site-packages/airflow/example_dags/example_branch_labels.py
[2023-08-20T17:46:45.614+0000] {logging_mixin.py:151} INFO - [2023-08-20T17:46:45.613+0000] {dag.py:2907} INFO - Sync 1 DAGs
[2023-08-20T17:46:45.643+0000] {logging_mixin.py:151} INFO - [2023-08-20T17:46:45.642+0000] {dag.py:3677} INFO - Setting next_dagrun for example_branch_labels to 2023-08-19T00:00:00+00:00, run_after=2023-08-20T00:00:00+00:00
[2023-08-20T17:46:45.673+0000] {processor.py:179} INFO - Processing /home/airflow/.local/lib/python3.8/site-packages/airflow/example_dags/example_branch_labels.py took 0.111 seconds
