[2023-08-20T17:37:41.194+0000] {processor.py:157} INFO - Started process (PID=74) to work on /home/airflow/.local/lib/python3.8/site-packages/airflow/example_dags/example_branch_datetime_operator.py
[2023-08-20T17:37:41.196+0000] {processor.py:829} INFO - Processing file /home/airflow/.local/lib/python3.8/site-packages/airflow/example_dags/example_branch_datetime_operator.py for tasks to queue
[2023-08-20T17:37:41.203+0000] {logging_mixin.py:151} INFO - [2023-08-20T17:37:41.203+0000] {dagbag.py:539} INFO - Filling up the DagBag from /home/airflow/.local/lib/python3.8/site-packages/airflow/example_dags/example_branch_datetime_operator.py
[2023-08-20T17:37:41.228+0000] {processor.py:839} INFO - DAG(s) dict_keys(['example_branch_datetime_operator_2', 'example_branch_datetime_operator', 'example_branch_datetime_operator_3']) retrieved from /home/airflow/.local/lib/python3.8/site-packages/airflow/example_dags/example_branch_datetime_operator.py
[2023-08-20T17:37:41.249+0000] {logging_mixin.py:151} INFO - [2023-08-20T17:37:41.248+0000] {dag.py:2907} INFO - Sync 3 DAGs
[2023-08-20T17:37:41.295+0000] {logging_mixin.py:151} INFO - [2023-08-20T17:37:41.295+0000] {dag.py:3677} INFO - Setting next_dagrun for example_branch_datetime_operator to 2023-08-19T00:00:00+00:00, run_after=2023-08-20T00:00:00+00:00
[2023-08-20T17:37:41.303+0000] {logging_mixin.py:151} INFO - [2023-08-20T17:37:41.302+0000] {dag.py:3677} INFO - Setting next_dagrun for example_branch_datetime_operator_2 to 2023-08-19T00:00:00+00:00, run_after=2023-08-20T00:00:00+00:00
[2023-08-20T17:37:41.310+0000] {logging_mixin.py:151} INFO - [2023-08-20T17:37:41.310+0000] {dag.py:3677} INFO - Setting next_dagrun for example_branch_datetime_operator_3 to 2023-08-19T00:00:00+00:00, run_after=2023-08-20T00:00:00+00:00
[2023-08-20T17:37:41.335+0000] {processor.py:179} INFO - Processing /home/airflow/.local/lib/python3.8/site-packages/airflow/example_dags/example_branch_datetime_operator.py took 0.148 seconds
[2023-08-20T17:38:11.947+0000] {processor.py:157} INFO - Started process (PID=128) to work on /home/airflow/.local/lib/python3.8/site-packages/airflow/example_dags/example_branch_datetime_operator.py
[2023-08-20T17:38:11.948+0000] {processor.py:829} INFO - Processing file /home/airflow/.local/lib/python3.8/site-packages/airflow/example_dags/example_branch_datetime_operator.py for tasks to queue
[2023-08-20T17:38:11.951+0000] {logging_mixin.py:151} INFO - [2023-08-20T17:38:11.951+0000] {dagbag.py:539} INFO - Filling up the DagBag from /home/airflow/.local/lib/python3.8/site-packages/airflow/example_dags/example_branch_datetime_operator.py
[2023-08-20T17:38:11.968+0000] {processor.py:839} INFO - DAG(s) dict_keys(['example_branch_datetime_operator_3', 'example_branch_datetime_operator_2', 'example_branch_datetime_operator']) retrieved from /home/airflow/.local/lib/python3.8/site-packages/airflow/example_dags/example_branch_datetime_operator.py
[2023-08-20T17:38:12.003+0000] {logging_mixin.py:151} INFO - [2023-08-20T17:38:12.003+0000] {dag.py:2907} INFO - Sync 3 DAGs
[2023-08-20T17:38:12.036+0000] {logging_mixin.py:151} INFO - [2023-08-20T17:38:12.035+0000] {dag.py:3677} INFO - Setting next_dagrun for example_branch_datetime_operator to 2023-08-19T00:00:00+00:00, run_after=2023-08-20T00:00:00+00:00
[2023-08-20T17:38:12.043+0000] {logging_mixin.py:151} INFO - [2023-08-20T17:38:12.043+0000] {dag.py:3677} INFO - Setting next_dagrun for example_branch_datetime_operator_2 to 2023-08-19T00:00:00+00:00, run_after=2023-08-20T00:00:00+00:00
[2023-08-20T17:38:12.048+0000] {logging_mixin.py:151} INFO - [2023-08-20T17:38:12.048+0000] {dag.py:3677} INFO - Setting next_dagrun for example_branch_datetime_operator_3 to 2023-08-19T00:00:00+00:00, run_after=2023-08-20T00:00:00+00:00
[2023-08-20T17:38:12.075+0000] {processor.py:179} INFO - Processing /home/airflow/.local/lib/python3.8/site-packages/airflow/example_dags/example_branch_datetime_operator.py took 0.132 seconds
[2023-08-20T17:38:42.490+0000] {processor.py:157} INFO - Started process (PID=182) to work on /home/airflow/.local/lib/python3.8/site-packages/airflow/example_dags/example_branch_datetime_operator.py
[2023-08-20T17:38:42.492+0000] {processor.py:829} INFO - Processing file /home/airflow/.local/lib/python3.8/site-packages/airflow/example_dags/example_branch_datetime_operator.py for tasks to queue
[2023-08-20T17:38:42.495+0000] {logging_mixin.py:151} INFO - [2023-08-20T17:38:42.495+0000] {dagbag.py:539} INFO - Filling up the DagBag from /home/airflow/.local/lib/python3.8/site-packages/airflow/example_dags/example_branch_datetime_operator.py
[2023-08-20T17:38:42.508+0000] {processor.py:839} INFO - DAG(s) dict_keys(['example_branch_datetime_operator_2', 'example_branch_datetime_operator_3', 'example_branch_datetime_operator']) retrieved from /home/airflow/.local/lib/python3.8/site-packages/airflow/example_dags/example_branch_datetime_operator.py
[2023-08-20T17:38:42.553+0000] {logging_mixin.py:151} INFO - [2023-08-20T17:38:42.553+0000] {dag.py:2907} INFO - Sync 3 DAGs
[2023-08-20T17:38:42.602+0000] {logging_mixin.py:151} INFO - [2023-08-20T17:38:42.601+0000] {dag.py:3677} INFO - Setting next_dagrun for example_branch_datetime_operator to 2023-08-19T00:00:00+00:00, run_after=2023-08-20T00:00:00+00:00
[2023-08-20T17:38:42.612+0000] {logging_mixin.py:151} INFO - [2023-08-20T17:38:42.612+0000] {dag.py:3677} INFO - Setting next_dagrun for example_branch_datetime_operator_2 to 2023-08-19T00:00:00+00:00, run_after=2023-08-20T00:00:00+00:00
[2023-08-20T17:38:42.617+0000] {logging_mixin.py:151} INFO - [2023-08-20T17:38:42.617+0000] {dag.py:3677} INFO - Setting next_dagrun for example_branch_datetime_operator_3 to 2023-08-19T00:00:00+00:00, run_after=2023-08-20T00:00:00+00:00
[2023-08-20T17:38:42.643+0000] {processor.py:179} INFO - Processing /home/airflow/.local/lib/python3.8/site-packages/airflow/example_dags/example_branch_datetime_operator.py took 0.157 seconds
[2023-08-20T17:39:13.040+0000] {processor.py:157} INFO - Started process (PID=236) to work on /home/airflow/.local/lib/python3.8/site-packages/airflow/example_dags/example_branch_datetime_operator.py
[2023-08-20T17:39:13.042+0000] {processor.py:829} INFO - Processing file /home/airflow/.local/lib/python3.8/site-packages/airflow/example_dags/example_branch_datetime_operator.py for tasks to queue
[2023-08-20T17:39:13.045+0000] {logging_mixin.py:151} INFO - [2023-08-20T17:39:13.045+0000] {dagbag.py:539} INFO - Filling up the DagBag from /home/airflow/.local/lib/python3.8/site-packages/airflow/example_dags/example_branch_datetime_operator.py
[2023-08-20T17:39:13.059+0000] {processor.py:839} INFO - DAG(s) dict_keys(['example_branch_datetime_operator_3', 'example_branch_datetime_operator', 'example_branch_datetime_operator_2']) retrieved from /home/airflow/.local/lib/python3.8/site-packages/airflow/example_dags/example_branch_datetime_operator.py
[2023-08-20T17:39:13.094+0000] {logging_mixin.py:151} INFO - [2023-08-20T17:39:13.094+0000] {dag.py:2907} INFO - Sync 3 DAGs
[2023-08-20T17:39:13.126+0000] {logging_mixin.py:151} INFO - [2023-08-20T17:39:13.126+0000] {dag.py:3677} INFO - Setting next_dagrun for example_branch_datetime_operator to 2023-08-19T00:00:00+00:00, run_after=2023-08-20T00:00:00+00:00
[2023-08-20T17:39:13.135+0000] {logging_mixin.py:151} INFO - [2023-08-20T17:39:13.134+0000] {dag.py:3677} INFO - Setting next_dagrun for example_branch_datetime_operator_2 to 2023-08-19T00:00:00+00:00, run_after=2023-08-20T00:00:00+00:00
[2023-08-20T17:39:13.142+0000] {logging_mixin.py:151} INFO - [2023-08-20T17:39:13.142+0000] {dag.py:3677} INFO - Setting next_dagrun for example_branch_datetime_operator_3 to 2023-08-19T00:00:00+00:00, run_after=2023-08-20T00:00:00+00:00
[2023-08-20T17:39:13.166+0000] {processor.py:179} INFO - Processing /home/airflow/.local/lib/python3.8/site-packages/airflow/example_dags/example_branch_datetime_operator.py took 0.130 seconds
[2023-08-20T17:39:44.007+0000] {processor.py:157} INFO - Started process (PID=290) to work on /home/airflow/.local/lib/python3.8/site-packages/airflow/example_dags/example_branch_datetime_operator.py
[2023-08-20T17:39:44.008+0000] {processor.py:829} INFO - Processing file /home/airflow/.local/lib/python3.8/site-packages/airflow/example_dags/example_branch_datetime_operator.py for tasks to queue
[2023-08-20T17:39:44.012+0000] {logging_mixin.py:151} INFO - [2023-08-20T17:39:44.011+0000] {dagbag.py:539} INFO - Filling up the DagBag from /home/airflow/.local/lib/python3.8/site-packages/airflow/example_dags/example_branch_datetime_operator.py
[2023-08-20T17:39:44.027+0000] {processor.py:839} INFO - DAG(s) dict_keys(['example_branch_datetime_operator_3', 'example_branch_datetime_operator_2', 'example_branch_datetime_operator']) retrieved from /home/airflow/.local/lib/python3.8/site-packages/airflow/example_dags/example_branch_datetime_operator.py
[2023-08-20T17:39:44.047+0000] {logging_mixin.py:151} INFO - [2023-08-20T17:39:44.047+0000] {dag.py:2907} INFO - Sync 3 DAGs
[2023-08-20T17:39:44.081+0000] {logging_mixin.py:151} INFO - [2023-08-20T17:39:44.081+0000] {dag.py:3677} INFO - Setting next_dagrun for example_branch_datetime_operator to 2023-08-19T00:00:00+00:00, run_after=2023-08-20T00:00:00+00:00
[2023-08-20T17:39:44.089+0000] {logging_mixin.py:151} INFO - [2023-08-20T17:39:44.089+0000] {dag.py:3677} INFO - Setting next_dagrun for example_branch_datetime_operator_2 to 2023-08-19T00:00:00+00:00, run_after=2023-08-20T00:00:00+00:00
[2023-08-20T17:39:44.094+0000] {logging_mixin.py:151} INFO - [2023-08-20T17:39:44.094+0000] {dag.py:3677} INFO - Setting next_dagrun for example_branch_datetime_operator_3 to 2023-08-19T00:00:00+00:00, run_after=2023-08-20T00:00:00+00:00
[2023-08-20T17:39:44.120+0000] {processor.py:179} INFO - Processing /home/airflow/.local/lib/python3.8/site-packages/airflow/example_dags/example_branch_datetime_operator.py took 0.118 seconds
[2023-08-20T17:40:14.598+0000] {processor.py:157} INFO - Started process (PID=344) to work on /home/airflow/.local/lib/python3.8/site-packages/airflow/example_dags/example_branch_datetime_operator.py
[2023-08-20T17:40:14.600+0000] {processor.py:829} INFO - Processing file /home/airflow/.local/lib/python3.8/site-packages/airflow/example_dags/example_branch_datetime_operator.py for tasks to queue
[2023-08-20T17:40:14.603+0000] {logging_mixin.py:151} INFO - [2023-08-20T17:40:14.603+0000] {dagbag.py:539} INFO - Filling up the DagBag from /home/airflow/.local/lib/python3.8/site-packages/airflow/example_dags/example_branch_datetime_operator.py
[2023-08-20T17:40:14.618+0000] {processor.py:839} INFO - DAG(s) dict_keys(['example_branch_datetime_operator_2', 'example_branch_datetime_operator', 'example_branch_datetime_operator_3']) retrieved from /home/airflow/.local/lib/python3.8/site-packages/airflow/example_dags/example_branch_datetime_operator.py
[2023-08-20T17:40:14.659+0000] {logging_mixin.py:151} INFO - [2023-08-20T17:40:14.658+0000] {dag.py:2907} INFO - Sync 3 DAGs
[2023-08-20T17:40:14.697+0000] {logging_mixin.py:151} INFO - [2023-08-20T17:40:14.697+0000] {dag.py:3677} INFO - Setting next_dagrun for example_branch_datetime_operator to 2023-08-19T00:00:00+00:00, run_after=2023-08-20T00:00:00+00:00
[2023-08-20T17:40:14.706+0000] {logging_mixin.py:151} INFO - [2023-08-20T17:40:14.705+0000] {dag.py:3677} INFO - Setting next_dagrun for example_branch_datetime_operator_2 to 2023-08-19T00:00:00+00:00, run_after=2023-08-20T00:00:00+00:00
[2023-08-20T17:40:14.711+0000] {logging_mixin.py:151} INFO - [2023-08-20T17:40:14.711+0000] {dag.py:3677} INFO - Setting next_dagrun for example_branch_datetime_operator_3 to 2023-08-19T00:00:00+00:00, run_after=2023-08-20T00:00:00+00:00
[2023-08-20T17:40:14.738+0000] {processor.py:179} INFO - Processing /home/airflow/.local/lib/python3.8/site-packages/airflow/example_dags/example_branch_datetime_operator.py took 0.144 seconds
[2023-08-20T17:40:45.461+0000] {processor.py:157} INFO - Started process (PID=398) to work on /home/airflow/.local/lib/python3.8/site-packages/airflow/example_dags/example_branch_datetime_operator.py
[2023-08-20T17:40:45.463+0000] {processor.py:829} INFO - Processing file /home/airflow/.local/lib/python3.8/site-packages/airflow/example_dags/example_branch_datetime_operator.py for tasks to queue
[2023-08-20T17:40:45.466+0000] {logging_mixin.py:151} INFO - [2023-08-20T17:40:45.466+0000] {dagbag.py:539} INFO - Filling up the DagBag from /home/airflow/.local/lib/python3.8/site-packages/airflow/example_dags/example_branch_datetime_operator.py
[2023-08-20T17:40:45.482+0000] {processor.py:839} INFO - DAG(s) dict_keys(['example_branch_datetime_operator', 'example_branch_datetime_operator_2', 'example_branch_datetime_operator_3']) retrieved from /home/airflow/.local/lib/python3.8/site-packages/airflow/example_dags/example_branch_datetime_operator.py
[2023-08-20T17:40:45.522+0000] {logging_mixin.py:151} INFO - [2023-08-20T17:40:45.521+0000] {dag.py:2907} INFO - Sync 3 DAGs
[2023-08-20T17:40:45.556+0000] {logging_mixin.py:151} INFO - [2023-08-20T17:40:45.555+0000] {dag.py:3677} INFO - Setting next_dagrun for example_branch_datetime_operator to 2023-08-19T00:00:00+00:00, run_after=2023-08-20T00:00:00+00:00
[2023-08-20T17:40:45.564+0000] {logging_mixin.py:151} INFO - [2023-08-20T17:40:45.563+0000] {dag.py:3677} INFO - Setting next_dagrun for example_branch_datetime_operator_2 to 2023-08-19T00:00:00+00:00, run_after=2023-08-20T00:00:00+00:00
[2023-08-20T17:40:45.572+0000] {logging_mixin.py:151} INFO - [2023-08-20T17:40:45.572+0000] {dag.py:3677} INFO - Setting next_dagrun for example_branch_datetime_operator_3 to 2023-08-19T00:00:00+00:00, run_after=2023-08-20T00:00:00+00:00
[2023-08-20T17:40:45.600+0000] {processor.py:179} INFO - Processing /home/airflow/.local/lib/python3.8/site-packages/airflow/example_dags/example_branch_datetime_operator.py took 0.143 seconds
[2023-08-20T17:41:15.665+0000] {processor.py:157} INFO - Started process (PID=452) to work on /home/airflow/.local/lib/python3.8/site-packages/airflow/example_dags/example_branch_datetime_operator.py
[2023-08-20T17:41:15.666+0000] {processor.py:829} INFO - Processing file /home/airflow/.local/lib/python3.8/site-packages/airflow/example_dags/example_branch_datetime_operator.py for tasks to queue
[2023-08-20T17:41:15.670+0000] {logging_mixin.py:151} INFO - [2023-08-20T17:41:15.670+0000] {dagbag.py:539} INFO - Filling up the DagBag from /home/airflow/.local/lib/python3.8/site-packages/airflow/example_dags/example_branch_datetime_operator.py
[2023-08-20T17:41:15.687+0000] {processor.py:839} INFO - DAG(s) dict_keys(['example_branch_datetime_operator_3', 'example_branch_datetime_operator', 'example_branch_datetime_operator_2']) retrieved from /home/airflow/.local/lib/python3.8/site-packages/airflow/example_dags/example_branch_datetime_operator.py
[2023-08-20T17:41:15.723+0000] {logging_mixin.py:151} INFO - [2023-08-20T17:41:15.722+0000] {dag.py:2907} INFO - Sync 3 DAGs
[2023-08-20T17:41:15.757+0000] {logging_mixin.py:151} INFO - [2023-08-20T17:41:15.757+0000] {dag.py:3677} INFO - Setting next_dagrun for example_branch_datetime_operator to 2023-08-19T00:00:00+00:00, run_after=2023-08-20T00:00:00+00:00
[2023-08-20T17:41:15.765+0000] {logging_mixin.py:151} INFO - [2023-08-20T17:41:15.765+0000] {dag.py:3677} INFO - Setting next_dagrun for example_branch_datetime_operator_2 to 2023-08-19T00:00:00+00:00, run_after=2023-08-20T00:00:00+00:00
[2023-08-20T17:41:15.770+0000] {logging_mixin.py:151} INFO - [2023-08-20T17:41:15.770+0000] {dag.py:3677} INFO - Setting next_dagrun for example_branch_datetime_operator_3 to 2023-08-19T00:00:00+00:00, run_after=2023-08-20T00:00:00+00:00
[2023-08-20T17:41:15.799+0000] {processor.py:179} INFO - Processing /home/airflow/.local/lib/python3.8/site-packages/airflow/example_dags/example_branch_datetime_operator.py took 0.138 seconds
[2023-08-20T17:41:46.398+0000] {processor.py:157} INFO - Started process (PID=507) to work on /home/airflow/.local/lib/python3.8/site-packages/airflow/example_dags/example_branch_datetime_operator.py
[2023-08-20T17:41:46.400+0000] {processor.py:829} INFO - Processing file /home/airflow/.local/lib/python3.8/site-packages/airflow/example_dags/example_branch_datetime_operator.py for tasks to queue
[2023-08-20T17:41:46.402+0000] {logging_mixin.py:151} INFO - [2023-08-20T17:41:46.402+0000] {dagbag.py:539} INFO - Filling up the DagBag from /home/airflow/.local/lib/python3.8/site-packages/airflow/example_dags/example_branch_datetime_operator.py
[2023-08-20T17:41:46.414+0000] {processor.py:839} INFO - DAG(s) dict_keys(['example_branch_datetime_operator_2', 'example_branch_datetime_operator', 'example_branch_datetime_operator_3']) retrieved from /home/airflow/.local/lib/python3.8/site-packages/airflow/example_dags/example_branch_datetime_operator.py
[2023-08-20T17:41:46.450+0000] {logging_mixin.py:151} INFO - [2023-08-20T17:41:46.449+0000] {dag.py:2907} INFO - Sync 3 DAGs
[2023-08-20T17:41:46.482+0000] {logging_mixin.py:151} INFO - [2023-08-20T17:41:46.482+0000] {dag.py:3677} INFO - Setting next_dagrun for example_branch_datetime_operator to 2023-08-19T00:00:00+00:00, run_after=2023-08-20T00:00:00+00:00
[2023-08-20T17:41:46.488+0000] {logging_mixin.py:151} INFO - [2023-08-20T17:41:46.488+0000] {dag.py:3677} INFO - Setting next_dagrun for example_branch_datetime_operator_2 to 2023-08-19T00:00:00+00:00, run_after=2023-08-20T00:00:00+00:00
[2023-08-20T17:41:46.493+0000] {logging_mixin.py:151} INFO - [2023-08-20T17:41:46.493+0000] {dag.py:3677} INFO - Setting next_dagrun for example_branch_datetime_operator_3 to 2023-08-19T00:00:00+00:00, run_after=2023-08-20T00:00:00+00:00
[2023-08-20T17:41:46.518+0000] {processor.py:179} INFO - Processing /home/airflow/.local/lib/python3.8/site-packages/airflow/example_dags/example_branch_datetime_operator.py took 0.124 seconds
[2023-08-20T17:42:16.595+0000] {processor.py:157} INFO - Started process (PID=561) to work on /home/airflow/.local/lib/python3.8/site-packages/airflow/example_dags/example_branch_datetime_operator.py
[2023-08-20T17:42:16.597+0000] {processor.py:829} INFO - Processing file /home/airflow/.local/lib/python3.8/site-packages/airflow/example_dags/example_branch_datetime_operator.py for tasks to queue
[2023-08-20T17:42:16.600+0000] {logging_mixin.py:151} INFO - [2023-08-20T17:42:16.599+0000] {dagbag.py:539} INFO - Filling up the DagBag from /home/airflow/.local/lib/python3.8/site-packages/airflow/example_dags/example_branch_datetime_operator.py
[2023-08-20T17:42:16.614+0000] {processor.py:839} INFO - DAG(s) dict_keys(['example_branch_datetime_operator_2', 'example_branch_datetime_operator_3', 'example_branch_datetime_operator']) retrieved from /home/airflow/.local/lib/python3.8/site-packages/airflow/example_dags/example_branch_datetime_operator.py
[2023-08-20T17:42:16.647+0000] {logging_mixin.py:151} INFO - [2023-08-20T17:42:16.647+0000] {dag.py:2907} INFO - Sync 3 DAGs
[2023-08-20T17:42:16.679+0000] {logging_mixin.py:151} INFO - [2023-08-20T17:42:16.678+0000] {dag.py:3677} INFO - Setting next_dagrun for example_branch_datetime_operator to 2023-08-19T00:00:00+00:00, run_after=2023-08-20T00:00:00+00:00
[2023-08-20T17:42:16.685+0000] {logging_mixin.py:151} INFO - [2023-08-20T17:42:16.685+0000] {dag.py:3677} INFO - Setting next_dagrun for example_branch_datetime_operator_2 to 2023-08-19T00:00:00+00:00, run_after=2023-08-20T00:00:00+00:00
[2023-08-20T17:42:16.689+0000] {logging_mixin.py:151} INFO - [2023-08-20T17:42:16.689+0000] {dag.py:3677} INFO - Setting next_dagrun for example_branch_datetime_operator_3 to 2023-08-19T00:00:00+00:00, run_after=2023-08-20T00:00:00+00:00
[2023-08-20T17:42:16.711+0000] {processor.py:179} INFO - Processing /home/airflow/.local/lib/python3.8/site-packages/airflow/example_dags/example_branch_datetime_operator.py took 0.120 seconds
[2023-08-20T17:42:47.037+0000] {processor.py:157} INFO - Started process (PID=615) to work on /home/airflow/.local/lib/python3.8/site-packages/airflow/example_dags/example_branch_datetime_operator.py
[2023-08-20T17:42:47.039+0000] {processor.py:829} INFO - Processing file /home/airflow/.local/lib/python3.8/site-packages/airflow/example_dags/example_branch_datetime_operator.py for tasks to queue
[2023-08-20T17:42:47.043+0000] {logging_mixin.py:151} INFO - [2023-08-20T17:42:47.043+0000] {dagbag.py:539} INFO - Filling up the DagBag from /home/airflow/.local/lib/python3.8/site-packages/airflow/example_dags/example_branch_datetime_operator.py
[2023-08-20T17:42:47.060+0000] {processor.py:839} INFO - DAG(s) dict_keys(['example_branch_datetime_operator_2', 'example_branch_datetime_operator', 'example_branch_datetime_operator_3']) retrieved from /home/airflow/.local/lib/python3.8/site-packages/airflow/example_dags/example_branch_datetime_operator.py
[2023-08-20T17:42:47.102+0000] {logging_mixin.py:151} INFO - [2023-08-20T17:42:47.102+0000] {dag.py:2907} INFO - Sync 3 DAGs
[2023-08-20T17:42:47.138+0000] {logging_mixin.py:151} INFO - [2023-08-20T17:42:47.138+0000] {dag.py:3677} INFO - Setting next_dagrun for example_branch_datetime_operator to 2023-08-19T00:00:00+00:00, run_after=2023-08-20T00:00:00+00:00
[2023-08-20T17:42:47.148+0000] {logging_mixin.py:151} INFO - [2023-08-20T17:42:47.148+0000] {dag.py:3677} INFO - Setting next_dagrun for example_branch_datetime_operator_2 to 2023-08-19T00:00:00+00:00, run_after=2023-08-20T00:00:00+00:00
[2023-08-20T17:42:47.154+0000] {logging_mixin.py:151} INFO - [2023-08-20T17:42:47.153+0000] {dag.py:3677} INFO - Setting next_dagrun for example_branch_datetime_operator_3 to 2023-08-19T00:00:00+00:00, run_after=2023-08-20T00:00:00+00:00
[2023-08-20T17:42:47.193+0000] {processor.py:179} INFO - Processing /home/airflow/.local/lib/python3.8/site-packages/airflow/example_dags/example_branch_datetime_operator.py took 0.159 seconds
[2023-08-20T17:43:17.607+0000] {processor.py:157} INFO - Started process (PID=669) to work on /home/airflow/.local/lib/python3.8/site-packages/airflow/example_dags/example_branch_datetime_operator.py
[2023-08-20T17:43:17.609+0000] {processor.py:829} INFO - Processing file /home/airflow/.local/lib/python3.8/site-packages/airflow/example_dags/example_branch_datetime_operator.py for tasks to queue
[2023-08-20T17:43:17.613+0000] {logging_mixin.py:151} INFO - [2023-08-20T17:43:17.612+0000] {dagbag.py:539} INFO - Filling up the DagBag from /home/airflow/.local/lib/python3.8/site-packages/airflow/example_dags/example_branch_datetime_operator.py
[2023-08-20T17:43:17.627+0000] {processor.py:839} INFO - DAG(s) dict_keys(['example_branch_datetime_operator_3', 'example_branch_datetime_operator', 'example_branch_datetime_operator_2']) retrieved from /home/airflow/.local/lib/python3.8/site-packages/airflow/example_dags/example_branch_datetime_operator.py
[2023-08-20T17:43:17.664+0000] {logging_mixin.py:151} INFO - [2023-08-20T17:43:17.664+0000] {dag.py:2907} INFO - Sync 3 DAGs
[2023-08-20T17:43:17.699+0000] {logging_mixin.py:151} INFO - [2023-08-20T17:43:17.698+0000] {dag.py:3677} INFO - Setting next_dagrun for example_branch_datetime_operator to 2023-08-19T00:00:00+00:00, run_after=2023-08-20T00:00:00+00:00
[2023-08-20T17:43:17.706+0000] {logging_mixin.py:151} INFO - [2023-08-20T17:43:17.706+0000] {dag.py:3677} INFO - Setting next_dagrun for example_branch_datetime_operator_2 to 2023-08-19T00:00:00+00:00, run_after=2023-08-20T00:00:00+00:00
[2023-08-20T17:43:17.710+0000] {logging_mixin.py:151} INFO - [2023-08-20T17:43:17.710+0000] {dag.py:3677} INFO - Setting next_dagrun for example_branch_datetime_operator_3 to 2023-08-19T00:00:00+00:00, run_after=2023-08-20T00:00:00+00:00
[2023-08-20T17:43:17.736+0000] {processor.py:179} INFO - Processing /home/airflow/.local/lib/python3.8/site-packages/airflow/example_dags/example_branch_datetime_operator.py took 0.134 seconds
[2023-08-20T17:43:48.286+0000] {processor.py:157} INFO - Started process (PID=723) to work on /home/airflow/.local/lib/python3.8/site-packages/airflow/example_dags/example_branch_datetime_operator.py
[2023-08-20T17:43:48.288+0000] {processor.py:829} INFO - Processing file /home/airflow/.local/lib/python3.8/site-packages/airflow/example_dags/example_branch_datetime_operator.py for tasks to queue
[2023-08-20T17:43:48.291+0000] {logging_mixin.py:151} INFO - [2023-08-20T17:43:48.291+0000] {dagbag.py:539} INFO - Filling up the DagBag from /home/airflow/.local/lib/python3.8/site-packages/airflow/example_dags/example_branch_datetime_operator.py
[2023-08-20T17:43:48.306+0000] {processor.py:839} INFO - DAG(s) dict_keys(['example_branch_datetime_operator_3', 'example_branch_datetime_operator', 'example_branch_datetime_operator_2']) retrieved from /home/airflow/.local/lib/python3.8/site-packages/airflow/example_dags/example_branch_datetime_operator.py
[2023-08-20T17:43:48.343+0000] {logging_mixin.py:151} INFO - [2023-08-20T17:43:48.342+0000] {dag.py:2907} INFO - Sync 3 DAGs
[2023-08-20T17:43:48.374+0000] {logging_mixin.py:151} INFO - [2023-08-20T17:43:48.374+0000] {dag.py:3677} INFO - Setting next_dagrun for example_branch_datetime_operator to 2023-08-19T00:00:00+00:00, run_after=2023-08-20T00:00:00+00:00
[2023-08-20T17:43:48.383+0000] {logging_mixin.py:151} INFO - [2023-08-20T17:43:48.383+0000] {dag.py:3677} INFO - Setting next_dagrun for example_branch_datetime_operator_2 to 2023-08-19T00:00:00+00:00, run_after=2023-08-20T00:00:00+00:00
[2023-08-20T17:43:48.388+0000] {logging_mixin.py:151} INFO - [2023-08-20T17:43:48.388+0000] {dag.py:3677} INFO - Setting next_dagrun for example_branch_datetime_operator_3 to 2023-08-19T00:00:00+00:00, run_after=2023-08-20T00:00:00+00:00
[2023-08-20T17:43:48.416+0000] {processor.py:179} INFO - Processing /home/airflow/.local/lib/python3.8/site-packages/airflow/example_dags/example_branch_datetime_operator.py took 0.134 seconds
[2023-08-20T17:44:18.691+0000] {processor.py:157} INFO - Started process (PID=777) to work on /home/airflow/.local/lib/python3.8/site-packages/airflow/example_dags/example_branch_datetime_operator.py
[2023-08-20T17:44:18.693+0000] {processor.py:829} INFO - Processing file /home/airflow/.local/lib/python3.8/site-packages/airflow/example_dags/example_branch_datetime_operator.py for tasks to queue
[2023-08-20T17:44:18.696+0000] {logging_mixin.py:151} INFO - [2023-08-20T17:44:18.696+0000] {dagbag.py:539} INFO - Filling up the DagBag from /home/airflow/.local/lib/python3.8/site-packages/airflow/example_dags/example_branch_datetime_operator.py
[2023-08-20T17:44:18.711+0000] {processor.py:839} INFO - DAG(s) dict_keys(['example_branch_datetime_operator', 'example_branch_datetime_operator_3', 'example_branch_datetime_operator_2']) retrieved from /home/airflow/.local/lib/python3.8/site-packages/airflow/example_dags/example_branch_datetime_operator.py
[2023-08-20T17:44:18.750+0000] {logging_mixin.py:151} INFO - [2023-08-20T17:44:18.750+0000] {dag.py:2907} INFO - Sync 3 DAGs
[2023-08-20T17:44:18.782+0000] {logging_mixin.py:151} INFO - [2023-08-20T17:44:18.782+0000] {dag.py:3677} INFO - Setting next_dagrun for example_branch_datetime_operator to 2023-08-19T00:00:00+00:00, run_after=2023-08-20T00:00:00+00:00
[2023-08-20T17:44:18.789+0000] {logging_mixin.py:151} INFO - [2023-08-20T17:44:18.789+0000] {dag.py:3677} INFO - Setting next_dagrun for example_branch_datetime_operator_2 to 2023-08-19T00:00:00+00:00, run_after=2023-08-20T00:00:00+00:00
[2023-08-20T17:44:18.793+0000] {logging_mixin.py:151} INFO - [2023-08-20T17:44:18.793+0000] {dag.py:3677} INFO - Setting next_dagrun for example_branch_datetime_operator_3 to 2023-08-19T00:00:00+00:00, run_after=2023-08-20T00:00:00+00:00
[2023-08-20T17:44:18.821+0000] {processor.py:179} INFO - Processing /home/airflow/.local/lib/python3.8/site-packages/airflow/example_dags/example_branch_datetime_operator.py took 0.134 seconds
[2023-08-20T17:44:49.385+0000] {processor.py:157} INFO - Started process (PID=831) to work on /home/airflow/.local/lib/python3.8/site-packages/airflow/example_dags/example_branch_datetime_operator.py
[2023-08-20T17:44:49.387+0000] {processor.py:829} INFO - Processing file /home/airflow/.local/lib/python3.8/site-packages/airflow/example_dags/example_branch_datetime_operator.py for tasks to queue
[2023-08-20T17:44:49.390+0000] {logging_mixin.py:151} INFO - [2023-08-20T17:44:49.390+0000] {dagbag.py:539} INFO - Filling up the DagBag from /home/airflow/.local/lib/python3.8/site-packages/airflow/example_dags/example_branch_datetime_operator.py
[2023-08-20T17:44:49.405+0000] {processor.py:839} INFO - DAG(s) dict_keys(['example_branch_datetime_operator_2', 'example_branch_datetime_operator', 'example_branch_datetime_operator_3']) retrieved from /home/airflow/.local/lib/python3.8/site-packages/airflow/example_dags/example_branch_datetime_operator.py
[2023-08-20T17:44:49.441+0000] {logging_mixin.py:151} INFO - [2023-08-20T17:44:49.441+0000] {dag.py:2907} INFO - Sync 3 DAGs
[2023-08-20T17:44:49.473+0000] {logging_mixin.py:151} INFO - [2023-08-20T17:44:49.472+0000] {dag.py:3677} INFO - Setting next_dagrun for example_branch_datetime_operator to 2023-08-19T00:00:00+00:00, run_after=2023-08-20T00:00:00+00:00
[2023-08-20T17:44:49.479+0000] {logging_mixin.py:151} INFO - [2023-08-20T17:44:49.479+0000] {dag.py:3677} INFO - Setting next_dagrun for example_branch_datetime_operator_2 to 2023-08-19T00:00:00+00:00, run_after=2023-08-20T00:00:00+00:00
[2023-08-20T17:44:49.483+0000] {logging_mixin.py:151} INFO - [2023-08-20T17:44:49.482+0000] {dag.py:3677} INFO - Setting next_dagrun for example_branch_datetime_operator_3 to 2023-08-19T00:00:00+00:00, run_after=2023-08-20T00:00:00+00:00
[2023-08-20T17:44:49.512+0000] {processor.py:179} INFO - Processing /home/airflow/.local/lib/python3.8/site-packages/airflow/example_dags/example_branch_datetime_operator.py took 0.131 seconds
[2023-08-20T17:45:19.875+0000] {processor.py:157} INFO - Started process (PID=885) to work on /home/airflow/.local/lib/python3.8/site-packages/airflow/example_dags/example_branch_datetime_operator.py
[2023-08-20T17:45:19.877+0000] {processor.py:829} INFO - Processing file /home/airflow/.local/lib/python3.8/site-packages/airflow/example_dags/example_branch_datetime_operator.py for tasks to queue
[2023-08-20T17:45:19.880+0000] {logging_mixin.py:151} INFO - [2023-08-20T17:45:19.879+0000] {dagbag.py:539} INFO - Filling up the DagBag from /home/airflow/.local/lib/python3.8/site-packages/airflow/example_dags/example_branch_datetime_operator.py
[2023-08-20T17:45:19.895+0000] {processor.py:839} INFO - DAG(s) dict_keys(['example_branch_datetime_operator_2', 'example_branch_datetime_operator_3', 'example_branch_datetime_operator']) retrieved from /home/airflow/.local/lib/python3.8/site-packages/airflow/example_dags/example_branch_datetime_operator.py
[2023-08-20T17:45:19.939+0000] {logging_mixin.py:151} INFO - [2023-08-20T17:45:19.939+0000] {dag.py:2907} INFO - Sync 3 DAGs
[2023-08-20T17:45:19.986+0000] {logging_mixin.py:151} INFO - [2023-08-20T17:45:19.986+0000] {dag.py:3677} INFO - Setting next_dagrun for example_branch_datetime_operator to 2023-08-19T00:00:00+00:00, run_after=2023-08-20T00:00:00+00:00
[2023-08-20T17:45:19.994+0000] {logging_mixin.py:151} INFO - [2023-08-20T17:45:19.993+0000] {dag.py:3677} INFO - Setting next_dagrun for example_branch_datetime_operator_2 to 2023-08-19T00:00:00+00:00, run_after=2023-08-20T00:00:00+00:00
[2023-08-20T17:45:20.003+0000] {logging_mixin.py:151} INFO - [2023-08-20T17:45:20.003+0000] {dag.py:3677} INFO - Setting next_dagrun for example_branch_datetime_operator_3 to 2023-08-19T00:00:00+00:00, run_after=2023-08-20T00:00:00+00:00
[2023-08-20T17:45:20.028+0000] {processor.py:179} INFO - Processing /home/airflow/.local/lib/python3.8/site-packages/airflow/example_dags/example_branch_datetime_operator.py took 0.157 seconds
[2023-08-20T17:45:50.266+0000] {processor.py:157} INFO - Started process (PID=939) to work on /home/airflow/.local/lib/python3.8/site-packages/airflow/example_dags/example_branch_datetime_operator.py
[2023-08-20T17:45:50.268+0000] {processor.py:829} INFO - Processing file /home/airflow/.local/lib/python3.8/site-packages/airflow/example_dags/example_branch_datetime_operator.py for tasks to queue
[2023-08-20T17:45:50.271+0000] {logging_mixin.py:151} INFO - [2023-08-20T17:45:50.271+0000] {dagbag.py:539} INFO - Filling up the DagBag from /home/airflow/.local/lib/python3.8/site-packages/airflow/example_dags/example_branch_datetime_operator.py
[2023-08-20T17:45:50.287+0000] {processor.py:839} INFO - DAG(s) dict_keys(['example_branch_datetime_operator_3', 'example_branch_datetime_operator_2', 'example_branch_datetime_operator']) retrieved from /home/airflow/.local/lib/python3.8/site-packages/airflow/example_dags/example_branch_datetime_operator.py
[2023-08-20T17:45:50.325+0000] {logging_mixin.py:151} INFO - [2023-08-20T17:45:50.324+0000] {dag.py:2907} INFO - Sync 3 DAGs
[2023-08-20T17:45:50.362+0000] {logging_mixin.py:151} INFO - [2023-08-20T17:45:50.361+0000] {dag.py:3677} INFO - Setting next_dagrun for example_branch_datetime_operator to 2023-08-19T00:00:00+00:00, run_after=2023-08-20T00:00:00+00:00
[2023-08-20T17:45:50.370+0000] {logging_mixin.py:151} INFO - [2023-08-20T17:45:50.369+0000] {dag.py:3677} INFO - Setting next_dagrun for example_branch_datetime_operator_2 to 2023-08-19T00:00:00+00:00, run_after=2023-08-20T00:00:00+00:00
[2023-08-20T17:45:50.374+0000] {logging_mixin.py:151} INFO - [2023-08-20T17:45:50.374+0000] {dag.py:3677} INFO - Setting next_dagrun for example_branch_datetime_operator_3 to 2023-08-19T00:00:00+00:00, run_after=2023-08-20T00:00:00+00:00
[2023-08-20T17:45:50.400+0000] {processor.py:179} INFO - Processing /home/airflow/.local/lib/python3.8/site-packages/airflow/example_dags/example_branch_datetime_operator.py took 0.138 seconds
[2023-08-20T17:46:21.242+0000] {processor.py:157} INFO - Started process (PID=993) to work on /home/airflow/.local/lib/python3.8/site-packages/airflow/example_dags/example_branch_datetime_operator.py
[2023-08-20T17:46:21.244+0000] {processor.py:829} INFO - Processing file /home/airflow/.local/lib/python3.8/site-packages/airflow/example_dags/example_branch_datetime_operator.py for tasks to queue
[2023-08-20T17:46:21.247+0000] {logging_mixin.py:151} INFO - [2023-08-20T17:46:21.247+0000] {dagbag.py:539} INFO - Filling up the DagBag from /home/airflow/.local/lib/python3.8/site-packages/airflow/example_dags/example_branch_datetime_operator.py
[2023-08-20T17:46:21.260+0000] {processor.py:839} INFO - DAG(s) dict_keys(['example_branch_datetime_operator_3', 'example_branch_datetime_operator', 'example_branch_datetime_operator_2']) retrieved from /home/airflow/.local/lib/python3.8/site-packages/airflow/example_dags/example_branch_datetime_operator.py
[2023-08-20T17:46:21.297+0000] {logging_mixin.py:151} INFO - [2023-08-20T17:46:21.297+0000] {dag.py:2907} INFO - Sync 3 DAGs
[2023-08-20T17:46:21.333+0000] {logging_mixin.py:151} INFO - [2023-08-20T17:46:21.332+0000] {dag.py:3677} INFO - Setting next_dagrun for example_branch_datetime_operator to 2023-08-19T00:00:00+00:00, run_after=2023-08-20T00:00:00+00:00
[2023-08-20T17:46:21.342+0000] {logging_mixin.py:151} INFO - [2023-08-20T17:46:21.341+0000] {dag.py:3677} INFO - Setting next_dagrun for example_branch_datetime_operator_2 to 2023-08-19T00:00:00+00:00, run_after=2023-08-20T00:00:00+00:00
[2023-08-20T17:46:21.346+0000] {logging_mixin.py:151} INFO - [2023-08-20T17:46:21.346+0000] {dag.py:3677} INFO - Setting next_dagrun for example_branch_datetime_operator_3 to 2023-08-19T00:00:00+00:00, run_after=2023-08-20T00:00:00+00:00
[2023-08-20T17:46:21.373+0000] {processor.py:179} INFO - Processing /home/airflow/.local/lib/python3.8/site-packages/airflow/example_dags/example_branch_datetime_operator.py took 0.135 seconds
[2023-08-20T17:46:51.847+0000] {processor.py:157} INFO - Started process (PID=1047) to work on /home/airflow/.local/lib/python3.8/site-packages/airflow/example_dags/example_branch_datetime_operator.py
[2023-08-20T17:46:51.849+0000] {processor.py:829} INFO - Processing file /home/airflow/.local/lib/python3.8/site-packages/airflow/example_dags/example_branch_datetime_operator.py for tasks to queue
[2023-08-20T17:46:51.853+0000] {logging_mixin.py:151} INFO - [2023-08-20T17:46:51.852+0000] {dagbag.py:539} INFO - Filling up the DagBag from /home/airflow/.local/lib/python3.8/site-packages/airflow/example_dags/example_branch_datetime_operator.py
[2023-08-20T17:46:51.869+0000] {processor.py:839} INFO - DAG(s) dict_keys(['example_branch_datetime_operator', 'example_branch_datetime_operator_3', 'example_branch_datetime_operator_2']) retrieved from /home/airflow/.local/lib/python3.8/site-packages/airflow/example_dags/example_branch_datetime_operator.py
[2023-08-20T17:46:51.909+0000] {logging_mixin.py:151} INFO - [2023-08-20T17:46:51.908+0000] {dag.py:2907} INFO - Sync 3 DAGs
[2023-08-20T17:46:51.947+0000] {logging_mixin.py:151} INFO - [2023-08-20T17:46:51.947+0000] {dag.py:3677} INFO - Setting next_dagrun for example_branch_datetime_operator to 2023-08-19T00:00:00+00:00, run_after=2023-08-20T00:00:00+00:00
[2023-08-20T17:46:51.955+0000] {logging_mixin.py:151} INFO - [2023-08-20T17:46:51.955+0000] {dag.py:3677} INFO - Setting next_dagrun for example_branch_datetime_operator_2 to 2023-08-19T00:00:00+00:00, run_after=2023-08-20T00:00:00+00:00
[2023-08-20T17:46:51.960+0000] {logging_mixin.py:151} INFO - [2023-08-20T17:46:51.960+0000] {dag.py:3677} INFO - Setting next_dagrun for example_branch_datetime_operator_3 to 2023-08-19T00:00:00+00:00, run_after=2023-08-20T00:00:00+00:00
[2023-08-20T17:46:51.986+0000] {processor.py:179} INFO - Processing /home/airflow/.local/lib/python3.8/site-packages/airflow/example_dags/example_branch_datetime_operator.py took 0.143 seconds
