[2023-08-20 11:40:23,419] {scheduler_job.py:182} INFO - Started process (PID=53) to work on /home/airflow/.local/lib/python3.6/site-packages/airflow/example_dags/example_kubernetes_executor_config.py
[2023-08-20 11:40:23,421] {scheduler_job.py:629} INFO - Processing file /home/airflow/.local/lib/python3.6/site-packages/airflow/example_dags/example_kubernetes_executor_config.py for tasks to queue
[2023-08-20 11:40:23,423] {logging_mixin.py:104} INFO - [2023-08-20 11:40:23,422] {dagbag.py:451} INFO - Filling up the DagBag from /home/airflow/.local/lib/python3.6/site-packages/airflow/example_dags/example_kubernetes_executor_config.py
[2023-08-20 11:40:23,441] {scheduler_job.py:639} INFO - DAG(s) dict_keys(['example_kubernetes_executor_config']) retrieved from /home/airflow/.local/lib/python3.6/site-packages/airflow/example_dags/example_kubernetes_executor_config.py
[2023-08-20 11:40:23,485] {logging_mixin.py:104} INFO - [2023-08-20 11:40:23,485] {dag.py:1824} INFO - Sync 1 DAGs
[2023-08-20 11:40:23,499] {logging_mixin.py:104} INFO - [2023-08-20 11:40:23,499] {dag.py:1843} INFO - Creating ORM DAG for example_kubernetes_executor_config
[2023-08-20 11:40:23,506] {logging_mixin.py:104} INFO - [2023-08-20 11:40:23,506] {dag.py:2280} INFO - Setting next_dagrun for example_kubernetes_executor_config to None
[2023-08-20 11:40:23,527] {scheduler_job.py:190} INFO - Processing /home/airflow/.local/lib/python3.6/site-packages/airflow/example_dags/example_kubernetes_executor_config.py took 0.111 seconds
[2023-08-20 11:40:54,202] {scheduler_job.py:182} INFO - Started process (PID=82) to work on /home/airflow/.local/lib/python3.6/site-packages/airflow/example_dags/example_kubernetes_executor_config.py
[2023-08-20 11:40:54,204] {scheduler_job.py:629} INFO - Processing file /home/airflow/.local/lib/python3.6/site-packages/airflow/example_dags/example_kubernetes_executor_config.py for tasks to queue
[2023-08-20 11:40:54,206] {logging_mixin.py:104} INFO - [2023-08-20 11:40:54,206] {dagbag.py:451} INFO - Filling up the DagBag from /home/airflow/.local/lib/python3.6/site-packages/airflow/example_dags/example_kubernetes_executor_config.py
[2023-08-20 11:40:54,224] {scheduler_job.py:639} INFO - DAG(s) dict_keys(['example_kubernetes_executor_config']) retrieved from /home/airflow/.local/lib/python3.6/site-packages/airflow/example_dags/example_kubernetes_executor_config.py
[2023-08-20 11:40:54,259] {logging_mixin.py:104} INFO - [2023-08-20 11:40:54,259] {dag.py:1824} INFO - Sync 1 DAGs
[2023-08-20 11:40:54,283] {logging_mixin.py:104} INFO - [2023-08-20 11:40:54,283] {dag.py:2280} INFO - Setting next_dagrun for example_kubernetes_executor_config to None
[2023-08-20 11:40:54,302] {scheduler_job.py:190} INFO - Processing /home/airflow/.local/lib/python3.6/site-packages/airflow/example_dags/example_kubernetes_executor_config.py took 0.104 seconds
[2023-08-20 11:41:25,767] {scheduler_job.py:182} INFO - Started process (PID=114) to work on /home/airflow/.local/lib/python3.6/site-packages/airflow/example_dags/example_kubernetes_executor_config.py
[2023-08-20 11:41:25,769] {scheduler_job.py:629} INFO - Processing file /home/airflow/.local/lib/python3.6/site-packages/airflow/example_dags/example_kubernetes_executor_config.py for tasks to queue
[2023-08-20 11:41:25,770] {logging_mixin.py:104} INFO - [2023-08-20 11:41:25,770] {dagbag.py:451} INFO - Filling up the DagBag from /home/airflow/.local/lib/python3.6/site-packages/airflow/example_dags/example_kubernetes_executor_config.py
[2023-08-20 11:41:25,784] {scheduler_job.py:639} INFO - DAG(s) dict_keys(['example_kubernetes_executor_config']) retrieved from /home/airflow/.local/lib/python3.6/site-packages/airflow/example_dags/example_kubernetes_executor_config.py
[2023-08-20 11:41:25,817] {logging_mixin.py:104} INFO - [2023-08-20 11:41:25,817] {dag.py:1824} INFO - Sync 1 DAGs
[2023-08-20 11:41:25,834] {logging_mixin.py:104} INFO - [2023-08-20 11:41:25,834] {dag.py:2280} INFO - Setting next_dagrun for example_kubernetes_executor_config to None
[2023-08-20 11:41:25,853] {scheduler_job.py:190} INFO - Processing /home/airflow/.local/lib/python3.6/site-packages/airflow/example_dags/example_kubernetes_executor_config.py took 0.089 seconds
[2023-08-20 11:41:56,017] {scheduler_job.py:182} INFO - Started process (PID=140) to work on /home/airflow/.local/lib/python3.6/site-packages/airflow/example_dags/example_kubernetes_executor_config.py
[2023-08-20 11:41:56,018] {scheduler_job.py:629} INFO - Processing file /home/airflow/.local/lib/python3.6/site-packages/airflow/example_dags/example_kubernetes_executor_config.py for tasks to queue
[2023-08-20 11:41:56,020] {logging_mixin.py:104} INFO - [2023-08-20 11:41:56,019] {dagbag.py:451} INFO - Filling up the DagBag from /home/airflow/.local/lib/python3.6/site-packages/airflow/example_dags/example_kubernetes_executor_config.py
[2023-08-20 11:41:56,034] {scheduler_job.py:639} INFO - DAG(s) dict_keys(['example_kubernetes_executor_config']) retrieved from /home/airflow/.local/lib/python3.6/site-packages/airflow/example_dags/example_kubernetes_executor_config.py
[2023-08-20 11:41:56,064] {logging_mixin.py:104} INFO - [2023-08-20 11:41:56,064] {dag.py:1824} INFO - Sync 1 DAGs
[2023-08-20 11:41:56,080] {logging_mixin.py:104} INFO - [2023-08-20 11:41:56,080] {dag.py:2280} INFO - Setting next_dagrun for example_kubernetes_executor_config to None
[2023-08-20 11:41:56,093] {scheduler_job.py:190} INFO - Processing /home/airflow/.local/lib/python3.6/site-packages/airflow/example_dags/example_kubernetes_executor_config.py took 0.079 seconds
[2023-08-20 11:42:26,367] {scheduler_job.py:182} INFO - Started process (PID=166) to work on /home/airflow/.local/lib/python3.6/site-packages/airflow/example_dags/example_kubernetes_executor_config.py
[2023-08-20 11:42:26,374] {scheduler_job.py:629} INFO - Processing file /home/airflow/.local/lib/python3.6/site-packages/airflow/example_dags/example_kubernetes_executor_config.py for tasks to queue
[2023-08-20 11:42:26,377] {logging_mixin.py:104} INFO - [2023-08-20 11:42:26,376] {dagbag.py:451} INFO - Filling up the DagBag from /home/airflow/.local/lib/python3.6/site-packages/airflow/example_dags/example_kubernetes_executor_config.py
[2023-08-20 11:42:26,392] {scheduler_job.py:639} INFO - DAG(s) dict_keys(['example_kubernetes_executor_config']) retrieved from /home/airflow/.local/lib/python3.6/site-packages/airflow/example_dags/example_kubernetes_executor_config.py
[2023-08-20 11:42:26,481] {logging_mixin.py:104} INFO - [2023-08-20 11:42:26,481] {dag.py:1824} INFO - Sync 1 DAGs
[2023-08-20 11:42:26,498] {logging_mixin.py:104} INFO - [2023-08-20 11:42:26,498] {dag.py:2280} INFO - Setting next_dagrun for example_kubernetes_executor_config to None
[2023-08-20 11:42:26,510] {scheduler_job.py:190} INFO - Processing /home/airflow/.local/lib/python3.6/site-packages/airflow/example_dags/example_kubernetes_executor_config.py took 0.148 seconds
[2023-08-20 11:42:56,954] {scheduler_job.py:182} INFO - Started process (PID=192) to work on /home/airflow/.local/lib/python3.6/site-packages/airflow/example_dags/example_kubernetes_executor_config.py
[2023-08-20 11:42:56,958] {scheduler_job.py:629} INFO - Processing file /home/airflow/.local/lib/python3.6/site-packages/airflow/example_dags/example_kubernetes_executor_config.py for tasks to queue
[2023-08-20 11:42:56,960] {logging_mixin.py:104} INFO - [2023-08-20 11:42:56,960] {dagbag.py:451} INFO - Filling up the DagBag from /home/airflow/.local/lib/python3.6/site-packages/airflow/example_dags/example_kubernetes_executor_config.py
[2023-08-20 11:42:56,975] {scheduler_job.py:639} INFO - DAG(s) dict_keys(['example_kubernetes_executor_config']) retrieved from /home/airflow/.local/lib/python3.6/site-packages/airflow/example_dags/example_kubernetes_executor_config.py
[2023-08-20 11:42:57,060] {logging_mixin.py:104} INFO - [2023-08-20 11:42:57,060] {dag.py:1824} INFO - Sync 1 DAGs
[2023-08-20 11:42:57,083] {logging_mixin.py:104} INFO - [2023-08-20 11:42:57,082] {dag.py:2280} INFO - Setting next_dagrun for example_kubernetes_executor_config to None
[2023-08-20 11:42:57,101] {scheduler_job.py:190} INFO - Processing /home/airflow/.local/lib/python3.6/site-packages/airflow/example_dags/example_kubernetes_executor_config.py took 0.151 seconds
[2023-08-20 11:43:27,161] {scheduler_job.py:182} INFO - Started process (PID=218) to work on /home/airflow/.local/lib/python3.6/site-packages/airflow/example_dags/example_kubernetes_executor_config.py
[2023-08-20 11:43:27,165] {scheduler_job.py:629} INFO - Processing file /home/airflow/.local/lib/python3.6/site-packages/airflow/example_dags/example_kubernetes_executor_config.py for tasks to queue
[2023-08-20 11:43:27,168] {logging_mixin.py:104} INFO - [2023-08-20 11:43:27,167] {dagbag.py:451} INFO - Filling up the DagBag from /home/airflow/.local/lib/python3.6/site-packages/airflow/example_dags/example_kubernetes_executor_config.py
[2023-08-20 11:43:27,200] {scheduler_job.py:639} INFO - DAG(s) dict_keys(['example_kubernetes_executor_config']) retrieved from /home/airflow/.local/lib/python3.6/site-packages/airflow/example_dags/example_kubernetes_executor_config.py
[2023-08-20 11:43:27,244] {logging_mixin.py:104} INFO - [2023-08-20 11:43:27,244] {dag.py:1824} INFO - Sync 1 DAGs
[2023-08-20 11:43:27,265] {logging_mixin.py:104} INFO - [2023-08-20 11:43:27,265] {dag.py:2280} INFO - Setting next_dagrun for example_kubernetes_executor_config to None
[2023-08-20 11:43:27,285] {scheduler_job.py:190} INFO - Processing /home/airflow/.local/lib/python3.6/site-packages/airflow/example_dags/example_kubernetes_executor_config.py took 0.127 seconds
[2023-08-20 11:43:58,376] {scheduler_job.py:182} INFO - Started process (PID=244) to work on /home/airflow/.local/lib/python3.6/site-packages/airflow/example_dags/example_kubernetes_executor_config.py
[2023-08-20 11:43:58,379] {scheduler_job.py:629} INFO - Processing file /home/airflow/.local/lib/python3.6/site-packages/airflow/example_dags/example_kubernetes_executor_config.py for tasks to queue
[2023-08-20 11:43:58,380] {logging_mixin.py:104} INFO - [2023-08-20 11:43:58,380] {dagbag.py:451} INFO - Filling up the DagBag from /home/airflow/.local/lib/python3.6/site-packages/airflow/example_dags/example_kubernetes_executor_config.py
[2023-08-20 11:43:58,397] {scheduler_job.py:639} INFO - DAG(s) dict_keys(['example_kubernetes_executor_config']) retrieved from /home/airflow/.local/lib/python3.6/site-packages/airflow/example_dags/example_kubernetes_executor_config.py
[2023-08-20 11:43:58,503] {logging_mixin.py:104} INFO - [2023-08-20 11:43:58,502] {dag.py:1824} INFO - Sync 1 DAGs
[2023-08-20 11:43:58,524] {logging_mixin.py:104} INFO - [2023-08-20 11:43:58,524] {dag.py:2280} INFO - Setting next_dagrun for example_kubernetes_executor_config to None
[2023-08-20 11:43:58,541] {scheduler_job.py:190} INFO - Processing /home/airflow/.local/lib/python3.6/site-packages/airflow/example_dags/example_kubernetes_executor_config.py took 0.168 seconds
[2023-08-20 11:44:28,787] {scheduler_job.py:182} INFO - Started process (PID=270) to work on /home/airflow/.local/lib/python3.6/site-packages/airflow/example_dags/example_kubernetes_executor_config.py
[2023-08-20 11:44:28,789] {scheduler_job.py:629} INFO - Processing file /home/airflow/.local/lib/python3.6/site-packages/airflow/example_dags/example_kubernetes_executor_config.py for tasks to queue
[2023-08-20 11:44:28,790] {logging_mixin.py:104} INFO - [2023-08-20 11:44:28,790] {dagbag.py:451} INFO - Filling up the DagBag from /home/airflow/.local/lib/python3.6/site-packages/airflow/example_dags/example_kubernetes_executor_config.py
[2023-08-20 11:44:28,806] {scheduler_job.py:639} INFO - DAG(s) dict_keys(['example_kubernetes_executor_config']) retrieved from /home/airflow/.local/lib/python3.6/site-packages/airflow/example_dags/example_kubernetes_executor_config.py
[2023-08-20 11:44:28,837] {logging_mixin.py:104} INFO - [2023-08-20 11:44:28,837] {dag.py:1824} INFO - Sync 1 DAGs
[2023-08-20 11:44:28,854] {logging_mixin.py:104} INFO - [2023-08-20 11:44:28,854] {dag.py:2280} INFO - Setting next_dagrun for example_kubernetes_executor_config to None
[2023-08-20 11:44:28,869] {scheduler_job.py:190} INFO - Processing /home/airflow/.local/lib/python3.6/site-packages/airflow/example_dags/example_kubernetes_executor_config.py took 0.085 seconds
[2023-08-20 11:44:59,514] {scheduler_job.py:182} INFO - Started process (PID=296) to work on /home/airflow/.local/lib/python3.6/site-packages/airflow/example_dags/example_kubernetes_executor_config.py
[2023-08-20 11:44:59,516] {scheduler_job.py:629} INFO - Processing file /home/airflow/.local/lib/python3.6/site-packages/airflow/example_dags/example_kubernetes_executor_config.py for tasks to queue
[2023-08-20 11:44:59,518] {logging_mixin.py:104} INFO - [2023-08-20 11:44:59,517] {dagbag.py:451} INFO - Filling up the DagBag from /home/airflow/.local/lib/python3.6/site-packages/airflow/example_dags/example_kubernetes_executor_config.py
[2023-08-20 11:44:59,540] {scheduler_job.py:639} INFO - DAG(s) dict_keys(['example_kubernetes_executor_config']) retrieved from /home/airflow/.local/lib/python3.6/site-packages/airflow/example_dags/example_kubernetes_executor_config.py
[2023-08-20 11:44:59,567] {logging_mixin.py:104} INFO - [2023-08-20 11:44:59,567] {dag.py:1824} INFO - Sync 1 DAGs
[2023-08-20 11:44:59,589] {logging_mixin.py:104} INFO - [2023-08-20 11:44:59,589] {dag.py:2280} INFO - Setting next_dagrun for example_kubernetes_executor_config to None
[2023-08-20 11:44:59,608] {scheduler_job.py:190} INFO - Processing /home/airflow/.local/lib/python3.6/site-packages/airflow/example_dags/example_kubernetes_executor_config.py took 0.097 seconds
[2023-08-20 11:45:30,640] {scheduler_job.py:182} INFO - Started process (PID=323) to work on /home/airflow/.local/lib/python3.6/site-packages/airflow/example_dags/example_kubernetes_executor_config.py
[2023-08-20 11:45:30,643] {scheduler_job.py:629} INFO - Processing file /home/airflow/.local/lib/python3.6/site-packages/airflow/example_dags/example_kubernetes_executor_config.py for tasks to queue
[2023-08-20 11:45:30,645] {logging_mixin.py:104} INFO - [2023-08-20 11:45:30,645] {dagbag.py:451} INFO - Filling up the DagBag from /home/airflow/.local/lib/python3.6/site-packages/airflow/example_dags/example_kubernetes_executor_config.py
[2023-08-20 11:45:30,669] {scheduler_job.py:639} INFO - DAG(s) dict_keys(['example_kubernetes_executor_config']) retrieved from /home/airflow/.local/lib/python3.6/site-packages/airflow/example_dags/example_kubernetes_executor_config.py
[2023-08-20 11:45:30,709] {logging_mixin.py:104} INFO - [2023-08-20 11:45:30,700] {dag.py:1824} INFO - Sync 1 DAGs
[2023-08-20 11:45:30,736] {logging_mixin.py:104} INFO - [2023-08-20 11:45:30,736] {dag.py:2280} INFO - Setting next_dagrun for example_kubernetes_executor_config to None
[2023-08-20 11:45:30,752] {scheduler_job.py:190} INFO - Processing /home/airflow/.local/lib/python3.6/site-packages/airflow/example_dags/example_kubernetes_executor_config.py took 0.118 seconds
[2023-08-20 11:46:00,889] {scheduler_job.py:182} INFO - Started process (PID=349) to work on /home/airflow/.local/lib/python3.6/site-packages/airflow/example_dags/example_kubernetes_executor_config.py
[2023-08-20 11:46:00,891] {scheduler_job.py:629} INFO - Processing file /home/airflow/.local/lib/python3.6/site-packages/airflow/example_dags/example_kubernetes_executor_config.py for tasks to queue
[2023-08-20 11:46:00,893] {logging_mixin.py:104} INFO - [2023-08-20 11:46:00,892] {dagbag.py:451} INFO - Filling up the DagBag from /home/airflow/.local/lib/python3.6/site-packages/airflow/example_dags/example_kubernetes_executor_config.py
[2023-08-20 11:46:00,915] {scheduler_job.py:639} INFO - DAG(s) dict_keys(['example_kubernetes_executor_config']) retrieved from /home/airflow/.local/lib/python3.6/site-packages/airflow/example_dags/example_kubernetes_executor_config.py
[2023-08-20 11:46:00,948] {logging_mixin.py:104} INFO - [2023-08-20 11:46:00,947] {dag.py:1824} INFO - Sync 1 DAGs
[2023-08-20 11:46:00,973] {logging_mixin.py:104} INFO - [2023-08-20 11:46:00,973] {dag.py:2280} INFO - Setting next_dagrun for example_kubernetes_executor_config to None
[2023-08-20 11:46:00,992] {scheduler_job.py:190} INFO - Processing /home/airflow/.local/lib/python3.6/site-packages/airflow/example_dags/example_kubernetes_executor_config.py took 0.107 seconds
[2023-08-20 11:46:31,871] {scheduler_job.py:182} INFO - Started process (PID=377) to work on /home/airflow/.local/lib/python3.6/site-packages/airflow/example_dags/example_kubernetes_executor_config.py
[2023-08-20 11:46:31,874] {scheduler_job.py:629} INFO - Processing file /home/airflow/.local/lib/python3.6/site-packages/airflow/example_dags/example_kubernetes_executor_config.py for tasks to queue
[2023-08-20 11:46:31,876] {logging_mixin.py:104} INFO - [2023-08-20 11:46:31,876] {dagbag.py:451} INFO - Filling up the DagBag from /home/airflow/.local/lib/python3.6/site-packages/airflow/example_dags/example_kubernetes_executor_config.py
[2023-08-20 11:46:31,899] {scheduler_job.py:639} INFO - DAG(s) dict_keys(['example_kubernetes_executor_config']) retrieved from /home/airflow/.local/lib/python3.6/site-packages/airflow/example_dags/example_kubernetes_executor_config.py
[2023-08-20 11:46:31,936] {logging_mixin.py:104} INFO - [2023-08-20 11:46:31,936] {dag.py:1824} INFO - Sync 1 DAGs
[2023-08-20 11:46:31,957] {logging_mixin.py:104} INFO - [2023-08-20 11:46:31,957] {dag.py:2280} INFO - Setting next_dagrun for example_kubernetes_executor_config to None
[2023-08-20 11:46:31,978] {scheduler_job.py:190} INFO - Processing /home/airflow/.local/lib/python3.6/site-packages/airflow/example_dags/example_kubernetes_executor_config.py took 0.111 seconds
[2023-08-20 11:47:02,661] {scheduler_job.py:182} INFO - Started process (PID=403) to work on /home/airflow/.local/lib/python3.6/site-packages/airflow/example_dags/example_kubernetes_executor_config.py
[2023-08-20 11:47:02,663] {scheduler_job.py:629} INFO - Processing file /home/airflow/.local/lib/python3.6/site-packages/airflow/example_dags/example_kubernetes_executor_config.py for tasks to queue
[2023-08-20 11:47:02,665] {logging_mixin.py:104} INFO - [2023-08-20 11:47:02,665] {dagbag.py:451} INFO - Filling up the DagBag from /home/airflow/.local/lib/python3.6/site-packages/airflow/example_dags/example_kubernetes_executor_config.py
[2023-08-20 11:47:02,688] {scheduler_job.py:639} INFO - DAG(s) dict_keys(['example_kubernetes_executor_config']) retrieved from /home/airflow/.local/lib/python3.6/site-packages/airflow/example_dags/example_kubernetes_executor_config.py
[2023-08-20 11:47:02,716] {logging_mixin.py:104} INFO - [2023-08-20 11:47:02,715] {dag.py:1824} INFO - Sync 1 DAGs
[2023-08-20 11:47:02,734] {logging_mixin.py:104} INFO - [2023-08-20 11:47:02,734] {dag.py:2280} INFO - Setting next_dagrun for example_kubernetes_executor_config to None
[2023-08-20 11:47:02,749] {scheduler_job.py:190} INFO - Processing /home/airflow/.local/lib/python3.6/site-packages/airflow/example_dags/example_kubernetes_executor_config.py took 0.092 seconds
[2023-08-20 11:47:33,842] {scheduler_job.py:182} INFO - Started process (PID=430) to work on /home/airflow/.local/lib/python3.6/site-packages/airflow/example_dags/example_kubernetes_executor_config.py
[2023-08-20 11:47:33,850] {scheduler_job.py:629} INFO - Processing file /home/airflow/.local/lib/python3.6/site-packages/airflow/example_dags/example_kubernetes_executor_config.py for tasks to queue
[2023-08-20 11:47:33,851] {logging_mixin.py:104} INFO - [2023-08-20 11:47:33,851] {dagbag.py:451} INFO - Filling up the DagBag from /home/airflow/.local/lib/python3.6/site-packages/airflow/example_dags/example_kubernetes_executor_config.py
[2023-08-20 11:47:33,865] {scheduler_job.py:639} INFO - DAG(s) dict_keys(['example_kubernetes_executor_config']) retrieved from /home/airflow/.local/lib/python3.6/site-packages/airflow/example_dags/example_kubernetes_executor_config.py
[2023-08-20 11:47:33,892] {logging_mixin.py:104} INFO - [2023-08-20 11:47:33,892] {dag.py:1824} INFO - Sync 1 DAGs
[2023-08-20 11:47:33,909] {logging_mixin.py:104} INFO - [2023-08-20 11:47:33,909] {dag.py:2280} INFO - Setting next_dagrun for example_kubernetes_executor_config to None
[2023-08-20 11:47:33,925] {scheduler_job.py:190} INFO - Processing /home/airflow/.local/lib/python3.6/site-packages/airflow/example_dags/example_kubernetes_executor_config.py took 0.086 seconds
[2023-08-20 11:48:04,251] {scheduler_job.py:182} INFO - Started process (PID=456) to work on /home/airflow/.local/lib/python3.6/site-packages/airflow/example_dags/example_kubernetes_executor_config.py
[2023-08-20 11:48:04,254] {scheduler_job.py:629} INFO - Processing file /home/airflow/.local/lib/python3.6/site-packages/airflow/example_dags/example_kubernetes_executor_config.py for tasks to queue
[2023-08-20 11:48:04,256] {logging_mixin.py:104} INFO - [2023-08-20 11:48:04,256] {dagbag.py:451} INFO - Filling up the DagBag from /home/airflow/.local/lib/python3.6/site-packages/airflow/example_dags/example_kubernetes_executor_config.py
[2023-08-20 11:48:04,281] {scheduler_job.py:639} INFO - DAG(s) dict_keys(['example_kubernetes_executor_config']) retrieved from /home/airflow/.local/lib/python3.6/site-packages/airflow/example_dags/example_kubernetes_executor_config.py
[2023-08-20 11:48:04,319] {logging_mixin.py:104} INFO - [2023-08-20 11:48:04,319] {dag.py:1824} INFO - Sync 1 DAGs
[2023-08-20 11:48:04,341] {logging_mixin.py:104} INFO - [2023-08-20 11:48:04,341] {dag.py:2280} INFO - Setting next_dagrun for example_kubernetes_executor_config to None
[2023-08-20 11:48:04,359] {scheduler_job.py:190} INFO - Processing /home/airflow/.local/lib/python3.6/site-packages/airflow/example_dags/example_kubernetes_executor_config.py took 0.114 seconds
[2023-08-20 11:48:35,296] {scheduler_job.py:182} INFO - Started process (PID=482) to work on /home/airflow/.local/lib/python3.6/site-packages/airflow/example_dags/example_kubernetes_executor_config.py
[2023-08-20 11:48:35,298] {scheduler_job.py:629} INFO - Processing file /home/airflow/.local/lib/python3.6/site-packages/airflow/example_dags/example_kubernetes_executor_config.py for tasks to queue
[2023-08-20 11:48:35,300] {logging_mixin.py:104} INFO - [2023-08-20 11:48:35,300] {dagbag.py:451} INFO - Filling up the DagBag from /home/airflow/.local/lib/python3.6/site-packages/airflow/example_dags/example_kubernetes_executor_config.py
[2023-08-20 11:48:35,316] {scheduler_job.py:639} INFO - DAG(s) dict_keys(['example_kubernetes_executor_config']) retrieved from /home/airflow/.local/lib/python3.6/site-packages/airflow/example_dags/example_kubernetes_executor_config.py
[2023-08-20 11:48:35,348] {logging_mixin.py:104} INFO - [2023-08-20 11:48:35,348] {dag.py:1824} INFO - Sync 1 DAGs
[2023-08-20 11:48:35,364] {logging_mixin.py:104} INFO - [2023-08-20 11:48:35,364] {dag.py:2280} INFO - Setting next_dagrun for example_kubernetes_executor_config to None
[2023-08-20 11:48:35,380] {scheduler_job.py:190} INFO - Processing /home/airflow/.local/lib/python3.6/site-packages/airflow/example_dags/example_kubernetes_executor_config.py took 0.088 seconds
[2023-08-20 11:49:05,708] {scheduler_job.py:182} INFO - Started process (PID=508) to work on /home/airflow/.local/lib/python3.6/site-packages/airflow/example_dags/example_kubernetes_executor_config.py
[2023-08-20 11:49:05,711] {scheduler_job.py:629} INFO - Processing file /home/airflow/.local/lib/python3.6/site-packages/airflow/example_dags/example_kubernetes_executor_config.py for tasks to queue
[2023-08-20 11:49:05,713] {logging_mixin.py:104} INFO - [2023-08-20 11:49:05,712] {dagbag.py:451} INFO - Filling up the DagBag from /home/airflow/.local/lib/python3.6/site-packages/airflow/example_dags/example_kubernetes_executor_config.py
[2023-08-20 11:49:05,728] {scheduler_job.py:639} INFO - DAG(s) dict_keys(['example_kubernetes_executor_config']) retrieved from /home/airflow/.local/lib/python3.6/site-packages/airflow/example_dags/example_kubernetes_executor_config.py
[2023-08-20 11:49:05,760] {logging_mixin.py:104} INFO - [2023-08-20 11:49:05,760] {dag.py:1824} INFO - Sync 1 DAGs
[2023-08-20 11:49:05,780] {logging_mixin.py:104} INFO - [2023-08-20 11:49:05,780] {dag.py:2280} INFO - Setting next_dagrun for example_kubernetes_executor_config to None
[2023-08-20 11:49:05,795] {scheduler_job.py:190} INFO - Processing /home/airflow/.local/lib/python3.6/site-packages/airflow/example_dags/example_kubernetes_executor_config.py took 0.092 seconds
[2023-08-20 11:49:36,622] {scheduler_job.py:182} INFO - Started process (PID=534) to work on /home/airflow/.local/lib/python3.6/site-packages/airflow/example_dags/example_kubernetes_executor_config.py
[2023-08-20 11:49:36,624] {scheduler_job.py:629} INFO - Processing file /home/airflow/.local/lib/python3.6/site-packages/airflow/example_dags/example_kubernetes_executor_config.py for tasks to queue
[2023-08-20 11:49:36,626] {logging_mixin.py:104} INFO - [2023-08-20 11:49:36,626] {dagbag.py:451} INFO - Filling up the DagBag from /home/airflow/.local/lib/python3.6/site-packages/airflow/example_dags/example_kubernetes_executor_config.py
[2023-08-20 11:49:36,647] {scheduler_job.py:639} INFO - DAG(s) dict_keys(['example_kubernetes_executor_config']) retrieved from /home/airflow/.local/lib/python3.6/site-packages/airflow/example_dags/example_kubernetes_executor_config.py
[2023-08-20 11:49:36,672] {logging_mixin.py:104} INFO - [2023-08-20 11:49:36,672] {dag.py:1824} INFO - Sync 1 DAGs
[2023-08-20 11:49:36,699] {logging_mixin.py:104} INFO - [2023-08-20 11:49:36,698] {dag.py:2280} INFO - Setting next_dagrun for example_kubernetes_executor_config to None
[2023-08-20 11:49:36,719] {scheduler_job.py:190} INFO - Processing /home/airflow/.local/lib/python3.6/site-packages/airflow/example_dags/example_kubernetes_executor_config.py took 0.101 seconds
[2023-08-20 11:50:07,223] {scheduler_job.py:182} INFO - Started process (PID=560) to work on /home/airflow/.local/lib/python3.6/site-packages/airflow/example_dags/example_kubernetes_executor_config.py
[2023-08-20 11:50:07,225] {scheduler_job.py:629} INFO - Processing file /home/airflow/.local/lib/python3.6/site-packages/airflow/example_dags/example_kubernetes_executor_config.py for tasks to queue
[2023-08-20 11:50:07,227] {logging_mixin.py:104} INFO - [2023-08-20 11:50:07,227] {dagbag.py:451} INFO - Filling up the DagBag from /home/airflow/.local/lib/python3.6/site-packages/airflow/example_dags/example_kubernetes_executor_config.py
[2023-08-20 11:50:07,244] {scheduler_job.py:639} INFO - DAG(s) dict_keys(['example_kubernetes_executor_config']) retrieved from /home/airflow/.local/lib/python3.6/site-packages/airflow/example_dags/example_kubernetes_executor_config.py
[2023-08-20 11:50:07,275] {logging_mixin.py:104} INFO - [2023-08-20 11:50:07,275] {dag.py:1824} INFO - Sync 1 DAGs
[2023-08-20 11:50:07,292] {logging_mixin.py:104} INFO - [2023-08-20 11:50:07,292] {dag.py:2280} INFO - Setting next_dagrun for example_kubernetes_executor_config to None
[2023-08-20 11:50:07,305] {scheduler_job.py:190} INFO - Processing /home/airflow/.local/lib/python3.6/site-packages/airflow/example_dags/example_kubernetes_executor_config.py took 0.085 seconds
[2023-08-20 11:50:37,877] {scheduler_job.py:182} INFO - Started process (PID=586) to work on /home/airflow/.local/lib/python3.6/site-packages/airflow/example_dags/example_kubernetes_executor_config.py
[2023-08-20 11:50:37,880] {scheduler_job.py:629} INFO - Processing file /home/airflow/.local/lib/python3.6/site-packages/airflow/example_dags/example_kubernetes_executor_config.py for tasks to queue
[2023-08-20 11:50:37,882] {logging_mixin.py:104} INFO - [2023-08-20 11:50:37,881] {dagbag.py:451} INFO - Filling up the DagBag from /home/airflow/.local/lib/python3.6/site-packages/airflow/example_dags/example_kubernetes_executor_config.py
[2023-08-20 11:50:37,899] {scheduler_job.py:639} INFO - DAG(s) dict_keys(['example_kubernetes_executor_config']) retrieved from /home/airflow/.local/lib/python3.6/site-packages/airflow/example_dags/example_kubernetes_executor_config.py
[2023-08-20 11:50:37,924] {logging_mixin.py:104} INFO - [2023-08-20 11:50:37,924] {dag.py:1824} INFO - Sync 1 DAGs
[2023-08-20 11:50:37,945] {logging_mixin.py:104} INFO - [2023-08-20 11:50:37,944] {dag.py:2280} INFO - Setting next_dagrun for example_kubernetes_executor_config to None
[2023-08-20 11:50:37,961] {scheduler_job.py:190} INFO - Processing /home/airflow/.local/lib/python3.6/site-packages/airflow/example_dags/example_kubernetes_executor_config.py took 0.088 seconds
[2023-08-20 11:51:08,470] {scheduler_job.py:182} INFO - Started process (PID=612) to work on /home/airflow/.local/lib/python3.6/site-packages/airflow/example_dags/example_kubernetes_executor_config.py
[2023-08-20 11:51:08,472] {scheduler_job.py:629} INFO - Processing file /home/airflow/.local/lib/python3.6/site-packages/airflow/example_dags/example_kubernetes_executor_config.py for tasks to queue
[2023-08-20 11:51:08,475] {logging_mixin.py:104} INFO - [2023-08-20 11:51:08,474] {dagbag.py:451} INFO - Filling up the DagBag from /home/airflow/.local/lib/python3.6/site-packages/airflow/example_dags/example_kubernetes_executor_config.py
[2023-08-20 11:51:08,501] {scheduler_job.py:639} INFO - DAG(s) dict_keys(['example_kubernetes_executor_config']) retrieved from /home/airflow/.local/lib/python3.6/site-packages/airflow/example_dags/example_kubernetes_executor_config.py
[2023-08-20 11:51:08,590] {logging_mixin.py:104} INFO - [2023-08-20 11:51:08,590] {dag.py:1824} INFO - Sync 1 DAGs
[2023-08-20 11:51:08,614] {logging_mixin.py:104} INFO - [2023-08-20 11:51:08,614] {dag.py:2280} INFO - Setting next_dagrun for example_kubernetes_executor_config to None
[2023-08-20 11:51:08,630] {scheduler_job.py:190} INFO - Processing /home/airflow/.local/lib/python3.6/site-packages/airflow/example_dags/example_kubernetes_executor_config.py took 0.163 seconds
[2023-08-20 11:51:39,601] {scheduler_job.py:182} INFO - Started process (PID=638) to work on /home/airflow/.local/lib/python3.6/site-packages/airflow/example_dags/example_kubernetes_executor_config.py
[2023-08-20 11:51:39,604] {scheduler_job.py:629} INFO - Processing file /home/airflow/.local/lib/python3.6/site-packages/airflow/example_dags/example_kubernetes_executor_config.py for tasks to queue
[2023-08-20 11:51:39,607] {logging_mixin.py:104} INFO - [2023-08-20 11:51:39,607] {dagbag.py:451} INFO - Filling up the DagBag from /home/airflow/.local/lib/python3.6/site-packages/airflow/example_dags/example_kubernetes_executor_config.py
[2023-08-20 11:51:39,631] {scheduler_job.py:639} INFO - DAG(s) dict_keys(['example_kubernetes_executor_config']) retrieved from /home/airflow/.local/lib/python3.6/site-packages/airflow/example_dags/example_kubernetes_executor_config.py
[2023-08-20 11:51:39,661] {logging_mixin.py:104} INFO - [2023-08-20 11:51:39,661] {dag.py:1824} INFO - Sync 1 DAGs
[2023-08-20 11:51:39,681] {logging_mixin.py:104} INFO - [2023-08-20 11:51:39,681] {dag.py:2280} INFO - Setting next_dagrun for example_kubernetes_executor_config to None
[2023-08-20 11:51:39,697] {scheduler_job.py:190} INFO - Processing /home/airflow/.local/lib/python3.6/site-packages/airflow/example_dags/example_kubernetes_executor_config.py took 0.101 seconds
[2023-08-20 11:52:10,162] {scheduler_job.py:182} INFO - Started process (PID=664) to work on /home/airflow/.local/lib/python3.6/site-packages/airflow/example_dags/example_kubernetes_executor_config.py
[2023-08-20 11:52:10,165] {scheduler_job.py:629} INFO - Processing file /home/airflow/.local/lib/python3.6/site-packages/airflow/example_dags/example_kubernetes_executor_config.py for tasks to queue
[2023-08-20 11:52:10,167] {logging_mixin.py:104} INFO - [2023-08-20 11:52:10,167] {dagbag.py:451} INFO - Filling up the DagBag from /home/airflow/.local/lib/python3.6/site-packages/airflow/example_dags/example_kubernetes_executor_config.py
[2023-08-20 11:52:10,189] {scheduler_job.py:639} INFO - DAG(s) dict_keys(['example_kubernetes_executor_config']) retrieved from /home/airflow/.local/lib/python3.6/site-packages/airflow/example_dags/example_kubernetes_executor_config.py
[2023-08-20 11:52:10,216] {logging_mixin.py:104} INFO - [2023-08-20 11:52:10,216] {dag.py:1824} INFO - Sync 1 DAGs
[2023-08-20 11:52:10,238] {logging_mixin.py:104} INFO - [2023-08-20 11:52:10,238] {dag.py:2280} INFO - Setting next_dagrun for example_kubernetes_executor_config to None
[2023-08-20 11:52:10,252] {scheduler_job.py:190} INFO - Processing /home/airflow/.local/lib/python3.6/site-packages/airflow/example_dags/example_kubernetes_executor_config.py took 0.095 seconds
[2023-08-20 11:52:41,012] {scheduler_job.py:182} INFO - Started process (PID=690) to work on /home/airflow/.local/lib/python3.6/site-packages/airflow/example_dags/example_kubernetes_executor_config.py
[2023-08-20 11:52:41,016] {scheduler_job.py:629} INFO - Processing file /home/airflow/.local/lib/python3.6/site-packages/airflow/example_dags/example_kubernetes_executor_config.py for tasks to queue
[2023-08-20 11:52:41,019] {logging_mixin.py:104} INFO - [2023-08-20 11:52:41,019] {dagbag.py:451} INFO - Filling up the DagBag from /home/airflow/.local/lib/python3.6/site-packages/airflow/example_dags/example_kubernetes_executor_config.py
[2023-08-20 11:52:41,040] {scheduler_job.py:639} INFO - DAG(s) dict_keys(['example_kubernetes_executor_config']) retrieved from /home/airflow/.local/lib/python3.6/site-packages/airflow/example_dags/example_kubernetes_executor_config.py
[2023-08-20 11:52:41,069] {logging_mixin.py:104} INFO - [2023-08-20 11:52:41,069] {dag.py:1824} INFO - Sync 1 DAGs
[2023-08-20 11:52:41,090] {logging_mixin.py:104} INFO - [2023-08-20 11:52:41,090] {dag.py:2280} INFO - Setting next_dagrun for example_kubernetes_executor_config to None
[2023-08-20 11:52:41,105] {scheduler_job.py:190} INFO - Processing /home/airflow/.local/lib/python3.6/site-packages/airflow/example_dags/example_kubernetes_executor_config.py took 0.098 seconds
[2023-08-20 11:53:11,917] {scheduler_job.py:182} INFO - Started process (PID=716) to work on /home/airflow/.local/lib/python3.6/site-packages/airflow/example_dags/example_kubernetes_executor_config.py
[2023-08-20 11:53:11,925] {scheduler_job.py:629} INFO - Processing file /home/airflow/.local/lib/python3.6/site-packages/airflow/example_dags/example_kubernetes_executor_config.py for tasks to queue
[2023-08-20 11:53:11,928] {logging_mixin.py:104} INFO - [2023-08-20 11:53:11,928] {dagbag.py:451} INFO - Filling up the DagBag from /home/airflow/.local/lib/python3.6/site-packages/airflow/example_dags/example_kubernetes_executor_config.py
[2023-08-20 11:53:11,948] {scheduler_job.py:639} INFO - DAG(s) dict_keys(['example_kubernetes_executor_config']) retrieved from /home/airflow/.local/lib/python3.6/site-packages/airflow/example_dags/example_kubernetes_executor_config.py
[2023-08-20 11:53:11,977] {logging_mixin.py:104} INFO - [2023-08-20 11:53:11,976] {dag.py:1824} INFO - Sync 1 DAGs
[2023-08-20 11:53:11,996] {logging_mixin.py:104} INFO - [2023-08-20 11:53:11,996] {dag.py:2280} INFO - Setting next_dagrun for example_kubernetes_executor_config to None
[2023-08-20 11:53:12,011] {scheduler_job.py:190} INFO - Processing /home/airflow/.local/lib/python3.6/site-packages/airflow/example_dags/example_kubernetes_executor_config.py took 0.098 seconds
[2023-08-20 11:53:42,793] {scheduler_job.py:182} INFO - Started process (PID=742) to work on /home/airflow/.local/lib/python3.6/site-packages/airflow/example_dags/example_kubernetes_executor_config.py
[2023-08-20 11:53:42,797] {scheduler_job.py:629} INFO - Processing file /home/airflow/.local/lib/python3.6/site-packages/airflow/example_dags/example_kubernetes_executor_config.py for tasks to queue
[2023-08-20 11:53:42,799] {logging_mixin.py:104} INFO - [2023-08-20 11:53:42,799] {dagbag.py:451} INFO - Filling up the DagBag from /home/airflow/.local/lib/python3.6/site-packages/airflow/example_dags/example_kubernetes_executor_config.py
[2023-08-20 11:53:42,819] {scheduler_job.py:639} INFO - DAG(s) dict_keys(['example_kubernetes_executor_config']) retrieved from /home/airflow/.local/lib/python3.6/site-packages/airflow/example_dags/example_kubernetes_executor_config.py
[2023-08-20 11:53:42,848] {logging_mixin.py:104} INFO - [2023-08-20 11:53:42,848] {dag.py:1824} INFO - Sync 1 DAGs
[2023-08-20 11:53:42,866] {logging_mixin.py:104} INFO - [2023-08-20 11:53:42,866] {dag.py:2280} INFO - Setting next_dagrun for example_kubernetes_executor_config to None
[2023-08-20 11:53:42,883] {scheduler_job.py:190} INFO - Processing /home/airflow/.local/lib/python3.6/site-packages/airflow/example_dags/example_kubernetes_executor_config.py took 0.094 seconds
[2023-08-20 11:54:13,749] {scheduler_job.py:182} INFO - Started process (PID=768) to work on /home/airflow/.local/lib/python3.6/site-packages/airflow/example_dags/example_kubernetes_executor_config.py
[2023-08-20 11:54:13,751] {scheduler_job.py:629} INFO - Processing file /home/airflow/.local/lib/python3.6/site-packages/airflow/example_dags/example_kubernetes_executor_config.py for tasks to queue
[2023-08-20 11:54:13,753] {logging_mixin.py:104} INFO - [2023-08-20 11:54:13,753] {dagbag.py:451} INFO - Filling up the DagBag from /home/airflow/.local/lib/python3.6/site-packages/airflow/example_dags/example_kubernetes_executor_config.py
[2023-08-20 11:54:13,772] {scheduler_job.py:639} INFO - DAG(s) dict_keys(['example_kubernetes_executor_config']) retrieved from /home/airflow/.local/lib/python3.6/site-packages/airflow/example_dags/example_kubernetes_executor_config.py
[2023-08-20 11:54:13,800] {logging_mixin.py:104} INFO - [2023-08-20 11:54:13,800] {dag.py:1824} INFO - Sync 1 DAGs
[2023-08-20 11:54:13,817] {logging_mixin.py:104} INFO - [2023-08-20 11:54:13,817] {dag.py:2280} INFO - Setting next_dagrun for example_kubernetes_executor_config to None
[2023-08-20 11:54:13,829] {scheduler_job.py:190} INFO - Processing /home/airflow/.local/lib/python3.6/site-packages/airflow/example_dags/example_kubernetes_executor_config.py took 0.085 seconds
[2023-08-20 11:54:44,587] {scheduler_job.py:182} INFO - Started process (PID=794) to work on /home/airflow/.local/lib/python3.6/site-packages/airflow/example_dags/example_kubernetes_executor_config.py
[2023-08-20 11:54:44,589] {scheduler_job.py:629} INFO - Processing file /home/airflow/.local/lib/python3.6/site-packages/airflow/example_dags/example_kubernetes_executor_config.py for tasks to queue
[2023-08-20 11:54:44,591] {logging_mixin.py:104} INFO - [2023-08-20 11:54:44,591] {dagbag.py:451} INFO - Filling up the DagBag from /home/airflow/.local/lib/python3.6/site-packages/airflow/example_dags/example_kubernetes_executor_config.py
[2023-08-20 11:54:44,613] {scheduler_job.py:639} INFO - DAG(s) dict_keys(['example_kubernetes_executor_config']) retrieved from /home/airflow/.local/lib/python3.6/site-packages/airflow/example_dags/example_kubernetes_executor_config.py
[2023-08-20 11:54:44,647] {logging_mixin.py:104} INFO - [2023-08-20 11:54:44,647] {dag.py:1824} INFO - Sync 1 DAGs
[2023-08-20 11:54:44,671] {logging_mixin.py:104} INFO - [2023-08-20 11:54:44,671] {dag.py:2280} INFO - Setting next_dagrun for example_kubernetes_executor_config to None
[2023-08-20 11:54:44,686] {scheduler_job.py:190} INFO - Processing /home/airflow/.local/lib/python3.6/site-packages/airflow/example_dags/example_kubernetes_executor_config.py took 0.103 seconds
[2023-08-20 11:55:15,191] {scheduler_job.py:182} INFO - Started process (PID=820) to work on /home/airflow/.local/lib/python3.6/site-packages/airflow/example_dags/example_kubernetes_executor_config.py
[2023-08-20 11:55:15,194] {scheduler_job.py:629} INFO - Processing file /home/airflow/.local/lib/python3.6/site-packages/airflow/example_dags/example_kubernetes_executor_config.py for tasks to queue
[2023-08-20 11:55:15,195] {logging_mixin.py:104} INFO - [2023-08-20 11:55:15,195] {dagbag.py:451} INFO - Filling up the DagBag from /home/airflow/.local/lib/python3.6/site-packages/airflow/example_dags/example_kubernetes_executor_config.py
[2023-08-20 11:55:15,217] {scheduler_job.py:639} INFO - DAG(s) dict_keys(['example_kubernetes_executor_config']) retrieved from /home/airflow/.local/lib/python3.6/site-packages/airflow/example_dags/example_kubernetes_executor_config.py
[2023-08-20 11:55:15,253] {logging_mixin.py:104} INFO - [2023-08-20 11:55:15,253] {dag.py:1824} INFO - Sync 1 DAGs
[2023-08-20 11:55:15,272] {logging_mixin.py:104} INFO - [2023-08-20 11:55:15,272] {dag.py:2280} INFO - Setting next_dagrun for example_kubernetes_executor_config to None
[2023-08-20 11:55:15,284] {scheduler_job.py:190} INFO - Processing /home/airflow/.local/lib/python3.6/site-packages/airflow/example_dags/example_kubernetes_executor_config.py took 0.097 seconds
[2023-08-20 11:55:45,941] {scheduler_job.py:182} INFO - Started process (PID=846) to work on /home/airflow/.local/lib/python3.6/site-packages/airflow/example_dags/example_kubernetes_executor_config.py
[2023-08-20 11:55:45,944] {scheduler_job.py:629} INFO - Processing file /home/airflow/.local/lib/python3.6/site-packages/airflow/example_dags/example_kubernetes_executor_config.py for tasks to queue
[2023-08-20 11:55:45,946] {logging_mixin.py:104} INFO - [2023-08-20 11:55:45,946] {dagbag.py:451} INFO - Filling up the DagBag from /home/airflow/.local/lib/python3.6/site-packages/airflow/example_dags/example_kubernetes_executor_config.py
[2023-08-20 11:55:45,964] {scheduler_job.py:639} INFO - DAG(s) dict_keys(['example_kubernetes_executor_config']) retrieved from /home/airflow/.local/lib/python3.6/site-packages/airflow/example_dags/example_kubernetes_executor_config.py
[2023-08-20 11:55:45,991] {logging_mixin.py:104} INFO - [2023-08-20 11:55:45,991] {dag.py:1824} INFO - Sync 1 DAGs
[2023-08-20 11:55:46,010] {logging_mixin.py:104} INFO - [2023-08-20 11:55:46,010] {dag.py:2280} INFO - Setting next_dagrun for example_kubernetes_executor_config to None
[2023-08-20 11:55:46,027] {scheduler_job.py:190} INFO - Processing /home/airflow/.local/lib/python3.6/site-packages/airflow/example_dags/example_kubernetes_executor_config.py took 0.091 seconds
[2023-08-20 11:56:16,457] {scheduler_job.py:182} INFO - Started process (PID=872) to work on /home/airflow/.local/lib/python3.6/site-packages/airflow/example_dags/example_kubernetes_executor_config.py
[2023-08-20 11:56:16,460] {scheduler_job.py:629} INFO - Processing file /home/airflow/.local/lib/python3.6/site-packages/airflow/example_dags/example_kubernetes_executor_config.py for tasks to queue
[2023-08-20 11:56:16,462] {logging_mixin.py:104} INFO - [2023-08-20 11:56:16,462] {dagbag.py:451} INFO - Filling up the DagBag from /home/airflow/.local/lib/python3.6/site-packages/airflow/example_dags/example_kubernetes_executor_config.py
[2023-08-20 11:56:16,483] {scheduler_job.py:639} INFO - DAG(s) dict_keys(['example_kubernetes_executor_config']) retrieved from /home/airflow/.local/lib/python3.6/site-packages/airflow/example_dags/example_kubernetes_executor_config.py
[2023-08-20 11:56:16,511] {logging_mixin.py:104} INFO - [2023-08-20 11:56:16,511] {dag.py:1824} INFO - Sync 1 DAGs
[2023-08-20 11:56:16,532] {logging_mixin.py:104} INFO - [2023-08-20 11:56:16,532] {dag.py:2280} INFO - Setting next_dagrun for example_kubernetes_executor_config to None
[2023-08-20 11:56:16,549] {scheduler_job.py:190} INFO - Processing /home/airflow/.local/lib/python3.6/site-packages/airflow/example_dags/example_kubernetes_executor_config.py took 0.096 seconds
[2023-08-20 11:56:47,119] {scheduler_job.py:182} INFO - Started process (PID=898) to work on /home/airflow/.local/lib/python3.6/site-packages/airflow/example_dags/example_kubernetes_executor_config.py
[2023-08-20 11:56:47,121] {scheduler_job.py:629} INFO - Processing file /home/airflow/.local/lib/python3.6/site-packages/airflow/example_dags/example_kubernetes_executor_config.py for tasks to queue
[2023-08-20 11:56:47,123] {logging_mixin.py:104} INFO - [2023-08-20 11:56:47,123] {dagbag.py:451} INFO - Filling up the DagBag from /home/airflow/.local/lib/python3.6/site-packages/airflow/example_dags/example_kubernetes_executor_config.py
[2023-08-20 11:56:47,139] {scheduler_job.py:639} INFO - DAG(s) dict_keys(['example_kubernetes_executor_config']) retrieved from /home/airflow/.local/lib/python3.6/site-packages/airflow/example_dags/example_kubernetes_executor_config.py
[2023-08-20 11:56:47,177] {logging_mixin.py:104} INFO - [2023-08-20 11:56:47,176] {dag.py:1824} INFO - Sync 1 DAGs
[2023-08-20 11:56:47,196] {logging_mixin.py:104} INFO - [2023-08-20 11:56:47,195] {dag.py:2280} INFO - Setting next_dagrun for example_kubernetes_executor_config to None
[2023-08-20 11:56:47,209] {scheduler_job.py:190} INFO - Processing /home/airflow/.local/lib/python3.6/site-packages/airflow/example_dags/example_kubernetes_executor_config.py took 0.092 seconds
[2023-08-20 11:57:17,729] {scheduler_job.py:182} INFO - Started process (PID=924) to work on /home/airflow/.local/lib/python3.6/site-packages/airflow/example_dags/example_kubernetes_executor_config.py
[2023-08-20 11:57:17,733] {scheduler_job.py:629} INFO - Processing file /home/airflow/.local/lib/python3.6/site-packages/airflow/example_dags/example_kubernetes_executor_config.py for tasks to queue
[2023-08-20 11:57:17,735] {logging_mixin.py:104} INFO - [2023-08-20 11:57:17,735] {dagbag.py:451} INFO - Filling up the DagBag from /home/airflow/.local/lib/python3.6/site-packages/airflow/example_dags/example_kubernetes_executor_config.py
[2023-08-20 11:57:17,762] {scheduler_job.py:639} INFO - DAG(s) dict_keys(['example_kubernetes_executor_config']) retrieved from /home/airflow/.local/lib/python3.6/site-packages/airflow/example_dags/example_kubernetes_executor_config.py
[2023-08-20 11:57:17,811] {logging_mixin.py:104} INFO - [2023-08-20 11:57:17,811] {dag.py:1824} INFO - Sync 1 DAGs
[2023-08-20 11:57:17,829] {logging_mixin.py:104} INFO - [2023-08-20 11:57:17,828] {dag.py:2280} INFO - Setting next_dagrun for example_kubernetes_executor_config to None
[2023-08-20 11:57:17,846] {scheduler_job.py:190} INFO - Processing /home/airflow/.local/lib/python3.6/site-packages/airflow/example_dags/example_kubernetes_executor_config.py took 0.121 seconds
[2023-08-20 11:57:48,348] {scheduler_job.py:182} INFO - Started process (PID=950) to work on /home/airflow/.local/lib/python3.6/site-packages/airflow/example_dags/example_kubernetes_executor_config.py
[2023-08-20 11:57:48,354] {scheduler_job.py:629} INFO - Processing file /home/airflow/.local/lib/python3.6/site-packages/airflow/example_dags/example_kubernetes_executor_config.py for tasks to queue
[2023-08-20 11:57:48,355] {logging_mixin.py:104} INFO - [2023-08-20 11:57:48,355] {dagbag.py:451} INFO - Filling up the DagBag from /home/airflow/.local/lib/python3.6/site-packages/airflow/example_dags/example_kubernetes_executor_config.py
[2023-08-20 11:57:48,375] {scheduler_job.py:639} INFO - DAG(s) dict_keys(['example_kubernetes_executor_config']) retrieved from /home/airflow/.local/lib/python3.6/site-packages/airflow/example_dags/example_kubernetes_executor_config.py
[2023-08-20 11:57:48,403] {logging_mixin.py:104} INFO - [2023-08-20 11:57:48,403] {dag.py:1824} INFO - Sync 1 DAGs
[2023-08-20 11:57:48,423] {logging_mixin.py:104} INFO - [2023-08-20 11:57:48,423] {dag.py:2280} INFO - Setting next_dagrun for example_kubernetes_executor_config to None
[2023-08-20 11:57:48,439] {scheduler_job.py:190} INFO - Processing /home/airflow/.local/lib/python3.6/site-packages/airflow/example_dags/example_kubernetes_executor_config.py took 0.094 seconds
[2023-08-20 11:58:18,845] {scheduler_job.py:182} INFO - Started process (PID=976) to work on /home/airflow/.local/lib/python3.6/site-packages/airflow/example_dags/example_kubernetes_executor_config.py
[2023-08-20 11:58:18,848] {scheduler_job.py:629} INFO - Processing file /home/airflow/.local/lib/python3.6/site-packages/airflow/example_dags/example_kubernetes_executor_config.py for tasks to queue
[2023-08-20 11:58:18,850] {logging_mixin.py:104} INFO - [2023-08-20 11:58:18,850] {dagbag.py:451} INFO - Filling up the DagBag from /home/airflow/.local/lib/python3.6/site-packages/airflow/example_dags/example_kubernetes_executor_config.py
[2023-08-20 11:58:18,867] {scheduler_job.py:639} INFO - DAG(s) dict_keys(['example_kubernetes_executor_config']) retrieved from /home/airflow/.local/lib/python3.6/site-packages/airflow/example_dags/example_kubernetes_executor_config.py
[2023-08-20 11:58:18,893] {logging_mixin.py:104} INFO - [2023-08-20 11:58:18,893] {dag.py:1824} INFO - Sync 1 DAGs
[2023-08-20 11:58:18,913] {logging_mixin.py:104} INFO - [2023-08-20 11:58:18,913] {dag.py:2280} INFO - Setting next_dagrun for example_kubernetes_executor_config to None
[2023-08-20 11:58:18,929] {scheduler_job.py:190} INFO - Processing /home/airflow/.local/lib/python3.6/site-packages/airflow/example_dags/example_kubernetes_executor_config.py took 0.088 seconds
[2023-08-20 11:58:49,393] {scheduler_job.py:182} INFO - Started process (PID=1002) to work on /home/airflow/.local/lib/python3.6/site-packages/airflow/example_dags/example_kubernetes_executor_config.py
[2023-08-20 11:58:49,396] {scheduler_job.py:629} INFO - Processing file /home/airflow/.local/lib/python3.6/site-packages/airflow/example_dags/example_kubernetes_executor_config.py for tasks to queue
[2023-08-20 11:58:49,397] {logging_mixin.py:104} INFO - [2023-08-20 11:58:49,397] {dagbag.py:451} INFO - Filling up the DagBag from /home/airflow/.local/lib/python3.6/site-packages/airflow/example_dags/example_kubernetes_executor_config.py
[2023-08-20 11:58:49,418] {scheduler_job.py:639} INFO - DAG(s) dict_keys(['example_kubernetes_executor_config']) retrieved from /home/airflow/.local/lib/python3.6/site-packages/airflow/example_dags/example_kubernetes_executor_config.py
[2023-08-20 11:58:49,447] {logging_mixin.py:104} INFO - [2023-08-20 11:58:49,447] {dag.py:1824} INFO - Sync 1 DAGs
[2023-08-20 11:58:49,465] {logging_mixin.py:104} INFO - [2023-08-20 11:58:49,465] {dag.py:2280} INFO - Setting next_dagrun for example_kubernetes_executor_config to None
[2023-08-20 11:58:49,481] {scheduler_job.py:190} INFO - Processing /home/airflow/.local/lib/python3.6/site-packages/airflow/example_dags/example_kubernetes_executor_config.py took 0.092 seconds
[2023-08-20 11:59:20,045] {scheduler_job.py:182} INFO - Started process (PID=1028) to work on /home/airflow/.local/lib/python3.6/site-packages/airflow/example_dags/example_kubernetes_executor_config.py
[2023-08-20 11:59:20,047] {scheduler_job.py:629} INFO - Processing file /home/airflow/.local/lib/python3.6/site-packages/airflow/example_dags/example_kubernetes_executor_config.py for tasks to queue
[2023-08-20 11:59:20,049] {logging_mixin.py:104} INFO - [2023-08-20 11:59:20,049] {dagbag.py:451} INFO - Filling up the DagBag from /home/airflow/.local/lib/python3.6/site-packages/airflow/example_dags/example_kubernetes_executor_config.py
[2023-08-20 11:59:20,074] {scheduler_job.py:639} INFO - DAG(s) dict_keys(['example_kubernetes_executor_config']) retrieved from /home/airflow/.local/lib/python3.6/site-packages/airflow/example_dags/example_kubernetes_executor_config.py
[2023-08-20 11:59:20,117] {logging_mixin.py:104} INFO - [2023-08-20 11:59:20,116] {dag.py:1824} INFO - Sync 1 DAGs
[2023-08-20 11:59:20,142] {logging_mixin.py:104} INFO - [2023-08-20 11:59:20,142] {dag.py:2280} INFO - Setting next_dagrun for example_kubernetes_executor_config to None
[2023-08-20 11:59:20,158] {scheduler_job.py:190} INFO - Processing /home/airflow/.local/lib/python3.6/site-packages/airflow/example_dags/example_kubernetes_executor_config.py took 0.130 seconds
[2023-08-20 11:59:50,794] {scheduler_job.py:182} INFO - Started process (PID=1054) to work on /home/airflow/.local/lib/python3.6/site-packages/airflow/example_dags/example_kubernetes_executor_config.py
[2023-08-20 11:59:50,798] {scheduler_job.py:629} INFO - Processing file /home/airflow/.local/lib/python3.6/site-packages/airflow/example_dags/example_kubernetes_executor_config.py for tasks to queue
[2023-08-20 11:59:50,804] {logging_mixin.py:104} INFO - [2023-08-20 11:59:50,804] {dagbag.py:451} INFO - Filling up the DagBag from /home/airflow/.local/lib/python3.6/site-packages/airflow/example_dags/example_kubernetes_executor_config.py
[2023-08-20 11:59:50,827] {scheduler_job.py:639} INFO - DAG(s) dict_keys(['example_kubernetes_executor_config']) retrieved from /home/airflow/.local/lib/python3.6/site-packages/airflow/example_dags/example_kubernetes_executor_config.py
[2023-08-20 11:59:50,854] {logging_mixin.py:104} INFO - [2023-08-20 11:59:50,854] {dag.py:1824} INFO - Sync 1 DAGs
[2023-08-20 11:59:50,872] {logging_mixin.py:104} INFO - [2023-08-20 11:59:50,871] {dag.py:2280} INFO - Setting next_dagrun for example_kubernetes_executor_config to None
[2023-08-20 11:59:50,884] {scheduler_job.py:190} INFO - Processing /home/airflow/.local/lib/python3.6/site-packages/airflow/example_dags/example_kubernetes_executor_config.py took 0.095 seconds
[2023-08-20 12:00:21,556] {scheduler_job.py:182} INFO - Started process (PID=1080) to work on /home/airflow/.local/lib/python3.6/site-packages/airflow/example_dags/example_kubernetes_executor_config.py
[2023-08-20 12:00:21,559] {scheduler_job.py:629} INFO - Processing file /home/airflow/.local/lib/python3.6/site-packages/airflow/example_dags/example_kubernetes_executor_config.py for tasks to queue
[2023-08-20 12:00:21,561] {logging_mixin.py:104} INFO - [2023-08-20 12:00:21,561] {dagbag.py:451} INFO - Filling up the DagBag from /home/airflow/.local/lib/python3.6/site-packages/airflow/example_dags/example_kubernetes_executor_config.py
[2023-08-20 12:00:21,588] {scheduler_job.py:639} INFO - DAG(s) dict_keys(['example_kubernetes_executor_config']) retrieved from /home/airflow/.local/lib/python3.6/site-packages/airflow/example_dags/example_kubernetes_executor_config.py
[2023-08-20 12:00:21,618] {logging_mixin.py:104} INFO - [2023-08-20 12:00:21,618] {dag.py:1824} INFO - Sync 1 DAGs
[2023-08-20 12:00:21,637] {logging_mixin.py:104} INFO - [2023-08-20 12:00:21,637] {dag.py:2280} INFO - Setting next_dagrun for example_kubernetes_executor_config to None
[2023-08-20 12:00:21,655] {scheduler_job.py:190} INFO - Processing /home/airflow/.local/lib/python3.6/site-packages/airflow/example_dags/example_kubernetes_executor_config.py took 0.104 seconds
[2023-08-20 12:00:52,130] {scheduler_job.py:182} INFO - Started process (PID=1106) to work on /home/airflow/.local/lib/python3.6/site-packages/airflow/example_dags/example_kubernetes_executor_config.py
[2023-08-20 12:00:52,136] {scheduler_job.py:629} INFO - Processing file /home/airflow/.local/lib/python3.6/site-packages/airflow/example_dags/example_kubernetes_executor_config.py for tasks to queue
[2023-08-20 12:00:52,139] {logging_mixin.py:104} INFO - [2023-08-20 12:00:52,139] {dagbag.py:451} INFO - Filling up the DagBag from /home/airflow/.local/lib/python3.6/site-packages/airflow/example_dags/example_kubernetes_executor_config.py
[2023-08-20 12:00:52,157] {scheduler_job.py:639} INFO - DAG(s) dict_keys(['example_kubernetes_executor_config']) retrieved from /home/airflow/.local/lib/python3.6/site-packages/airflow/example_dags/example_kubernetes_executor_config.py
[2023-08-20 12:00:52,184] {logging_mixin.py:104} INFO - [2023-08-20 12:00:52,184] {dag.py:1824} INFO - Sync 1 DAGs
[2023-08-20 12:00:52,200] {logging_mixin.py:104} INFO - [2023-08-20 12:00:52,200] {dag.py:2280} INFO - Setting next_dagrun for example_kubernetes_executor_config to None
[2023-08-20 12:00:52,212] {scheduler_job.py:190} INFO - Processing /home/airflow/.local/lib/python3.6/site-packages/airflow/example_dags/example_kubernetes_executor_config.py took 0.086 seconds
[2023-08-20 12:01:22,656] {scheduler_job.py:182} INFO - Started process (PID=1132) to work on /home/airflow/.local/lib/python3.6/site-packages/airflow/example_dags/example_kubernetes_executor_config.py
[2023-08-20 12:01:22,659] {scheduler_job.py:629} INFO - Processing file /home/airflow/.local/lib/python3.6/site-packages/airflow/example_dags/example_kubernetes_executor_config.py for tasks to queue
[2023-08-20 12:01:22,661] {logging_mixin.py:104} INFO - [2023-08-20 12:01:22,661] {dagbag.py:451} INFO - Filling up the DagBag from /home/airflow/.local/lib/python3.6/site-packages/airflow/example_dags/example_kubernetes_executor_config.py
[2023-08-20 12:01:22,686] {scheduler_job.py:639} INFO - DAG(s) dict_keys(['example_kubernetes_executor_config']) retrieved from /home/airflow/.local/lib/python3.6/site-packages/airflow/example_dags/example_kubernetes_executor_config.py
[2023-08-20 12:01:22,718] {logging_mixin.py:104} INFO - [2023-08-20 12:01:22,718] {dag.py:1824} INFO - Sync 1 DAGs
[2023-08-20 12:01:22,738] {logging_mixin.py:104} INFO - [2023-08-20 12:01:22,737] {dag.py:2280} INFO - Setting next_dagrun for example_kubernetes_executor_config to None
[2023-08-20 12:01:22,837] {scheduler_job.py:190} INFO - Processing /home/airflow/.local/lib/python3.6/site-packages/airflow/example_dags/example_kubernetes_executor_config.py took 0.185 seconds
