[2023-08-20T17:37:40.421+0000] {processor.py:157} INFO - Started process (PID=65) to work on /home/airflow/.local/lib/python3.8/site-packages/airflow/example_dags/example_branch_day_of_week_operator.py
[2023-08-20T17:37:40.423+0000] {processor.py:829} INFO - Processing file /home/airflow/.local/lib/python3.8/site-packages/airflow/example_dags/example_branch_day_of_week_operator.py for tasks to queue
[2023-08-20T17:37:40.425+0000] {logging_mixin.py:151} INFO - [2023-08-20T17:37:40.425+0000] {dagbag.py:539} INFO - Filling up the DagBag from /home/airflow/.local/lib/python3.8/site-packages/airflow/example_dags/example_branch_day_of_week_operator.py
[2023-08-20T17:37:40.443+0000] {processor.py:839} INFO - DAG(s) dict_keys(['example_weekday_branch_operator']) retrieved from /home/airflow/.local/lib/python3.8/site-packages/airflow/example_dags/example_branch_day_of_week_operator.py
[2023-08-20T17:37:40.463+0000] {logging_mixin.py:151} INFO - [2023-08-20T17:37:40.463+0000] {dag.py:2907} INFO - Sync 1 DAGs
[2023-08-20T17:37:40.498+0000] {logging_mixin.py:151} INFO - [2023-08-20T17:37:40.498+0000] {dag.py:3677} INFO - Setting next_dagrun for example_weekday_branch_operator to 2023-08-19T00:00:00+00:00, run_after=2023-08-20T00:00:00+00:00
[2023-08-20T17:37:40.526+0000] {processor.py:179} INFO - Processing /home/airflow/.local/lib/python3.8/site-packages/airflow/example_dags/example_branch_day_of_week_operator.py took 0.108 seconds
[2023-08-20T17:38:11.167+0000] {processor.py:157} INFO - Started process (PID=119) to work on /home/airflow/.local/lib/python3.8/site-packages/airflow/example_dags/example_branch_day_of_week_operator.py
[2023-08-20T17:38:11.168+0000] {processor.py:829} INFO - Processing file /home/airflow/.local/lib/python3.8/site-packages/airflow/example_dags/example_branch_day_of_week_operator.py for tasks to queue
[2023-08-20T17:38:11.171+0000] {logging_mixin.py:151} INFO - [2023-08-20T17:38:11.171+0000] {dagbag.py:539} INFO - Filling up the DagBag from /home/airflow/.local/lib/python3.8/site-packages/airflow/example_dags/example_branch_day_of_week_operator.py
[2023-08-20T17:38:11.184+0000] {processor.py:839} INFO - DAG(s) dict_keys(['example_weekday_branch_operator']) retrieved from /home/airflow/.local/lib/python3.8/site-packages/airflow/example_dags/example_branch_day_of_week_operator.py
[2023-08-20T17:38:11.220+0000] {logging_mixin.py:151} INFO - [2023-08-20T17:38:11.220+0000] {dag.py:2907} INFO - Sync 1 DAGs
[2023-08-20T17:38:11.253+0000] {logging_mixin.py:151} INFO - [2023-08-20T17:38:11.253+0000] {dag.py:3677} INFO - Setting next_dagrun for example_weekday_branch_operator to 2023-08-19T00:00:00+00:00, run_after=2023-08-20T00:00:00+00:00
[2023-08-20T17:38:11.283+0000] {processor.py:179} INFO - Processing /home/airflow/.local/lib/python3.8/site-packages/airflow/example_dags/example_branch_day_of_week_operator.py took 0.120 seconds
[2023-08-20T17:38:41.781+0000] {processor.py:157} INFO - Started process (PID=173) to work on /home/airflow/.local/lib/python3.8/site-packages/airflow/example_dags/example_branch_day_of_week_operator.py
[2023-08-20T17:38:41.783+0000] {processor.py:829} INFO - Processing file /home/airflow/.local/lib/python3.8/site-packages/airflow/example_dags/example_branch_day_of_week_operator.py for tasks to queue
[2023-08-20T17:38:41.786+0000] {logging_mixin.py:151} INFO - [2023-08-20T17:38:41.785+0000] {dagbag.py:539} INFO - Filling up the DagBag from /home/airflow/.local/lib/python3.8/site-packages/airflow/example_dags/example_branch_day_of_week_operator.py
[2023-08-20T17:38:41.796+0000] {processor.py:839} INFO - DAG(s) dict_keys(['example_weekday_branch_operator']) retrieved from /home/airflow/.local/lib/python3.8/site-packages/airflow/example_dags/example_branch_day_of_week_operator.py
[2023-08-20T17:38:41.827+0000] {logging_mixin.py:151} INFO - [2023-08-20T17:38:41.827+0000] {dag.py:2907} INFO - Sync 1 DAGs
[2023-08-20T17:38:41.866+0000] {logging_mixin.py:151} INFO - [2023-08-20T17:38:41.865+0000] {dag.py:3677} INFO - Setting next_dagrun for example_weekday_branch_operator to 2023-08-19T00:00:00+00:00, run_after=2023-08-20T00:00:00+00:00
[2023-08-20T17:38:41.893+0000] {processor.py:179} INFO - Processing /home/airflow/.local/lib/python3.8/site-packages/airflow/example_dags/example_branch_day_of_week_operator.py took 0.116 seconds
[2023-08-20T17:39:11.973+0000] {processor.py:157} INFO - Started process (PID=227) to work on /home/airflow/.local/lib/python3.8/site-packages/airflow/example_dags/example_branch_day_of_week_operator.py
[2023-08-20T17:39:11.975+0000] {processor.py:829} INFO - Processing file /home/airflow/.local/lib/python3.8/site-packages/airflow/example_dags/example_branch_day_of_week_operator.py for tasks to queue
[2023-08-20T17:39:11.978+0000] {logging_mixin.py:151} INFO - [2023-08-20T17:39:11.978+0000] {dagbag.py:539} INFO - Filling up the DagBag from /home/airflow/.local/lib/python3.8/site-packages/airflow/example_dags/example_branch_day_of_week_operator.py
[2023-08-20T17:39:11.991+0000] {processor.py:839} INFO - DAG(s) dict_keys(['example_weekday_branch_operator']) retrieved from /home/airflow/.local/lib/python3.8/site-packages/airflow/example_dags/example_branch_day_of_week_operator.py
[2023-08-20T17:39:12.021+0000] {logging_mixin.py:151} INFO - [2023-08-20T17:39:12.021+0000] {dag.py:2907} INFO - Sync 1 DAGs
[2023-08-20T17:39:12.053+0000] {logging_mixin.py:151} INFO - [2023-08-20T17:39:12.052+0000] {dag.py:3677} INFO - Setting next_dagrun for example_weekday_branch_operator to 2023-08-19T00:00:00+00:00, run_after=2023-08-20T00:00:00+00:00
[2023-08-20T17:39:12.081+0000] {processor.py:179} INFO - Processing /home/airflow/.local/lib/python3.8/site-packages/airflow/example_dags/example_branch_day_of_week_operator.py took 0.114 seconds
[2023-08-20T17:39:42.123+0000] {processor.py:157} INFO - Started process (PID=280) to work on /home/airflow/.local/lib/python3.8/site-packages/airflow/example_dags/example_branch_day_of_week_operator.py
[2023-08-20T17:39:42.125+0000] {processor.py:829} INFO - Processing file /home/airflow/.local/lib/python3.8/site-packages/airflow/example_dags/example_branch_day_of_week_operator.py for tasks to queue
[2023-08-20T17:39:42.128+0000] {logging_mixin.py:151} INFO - [2023-08-20T17:39:42.128+0000] {dagbag.py:539} INFO - Filling up the DagBag from /home/airflow/.local/lib/python3.8/site-packages/airflow/example_dags/example_branch_day_of_week_operator.py
[2023-08-20T17:39:42.141+0000] {processor.py:839} INFO - DAG(s) dict_keys(['example_weekday_branch_operator']) retrieved from /home/airflow/.local/lib/python3.8/site-packages/airflow/example_dags/example_branch_day_of_week_operator.py
[2023-08-20T17:39:42.159+0000] {logging_mixin.py:151} INFO - [2023-08-20T17:39:42.159+0000] {dag.py:2907} INFO - Sync 1 DAGs
[2023-08-20T17:39:42.196+0000] {logging_mixin.py:151} INFO - [2023-08-20T17:39:42.196+0000] {dag.py:3677} INFO - Setting next_dagrun for example_weekday_branch_operator to 2023-08-19T00:00:00+00:00, run_after=2023-08-20T00:00:00+00:00
[2023-08-20T17:39:42.227+0000] {processor.py:179} INFO - Processing /home/airflow/.local/lib/python3.8/site-packages/airflow/example_dags/example_branch_day_of_week_operator.py took 0.109 seconds
[2023-08-20T17:40:12.832+0000] {processor.py:157} INFO - Started process (PID=335) to work on /home/airflow/.local/lib/python3.8/site-packages/airflow/example_dags/example_branch_day_of_week_operator.py
[2023-08-20T17:40:12.833+0000] {processor.py:829} INFO - Processing file /home/airflow/.local/lib/python3.8/site-packages/airflow/example_dags/example_branch_day_of_week_operator.py for tasks to queue
[2023-08-20T17:40:12.837+0000] {logging_mixin.py:151} INFO - [2023-08-20T17:40:12.837+0000] {dagbag.py:539} INFO - Filling up the DagBag from /home/airflow/.local/lib/python3.8/site-packages/airflow/example_dags/example_branch_day_of_week_operator.py
[2023-08-20T17:40:12.846+0000] {processor.py:839} INFO - DAG(s) dict_keys(['example_weekday_branch_operator']) retrieved from /home/airflow/.local/lib/python3.8/site-packages/airflow/example_dags/example_branch_day_of_week_operator.py
[2023-08-20T17:40:12.875+0000] {logging_mixin.py:151} INFO - [2023-08-20T17:40:12.875+0000] {dag.py:2907} INFO - Sync 1 DAGs
[2023-08-20T17:40:12.906+0000] {logging_mixin.py:151} INFO - [2023-08-20T17:40:12.905+0000] {dag.py:3677} INFO - Setting next_dagrun for example_weekday_branch_operator to 2023-08-19T00:00:00+00:00, run_after=2023-08-20T00:00:00+00:00
[2023-08-20T17:40:12.940+0000] {processor.py:179} INFO - Processing /home/airflow/.local/lib/python3.8/site-packages/airflow/example_dags/example_branch_day_of_week_operator.py took 0.113 seconds
[2023-08-20T17:40:43.808+0000] {processor.py:157} INFO - Started process (PID=389) to work on /home/airflow/.local/lib/python3.8/site-packages/airflow/example_dags/example_branch_day_of_week_operator.py
[2023-08-20T17:40:43.810+0000] {processor.py:829} INFO - Processing file /home/airflow/.local/lib/python3.8/site-packages/airflow/example_dags/example_branch_day_of_week_operator.py for tasks to queue
[2023-08-20T17:40:43.813+0000] {logging_mixin.py:151} INFO - [2023-08-20T17:40:43.813+0000] {dagbag.py:539} INFO - Filling up the DagBag from /home/airflow/.local/lib/python3.8/site-packages/airflow/example_dags/example_branch_day_of_week_operator.py
[2023-08-20T17:40:43.823+0000] {processor.py:839} INFO - DAG(s) dict_keys(['example_weekday_branch_operator']) retrieved from /home/airflow/.local/lib/python3.8/site-packages/airflow/example_dags/example_branch_day_of_week_operator.py
[2023-08-20T17:40:43.852+0000] {logging_mixin.py:151} INFO - [2023-08-20T17:40:43.851+0000] {dag.py:2907} INFO - Sync 1 DAGs
[2023-08-20T17:40:43.884+0000] {logging_mixin.py:151} INFO - [2023-08-20T17:40:43.883+0000] {dag.py:3677} INFO - Setting next_dagrun for example_weekday_branch_operator to 2023-08-19T00:00:00+00:00, run_after=2023-08-20T00:00:00+00:00
[2023-08-20T17:40:43.911+0000] {processor.py:179} INFO - Processing /home/airflow/.local/lib/python3.8/site-packages/airflow/example_dags/example_branch_day_of_week_operator.py took 0.107 seconds
[2023-08-20T17:41:14.035+0000] {processor.py:157} INFO - Started process (PID=443) to work on /home/airflow/.local/lib/python3.8/site-packages/airflow/example_dags/example_branch_day_of_week_operator.py
[2023-08-20T17:41:14.037+0000] {processor.py:829} INFO - Processing file /home/airflow/.local/lib/python3.8/site-packages/airflow/example_dags/example_branch_day_of_week_operator.py for tasks to queue
[2023-08-20T17:41:14.040+0000] {logging_mixin.py:151} INFO - [2023-08-20T17:41:14.040+0000] {dagbag.py:539} INFO - Filling up the DagBag from /home/airflow/.local/lib/python3.8/site-packages/airflow/example_dags/example_branch_day_of_week_operator.py
[2023-08-20T17:41:14.052+0000] {processor.py:839} INFO - DAG(s) dict_keys(['example_weekday_branch_operator']) retrieved from /home/airflow/.local/lib/python3.8/site-packages/airflow/example_dags/example_branch_day_of_week_operator.py
[2023-08-20T17:41:14.080+0000] {logging_mixin.py:151} INFO - [2023-08-20T17:41:14.079+0000] {dag.py:2907} INFO - Sync 1 DAGs
[2023-08-20T17:41:14.113+0000] {logging_mixin.py:151} INFO - [2023-08-20T17:41:14.113+0000] {dag.py:3677} INFO - Setting next_dagrun for example_weekday_branch_operator to 2023-08-19T00:00:00+00:00, run_after=2023-08-20T00:00:00+00:00
[2023-08-20T17:41:14.140+0000] {processor.py:179} INFO - Processing /home/airflow/.local/lib/python3.8/site-packages/airflow/example_dags/example_branch_day_of_week_operator.py took 0.109 seconds
[2023-08-20T17:41:44.795+0000] {processor.py:157} INFO - Started process (PID=498) to work on /home/airflow/.local/lib/python3.8/site-packages/airflow/example_dags/example_branch_day_of_week_operator.py
[2023-08-20T17:41:44.797+0000] {processor.py:829} INFO - Processing file /home/airflow/.local/lib/python3.8/site-packages/airflow/example_dags/example_branch_day_of_week_operator.py for tasks to queue
[2023-08-20T17:41:44.800+0000] {logging_mixin.py:151} INFO - [2023-08-20T17:41:44.799+0000] {dagbag.py:539} INFO - Filling up the DagBag from /home/airflow/.local/lib/python3.8/site-packages/airflow/example_dags/example_branch_day_of_week_operator.py
[2023-08-20T17:41:44.812+0000] {processor.py:839} INFO - DAG(s) dict_keys(['example_weekday_branch_operator']) retrieved from /home/airflow/.local/lib/python3.8/site-packages/airflow/example_dags/example_branch_day_of_week_operator.py
[2023-08-20T17:41:44.838+0000] {logging_mixin.py:151} INFO - [2023-08-20T17:41:44.837+0000] {dag.py:2907} INFO - Sync 1 DAGs
[2023-08-20T17:41:44.867+0000] {logging_mixin.py:151} INFO - [2023-08-20T17:41:44.866+0000] {dag.py:3677} INFO - Setting next_dagrun for example_weekday_branch_operator to 2023-08-19T00:00:00+00:00, run_after=2023-08-20T00:00:00+00:00
[2023-08-20T17:41:44.893+0000] {processor.py:179} INFO - Processing /home/airflow/.local/lib/python3.8/site-packages/airflow/example_dags/example_branch_day_of_week_operator.py took 0.102 seconds
[2023-08-20T17:42:15.862+0000] {processor.py:157} INFO - Started process (PID=552) to work on /home/airflow/.local/lib/python3.8/site-packages/airflow/example_dags/example_branch_day_of_week_operator.py
[2023-08-20T17:42:15.864+0000] {processor.py:829} INFO - Processing file /home/airflow/.local/lib/python3.8/site-packages/airflow/example_dags/example_branch_day_of_week_operator.py for tasks to queue
[2023-08-20T17:42:15.869+0000] {logging_mixin.py:151} INFO - [2023-08-20T17:42:15.867+0000] {dagbag.py:539} INFO - Filling up the DagBag from /home/airflow/.local/lib/python3.8/site-packages/airflow/example_dags/example_branch_day_of_week_operator.py
[2023-08-20T17:42:15.884+0000] {processor.py:839} INFO - DAG(s) dict_keys(['example_weekday_branch_operator']) retrieved from /home/airflow/.local/lib/python3.8/site-packages/airflow/example_dags/example_branch_day_of_week_operator.py
[2023-08-20T17:42:15.915+0000] {logging_mixin.py:151} INFO - [2023-08-20T17:42:15.915+0000] {dag.py:2907} INFO - Sync 1 DAGs
[2023-08-20T17:42:15.958+0000] {logging_mixin.py:151} INFO - [2023-08-20T17:42:15.958+0000] {dag.py:3677} INFO - Setting next_dagrun for example_weekday_branch_operator to 2023-08-19T00:00:00+00:00, run_after=2023-08-20T00:00:00+00:00
[2023-08-20T17:42:15.989+0000] {processor.py:179} INFO - Processing /home/airflow/.local/lib/python3.8/site-packages/airflow/example_dags/example_branch_day_of_week_operator.py took 0.133 seconds
[2023-08-20T17:42:46.271+0000] {processor.py:157} INFO - Started process (PID=606) to work on /home/airflow/.local/lib/python3.8/site-packages/airflow/example_dags/example_branch_day_of_week_operator.py
[2023-08-20T17:42:46.279+0000] {processor.py:829} INFO - Processing file /home/airflow/.local/lib/python3.8/site-packages/airflow/example_dags/example_branch_day_of_week_operator.py for tasks to queue
[2023-08-20T17:42:46.283+0000] {logging_mixin.py:151} INFO - [2023-08-20T17:42:46.283+0000] {dagbag.py:539} INFO - Filling up the DagBag from /home/airflow/.local/lib/python3.8/site-packages/airflow/example_dags/example_branch_day_of_week_operator.py
[2023-08-20T17:42:46.315+0000] {processor.py:839} INFO - DAG(s) dict_keys(['example_weekday_branch_operator']) retrieved from /home/airflow/.local/lib/python3.8/site-packages/airflow/example_dags/example_branch_day_of_week_operator.py
[2023-08-20T17:42:46.425+0000] {logging_mixin.py:151} INFO - [2023-08-20T17:42:46.424+0000] {dag.py:2907} INFO - Sync 1 DAGs
[2023-08-20T17:42:46.461+0000] {logging_mixin.py:151} INFO - [2023-08-20T17:42:46.461+0000] {dag.py:3677} INFO - Setting next_dagrun for example_weekday_branch_operator to 2023-08-19T00:00:00+00:00, run_after=2023-08-20T00:00:00+00:00
[2023-08-20T17:42:46.494+0000] {processor.py:179} INFO - Processing /home/airflow/.local/lib/python3.8/site-packages/airflow/example_dags/example_branch_day_of_week_operator.py took 0.231 seconds
[2023-08-20T17:43:16.873+0000] {processor.py:157} INFO - Started process (PID=660) to work on /home/airflow/.local/lib/python3.8/site-packages/airflow/example_dags/example_branch_day_of_week_operator.py
[2023-08-20T17:43:16.875+0000] {processor.py:829} INFO - Processing file /home/airflow/.local/lib/python3.8/site-packages/airflow/example_dags/example_branch_day_of_week_operator.py for tasks to queue
[2023-08-20T17:43:16.878+0000] {logging_mixin.py:151} INFO - [2023-08-20T17:43:16.878+0000] {dagbag.py:539} INFO - Filling up the DagBag from /home/airflow/.local/lib/python3.8/site-packages/airflow/example_dags/example_branch_day_of_week_operator.py
[2023-08-20T17:43:16.891+0000] {processor.py:839} INFO - DAG(s) dict_keys(['example_weekday_branch_operator']) retrieved from /home/airflow/.local/lib/python3.8/site-packages/airflow/example_dags/example_branch_day_of_week_operator.py
[2023-08-20T17:43:16.930+0000] {logging_mixin.py:151} INFO - [2023-08-20T17:43:16.930+0000] {dag.py:2907} INFO - Sync 1 DAGs
[2023-08-20T17:43:16.966+0000] {logging_mixin.py:151} INFO - [2023-08-20T17:43:16.966+0000] {dag.py:3677} INFO - Setting next_dagrun for example_weekday_branch_operator to 2023-08-19T00:00:00+00:00, run_after=2023-08-20T00:00:00+00:00
[2023-08-20T17:43:17.000+0000] {processor.py:179} INFO - Processing /home/airflow/.local/lib/python3.8/site-packages/airflow/example_dags/example_branch_day_of_week_operator.py took 0.131 seconds
[2023-08-20T17:43:47.593+0000] {processor.py:157} INFO - Started process (PID=714) to work on /home/airflow/.local/lib/python3.8/site-packages/airflow/example_dags/example_branch_day_of_week_operator.py
[2023-08-20T17:43:47.595+0000] {processor.py:829} INFO - Processing file /home/airflow/.local/lib/python3.8/site-packages/airflow/example_dags/example_branch_day_of_week_operator.py for tasks to queue
[2023-08-20T17:43:47.599+0000] {logging_mixin.py:151} INFO - [2023-08-20T17:43:47.599+0000] {dagbag.py:539} INFO - Filling up the DagBag from /home/airflow/.local/lib/python3.8/site-packages/airflow/example_dags/example_branch_day_of_week_operator.py
[2023-08-20T17:43:47.615+0000] {processor.py:839} INFO - DAG(s) dict_keys(['example_weekday_branch_operator']) retrieved from /home/airflow/.local/lib/python3.8/site-packages/airflow/example_dags/example_branch_day_of_week_operator.py
[2023-08-20T17:43:47.647+0000] {logging_mixin.py:151} INFO - [2023-08-20T17:43:47.646+0000] {dag.py:2907} INFO - Sync 1 DAGs
[2023-08-20T17:43:47.687+0000] {logging_mixin.py:151} INFO - [2023-08-20T17:43:47.687+0000] {dag.py:3677} INFO - Setting next_dagrun for example_weekday_branch_operator to 2023-08-19T00:00:00+00:00, run_after=2023-08-20T00:00:00+00:00
[2023-08-20T17:43:47.721+0000] {processor.py:179} INFO - Processing /home/airflow/.local/lib/python3.8/site-packages/airflow/example_dags/example_branch_day_of_week_operator.py took 0.134 seconds
[2023-08-20T17:44:17.798+0000] {processor.py:157} INFO - Started process (PID=767) to work on /home/airflow/.local/lib/python3.8/site-packages/airflow/example_dags/example_branch_day_of_week_operator.py
[2023-08-20T17:44:17.800+0000] {processor.py:829} INFO - Processing file /home/airflow/.local/lib/python3.8/site-packages/airflow/example_dags/example_branch_day_of_week_operator.py for tasks to queue
[2023-08-20T17:44:17.804+0000] {logging_mixin.py:151} INFO - [2023-08-20T17:44:17.803+0000] {dagbag.py:539} INFO - Filling up the DagBag from /home/airflow/.local/lib/python3.8/site-packages/airflow/example_dags/example_branch_day_of_week_operator.py
[2023-08-20T17:44:17.814+0000] {processor.py:839} INFO - DAG(s) dict_keys(['example_weekday_branch_operator']) retrieved from /home/airflow/.local/lib/python3.8/site-packages/airflow/example_dags/example_branch_day_of_week_operator.py
[2023-08-20T17:44:17.841+0000] {logging_mixin.py:151} INFO - [2023-08-20T17:44:17.841+0000] {dag.py:2907} INFO - Sync 1 DAGs
[2023-08-20T17:44:17.869+0000] {logging_mixin.py:151} INFO - [2023-08-20T17:44:17.869+0000] {dag.py:3677} INFO - Setting next_dagrun for example_weekday_branch_operator to 2023-08-19T00:00:00+00:00, run_after=2023-08-20T00:00:00+00:00
[2023-08-20T17:44:17.904+0000] {processor.py:179} INFO - Processing /home/airflow/.local/lib/python3.8/site-packages/airflow/example_dags/example_branch_day_of_week_operator.py took 0.110 seconds
[2023-08-20T17:44:48.375+0000] {processor.py:157} INFO - Started process (PID=822) to work on /home/airflow/.local/lib/python3.8/site-packages/airflow/example_dags/example_branch_day_of_week_operator.py
[2023-08-20T17:44:48.376+0000] {processor.py:829} INFO - Processing file /home/airflow/.local/lib/python3.8/site-packages/airflow/example_dags/example_branch_day_of_week_operator.py for tasks to queue
[2023-08-20T17:44:48.379+0000] {logging_mixin.py:151} INFO - [2023-08-20T17:44:48.379+0000] {dagbag.py:539} INFO - Filling up the DagBag from /home/airflow/.local/lib/python3.8/site-packages/airflow/example_dags/example_branch_day_of_week_operator.py
[2023-08-20T17:44:48.392+0000] {processor.py:839} INFO - DAG(s) dict_keys(['example_weekday_branch_operator']) retrieved from /home/airflow/.local/lib/python3.8/site-packages/airflow/example_dags/example_branch_day_of_week_operator.py
[2023-08-20T17:44:48.419+0000] {logging_mixin.py:151} INFO - [2023-08-20T17:44:48.419+0000] {dag.py:2907} INFO - Sync 1 DAGs
[2023-08-20T17:44:48.450+0000] {logging_mixin.py:151} INFO - [2023-08-20T17:44:48.449+0000] {dag.py:3677} INFO - Setting next_dagrun for example_weekday_branch_operator to 2023-08-19T00:00:00+00:00, run_after=2023-08-20T00:00:00+00:00
[2023-08-20T17:44:48.476+0000] {processor.py:179} INFO - Processing /home/airflow/.local/lib/python3.8/site-packages/airflow/example_dags/example_branch_day_of_week_operator.py took 0.106 seconds
[2023-08-20T17:45:18.841+0000] {processor.py:157} INFO - Started process (PID=875) to work on /home/airflow/.local/lib/python3.8/site-packages/airflow/example_dags/example_branch_day_of_week_operator.py
[2023-08-20T17:45:18.843+0000] {processor.py:829} INFO - Processing file /home/airflow/.local/lib/python3.8/site-packages/airflow/example_dags/example_branch_day_of_week_operator.py for tasks to queue
[2023-08-20T17:45:18.846+0000] {logging_mixin.py:151} INFO - [2023-08-20T17:45:18.846+0000] {dagbag.py:539} INFO - Filling up the DagBag from /home/airflow/.local/lib/python3.8/site-packages/airflow/example_dags/example_branch_day_of_week_operator.py
[2023-08-20T17:45:18.857+0000] {processor.py:839} INFO - DAG(s) dict_keys(['example_weekday_branch_operator']) retrieved from /home/airflow/.local/lib/python3.8/site-packages/airflow/example_dags/example_branch_day_of_week_operator.py
[2023-08-20T17:45:18.889+0000] {logging_mixin.py:151} INFO - [2023-08-20T17:45:18.888+0000] {dag.py:2907} INFO - Sync 1 DAGs
[2023-08-20T17:45:18.927+0000] {logging_mixin.py:151} INFO - [2023-08-20T17:45:18.926+0000] {dag.py:3677} INFO - Setting next_dagrun for example_weekday_branch_operator to 2023-08-19T00:00:00+00:00, run_after=2023-08-20T00:00:00+00:00
[2023-08-20T17:45:18.953+0000] {processor.py:179} INFO - Processing /home/airflow/.local/lib/python3.8/site-packages/airflow/example_dags/example_branch_day_of_week_operator.py took 0.116 seconds
[2023-08-20T17:45:49.232+0000] {processor.py:157} INFO - Started process (PID=929) to work on /home/airflow/.local/lib/python3.8/site-packages/airflow/example_dags/example_branch_day_of_week_operator.py
[2023-08-20T17:45:49.234+0000] {processor.py:829} INFO - Processing file /home/airflow/.local/lib/python3.8/site-packages/airflow/example_dags/example_branch_day_of_week_operator.py for tasks to queue
[2023-08-20T17:45:49.237+0000] {logging_mixin.py:151} INFO - [2023-08-20T17:45:49.237+0000] {dagbag.py:539} INFO - Filling up the DagBag from /home/airflow/.local/lib/python3.8/site-packages/airflow/example_dags/example_branch_day_of_week_operator.py
[2023-08-20T17:45:49.247+0000] {processor.py:839} INFO - DAG(s) dict_keys(['example_weekday_branch_operator']) retrieved from /home/airflow/.local/lib/python3.8/site-packages/airflow/example_dags/example_branch_day_of_week_operator.py
[2023-08-20T17:45:49.278+0000] {logging_mixin.py:151} INFO - [2023-08-20T17:45:49.277+0000] {dag.py:2907} INFO - Sync 1 DAGs
[2023-08-20T17:45:49.314+0000] {logging_mixin.py:151} INFO - [2023-08-20T17:45:49.314+0000] {dag.py:3677} INFO - Setting next_dagrun for example_weekday_branch_operator to 2023-08-19T00:00:00+00:00, run_after=2023-08-20T00:00:00+00:00
[2023-08-20T17:45:49.345+0000] {processor.py:179} INFO - Processing /home/airflow/.local/lib/python3.8/site-packages/airflow/example_dags/example_branch_day_of_week_operator.py took 0.117 seconds
[2023-08-20T17:46:19.873+0000] {processor.py:157} INFO - Started process (PID=983) to work on /home/airflow/.local/lib/python3.8/site-packages/airflow/example_dags/example_branch_day_of_week_operator.py
[2023-08-20T17:46:19.884+0000] {processor.py:829} INFO - Processing file /home/airflow/.local/lib/python3.8/site-packages/airflow/example_dags/example_branch_day_of_week_operator.py for tasks to queue
[2023-08-20T17:46:19.907+0000] {logging_mixin.py:151} INFO - [2023-08-20T17:46:19.906+0000] {dagbag.py:539} INFO - Filling up the DagBag from /home/airflow/.local/lib/python3.8/site-packages/airflow/example_dags/example_branch_day_of_week_operator.py
[2023-08-20T17:46:19.924+0000] {processor.py:839} INFO - DAG(s) dict_keys(['example_weekday_branch_operator']) retrieved from /home/airflow/.local/lib/python3.8/site-packages/airflow/example_dags/example_branch_day_of_week_operator.py
[2023-08-20T17:46:20.004+0000] {logging_mixin.py:151} INFO - [2023-08-20T17:46:20.004+0000] {dag.py:2907} INFO - Sync 1 DAGs
[2023-08-20T17:46:20.129+0000] {logging_mixin.py:151} INFO - [2023-08-20T17:46:20.128+0000] {dag.py:3677} INFO - Setting next_dagrun for example_weekday_branch_operator to 2023-08-19T00:00:00+00:00, run_after=2023-08-20T00:00:00+00:00
[2023-08-20T17:46:20.196+0000] {processor.py:179} INFO - Processing /home/airflow/.local/lib/python3.8/site-packages/airflow/example_dags/example_branch_day_of_week_operator.py took 0.328 seconds
[2023-08-20T17:46:50.910+0000] {processor.py:157} INFO - Started process (PID=1037) to work on /home/airflow/.local/lib/python3.8/site-packages/airflow/example_dags/example_branch_day_of_week_operator.py
[2023-08-20T17:46:50.912+0000] {processor.py:829} INFO - Processing file /home/airflow/.local/lib/python3.8/site-packages/airflow/example_dags/example_branch_day_of_week_operator.py for tasks to queue
[2023-08-20T17:46:50.916+0000] {logging_mixin.py:151} INFO - [2023-08-20T17:46:50.916+0000] {dagbag.py:539} INFO - Filling up the DagBag from /home/airflow/.local/lib/python3.8/site-packages/airflow/example_dags/example_branch_day_of_week_operator.py
[2023-08-20T17:46:50.927+0000] {processor.py:839} INFO - DAG(s) dict_keys(['example_weekday_branch_operator']) retrieved from /home/airflow/.local/lib/python3.8/site-packages/airflow/example_dags/example_branch_day_of_week_operator.py
[2023-08-20T17:46:50.957+0000] {logging_mixin.py:151} INFO - [2023-08-20T17:46:50.957+0000] {dag.py:2907} INFO - Sync 1 DAGs
[2023-08-20T17:46:50.989+0000] {logging_mixin.py:151} INFO - [2023-08-20T17:46:50.989+0000] {dag.py:3677} INFO - Setting next_dagrun for example_weekday_branch_operator to 2023-08-19T00:00:00+00:00, run_after=2023-08-20T00:00:00+00:00
[2023-08-20T17:46:51.019+0000] {processor.py:179} INFO - Processing /home/airflow/.local/lib/python3.8/site-packages/airflow/example_dags/example_branch_day_of_week_operator.py took 0.116 seconds
