[2023-08-20T17:37:37.692+0000] {processor.py:157} INFO - Started process (PID=51) to work on /home/airflow/.local/lib/python3.8/site-packages/airflow/example_dags/example_dynamic_task_mapping_with_no_taskflow_operators.py
[2023-08-20T17:37:37.694+0000] {processor.py:829} INFO - Processing file /home/airflow/.local/lib/python3.8/site-packages/airflow/example_dags/example_dynamic_task_mapping_with_no_taskflow_operators.py for tasks to queue
[2023-08-20T17:37:37.697+0000] {logging_mixin.py:151} INFO - [2023-08-20T17:37:37.697+0000] {dagbag.py:539} INFO - Filling up the DagBag from /home/airflow/.local/lib/python3.8/site-packages/airflow/example_dags/example_dynamic_task_mapping_with_no_taskflow_operators.py
[2023-08-20T17:37:37.709+0000] {processor.py:839} INFO - DAG(s) dict_keys(['example_dynamic_task_mapping_with_no_taskflow_operators']) retrieved from /home/airflow/.local/lib/python3.8/site-packages/airflow/example_dags/example_dynamic_task_mapping_with_no_taskflow_operators.py
[2023-08-20T17:37:37.728+0000] {logging_mixin.py:151} INFO - [2023-08-20T17:37:37.727+0000] {dag.py:2907} INFO - Sync 1 DAGs
[2023-08-20T17:37:37.892+0000] {logging_mixin.py:151} INFO - [2023-08-20T17:37:37.892+0000] {dag.py:3677} INFO - Setting next_dagrun for example_dynamic_task_mapping_with_no_taskflow_operators to 2023-08-19T17:37:37.891898+00:00, run_after=2023-08-20T17:37:37.891898+00:00
[2023-08-20T17:37:37.932+0000] {processor.py:179} INFO - Processing /home/airflow/.local/lib/python3.8/site-packages/airflow/example_dags/example_dynamic_task_mapping_with_no_taskflow_operators.py took 0.243 seconds
[2023-08-20T17:38:08.433+0000] {processor.py:157} INFO - Started process (PID=104) to work on /home/airflow/.local/lib/python3.8/site-packages/airflow/example_dags/example_dynamic_task_mapping_with_no_taskflow_operators.py
[2023-08-20T17:38:08.435+0000] {processor.py:829} INFO - Processing file /home/airflow/.local/lib/python3.8/site-packages/airflow/example_dags/example_dynamic_task_mapping_with_no_taskflow_operators.py for tasks to queue
[2023-08-20T17:38:08.439+0000] {logging_mixin.py:151} INFO - [2023-08-20T17:38:08.438+0000] {dagbag.py:539} INFO - Filling up the DagBag from /home/airflow/.local/lib/python3.8/site-packages/airflow/example_dags/example_dynamic_task_mapping_with_no_taskflow_operators.py
[2023-08-20T17:38:08.448+0000] {processor.py:839} INFO - DAG(s) dict_keys(['example_dynamic_task_mapping_with_no_taskflow_operators']) retrieved from /home/airflow/.local/lib/python3.8/site-packages/airflow/example_dags/example_dynamic_task_mapping_with_no_taskflow_operators.py
[2023-08-20T17:38:08.480+0000] {logging_mixin.py:151} INFO - [2023-08-20T17:38:08.479+0000] {dag.py:2907} INFO - Sync 1 DAGs
[2023-08-20T17:38:08.520+0000] {logging_mixin.py:151} INFO - [2023-08-20T17:38:08.519+0000] {dag.py:3677} INFO - Setting next_dagrun for example_dynamic_task_mapping_with_no_taskflow_operators to 2023-08-19T17:38:08.519497+00:00, run_after=2023-08-20T17:38:08.519497+00:00
[2023-08-20T17:38:08.551+0000] {processor.py:179} INFO - Processing /home/airflow/.local/lib/python3.8/site-packages/airflow/example_dags/example_dynamic_task_mapping_with_no_taskflow_operators.py took 0.122 seconds
[2023-08-20T17:38:38.747+0000] {processor.py:157} INFO - Started process (PID=158) to work on /home/airflow/.local/lib/python3.8/site-packages/airflow/example_dags/example_dynamic_task_mapping_with_no_taskflow_operators.py
[2023-08-20T17:38:38.748+0000] {processor.py:829} INFO - Processing file /home/airflow/.local/lib/python3.8/site-packages/airflow/example_dags/example_dynamic_task_mapping_with_no_taskflow_operators.py for tasks to queue
[2023-08-20T17:38:38.751+0000] {logging_mixin.py:151} INFO - [2023-08-20T17:38:38.751+0000] {dagbag.py:539} INFO - Filling up the DagBag from /home/airflow/.local/lib/python3.8/site-packages/airflow/example_dags/example_dynamic_task_mapping_with_no_taskflow_operators.py
[2023-08-20T17:38:38.759+0000] {processor.py:839} INFO - DAG(s) dict_keys(['example_dynamic_task_mapping_with_no_taskflow_operators']) retrieved from /home/airflow/.local/lib/python3.8/site-packages/airflow/example_dags/example_dynamic_task_mapping_with_no_taskflow_operators.py
[2023-08-20T17:38:38.786+0000] {logging_mixin.py:151} INFO - [2023-08-20T17:38:38.786+0000] {dag.py:2907} INFO - Sync 1 DAGs
[2023-08-20T17:38:38.817+0000] {logging_mixin.py:151} INFO - [2023-08-20T17:38:38.817+0000] {dag.py:3677} INFO - Setting next_dagrun for example_dynamic_task_mapping_with_no_taskflow_operators to 2023-08-19T17:38:38.816592+00:00, run_after=2023-08-20T17:38:38.816592+00:00
[2023-08-20T17:38:38.845+0000] {processor.py:179} INFO - Processing /home/airflow/.local/lib/python3.8/site-packages/airflow/example_dags/example_dynamic_task_mapping_with_no_taskflow_operators.py took 0.103 seconds
[2023-08-20T17:39:09.260+0000] {processor.py:157} INFO - Started process (PID=212) to work on /home/airflow/.local/lib/python3.8/site-packages/airflow/example_dags/example_dynamic_task_mapping_with_no_taskflow_operators.py
[2023-08-20T17:39:09.262+0000] {processor.py:829} INFO - Processing file /home/airflow/.local/lib/python3.8/site-packages/airflow/example_dags/example_dynamic_task_mapping_with_no_taskflow_operators.py for tasks to queue
[2023-08-20T17:39:09.265+0000] {logging_mixin.py:151} INFO - [2023-08-20T17:39:09.265+0000] {dagbag.py:539} INFO - Filling up the DagBag from /home/airflow/.local/lib/python3.8/site-packages/airflow/example_dags/example_dynamic_task_mapping_with_no_taskflow_operators.py
[2023-08-20T17:39:09.274+0000] {processor.py:839} INFO - DAG(s) dict_keys(['example_dynamic_task_mapping_with_no_taskflow_operators']) retrieved from /home/airflow/.local/lib/python3.8/site-packages/airflow/example_dags/example_dynamic_task_mapping_with_no_taskflow_operators.py
[2023-08-20T17:39:09.302+0000] {logging_mixin.py:151} INFO - [2023-08-20T17:39:09.301+0000] {dag.py:2907} INFO - Sync 1 DAGs
[2023-08-20T17:39:09.332+0000] {logging_mixin.py:151} INFO - [2023-08-20T17:39:09.332+0000] {dag.py:3677} INFO - Setting next_dagrun for example_dynamic_task_mapping_with_no_taskflow_operators to 2023-08-19T17:39:09.332087+00:00, run_after=2023-08-20T17:39:09.332087+00:00
[2023-08-20T17:39:09.357+0000] {processor.py:179} INFO - Processing /home/airflow/.local/lib/python3.8/site-packages/airflow/example_dags/example_dynamic_task_mapping_with_no_taskflow_operators.py took 0.102 seconds
[2023-08-20T17:39:39.624+0000] {processor.py:157} INFO - Started process (PID=266) to work on /home/airflow/.local/lib/python3.8/site-packages/airflow/example_dags/example_dynamic_task_mapping_with_no_taskflow_operators.py
[2023-08-20T17:39:39.626+0000] {processor.py:829} INFO - Processing file /home/airflow/.local/lib/python3.8/site-packages/airflow/example_dags/example_dynamic_task_mapping_with_no_taskflow_operators.py for tasks to queue
[2023-08-20T17:39:39.629+0000] {logging_mixin.py:151} INFO - [2023-08-20T17:39:39.628+0000] {dagbag.py:539} INFO - Filling up the DagBag from /home/airflow/.local/lib/python3.8/site-packages/airflow/example_dags/example_dynamic_task_mapping_with_no_taskflow_operators.py
[2023-08-20T17:39:39.637+0000] {processor.py:839} INFO - DAG(s) dict_keys(['example_dynamic_task_mapping_with_no_taskflow_operators']) retrieved from /home/airflow/.local/lib/python3.8/site-packages/airflow/example_dags/example_dynamic_task_mapping_with_no_taskflow_operators.py
[2023-08-20T17:39:39.654+0000] {logging_mixin.py:151} INFO - [2023-08-20T17:39:39.654+0000] {dag.py:2907} INFO - Sync 1 DAGs
[2023-08-20T17:39:39.698+0000] {logging_mixin.py:151} INFO - [2023-08-20T17:39:39.698+0000] {dag.py:3677} INFO - Setting next_dagrun for example_dynamic_task_mapping_with_no_taskflow_operators to 2023-08-19T17:39:39.696035+00:00, run_after=2023-08-20T17:39:39.696035+00:00
[2023-08-20T17:39:39.732+0000] {processor.py:179} INFO - Processing /home/airflow/.local/lib/python3.8/site-packages/airflow/example_dags/example_dynamic_task_mapping_with_no_taskflow_operators.py took 0.111 seconds
[2023-08-20T17:40:09.839+0000] {processor.py:157} INFO - Started process (PID=320) to work on /home/airflow/.local/lib/python3.8/site-packages/airflow/example_dags/example_dynamic_task_mapping_with_no_taskflow_operators.py
[2023-08-20T17:40:09.841+0000] {processor.py:829} INFO - Processing file /home/airflow/.local/lib/python3.8/site-packages/airflow/example_dags/example_dynamic_task_mapping_with_no_taskflow_operators.py for tasks to queue
[2023-08-20T17:40:09.844+0000] {logging_mixin.py:151} INFO - [2023-08-20T17:40:09.843+0000] {dagbag.py:539} INFO - Filling up the DagBag from /home/airflow/.local/lib/python3.8/site-packages/airflow/example_dags/example_dynamic_task_mapping_with_no_taskflow_operators.py
[2023-08-20T17:40:09.851+0000] {processor.py:839} INFO - DAG(s) dict_keys(['example_dynamic_task_mapping_with_no_taskflow_operators']) retrieved from /home/airflow/.local/lib/python3.8/site-packages/airflow/example_dags/example_dynamic_task_mapping_with_no_taskflow_operators.py
[2023-08-20T17:40:09.875+0000] {logging_mixin.py:151} INFO - [2023-08-20T17:40:09.874+0000] {dag.py:2907} INFO - Sync 1 DAGs
[2023-08-20T17:40:09.912+0000] {logging_mixin.py:151} INFO - [2023-08-20T17:40:09.911+0000] {dag.py:3677} INFO - Setting next_dagrun for example_dynamic_task_mapping_with_no_taskflow_operators to 2023-08-19T17:40:09.911502+00:00, run_after=2023-08-20T17:40:09.911502+00:00
[2023-08-20T17:40:09.941+0000] {processor.py:179} INFO - Processing /home/airflow/.local/lib/python3.8/site-packages/airflow/example_dags/example_dynamic_task_mapping_with_no_taskflow_operators.py took 0.105 seconds
[2023-08-20T17:40:40.281+0000] {processor.py:157} INFO - Started process (PID=374) to work on /home/airflow/.local/lib/python3.8/site-packages/airflow/example_dags/example_dynamic_task_mapping_with_no_taskflow_operators.py
[2023-08-20T17:40:40.283+0000] {processor.py:829} INFO - Processing file /home/airflow/.local/lib/python3.8/site-packages/airflow/example_dags/example_dynamic_task_mapping_with_no_taskflow_operators.py for tasks to queue
[2023-08-20T17:40:40.286+0000] {logging_mixin.py:151} INFO - [2023-08-20T17:40:40.286+0000] {dagbag.py:539} INFO - Filling up the DagBag from /home/airflow/.local/lib/python3.8/site-packages/airflow/example_dags/example_dynamic_task_mapping_with_no_taskflow_operators.py
[2023-08-20T17:40:40.295+0000] {processor.py:839} INFO - DAG(s) dict_keys(['example_dynamic_task_mapping_with_no_taskflow_operators']) retrieved from /home/airflow/.local/lib/python3.8/site-packages/airflow/example_dags/example_dynamic_task_mapping_with_no_taskflow_operators.py
[2023-08-20T17:40:40.321+0000] {logging_mixin.py:151} INFO - [2023-08-20T17:40:40.321+0000] {dag.py:2907} INFO - Sync 1 DAGs
[2023-08-20T17:40:40.356+0000] {logging_mixin.py:151} INFO - [2023-08-20T17:40:40.356+0000] {dag.py:3677} INFO - Setting next_dagrun for example_dynamic_task_mapping_with_no_taskflow_operators to 2023-08-19T17:40:40.356161+00:00, run_after=2023-08-20T17:40:40.356161+00:00
[2023-08-20T17:40:40.383+0000] {processor.py:179} INFO - Processing /home/airflow/.local/lib/python3.8/site-packages/airflow/example_dags/example_dynamic_task_mapping_with_no_taskflow_operators.py took 0.106 seconds
[2023-08-20T17:41:10.687+0000] {processor.py:157} INFO - Started process (PID=428) to work on /home/airflow/.local/lib/python3.8/site-packages/airflow/example_dags/example_dynamic_task_mapping_with_no_taskflow_operators.py
[2023-08-20T17:41:10.689+0000] {processor.py:829} INFO - Processing file /home/airflow/.local/lib/python3.8/site-packages/airflow/example_dags/example_dynamic_task_mapping_with_no_taskflow_operators.py for tasks to queue
[2023-08-20T17:41:10.693+0000] {logging_mixin.py:151} INFO - [2023-08-20T17:41:10.692+0000] {dagbag.py:539} INFO - Filling up the DagBag from /home/airflow/.local/lib/python3.8/site-packages/airflow/example_dags/example_dynamic_task_mapping_with_no_taskflow_operators.py
[2023-08-20T17:41:10.704+0000] {processor.py:839} INFO - DAG(s) dict_keys(['example_dynamic_task_mapping_with_no_taskflow_operators']) retrieved from /home/airflow/.local/lib/python3.8/site-packages/airflow/example_dags/example_dynamic_task_mapping_with_no_taskflow_operators.py
[2023-08-20T17:41:10.733+0000] {logging_mixin.py:151} INFO - [2023-08-20T17:41:10.733+0000] {dag.py:2907} INFO - Sync 1 DAGs
[2023-08-20T17:41:10.762+0000] {logging_mixin.py:151} INFO - [2023-08-20T17:41:10.761+0000] {dag.py:3677} INFO - Setting next_dagrun for example_dynamic_task_mapping_with_no_taskflow_operators to 2023-08-19T17:41:10.761699+00:00, run_after=2023-08-20T17:41:10.761699+00:00
[2023-08-20T17:41:10.787+0000] {processor.py:179} INFO - Processing /home/airflow/.local/lib/python3.8/site-packages/airflow/example_dags/example_dynamic_task_mapping_with_no_taskflow_operators.py took 0.105 seconds
[2023-08-20T17:41:41.042+0000] {processor.py:157} INFO - Started process (PID=483) to work on /home/airflow/.local/lib/python3.8/site-packages/airflow/example_dags/example_dynamic_task_mapping_with_no_taskflow_operators.py
[2023-08-20T17:41:41.043+0000] {processor.py:829} INFO - Processing file /home/airflow/.local/lib/python3.8/site-packages/airflow/example_dags/example_dynamic_task_mapping_with_no_taskflow_operators.py for tasks to queue
[2023-08-20T17:41:41.047+0000] {logging_mixin.py:151} INFO - [2023-08-20T17:41:41.046+0000] {dagbag.py:539} INFO - Filling up the DagBag from /home/airflow/.local/lib/python3.8/site-packages/airflow/example_dags/example_dynamic_task_mapping_with_no_taskflow_operators.py
[2023-08-20T17:41:41.055+0000] {processor.py:839} INFO - DAG(s) dict_keys(['example_dynamic_task_mapping_with_no_taskflow_operators']) retrieved from /home/airflow/.local/lib/python3.8/site-packages/airflow/example_dags/example_dynamic_task_mapping_with_no_taskflow_operators.py
[2023-08-20T17:41:41.085+0000] {logging_mixin.py:151} INFO - [2023-08-20T17:41:41.084+0000] {dag.py:2907} INFO - Sync 1 DAGs
[2023-08-20T17:41:41.127+0000] {logging_mixin.py:151} INFO - [2023-08-20T17:41:41.127+0000] {dag.py:3677} INFO - Setting next_dagrun for example_dynamic_task_mapping_with_no_taskflow_operators to 2023-08-19T17:41:41.126912+00:00, run_after=2023-08-20T17:41:41.126912+00:00
[2023-08-20T17:41:41.155+0000] {processor.py:179} INFO - Processing /home/airflow/.local/lib/python3.8/site-packages/airflow/example_dags/example_dynamic_task_mapping_with_no_taskflow_operators.py took 0.118 seconds
[2023-08-20T17:42:11.611+0000] {processor.py:157} INFO - Started process (PID=537) to work on /home/airflow/.local/lib/python3.8/site-packages/airflow/example_dags/example_dynamic_task_mapping_with_no_taskflow_operators.py
[2023-08-20T17:42:11.613+0000] {processor.py:829} INFO - Processing file /home/airflow/.local/lib/python3.8/site-packages/airflow/example_dags/example_dynamic_task_mapping_with_no_taskflow_operators.py for tasks to queue
[2023-08-20T17:42:11.616+0000] {logging_mixin.py:151} INFO - [2023-08-20T17:42:11.615+0000] {dagbag.py:539} INFO - Filling up the DagBag from /home/airflow/.local/lib/python3.8/site-packages/airflow/example_dags/example_dynamic_task_mapping_with_no_taskflow_operators.py
[2023-08-20T17:42:11.625+0000] {processor.py:839} INFO - DAG(s) dict_keys(['example_dynamic_task_mapping_with_no_taskflow_operators']) retrieved from /home/airflow/.local/lib/python3.8/site-packages/airflow/example_dags/example_dynamic_task_mapping_with_no_taskflow_operators.py
[2023-08-20T17:42:11.658+0000] {logging_mixin.py:151} INFO - [2023-08-20T17:42:11.657+0000] {dag.py:2907} INFO - Sync 1 DAGs
[2023-08-20T17:42:11.688+0000] {logging_mixin.py:151} INFO - [2023-08-20T17:42:11.688+0000] {dag.py:3677} INFO - Setting next_dagrun for example_dynamic_task_mapping_with_no_taskflow_operators to 2023-08-19T17:42:11.688163+00:00, run_after=2023-08-20T17:42:11.688163+00:00
[2023-08-20T17:42:11.722+0000] {processor.py:179} INFO - Processing /home/airflow/.local/lib/python3.8/site-packages/airflow/example_dags/example_dynamic_task_mapping_with_no_taskflow_operators.py took 0.116 seconds
[2023-08-20T17:42:41.957+0000] {processor.py:157} INFO - Started process (PID=591) to work on /home/airflow/.local/lib/python3.8/site-packages/airflow/example_dags/example_dynamic_task_mapping_with_no_taskflow_operators.py
[2023-08-20T17:42:41.959+0000] {processor.py:829} INFO - Processing file /home/airflow/.local/lib/python3.8/site-packages/airflow/example_dags/example_dynamic_task_mapping_with_no_taskflow_operators.py for tasks to queue
[2023-08-20T17:42:41.962+0000] {logging_mixin.py:151} INFO - [2023-08-20T17:42:41.962+0000] {dagbag.py:539} INFO - Filling up the DagBag from /home/airflow/.local/lib/python3.8/site-packages/airflow/example_dags/example_dynamic_task_mapping_with_no_taskflow_operators.py
[2023-08-20T17:42:41.971+0000] {processor.py:839} INFO - DAG(s) dict_keys(['example_dynamic_task_mapping_with_no_taskflow_operators']) retrieved from /home/airflow/.local/lib/python3.8/site-packages/airflow/example_dags/example_dynamic_task_mapping_with_no_taskflow_operators.py
[2023-08-20T17:42:42.000+0000] {logging_mixin.py:151} INFO - [2023-08-20T17:42:41.999+0000] {dag.py:2907} INFO - Sync 1 DAGs
[2023-08-20T17:42:42.027+0000] {logging_mixin.py:151} INFO - [2023-08-20T17:42:42.026+0000] {dag.py:3677} INFO - Setting next_dagrun for example_dynamic_task_mapping_with_no_taskflow_operators to 2023-08-19T17:42:42.026490+00:00, run_after=2023-08-20T17:42:42.026490+00:00
[2023-08-20T17:42:42.055+0000] {processor.py:179} INFO - Processing /home/airflow/.local/lib/python3.8/site-packages/airflow/example_dags/example_dynamic_task_mapping_with_no_taskflow_operators.py took 0.102 seconds
[2023-08-20T17:43:12.601+0000] {processor.py:157} INFO - Started process (PID=645) to work on /home/airflow/.local/lib/python3.8/site-packages/airflow/example_dags/example_dynamic_task_mapping_with_no_taskflow_operators.py
[2023-08-20T17:43:12.604+0000] {processor.py:829} INFO - Processing file /home/airflow/.local/lib/python3.8/site-packages/airflow/example_dags/example_dynamic_task_mapping_with_no_taskflow_operators.py for tasks to queue
[2023-08-20T17:43:12.608+0000] {logging_mixin.py:151} INFO - [2023-08-20T17:43:12.607+0000] {dagbag.py:539} INFO - Filling up the DagBag from /home/airflow/.local/lib/python3.8/site-packages/airflow/example_dags/example_dynamic_task_mapping_with_no_taskflow_operators.py
[2023-08-20T17:43:12.618+0000] {processor.py:839} INFO - DAG(s) dict_keys(['example_dynamic_task_mapping_with_no_taskflow_operators']) retrieved from /home/airflow/.local/lib/python3.8/site-packages/airflow/example_dags/example_dynamic_task_mapping_with_no_taskflow_operators.py
[2023-08-20T17:43:12.650+0000] {logging_mixin.py:151} INFO - [2023-08-20T17:43:12.650+0000] {dag.py:2907} INFO - Sync 1 DAGs
[2023-08-20T17:43:12.688+0000] {logging_mixin.py:151} INFO - [2023-08-20T17:43:12.688+0000] {dag.py:3677} INFO - Setting next_dagrun for example_dynamic_task_mapping_with_no_taskflow_operators to 2023-08-19T17:43:12.687883+00:00, run_after=2023-08-20T17:43:12.687883+00:00
[2023-08-20T17:43:12.723+0000] {processor.py:179} INFO - Processing /home/airflow/.local/lib/python3.8/site-packages/airflow/example_dags/example_dynamic_task_mapping_with_no_taskflow_operators.py took 0.127 seconds
[2023-08-20T17:43:43.276+0000] {processor.py:157} INFO - Started process (PID=699) to work on /home/airflow/.local/lib/python3.8/site-packages/airflow/example_dags/example_dynamic_task_mapping_with_no_taskflow_operators.py
[2023-08-20T17:43:43.278+0000] {processor.py:829} INFO - Processing file /home/airflow/.local/lib/python3.8/site-packages/airflow/example_dags/example_dynamic_task_mapping_with_no_taskflow_operators.py for tasks to queue
[2023-08-20T17:43:43.282+0000] {logging_mixin.py:151} INFO - [2023-08-20T17:43:43.281+0000] {dagbag.py:539} INFO - Filling up the DagBag from /home/airflow/.local/lib/python3.8/site-packages/airflow/example_dags/example_dynamic_task_mapping_with_no_taskflow_operators.py
[2023-08-20T17:43:43.290+0000] {processor.py:839} INFO - DAG(s) dict_keys(['example_dynamic_task_mapping_with_no_taskflow_operators']) retrieved from /home/airflow/.local/lib/python3.8/site-packages/airflow/example_dags/example_dynamic_task_mapping_with_no_taskflow_operators.py
[2023-08-20T17:43:43.314+0000] {logging_mixin.py:151} INFO - [2023-08-20T17:43:43.313+0000] {dag.py:2907} INFO - Sync 1 DAGs
[2023-08-20T17:43:43.339+0000] {logging_mixin.py:151} INFO - [2023-08-20T17:43:43.339+0000] {dag.py:3677} INFO - Setting next_dagrun for example_dynamic_task_mapping_with_no_taskflow_operators to 2023-08-19T17:43:43.339344+00:00, run_after=2023-08-20T17:43:43.339344+00:00
[2023-08-20T17:43:43.364+0000] {processor.py:179} INFO - Processing /home/airflow/.local/lib/python3.8/site-packages/airflow/example_dags/example_dynamic_task_mapping_with_no_taskflow_operators.py took 0.093 seconds
[2023-08-20T17:44:13.625+0000] {processor.py:157} INFO - Started process (PID=753) to work on /home/airflow/.local/lib/python3.8/site-packages/airflow/example_dags/example_dynamic_task_mapping_with_no_taskflow_operators.py
[2023-08-20T17:44:13.627+0000] {processor.py:829} INFO - Processing file /home/airflow/.local/lib/python3.8/site-packages/airflow/example_dags/example_dynamic_task_mapping_with_no_taskflow_operators.py for tasks to queue
[2023-08-20T17:44:13.630+0000] {logging_mixin.py:151} INFO - [2023-08-20T17:44:13.630+0000] {dagbag.py:539} INFO - Filling up the DagBag from /home/airflow/.local/lib/python3.8/site-packages/airflow/example_dags/example_dynamic_task_mapping_with_no_taskflow_operators.py
[2023-08-20T17:44:13.640+0000] {processor.py:839} INFO - DAG(s) dict_keys(['example_dynamic_task_mapping_with_no_taskflow_operators']) retrieved from /home/airflow/.local/lib/python3.8/site-packages/airflow/example_dags/example_dynamic_task_mapping_with_no_taskflow_operators.py
[2023-08-20T17:44:13.666+0000] {logging_mixin.py:151} INFO - [2023-08-20T17:44:13.665+0000] {dag.py:2907} INFO - Sync 1 DAGs
[2023-08-20T17:44:13.692+0000] {logging_mixin.py:151} INFO - [2023-08-20T17:44:13.692+0000] {dag.py:3677} INFO - Setting next_dagrun for example_dynamic_task_mapping_with_no_taskflow_operators to 2023-08-19T17:44:13.691999+00:00, run_after=2023-08-20T17:44:13.691999+00:00
[2023-08-20T17:44:13.718+0000] {processor.py:179} INFO - Processing /home/airflow/.local/lib/python3.8/site-packages/airflow/example_dags/example_dynamic_task_mapping_with_no_taskflow_operators.py took 0.098 seconds
[2023-08-20T17:44:44.042+0000] {processor.py:157} INFO - Started process (PID=807) to work on /home/airflow/.local/lib/python3.8/site-packages/airflow/example_dags/example_dynamic_task_mapping_with_no_taskflow_operators.py
[2023-08-20T17:44:44.044+0000] {processor.py:829} INFO - Processing file /home/airflow/.local/lib/python3.8/site-packages/airflow/example_dags/example_dynamic_task_mapping_with_no_taskflow_operators.py for tasks to queue
[2023-08-20T17:44:44.047+0000] {logging_mixin.py:151} INFO - [2023-08-20T17:44:44.047+0000] {dagbag.py:539} INFO - Filling up the DagBag from /home/airflow/.local/lib/python3.8/site-packages/airflow/example_dags/example_dynamic_task_mapping_with_no_taskflow_operators.py
[2023-08-20T17:44:44.057+0000] {processor.py:839} INFO - DAG(s) dict_keys(['example_dynamic_task_mapping_with_no_taskflow_operators']) retrieved from /home/airflow/.local/lib/python3.8/site-packages/airflow/example_dags/example_dynamic_task_mapping_with_no_taskflow_operators.py
[2023-08-20T17:44:44.085+0000] {logging_mixin.py:151} INFO - [2023-08-20T17:44:44.085+0000] {dag.py:2907} INFO - Sync 1 DAGs
[2023-08-20T17:44:44.125+0000] {logging_mixin.py:151} INFO - [2023-08-20T17:44:44.124+0000] {dag.py:3677} INFO - Setting next_dagrun for example_dynamic_task_mapping_with_no_taskflow_operators to 2023-08-19T17:44:44.124460+00:00, run_after=2023-08-20T17:44:44.124460+00:00
[2023-08-20T17:44:44.153+0000] {processor.py:179} INFO - Processing /home/airflow/.local/lib/python3.8/site-packages/airflow/example_dags/example_dynamic_task_mapping_with_no_taskflow_operators.py took 0.115 seconds
[2023-08-20T17:45:14.615+0000] {processor.py:157} INFO - Started process (PID=861) to work on /home/airflow/.local/lib/python3.8/site-packages/airflow/example_dags/example_dynamic_task_mapping_with_no_taskflow_operators.py
[2023-08-20T17:45:14.616+0000] {processor.py:829} INFO - Processing file /home/airflow/.local/lib/python3.8/site-packages/airflow/example_dags/example_dynamic_task_mapping_with_no_taskflow_operators.py for tasks to queue
[2023-08-20T17:45:14.619+0000] {logging_mixin.py:151} INFO - [2023-08-20T17:45:14.619+0000] {dagbag.py:539} INFO - Filling up the DagBag from /home/airflow/.local/lib/python3.8/site-packages/airflow/example_dags/example_dynamic_task_mapping_with_no_taskflow_operators.py
[2023-08-20T17:45:14.627+0000] {processor.py:839} INFO - DAG(s) dict_keys(['example_dynamic_task_mapping_with_no_taskflow_operators']) retrieved from /home/airflow/.local/lib/python3.8/site-packages/airflow/example_dags/example_dynamic_task_mapping_with_no_taskflow_operators.py
[2023-08-20T17:45:14.652+0000] {logging_mixin.py:151} INFO - [2023-08-20T17:45:14.652+0000] {dag.py:2907} INFO - Sync 1 DAGs
[2023-08-20T17:45:14.683+0000] {logging_mixin.py:151} INFO - [2023-08-20T17:45:14.683+0000] {dag.py:3677} INFO - Setting next_dagrun for example_dynamic_task_mapping_with_no_taskflow_operators to 2023-08-19T17:45:14.683203+00:00, run_after=2023-08-20T17:45:14.683203+00:00
[2023-08-20T17:45:14.709+0000] {processor.py:179} INFO - Processing /home/airflow/.local/lib/python3.8/site-packages/airflow/example_dags/example_dynamic_task_mapping_with_no_taskflow_operators.py took 0.099 seconds
[2023-08-20T17:45:45.127+0000] {processor.py:157} INFO - Started process (PID=915) to work on /home/airflow/.local/lib/python3.8/site-packages/airflow/example_dags/example_dynamic_task_mapping_with_no_taskflow_operators.py
[2023-08-20T17:45:45.129+0000] {processor.py:829} INFO - Processing file /home/airflow/.local/lib/python3.8/site-packages/airflow/example_dags/example_dynamic_task_mapping_with_no_taskflow_operators.py for tasks to queue
[2023-08-20T17:45:45.132+0000] {logging_mixin.py:151} INFO - [2023-08-20T17:45:45.132+0000] {dagbag.py:539} INFO - Filling up the DagBag from /home/airflow/.local/lib/python3.8/site-packages/airflow/example_dags/example_dynamic_task_mapping_with_no_taskflow_operators.py
[2023-08-20T17:45:45.141+0000] {processor.py:839} INFO - DAG(s) dict_keys(['example_dynamic_task_mapping_with_no_taskflow_operators']) retrieved from /home/airflow/.local/lib/python3.8/site-packages/airflow/example_dags/example_dynamic_task_mapping_with_no_taskflow_operators.py
[2023-08-20T17:45:45.170+0000] {logging_mixin.py:151} INFO - [2023-08-20T17:45:45.170+0000] {dag.py:2907} INFO - Sync 1 DAGs
[2023-08-20T17:45:45.198+0000] {logging_mixin.py:151} INFO - [2023-08-20T17:45:45.198+0000] {dag.py:3677} INFO - Setting next_dagrun for example_dynamic_task_mapping_with_no_taskflow_operators to 2023-08-19T17:45:45.197878+00:00, run_after=2023-08-20T17:45:45.197878+00:00
[2023-08-20T17:45:45.223+0000] {processor.py:179} INFO - Processing /home/airflow/.local/lib/python3.8/site-packages/airflow/example_dags/example_dynamic_task_mapping_with_no_taskflow_operators.py took 0.100 seconds
[2023-08-20T17:46:15.447+0000] {processor.py:157} INFO - Started process (PID=969) to work on /home/airflow/.local/lib/python3.8/site-packages/airflow/example_dags/example_dynamic_task_mapping_with_no_taskflow_operators.py
[2023-08-20T17:46:15.449+0000] {processor.py:829} INFO - Processing file /home/airflow/.local/lib/python3.8/site-packages/airflow/example_dags/example_dynamic_task_mapping_with_no_taskflow_operators.py for tasks to queue
[2023-08-20T17:46:15.452+0000] {logging_mixin.py:151} INFO - [2023-08-20T17:46:15.452+0000] {dagbag.py:539} INFO - Filling up the DagBag from /home/airflow/.local/lib/python3.8/site-packages/airflow/example_dags/example_dynamic_task_mapping_with_no_taskflow_operators.py
[2023-08-20T17:46:15.464+0000] {processor.py:839} INFO - DAG(s) dict_keys(['example_dynamic_task_mapping_with_no_taskflow_operators']) retrieved from /home/airflow/.local/lib/python3.8/site-packages/airflow/example_dags/example_dynamic_task_mapping_with_no_taskflow_operators.py
[2023-08-20T17:46:15.489+0000] {logging_mixin.py:151} INFO - [2023-08-20T17:46:15.489+0000] {dag.py:2907} INFO - Sync 1 DAGs
[2023-08-20T17:46:15.517+0000] {logging_mixin.py:151} INFO - [2023-08-20T17:46:15.517+0000] {dag.py:3677} INFO - Setting next_dagrun for example_dynamic_task_mapping_with_no_taskflow_operators to 2023-08-19T17:46:15.516952+00:00, run_after=2023-08-20T17:46:15.516952+00:00
[2023-08-20T17:46:15.542+0000] {processor.py:179} INFO - Processing /home/airflow/.local/lib/python3.8/site-packages/airflow/example_dags/example_dynamic_task_mapping_with_no_taskflow_operators.py took 0.100 seconds
[2023-08-20T17:46:45.743+0000] {processor.py:157} INFO - Started process (PID=1023) to work on /home/airflow/.local/lib/python3.8/site-packages/airflow/example_dags/example_dynamic_task_mapping_with_no_taskflow_operators.py
[2023-08-20T17:46:45.745+0000] {processor.py:829} INFO - Processing file /home/airflow/.local/lib/python3.8/site-packages/airflow/example_dags/example_dynamic_task_mapping_with_no_taskflow_operators.py for tasks to queue
[2023-08-20T17:46:45.748+0000] {logging_mixin.py:151} INFO - [2023-08-20T17:46:45.748+0000] {dagbag.py:539} INFO - Filling up the DagBag from /home/airflow/.local/lib/python3.8/site-packages/airflow/example_dags/example_dynamic_task_mapping_with_no_taskflow_operators.py
[2023-08-20T17:46:45.759+0000] {processor.py:839} INFO - DAG(s) dict_keys(['example_dynamic_task_mapping_with_no_taskflow_operators']) retrieved from /home/airflow/.local/lib/python3.8/site-packages/airflow/example_dags/example_dynamic_task_mapping_with_no_taskflow_operators.py
[2023-08-20T17:46:45.785+0000] {logging_mixin.py:151} INFO - [2023-08-20T17:46:45.785+0000] {dag.py:2907} INFO - Sync 1 DAGs
[2023-08-20T17:46:45.811+0000] {logging_mixin.py:151} INFO - [2023-08-20T17:46:45.810+0000] {dag.py:3677} INFO - Setting next_dagrun for example_dynamic_task_mapping_with_no_taskflow_operators to 2023-08-19T17:46:45.810518+00:00, run_after=2023-08-20T17:46:45.810518+00:00
[2023-08-20T17:46:45.833+0000] {processor.py:179} INFO - Processing /home/airflow/.local/lib/python3.8/site-packages/airflow/example_dags/example_dynamic_task_mapping_with_no_taskflow_operators.py took 0.094 seconds
