[2023-08-20 11:40:22,673] {scheduler_job.py:182} INFO - Started process (PID=43) to work on /home/airflow/.local/lib/python3.6/site-packages/airflow/example_dags/example_branch_operator.py
[2023-08-20 11:40:22,674] {scheduler_job.py:629} INFO - Processing file /home/airflow/.local/lib/python3.6/site-packages/airflow/example_dags/example_branch_operator.py for tasks to queue
[2023-08-20 11:40:22,676] {logging_mixin.py:104} INFO - [2023-08-20 11:40:22,675] {dagbag.py:451} INFO - Filling up the DagBag from /home/airflow/.local/lib/python3.6/site-packages/airflow/example_dags/example_branch_operator.py
[2023-08-20 11:40:22,703] {scheduler_job.py:639} INFO - DAG(s) dict_keys(['example_branch_operator']) retrieved from /home/airflow/.local/lib/python3.6/site-packages/airflow/example_dags/example_branch_operator.py
[2023-08-20 11:40:22,731] {logging_mixin.py:104} INFO - [2023-08-20 11:40:22,731] {dag.py:1824} INFO - Sync 1 DAGs
[2023-08-20 11:40:22,744] {logging_mixin.py:104} INFO - [2023-08-20 11:40:22,744] {dag.py:1843} INFO - Creating ORM DAG for example_branch_operator
[2023-08-20 11:40:22,761] {logging_mixin.py:104} INFO - [2023-08-20 11:40:22,761] {dag.py:2280} INFO - Setting next_dagrun for example_branch_operator to 2023-08-18 00:00:00+00:00
[2023-08-20 11:40:22,789] {scheduler_job.py:190} INFO - Processing /home/airflow/.local/lib/python3.6/site-packages/airflow/example_dags/example_branch_operator.py took 0.120 seconds
[2023-08-20 11:40:53,299] {scheduler_job.py:182} INFO - Started process (PID=69) to work on /home/airflow/.local/lib/python3.6/site-packages/airflow/example_dags/example_branch_operator.py
[2023-08-20 11:40:53,301] {scheduler_job.py:629} INFO - Processing file /home/airflow/.local/lib/python3.6/site-packages/airflow/example_dags/example_branch_operator.py for tasks to queue
[2023-08-20 11:40:53,303] {logging_mixin.py:104} INFO - [2023-08-20 11:40:53,303] {dagbag.py:451} INFO - Filling up the DagBag from /home/airflow/.local/lib/python3.6/site-packages/airflow/example_dags/example_branch_operator.py
[2023-08-20 11:40:53,327] {scheduler_job.py:639} INFO - DAG(s) dict_keys(['example_branch_operator']) retrieved from /home/airflow/.local/lib/python3.6/site-packages/airflow/example_dags/example_branch_operator.py
[2023-08-20 11:40:53,357] {logging_mixin.py:104} INFO - [2023-08-20 11:40:53,356] {dag.py:1824} INFO - Sync 1 DAGs
[2023-08-20 11:40:53,402] {logging_mixin.py:104} INFO - [2023-08-20 11:40:53,402] {dag.py:2280} INFO - Setting next_dagrun for example_branch_operator to 2023-08-18 00:00:00+00:00
[2023-08-20 11:40:53,421] {scheduler_job.py:190} INFO - Processing /home/airflow/.local/lib/python3.6/site-packages/airflow/example_dags/example_branch_operator.py took 0.126 seconds
[2023-08-20 11:41:24,224] {scheduler_job.py:182} INFO - Started process (PID=95) to work on /home/airflow/.local/lib/python3.6/site-packages/airflow/example_dags/example_branch_operator.py
[2023-08-20 11:41:24,226] {scheduler_job.py:629} INFO - Processing file /home/airflow/.local/lib/python3.6/site-packages/airflow/example_dags/example_branch_operator.py for tasks to queue
[2023-08-20 11:41:24,228] {logging_mixin.py:104} INFO - [2023-08-20 11:41:24,228] {dagbag.py:451} INFO - Filling up the DagBag from /home/airflow/.local/lib/python3.6/site-packages/airflow/example_dags/example_branch_operator.py
[2023-08-20 11:41:24,252] {scheduler_job.py:639} INFO - DAG(s) dict_keys(['example_branch_operator']) retrieved from /home/airflow/.local/lib/python3.6/site-packages/airflow/example_dags/example_branch_operator.py
[2023-08-20 11:41:24,282] {logging_mixin.py:104} INFO - [2023-08-20 11:41:24,282] {dag.py:1824} INFO - Sync 1 DAGs
[2023-08-20 11:41:24,327] {logging_mixin.py:104} INFO - [2023-08-20 11:41:24,327] {dag.py:2280} INFO - Setting next_dagrun for example_branch_operator to 2023-08-18 00:00:00+00:00
[2023-08-20 11:41:24,347] {scheduler_job.py:190} INFO - Processing /home/airflow/.local/lib/python3.6/site-packages/airflow/example_dags/example_branch_operator.py took 0.129 seconds
[2023-08-20 11:41:54,579] {scheduler_job.py:182} INFO - Started process (PID=121) to work on /home/airflow/.local/lib/python3.6/site-packages/airflow/example_dags/example_branch_operator.py
[2023-08-20 11:41:54,581] {scheduler_job.py:629} INFO - Processing file /home/airflow/.local/lib/python3.6/site-packages/airflow/example_dags/example_branch_operator.py for tasks to queue
[2023-08-20 11:41:54,585] {logging_mixin.py:104} INFO - [2023-08-20 11:41:54,583] {dagbag.py:451} INFO - Filling up the DagBag from /home/airflow/.local/lib/python3.6/site-packages/airflow/example_dags/example_branch_operator.py
[2023-08-20 11:41:54,613] {scheduler_job.py:639} INFO - DAG(s) dict_keys(['example_branch_operator']) retrieved from /home/airflow/.local/lib/python3.6/site-packages/airflow/example_dags/example_branch_operator.py
[2023-08-20 11:41:54,660] {logging_mixin.py:104} INFO - [2023-08-20 11:41:54,660] {dag.py:1824} INFO - Sync 1 DAGs
[2023-08-20 11:41:54,687] {logging_mixin.py:104} INFO - [2023-08-20 11:41:54,687] {dag.py:2280} INFO - Setting next_dagrun for example_branch_operator to 2023-08-18 00:00:00+00:00
[2023-08-20 11:41:54,706] {scheduler_job.py:190} INFO - Processing /home/airflow/.local/lib/python3.6/site-packages/airflow/example_dags/example_branch_operator.py took 0.131 seconds
[2023-08-20 11:42:24,775] {scheduler_job.py:182} INFO - Started process (PID=147) to work on /home/airflow/.local/lib/python3.6/site-packages/airflow/example_dags/example_branch_operator.py
[2023-08-20 11:42:24,777] {scheduler_job.py:629} INFO - Processing file /home/airflow/.local/lib/python3.6/site-packages/airflow/example_dags/example_branch_operator.py for tasks to queue
[2023-08-20 11:42:24,778] {logging_mixin.py:104} INFO - [2023-08-20 11:42:24,778] {dagbag.py:451} INFO - Filling up the DagBag from /home/airflow/.local/lib/python3.6/site-packages/airflow/example_dags/example_branch_operator.py
[2023-08-20 11:42:24,794] {scheduler_job.py:639} INFO - DAG(s) dict_keys(['example_branch_operator']) retrieved from /home/airflow/.local/lib/python3.6/site-packages/airflow/example_dags/example_branch_operator.py
[2023-08-20 11:42:24,839] {logging_mixin.py:104} INFO - [2023-08-20 11:42:24,839] {dag.py:1824} INFO - Sync 1 DAGs
[2023-08-20 11:42:24,869] {logging_mixin.py:104} INFO - [2023-08-20 11:42:24,869] {dag.py:2280} INFO - Setting next_dagrun for example_branch_operator to 2023-08-18 00:00:00+00:00
[2023-08-20 11:42:24,908] {scheduler_job.py:190} INFO - Processing /home/airflow/.local/lib/python3.6/site-packages/airflow/example_dags/example_branch_operator.py took 0.136 seconds
[2023-08-20 11:42:55,200] {scheduler_job.py:182} INFO - Started process (PID=174) to work on /home/airflow/.local/lib/python3.6/site-packages/airflow/example_dags/example_branch_operator.py
[2023-08-20 11:42:55,203] {scheduler_job.py:629} INFO - Processing file /home/airflow/.local/lib/python3.6/site-packages/airflow/example_dags/example_branch_operator.py for tasks to queue
[2023-08-20 11:42:55,205] {logging_mixin.py:104} INFO - [2023-08-20 11:42:55,205] {dagbag.py:451} INFO - Filling up the DagBag from /home/airflow/.local/lib/python3.6/site-packages/airflow/example_dags/example_branch_operator.py
[2023-08-20 11:42:55,230] {scheduler_job.py:639} INFO - DAG(s) dict_keys(['example_branch_operator']) retrieved from /home/airflow/.local/lib/python3.6/site-packages/airflow/example_dags/example_branch_operator.py
[2023-08-20 11:42:55,267] {logging_mixin.py:104} INFO - [2023-08-20 11:42:55,267] {dag.py:1824} INFO - Sync 1 DAGs
[2023-08-20 11:42:55,297] {logging_mixin.py:104} INFO - [2023-08-20 11:42:55,296] {dag.py:2280} INFO - Setting next_dagrun for example_branch_operator to 2023-08-18 00:00:00+00:00
[2023-08-20 11:42:55,314] {scheduler_job.py:190} INFO - Processing /home/airflow/.local/lib/python3.6/site-packages/airflow/example_dags/example_branch_operator.py took 0.120 seconds
[2023-08-20 11:43:25,855] {scheduler_job.py:182} INFO - Started process (PID=199) to work on /home/airflow/.local/lib/python3.6/site-packages/airflow/example_dags/example_branch_operator.py
[2023-08-20 11:43:25,858] {scheduler_job.py:629} INFO - Processing file /home/airflow/.local/lib/python3.6/site-packages/airflow/example_dags/example_branch_operator.py for tasks to queue
[2023-08-20 11:43:25,859] {logging_mixin.py:104} INFO - [2023-08-20 11:43:25,859] {dagbag.py:451} INFO - Filling up the DagBag from /home/airflow/.local/lib/python3.6/site-packages/airflow/example_dags/example_branch_operator.py
[2023-08-20 11:43:25,884] {scheduler_job.py:639} INFO - DAG(s) dict_keys(['example_branch_operator']) retrieved from /home/airflow/.local/lib/python3.6/site-packages/airflow/example_dags/example_branch_operator.py
[2023-08-20 11:43:25,923] {logging_mixin.py:104} INFO - [2023-08-20 11:43:25,923] {dag.py:1824} INFO - Sync 1 DAGs
[2023-08-20 11:43:25,953] {logging_mixin.py:104} INFO - [2023-08-20 11:43:25,953] {dag.py:2280} INFO - Setting next_dagrun for example_branch_operator to 2023-08-18 00:00:00+00:00
[2023-08-20 11:43:25,969] {scheduler_job.py:190} INFO - Processing /home/airflow/.local/lib/python3.6/site-packages/airflow/example_dags/example_branch_operator.py took 0.119 seconds
[2023-08-20 11:43:56,763] {scheduler_job.py:182} INFO - Started process (PID=225) to work on /home/airflow/.local/lib/python3.6/site-packages/airflow/example_dags/example_branch_operator.py
[2023-08-20 11:43:56,766] {scheduler_job.py:629} INFO - Processing file /home/airflow/.local/lib/python3.6/site-packages/airflow/example_dags/example_branch_operator.py for tasks to queue
[2023-08-20 11:43:56,768] {logging_mixin.py:104} INFO - [2023-08-20 11:43:56,768] {dagbag.py:451} INFO - Filling up the DagBag from /home/airflow/.local/lib/python3.6/site-packages/airflow/example_dags/example_branch_operator.py
[2023-08-20 11:43:56,785] {scheduler_job.py:639} INFO - DAG(s) dict_keys(['example_branch_operator']) retrieved from /home/airflow/.local/lib/python3.6/site-packages/airflow/example_dags/example_branch_operator.py
[2023-08-20 11:43:56,815] {logging_mixin.py:104} INFO - [2023-08-20 11:43:56,814] {dag.py:1824} INFO - Sync 1 DAGs
[2023-08-20 11:43:56,841] {logging_mixin.py:104} INFO - [2023-08-20 11:43:56,841] {dag.py:2280} INFO - Setting next_dagrun for example_branch_operator to 2023-08-18 00:00:00+00:00
[2023-08-20 11:43:56,858] {scheduler_job.py:190} INFO - Processing /home/airflow/.local/lib/python3.6/site-packages/airflow/example_dags/example_branch_operator.py took 0.099 seconds
[2023-08-20 11:44:27,544] {scheduler_job.py:182} INFO - Started process (PID=251) to work on /home/airflow/.local/lib/python3.6/site-packages/airflow/example_dags/example_branch_operator.py
[2023-08-20 11:44:27,546] {scheduler_job.py:629} INFO - Processing file /home/airflow/.local/lib/python3.6/site-packages/airflow/example_dags/example_branch_operator.py for tasks to queue
[2023-08-20 11:44:27,548] {logging_mixin.py:104} INFO - [2023-08-20 11:44:27,548] {dagbag.py:451} INFO - Filling up the DagBag from /home/airflow/.local/lib/python3.6/site-packages/airflow/example_dags/example_branch_operator.py
[2023-08-20 11:44:27,574] {scheduler_job.py:639} INFO - DAG(s) dict_keys(['example_branch_operator']) retrieved from /home/airflow/.local/lib/python3.6/site-packages/airflow/example_dags/example_branch_operator.py
[2023-08-20 11:44:27,602] {logging_mixin.py:104} INFO - [2023-08-20 11:44:27,602] {dag.py:1824} INFO - Sync 1 DAGs
[2023-08-20 11:44:27,627] {logging_mixin.py:104} INFO - [2023-08-20 11:44:27,627] {dag.py:2280} INFO - Setting next_dagrun for example_branch_operator to 2023-08-18 00:00:00+00:00
[2023-08-20 11:44:27,642] {scheduler_job.py:190} INFO - Processing /home/airflow/.local/lib/python3.6/site-packages/airflow/example_dags/example_branch_operator.py took 0.102 seconds
[2023-08-20 11:44:58,344] {scheduler_job.py:182} INFO - Started process (PID=277) to work on /home/airflow/.local/lib/python3.6/site-packages/airflow/example_dags/example_branch_operator.py
[2023-08-20 11:44:58,346] {scheduler_job.py:629} INFO - Processing file /home/airflow/.local/lib/python3.6/site-packages/airflow/example_dags/example_branch_operator.py for tasks to queue
[2023-08-20 11:44:58,348] {logging_mixin.py:104} INFO - [2023-08-20 11:44:58,348] {dagbag.py:451} INFO - Filling up the DagBag from /home/airflow/.local/lib/python3.6/site-packages/airflow/example_dags/example_branch_operator.py
[2023-08-20 11:44:58,377] {scheduler_job.py:639} INFO - DAG(s) dict_keys(['example_branch_operator']) retrieved from /home/airflow/.local/lib/python3.6/site-packages/airflow/example_dags/example_branch_operator.py
[2023-08-20 11:44:58,405] {logging_mixin.py:104} INFO - [2023-08-20 11:44:58,404] {dag.py:1824} INFO - Sync 1 DAGs
[2023-08-20 11:44:58,427] {logging_mixin.py:104} INFO - [2023-08-20 11:44:58,427] {dag.py:2280} INFO - Setting next_dagrun for example_branch_operator to 2023-08-18 00:00:00+00:00
[2023-08-20 11:44:58,440] {scheduler_job.py:190} INFO - Processing /home/airflow/.local/lib/python3.6/site-packages/airflow/example_dags/example_branch_operator.py took 0.099 seconds
[2023-08-20 11:45:29,109] {scheduler_job.py:182} INFO - Started process (PID=303) to work on /home/airflow/.local/lib/python3.6/site-packages/airflow/example_dags/example_branch_operator.py
[2023-08-20 11:45:29,112] {scheduler_job.py:629} INFO - Processing file /home/airflow/.local/lib/python3.6/site-packages/airflow/example_dags/example_branch_operator.py for tasks to queue
[2023-08-20 11:45:29,114] {logging_mixin.py:104} INFO - [2023-08-20 11:45:29,113] {dagbag.py:451} INFO - Filling up the DagBag from /home/airflow/.local/lib/python3.6/site-packages/airflow/example_dags/example_branch_operator.py
[2023-08-20 11:45:29,149] {scheduler_job.py:639} INFO - DAG(s) dict_keys(['example_branch_operator']) retrieved from /home/airflow/.local/lib/python3.6/site-packages/airflow/example_dags/example_branch_operator.py
[2023-08-20 11:45:29,182] {logging_mixin.py:104} INFO - [2023-08-20 11:45:29,182] {dag.py:1824} INFO - Sync 1 DAGs
[2023-08-20 11:45:29,211] {logging_mixin.py:104} INFO - [2023-08-20 11:45:29,211] {dag.py:2280} INFO - Setting next_dagrun for example_branch_operator to 2023-08-18 00:00:00+00:00
[2023-08-20 11:45:29,234] {scheduler_job.py:190} INFO - Processing /home/airflow/.local/lib/python3.6/site-packages/airflow/example_dags/example_branch_operator.py took 0.129 seconds
[2023-08-20 11:45:59,397] {scheduler_job.py:182} INFO - Started process (PID=329) to work on /home/airflow/.local/lib/python3.6/site-packages/airflow/example_dags/example_branch_operator.py
[2023-08-20 11:45:59,399] {scheduler_job.py:629} INFO - Processing file /home/airflow/.local/lib/python3.6/site-packages/airflow/example_dags/example_branch_operator.py for tasks to queue
[2023-08-20 11:45:59,401] {logging_mixin.py:104} INFO - [2023-08-20 11:45:59,401] {dagbag.py:451} INFO - Filling up the DagBag from /home/airflow/.local/lib/python3.6/site-packages/airflow/example_dags/example_branch_operator.py
[2023-08-20 11:45:59,428] {scheduler_job.py:639} INFO - DAG(s) dict_keys(['example_branch_operator']) retrieved from /home/airflow/.local/lib/python3.6/site-packages/airflow/example_dags/example_branch_operator.py
[2023-08-20 11:45:59,453] {logging_mixin.py:104} INFO - [2023-08-20 11:45:59,453] {dag.py:1824} INFO - Sync 1 DAGs
[2023-08-20 11:45:59,482] {logging_mixin.py:104} INFO - [2023-08-20 11:45:59,482] {dag.py:2280} INFO - Setting next_dagrun for example_branch_operator to 2023-08-18 00:00:00+00:00
[2023-08-20 11:45:59,502] {scheduler_job.py:190} INFO - Processing /home/airflow/.local/lib/python3.6/site-packages/airflow/example_dags/example_branch_operator.py took 0.109 seconds
[2023-08-20 11:46:30,415] {scheduler_job.py:182} INFO - Started process (PID=355) to work on /home/airflow/.local/lib/python3.6/site-packages/airflow/example_dags/example_branch_operator.py
[2023-08-20 11:46:30,417] {scheduler_job.py:629} INFO - Processing file /home/airflow/.local/lib/python3.6/site-packages/airflow/example_dags/example_branch_operator.py for tasks to queue
[2023-08-20 11:46:30,419] {logging_mixin.py:104} INFO - [2023-08-20 11:46:30,418] {dagbag.py:451} INFO - Filling up the DagBag from /home/airflow/.local/lib/python3.6/site-packages/airflow/example_dags/example_branch_operator.py
[2023-08-20 11:46:30,445] {scheduler_job.py:639} INFO - DAG(s) dict_keys(['example_branch_operator']) retrieved from /home/airflow/.local/lib/python3.6/site-packages/airflow/example_dags/example_branch_operator.py
[2023-08-20 11:46:30,470] {logging_mixin.py:104} INFO - [2023-08-20 11:46:30,470] {dag.py:1824} INFO - Sync 1 DAGs
[2023-08-20 11:46:30,494] {logging_mixin.py:104} INFO - [2023-08-20 11:46:30,494] {dag.py:2280} INFO - Setting next_dagrun for example_branch_operator to 2023-08-18 00:00:00+00:00
[2023-08-20 11:46:30,511] {scheduler_job.py:190} INFO - Processing /home/airflow/.local/lib/python3.6/site-packages/airflow/example_dags/example_branch_operator.py took 0.101 seconds
[2023-08-20 11:47:01,210] {scheduler_job.py:182} INFO - Started process (PID=381) to work on /home/airflow/.local/lib/python3.6/site-packages/airflow/example_dags/example_branch_operator.py
[2023-08-20 11:47:01,212] {scheduler_job.py:629} INFO - Processing file /home/airflow/.local/lib/python3.6/site-packages/airflow/example_dags/example_branch_operator.py for tasks to queue
[2023-08-20 11:47:01,213] {logging_mixin.py:104} INFO - [2023-08-20 11:47:01,213] {dagbag.py:451} INFO - Filling up the DagBag from /home/airflow/.local/lib/python3.6/site-packages/airflow/example_dags/example_branch_operator.py
[2023-08-20 11:47:01,240] {scheduler_job.py:639} INFO - DAG(s) dict_keys(['example_branch_operator']) retrieved from /home/airflow/.local/lib/python3.6/site-packages/airflow/example_dags/example_branch_operator.py
[2023-08-20 11:47:01,268] {logging_mixin.py:104} INFO - [2023-08-20 11:47:01,268] {dag.py:1824} INFO - Sync 1 DAGs
[2023-08-20 11:47:01,296] {logging_mixin.py:104} INFO - [2023-08-20 11:47:01,296] {dag.py:2280} INFO - Setting next_dagrun for example_branch_operator to 2023-08-18 00:00:00+00:00
[2023-08-20 11:47:01,316] {scheduler_job.py:190} INFO - Processing /home/airflow/.local/lib/python3.6/site-packages/airflow/example_dags/example_branch_operator.py took 0.111 seconds
[2023-08-20 11:47:32,093] {scheduler_job.py:182} INFO - Started process (PID=407) to work on /home/airflow/.local/lib/python3.6/site-packages/airflow/example_dags/example_branch_operator.py
[2023-08-20 11:47:32,102] {scheduler_job.py:629} INFO - Processing file /home/airflow/.local/lib/python3.6/site-packages/airflow/example_dags/example_branch_operator.py for tasks to queue
[2023-08-20 11:47:32,104] {logging_mixin.py:104} INFO - [2023-08-20 11:47:32,104] {dagbag.py:451} INFO - Filling up the DagBag from /home/airflow/.local/lib/python3.6/site-packages/airflow/example_dags/example_branch_operator.py
[2023-08-20 11:47:32,128] {scheduler_job.py:639} INFO - DAG(s) dict_keys(['example_branch_operator']) retrieved from /home/airflow/.local/lib/python3.6/site-packages/airflow/example_dags/example_branch_operator.py
[2023-08-20 11:47:32,154] {logging_mixin.py:104} INFO - [2023-08-20 11:47:32,154] {dag.py:1824} INFO - Sync 1 DAGs
[2023-08-20 11:47:32,180] {logging_mixin.py:104} INFO - [2023-08-20 11:47:32,180] {dag.py:2280} INFO - Setting next_dagrun for example_branch_operator to 2023-08-18 00:00:00+00:00
[2023-08-20 11:47:32,197] {scheduler_job.py:190} INFO - Processing /home/airflow/.local/lib/python3.6/site-packages/airflow/example_dags/example_branch_operator.py took 0.109 seconds
[2023-08-20 11:48:02,363] {scheduler_job.py:182} INFO - Started process (PID=433) to work on /home/airflow/.local/lib/python3.6/site-packages/airflow/example_dags/example_branch_operator.py
[2023-08-20 11:48:02,365] {scheduler_job.py:629} INFO - Processing file /home/airflow/.local/lib/python3.6/site-packages/airflow/example_dags/example_branch_operator.py for tasks to queue
[2023-08-20 11:48:02,367] {logging_mixin.py:104} INFO - [2023-08-20 11:48:02,367] {dagbag.py:451} INFO - Filling up the DagBag from /home/airflow/.local/lib/python3.6/site-packages/airflow/example_dags/example_branch_operator.py
[2023-08-20 11:48:02,385] {scheduler_job.py:639} INFO - DAG(s) dict_keys(['example_branch_operator']) retrieved from /home/airflow/.local/lib/python3.6/site-packages/airflow/example_dags/example_branch_operator.py
[2023-08-20 11:48:02,414] {logging_mixin.py:104} INFO - [2023-08-20 11:48:02,413] {dag.py:1824} INFO - Sync 1 DAGs
[2023-08-20 11:48:02,441] {logging_mixin.py:104} INFO - [2023-08-20 11:48:02,441] {dag.py:2280} INFO - Setting next_dagrun for example_branch_operator to 2023-08-18 00:00:00+00:00
[2023-08-20 11:48:02,461] {scheduler_job.py:190} INFO - Processing /home/airflow/.local/lib/python3.6/site-packages/airflow/example_dags/example_branch_operator.py took 0.102 seconds
[2023-08-20 11:48:32,577] {scheduler_job.py:182} INFO - Started process (PID=459) to work on /home/airflow/.local/lib/python3.6/site-packages/airflow/example_dags/example_branch_operator.py
[2023-08-20 11:48:32,581] {scheduler_job.py:629} INFO - Processing file /home/airflow/.local/lib/python3.6/site-packages/airflow/example_dags/example_branch_operator.py for tasks to queue
[2023-08-20 11:48:32,583] {logging_mixin.py:104} INFO - [2023-08-20 11:48:32,583] {dagbag.py:451} INFO - Filling up the DagBag from /home/airflow/.local/lib/python3.6/site-packages/airflow/example_dags/example_branch_operator.py
[2023-08-20 11:48:32,610] {scheduler_job.py:639} INFO - DAG(s) dict_keys(['example_branch_operator']) retrieved from /home/airflow/.local/lib/python3.6/site-packages/airflow/example_dags/example_branch_operator.py
[2023-08-20 11:48:32,641] {logging_mixin.py:104} INFO - [2023-08-20 11:48:32,641] {dag.py:1824} INFO - Sync 1 DAGs
[2023-08-20 11:48:32,684] {logging_mixin.py:104} INFO - [2023-08-20 11:48:32,684] {dag.py:2280} INFO - Setting next_dagrun for example_branch_operator to 2023-08-18 00:00:00+00:00
[2023-08-20 11:48:32,706] {scheduler_job.py:190} INFO - Processing /home/airflow/.local/lib/python3.6/site-packages/airflow/example_dags/example_branch_operator.py took 0.133 seconds
[2023-08-20 11:49:03,537] {scheduler_job.py:182} INFO - Started process (PID=485) to work on /home/airflow/.local/lib/python3.6/site-packages/airflow/example_dags/example_branch_operator.py
[2023-08-20 11:49:03,539] {scheduler_job.py:629} INFO - Processing file /home/airflow/.local/lib/python3.6/site-packages/airflow/example_dags/example_branch_operator.py for tasks to queue
[2023-08-20 11:49:03,541] {logging_mixin.py:104} INFO - [2023-08-20 11:49:03,540] {dagbag.py:451} INFO - Filling up the DagBag from /home/airflow/.local/lib/python3.6/site-packages/airflow/example_dags/example_branch_operator.py
[2023-08-20 11:49:03,568] {scheduler_job.py:639} INFO - DAG(s) dict_keys(['example_branch_operator']) retrieved from /home/airflow/.local/lib/python3.6/site-packages/airflow/example_dags/example_branch_operator.py
[2023-08-20 11:49:03,600] {logging_mixin.py:104} INFO - [2023-08-20 11:49:03,600] {dag.py:1824} INFO - Sync 1 DAGs
[2023-08-20 11:49:03,632] {logging_mixin.py:104} INFO - [2023-08-20 11:49:03,632] {dag.py:2280} INFO - Setting next_dagrun for example_branch_operator to 2023-08-18 00:00:00+00:00
[2023-08-20 11:49:03,651] {scheduler_job.py:190} INFO - Processing /home/airflow/.local/lib/python3.6/site-packages/airflow/example_dags/example_branch_operator.py took 0.120 seconds
[2023-08-20 11:49:33,992] {scheduler_job.py:182} INFO - Started process (PID=511) to work on /home/airflow/.local/lib/python3.6/site-packages/airflow/example_dags/example_branch_operator.py
[2023-08-20 11:49:34,000] {scheduler_job.py:629} INFO - Processing file /home/airflow/.local/lib/python3.6/site-packages/airflow/example_dags/example_branch_operator.py for tasks to queue
[2023-08-20 11:49:34,003] {logging_mixin.py:104} INFO - [2023-08-20 11:49:34,003] {dagbag.py:451} INFO - Filling up the DagBag from /home/airflow/.local/lib/python3.6/site-packages/airflow/example_dags/example_branch_operator.py
[2023-08-20 11:49:34,030] {scheduler_job.py:639} INFO - DAG(s) dict_keys(['example_branch_operator']) retrieved from /home/airflow/.local/lib/python3.6/site-packages/airflow/example_dags/example_branch_operator.py
[2023-08-20 11:49:34,071] {logging_mixin.py:104} INFO - [2023-08-20 11:49:34,071] {dag.py:1824} INFO - Sync 1 DAGs
[2023-08-20 11:49:34,099] {logging_mixin.py:104} INFO - [2023-08-20 11:49:34,099] {dag.py:2280} INFO - Setting next_dagrun for example_branch_operator to 2023-08-18 00:00:00+00:00
[2023-08-20 11:49:34,121] {scheduler_job.py:190} INFO - Processing /home/airflow/.local/lib/python3.6/site-packages/airflow/example_dags/example_branch_operator.py took 0.136 seconds
[2023-08-20 11:50:04,815] {scheduler_job.py:182} INFO - Started process (PID=537) to work on /home/airflow/.local/lib/python3.6/site-packages/airflow/example_dags/example_branch_operator.py
[2023-08-20 11:50:04,819] {scheduler_job.py:629} INFO - Processing file /home/airflow/.local/lib/python3.6/site-packages/airflow/example_dags/example_branch_operator.py for tasks to queue
[2023-08-20 11:50:04,821] {logging_mixin.py:104} INFO - [2023-08-20 11:50:04,821] {dagbag.py:451} INFO - Filling up the DagBag from /home/airflow/.local/lib/python3.6/site-packages/airflow/example_dags/example_branch_operator.py
[2023-08-20 11:50:04,842] {scheduler_job.py:639} INFO - DAG(s) dict_keys(['example_branch_operator']) retrieved from /home/airflow/.local/lib/python3.6/site-packages/airflow/example_dags/example_branch_operator.py
[2023-08-20 11:50:04,873] {logging_mixin.py:104} INFO - [2023-08-20 11:50:04,872] {dag.py:1824} INFO - Sync 1 DAGs
[2023-08-20 11:50:04,900] {logging_mixin.py:104} INFO - [2023-08-20 11:50:04,899] {dag.py:2280} INFO - Setting next_dagrun for example_branch_operator to 2023-08-18 00:00:00+00:00
[2023-08-20 11:50:04,914] {scheduler_job.py:190} INFO - Processing /home/airflow/.local/lib/python3.6/site-packages/airflow/example_dags/example_branch_operator.py took 0.106 seconds
[2023-08-20 11:50:35,540] {scheduler_job.py:182} INFO - Started process (PID=563) to work on /home/airflow/.local/lib/python3.6/site-packages/airflow/example_dags/example_branch_operator.py
[2023-08-20 11:50:35,543] {scheduler_job.py:629} INFO - Processing file /home/airflow/.local/lib/python3.6/site-packages/airflow/example_dags/example_branch_operator.py for tasks to queue
[2023-08-20 11:50:35,545] {logging_mixin.py:104} INFO - [2023-08-20 11:50:35,545] {dagbag.py:451} INFO - Filling up the DagBag from /home/airflow/.local/lib/python3.6/site-packages/airflow/example_dags/example_branch_operator.py
[2023-08-20 11:50:35,566] {scheduler_job.py:639} INFO - DAG(s) dict_keys(['example_branch_operator']) retrieved from /home/airflow/.local/lib/python3.6/site-packages/airflow/example_dags/example_branch_operator.py
[2023-08-20 11:50:35,595] {logging_mixin.py:104} INFO - [2023-08-20 11:50:35,595] {dag.py:1824} INFO - Sync 1 DAGs
[2023-08-20 11:50:35,629] {logging_mixin.py:104} INFO - [2023-08-20 11:50:35,629] {dag.py:2280} INFO - Setting next_dagrun for example_branch_operator to 2023-08-18 00:00:00+00:00
[2023-08-20 11:50:35,647] {scheduler_job.py:190} INFO - Processing /home/airflow/.local/lib/python3.6/site-packages/airflow/example_dags/example_branch_operator.py took 0.112 seconds
[2023-08-20 11:51:06,145] {scheduler_job.py:182} INFO - Started process (PID=589) to work on /home/airflow/.local/lib/python3.6/site-packages/airflow/example_dags/example_branch_operator.py
[2023-08-20 11:51:06,148] {scheduler_job.py:629} INFO - Processing file /home/airflow/.local/lib/python3.6/site-packages/airflow/example_dags/example_branch_operator.py for tasks to queue
[2023-08-20 11:51:06,150] {logging_mixin.py:104} INFO - [2023-08-20 11:51:06,149] {dagbag.py:451} INFO - Filling up the DagBag from /home/airflow/.local/lib/python3.6/site-packages/airflow/example_dags/example_branch_operator.py
[2023-08-20 11:51:06,172] {scheduler_job.py:639} INFO - DAG(s) dict_keys(['example_branch_operator']) retrieved from /home/airflow/.local/lib/python3.6/site-packages/airflow/example_dags/example_branch_operator.py
[2023-08-20 11:51:06,201] {logging_mixin.py:104} INFO - [2023-08-20 11:51:06,201] {dag.py:1824} INFO - Sync 1 DAGs
[2023-08-20 11:51:06,230] {logging_mixin.py:104} INFO - [2023-08-20 11:51:06,230] {dag.py:2280} INFO - Setting next_dagrun for example_branch_operator to 2023-08-18 00:00:00+00:00
[2023-08-20 11:51:06,248] {scheduler_job.py:190} INFO - Processing /home/airflow/.local/lib/python3.6/site-packages/airflow/example_dags/example_branch_operator.py took 0.109 seconds
[2023-08-20 11:51:36,805] {scheduler_job.py:182} INFO - Started process (PID=615) to work on /home/airflow/.local/lib/python3.6/site-packages/airflow/example_dags/example_branch_operator.py
[2023-08-20 11:51:36,809] {scheduler_job.py:629} INFO - Processing file /home/airflow/.local/lib/python3.6/site-packages/airflow/example_dags/example_branch_operator.py for tasks to queue
[2023-08-20 11:51:36,811] {logging_mixin.py:104} INFO - [2023-08-20 11:51:36,810] {dagbag.py:451} INFO - Filling up the DagBag from /home/airflow/.local/lib/python3.6/site-packages/airflow/example_dags/example_branch_operator.py
[2023-08-20 11:51:36,830] {scheduler_job.py:639} INFO - DAG(s) dict_keys(['example_branch_operator']) retrieved from /home/airflow/.local/lib/python3.6/site-packages/airflow/example_dags/example_branch_operator.py
[2023-08-20 11:51:36,859] {logging_mixin.py:104} INFO - [2023-08-20 11:51:36,859] {dag.py:1824} INFO - Sync 1 DAGs
[2023-08-20 11:51:36,886] {logging_mixin.py:104} INFO - [2023-08-20 11:51:36,886] {dag.py:2280} INFO - Setting next_dagrun for example_branch_operator to 2023-08-18 00:00:00+00:00
[2023-08-20 11:51:36,904] {scheduler_job.py:190} INFO - Processing /home/airflow/.local/lib/python3.6/site-packages/airflow/example_dags/example_branch_operator.py took 0.104 seconds
[2023-08-20 11:52:07,823] {scheduler_job.py:182} INFO - Started process (PID=641) to work on /home/airflow/.local/lib/python3.6/site-packages/airflow/example_dags/example_branch_operator.py
[2023-08-20 11:52:07,825] {scheduler_job.py:629} INFO - Processing file /home/airflow/.local/lib/python3.6/site-packages/airflow/example_dags/example_branch_operator.py for tasks to queue
[2023-08-20 11:52:07,827] {logging_mixin.py:104} INFO - [2023-08-20 11:52:07,827] {dagbag.py:451} INFO - Filling up the DagBag from /home/airflow/.local/lib/python3.6/site-packages/airflow/example_dags/example_branch_operator.py
[2023-08-20 11:52:07,846] {scheduler_job.py:639} INFO - DAG(s) dict_keys(['example_branch_operator']) retrieved from /home/airflow/.local/lib/python3.6/site-packages/airflow/example_dags/example_branch_operator.py
[2023-08-20 11:52:07,873] {logging_mixin.py:104} INFO - [2023-08-20 11:52:07,873] {dag.py:1824} INFO - Sync 1 DAGs
[2023-08-20 11:52:07,896] {logging_mixin.py:104} INFO - [2023-08-20 11:52:07,896] {dag.py:2280} INFO - Setting next_dagrun for example_branch_operator to 2023-08-18 00:00:00+00:00
[2023-08-20 11:52:07,912] {scheduler_job.py:190} INFO - Processing /home/airflow/.local/lib/python3.6/site-packages/airflow/example_dags/example_branch_operator.py took 0.093 seconds
[2023-08-20 11:52:38,420] {scheduler_job.py:182} INFO - Started process (PID=667) to work on /home/airflow/.local/lib/python3.6/site-packages/airflow/example_dags/example_branch_operator.py
[2023-08-20 11:52:38,423] {scheduler_job.py:629} INFO - Processing file /home/airflow/.local/lib/python3.6/site-packages/airflow/example_dags/example_branch_operator.py for tasks to queue
[2023-08-20 11:52:38,425] {logging_mixin.py:104} INFO - [2023-08-20 11:52:38,425] {dagbag.py:451} INFO - Filling up the DagBag from /home/airflow/.local/lib/python3.6/site-packages/airflow/example_dags/example_branch_operator.py
[2023-08-20 11:52:38,445] {scheduler_job.py:639} INFO - DAG(s) dict_keys(['example_branch_operator']) retrieved from /home/airflow/.local/lib/python3.6/site-packages/airflow/example_dags/example_branch_operator.py
[2023-08-20 11:52:38,472] {logging_mixin.py:104} INFO - [2023-08-20 11:52:38,472] {dag.py:1824} INFO - Sync 1 DAGs
[2023-08-20 11:52:38,501] {logging_mixin.py:104} INFO - [2023-08-20 11:52:38,500] {dag.py:2280} INFO - Setting next_dagrun for example_branch_operator to 2023-08-18 00:00:00+00:00
[2023-08-20 11:52:38,519] {scheduler_job.py:190} INFO - Processing /home/airflow/.local/lib/python3.6/site-packages/airflow/example_dags/example_branch_operator.py took 0.104 seconds
[2023-08-20 11:53:09,297] {scheduler_job.py:182} INFO - Started process (PID=693) to work on /home/airflow/.local/lib/python3.6/site-packages/airflow/example_dags/example_branch_operator.py
[2023-08-20 11:53:09,300] {scheduler_job.py:629} INFO - Processing file /home/airflow/.local/lib/python3.6/site-packages/airflow/example_dags/example_branch_operator.py for tasks to queue
[2023-08-20 11:53:09,301] {logging_mixin.py:104} INFO - [2023-08-20 11:53:09,301] {dagbag.py:451} INFO - Filling up the DagBag from /home/airflow/.local/lib/python3.6/site-packages/airflow/example_dags/example_branch_operator.py
[2023-08-20 11:53:09,323] {scheduler_job.py:639} INFO - DAG(s) dict_keys(['example_branch_operator']) retrieved from /home/airflow/.local/lib/python3.6/site-packages/airflow/example_dags/example_branch_operator.py
[2023-08-20 11:53:09,351] {logging_mixin.py:104} INFO - [2023-08-20 11:53:09,351] {dag.py:1824} INFO - Sync 1 DAGs
[2023-08-20 11:53:09,378] {logging_mixin.py:104} INFO - [2023-08-20 11:53:09,378] {dag.py:2280} INFO - Setting next_dagrun for example_branch_operator to 2023-08-18 00:00:00+00:00
[2023-08-20 11:53:09,393] {scheduler_job.py:190} INFO - Processing /home/airflow/.local/lib/python3.6/site-packages/airflow/example_dags/example_branch_operator.py took 0.100 seconds
[2023-08-20 11:53:40,180] {scheduler_job.py:182} INFO - Started process (PID=719) to work on /home/airflow/.local/lib/python3.6/site-packages/airflow/example_dags/example_branch_operator.py
[2023-08-20 11:53:40,183] {scheduler_job.py:629} INFO - Processing file /home/airflow/.local/lib/python3.6/site-packages/airflow/example_dags/example_branch_operator.py for tasks to queue
[2023-08-20 11:53:40,185] {logging_mixin.py:104} INFO - [2023-08-20 11:53:40,185] {dagbag.py:451} INFO - Filling up the DagBag from /home/airflow/.local/lib/python3.6/site-packages/airflow/example_dags/example_branch_operator.py
[2023-08-20 11:53:40,210] {scheduler_job.py:639} INFO - DAG(s) dict_keys(['example_branch_operator']) retrieved from /home/airflow/.local/lib/python3.6/site-packages/airflow/example_dags/example_branch_operator.py
[2023-08-20 11:53:40,238] {logging_mixin.py:104} INFO - [2023-08-20 11:53:40,238] {dag.py:1824} INFO - Sync 1 DAGs
[2023-08-20 11:53:40,262] {logging_mixin.py:104} INFO - [2023-08-20 11:53:40,262] {dag.py:2280} INFO - Setting next_dagrun for example_branch_operator to 2023-08-18 00:00:00+00:00
[2023-08-20 11:53:40,278] {scheduler_job.py:190} INFO - Processing /home/airflow/.local/lib/python3.6/site-packages/airflow/example_dags/example_branch_operator.py took 0.105 seconds
[2023-08-20 11:54:11,056] {scheduler_job.py:182} INFO - Started process (PID=745) to work on /home/airflow/.local/lib/python3.6/site-packages/airflow/example_dags/example_branch_operator.py
[2023-08-20 11:54:11,060] {scheduler_job.py:629} INFO - Processing file /home/airflow/.local/lib/python3.6/site-packages/airflow/example_dags/example_branch_operator.py for tasks to queue
[2023-08-20 11:54:11,061] {logging_mixin.py:104} INFO - [2023-08-20 11:54:11,061] {dagbag.py:451} INFO - Filling up the DagBag from /home/airflow/.local/lib/python3.6/site-packages/airflow/example_dags/example_branch_operator.py
[2023-08-20 11:54:11,084] {scheduler_job.py:639} INFO - DAG(s) dict_keys(['example_branch_operator']) retrieved from /home/airflow/.local/lib/python3.6/site-packages/airflow/example_dags/example_branch_operator.py
[2023-08-20 11:54:11,108] {logging_mixin.py:104} INFO - [2023-08-20 11:54:11,108] {dag.py:1824} INFO - Sync 1 DAGs
[2023-08-20 11:54:11,132] {logging_mixin.py:104} INFO - [2023-08-20 11:54:11,132] {dag.py:2280} INFO - Setting next_dagrun for example_branch_operator to 2023-08-18 00:00:00+00:00
[2023-08-20 11:54:11,148] {scheduler_job.py:190} INFO - Processing /home/airflow/.local/lib/python3.6/site-packages/airflow/example_dags/example_branch_operator.py took 0.096 seconds
[2023-08-20 11:54:41,997] {scheduler_job.py:182} INFO - Started process (PID=771) to work on /home/airflow/.local/lib/python3.6/site-packages/airflow/example_dags/example_branch_operator.py
[2023-08-20 11:54:42,000] {scheduler_job.py:629} INFO - Processing file /home/airflow/.local/lib/python3.6/site-packages/airflow/example_dags/example_branch_operator.py for tasks to queue
[2023-08-20 11:54:42,003] {logging_mixin.py:104} INFO - [2023-08-20 11:54:42,002] {dagbag.py:451} INFO - Filling up the DagBag from /home/airflow/.local/lib/python3.6/site-packages/airflow/example_dags/example_branch_operator.py
[2023-08-20 11:54:42,019] {scheduler_job.py:639} INFO - DAG(s) dict_keys(['example_branch_operator']) retrieved from /home/airflow/.local/lib/python3.6/site-packages/airflow/example_dags/example_branch_operator.py
[2023-08-20 11:54:42,055] {logging_mixin.py:104} INFO - [2023-08-20 11:54:42,055] {dag.py:1824} INFO - Sync 1 DAGs
[2023-08-20 11:54:42,083] {logging_mixin.py:104} INFO - [2023-08-20 11:54:42,083] {dag.py:2280} INFO - Setting next_dagrun for example_branch_operator to 2023-08-18 00:00:00+00:00
[2023-08-20 11:54:42,097] {scheduler_job.py:190} INFO - Processing /home/airflow/.local/lib/python3.6/site-packages/airflow/example_dags/example_branch_operator.py took 0.105 seconds
[2023-08-20 11:55:12,851] {scheduler_job.py:182} INFO - Started process (PID=797) to work on /home/airflow/.local/lib/python3.6/site-packages/airflow/example_dags/example_branch_operator.py
[2023-08-20 11:55:12,859] {scheduler_job.py:629} INFO - Processing file /home/airflow/.local/lib/python3.6/site-packages/airflow/example_dags/example_branch_operator.py for tasks to queue
[2023-08-20 11:55:12,861] {logging_mixin.py:104} INFO - [2023-08-20 11:55:12,861] {dagbag.py:451} INFO - Filling up the DagBag from /home/airflow/.local/lib/python3.6/site-packages/airflow/example_dags/example_branch_operator.py
[2023-08-20 11:55:12,884] {scheduler_job.py:639} INFO - DAG(s) dict_keys(['example_branch_operator']) retrieved from /home/airflow/.local/lib/python3.6/site-packages/airflow/example_dags/example_branch_operator.py
[2023-08-20 11:55:12,910] {logging_mixin.py:104} INFO - [2023-08-20 11:55:12,910] {dag.py:1824} INFO - Sync 1 DAGs
[2023-08-20 11:55:12,932] {logging_mixin.py:104} INFO - [2023-08-20 11:55:12,932] {dag.py:2280} INFO - Setting next_dagrun for example_branch_operator to 2023-08-18 00:00:00+00:00
[2023-08-20 11:55:12,948] {scheduler_job.py:190} INFO - Processing /home/airflow/.local/lib/python3.6/site-packages/airflow/example_dags/example_branch_operator.py took 0.100 seconds
[2023-08-20 11:55:43,449] {scheduler_job.py:182} INFO - Started process (PID=823) to work on /home/airflow/.local/lib/python3.6/site-packages/airflow/example_dags/example_branch_operator.py
[2023-08-20 11:55:43,453] {scheduler_job.py:629} INFO - Processing file /home/airflow/.local/lib/python3.6/site-packages/airflow/example_dags/example_branch_operator.py for tasks to queue
[2023-08-20 11:55:43,455] {logging_mixin.py:104} INFO - [2023-08-20 11:55:43,455] {dagbag.py:451} INFO - Filling up the DagBag from /home/airflow/.local/lib/python3.6/site-packages/airflow/example_dags/example_branch_operator.py
[2023-08-20 11:55:43,480] {scheduler_job.py:639} INFO - DAG(s) dict_keys(['example_branch_operator']) retrieved from /home/airflow/.local/lib/python3.6/site-packages/airflow/example_dags/example_branch_operator.py
[2023-08-20 11:55:43,507] {logging_mixin.py:104} INFO - [2023-08-20 11:55:43,507] {dag.py:1824} INFO - Sync 1 DAGs
[2023-08-20 11:55:43,534] {logging_mixin.py:104} INFO - [2023-08-20 11:55:43,533] {dag.py:2280} INFO - Setting next_dagrun for example_branch_operator to 2023-08-18 00:00:00+00:00
[2023-08-20 11:55:43,551] {scheduler_job.py:190} INFO - Processing /home/airflow/.local/lib/python3.6/site-packages/airflow/example_dags/example_branch_operator.py took 0.106 seconds
[2023-08-20 11:56:14,214] {scheduler_job.py:182} INFO - Started process (PID=849) to work on /home/airflow/.local/lib/python3.6/site-packages/airflow/example_dags/example_branch_operator.py
[2023-08-20 11:56:14,221] {scheduler_job.py:629} INFO - Processing file /home/airflow/.local/lib/python3.6/site-packages/airflow/example_dags/example_branch_operator.py for tasks to queue
[2023-08-20 11:56:14,225] {logging_mixin.py:104} INFO - [2023-08-20 11:56:14,224] {dagbag.py:451} INFO - Filling up the DagBag from /home/airflow/.local/lib/python3.6/site-packages/airflow/example_dags/example_branch_operator.py
[2023-08-20 11:56:14,246] {scheduler_job.py:639} INFO - DAG(s) dict_keys(['example_branch_operator']) retrieved from /home/airflow/.local/lib/python3.6/site-packages/airflow/example_dags/example_branch_operator.py
[2023-08-20 11:56:14,272] {logging_mixin.py:104} INFO - [2023-08-20 11:56:14,272] {dag.py:1824} INFO - Sync 1 DAGs
[2023-08-20 11:56:14,297] {logging_mixin.py:104} INFO - [2023-08-20 11:56:14,297] {dag.py:2280} INFO - Setting next_dagrun for example_branch_operator to 2023-08-18 00:00:00+00:00
[2023-08-20 11:56:14,313] {scheduler_job.py:190} INFO - Processing /home/airflow/.local/lib/python3.6/site-packages/airflow/example_dags/example_branch_operator.py took 0.102 seconds
[2023-08-20 11:56:44,719] {scheduler_job.py:182} INFO - Started process (PID=875) to work on /home/airflow/.local/lib/python3.6/site-packages/airflow/example_dags/example_branch_operator.py
[2023-08-20 11:56:44,722] {scheduler_job.py:629} INFO - Processing file /home/airflow/.local/lib/python3.6/site-packages/airflow/example_dags/example_branch_operator.py for tasks to queue
[2023-08-20 11:56:44,724] {logging_mixin.py:104} INFO - [2023-08-20 11:56:44,723] {dagbag.py:451} INFO - Filling up the DagBag from /home/airflow/.local/lib/python3.6/site-packages/airflow/example_dags/example_branch_operator.py
[2023-08-20 11:56:44,747] {scheduler_job.py:639} INFO - DAG(s) dict_keys(['example_branch_operator']) retrieved from /home/airflow/.local/lib/python3.6/site-packages/airflow/example_dags/example_branch_operator.py
[2023-08-20 11:56:44,771] {logging_mixin.py:104} INFO - [2023-08-20 11:56:44,771] {dag.py:1824} INFO - Sync 1 DAGs
[2023-08-20 11:56:44,797] {logging_mixin.py:104} INFO - [2023-08-20 11:56:44,797] {dag.py:2280} INFO - Setting next_dagrun for example_branch_operator to 2023-08-18 00:00:00+00:00
[2023-08-20 11:56:44,814] {scheduler_job.py:190} INFO - Processing /home/airflow/.local/lib/python3.6/site-packages/airflow/example_dags/example_branch_operator.py took 0.100 seconds
[2023-08-20 11:57:15,404] {scheduler_job.py:182} INFO - Started process (PID=901) to work on /home/airflow/.local/lib/python3.6/site-packages/airflow/example_dags/example_branch_operator.py
[2023-08-20 11:57:15,406] {scheduler_job.py:629} INFO - Processing file /home/airflow/.local/lib/python3.6/site-packages/airflow/example_dags/example_branch_operator.py for tasks to queue
[2023-08-20 11:57:15,408] {logging_mixin.py:104} INFO - [2023-08-20 11:57:15,407] {dagbag.py:451} INFO - Filling up the DagBag from /home/airflow/.local/lib/python3.6/site-packages/airflow/example_dags/example_branch_operator.py
[2023-08-20 11:57:15,430] {scheduler_job.py:639} INFO - DAG(s) dict_keys(['example_branch_operator']) retrieved from /home/airflow/.local/lib/python3.6/site-packages/airflow/example_dags/example_branch_operator.py
[2023-08-20 11:57:15,455] {logging_mixin.py:104} INFO - [2023-08-20 11:57:15,455] {dag.py:1824} INFO - Sync 1 DAGs
[2023-08-20 11:57:15,479] {logging_mixin.py:104} INFO - [2023-08-20 11:57:15,479] {dag.py:2280} INFO - Setting next_dagrun for example_branch_operator to 2023-08-18 00:00:00+00:00
[2023-08-20 11:57:15,497] {scheduler_job.py:190} INFO - Processing /home/airflow/.local/lib/python3.6/site-packages/airflow/example_dags/example_branch_operator.py took 0.097 seconds
[2023-08-20 11:57:46,101] {scheduler_job.py:182} INFO - Started process (PID=927) to work on /home/airflow/.local/lib/python3.6/site-packages/airflow/example_dags/example_branch_operator.py
[2023-08-20 11:57:46,105] {scheduler_job.py:629} INFO - Processing file /home/airflow/.local/lib/python3.6/site-packages/airflow/example_dags/example_branch_operator.py for tasks to queue
[2023-08-20 11:57:46,106] {logging_mixin.py:104} INFO - [2023-08-20 11:57:46,106] {dagbag.py:451} INFO - Filling up the DagBag from /home/airflow/.local/lib/python3.6/site-packages/airflow/example_dags/example_branch_operator.py
[2023-08-20 11:57:46,128] {scheduler_job.py:639} INFO - DAG(s) dict_keys(['example_branch_operator']) retrieved from /home/airflow/.local/lib/python3.6/site-packages/airflow/example_dags/example_branch_operator.py
[2023-08-20 11:57:46,152] {logging_mixin.py:104} INFO - [2023-08-20 11:57:46,151] {dag.py:1824} INFO - Sync 1 DAGs
[2023-08-20 11:57:46,180] {logging_mixin.py:104} INFO - [2023-08-20 11:57:46,180] {dag.py:2280} INFO - Setting next_dagrun for example_branch_operator to 2023-08-18 00:00:00+00:00
[2023-08-20 11:57:46,198] {scheduler_job.py:190} INFO - Processing /home/airflow/.local/lib/python3.6/site-packages/airflow/example_dags/example_branch_operator.py took 0.101 seconds
[2023-08-20 11:58:16,601] {scheduler_job.py:182} INFO - Started process (PID=953) to work on /home/airflow/.local/lib/python3.6/site-packages/airflow/example_dags/example_branch_operator.py
[2023-08-20 11:58:16,603] {scheduler_job.py:629} INFO - Processing file /home/airflow/.local/lib/python3.6/site-packages/airflow/example_dags/example_branch_operator.py for tasks to queue
[2023-08-20 11:58:16,605] {logging_mixin.py:104} INFO - [2023-08-20 11:58:16,605] {dagbag.py:451} INFO - Filling up the DagBag from /home/airflow/.local/lib/python3.6/site-packages/airflow/example_dags/example_branch_operator.py
[2023-08-20 11:58:16,632] {scheduler_job.py:639} INFO - DAG(s) dict_keys(['example_branch_operator']) retrieved from /home/airflow/.local/lib/python3.6/site-packages/airflow/example_dags/example_branch_operator.py
[2023-08-20 11:58:16,657] {logging_mixin.py:104} INFO - [2023-08-20 11:58:16,657] {dag.py:1824} INFO - Sync 1 DAGs
[2023-08-20 11:58:16,683] {logging_mixin.py:104} INFO - [2023-08-20 11:58:16,683] {dag.py:2280} INFO - Setting next_dagrun for example_branch_operator to 2023-08-18 00:00:00+00:00
[2023-08-20 11:58:16,697] {scheduler_job.py:190} INFO - Processing /home/airflow/.local/lib/python3.6/site-packages/airflow/example_dags/example_branch_operator.py took 0.101 seconds
[2023-08-20 11:58:47,102] {scheduler_job.py:182} INFO - Started process (PID=979) to work on /home/airflow/.local/lib/python3.6/site-packages/airflow/example_dags/example_branch_operator.py
[2023-08-20 11:58:47,104] {scheduler_job.py:629} INFO - Processing file /home/airflow/.local/lib/python3.6/site-packages/airflow/example_dags/example_branch_operator.py for tasks to queue
[2023-08-20 11:58:47,105] {logging_mixin.py:104} INFO - [2023-08-20 11:58:47,105] {dagbag.py:451} INFO - Filling up the DagBag from /home/airflow/.local/lib/python3.6/site-packages/airflow/example_dags/example_branch_operator.py
[2023-08-20 11:58:47,127] {scheduler_job.py:639} INFO - DAG(s) dict_keys(['example_branch_operator']) retrieved from /home/airflow/.local/lib/python3.6/site-packages/airflow/example_dags/example_branch_operator.py
[2023-08-20 11:58:47,154] {logging_mixin.py:104} INFO - [2023-08-20 11:58:47,154] {dag.py:1824} INFO - Sync 1 DAGs
[2023-08-20 11:58:47,182] {logging_mixin.py:104} INFO - [2023-08-20 11:58:47,181] {dag.py:2280} INFO - Setting next_dagrun for example_branch_operator to 2023-08-18 00:00:00+00:00
[2023-08-20 11:58:47,196] {scheduler_job.py:190} INFO - Processing /home/airflow/.local/lib/python3.6/site-packages/airflow/example_dags/example_branch_operator.py took 0.099 seconds
[2023-08-20 11:59:17,712] {scheduler_job.py:182} INFO - Started process (PID=1005) to work on /home/airflow/.local/lib/python3.6/site-packages/airflow/example_dags/example_branch_operator.py
[2023-08-20 11:59:17,714] {scheduler_job.py:629} INFO - Processing file /home/airflow/.local/lib/python3.6/site-packages/airflow/example_dags/example_branch_operator.py for tasks to queue
[2023-08-20 11:59:17,716] {logging_mixin.py:104} INFO - [2023-08-20 11:59:17,716] {dagbag.py:451} INFO - Filling up the DagBag from /home/airflow/.local/lib/python3.6/site-packages/airflow/example_dags/example_branch_operator.py
[2023-08-20 11:59:17,734] {scheduler_job.py:639} INFO - DAG(s) dict_keys(['example_branch_operator']) retrieved from /home/airflow/.local/lib/python3.6/site-packages/airflow/example_dags/example_branch_operator.py
[2023-08-20 11:59:17,764] {logging_mixin.py:104} INFO - [2023-08-20 11:59:17,764] {dag.py:1824} INFO - Sync 1 DAGs
[2023-08-20 11:59:17,791] {logging_mixin.py:104} INFO - [2023-08-20 11:59:17,791] {dag.py:2280} INFO - Setting next_dagrun for example_branch_operator to 2023-08-18 00:00:00+00:00
[2023-08-20 11:59:17,809] {scheduler_job.py:190} INFO - Processing /home/airflow/.local/lib/python3.6/site-packages/airflow/example_dags/example_branch_operator.py took 0.100 seconds
[2023-08-20 11:59:48,375] {scheduler_job.py:182} INFO - Started process (PID=1031) to work on /home/airflow/.local/lib/python3.6/site-packages/airflow/example_dags/example_branch_operator.py
[2023-08-20 11:59:48,378] {scheduler_job.py:629} INFO - Processing file /home/airflow/.local/lib/python3.6/site-packages/airflow/example_dags/example_branch_operator.py for tasks to queue
[2023-08-20 11:59:48,382] {logging_mixin.py:104} INFO - [2023-08-20 11:59:48,382] {dagbag.py:451} INFO - Filling up the DagBag from /home/airflow/.local/lib/python3.6/site-packages/airflow/example_dags/example_branch_operator.py
[2023-08-20 11:59:48,404] {scheduler_job.py:639} INFO - DAG(s) dict_keys(['example_branch_operator']) retrieved from /home/airflow/.local/lib/python3.6/site-packages/airflow/example_dags/example_branch_operator.py
[2023-08-20 11:59:48,431] {logging_mixin.py:104} INFO - [2023-08-20 11:59:48,431] {dag.py:1824} INFO - Sync 1 DAGs
[2023-08-20 11:59:48,453] {logging_mixin.py:104} INFO - [2023-08-20 11:59:48,453] {dag.py:2280} INFO - Setting next_dagrun for example_branch_operator to 2023-08-18 00:00:00+00:00
[2023-08-20 11:59:48,470] {scheduler_job.py:190} INFO - Processing /home/airflow/.local/lib/python3.6/site-packages/airflow/example_dags/example_branch_operator.py took 0.099 seconds
[2023-08-20 12:00:19,051] {scheduler_job.py:182} INFO - Started process (PID=1057) to work on /home/airflow/.local/lib/python3.6/site-packages/airflow/example_dags/example_branch_operator.py
[2023-08-20 12:00:19,054] {scheduler_job.py:629} INFO - Processing file /home/airflow/.local/lib/python3.6/site-packages/airflow/example_dags/example_branch_operator.py for tasks to queue
[2023-08-20 12:00:19,056] {logging_mixin.py:104} INFO - [2023-08-20 12:00:19,056] {dagbag.py:451} INFO - Filling up the DagBag from /home/airflow/.local/lib/python3.6/site-packages/airflow/example_dags/example_branch_operator.py
[2023-08-20 12:00:19,079] {scheduler_job.py:639} INFO - DAG(s) dict_keys(['example_branch_operator']) retrieved from /home/airflow/.local/lib/python3.6/site-packages/airflow/example_dags/example_branch_operator.py
[2023-08-20 12:00:19,106] {logging_mixin.py:104} INFO - [2023-08-20 12:00:19,105] {dag.py:1824} INFO - Sync 1 DAGs
[2023-08-20 12:00:19,133] {logging_mixin.py:104} INFO - [2023-08-20 12:00:19,133] {dag.py:2280} INFO - Setting next_dagrun for example_branch_operator to 2023-08-18 00:00:00+00:00
[2023-08-20 12:00:19,151] {scheduler_job.py:190} INFO - Processing /home/airflow/.local/lib/python3.6/site-packages/airflow/example_dags/example_branch_operator.py took 0.104 seconds
[2023-08-20 12:00:49,742] {scheduler_job.py:182} INFO - Started process (PID=1083) to work on /home/airflow/.local/lib/python3.6/site-packages/airflow/example_dags/example_branch_operator.py
[2023-08-20 12:00:49,745] {scheduler_job.py:629} INFO - Processing file /home/airflow/.local/lib/python3.6/site-packages/airflow/example_dags/example_branch_operator.py for tasks to queue
[2023-08-20 12:00:49,746] {logging_mixin.py:104} INFO - [2023-08-20 12:00:49,746] {dagbag.py:451} INFO - Filling up the DagBag from /home/airflow/.local/lib/python3.6/site-packages/airflow/example_dags/example_branch_operator.py
[2023-08-20 12:00:49,768] {scheduler_job.py:639} INFO - DAG(s) dict_keys(['example_branch_operator']) retrieved from /home/airflow/.local/lib/python3.6/site-packages/airflow/example_dags/example_branch_operator.py
[2023-08-20 12:00:49,793] {logging_mixin.py:104} INFO - [2023-08-20 12:00:49,793] {dag.py:1824} INFO - Sync 1 DAGs
[2023-08-20 12:00:49,819] {logging_mixin.py:104} INFO - [2023-08-20 12:00:49,818] {dag.py:2280} INFO - Setting next_dagrun for example_branch_operator to 2023-08-18 00:00:00+00:00
[2023-08-20 12:00:49,835] {scheduler_job.py:190} INFO - Processing /home/airflow/.local/lib/python3.6/site-packages/airflow/example_dags/example_branch_operator.py took 0.097 seconds
[2023-08-20 12:01:20,391] {scheduler_job.py:182} INFO - Started process (PID=1109) to work on /home/airflow/.local/lib/python3.6/site-packages/airflow/example_dags/example_branch_operator.py
[2023-08-20 12:01:20,394] {scheduler_job.py:629} INFO - Processing file /home/airflow/.local/lib/python3.6/site-packages/airflow/example_dags/example_branch_operator.py for tasks to queue
[2023-08-20 12:01:20,396] {logging_mixin.py:104} INFO - [2023-08-20 12:01:20,396] {dagbag.py:451} INFO - Filling up the DagBag from /home/airflow/.local/lib/python3.6/site-packages/airflow/example_dags/example_branch_operator.py
[2023-08-20 12:01:20,424] {scheduler_job.py:639} INFO - DAG(s) dict_keys(['example_branch_operator']) retrieved from /home/airflow/.local/lib/python3.6/site-packages/airflow/example_dags/example_branch_operator.py
[2023-08-20 12:01:20,449] {logging_mixin.py:104} INFO - [2023-08-20 12:01:20,449] {dag.py:1824} INFO - Sync 1 DAGs
[2023-08-20 12:01:20,474] {logging_mixin.py:104} INFO - [2023-08-20 12:01:20,474] {dag.py:2280} INFO - Setting next_dagrun for example_branch_operator to 2023-08-18 00:00:00+00:00
[2023-08-20 12:01:20,486] {scheduler_job.py:190} INFO - Processing /home/airflow/.local/lib/python3.6/site-packages/airflow/example_dags/example_branch_operator.py took 0.099 seconds
[2023-08-20T17:37:40.899+0000] {processor.py:157} INFO - Started process (PID=70) to work on /home/airflow/.local/lib/python3.8/site-packages/airflow/example_dags/example_branch_operator.py
[2023-08-20T17:37:40.901+0000] {processor.py:829} INFO - Processing file /home/airflow/.local/lib/python3.8/site-packages/airflow/example_dags/example_branch_operator.py for tasks to queue
[2023-08-20T17:37:40.905+0000] {logging_mixin.py:151} INFO - [2023-08-20T17:37:40.904+0000] {dagbag.py:539} INFO - Filling up the DagBag from /home/airflow/.local/lib/python3.8/site-packages/airflow/example_dags/example_branch_operator.py
[2023-08-20T17:37:40.925+0000] {processor.py:839} INFO - DAG(s) dict_keys(['example_branch_operator']) retrieved from /home/airflow/.local/lib/python3.8/site-packages/airflow/example_dags/example_branch_operator.py
[2023-08-20T17:37:40.942+0000] {logging_mixin.py:151} INFO - [2023-08-20T17:37:40.942+0000] {dag.py:2907} INFO - Sync 1 DAGs
[2023-08-20T17:37:40.982+0000] {logging_mixin.py:151} INFO - [2023-08-20T17:37:40.981+0000] {dag.py:3677} INFO - Setting next_dagrun for example_branch_operator to 2023-08-19T00:00:00+00:00, run_after=2023-08-20T00:00:00+00:00
[2023-08-20T17:37:41.015+0000] {processor.py:179} INFO - Processing /home/airflow/.local/lib/python3.8/site-packages/airflow/example_dags/example_branch_operator.py took 0.122 seconds
[2023-08-20T17:38:11.634+0000] {processor.py:157} INFO - Started process (PID=124) to work on /home/airflow/.local/lib/python3.8/site-packages/airflow/example_dags/example_branch_operator.py
[2023-08-20T17:38:11.636+0000] {processor.py:829} INFO - Processing file /home/airflow/.local/lib/python3.8/site-packages/airflow/example_dags/example_branch_operator.py for tasks to queue
[2023-08-20T17:38:11.639+0000] {logging_mixin.py:151} INFO - [2023-08-20T17:38:11.639+0000] {dagbag.py:539} INFO - Filling up the DagBag from /home/airflow/.local/lib/python3.8/site-packages/airflow/example_dags/example_branch_operator.py
[2023-08-20T17:38:11.651+0000] {processor.py:839} INFO - DAG(s) dict_keys(['example_branch_operator']) retrieved from /home/airflow/.local/lib/python3.8/site-packages/airflow/example_dags/example_branch_operator.py
[2023-08-20T17:38:11.683+0000] {logging_mixin.py:151} INFO - [2023-08-20T17:38:11.682+0000] {dag.py:2907} INFO - Sync 1 DAGs
[2023-08-20T17:38:11.713+0000] {logging_mixin.py:151} INFO - [2023-08-20T17:38:11.713+0000] {dag.py:3677} INFO - Setting next_dagrun for example_branch_operator to 2023-08-19T00:00:00+00:00, run_after=2023-08-20T00:00:00+00:00
[2023-08-20T17:38:11.743+0000] {processor.py:179} INFO - Processing /home/airflow/.local/lib/python3.8/site-packages/airflow/example_dags/example_branch_operator.py took 0.113 seconds
[2023-08-20T17:38:42.225+0000] {processor.py:157} INFO - Started process (PID=178) to work on /home/airflow/.local/lib/python3.8/site-packages/airflow/example_dags/example_branch_operator.py
[2023-08-20T17:38:42.227+0000] {processor.py:829} INFO - Processing file /home/airflow/.local/lib/python3.8/site-packages/airflow/example_dags/example_branch_operator.py for tasks to queue
[2023-08-20T17:38:42.230+0000] {logging_mixin.py:151} INFO - [2023-08-20T17:38:42.230+0000] {dagbag.py:539} INFO - Filling up the DagBag from /home/airflow/.local/lib/python3.8/site-packages/airflow/example_dags/example_branch_operator.py
[2023-08-20T17:38:42.247+0000] {processor.py:839} INFO - DAG(s) dict_keys(['example_branch_operator']) retrieved from /home/airflow/.local/lib/python3.8/site-packages/airflow/example_dags/example_branch_operator.py
[2023-08-20T17:38:42.277+0000] {logging_mixin.py:151} INFO - [2023-08-20T17:38:42.276+0000] {dag.py:2907} INFO - Sync 1 DAGs
[2023-08-20T17:38:42.307+0000] {logging_mixin.py:151} INFO - [2023-08-20T17:38:42.306+0000] {dag.py:3677} INFO - Setting next_dagrun for example_branch_operator to 2023-08-19T00:00:00+00:00, run_after=2023-08-20T00:00:00+00:00
[2023-08-20T17:38:42.332+0000] {processor.py:179} INFO - Processing /home/airflow/.local/lib/python3.8/site-packages/airflow/example_dags/example_branch_operator.py took 0.111 seconds
[2023-08-20T17:39:12.691+0000] {processor.py:157} INFO - Started process (PID=232) to work on /home/airflow/.local/lib/python3.8/site-packages/airflow/example_dags/example_branch_operator.py
[2023-08-20T17:39:12.693+0000] {processor.py:829} INFO - Processing file /home/airflow/.local/lib/python3.8/site-packages/airflow/example_dags/example_branch_operator.py for tasks to queue
[2023-08-20T17:39:12.696+0000] {logging_mixin.py:151} INFO - [2023-08-20T17:39:12.696+0000] {dagbag.py:539} INFO - Filling up the DagBag from /home/airflow/.local/lib/python3.8/site-packages/airflow/example_dags/example_branch_operator.py
[2023-08-20T17:39:12.707+0000] {processor.py:839} INFO - DAG(s) dict_keys(['example_branch_operator']) retrieved from /home/airflow/.local/lib/python3.8/site-packages/airflow/example_dags/example_branch_operator.py
[2023-08-20T17:39:12.736+0000] {logging_mixin.py:151} INFO - [2023-08-20T17:39:12.736+0000] {dag.py:2907} INFO - Sync 1 DAGs
[2023-08-20T17:39:12.769+0000] {logging_mixin.py:151} INFO - [2023-08-20T17:39:12.768+0000] {dag.py:3677} INFO - Setting next_dagrun for example_branch_operator to 2023-08-19T00:00:00+00:00, run_after=2023-08-20T00:00:00+00:00
[2023-08-20T17:39:12.792+0000] {processor.py:179} INFO - Processing /home/airflow/.local/lib/python3.8/site-packages/airflow/example_dags/example_branch_operator.py took 0.105 seconds
[2023-08-20T17:39:42.860+0000] {processor.py:157} INFO - Started process (PID=286) to work on /home/airflow/.local/lib/python3.8/site-packages/airflow/example_dags/example_branch_operator.py
[2023-08-20T17:39:42.862+0000] {processor.py:829} INFO - Processing file /home/airflow/.local/lib/python3.8/site-packages/airflow/example_dags/example_branch_operator.py for tasks to queue
[2023-08-20T17:39:42.865+0000] {logging_mixin.py:151} INFO - [2023-08-20T17:39:42.864+0000] {dagbag.py:539} INFO - Filling up the DagBag from /home/airflow/.local/lib/python3.8/site-packages/airflow/example_dags/example_branch_operator.py
[2023-08-20T17:39:42.879+0000] {processor.py:839} INFO - DAG(s) dict_keys(['example_branch_operator']) retrieved from /home/airflow/.local/lib/python3.8/site-packages/airflow/example_dags/example_branch_operator.py
[2023-08-20T17:39:42.893+0000] {logging_mixin.py:151} INFO - [2023-08-20T17:39:42.893+0000] {dag.py:2907} INFO - Sync 1 DAGs
[2023-08-20T17:39:42.928+0000] {logging_mixin.py:151} INFO - [2023-08-20T17:39:42.928+0000] {dag.py:3677} INFO - Setting next_dagrun for example_branch_operator to 2023-08-19T00:00:00+00:00, run_after=2023-08-20T00:00:00+00:00
[2023-08-20T17:39:42.953+0000] {processor.py:179} INFO - Processing /home/airflow/.local/lib/python3.8/site-packages/airflow/example_dags/example_branch_operator.py took 0.098 seconds
[2023-08-20T17:40:13.286+0000] {processor.py:157} INFO - Started process (PID=340) to work on /home/airflow/.local/lib/python3.8/site-packages/airflow/example_dags/example_branch_operator.py
[2023-08-20T17:40:13.288+0000] {processor.py:829} INFO - Processing file /home/airflow/.local/lib/python3.8/site-packages/airflow/example_dags/example_branch_operator.py for tasks to queue
[2023-08-20T17:40:13.291+0000] {logging_mixin.py:151} INFO - [2023-08-20T17:40:13.291+0000] {dagbag.py:539} INFO - Filling up the DagBag from /home/airflow/.local/lib/python3.8/site-packages/airflow/example_dags/example_branch_operator.py
[2023-08-20T17:40:13.306+0000] {processor.py:839} INFO - DAG(s) dict_keys(['example_branch_operator']) retrieved from /home/airflow/.local/lib/python3.8/site-packages/airflow/example_dags/example_branch_operator.py
[2023-08-20T17:40:13.336+0000] {logging_mixin.py:151} INFO - [2023-08-20T17:40:13.336+0000] {dag.py:2907} INFO - Sync 1 DAGs
[2023-08-20T17:40:13.367+0000] {logging_mixin.py:151} INFO - [2023-08-20T17:40:13.366+0000] {dag.py:3677} INFO - Setting next_dagrun for example_branch_operator to 2023-08-19T00:00:00+00:00, run_after=2023-08-20T00:00:00+00:00
[2023-08-20T17:40:13.392+0000] {processor.py:179} INFO - Processing /home/airflow/.local/lib/python3.8/site-packages/airflow/example_dags/example_branch_operator.py took 0.110 seconds
[2023-08-20T17:40:44.174+0000] {processor.py:157} INFO - Started process (PID=394) to work on /home/airflow/.local/lib/python3.8/site-packages/airflow/example_dags/example_branch_operator.py
[2023-08-20T17:40:44.175+0000] {processor.py:829} INFO - Processing file /home/airflow/.local/lib/python3.8/site-packages/airflow/example_dags/example_branch_operator.py for tasks to queue
[2023-08-20T17:40:44.178+0000] {logging_mixin.py:151} INFO - [2023-08-20T17:40:44.178+0000] {dagbag.py:539} INFO - Filling up the DagBag from /home/airflow/.local/lib/python3.8/site-packages/airflow/example_dags/example_branch_operator.py
[2023-08-20T17:40:44.190+0000] {processor.py:839} INFO - DAG(s) dict_keys(['example_branch_operator']) retrieved from /home/airflow/.local/lib/python3.8/site-packages/airflow/example_dags/example_branch_operator.py
[2023-08-20T17:40:44.225+0000] {logging_mixin.py:151} INFO - [2023-08-20T17:40:44.224+0000] {dag.py:2907} INFO - Sync 1 DAGs
[2023-08-20T17:40:44.256+0000] {logging_mixin.py:151} INFO - [2023-08-20T17:40:44.256+0000] {dag.py:3677} INFO - Setting next_dagrun for example_branch_operator to 2023-08-19T00:00:00+00:00, run_after=2023-08-20T00:00:00+00:00
[2023-08-20T17:40:44.283+0000] {processor.py:179} INFO - Processing /home/airflow/.local/lib/python3.8/site-packages/airflow/example_dags/example_branch_operator.py took 0.113 seconds
[2023-08-20T17:41:14.395+0000] {processor.py:157} INFO - Started process (PID=448) to work on /home/airflow/.local/lib/python3.8/site-packages/airflow/example_dags/example_branch_operator.py
[2023-08-20T17:41:14.397+0000] {processor.py:829} INFO - Processing file /home/airflow/.local/lib/python3.8/site-packages/airflow/example_dags/example_branch_operator.py for tasks to queue
[2023-08-20T17:41:14.400+0000] {logging_mixin.py:151} INFO - [2023-08-20T17:41:14.400+0000] {dagbag.py:539} INFO - Filling up the DagBag from /home/airflow/.local/lib/python3.8/site-packages/airflow/example_dags/example_branch_operator.py
[2023-08-20T17:41:14.414+0000] {processor.py:839} INFO - DAG(s) dict_keys(['example_branch_operator']) retrieved from /home/airflow/.local/lib/python3.8/site-packages/airflow/example_dags/example_branch_operator.py
[2023-08-20T17:41:14.443+0000] {logging_mixin.py:151} INFO - [2023-08-20T17:41:14.443+0000] {dag.py:2907} INFO - Sync 1 DAGs
[2023-08-20T17:41:14.469+0000] {logging_mixin.py:151} INFO - [2023-08-20T17:41:14.469+0000] {dag.py:3677} INFO - Setting next_dagrun for example_branch_operator to 2023-08-19T00:00:00+00:00, run_after=2023-08-20T00:00:00+00:00
[2023-08-20T17:41:14.494+0000] {processor.py:179} INFO - Processing /home/airflow/.local/lib/python3.8/site-packages/airflow/example_dags/example_branch_operator.py took 0.103 seconds
[2023-08-20T17:41:45.092+0000] {processor.py:157} INFO - Started process (PID=503) to work on /home/airflow/.local/lib/python3.8/site-packages/airflow/example_dags/example_branch_operator.py
[2023-08-20T17:41:45.093+0000] {processor.py:829} INFO - Processing file /home/airflow/.local/lib/python3.8/site-packages/airflow/example_dags/example_branch_operator.py for tasks to queue
[2023-08-20T17:41:45.096+0000] {logging_mixin.py:151} INFO - [2023-08-20T17:41:45.096+0000] {dagbag.py:539} INFO - Filling up the DagBag from /home/airflow/.local/lib/python3.8/site-packages/airflow/example_dags/example_branch_operator.py
[2023-08-20T17:41:45.109+0000] {processor.py:839} INFO - DAG(s) dict_keys(['example_branch_operator']) retrieved from /home/airflow/.local/lib/python3.8/site-packages/airflow/example_dags/example_branch_operator.py
[2023-08-20T17:41:45.140+0000] {logging_mixin.py:151} INFO - [2023-08-20T17:41:45.139+0000] {dag.py:2907} INFO - Sync 1 DAGs
[2023-08-20T17:41:45.181+0000] {logging_mixin.py:151} INFO - [2023-08-20T17:41:45.181+0000] {dag.py:3677} INFO - Setting next_dagrun for example_branch_operator to 2023-08-19T00:00:00+00:00, run_after=2023-08-20T00:00:00+00:00
[2023-08-20T17:41:45.205+0000] {processor.py:179} INFO - Processing /home/airflow/.local/lib/python3.8/site-packages/airflow/example_dags/example_branch_operator.py took 0.118 seconds
[2023-08-20T17:42:16.265+0000] {processor.py:157} INFO - Started process (PID=557) to work on /home/airflow/.local/lib/python3.8/site-packages/airflow/example_dags/example_branch_operator.py
[2023-08-20T17:42:16.266+0000] {processor.py:829} INFO - Processing file /home/airflow/.local/lib/python3.8/site-packages/airflow/example_dags/example_branch_operator.py for tasks to queue
[2023-08-20T17:42:16.271+0000] {logging_mixin.py:151} INFO - [2023-08-20T17:42:16.270+0000] {dagbag.py:539} INFO - Filling up the DagBag from /home/airflow/.local/lib/python3.8/site-packages/airflow/example_dags/example_branch_operator.py
[2023-08-20T17:42:16.286+0000] {processor.py:839} INFO - DAG(s) dict_keys(['example_branch_operator']) retrieved from /home/airflow/.local/lib/python3.8/site-packages/airflow/example_dags/example_branch_operator.py
[2023-08-20T17:42:16.319+0000] {logging_mixin.py:151} INFO - [2023-08-20T17:42:16.318+0000] {dag.py:2907} INFO - Sync 1 DAGs
[2023-08-20T17:42:16.352+0000] {logging_mixin.py:151} INFO - [2023-08-20T17:42:16.351+0000] {dag.py:3677} INFO - Setting next_dagrun for example_branch_operator to 2023-08-19T00:00:00+00:00, run_after=2023-08-20T00:00:00+00:00
[2023-08-20T17:42:16.386+0000] {processor.py:179} INFO - Processing /home/airflow/.local/lib/python3.8/site-packages/airflow/example_dags/example_branch_operator.py took 0.128 seconds
[2023-08-20T17:42:46.740+0000] {processor.py:157} INFO - Started process (PID=611) to work on /home/airflow/.local/lib/python3.8/site-packages/airflow/example_dags/example_branch_operator.py
[2023-08-20T17:42:46.742+0000] {processor.py:829} INFO - Processing file /home/airflow/.local/lib/python3.8/site-packages/airflow/example_dags/example_branch_operator.py for tasks to queue
[2023-08-20T17:42:46.745+0000] {logging_mixin.py:151} INFO - [2023-08-20T17:42:46.745+0000] {dagbag.py:539} INFO - Filling up the DagBag from /home/airflow/.local/lib/python3.8/site-packages/airflow/example_dags/example_branch_operator.py
[2023-08-20T17:42:46.757+0000] {processor.py:839} INFO - DAG(s) dict_keys(['example_branch_operator']) retrieved from /home/airflow/.local/lib/python3.8/site-packages/airflow/example_dags/example_branch_operator.py
[2023-08-20T17:42:46.787+0000] {logging_mixin.py:151} INFO - [2023-08-20T17:42:46.787+0000] {dag.py:2907} INFO - Sync 1 DAGs
[2023-08-20T17:42:46.820+0000] {logging_mixin.py:151} INFO - [2023-08-20T17:42:46.819+0000] {dag.py:3677} INFO - Setting next_dagrun for example_branch_operator to 2023-08-19T00:00:00+00:00, run_after=2023-08-20T00:00:00+00:00
[2023-08-20T17:42:46.852+0000] {processor.py:179} INFO - Processing /home/airflow/.local/lib/python3.8/site-packages/airflow/example_dags/example_branch_operator.py took 0.115 seconds
[2023-08-20T17:43:17.320+0000] {processor.py:157} INFO - Started process (PID=665) to work on /home/airflow/.local/lib/python3.8/site-packages/airflow/example_dags/example_branch_operator.py
[2023-08-20T17:43:17.321+0000] {processor.py:829} INFO - Processing file /home/airflow/.local/lib/python3.8/site-packages/airflow/example_dags/example_branch_operator.py for tasks to queue
[2023-08-20T17:43:17.324+0000] {logging_mixin.py:151} INFO - [2023-08-20T17:43:17.324+0000] {dagbag.py:539} INFO - Filling up the DagBag from /home/airflow/.local/lib/python3.8/site-packages/airflow/example_dags/example_branch_operator.py
[2023-08-20T17:43:17.340+0000] {processor.py:839} INFO - DAG(s) dict_keys(['example_branch_operator']) retrieved from /home/airflow/.local/lib/python3.8/site-packages/airflow/example_dags/example_branch_operator.py
[2023-08-20T17:43:17.373+0000] {logging_mixin.py:151} INFO - [2023-08-20T17:43:17.372+0000] {dag.py:2907} INFO - Sync 1 DAGs
[2023-08-20T17:43:17.405+0000] {logging_mixin.py:151} INFO - [2023-08-20T17:43:17.405+0000] {dag.py:3677} INFO - Setting next_dagrun for example_branch_operator to 2023-08-19T00:00:00+00:00, run_after=2023-08-20T00:00:00+00:00
[2023-08-20T17:43:17.440+0000] {processor.py:179} INFO - Processing /home/airflow/.local/lib/python3.8/site-packages/airflow/example_dags/example_branch_operator.py took 0.125 seconds
[2023-08-20T17:43:48.018+0000] {processor.py:157} INFO - Started process (PID=719) to work on /home/airflow/.local/lib/python3.8/site-packages/airflow/example_dags/example_branch_operator.py
[2023-08-20T17:43:48.020+0000] {processor.py:829} INFO - Processing file /home/airflow/.local/lib/python3.8/site-packages/airflow/example_dags/example_branch_operator.py for tasks to queue
[2023-08-20T17:43:48.024+0000] {logging_mixin.py:151} INFO - [2023-08-20T17:43:48.023+0000] {dagbag.py:539} INFO - Filling up the DagBag from /home/airflow/.local/lib/python3.8/site-packages/airflow/example_dags/example_branch_operator.py
[2023-08-20T17:43:48.038+0000] {processor.py:839} INFO - DAG(s) dict_keys(['example_branch_operator']) retrieved from /home/airflow/.local/lib/python3.8/site-packages/airflow/example_dags/example_branch_operator.py
[2023-08-20T17:43:48.067+0000] {logging_mixin.py:151} INFO - [2023-08-20T17:43:48.067+0000] {dag.py:2907} INFO - Sync 1 DAGs
[2023-08-20T17:43:48.100+0000] {logging_mixin.py:151} INFO - [2023-08-20T17:43:48.100+0000] {dag.py:3677} INFO - Setting next_dagrun for example_branch_operator to 2023-08-19T00:00:00+00:00, run_after=2023-08-20T00:00:00+00:00
[2023-08-20T17:43:48.125+0000] {processor.py:179} INFO - Processing /home/airflow/.local/lib/python3.8/site-packages/airflow/example_dags/example_branch_operator.py took 0.111 seconds
[2023-08-20T17:44:18.371+0000] {processor.py:157} INFO - Started process (PID=773) to work on /home/airflow/.local/lib/python3.8/site-packages/airflow/example_dags/example_branch_operator.py
[2023-08-20T17:44:18.373+0000] {processor.py:829} INFO - Processing file /home/airflow/.local/lib/python3.8/site-packages/airflow/example_dags/example_branch_operator.py for tasks to queue
[2023-08-20T17:44:18.377+0000] {logging_mixin.py:151} INFO - [2023-08-20T17:44:18.376+0000] {dagbag.py:539} INFO - Filling up the DagBag from /home/airflow/.local/lib/python3.8/site-packages/airflow/example_dags/example_branch_operator.py
[2023-08-20T17:44:18.393+0000] {processor.py:839} INFO - DAG(s) dict_keys(['example_branch_operator']) retrieved from /home/airflow/.local/lib/python3.8/site-packages/airflow/example_dags/example_branch_operator.py
[2023-08-20T17:44:18.427+0000] {logging_mixin.py:151} INFO - [2023-08-20T17:44:18.427+0000] {dag.py:2907} INFO - Sync 1 DAGs
[2023-08-20T17:44:18.461+0000] {logging_mixin.py:151} INFO - [2023-08-20T17:44:18.461+0000] {dag.py:3677} INFO - Setting next_dagrun for example_branch_operator to 2023-08-19T00:00:00+00:00, run_after=2023-08-20T00:00:00+00:00
[2023-08-20T17:44:18.491+0000] {processor.py:179} INFO - Processing /home/airflow/.local/lib/python3.8/site-packages/airflow/example_dags/example_branch_operator.py took 0.124 seconds
[2023-08-20T17:44:48.893+0000] {processor.py:157} INFO - Started process (PID=827) to work on /home/airflow/.local/lib/python3.8/site-packages/airflow/example_dags/example_branch_operator.py
[2023-08-20T17:44:48.894+0000] {processor.py:829} INFO - Processing file /home/airflow/.local/lib/python3.8/site-packages/airflow/example_dags/example_branch_operator.py for tasks to queue
[2023-08-20T17:44:48.897+0000] {logging_mixin.py:151} INFO - [2023-08-20T17:44:48.897+0000] {dagbag.py:539} INFO - Filling up the DagBag from /home/airflow/.local/lib/python3.8/site-packages/airflow/example_dags/example_branch_operator.py
[2023-08-20T17:44:48.910+0000] {processor.py:839} INFO - DAG(s) dict_keys(['example_branch_operator']) retrieved from /home/airflow/.local/lib/python3.8/site-packages/airflow/example_dags/example_branch_operator.py
[2023-08-20T17:44:48.941+0000] {logging_mixin.py:151} INFO - [2023-08-20T17:44:48.940+0000] {dag.py:2907} INFO - Sync 1 DAGs
[2023-08-20T17:44:48.972+0000] {logging_mixin.py:151} INFO - [2023-08-20T17:44:48.971+0000] {dag.py:3677} INFO - Setting next_dagrun for example_branch_operator to 2023-08-19T00:00:00+00:00, run_after=2023-08-20T00:00:00+00:00
[2023-08-20T17:44:49.000+0000] {processor.py:179} INFO - Processing /home/airflow/.local/lib/python3.8/site-packages/airflow/example_dags/example_branch_operator.py took 0.111 seconds
[2023-08-20T17:45:19.603+0000] {processor.py:157} INFO - Started process (PID=881) to work on /home/airflow/.local/lib/python3.8/site-packages/airflow/example_dags/example_branch_operator.py
[2023-08-20T17:45:19.605+0000] {processor.py:829} INFO - Processing file /home/airflow/.local/lib/python3.8/site-packages/airflow/example_dags/example_branch_operator.py for tasks to queue
[2023-08-20T17:45:19.608+0000] {logging_mixin.py:151} INFO - [2023-08-20T17:45:19.608+0000] {dagbag.py:539} INFO - Filling up the DagBag from /home/airflow/.local/lib/python3.8/site-packages/airflow/example_dags/example_branch_operator.py
[2023-08-20T17:45:19.622+0000] {processor.py:839} INFO - DAG(s) dict_keys(['example_branch_operator']) retrieved from /home/airflow/.local/lib/python3.8/site-packages/airflow/example_dags/example_branch_operator.py
[2023-08-20T17:45:19.656+0000] {logging_mixin.py:151} INFO - [2023-08-20T17:45:19.656+0000] {dag.py:2907} INFO - Sync 1 DAGs
[2023-08-20T17:45:19.687+0000] {logging_mixin.py:151} INFO - [2023-08-20T17:45:19.687+0000] {dag.py:3677} INFO - Setting next_dagrun for example_branch_operator to 2023-08-19T00:00:00+00:00, run_after=2023-08-20T00:00:00+00:00
[2023-08-20T17:45:19.714+0000] {processor.py:179} INFO - Processing /home/airflow/.local/lib/python3.8/site-packages/airflow/example_dags/example_branch_operator.py took 0.115 seconds
[2023-08-20T17:45:49.846+0000] {processor.py:157} INFO - Started process (PID=935) to work on /home/airflow/.local/lib/python3.8/site-packages/airflow/example_dags/example_branch_operator.py
[2023-08-20T17:45:49.848+0000] {processor.py:829} INFO - Processing file /home/airflow/.local/lib/python3.8/site-packages/airflow/example_dags/example_branch_operator.py for tasks to queue
[2023-08-20T17:45:49.851+0000] {logging_mixin.py:151} INFO - [2023-08-20T17:45:49.851+0000] {dagbag.py:539} INFO - Filling up the DagBag from /home/airflow/.local/lib/python3.8/site-packages/airflow/example_dags/example_branch_operator.py
[2023-08-20T17:45:49.863+0000] {processor.py:839} INFO - DAG(s) dict_keys(['example_branch_operator']) retrieved from /home/airflow/.local/lib/python3.8/site-packages/airflow/example_dags/example_branch_operator.py
[2023-08-20T17:45:49.891+0000] {logging_mixin.py:151} INFO - [2023-08-20T17:45:49.890+0000] {dag.py:2907} INFO - Sync 1 DAGs
[2023-08-20T17:45:49.922+0000] {logging_mixin.py:151} INFO - [2023-08-20T17:45:49.921+0000] {dag.py:3677} INFO - Setting next_dagrun for example_branch_operator to 2023-08-19T00:00:00+00:00, run_after=2023-08-20T00:00:00+00:00
[2023-08-20T17:45:49.952+0000] {processor.py:179} INFO - Processing /home/airflow/.local/lib/python3.8/site-packages/airflow/example_dags/example_branch_operator.py took 0.110 seconds
[2023-08-20T17:46:20.556+0000] {processor.py:157} INFO - Started process (PID=989) to work on /home/airflow/.local/lib/python3.8/site-packages/airflow/example_dags/example_branch_operator.py
[2023-08-20T17:46:20.558+0000] {processor.py:829} INFO - Processing file /home/airflow/.local/lib/python3.8/site-packages/airflow/example_dags/example_branch_operator.py for tasks to queue
[2023-08-20T17:46:20.562+0000] {logging_mixin.py:151} INFO - [2023-08-20T17:46:20.561+0000] {dagbag.py:539} INFO - Filling up the DagBag from /home/airflow/.local/lib/python3.8/site-packages/airflow/example_dags/example_branch_operator.py
[2023-08-20T17:46:20.576+0000] {processor.py:839} INFO - DAG(s) dict_keys(['example_branch_operator']) retrieved from /home/airflow/.local/lib/python3.8/site-packages/airflow/example_dags/example_branch_operator.py
[2023-08-20T17:46:20.613+0000] {logging_mixin.py:151} INFO - [2023-08-20T17:46:20.613+0000] {dag.py:2907} INFO - Sync 1 DAGs
[2023-08-20T17:46:20.646+0000] {logging_mixin.py:151} INFO - [2023-08-20T17:46:20.646+0000] {dag.py:3677} INFO - Setting next_dagrun for example_branch_operator to 2023-08-19T00:00:00+00:00, run_after=2023-08-20T00:00:00+00:00
[2023-08-20T17:46:20.675+0000] {processor.py:179} INFO - Processing /home/airflow/.local/lib/python3.8/site-packages/airflow/example_dags/example_branch_operator.py took 0.124 seconds
[2023-08-20T17:46:51.219+0000] {processor.py:157} INFO - Started process (PID=1042) to work on /home/airflow/.local/lib/python3.8/site-packages/airflow/example_dags/example_branch_operator.py
[2023-08-20T17:46:51.221+0000] {processor.py:829} INFO - Processing file /home/airflow/.local/lib/python3.8/site-packages/airflow/example_dags/example_branch_operator.py for tasks to queue
[2023-08-20T17:46:51.225+0000] {logging_mixin.py:151} INFO - [2023-08-20T17:46:51.224+0000] {dagbag.py:539} INFO - Filling up the DagBag from /home/airflow/.local/lib/python3.8/site-packages/airflow/example_dags/example_branch_operator.py
[2023-08-20T17:46:51.238+0000] {processor.py:839} INFO - DAG(s) dict_keys(['example_branch_operator']) retrieved from /home/airflow/.local/lib/python3.8/site-packages/airflow/example_dags/example_branch_operator.py
[2023-08-20T17:46:51.267+0000] {logging_mixin.py:151} INFO - [2023-08-20T17:46:51.267+0000] {dag.py:2907} INFO - Sync 1 DAGs
[2023-08-20T17:46:51.299+0000] {logging_mixin.py:151} INFO - [2023-08-20T17:46:51.299+0000] {dag.py:3677} INFO - Setting next_dagrun for example_branch_operator to 2023-08-19T00:00:00+00:00, run_after=2023-08-20T00:00:00+00:00
[2023-08-20T17:46:51.325+0000] {processor.py:179} INFO - Processing /home/airflow/.local/lib/python3.8/site-packages/airflow/example_dags/example_branch_operator.py took 0.111 seconds
