[2023-08-20T17:37:38.719+0000] {processor.py:157} INFO - Started process (PID=54) to work on /home/airflow/.local/lib/python3.8/site-packages/airflow/example_dags/example_datasets.py
[2023-08-20T17:37:38.721+0000] {processor.py:829} INFO - Processing file /home/airflow/.local/lib/python3.8/site-packages/airflow/example_dags/example_datasets.py for tasks to queue
[2023-08-20T17:37:38.724+0000] {logging_mixin.py:151} INFO - [2023-08-20T17:37:38.724+0000] {dagbag.py:539} INFO - Filling up the DagBag from /home/airflow/.local/lib/python3.8/site-packages/airflow/example_dags/example_datasets.py
[2023-08-20T17:37:38.747+0000] {processor.py:839} INFO - DAG(s) dict_keys(['dataset_produces_1', 'dataset_consumes_1_never_scheduled', 'dataset_consumes_1', 'dataset_produces_2', 'dataset_consumes_unknown_never_scheduled', 'dataset_consumes_1_and_2']) retrieved from /home/airflow/.local/lib/python3.8/site-packages/airflow/example_dags/example_datasets.py
[2023-08-20T17:37:38.769+0000] {logging_mixin.py:151} INFO - [2023-08-20T17:37:38.769+0000] {dag.py:2907} INFO - Sync 6 DAGs
[2023-08-20T17:37:38.962+0000] {logging_mixin.py:151} INFO - [2023-08-20T17:37:38.962+0000] {dag.py:3677} INFO - Setting next_dagrun for dataset_consumes_1 to None, run_after=None
[2023-08-20T17:37:38.969+0000] {logging_mixin.py:151} INFO - [2023-08-20T17:37:38.968+0000] {dag.py:3677} INFO - Setting next_dagrun for dataset_consumes_1_and_2 to None, run_after=None
[2023-08-20T17:37:38.971+0000] {logging_mixin.py:151} INFO - [2023-08-20T17:37:38.971+0000] {dag.py:3677} INFO - Setting next_dagrun for dataset_consumes_1_never_scheduled to None, run_after=None
[2023-08-20T17:37:38.974+0000] {logging_mixin.py:151} INFO - [2023-08-20T17:37:38.974+0000] {dag.py:3677} INFO - Setting next_dagrun for dataset_consumes_unknown_never_scheduled to None, run_after=None
[2023-08-20T17:37:38.980+0000] {logging_mixin.py:151} INFO - [2023-08-20T17:37:38.979+0000] {dag.py:3677} INFO - Setting next_dagrun for dataset_produces_1 to 2023-08-19T00:00:00+00:00, run_after=2023-08-20T00:00:00+00:00
[2023-08-20T17:37:38.983+0000] {logging_mixin.py:151} INFO - [2023-08-20T17:37:38.982+0000] {dag.py:3677} INFO - Setting next_dagrun for dataset_produces_2 to None, run_after=None
[2023-08-20T17:37:39.034+0000] {processor.py:179} INFO - Processing /home/airflow/.local/lib/python3.8/site-packages/airflow/example_dags/example_datasets.py took 0.318 seconds
[2023-08-20T17:38:09.230+0000] {processor.py:157} INFO - Started process (PID=108) to work on /home/airflow/.local/lib/python3.8/site-packages/airflow/example_dags/example_datasets.py
[2023-08-20T17:38:09.232+0000] {processor.py:829} INFO - Processing file /home/airflow/.local/lib/python3.8/site-packages/airflow/example_dags/example_datasets.py for tasks to queue
[2023-08-20T17:38:09.235+0000] {logging_mixin.py:151} INFO - [2023-08-20T17:38:09.235+0000] {dagbag.py:539} INFO - Filling up the DagBag from /home/airflow/.local/lib/python3.8/site-packages/airflow/example_dags/example_datasets.py
[2023-08-20T17:38:09.248+0000] {processor.py:839} INFO - DAG(s) dict_keys(['dataset_produces_1', 'dataset_consumes_1', 'dataset_produces_2', 'dataset_consumes_1_and_2', 'dataset_consumes_1_never_scheduled', 'dataset_consumes_unknown_never_scheduled']) retrieved from /home/airflow/.local/lib/python3.8/site-packages/airflow/example_dags/example_datasets.py
[2023-08-20T17:38:09.300+0000] {logging_mixin.py:151} INFO - [2023-08-20T17:38:09.299+0000] {dag.py:2907} INFO - Sync 6 DAGs
[2023-08-20T17:38:09.332+0000] {logging_mixin.py:151} INFO - [2023-08-20T17:38:09.332+0000] {dag.py:3677} INFO - Setting next_dagrun for dataset_consumes_1 to None, run_after=None
[2023-08-20T17:38:09.337+0000] {logging_mixin.py:151} INFO - [2023-08-20T17:38:09.337+0000] {dag.py:3677} INFO - Setting next_dagrun for dataset_consumes_1_and_2 to None, run_after=None
[2023-08-20T17:38:09.340+0000] {logging_mixin.py:151} INFO - [2023-08-20T17:38:09.340+0000] {dag.py:3677} INFO - Setting next_dagrun for dataset_consumes_1_never_scheduled to None, run_after=None
[2023-08-20T17:38:09.342+0000] {logging_mixin.py:151} INFO - [2023-08-20T17:38:09.342+0000] {dag.py:3677} INFO - Setting next_dagrun for dataset_consumes_unknown_never_scheduled to None, run_after=None
[2023-08-20T17:38:09.347+0000] {logging_mixin.py:151} INFO - [2023-08-20T17:38:09.347+0000] {dag.py:3677} INFO - Setting next_dagrun for dataset_produces_1 to 2023-08-19T00:00:00+00:00, run_after=2023-08-20T00:00:00+00:00
[2023-08-20T17:38:09.349+0000] {logging_mixin.py:151} INFO - [2023-08-20T17:38:09.349+0000] {dag.py:3677} INFO - Setting next_dagrun for dataset_produces_2 to None, run_after=None
[2023-08-20T17:38:09.396+0000] {processor.py:179} INFO - Processing /home/airflow/.local/lib/python3.8/site-packages/airflow/example_dags/example_datasets.py took 0.170 seconds
[2023-08-20T17:38:40.269+0000] {processor.py:157} INFO - Started process (PID=162) to work on /home/airflow/.local/lib/python3.8/site-packages/airflow/example_dags/example_datasets.py
[2023-08-20T17:38:40.271+0000] {processor.py:829} INFO - Processing file /home/airflow/.local/lib/python3.8/site-packages/airflow/example_dags/example_datasets.py for tasks to queue
[2023-08-20T17:38:40.274+0000] {logging_mixin.py:151} INFO - [2023-08-20T17:38:40.274+0000] {dagbag.py:539} INFO - Filling up the DagBag from /home/airflow/.local/lib/python3.8/site-packages/airflow/example_dags/example_datasets.py
[2023-08-20T17:38:40.289+0000] {processor.py:839} INFO - DAG(s) dict_keys(['dataset_consumes_unknown_never_scheduled', 'dataset_produces_2', 'dataset_consumes_1_and_2', 'dataset_consumes_1', 'dataset_produces_1', 'dataset_consumes_1_never_scheduled']) retrieved from /home/airflow/.local/lib/python3.8/site-packages/airflow/example_dags/example_datasets.py
[2023-08-20T17:38:40.335+0000] {logging_mixin.py:151} INFO - [2023-08-20T17:38:40.335+0000] {dag.py:2907} INFO - Sync 6 DAGs
[2023-08-20T17:38:40.369+0000] {logging_mixin.py:151} INFO - [2023-08-20T17:38:40.368+0000] {dag.py:3677} INFO - Setting next_dagrun for dataset_consumes_1 to None, run_after=None
[2023-08-20T17:38:40.374+0000] {logging_mixin.py:151} INFO - [2023-08-20T17:38:40.374+0000] {dag.py:3677} INFO - Setting next_dagrun for dataset_consumes_1_and_2 to None, run_after=None
[2023-08-20T17:38:40.376+0000] {logging_mixin.py:151} INFO - [2023-08-20T17:38:40.376+0000] {dag.py:3677} INFO - Setting next_dagrun for dataset_consumes_1_never_scheduled to None, run_after=None
[2023-08-20T17:38:40.378+0000] {logging_mixin.py:151} INFO - [2023-08-20T17:38:40.378+0000] {dag.py:3677} INFO - Setting next_dagrun for dataset_consumes_unknown_never_scheduled to None, run_after=None
[2023-08-20T17:38:40.382+0000] {logging_mixin.py:151} INFO - [2023-08-20T17:38:40.382+0000] {dag.py:3677} INFO - Setting next_dagrun for dataset_produces_1 to 2023-08-19T00:00:00+00:00, run_after=2023-08-20T00:00:00+00:00
[2023-08-20T17:38:40.385+0000] {logging_mixin.py:151} INFO - [2023-08-20T17:38:40.385+0000] {dag.py:3677} INFO - Setting next_dagrun for dataset_produces_2 to None, run_after=None
[2023-08-20T17:38:40.438+0000] {processor.py:179} INFO - Processing /home/airflow/.local/lib/python3.8/site-packages/airflow/example_dags/example_datasets.py took 0.173 seconds
[2023-08-20T17:39:10.774+0000] {processor.py:157} INFO - Started process (PID=216) to work on /home/airflow/.local/lib/python3.8/site-packages/airflow/example_dags/example_datasets.py
[2023-08-20T17:39:10.776+0000] {processor.py:829} INFO - Processing file /home/airflow/.local/lib/python3.8/site-packages/airflow/example_dags/example_datasets.py for tasks to queue
[2023-08-20T17:39:10.779+0000] {logging_mixin.py:151} INFO - [2023-08-20T17:39:10.778+0000] {dagbag.py:539} INFO - Filling up the DagBag from /home/airflow/.local/lib/python3.8/site-packages/airflow/example_dags/example_datasets.py
[2023-08-20T17:39:10.792+0000] {processor.py:839} INFO - DAG(s) dict_keys(['dataset_consumes_1', 'dataset_consumes_1_and_2', 'dataset_consumes_unknown_never_scheduled', 'dataset_consumes_1_never_scheduled', 'dataset_produces_2', 'dataset_produces_1']) retrieved from /home/airflow/.local/lib/python3.8/site-packages/airflow/example_dags/example_datasets.py
[2023-08-20T17:39:10.853+0000] {logging_mixin.py:151} INFO - [2023-08-20T17:39:10.852+0000] {dag.py:2907} INFO - Sync 6 DAGs
[2023-08-20T17:39:10.886+0000] {logging_mixin.py:151} INFO - [2023-08-20T17:39:10.885+0000] {dag.py:3677} INFO - Setting next_dagrun for dataset_consumes_1 to None, run_after=None
[2023-08-20T17:39:10.892+0000] {logging_mixin.py:151} INFO - [2023-08-20T17:39:10.892+0000] {dag.py:3677} INFO - Setting next_dagrun for dataset_consumes_1_and_2 to None, run_after=None
[2023-08-20T17:39:10.895+0000] {logging_mixin.py:151} INFO - [2023-08-20T17:39:10.895+0000] {dag.py:3677} INFO - Setting next_dagrun for dataset_consumes_1_never_scheduled to None, run_after=None
[2023-08-20T17:39:10.898+0000] {logging_mixin.py:151} INFO - [2023-08-20T17:39:10.897+0000] {dag.py:3677} INFO - Setting next_dagrun for dataset_consumes_unknown_never_scheduled to None, run_after=None
[2023-08-20T17:39:10.903+0000] {logging_mixin.py:151} INFO - [2023-08-20T17:39:10.903+0000] {dag.py:3677} INFO - Setting next_dagrun for dataset_produces_1 to 2023-08-19T00:00:00+00:00, run_after=2023-08-20T00:00:00+00:00
[2023-08-20T17:39:10.906+0000] {logging_mixin.py:151} INFO - [2023-08-20T17:39:10.906+0000] {dag.py:3677} INFO - Setting next_dagrun for dataset_produces_2 to None, run_after=None
[2023-08-20T17:39:10.956+0000] {processor.py:179} INFO - Processing /home/airflow/.local/lib/python3.8/site-packages/airflow/example_dags/example_datasets.py took 0.186 seconds
[2023-08-20T17:39:41.429+0000] {processor.py:157} INFO - Started process (PID=270) to work on /home/airflow/.local/lib/python3.8/site-packages/airflow/example_dags/example_datasets.py
[2023-08-20T17:39:41.432+0000] {processor.py:829} INFO - Processing file /home/airflow/.local/lib/python3.8/site-packages/airflow/example_dags/example_datasets.py for tasks to queue
[2023-08-20T17:39:41.436+0000] {logging_mixin.py:151} INFO - [2023-08-20T17:39:41.436+0000] {dagbag.py:539} INFO - Filling up the DagBag from /home/airflow/.local/lib/python3.8/site-packages/airflow/example_dags/example_datasets.py
[2023-08-20T17:39:41.457+0000] {processor.py:839} INFO - DAG(s) dict_keys(['dataset_consumes_1_and_2', 'dataset_consumes_1_never_scheduled', 'dataset_consumes_unknown_never_scheduled', 'dataset_produces_1', 'dataset_produces_2', 'dataset_consumes_1']) retrieved from /home/airflow/.local/lib/python3.8/site-packages/airflow/example_dags/example_datasets.py
[2023-08-20T17:39:41.488+0000] {logging_mixin.py:151} INFO - [2023-08-20T17:39:41.488+0000] {dag.py:2907} INFO - Sync 6 DAGs
[2023-08-20T17:39:41.542+0000] {logging_mixin.py:151} INFO - [2023-08-20T17:39:41.542+0000] {dag.py:3677} INFO - Setting next_dagrun for dataset_consumes_1 to None, run_after=None
[2023-08-20T17:39:41.548+0000] {logging_mixin.py:151} INFO - [2023-08-20T17:39:41.548+0000] {dag.py:3677} INFO - Setting next_dagrun for dataset_consumes_1_and_2 to None, run_after=None
[2023-08-20T17:39:41.551+0000] {logging_mixin.py:151} INFO - [2023-08-20T17:39:41.551+0000] {dag.py:3677} INFO - Setting next_dagrun for dataset_consumes_1_never_scheduled to None, run_after=None
[2023-08-20T17:39:41.554+0000] {logging_mixin.py:151} INFO - [2023-08-20T17:39:41.554+0000] {dag.py:3677} INFO - Setting next_dagrun for dataset_consumes_unknown_never_scheduled to None, run_after=None
[2023-08-20T17:39:41.561+0000] {logging_mixin.py:151} INFO - [2023-08-20T17:39:41.560+0000] {dag.py:3677} INFO - Setting next_dagrun for dataset_produces_1 to 2023-08-19T00:00:00+00:00, run_after=2023-08-20T00:00:00+00:00
[2023-08-20T17:39:41.571+0000] {logging_mixin.py:151} INFO - [2023-08-20T17:39:41.571+0000] {dag.py:3677} INFO - Setting next_dagrun for dataset_produces_2 to None, run_after=None
[2023-08-20T17:39:41.626+0000] {processor.py:179} INFO - Processing /home/airflow/.local/lib/python3.8/site-packages/airflow/example_dags/example_datasets.py took 0.201 seconds
[2023-08-20T17:40:11.996+0000] {processor.py:157} INFO - Started process (PID=324) to work on /home/airflow/.local/lib/python3.8/site-packages/airflow/example_dags/example_datasets.py
[2023-08-20T17:40:11.998+0000] {processor.py:829} INFO - Processing file /home/airflow/.local/lib/python3.8/site-packages/airflow/example_dags/example_datasets.py for tasks to queue
[2023-08-20T17:40:12.000+0000] {logging_mixin.py:151} INFO - [2023-08-20T17:40:12.000+0000] {dagbag.py:539} INFO - Filling up the DagBag from /home/airflow/.local/lib/python3.8/site-packages/airflow/example_dags/example_datasets.py
[2023-08-20T17:40:12.012+0000] {processor.py:839} INFO - DAG(s) dict_keys(['dataset_consumes_unknown_never_scheduled', 'dataset_consumes_1_and_2', 'dataset_produces_2', 'dataset_produces_1', 'dataset_consumes_1', 'dataset_consumes_1_never_scheduled']) retrieved from /home/airflow/.local/lib/python3.8/site-packages/airflow/example_dags/example_datasets.py
[2023-08-20T17:40:12.065+0000] {logging_mixin.py:151} INFO - [2023-08-20T17:40:12.065+0000] {dag.py:2907} INFO - Sync 6 DAGs
[2023-08-20T17:40:12.102+0000] {logging_mixin.py:151} INFO - [2023-08-20T17:40:12.102+0000] {dag.py:3677} INFO - Setting next_dagrun for dataset_consumes_1 to None, run_after=None
[2023-08-20T17:40:12.109+0000] {logging_mixin.py:151} INFO - [2023-08-20T17:40:12.109+0000] {dag.py:3677} INFO - Setting next_dagrun for dataset_consumes_1_and_2 to None, run_after=None
[2023-08-20T17:40:12.112+0000] {logging_mixin.py:151} INFO - [2023-08-20T17:40:12.111+0000] {dag.py:3677} INFO - Setting next_dagrun for dataset_consumes_1_never_scheduled to None, run_after=None
[2023-08-20T17:40:12.114+0000] {logging_mixin.py:151} INFO - [2023-08-20T17:40:12.114+0000] {dag.py:3677} INFO - Setting next_dagrun for dataset_consumes_unknown_never_scheduled to None, run_after=None
[2023-08-20T17:40:12.120+0000] {logging_mixin.py:151} INFO - [2023-08-20T17:40:12.120+0000] {dag.py:3677} INFO - Setting next_dagrun for dataset_produces_1 to 2023-08-19T00:00:00+00:00, run_after=2023-08-20T00:00:00+00:00
[2023-08-20T17:40:12.124+0000] {logging_mixin.py:151} INFO - [2023-08-20T17:40:12.124+0000] {dag.py:3677} INFO - Setting next_dagrun for dataset_produces_2 to None, run_after=None
[2023-08-20T17:40:12.173+0000] {processor.py:179} INFO - Processing /home/airflow/.local/lib/python3.8/site-packages/airflow/example_dags/example_datasets.py took 0.181 seconds
[2023-08-20T17:40:42.499+0000] {processor.py:157} INFO - Started process (PID=378) to work on /home/airflow/.local/lib/python3.8/site-packages/airflow/example_dags/example_datasets.py
[2023-08-20T17:40:42.501+0000] {processor.py:829} INFO - Processing file /home/airflow/.local/lib/python3.8/site-packages/airflow/example_dags/example_datasets.py for tasks to queue
[2023-08-20T17:40:42.505+0000] {logging_mixin.py:151} INFO - [2023-08-20T17:40:42.505+0000] {dagbag.py:539} INFO - Filling up the DagBag from /home/airflow/.local/lib/python3.8/site-packages/airflow/example_dags/example_datasets.py
[2023-08-20T17:40:42.519+0000] {processor.py:839} INFO - DAG(s) dict_keys(['dataset_consumes_unknown_never_scheduled', 'dataset_consumes_1', 'dataset_consumes_1_and_2', 'dataset_produces_2', 'dataset_consumes_1_never_scheduled', 'dataset_produces_1']) retrieved from /home/airflow/.local/lib/python3.8/site-packages/airflow/example_dags/example_datasets.py
[2023-08-20T17:40:42.576+0000] {logging_mixin.py:151} INFO - [2023-08-20T17:40:42.576+0000] {dag.py:2907} INFO - Sync 6 DAGs
[2023-08-20T17:40:42.617+0000] {logging_mixin.py:151} INFO - [2023-08-20T17:40:42.617+0000] {dag.py:3677} INFO - Setting next_dagrun for dataset_consumes_1 to None, run_after=None
[2023-08-20T17:40:42.624+0000] {logging_mixin.py:151} INFO - [2023-08-20T17:40:42.623+0000] {dag.py:3677} INFO - Setting next_dagrun for dataset_consumes_1_and_2 to None, run_after=None
[2023-08-20T17:40:42.627+0000] {logging_mixin.py:151} INFO - [2023-08-20T17:40:42.626+0000] {dag.py:3677} INFO - Setting next_dagrun for dataset_consumes_1_never_scheduled to None, run_after=None
[2023-08-20T17:40:42.629+0000] {logging_mixin.py:151} INFO - [2023-08-20T17:40:42.629+0000] {dag.py:3677} INFO - Setting next_dagrun for dataset_consumes_unknown_never_scheduled to None, run_after=None
[2023-08-20T17:40:42.634+0000] {logging_mixin.py:151} INFO - [2023-08-20T17:40:42.633+0000] {dag.py:3677} INFO - Setting next_dagrun for dataset_produces_1 to 2023-08-19T00:00:00+00:00, run_after=2023-08-20T00:00:00+00:00
[2023-08-20T17:40:42.636+0000] {logging_mixin.py:151} INFO - [2023-08-20T17:40:42.636+0000] {dag.py:3677} INFO - Setting next_dagrun for dataset_produces_2 to None, run_after=None
[2023-08-20T17:40:42.687+0000] {processor.py:179} INFO - Processing /home/airflow/.local/lib/python3.8/site-packages/airflow/example_dags/example_datasets.py took 0.191 seconds
[2023-08-20T17:41:12.897+0000] {processor.py:157} INFO - Started process (PID=431) to work on /home/airflow/.local/lib/python3.8/site-packages/airflow/example_dags/example_datasets.py
[2023-08-20T17:41:12.899+0000] {processor.py:829} INFO - Processing file /home/airflow/.local/lib/python3.8/site-packages/airflow/example_dags/example_datasets.py for tasks to queue
[2023-08-20T17:41:12.902+0000] {logging_mixin.py:151} INFO - [2023-08-20T17:41:12.901+0000] {dagbag.py:539} INFO - Filling up the DagBag from /home/airflow/.local/lib/python3.8/site-packages/airflow/example_dags/example_datasets.py
[2023-08-20T17:41:12.914+0000] {processor.py:839} INFO - DAG(s) dict_keys(['dataset_consumes_1_and_2', 'dataset_produces_2', 'dataset_consumes_1', 'dataset_consumes_unknown_never_scheduled', 'dataset_consumes_1_never_scheduled', 'dataset_produces_1']) retrieved from /home/airflow/.local/lib/python3.8/site-packages/airflow/example_dags/example_datasets.py
[2023-08-20T17:41:12.961+0000] {logging_mixin.py:151} INFO - [2023-08-20T17:41:12.961+0000] {dag.py:2907} INFO - Sync 6 DAGs
[2023-08-20T17:41:12.989+0000] {logging_mixin.py:151} INFO - [2023-08-20T17:41:12.988+0000] {dag.py:3677} INFO - Setting next_dagrun for dataset_consumes_1 to None, run_after=None
[2023-08-20T17:41:12.993+0000] {logging_mixin.py:151} INFO - [2023-08-20T17:41:12.993+0000] {dag.py:3677} INFO - Setting next_dagrun for dataset_consumes_1_and_2 to None, run_after=None
[2023-08-20T17:41:12.996+0000] {logging_mixin.py:151} INFO - [2023-08-20T17:41:12.995+0000] {dag.py:3677} INFO - Setting next_dagrun for dataset_consumes_1_never_scheduled to None, run_after=None
[2023-08-20T17:41:12.998+0000] {logging_mixin.py:151} INFO - [2023-08-20T17:41:12.998+0000] {dag.py:3677} INFO - Setting next_dagrun for dataset_consumes_unknown_never_scheduled to None, run_after=None
[2023-08-20T17:41:13.002+0000] {logging_mixin.py:151} INFO - [2023-08-20T17:41:13.002+0000] {dag.py:3677} INFO - Setting next_dagrun for dataset_produces_1 to 2023-08-19T00:00:00+00:00, run_after=2023-08-20T00:00:00+00:00
[2023-08-20T17:41:13.004+0000] {logging_mixin.py:151} INFO - [2023-08-20T17:41:13.004+0000] {dag.py:3677} INFO - Setting next_dagrun for dataset_produces_2 to None, run_after=None
[2023-08-20T17:41:13.045+0000] {processor.py:179} INFO - Processing /home/airflow/.local/lib/python3.8/site-packages/airflow/example_dags/example_datasets.py took 0.151 seconds
[2023-08-20T17:41:43.250+0000] {processor.py:157} INFO - Started process (PID=486) to work on /home/airflow/.local/lib/python3.8/site-packages/airflow/example_dags/example_datasets.py
[2023-08-20T17:41:43.252+0000] {processor.py:829} INFO - Processing file /home/airflow/.local/lib/python3.8/site-packages/airflow/example_dags/example_datasets.py for tasks to queue
[2023-08-20T17:41:43.255+0000] {logging_mixin.py:151} INFO - [2023-08-20T17:41:43.254+0000] {dagbag.py:539} INFO - Filling up the DagBag from /home/airflow/.local/lib/python3.8/site-packages/airflow/example_dags/example_datasets.py
[2023-08-20T17:41:43.272+0000] {processor.py:839} INFO - DAG(s) dict_keys(['dataset_produces_2', 'dataset_consumes_1', 'dataset_consumes_1_never_scheduled', 'dataset_consumes_1_and_2', 'dataset_produces_1', 'dataset_consumes_unknown_never_scheduled']) retrieved from /home/airflow/.local/lib/python3.8/site-packages/airflow/example_dags/example_datasets.py
[2023-08-20T17:41:43.335+0000] {logging_mixin.py:151} INFO - [2023-08-20T17:41:43.334+0000] {dag.py:2907} INFO - Sync 6 DAGs
[2023-08-20T17:41:43.387+0000] {logging_mixin.py:151} INFO - [2023-08-20T17:41:43.387+0000] {dag.py:3677} INFO - Setting next_dagrun for dataset_consumes_1 to None, run_after=None
[2023-08-20T17:41:43.394+0000] {logging_mixin.py:151} INFO - [2023-08-20T17:41:43.394+0000] {dag.py:3677} INFO - Setting next_dagrun for dataset_consumes_1_and_2 to None, run_after=None
[2023-08-20T17:41:43.397+0000] {logging_mixin.py:151} INFO - [2023-08-20T17:41:43.397+0000] {dag.py:3677} INFO - Setting next_dagrun for dataset_consumes_1_never_scheduled to None, run_after=None
[2023-08-20T17:41:43.399+0000] {logging_mixin.py:151} INFO - [2023-08-20T17:41:43.399+0000] {dag.py:3677} INFO - Setting next_dagrun for dataset_consumes_unknown_never_scheduled to None, run_after=None
[2023-08-20T17:41:43.406+0000] {logging_mixin.py:151} INFO - [2023-08-20T17:41:43.406+0000] {dag.py:3677} INFO - Setting next_dagrun for dataset_produces_1 to 2023-08-19T00:00:00+00:00, run_after=2023-08-20T00:00:00+00:00
[2023-08-20T17:41:43.410+0000] {logging_mixin.py:151} INFO - [2023-08-20T17:41:43.410+0000] {dag.py:3677} INFO - Setting next_dagrun for dataset_produces_2 to None, run_after=None
[2023-08-20T17:41:43.469+0000] {processor.py:179} INFO - Processing /home/airflow/.local/lib/python3.8/site-packages/airflow/example_dags/example_datasets.py took 0.223 seconds
[2023-08-20T17:42:13.788+0000] {processor.py:157} INFO - Started process (PID=540) to work on /home/airflow/.local/lib/python3.8/site-packages/airflow/example_dags/example_datasets.py
[2023-08-20T17:42:13.790+0000] {processor.py:829} INFO - Processing file /home/airflow/.local/lib/python3.8/site-packages/airflow/example_dags/example_datasets.py for tasks to queue
[2023-08-20T17:42:13.794+0000] {logging_mixin.py:151} INFO - [2023-08-20T17:42:13.794+0000] {dagbag.py:539} INFO - Filling up the DagBag from /home/airflow/.local/lib/python3.8/site-packages/airflow/example_dags/example_datasets.py
[2023-08-20T17:42:13.810+0000] {processor.py:839} INFO - DAG(s) dict_keys(['dataset_produces_1', 'dataset_consumes_1_never_scheduled', 'dataset_consumes_1', 'dataset_consumes_1_and_2', 'dataset_consumes_unknown_never_scheduled', 'dataset_produces_2']) retrieved from /home/airflow/.local/lib/python3.8/site-packages/airflow/example_dags/example_datasets.py
[2023-08-20T17:42:13.867+0000] {logging_mixin.py:151} INFO - [2023-08-20T17:42:13.867+0000] {dag.py:2907} INFO - Sync 6 DAGs
[2023-08-20T17:42:13.907+0000] {logging_mixin.py:151} INFO - [2023-08-20T17:42:13.907+0000] {dag.py:3677} INFO - Setting next_dagrun for dataset_consumes_1 to None, run_after=None
[2023-08-20T17:42:13.914+0000] {logging_mixin.py:151} INFO - [2023-08-20T17:42:13.914+0000] {dag.py:3677} INFO - Setting next_dagrun for dataset_consumes_1_and_2 to None, run_after=None
[2023-08-20T17:42:13.917+0000] {logging_mixin.py:151} INFO - [2023-08-20T17:42:13.917+0000] {dag.py:3677} INFO - Setting next_dagrun for dataset_consumes_1_never_scheduled to None, run_after=None
[2023-08-20T17:42:13.920+0000] {logging_mixin.py:151} INFO - [2023-08-20T17:42:13.920+0000] {dag.py:3677} INFO - Setting next_dagrun for dataset_consumes_unknown_never_scheduled to None, run_after=None
[2023-08-20T17:42:13.925+0000] {logging_mixin.py:151} INFO - [2023-08-20T17:42:13.925+0000] {dag.py:3677} INFO - Setting next_dagrun for dataset_produces_1 to 2023-08-19T00:00:00+00:00, run_after=2023-08-20T00:00:00+00:00
[2023-08-20T17:42:13.929+0000] {logging_mixin.py:151} INFO - [2023-08-20T17:42:13.928+0000] {dag.py:3677} INFO - Setting next_dagrun for dataset_produces_2 to None, run_after=None
[2023-08-20T17:42:13.975+0000] {processor.py:179} INFO - Processing /home/airflow/.local/lib/python3.8/site-packages/airflow/example_dags/example_datasets.py took 0.193 seconds
[2023-08-20T17:42:44.104+0000] {processor.py:157} INFO - Started process (PID=594) to work on /home/airflow/.local/lib/python3.8/site-packages/airflow/example_dags/example_datasets.py
[2023-08-20T17:42:44.106+0000] {processor.py:829} INFO - Processing file /home/airflow/.local/lib/python3.8/site-packages/airflow/example_dags/example_datasets.py for tasks to queue
[2023-08-20T17:42:44.109+0000] {logging_mixin.py:151} INFO - [2023-08-20T17:42:44.109+0000] {dagbag.py:539} INFO - Filling up the DagBag from /home/airflow/.local/lib/python3.8/site-packages/airflow/example_dags/example_datasets.py
[2023-08-20T17:42:44.120+0000] {processor.py:839} INFO - DAG(s) dict_keys(['dataset_consumes_1', 'dataset_produces_1', 'dataset_consumes_1_and_2', 'dataset_consumes_1_never_scheduled', 'dataset_produces_2', 'dataset_consumes_unknown_never_scheduled']) retrieved from /home/airflow/.local/lib/python3.8/site-packages/airflow/example_dags/example_datasets.py
[2023-08-20T17:42:44.173+0000] {logging_mixin.py:151} INFO - [2023-08-20T17:42:44.173+0000] {dag.py:2907} INFO - Sync 6 DAGs
[2023-08-20T17:42:44.202+0000] {logging_mixin.py:151} INFO - [2023-08-20T17:42:44.202+0000] {dag.py:3677} INFO - Setting next_dagrun for dataset_consumes_1 to None, run_after=None
[2023-08-20T17:42:44.208+0000] {logging_mixin.py:151} INFO - [2023-08-20T17:42:44.207+0000] {dag.py:3677} INFO - Setting next_dagrun for dataset_consumes_1_and_2 to None, run_after=None
[2023-08-20T17:42:44.210+0000] {logging_mixin.py:151} INFO - [2023-08-20T17:42:44.210+0000] {dag.py:3677} INFO - Setting next_dagrun for dataset_consumes_1_never_scheduled to None, run_after=None
[2023-08-20T17:42:44.213+0000] {logging_mixin.py:151} INFO - [2023-08-20T17:42:44.213+0000] {dag.py:3677} INFO - Setting next_dagrun for dataset_consumes_unknown_never_scheduled to None, run_after=None
[2023-08-20T17:42:44.217+0000] {logging_mixin.py:151} INFO - [2023-08-20T17:42:44.217+0000] {dag.py:3677} INFO - Setting next_dagrun for dataset_produces_1 to 2023-08-19T00:00:00+00:00, run_after=2023-08-20T00:00:00+00:00
[2023-08-20T17:42:44.220+0000] {logging_mixin.py:151} INFO - [2023-08-20T17:42:44.219+0000] {dag.py:3677} INFO - Setting next_dagrun for dataset_produces_2 to None, run_after=None
[2023-08-20T17:42:44.262+0000] {processor.py:179} INFO - Processing /home/airflow/.local/lib/python3.8/site-packages/airflow/example_dags/example_datasets.py took 0.163 seconds
[2023-08-20T17:43:14.623+0000] {processor.py:157} INFO - Started process (PID=648) to work on /home/airflow/.local/lib/python3.8/site-packages/airflow/example_dags/example_datasets.py
[2023-08-20T17:43:14.625+0000] {processor.py:829} INFO - Processing file /home/airflow/.local/lib/python3.8/site-packages/airflow/example_dags/example_datasets.py for tasks to queue
[2023-08-20T17:43:14.629+0000] {logging_mixin.py:151} INFO - [2023-08-20T17:43:14.629+0000] {dagbag.py:539} INFO - Filling up the DagBag from /home/airflow/.local/lib/python3.8/site-packages/airflow/example_dags/example_datasets.py
[2023-08-20T17:43:14.648+0000] {processor.py:839} INFO - DAG(s) dict_keys(['dataset_consumes_1_never_scheduled', 'dataset_produces_2', 'dataset_consumes_unknown_never_scheduled', 'dataset_produces_1', 'dataset_consumes_1', 'dataset_consumes_1_and_2']) retrieved from /home/airflow/.local/lib/python3.8/site-packages/airflow/example_dags/example_datasets.py
[2023-08-20T17:43:14.700+0000] {logging_mixin.py:151} INFO - [2023-08-20T17:43:14.700+0000] {dag.py:2907} INFO - Sync 6 DAGs
[2023-08-20T17:43:14.737+0000] {logging_mixin.py:151} INFO - [2023-08-20T17:43:14.737+0000] {dag.py:3677} INFO - Setting next_dagrun for dataset_consumes_1 to None, run_after=None
[2023-08-20T17:43:14.744+0000] {logging_mixin.py:151} INFO - [2023-08-20T17:43:14.744+0000] {dag.py:3677} INFO - Setting next_dagrun for dataset_consumes_1_and_2 to None, run_after=None
[2023-08-20T17:43:14.748+0000] {logging_mixin.py:151} INFO - [2023-08-20T17:43:14.747+0000] {dag.py:3677} INFO - Setting next_dagrun for dataset_consumes_1_never_scheduled to None, run_after=None
[2023-08-20T17:43:14.750+0000] {logging_mixin.py:151} INFO - [2023-08-20T17:43:14.750+0000] {dag.py:3677} INFO - Setting next_dagrun for dataset_consumes_unknown_never_scheduled to None, run_after=None
[2023-08-20T17:43:14.755+0000] {logging_mixin.py:151} INFO - [2023-08-20T17:43:14.755+0000] {dag.py:3677} INFO - Setting next_dagrun for dataset_produces_1 to 2023-08-19T00:00:00+00:00, run_after=2023-08-20T00:00:00+00:00
[2023-08-20T17:43:14.758+0000] {logging_mixin.py:151} INFO - [2023-08-20T17:43:14.758+0000] {dag.py:3677} INFO - Setting next_dagrun for dataset_produces_2 to None, run_after=None
[2023-08-20T17:43:14.806+0000] {processor.py:179} INFO - Processing /home/airflow/.local/lib/python3.8/site-packages/airflow/example_dags/example_datasets.py took 0.189 seconds
[2023-08-20T17:43:45.460+0000] {processor.py:157} INFO - Started process (PID=702) to work on /home/airflow/.local/lib/python3.8/site-packages/airflow/example_dags/example_datasets.py
[2023-08-20T17:43:45.462+0000] {processor.py:829} INFO - Processing file /home/airflow/.local/lib/python3.8/site-packages/airflow/example_dags/example_datasets.py for tasks to queue
[2023-08-20T17:43:45.466+0000] {logging_mixin.py:151} INFO - [2023-08-20T17:43:45.466+0000] {dagbag.py:539} INFO - Filling up the DagBag from /home/airflow/.local/lib/python3.8/site-packages/airflow/example_dags/example_datasets.py
[2023-08-20T17:43:45.482+0000] {processor.py:839} INFO - DAG(s) dict_keys(['dataset_produces_1', 'dataset_consumes_1_never_scheduled', 'dataset_consumes_unknown_never_scheduled', 'dataset_produces_2', 'dataset_consumes_1_and_2', 'dataset_consumes_1']) retrieved from /home/airflow/.local/lib/python3.8/site-packages/airflow/example_dags/example_datasets.py
[2023-08-20T17:43:45.537+0000] {logging_mixin.py:151} INFO - [2023-08-20T17:43:45.537+0000] {dag.py:2907} INFO - Sync 6 DAGs
[2023-08-20T17:43:45.571+0000] {logging_mixin.py:151} INFO - [2023-08-20T17:43:45.570+0000] {dag.py:3677} INFO - Setting next_dagrun for dataset_consumes_1 to None, run_after=None
[2023-08-20T17:43:45.578+0000] {logging_mixin.py:151} INFO - [2023-08-20T17:43:45.577+0000] {dag.py:3677} INFO - Setting next_dagrun for dataset_consumes_1_and_2 to None, run_after=None
[2023-08-20T17:43:45.581+0000] {logging_mixin.py:151} INFO - [2023-08-20T17:43:45.580+0000] {dag.py:3677} INFO - Setting next_dagrun for dataset_consumes_1_never_scheduled to None, run_after=None
[2023-08-20T17:43:45.583+0000] {logging_mixin.py:151} INFO - [2023-08-20T17:43:45.583+0000] {dag.py:3677} INFO - Setting next_dagrun for dataset_consumes_unknown_never_scheduled to None, run_after=None
[2023-08-20T17:43:45.589+0000] {logging_mixin.py:151} INFO - [2023-08-20T17:43:45.588+0000] {dag.py:3677} INFO - Setting next_dagrun for dataset_produces_1 to 2023-08-19T00:00:00+00:00, run_after=2023-08-20T00:00:00+00:00
[2023-08-20T17:43:45.591+0000] {logging_mixin.py:151} INFO - [2023-08-20T17:43:45.591+0000] {dag.py:3677} INFO - Setting next_dagrun for dataset_produces_2 to None, run_after=None
[2023-08-20T17:43:45.636+0000] {processor.py:179} INFO - Processing /home/airflow/.local/lib/python3.8/site-packages/airflow/example_dags/example_datasets.py took 0.180 seconds
[2023-08-20T17:44:15.816+0000] {processor.py:157} INFO - Started process (PID=755) to work on /home/airflow/.local/lib/python3.8/site-packages/airflow/example_dags/example_datasets.py
[2023-08-20T17:44:15.818+0000] {processor.py:829} INFO - Processing file /home/airflow/.local/lib/python3.8/site-packages/airflow/example_dags/example_datasets.py for tasks to queue
[2023-08-20T17:44:15.821+0000] {logging_mixin.py:151} INFO - [2023-08-20T17:44:15.821+0000] {dagbag.py:539} INFO - Filling up the DagBag from /home/airflow/.local/lib/python3.8/site-packages/airflow/example_dags/example_datasets.py
[2023-08-20T17:44:15.841+0000] {processor.py:839} INFO - DAG(s) dict_keys(['dataset_consumes_1', 'dataset_consumes_unknown_never_scheduled', 'dataset_consumes_1_and_2', 'dataset_produces_2', 'dataset_consumes_1_never_scheduled', 'dataset_produces_1']) retrieved from /home/airflow/.local/lib/python3.8/site-packages/airflow/example_dags/example_datasets.py
[2023-08-20T17:44:15.889+0000] {logging_mixin.py:151} INFO - [2023-08-20T17:44:15.889+0000] {dag.py:2907} INFO - Sync 6 DAGs
[2023-08-20T17:44:15.920+0000] {logging_mixin.py:151} INFO - [2023-08-20T17:44:15.920+0000] {dag.py:3677} INFO - Setting next_dagrun for dataset_consumes_1 to None, run_after=None
[2023-08-20T17:44:15.926+0000] {logging_mixin.py:151} INFO - [2023-08-20T17:44:15.925+0000] {dag.py:3677} INFO - Setting next_dagrun for dataset_consumes_1_and_2 to None, run_after=None
[2023-08-20T17:44:15.928+0000] {logging_mixin.py:151} INFO - [2023-08-20T17:44:15.928+0000] {dag.py:3677} INFO - Setting next_dagrun for dataset_consumes_1_never_scheduled to None, run_after=None
[2023-08-20T17:44:15.931+0000] {logging_mixin.py:151} INFO - [2023-08-20T17:44:15.931+0000] {dag.py:3677} INFO - Setting next_dagrun for dataset_consumes_unknown_never_scheduled to None, run_after=None
[2023-08-20T17:44:15.935+0000] {logging_mixin.py:151} INFO - [2023-08-20T17:44:15.935+0000] {dag.py:3677} INFO - Setting next_dagrun for dataset_produces_1 to 2023-08-19T00:00:00+00:00, run_after=2023-08-20T00:00:00+00:00
[2023-08-20T17:44:15.938+0000] {logging_mixin.py:151} INFO - [2023-08-20T17:44:15.937+0000] {dag.py:3677} INFO - Setting next_dagrun for dataset_produces_2 to None, run_after=None
[2023-08-20T17:44:15.984+0000] {processor.py:179} INFO - Processing /home/airflow/.local/lib/python3.8/site-packages/airflow/example_dags/example_datasets.py took 0.173 seconds
[2023-08-20T17:44:46.096+0000] {processor.py:157} INFO - Started process (PID=809) to work on /home/airflow/.local/lib/python3.8/site-packages/airflow/example_dags/example_datasets.py
[2023-08-20T17:44:46.098+0000] {processor.py:829} INFO - Processing file /home/airflow/.local/lib/python3.8/site-packages/airflow/example_dags/example_datasets.py for tasks to queue
[2023-08-20T17:44:46.101+0000] {logging_mixin.py:151} INFO - [2023-08-20T17:44:46.101+0000] {dagbag.py:539} INFO - Filling up the DagBag from /home/airflow/.local/lib/python3.8/site-packages/airflow/example_dags/example_datasets.py
[2023-08-20T17:44:46.115+0000] {processor.py:839} INFO - DAG(s) dict_keys(['dataset_produces_1', 'dataset_produces_2', 'dataset_consumes_1_never_scheduled', 'dataset_consumes_1_and_2', 'dataset_consumes_unknown_never_scheduled', 'dataset_consumes_1']) retrieved from /home/airflow/.local/lib/python3.8/site-packages/airflow/example_dags/example_datasets.py
[2023-08-20T17:44:46.175+0000] {logging_mixin.py:151} INFO - [2023-08-20T17:44:46.175+0000] {dag.py:2907} INFO - Sync 6 DAGs
[2023-08-20T17:44:46.232+0000] {logging_mixin.py:151} INFO - [2023-08-20T17:44:46.231+0000] {dag.py:3677} INFO - Setting next_dagrun for dataset_consumes_1 to None, run_after=None
[2023-08-20T17:44:46.238+0000] {logging_mixin.py:151} INFO - [2023-08-20T17:44:46.238+0000] {dag.py:3677} INFO - Setting next_dagrun for dataset_consumes_1_and_2 to None, run_after=None
[2023-08-20T17:44:46.241+0000] {logging_mixin.py:151} INFO - [2023-08-20T17:44:46.241+0000] {dag.py:3677} INFO - Setting next_dagrun for dataset_consumes_1_never_scheduled to None, run_after=None
[2023-08-20T17:44:46.243+0000] {logging_mixin.py:151} INFO - [2023-08-20T17:44:46.243+0000] {dag.py:3677} INFO - Setting next_dagrun for dataset_consumes_unknown_never_scheduled to None, run_after=None
[2023-08-20T17:44:46.248+0000] {logging_mixin.py:151} INFO - [2023-08-20T17:44:46.248+0000] {dag.py:3677} INFO - Setting next_dagrun for dataset_produces_1 to 2023-08-19T00:00:00+00:00, run_after=2023-08-20T00:00:00+00:00
[2023-08-20T17:44:46.251+0000] {logging_mixin.py:151} INFO - [2023-08-20T17:44:46.251+0000] {dag.py:3677} INFO - Setting next_dagrun for dataset_produces_2 to None, run_after=None
[2023-08-20T17:44:46.301+0000] {processor.py:179} INFO - Processing /home/airflow/.local/lib/python3.8/site-packages/airflow/example_dags/example_datasets.py took 0.209 seconds
[2023-08-20T17:45:16.794+0000] {processor.py:157} INFO - Started process (PID=864) to work on /home/airflow/.local/lib/python3.8/site-packages/airflow/example_dags/example_datasets.py
[2023-08-20T17:45:16.796+0000] {processor.py:829} INFO - Processing file /home/airflow/.local/lib/python3.8/site-packages/airflow/example_dags/example_datasets.py for tasks to queue
[2023-08-20T17:45:16.800+0000] {logging_mixin.py:151} INFO - [2023-08-20T17:45:16.800+0000] {dagbag.py:539} INFO - Filling up the DagBag from /home/airflow/.local/lib/python3.8/site-packages/airflow/example_dags/example_datasets.py
[2023-08-20T17:45:16.816+0000] {processor.py:839} INFO - DAG(s) dict_keys(['dataset_consumes_1_never_scheduled', 'dataset_produces_1', 'dataset_produces_2', 'dataset_consumes_1', 'dataset_consumes_unknown_never_scheduled', 'dataset_consumes_1_and_2']) retrieved from /home/airflow/.local/lib/python3.8/site-packages/airflow/example_dags/example_datasets.py
[2023-08-20T17:45:16.868+0000] {logging_mixin.py:151} INFO - [2023-08-20T17:45:16.868+0000] {dag.py:2907} INFO - Sync 6 DAGs
[2023-08-20T17:45:16.908+0000] {logging_mixin.py:151} INFO - [2023-08-20T17:45:16.907+0000] {dag.py:3677} INFO - Setting next_dagrun for dataset_consumes_1 to None, run_after=None
[2023-08-20T17:45:16.913+0000] {logging_mixin.py:151} INFO - [2023-08-20T17:45:16.913+0000] {dag.py:3677} INFO - Setting next_dagrun for dataset_consumes_1_and_2 to None, run_after=None
[2023-08-20T17:45:16.916+0000] {logging_mixin.py:151} INFO - [2023-08-20T17:45:16.916+0000] {dag.py:3677} INFO - Setting next_dagrun for dataset_consumes_1_never_scheduled to None, run_after=None
[2023-08-20T17:45:16.919+0000] {logging_mixin.py:151} INFO - [2023-08-20T17:45:16.919+0000] {dag.py:3677} INFO - Setting next_dagrun for dataset_consumes_unknown_never_scheduled to None, run_after=None
[2023-08-20T17:45:16.923+0000] {logging_mixin.py:151} INFO - [2023-08-20T17:45:16.923+0000] {dag.py:3677} INFO - Setting next_dagrun for dataset_produces_1 to 2023-08-19T00:00:00+00:00, run_after=2023-08-20T00:00:00+00:00
[2023-08-20T17:45:16.926+0000] {logging_mixin.py:151} INFO - [2023-08-20T17:45:16.926+0000] {dag.py:3677} INFO - Setting next_dagrun for dataset_produces_2 to None, run_after=None
[2023-08-20T17:45:16.975+0000] {processor.py:179} INFO - Processing /home/airflow/.local/lib/python3.8/site-packages/airflow/example_dags/example_datasets.py took 0.186 seconds
[2023-08-20T17:45:47.147+0000] {processor.py:157} INFO - Started process (PID=917) to work on /home/airflow/.local/lib/python3.8/site-packages/airflow/example_dags/example_datasets.py
[2023-08-20T17:45:47.148+0000] {processor.py:829} INFO - Processing file /home/airflow/.local/lib/python3.8/site-packages/airflow/example_dags/example_datasets.py for tasks to queue
[2023-08-20T17:45:47.152+0000] {logging_mixin.py:151} INFO - [2023-08-20T17:45:47.151+0000] {dagbag.py:539} INFO - Filling up the DagBag from /home/airflow/.local/lib/python3.8/site-packages/airflow/example_dags/example_datasets.py
[2023-08-20T17:45:47.164+0000] {processor.py:839} INFO - DAG(s) dict_keys(['dataset_consumes_unknown_never_scheduled', 'dataset_consumes_1', 'dataset_consumes_1_and_2', 'dataset_produces_2', 'dataset_consumes_1_never_scheduled', 'dataset_produces_1']) retrieved from /home/airflow/.local/lib/python3.8/site-packages/airflow/example_dags/example_datasets.py
[2023-08-20T17:45:47.217+0000] {logging_mixin.py:151} INFO - [2023-08-20T17:45:47.217+0000] {dag.py:2907} INFO - Sync 6 DAGs
[2023-08-20T17:45:47.243+0000] {logging_mixin.py:151} INFO - [2023-08-20T17:45:47.243+0000] {dag.py:3677} INFO - Setting next_dagrun for dataset_consumes_1 to None, run_after=None
[2023-08-20T17:45:47.249+0000] {logging_mixin.py:151} INFO - [2023-08-20T17:45:47.249+0000] {dag.py:3677} INFO - Setting next_dagrun for dataset_consumes_1_and_2 to None, run_after=None
[2023-08-20T17:45:47.252+0000] {logging_mixin.py:151} INFO - [2023-08-20T17:45:47.251+0000] {dag.py:3677} INFO - Setting next_dagrun for dataset_consumes_1_never_scheduled to None, run_after=None
[2023-08-20T17:45:47.254+0000] {logging_mixin.py:151} INFO - [2023-08-20T17:45:47.254+0000] {dag.py:3677} INFO - Setting next_dagrun for dataset_consumes_unknown_never_scheduled to None, run_after=None
[2023-08-20T17:45:47.260+0000] {logging_mixin.py:151} INFO - [2023-08-20T17:45:47.259+0000] {dag.py:3677} INFO - Setting next_dagrun for dataset_produces_1 to 2023-08-19T00:00:00+00:00, run_after=2023-08-20T00:00:00+00:00
[2023-08-20T17:45:47.263+0000] {logging_mixin.py:151} INFO - [2023-08-20T17:45:47.263+0000] {dag.py:3677} INFO - Setting next_dagrun for dataset_produces_2 to None, run_after=None
[2023-08-20T17:45:47.323+0000] {processor.py:179} INFO - Processing /home/airflow/.local/lib/python3.8/site-packages/airflow/example_dags/example_datasets.py took 0.181 seconds
[2023-08-20T17:46:17.640+0000] {processor.py:157} INFO - Started process (PID=971) to work on /home/airflow/.local/lib/python3.8/site-packages/airflow/example_dags/example_datasets.py
[2023-08-20T17:46:17.641+0000] {processor.py:829} INFO - Processing file /home/airflow/.local/lib/python3.8/site-packages/airflow/example_dags/example_datasets.py for tasks to queue
[2023-08-20T17:46:17.645+0000] {logging_mixin.py:151} INFO - [2023-08-20T17:46:17.644+0000] {dagbag.py:539} INFO - Filling up the DagBag from /home/airflow/.local/lib/python3.8/site-packages/airflow/example_dags/example_datasets.py
[2023-08-20T17:46:17.659+0000] {processor.py:839} INFO - DAG(s) dict_keys(['dataset_consumes_unknown_never_scheduled', 'dataset_produces_2', 'dataset_produces_1', 'dataset_consumes_1_never_scheduled', 'dataset_consumes_1', 'dataset_consumes_1_and_2']) retrieved from /home/airflow/.local/lib/python3.8/site-packages/airflow/example_dags/example_datasets.py
[2023-08-20T17:46:17.705+0000] {logging_mixin.py:151} INFO - [2023-08-20T17:46:17.705+0000] {dag.py:2907} INFO - Sync 6 DAGs
[2023-08-20T17:46:17.737+0000] {logging_mixin.py:151} INFO - [2023-08-20T17:46:17.737+0000] {dag.py:3677} INFO - Setting next_dagrun for dataset_consumes_1 to None, run_after=None
[2023-08-20T17:46:17.743+0000] {logging_mixin.py:151} INFO - [2023-08-20T17:46:17.742+0000] {dag.py:3677} INFO - Setting next_dagrun for dataset_consumes_1_and_2 to None, run_after=None
[2023-08-20T17:46:17.746+0000] {logging_mixin.py:151} INFO - [2023-08-20T17:46:17.745+0000] {dag.py:3677} INFO - Setting next_dagrun for dataset_consumes_1_never_scheduled to None, run_after=None
[2023-08-20T17:46:17.748+0000] {logging_mixin.py:151} INFO - [2023-08-20T17:46:17.748+0000] {dag.py:3677} INFO - Setting next_dagrun for dataset_consumes_unknown_never_scheduled to None, run_after=None
[2023-08-20T17:46:17.754+0000] {logging_mixin.py:151} INFO - [2023-08-20T17:46:17.753+0000] {dag.py:3677} INFO - Setting next_dagrun for dataset_produces_1 to 2023-08-19T00:00:00+00:00, run_after=2023-08-20T00:00:00+00:00
[2023-08-20T17:46:17.757+0000] {logging_mixin.py:151} INFO - [2023-08-20T17:46:17.757+0000] {dag.py:3677} INFO - Setting next_dagrun for dataset_produces_2 to None, run_after=None
[2023-08-20T17:46:17.812+0000] {processor.py:179} INFO - Processing /home/airflow/.local/lib/python3.8/site-packages/airflow/example_dags/example_datasets.py took 0.178 seconds
[2023-08-20T17:46:47.936+0000] {processor.py:157} INFO - Started process (PID=1025) to work on /home/airflow/.local/lib/python3.8/site-packages/airflow/example_dags/example_datasets.py
[2023-08-20T17:46:47.938+0000] {processor.py:829} INFO - Processing file /home/airflow/.local/lib/python3.8/site-packages/airflow/example_dags/example_datasets.py for tasks to queue
[2023-08-20T17:46:47.942+0000] {logging_mixin.py:151} INFO - [2023-08-20T17:46:47.941+0000] {dagbag.py:539} INFO - Filling up the DagBag from /home/airflow/.local/lib/python3.8/site-packages/airflow/example_dags/example_datasets.py
[2023-08-20T17:46:47.956+0000] {processor.py:839} INFO - DAG(s) dict_keys(['dataset_consumes_unknown_never_scheduled', 'dataset_produces_2', 'dataset_consumes_1_and_2', 'dataset_consumes_1_never_scheduled', 'dataset_produces_1', 'dataset_consumes_1']) retrieved from /home/airflow/.local/lib/python3.8/site-packages/airflow/example_dags/example_datasets.py
[2023-08-20T17:46:48.017+0000] {logging_mixin.py:151} INFO - [2023-08-20T17:46:48.017+0000] {dag.py:2907} INFO - Sync 6 DAGs
[2023-08-20T17:46:48.052+0000] {logging_mixin.py:151} INFO - [2023-08-20T17:46:48.052+0000] {dag.py:3677} INFO - Setting next_dagrun for dataset_consumes_1 to None, run_after=None
[2023-08-20T17:46:48.057+0000] {logging_mixin.py:151} INFO - [2023-08-20T17:46:48.057+0000] {dag.py:3677} INFO - Setting next_dagrun for dataset_consumes_1_and_2 to None, run_after=None
[2023-08-20T17:46:48.060+0000] {logging_mixin.py:151} INFO - [2023-08-20T17:46:48.060+0000] {dag.py:3677} INFO - Setting next_dagrun for dataset_consumes_1_never_scheduled to None, run_after=None
[2023-08-20T17:46:48.063+0000] {logging_mixin.py:151} INFO - [2023-08-20T17:46:48.063+0000] {dag.py:3677} INFO - Setting next_dagrun for dataset_consumes_unknown_never_scheduled to None, run_after=None
[2023-08-20T17:46:48.069+0000] {logging_mixin.py:151} INFO - [2023-08-20T17:46:48.069+0000] {dag.py:3677} INFO - Setting next_dagrun for dataset_produces_1 to 2023-08-19T00:00:00+00:00, run_after=2023-08-20T00:00:00+00:00
[2023-08-20T17:46:48.072+0000] {logging_mixin.py:151} INFO - [2023-08-20T17:46:48.072+0000] {dag.py:3677} INFO - Setting next_dagrun for dataset_produces_2 to None, run_after=None
[2023-08-20T17:46:48.121+0000] {processor.py:179} INFO - Processing /home/airflow/.local/lib/python3.8/site-packages/airflow/example_dags/example_datasets.py took 0.191 seconds
