[2023-08-20T17:37:39.551+0000] {processor.py:157} INFO - Started process (PID=58) to work on /home/airflow/.local/lib/python3.8/site-packages/airflow/example_dags/example_params_trigger_ui.py
[2023-08-20T17:37:39.553+0000] {processor.py:829} INFO - Processing file /home/airflow/.local/lib/python3.8/site-packages/airflow/example_dags/example_params_trigger_ui.py for tasks to queue
[2023-08-20T17:37:39.556+0000] {logging_mixin.py:151} INFO - [2023-08-20T17:37:39.556+0000] {dagbag.py:539} INFO - Filling up the DagBag from /home/airflow/.local/lib/python3.8/site-packages/airflow/example_dags/example_params_trigger_ui.py
[2023-08-20T17:37:39.596+0000] {processor.py:839} INFO - DAG(s) dict_keys(['example_params_trigger_ui']) retrieved from /home/airflow/.local/lib/python3.8/site-packages/airflow/example_dags/example_params_trigger_ui.py
[2023-08-20T17:37:39.617+0000] {logging_mixin.py:151} INFO - [2023-08-20T17:37:39.616+0000] {dag.py:2907} INFO - Sync 1 DAGs
[2023-08-20T17:37:39.646+0000] {logging_mixin.py:151} INFO - [2023-08-20T17:37:39.646+0000] {dag.py:3677} INFO - Setting next_dagrun for example_params_trigger_ui to None, run_after=None
[2023-08-20T17:37:39.695+0000] {processor.py:179} INFO - Processing /home/airflow/.local/lib/python3.8/site-packages/airflow/example_dags/example_params_trigger_ui.py took 0.145 seconds
[2023-08-20T17:38:10.664+0000] {processor.py:157} INFO - Started process (PID=112) to work on /home/airflow/.local/lib/python3.8/site-packages/airflow/example_dags/example_params_trigger_ui.py
[2023-08-20T17:38:10.666+0000] {processor.py:829} INFO - Processing file /home/airflow/.local/lib/python3.8/site-packages/airflow/example_dags/example_params_trigger_ui.py for tasks to queue
[2023-08-20T17:38:10.670+0000] {logging_mixin.py:151} INFO - [2023-08-20T17:38:10.669+0000] {dagbag.py:539} INFO - Filling up the DagBag from /home/airflow/.local/lib/python3.8/site-packages/airflow/example_dags/example_params_trigger_ui.py
[2023-08-20T17:38:10.695+0000] {processor.py:839} INFO - DAG(s) dict_keys(['example_params_trigger_ui']) retrieved from /home/airflow/.local/lib/python3.8/site-packages/airflow/example_dags/example_params_trigger_ui.py
[2023-08-20T17:38:10.764+0000] {logging_mixin.py:151} INFO - [2023-08-20T17:38:10.764+0000] {dag.py:2907} INFO - Sync 1 DAGs
[2023-08-20T17:38:10.782+0000] {logging_mixin.py:151} INFO - [2023-08-20T17:38:10.782+0000] {dag.py:3677} INFO - Setting next_dagrun for example_params_trigger_ui to None, run_after=None
[2023-08-20T17:38:10.812+0000] {processor.py:179} INFO - Processing /home/airflow/.local/lib/python3.8/site-packages/airflow/example_dags/example_params_trigger_ui.py took 0.153 seconds
[2023-08-20T17:38:40.904+0000] {processor.py:157} INFO - Started process (PID=166) to work on /home/airflow/.local/lib/python3.8/site-packages/airflow/example_dags/example_params_trigger_ui.py
[2023-08-20T17:38:40.906+0000] {processor.py:829} INFO - Processing file /home/airflow/.local/lib/python3.8/site-packages/airflow/example_dags/example_params_trigger_ui.py for tasks to queue
[2023-08-20T17:38:40.909+0000] {logging_mixin.py:151} INFO - [2023-08-20T17:38:40.909+0000] {dagbag.py:539} INFO - Filling up the DagBag from /home/airflow/.local/lib/python3.8/site-packages/airflow/example_dags/example_params_trigger_ui.py
[2023-08-20T17:38:40.933+0000] {processor.py:839} INFO - DAG(s) dict_keys(['example_params_trigger_ui']) retrieved from /home/airflow/.local/lib/python3.8/site-packages/airflow/example_dags/example_params_trigger_ui.py
[2023-08-20T17:38:41.015+0000] {logging_mixin.py:151} INFO - [2023-08-20T17:38:41.015+0000] {dag.py:2907} INFO - Sync 1 DAGs
[2023-08-20T17:38:41.031+0000] {logging_mixin.py:151} INFO - [2023-08-20T17:38:41.030+0000] {dag.py:3677} INFO - Setting next_dagrun for example_params_trigger_ui to None, run_after=None
[2023-08-20T17:38:41.061+0000] {processor.py:179} INFO - Processing /home/airflow/.local/lib/python3.8/site-packages/airflow/example_dags/example_params_trigger_ui.py took 0.162 seconds
[2023-08-20T17:39:11.205+0000] {processor.py:157} INFO - Started process (PID=220) to work on /home/airflow/.local/lib/python3.8/site-packages/airflow/example_dags/example_params_trigger_ui.py
[2023-08-20T17:39:11.207+0000] {processor.py:829} INFO - Processing file /home/airflow/.local/lib/python3.8/site-packages/airflow/example_dags/example_params_trigger_ui.py for tasks to queue
[2023-08-20T17:39:11.210+0000] {logging_mixin.py:151} INFO - [2023-08-20T17:39:11.210+0000] {dagbag.py:539} INFO - Filling up the DagBag from /home/airflow/.local/lib/python3.8/site-packages/airflow/example_dags/example_params_trigger_ui.py
[2023-08-20T17:39:11.236+0000] {processor.py:839} INFO - DAG(s) dict_keys(['example_params_trigger_ui']) retrieved from /home/airflow/.local/lib/python3.8/site-packages/airflow/example_dags/example_params_trigger_ui.py
[2023-08-20T17:39:11.297+0000] {logging_mixin.py:151} INFO - [2023-08-20T17:39:11.296+0000] {dag.py:2907} INFO - Sync 1 DAGs
[2023-08-20T17:39:11.315+0000] {logging_mixin.py:151} INFO - [2023-08-20T17:39:11.315+0000] {dag.py:3677} INFO - Setting next_dagrun for example_params_trigger_ui to None, run_after=None
[2023-08-20T17:39:11.343+0000] {processor.py:179} INFO - Processing /home/airflow/.local/lib/python3.8/site-packages/airflow/example_dags/example_params_trigger_ui.py took 0.143 seconds
[2023-08-20T17:39:41.739+0000] {processor.py:157} INFO - Started process (PID=274) to work on /home/airflow/.local/lib/python3.8/site-packages/airflow/example_dags/example_params_trigger_ui.py
[2023-08-20T17:39:41.741+0000] {processor.py:829} INFO - Processing file /home/airflow/.local/lib/python3.8/site-packages/airflow/example_dags/example_params_trigger_ui.py for tasks to queue
[2023-08-20T17:39:41.745+0000] {logging_mixin.py:151} INFO - [2023-08-20T17:39:41.744+0000] {dagbag.py:539} INFO - Filling up the DagBag from /home/airflow/.local/lib/python3.8/site-packages/airflow/example_dags/example_params_trigger_ui.py
[2023-08-20T17:39:41.769+0000] {processor.py:839} INFO - DAG(s) dict_keys(['example_params_trigger_ui']) retrieved from /home/airflow/.local/lib/python3.8/site-packages/airflow/example_dags/example_params_trigger_ui.py
[2023-08-20T17:39:41.786+0000] {logging_mixin.py:151} INFO - [2023-08-20T17:39:41.785+0000] {dag.py:2907} INFO - Sync 1 DAGs
[2023-08-20T17:39:41.804+0000] {logging_mixin.py:151} INFO - [2023-08-20T17:39:41.804+0000] {dag.py:3677} INFO - Setting next_dagrun for example_params_trigger_ui to None, run_after=None
[2023-08-20T17:39:41.837+0000] {processor.py:179} INFO - Processing /home/airflow/.local/lib/python3.8/site-packages/airflow/example_dags/example_params_trigger_ui.py took 0.104 seconds
[2023-08-20T17:40:12.322+0000] {processor.py:157} INFO - Started process (PID=328) to work on /home/airflow/.local/lib/python3.8/site-packages/airflow/example_dags/example_params_trigger_ui.py
[2023-08-20T17:40:12.325+0000] {processor.py:829} INFO - Processing file /home/airflow/.local/lib/python3.8/site-packages/airflow/example_dags/example_params_trigger_ui.py for tasks to queue
[2023-08-20T17:40:12.328+0000] {logging_mixin.py:151} INFO - [2023-08-20T17:40:12.328+0000] {dagbag.py:539} INFO - Filling up the DagBag from /home/airflow/.local/lib/python3.8/site-packages/airflow/example_dags/example_params_trigger_ui.py
[2023-08-20T17:40:12.350+0000] {processor.py:839} INFO - DAG(s) dict_keys(['example_params_trigger_ui']) retrieved from /home/airflow/.local/lib/python3.8/site-packages/airflow/example_dags/example_params_trigger_ui.py
[2023-08-20T17:40:12.416+0000] {logging_mixin.py:151} INFO - [2023-08-20T17:40:12.416+0000] {dag.py:2907} INFO - Sync 1 DAGs
[2023-08-20T17:40:12.433+0000] {logging_mixin.py:151} INFO - [2023-08-20T17:40:12.433+0000] {dag.py:3677} INFO - Setting next_dagrun for example_params_trigger_ui to None, run_after=None
[2023-08-20T17:40:12.462+0000] {processor.py:179} INFO - Processing /home/airflow/.local/lib/python3.8/site-packages/airflow/example_dags/example_params_trigger_ui.py took 0.145 seconds
[2023-08-20T17:40:43.291+0000] {processor.py:157} INFO - Started process (PID=382) to work on /home/airflow/.local/lib/python3.8/site-packages/airflow/example_dags/example_params_trigger_ui.py
[2023-08-20T17:40:43.293+0000] {processor.py:829} INFO - Processing file /home/airflow/.local/lib/python3.8/site-packages/airflow/example_dags/example_params_trigger_ui.py for tasks to queue
[2023-08-20T17:40:43.298+0000] {logging_mixin.py:151} INFO - [2023-08-20T17:40:43.298+0000] {dagbag.py:539} INFO - Filling up the DagBag from /home/airflow/.local/lib/python3.8/site-packages/airflow/example_dags/example_params_trigger_ui.py
[2023-08-20T17:40:43.330+0000] {processor.py:839} INFO - DAG(s) dict_keys(['example_params_trigger_ui']) retrieved from /home/airflow/.local/lib/python3.8/site-packages/airflow/example_dags/example_params_trigger_ui.py
[2023-08-20T17:40:43.400+0000] {logging_mixin.py:151} INFO - [2023-08-20T17:40:43.400+0000] {dag.py:2907} INFO - Sync 1 DAGs
[2023-08-20T17:40:43.418+0000] {logging_mixin.py:151} INFO - [2023-08-20T17:40:43.418+0000] {dag.py:3677} INFO - Setting next_dagrun for example_params_trigger_ui to None, run_after=None
[2023-08-20T17:40:43.451+0000] {processor.py:179} INFO - Processing /home/airflow/.local/lib/python3.8/site-packages/airflow/example_dags/example_params_trigger_ui.py took 0.167 seconds
[2023-08-20T17:41:13.537+0000] {processor.py:157} INFO - Started process (PID=436) to work on /home/airflow/.local/lib/python3.8/site-packages/airflow/example_dags/example_params_trigger_ui.py
[2023-08-20T17:41:13.538+0000] {processor.py:829} INFO - Processing file /home/airflow/.local/lib/python3.8/site-packages/airflow/example_dags/example_params_trigger_ui.py for tasks to queue
[2023-08-20T17:41:13.542+0000] {logging_mixin.py:151} INFO - [2023-08-20T17:41:13.541+0000] {dagbag.py:539} INFO - Filling up the DagBag from /home/airflow/.local/lib/python3.8/site-packages/airflow/example_dags/example_params_trigger_ui.py
[2023-08-20T17:41:13.562+0000] {processor.py:839} INFO - DAG(s) dict_keys(['example_params_trigger_ui']) retrieved from /home/airflow/.local/lib/python3.8/site-packages/airflow/example_dags/example_params_trigger_ui.py
[2023-08-20T17:41:13.634+0000] {logging_mixin.py:151} INFO - [2023-08-20T17:41:13.633+0000] {dag.py:2907} INFO - Sync 1 DAGs
[2023-08-20T17:41:13.655+0000] {logging_mixin.py:151} INFO - [2023-08-20T17:41:13.654+0000] {dag.py:3677} INFO - Setting next_dagrun for example_params_trigger_ui to None, run_after=None
[2023-08-20T17:41:13.685+0000] {processor.py:179} INFO - Processing /home/airflow/.local/lib/python3.8/site-packages/airflow/example_dags/example_params_trigger_ui.py took 0.152 seconds
[2023-08-20T17:41:44.360+0000] {processor.py:157} INFO - Started process (PID=491) to work on /home/airflow/.local/lib/python3.8/site-packages/airflow/example_dags/example_params_trigger_ui.py
[2023-08-20T17:41:44.362+0000] {processor.py:829} INFO - Processing file /home/airflow/.local/lib/python3.8/site-packages/airflow/example_dags/example_params_trigger_ui.py for tasks to queue
[2023-08-20T17:41:44.366+0000] {logging_mixin.py:151} INFO - [2023-08-20T17:41:44.365+0000] {dagbag.py:539} INFO - Filling up the DagBag from /home/airflow/.local/lib/python3.8/site-packages/airflow/example_dags/example_params_trigger_ui.py
[2023-08-20T17:41:44.390+0000] {processor.py:839} INFO - DAG(s) dict_keys(['example_params_trigger_ui']) retrieved from /home/airflow/.local/lib/python3.8/site-packages/airflow/example_dags/example_params_trigger_ui.py
[2023-08-20T17:41:44.465+0000] {logging_mixin.py:151} INFO - [2023-08-20T17:41:44.465+0000] {dag.py:2907} INFO - Sync 1 DAGs
[2023-08-20T17:41:44.482+0000] {logging_mixin.py:151} INFO - [2023-08-20T17:41:44.481+0000] {dag.py:3677} INFO - Setting next_dagrun for example_params_trigger_ui to None, run_after=None
[2023-08-20T17:41:44.508+0000] {processor.py:179} INFO - Processing /home/airflow/.local/lib/python3.8/site-packages/airflow/example_dags/example_params_trigger_ui.py took 0.152 seconds
[2023-08-20T17:42:15.188+0000] {processor.py:157} INFO - Started process (PID=545) to work on /home/airflow/.local/lib/python3.8/site-packages/airflow/example_dags/example_params_trigger_ui.py
[2023-08-20T17:42:15.190+0000] {processor.py:829} INFO - Processing file /home/airflow/.local/lib/python3.8/site-packages/airflow/example_dags/example_params_trigger_ui.py for tasks to queue
[2023-08-20T17:42:15.193+0000] {logging_mixin.py:151} INFO - [2023-08-20T17:42:15.193+0000] {dagbag.py:539} INFO - Filling up the DagBag from /home/airflow/.local/lib/python3.8/site-packages/airflow/example_dags/example_params_trigger_ui.py
[2023-08-20T17:42:15.216+0000] {processor.py:839} INFO - DAG(s) dict_keys(['example_params_trigger_ui']) retrieved from /home/airflow/.local/lib/python3.8/site-packages/airflow/example_dags/example_params_trigger_ui.py
[2023-08-20T17:42:15.288+0000] {logging_mixin.py:151} INFO - [2023-08-20T17:42:15.287+0000] {dag.py:2907} INFO - Sync 1 DAGs
[2023-08-20T17:42:15.306+0000] {logging_mixin.py:151} INFO - [2023-08-20T17:42:15.306+0000] {dag.py:3677} INFO - Setting next_dagrun for example_params_trigger_ui to None, run_after=None
[2023-08-20T17:42:15.341+0000] {processor.py:179} INFO - Processing /home/airflow/.local/lib/python3.8/site-packages/airflow/example_dags/example_params_trigger_ui.py took 0.157 seconds
[2023-08-20T17:42:45.488+0000] {processor.py:157} INFO - Started process (PID=598) to work on /home/airflow/.local/lib/python3.8/site-packages/airflow/example_dags/example_params_trigger_ui.py
[2023-08-20T17:42:45.493+0000] {processor.py:829} INFO - Processing file /home/airflow/.local/lib/python3.8/site-packages/airflow/example_dags/example_params_trigger_ui.py for tasks to queue
[2023-08-20T17:42:45.500+0000] {logging_mixin.py:151} INFO - [2023-08-20T17:42:45.500+0000] {dagbag.py:539} INFO - Filling up the DagBag from /home/airflow/.local/lib/python3.8/site-packages/airflow/example_dags/example_params_trigger_ui.py
[2023-08-20T17:42:45.528+0000] {processor.py:839} INFO - DAG(s) dict_keys(['example_params_trigger_ui']) retrieved from /home/airflow/.local/lib/python3.8/site-packages/airflow/example_dags/example_params_trigger_ui.py
[2023-08-20T17:42:45.601+0000] {logging_mixin.py:151} INFO - [2023-08-20T17:42:45.600+0000] {dag.py:2907} INFO - Sync 1 DAGs
[2023-08-20T17:42:45.617+0000] {logging_mixin.py:151} INFO - [2023-08-20T17:42:45.617+0000] {dag.py:3677} INFO - Setting next_dagrun for example_params_trigger_ui to None, run_after=None
[2023-08-20T17:42:45.649+0000] {processor.py:179} INFO - Processing /home/airflow/.local/lib/python3.8/site-packages/airflow/example_dags/example_params_trigger_ui.py took 0.166 seconds
[2023-08-20T17:43:16.053+0000] {processor.py:157} INFO - Started process (PID=652) to work on /home/airflow/.local/lib/python3.8/site-packages/airflow/example_dags/example_params_trigger_ui.py
[2023-08-20T17:43:16.059+0000] {processor.py:829} INFO - Processing file /home/airflow/.local/lib/python3.8/site-packages/airflow/example_dags/example_params_trigger_ui.py for tasks to queue
[2023-08-20T17:43:16.068+0000] {logging_mixin.py:151} INFO - [2023-08-20T17:43:16.067+0000] {dagbag.py:539} INFO - Filling up the DagBag from /home/airflow/.local/lib/python3.8/site-packages/airflow/example_dags/example_params_trigger_ui.py
[2023-08-20T17:43:16.093+0000] {processor.py:839} INFO - DAG(s) dict_keys(['example_params_trigger_ui']) retrieved from /home/airflow/.local/lib/python3.8/site-packages/airflow/example_dags/example_params_trigger_ui.py
[2023-08-20T17:43:16.174+0000] {logging_mixin.py:151} INFO - [2023-08-20T17:43:16.174+0000] {dag.py:2907} INFO - Sync 1 DAGs
[2023-08-20T17:43:16.200+0000] {logging_mixin.py:151} INFO - [2023-08-20T17:43:16.199+0000] {dag.py:3677} INFO - Setting next_dagrun for example_params_trigger_ui to None, run_after=None
[2023-08-20T17:43:16.227+0000] {processor.py:179} INFO - Processing /home/airflow/.local/lib/python3.8/site-packages/airflow/example_dags/example_params_trigger_ui.py took 0.183 seconds
[2023-08-20T17:43:46.863+0000] {processor.py:157} INFO - Started process (PID=706) to work on /home/airflow/.local/lib/python3.8/site-packages/airflow/example_dags/example_params_trigger_ui.py
[2023-08-20T17:43:46.866+0000] {processor.py:829} INFO - Processing file /home/airflow/.local/lib/python3.8/site-packages/airflow/example_dags/example_params_trigger_ui.py for tasks to queue
[2023-08-20T17:43:46.870+0000] {logging_mixin.py:151} INFO - [2023-08-20T17:43:46.869+0000] {dagbag.py:539} INFO - Filling up the DagBag from /home/airflow/.local/lib/python3.8/site-packages/airflow/example_dags/example_params_trigger_ui.py
[2023-08-20T17:43:46.896+0000] {processor.py:839} INFO - DAG(s) dict_keys(['example_params_trigger_ui']) retrieved from /home/airflow/.local/lib/python3.8/site-packages/airflow/example_dags/example_params_trigger_ui.py
[2023-08-20T17:43:46.965+0000] {logging_mixin.py:151} INFO - [2023-08-20T17:43:46.965+0000] {dag.py:2907} INFO - Sync 1 DAGs
[2023-08-20T17:43:46.983+0000] {logging_mixin.py:151} INFO - [2023-08-20T17:43:46.983+0000] {dag.py:3677} INFO - Setting next_dagrun for example_params_trigger_ui to None, run_after=None
[2023-08-20T17:43:47.015+0000] {processor.py:179} INFO - Processing /home/airflow/.local/lib/python3.8/site-packages/airflow/example_dags/example_params_trigger_ui.py took 0.157 seconds
[2023-08-20T17:44:17.211+0000] {processor.py:157} INFO - Started process (PID=760) to work on /home/airflow/.local/lib/python3.8/site-packages/airflow/example_dags/example_params_trigger_ui.py
[2023-08-20T17:44:17.214+0000] {processor.py:829} INFO - Processing file /home/airflow/.local/lib/python3.8/site-packages/airflow/example_dags/example_params_trigger_ui.py for tasks to queue
[2023-08-20T17:44:17.219+0000] {logging_mixin.py:151} INFO - [2023-08-20T17:44:17.219+0000] {dagbag.py:539} INFO - Filling up the DagBag from /home/airflow/.local/lib/python3.8/site-packages/airflow/example_dags/example_params_trigger_ui.py
[2023-08-20T17:44:17.255+0000] {processor.py:839} INFO - DAG(s) dict_keys(['example_params_trigger_ui']) retrieved from /home/airflow/.local/lib/python3.8/site-packages/airflow/example_dags/example_params_trigger_ui.py
[2023-08-20T17:44:17.337+0000] {logging_mixin.py:151} INFO - [2023-08-20T17:44:17.337+0000] {dag.py:2907} INFO - Sync 1 DAGs
[2023-08-20T17:44:17.357+0000] {logging_mixin.py:151} INFO - [2023-08-20T17:44:17.356+0000] {dag.py:3677} INFO - Setting next_dagrun for example_params_trigger_ui to None, run_after=None
[2023-08-20T17:44:17.385+0000] {processor.py:179} INFO - Processing /home/airflow/.local/lib/python3.8/site-packages/airflow/example_dags/example_params_trigger_ui.py took 0.181 seconds
[2023-08-20T17:44:47.605+0000] {processor.py:157} INFO - Started process (PID=814) to work on /home/airflow/.local/lib/python3.8/site-packages/airflow/example_dags/example_params_trigger_ui.py
[2023-08-20T17:44:47.607+0000] {processor.py:829} INFO - Processing file /home/airflow/.local/lib/python3.8/site-packages/airflow/example_dags/example_params_trigger_ui.py for tasks to queue
[2023-08-20T17:44:47.611+0000] {logging_mixin.py:151} INFO - [2023-08-20T17:44:47.611+0000] {dagbag.py:539} INFO - Filling up the DagBag from /home/airflow/.local/lib/python3.8/site-packages/airflow/example_dags/example_params_trigger_ui.py
[2023-08-20T17:44:47.634+0000] {processor.py:839} INFO - DAG(s) dict_keys(['example_params_trigger_ui']) retrieved from /home/airflow/.local/lib/python3.8/site-packages/airflow/example_dags/example_params_trigger_ui.py
[2023-08-20T17:44:47.711+0000] {logging_mixin.py:151} INFO - [2023-08-20T17:44:47.711+0000] {dag.py:2907} INFO - Sync 1 DAGs
[2023-08-20T17:44:47.732+0000] {logging_mixin.py:151} INFO - [2023-08-20T17:44:47.731+0000] {dag.py:3677} INFO - Setting next_dagrun for example_params_trigger_ui to None, run_after=None
[2023-08-20T17:44:47.763+0000] {processor.py:179} INFO - Processing /home/airflow/.local/lib/python3.8/site-packages/airflow/example_dags/example_params_trigger_ui.py took 0.163 seconds
[2023-08-20T17:45:18.200+0000] {processor.py:157} INFO - Started process (PID=868) to work on /home/airflow/.local/lib/python3.8/site-packages/airflow/example_dags/example_params_trigger_ui.py
[2023-08-20T17:45:18.202+0000] {processor.py:829} INFO - Processing file /home/airflow/.local/lib/python3.8/site-packages/airflow/example_dags/example_params_trigger_ui.py for tasks to queue
[2023-08-20T17:45:18.206+0000] {logging_mixin.py:151} INFO - [2023-08-20T17:45:18.206+0000] {dagbag.py:539} INFO - Filling up the DagBag from /home/airflow/.local/lib/python3.8/site-packages/airflow/example_dags/example_params_trigger_ui.py
[2023-08-20T17:45:18.238+0000] {processor.py:839} INFO - DAG(s) dict_keys(['example_params_trigger_ui']) retrieved from /home/airflow/.local/lib/python3.8/site-packages/airflow/example_dags/example_params_trigger_ui.py
[2023-08-20T17:45:18.308+0000] {logging_mixin.py:151} INFO - [2023-08-20T17:45:18.307+0000] {dag.py:2907} INFO - Sync 1 DAGs
[2023-08-20T17:45:18.328+0000] {logging_mixin.py:151} INFO - [2023-08-20T17:45:18.328+0000] {dag.py:3677} INFO - Setting next_dagrun for example_params_trigger_ui to None, run_after=None
[2023-08-20T17:45:18.357+0000] {processor.py:179} INFO - Processing /home/airflow/.local/lib/python3.8/site-packages/airflow/example_dags/example_params_trigger_ui.py took 0.163 seconds
[2023-08-20T17:45:48.678+0000] {processor.py:157} INFO - Started process (PID=922) to work on /home/airflow/.local/lib/python3.8/site-packages/airflow/example_dags/example_params_trigger_ui.py
[2023-08-20T17:45:48.679+0000] {processor.py:829} INFO - Processing file /home/airflow/.local/lib/python3.8/site-packages/airflow/example_dags/example_params_trigger_ui.py for tasks to queue
[2023-08-20T17:45:48.683+0000] {logging_mixin.py:151} INFO - [2023-08-20T17:45:48.682+0000] {dagbag.py:539} INFO - Filling up the DagBag from /home/airflow/.local/lib/python3.8/site-packages/airflow/example_dags/example_params_trigger_ui.py
[2023-08-20T17:45:48.712+0000] {processor.py:839} INFO - DAG(s) dict_keys(['example_params_trigger_ui']) retrieved from /home/airflow/.local/lib/python3.8/site-packages/airflow/example_dags/example_params_trigger_ui.py
[2023-08-20T17:45:48.784+0000] {logging_mixin.py:151} INFO - [2023-08-20T17:45:48.783+0000] {dag.py:2907} INFO - Sync 1 DAGs
[2023-08-20T17:45:48.801+0000] {logging_mixin.py:151} INFO - [2023-08-20T17:45:48.800+0000] {dag.py:3677} INFO - Setting next_dagrun for example_params_trigger_ui to None, run_after=None
[2023-08-20T17:45:48.829+0000] {processor.py:179} INFO - Processing /home/airflow/.local/lib/python3.8/site-packages/airflow/example_dags/example_params_trigger_ui.py took 0.155 seconds
[2023-08-20T17:46:19.020+0000] {processor.py:157} INFO - Started process (PID=976) to work on /home/airflow/.local/lib/python3.8/site-packages/airflow/example_dags/example_params_trigger_ui.py
[2023-08-20T17:46:19.021+0000] {processor.py:829} INFO - Processing file /home/airflow/.local/lib/python3.8/site-packages/airflow/example_dags/example_params_trigger_ui.py for tasks to queue
[2023-08-20T17:46:19.024+0000] {logging_mixin.py:151} INFO - [2023-08-20T17:46:19.024+0000] {dagbag.py:539} INFO - Filling up the DagBag from /home/airflow/.local/lib/python3.8/site-packages/airflow/example_dags/example_params_trigger_ui.py
[2023-08-20T17:46:19.048+0000] {processor.py:839} INFO - DAG(s) dict_keys(['example_params_trigger_ui']) retrieved from /home/airflow/.local/lib/python3.8/site-packages/airflow/example_dags/example_params_trigger_ui.py
[2023-08-20T17:46:19.124+0000] {logging_mixin.py:151} INFO - [2023-08-20T17:46:19.124+0000] {dag.py:2907} INFO - Sync 1 DAGs
[2023-08-20T17:46:19.141+0000] {logging_mixin.py:151} INFO - [2023-08-20T17:46:19.141+0000] {dag.py:3677} INFO - Setting next_dagrun for example_params_trigger_ui to None, run_after=None
[2023-08-20T17:46:19.169+0000] {processor.py:179} INFO - Processing /home/airflow/.local/lib/python3.8/site-packages/airflow/example_dags/example_params_trigger_ui.py took 0.155 seconds
[2023-08-20T17:46:49.252+0000] {processor.py:157} INFO - Started process (PID=1030) to work on /home/airflow/.local/lib/python3.8/site-packages/airflow/example_dags/example_params_trigger_ui.py
[2023-08-20T17:46:49.254+0000] {processor.py:829} INFO - Processing file /home/airflow/.local/lib/python3.8/site-packages/airflow/example_dags/example_params_trigger_ui.py for tasks to queue
[2023-08-20T17:46:49.258+0000] {logging_mixin.py:151} INFO - [2023-08-20T17:46:49.258+0000] {dagbag.py:539} INFO - Filling up the DagBag from /home/airflow/.local/lib/python3.8/site-packages/airflow/example_dags/example_params_trigger_ui.py
[2023-08-20T17:46:49.286+0000] {processor.py:839} INFO - DAG(s) dict_keys(['example_params_trigger_ui']) retrieved from /home/airflow/.local/lib/python3.8/site-packages/airflow/example_dags/example_params_trigger_ui.py
[2023-08-20T17:46:49.354+0000] {logging_mixin.py:151} INFO - [2023-08-20T17:46:49.354+0000] {dag.py:2907} INFO - Sync 1 DAGs
[2023-08-20T17:46:49.369+0000] {logging_mixin.py:151} INFO - [2023-08-20T17:46:49.369+0000] {dag.py:3677} INFO - Setting next_dagrun for example_params_trigger_ui to None, run_after=None
[2023-08-20T17:46:49.403+0000] {processor.py:179} INFO - Processing /home/airflow/.local/lib/python3.8/site-packages/airflow/example_dags/example_params_trigger_ui.py took 0.155 seconds
