[2023-08-20T17:37:41.273+0000] {processor.py:157} INFO - Started process (PID=75) to work on /home/airflow/.local/lib/python3.8/site-packages/airflow/example_dags/example_task_group_decorator.py
[2023-08-20T17:37:41.274+0000] {processor.py:829} INFO - Processing file /home/airflow/.local/lib/python3.8/site-packages/airflow/example_dags/example_task_group_decorator.py for tasks to queue
[2023-08-20T17:37:41.278+0000] {logging_mixin.py:151} INFO - [2023-08-20T17:37:41.278+0000] {dagbag.py:539} INFO - Filling up the DagBag from /home/airflow/.local/lib/python3.8/site-packages/airflow/example_dags/example_task_group_decorator.py
[2023-08-20T17:37:41.305+0000] {processor.py:839} INFO - DAG(s) dict_keys(['example_task_group_decorator']) retrieved from /home/airflow/.local/lib/python3.8/site-packages/airflow/example_dags/example_task_group_decorator.py
[2023-08-20T17:37:41.325+0000] {logging_mixin.py:151} INFO - [2023-08-20T17:37:41.325+0000] {dag.py:2907} INFO - Sync 1 DAGs
[2023-08-20T17:37:41.356+0000] {logging_mixin.py:151} INFO - [2023-08-20T17:37:41.356+0000] {dag.py:3677} INFO - Setting next_dagrun for example_task_group_decorator to 2023-08-19T17:37:41.356086+00:00, run_after=2023-08-20T17:37:41.356086+00:00
[2023-08-20T17:37:41.388+0000] {processor.py:179} INFO - Processing /home/airflow/.local/lib/python3.8/site-packages/airflow/example_dags/example_task_group_decorator.py took 0.123 seconds
[2023-08-20T17:38:12.084+0000] {processor.py:157} INFO - Started process (PID=129) to work on /home/airflow/.local/lib/python3.8/site-packages/airflow/example_dags/example_task_group_decorator.py
[2023-08-20T17:38:12.086+0000] {processor.py:829} INFO - Processing file /home/airflow/.local/lib/python3.8/site-packages/airflow/example_dags/example_task_group_decorator.py for tasks to queue
[2023-08-20T17:38:12.089+0000] {logging_mixin.py:151} INFO - [2023-08-20T17:38:12.089+0000] {dagbag.py:539} INFO - Filling up the DagBag from /home/airflow/.local/lib/python3.8/site-packages/airflow/example_dags/example_task_group_decorator.py
[2023-08-20T17:38:12.111+0000] {processor.py:839} INFO - DAG(s) dict_keys(['example_task_group_decorator']) retrieved from /home/airflow/.local/lib/python3.8/site-packages/airflow/example_dags/example_task_group_decorator.py
[2023-08-20T17:38:12.144+0000] {logging_mixin.py:151} INFO - [2023-08-20T17:38:12.143+0000] {dag.py:2907} INFO - Sync 1 DAGs
[2023-08-20T17:38:12.174+0000] {logging_mixin.py:151} INFO - [2023-08-20T17:38:12.174+0000] {dag.py:3677} INFO - Setting next_dagrun for example_task_group_decorator to 2023-08-19T17:38:12.174155+00:00, run_after=2023-08-20T17:38:12.174155+00:00
[2023-08-20T17:38:12.254+0000] {processor.py:179} INFO - Processing /home/airflow/.local/lib/python3.8/site-packages/airflow/example_dags/example_task_group_decorator.py took 0.174 seconds
[2023-08-20T17:38:42.557+0000] {processor.py:157} INFO - Started process (PID=183) to work on /home/airflow/.local/lib/python3.8/site-packages/airflow/example_dags/example_task_group_decorator.py
[2023-08-20T17:38:42.558+0000] {processor.py:829} INFO - Processing file /home/airflow/.local/lib/python3.8/site-packages/airflow/example_dags/example_task_group_decorator.py for tasks to queue
[2023-08-20T17:38:42.562+0000] {logging_mixin.py:151} INFO - [2023-08-20T17:38:42.562+0000] {dagbag.py:539} INFO - Filling up the DagBag from /home/airflow/.local/lib/python3.8/site-packages/airflow/example_dags/example_task_group_decorator.py
[2023-08-20T17:38:42.605+0000] {processor.py:839} INFO - DAG(s) dict_keys(['example_task_group_decorator']) retrieved from /home/airflow/.local/lib/python3.8/site-packages/airflow/example_dags/example_task_group_decorator.py
[2023-08-20T17:38:42.638+0000] {logging_mixin.py:151} INFO - [2023-08-20T17:38:42.638+0000] {dag.py:2907} INFO - Sync 1 DAGs
[2023-08-20T17:38:42.674+0000] {logging_mixin.py:151} INFO - [2023-08-20T17:38:42.673+0000] {dag.py:3677} INFO - Setting next_dagrun for example_task_group_decorator to 2023-08-19T17:38:42.673438+00:00, run_after=2023-08-20T17:38:42.673438+00:00
[2023-08-20T17:38:42.702+0000] {processor.py:179} INFO - Processing /home/airflow/.local/lib/python3.8/site-packages/airflow/example_dags/example_task_group_decorator.py took 0.149 seconds
[2023-08-20T17:39:13.173+0000] {processor.py:157} INFO - Started process (PID=237) to work on /home/airflow/.local/lib/python3.8/site-packages/airflow/example_dags/example_task_group_decorator.py
[2023-08-20T17:39:13.175+0000] {processor.py:829} INFO - Processing file /home/airflow/.local/lib/python3.8/site-packages/airflow/example_dags/example_task_group_decorator.py for tasks to queue
[2023-08-20T17:39:13.178+0000] {logging_mixin.py:151} INFO - [2023-08-20T17:39:13.177+0000] {dagbag.py:539} INFO - Filling up the DagBag from /home/airflow/.local/lib/python3.8/site-packages/airflow/example_dags/example_task_group_decorator.py
[2023-08-20T17:39:13.198+0000] {processor.py:839} INFO - DAG(s) dict_keys(['example_task_group_decorator']) retrieved from /home/airflow/.local/lib/python3.8/site-packages/airflow/example_dags/example_task_group_decorator.py
[2023-08-20T17:39:13.235+0000] {logging_mixin.py:151} INFO - [2023-08-20T17:39:13.235+0000] {dag.py:2907} INFO - Sync 1 DAGs
[2023-08-20T17:39:13.271+0000] {logging_mixin.py:151} INFO - [2023-08-20T17:39:13.271+0000] {dag.py:3677} INFO - Setting next_dagrun for example_task_group_decorator to 2023-08-19T17:39:13.270932+00:00, run_after=2023-08-20T17:39:13.270932+00:00
[2023-08-20T17:39:13.299+0000] {processor.py:179} INFO - Processing /home/airflow/.local/lib/python3.8/site-packages/airflow/example_dags/example_task_group_decorator.py took 0.132 seconds
[2023-08-20T17:39:44.122+0000] {processor.py:157} INFO - Started process (PID=291) to work on /home/airflow/.local/lib/python3.8/site-packages/airflow/example_dags/example_task_group_decorator.py
[2023-08-20T17:39:44.124+0000] {processor.py:829} INFO - Processing file /home/airflow/.local/lib/python3.8/site-packages/airflow/example_dags/example_task_group_decorator.py for tasks to queue
[2023-08-20T17:39:44.127+0000] {logging_mixin.py:151} INFO - [2023-08-20T17:39:44.127+0000] {dagbag.py:539} INFO - Filling up the DagBag from /home/airflow/.local/lib/python3.8/site-packages/airflow/example_dags/example_task_group_decorator.py
[2023-08-20T17:39:44.148+0000] {processor.py:839} INFO - DAG(s) dict_keys(['example_task_group_decorator']) retrieved from /home/airflow/.local/lib/python3.8/site-packages/airflow/example_dags/example_task_group_decorator.py
[2023-08-20T17:39:44.164+0000] {logging_mixin.py:151} INFO - [2023-08-20T17:39:44.163+0000] {dag.py:2907} INFO - Sync 1 DAGs
[2023-08-20T17:39:44.194+0000] {logging_mixin.py:151} INFO - [2023-08-20T17:39:44.194+0000] {dag.py:3677} INFO - Setting next_dagrun for example_task_group_decorator to 2023-08-19T17:39:44.194000+00:00, run_after=2023-08-20T17:39:44.194000+00:00
[2023-08-20T17:39:44.224+0000] {processor.py:179} INFO - Processing /home/airflow/.local/lib/python3.8/site-packages/airflow/example_dags/example_task_group_decorator.py took 0.106 seconds
[2023-08-20T17:40:14.732+0000] {processor.py:157} INFO - Started process (PID=345) to work on /home/airflow/.local/lib/python3.8/site-packages/airflow/example_dags/example_task_group_decorator.py
[2023-08-20T17:40:14.734+0000] {processor.py:829} INFO - Processing file /home/airflow/.local/lib/python3.8/site-packages/airflow/example_dags/example_task_group_decorator.py for tasks to queue
[2023-08-20T17:40:14.738+0000] {logging_mixin.py:151} INFO - [2023-08-20T17:40:14.737+0000] {dagbag.py:539} INFO - Filling up the DagBag from /home/airflow/.local/lib/python3.8/site-packages/airflow/example_dags/example_task_group_decorator.py
[2023-08-20T17:40:14.762+0000] {processor.py:839} INFO - DAG(s) dict_keys(['example_task_group_decorator']) retrieved from /home/airflow/.local/lib/python3.8/site-packages/airflow/example_dags/example_task_group_decorator.py
[2023-08-20T17:40:14.798+0000] {logging_mixin.py:151} INFO - [2023-08-20T17:40:14.798+0000] {dag.py:2907} INFO - Sync 1 DAGs
[2023-08-20T17:40:14.832+0000] {logging_mixin.py:151} INFO - [2023-08-20T17:40:14.832+0000] {dag.py:3677} INFO - Setting next_dagrun for example_task_group_decorator to 2023-08-19T17:40:14.831737+00:00, run_after=2023-08-20T17:40:14.831737+00:00
[2023-08-20T17:40:14.859+0000] {processor.py:179} INFO - Processing /home/airflow/.local/lib/python3.8/site-packages/airflow/example_dags/example_task_group_decorator.py took 0.130 seconds
[2023-08-20T17:40:45.597+0000] {processor.py:157} INFO - Started process (PID=399) to work on /home/airflow/.local/lib/python3.8/site-packages/airflow/example_dags/example_task_group_decorator.py
[2023-08-20T17:40:45.599+0000] {processor.py:829} INFO - Processing file /home/airflow/.local/lib/python3.8/site-packages/airflow/example_dags/example_task_group_decorator.py for tasks to queue
[2023-08-20T17:40:45.602+0000] {logging_mixin.py:151} INFO - [2023-08-20T17:40:45.602+0000] {dagbag.py:539} INFO - Filling up the DagBag from /home/airflow/.local/lib/python3.8/site-packages/airflow/example_dags/example_task_group_decorator.py
[2023-08-20T17:40:45.626+0000] {processor.py:839} INFO - DAG(s) dict_keys(['example_task_group_decorator']) retrieved from /home/airflow/.local/lib/python3.8/site-packages/airflow/example_dags/example_task_group_decorator.py
[2023-08-20T17:40:45.663+0000] {logging_mixin.py:151} INFO - [2023-08-20T17:40:45.663+0000] {dag.py:2907} INFO - Sync 1 DAGs
[2023-08-20T17:40:45.695+0000] {logging_mixin.py:151} INFO - [2023-08-20T17:40:45.695+0000] {dag.py:3677} INFO - Setting next_dagrun for example_task_group_decorator to 2023-08-19T17:40:45.695036+00:00, run_after=2023-08-20T17:40:45.695036+00:00
[2023-08-20T17:40:45.729+0000] {processor.py:179} INFO - Processing /home/airflow/.local/lib/python3.8/site-packages/airflow/example_dags/example_task_group_decorator.py took 0.137 seconds
[2023-08-20T17:41:15.810+0000] {processor.py:157} INFO - Started process (PID=453) to work on /home/airflow/.local/lib/python3.8/site-packages/airflow/example_dags/example_task_group_decorator.py
[2023-08-20T17:41:15.811+0000] {processor.py:829} INFO - Processing file /home/airflow/.local/lib/python3.8/site-packages/airflow/example_dags/example_task_group_decorator.py for tasks to queue
[2023-08-20T17:41:15.814+0000] {logging_mixin.py:151} INFO - [2023-08-20T17:41:15.814+0000] {dagbag.py:539} INFO - Filling up the DagBag from /home/airflow/.local/lib/python3.8/site-packages/airflow/example_dags/example_task_group_decorator.py
[2023-08-20T17:41:15.836+0000] {processor.py:839} INFO - DAG(s) dict_keys(['example_task_group_decorator']) retrieved from /home/airflow/.local/lib/python3.8/site-packages/airflow/example_dags/example_task_group_decorator.py
[2023-08-20T17:41:15.876+0000] {logging_mixin.py:151} INFO - [2023-08-20T17:41:15.876+0000] {dag.py:2907} INFO - Sync 1 DAGs
[2023-08-20T17:41:15.908+0000] {logging_mixin.py:151} INFO - [2023-08-20T17:41:15.908+0000] {dag.py:3677} INFO - Setting next_dagrun for example_task_group_decorator to 2023-08-19T17:41:15.908163+00:00, run_after=2023-08-20T17:41:15.908163+00:00
[2023-08-20T17:41:15.941+0000] {processor.py:179} INFO - Processing /home/airflow/.local/lib/python3.8/site-packages/airflow/example_dags/example_task_group_decorator.py took 0.136 seconds
[2023-08-20T17:41:46.518+0000] {processor.py:157} INFO - Started process (PID=508) to work on /home/airflow/.local/lib/python3.8/site-packages/airflow/example_dags/example_task_group_decorator.py
[2023-08-20T17:41:46.520+0000] {processor.py:829} INFO - Processing file /home/airflow/.local/lib/python3.8/site-packages/airflow/example_dags/example_task_group_decorator.py for tasks to queue
[2023-08-20T17:41:46.523+0000] {logging_mixin.py:151} INFO - [2023-08-20T17:41:46.523+0000] {dagbag.py:539} INFO - Filling up the DagBag from /home/airflow/.local/lib/python3.8/site-packages/airflow/example_dags/example_task_group_decorator.py
[2023-08-20T17:41:46.546+0000] {processor.py:839} INFO - DAG(s) dict_keys(['example_task_group_decorator']) retrieved from /home/airflow/.local/lib/python3.8/site-packages/airflow/example_dags/example_task_group_decorator.py
[2023-08-20T17:41:46.580+0000] {logging_mixin.py:151} INFO - [2023-08-20T17:41:46.580+0000] {dag.py:2907} INFO - Sync 1 DAGs
[2023-08-20T17:41:46.610+0000] {logging_mixin.py:151} INFO - [2023-08-20T17:41:46.610+0000] {dag.py:3677} INFO - Setting next_dagrun for example_task_group_decorator to 2023-08-19T17:41:46.610255+00:00, run_after=2023-08-20T17:41:46.610255+00:00
[2023-08-20T17:41:46.639+0000] {processor.py:179} INFO - Processing /home/airflow/.local/lib/python3.8/site-packages/airflow/example_dags/example_task_group_decorator.py took 0.125 seconds
[2023-08-20T17:42:16.712+0000] {processor.py:157} INFO - Started process (PID=562) to work on /home/airflow/.local/lib/python3.8/site-packages/airflow/example_dags/example_task_group_decorator.py
[2023-08-20T17:42:16.713+0000] {processor.py:829} INFO - Processing file /home/airflow/.local/lib/python3.8/site-packages/airflow/example_dags/example_task_group_decorator.py for tasks to queue
[2023-08-20T17:42:16.716+0000] {logging_mixin.py:151} INFO - [2023-08-20T17:42:16.716+0000] {dagbag.py:539} INFO - Filling up the DagBag from /home/airflow/.local/lib/python3.8/site-packages/airflow/example_dags/example_task_group_decorator.py
[2023-08-20T17:42:16.734+0000] {processor.py:839} INFO - DAG(s) dict_keys(['example_task_group_decorator']) retrieved from /home/airflow/.local/lib/python3.8/site-packages/airflow/example_dags/example_task_group_decorator.py
[2023-08-20T17:42:16.767+0000] {logging_mixin.py:151} INFO - [2023-08-20T17:42:16.767+0000] {dag.py:2907} INFO - Sync 1 DAGs
[2023-08-20T17:42:16.796+0000] {logging_mixin.py:151} INFO - [2023-08-20T17:42:16.796+0000] {dag.py:3677} INFO - Setting next_dagrun for example_task_group_decorator to 2023-08-19T17:42:16.796168+00:00, run_after=2023-08-20T17:42:16.796168+00:00
[2023-08-20T17:42:16.828+0000] {processor.py:179} INFO - Processing /home/airflow/.local/lib/python3.8/site-packages/airflow/example_dags/example_task_group_decorator.py took 0.120 seconds
[2023-08-20T17:42:47.187+0000] {processor.py:157} INFO - Started process (PID=616) to work on /home/airflow/.local/lib/python3.8/site-packages/airflow/example_dags/example_task_group_decorator.py
[2023-08-20T17:42:47.190+0000] {processor.py:829} INFO - Processing file /home/airflow/.local/lib/python3.8/site-packages/airflow/example_dags/example_task_group_decorator.py for tasks to queue
[2023-08-20T17:42:47.194+0000] {logging_mixin.py:151} INFO - [2023-08-20T17:42:47.193+0000] {dagbag.py:539} INFO - Filling up the DagBag from /home/airflow/.local/lib/python3.8/site-packages/airflow/example_dags/example_task_group_decorator.py
[2023-08-20T17:42:47.220+0000] {processor.py:839} INFO - DAG(s) dict_keys(['example_task_group_decorator']) retrieved from /home/airflow/.local/lib/python3.8/site-packages/airflow/example_dags/example_task_group_decorator.py
[2023-08-20T17:42:47.259+0000] {logging_mixin.py:151} INFO - [2023-08-20T17:42:47.258+0000] {dag.py:2907} INFO - Sync 1 DAGs
[2023-08-20T17:42:47.293+0000] {logging_mixin.py:151} INFO - [2023-08-20T17:42:47.292+0000] {dag.py:3677} INFO - Setting next_dagrun for example_task_group_decorator to 2023-08-19T17:42:47.292474+00:00, run_after=2023-08-20T17:42:47.292474+00:00
[2023-08-20T17:42:47.320+0000] {processor.py:179} INFO - Processing /home/airflow/.local/lib/python3.8/site-packages/airflow/example_dags/example_task_group_decorator.py took 0.139 seconds
[2023-08-20T17:43:17.703+0000] {processor.py:157} INFO - Started process (PID=670) to work on /home/airflow/.local/lib/python3.8/site-packages/airflow/example_dags/example_task_group_decorator.py
[2023-08-20T17:43:17.705+0000] {processor.py:829} INFO - Processing file /home/airflow/.local/lib/python3.8/site-packages/airflow/example_dags/example_task_group_decorator.py for tasks to queue
[2023-08-20T17:43:17.708+0000] {logging_mixin.py:151} INFO - [2023-08-20T17:43:17.707+0000] {dagbag.py:539} INFO - Filling up the DagBag from /home/airflow/.local/lib/python3.8/site-packages/airflow/example_dags/example_task_group_decorator.py
[2023-08-20T17:43:17.727+0000] {processor.py:839} INFO - DAG(s) dict_keys(['example_task_group_decorator']) retrieved from /home/airflow/.local/lib/python3.8/site-packages/airflow/example_dags/example_task_group_decorator.py
[2023-08-20T17:43:17.761+0000] {logging_mixin.py:151} INFO - [2023-08-20T17:43:17.761+0000] {dag.py:2907} INFO - Sync 1 DAGs
[2023-08-20T17:43:17.790+0000] {logging_mixin.py:151} INFO - [2023-08-20T17:43:17.790+0000] {dag.py:3677} INFO - Setting next_dagrun for example_task_group_decorator to 2023-08-19T17:43:17.789915+00:00, run_after=2023-08-20T17:43:17.789915+00:00
[2023-08-20T17:43:17.820+0000] {processor.py:179} INFO - Processing /home/airflow/.local/lib/python3.8/site-packages/airflow/example_dags/example_task_group_decorator.py took 0.121 seconds
[2023-08-20T17:43:48.411+0000] {processor.py:157} INFO - Started process (PID=724) to work on /home/airflow/.local/lib/python3.8/site-packages/airflow/example_dags/example_task_group_decorator.py
[2023-08-20T17:43:48.413+0000] {processor.py:829} INFO - Processing file /home/airflow/.local/lib/python3.8/site-packages/airflow/example_dags/example_task_group_decorator.py for tasks to queue
[2023-08-20T17:43:48.416+0000] {logging_mixin.py:151} INFO - [2023-08-20T17:43:48.416+0000] {dagbag.py:539} INFO - Filling up the DagBag from /home/airflow/.local/lib/python3.8/site-packages/airflow/example_dags/example_task_group_decorator.py
[2023-08-20T17:43:48.436+0000] {processor.py:839} INFO - DAG(s) dict_keys(['example_task_group_decorator']) retrieved from /home/airflow/.local/lib/python3.8/site-packages/airflow/example_dags/example_task_group_decorator.py
[2023-08-20T17:43:48.469+0000] {logging_mixin.py:151} INFO - [2023-08-20T17:43:48.469+0000] {dag.py:2907} INFO - Sync 1 DAGs
[2023-08-20T17:43:48.498+0000] {logging_mixin.py:151} INFO - [2023-08-20T17:43:48.497+0000] {dag.py:3677} INFO - Setting next_dagrun for example_task_group_decorator to 2023-08-19T17:43:48.497604+00:00, run_after=2023-08-20T17:43:48.497604+00:00
[2023-08-20T17:43:48.524+0000] {processor.py:179} INFO - Processing /home/airflow/.local/lib/python3.8/site-packages/airflow/example_dags/example_task_group_decorator.py took 0.118 seconds
[2023-08-20T17:44:18.842+0000] {processor.py:157} INFO - Started process (PID=778) to work on /home/airflow/.local/lib/python3.8/site-packages/airflow/example_dags/example_task_group_decorator.py
[2023-08-20T17:44:18.844+0000] {processor.py:829} INFO - Processing file /home/airflow/.local/lib/python3.8/site-packages/airflow/example_dags/example_task_group_decorator.py for tasks to queue
[2023-08-20T17:44:18.848+0000] {logging_mixin.py:151} INFO - [2023-08-20T17:44:18.847+0000] {dagbag.py:539} INFO - Filling up the DagBag from /home/airflow/.local/lib/python3.8/site-packages/airflow/example_dags/example_task_group_decorator.py
[2023-08-20T17:44:18.867+0000] {processor.py:839} INFO - DAG(s) dict_keys(['example_task_group_decorator']) retrieved from /home/airflow/.local/lib/python3.8/site-packages/airflow/example_dags/example_task_group_decorator.py
[2023-08-20T17:44:18.900+0000] {logging_mixin.py:151} INFO - [2023-08-20T17:44:18.900+0000] {dag.py:2907} INFO - Sync 1 DAGs
[2023-08-20T17:44:18.928+0000] {logging_mixin.py:151} INFO - [2023-08-20T17:44:18.928+0000] {dag.py:3677} INFO - Setting next_dagrun for example_task_group_decorator to 2023-08-19T17:44:18.928313+00:00, run_after=2023-08-20T17:44:18.928313+00:00
[2023-08-20T17:44:18.958+0000] {processor.py:179} INFO - Processing /home/airflow/.local/lib/python3.8/site-packages/airflow/example_dags/example_task_group_decorator.py took 0.119 seconds
[2023-08-20T17:44:49.577+0000] {processor.py:157} INFO - Started process (PID=832) to work on /home/airflow/.local/lib/python3.8/site-packages/airflow/example_dags/example_task_group_decorator.py
[2023-08-20T17:44:49.580+0000] {processor.py:829} INFO - Processing file /home/airflow/.local/lib/python3.8/site-packages/airflow/example_dags/example_task_group_decorator.py for tasks to queue
[2023-08-20T17:44:49.583+0000] {logging_mixin.py:151} INFO - [2023-08-20T17:44:49.583+0000] {dagbag.py:539} INFO - Filling up the DagBag from /home/airflow/.local/lib/python3.8/site-packages/airflow/example_dags/example_task_group_decorator.py
[2023-08-20T17:44:49.613+0000] {processor.py:839} INFO - DAG(s) dict_keys(['example_task_group_decorator']) retrieved from /home/airflow/.local/lib/python3.8/site-packages/airflow/example_dags/example_task_group_decorator.py
[2023-08-20T17:44:49.647+0000] {logging_mixin.py:151} INFO - [2023-08-20T17:44:49.647+0000] {dag.py:2907} INFO - Sync 1 DAGs
[2023-08-20T17:44:49.679+0000] {logging_mixin.py:151} INFO - [2023-08-20T17:44:49.679+0000] {dag.py:3677} INFO - Setting next_dagrun for example_task_group_decorator to 2023-08-19T17:44:49.678765+00:00, run_after=2023-08-20T17:44:49.678765+00:00
[2023-08-20T17:44:49.706+0000] {processor.py:179} INFO - Processing /home/airflow/.local/lib/python3.8/site-packages/airflow/example_dags/example_task_group_decorator.py took 0.134 seconds
[2023-08-20T17:45:19.998+0000] {processor.py:157} INFO - Started process (PID=886) to work on /home/airflow/.local/lib/python3.8/site-packages/airflow/example_dags/example_task_group_decorator.py
[2023-08-20T17:45:20.000+0000] {processor.py:829} INFO - Processing file /home/airflow/.local/lib/python3.8/site-packages/airflow/example_dags/example_task_group_decorator.py for tasks to queue
[2023-08-20T17:45:20.004+0000] {logging_mixin.py:151} INFO - [2023-08-20T17:45:20.003+0000] {dagbag.py:539} INFO - Filling up the DagBag from /home/airflow/.local/lib/python3.8/site-packages/airflow/example_dags/example_task_group_decorator.py
[2023-08-20T17:45:20.021+0000] {processor.py:839} INFO - DAG(s) dict_keys(['example_task_group_decorator']) retrieved from /home/airflow/.local/lib/python3.8/site-packages/airflow/example_dags/example_task_group_decorator.py
[2023-08-20T17:45:20.059+0000] {logging_mixin.py:151} INFO - [2023-08-20T17:45:20.059+0000] {dag.py:2907} INFO - Sync 1 DAGs
[2023-08-20T17:45:20.092+0000] {logging_mixin.py:151} INFO - [2023-08-20T17:45:20.091+0000] {dag.py:3677} INFO - Setting next_dagrun for example_task_group_decorator to 2023-08-19T17:45:20.091202+00:00, run_after=2023-08-20T17:45:20.091202+00:00
[2023-08-20T17:45:20.123+0000] {processor.py:179} INFO - Processing /home/airflow/.local/lib/python3.8/site-packages/airflow/example_dags/example_task_group_decorator.py took 0.130 seconds
[2023-08-20T17:45:50.346+0000] {processor.py:157} INFO - Started process (PID=940) to work on /home/airflow/.local/lib/python3.8/site-packages/airflow/example_dags/example_task_group_decorator.py
[2023-08-20T17:45:50.348+0000] {processor.py:829} INFO - Processing file /home/airflow/.local/lib/python3.8/site-packages/airflow/example_dags/example_task_group_decorator.py for tasks to queue
[2023-08-20T17:45:50.351+0000] {logging_mixin.py:151} INFO - [2023-08-20T17:45:50.351+0000] {dagbag.py:539} INFO - Filling up the DagBag from /home/airflow/.local/lib/python3.8/site-packages/airflow/example_dags/example_task_group_decorator.py
[2023-08-20T17:45:50.373+0000] {processor.py:839} INFO - DAG(s) dict_keys(['example_task_group_decorator']) retrieved from /home/airflow/.local/lib/python3.8/site-packages/airflow/example_dags/example_task_group_decorator.py
[2023-08-20T17:45:50.406+0000] {logging_mixin.py:151} INFO - [2023-08-20T17:45:50.405+0000] {dag.py:2907} INFO - Sync 1 DAGs
[2023-08-20T17:45:50.436+0000] {logging_mixin.py:151} INFO - [2023-08-20T17:45:50.436+0000] {dag.py:3677} INFO - Setting next_dagrun for example_task_group_decorator to 2023-08-19T17:45:50.435738+00:00, run_after=2023-08-20T17:45:50.435738+00:00
[2023-08-20T17:45:50.465+0000] {processor.py:179} INFO - Processing /home/airflow/.local/lib/python3.8/site-packages/airflow/example_dags/example_task_group_decorator.py took 0.124 seconds
[2023-08-20T17:46:21.242+0000] {processor.py:157} INFO - Started process (PID=994) to work on /home/airflow/.local/lib/python3.8/site-packages/airflow/example_dags/example_task_group_decorator.py
[2023-08-20T17:46:21.244+0000] {processor.py:829} INFO - Processing file /home/airflow/.local/lib/python3.8/site-packages/airflow/example_dags/example_task_group_decorator.py for tasks to queue
[2023-08-20T17:46:21.247+0000] {logging_mixin.py:151} INFO - [2023-08-20T17:46:21.247+0000] {dagbag.py:539} INFO - Filling up the DagBag from /home/airflow/.local/lib/python3.8/site-packages/airflow/example_dags/example_task_group_decorator.py
[2023-08-20T17:46:21.267+0000] {processor.py:839} INFO - DAG(s) dict_keys(['example_task_group_decorator']) retrieved from /home/airflow/.local/lib/python3.8/site-packages/airflow/example_dags/example_task_group_decorator.py
[2023-08-20T17:46:21.301+0000] {logging_mixin.py:151} INFO - [2023-08-20T17:46:21.301+0000] {dag.py:2907} INFO - Sync 1 DAGs
[2023-08-20T17:46:21.331+0000] {logging_mixin.py:151} INFO - [2023-08-20T17:46:21.331+0000] {dag.py:3677} INFO - Setting next_dagrun for example_task_group_decorator to 2023-08-19T17:46:21.331229+00:00, run_after=2023-08-20T17:46:21.331229+00:00
[2023-08-20T17:46:21.360+0000] {processor.py:179} INFO - Processing /home/airflow/.local/lib/python3.8/site-packages/airflow/example_dags/example_task_group_decorator.py took 0.121 seconds
[2023-08-20T17:46:51.914+0000] {processor.py:157} INFO - Started process (PID=1048) to work on /home/airflow/.local/lib/python3.8/site-packages/airflow/example_dags/example_task_group_decorator.py
[2023-08-20T17:46:51.916+0000] {processor.py:829} INFO - Processing file /home/airflow/.local/lib/python3.8/site-packages/airflow/example_dags/example_task_group_decorator.py for tasks to queue
[2023-08-20T17:46:51.919+0000] {logging_mixin.py:151} INFO - [2023-08-20T17:46:51.919+0000] {dagbag.py:539} INFO - Filling up the DagBag from /home/airflow/.local/lib/python3.8/site-packages/airflow/example_dags/example_task_group_decorator.py
[2023-08-20T17:46:51.939+0000] {processor.py:839} INFO - DAG(s) dict_keys(['example_task_group_decorator']) retrieved from /home/airflow/.local/lib/python3.8/site-packages/airflow/example_dags/example_task_group_decorator.py
[2023-08-20T17:46:51.976+0000] {logging_mixin.py:151} INFO - [2023-08-20T17:46:51.975+0000] {dag.py:2907} INFO - Sync 1 DAGs
[2023-08-20T17:46:52.037+0000] {logging_mixin.py:151} INFO - [2023-08-20T17:46:52.037+0000] {dag.py:3677} INFO - Setting next_dagrun for example_task_group_decorator to 2023-08-19T17:46:52.036952+00:00, run_after=2023-08-20T17:46:52.036952+00:00
[2023-08-20T17:46:52.073+0000] {processor.py:179} INFO - Processing /home/airflow/.local/lib/python3.8/site-packages/airflow/example_dags/example_task_group_decorator.py took 0.163 seconds
