[2023-08-20T17:37:40.229+0000] {processor.py:157} INFO - Started process (PID=64) to work on /home/airflow/.local/lib/python3.8/site-packages/airflow/example_dags/example_short_circuit_decorator.py
[2023-08-20T17:37:40.231+0000] {processor.py:829} INFO - Processing file /home/airflow/.local/lib/python3.8/site-packages/airflow/example_dags/example_short_circuit_decorator.py for tasks to queue
[2023-08-20T17:37:40.235+0000] {logging_mixin.py:151} INFO - [2023-08-20T17:37:40.235+0000] {dagbag.py:539} INFO - Filling up the DagBag from /home/airflow/.local/lib/python3.8/site-packages/airflow/example_dags/example_short_circuit_decorator.py
[2023-08-20T17:37:40.265+0000] {processor.py:839} INFO - DAG(s) dict_keys(['example_short_circuit_decorator']) retrieved from /home/airflow/.local/lib/python3.8/site-packages/airflow/example_dags/example_short_circuit_decorator.py
[2023-08-20T17:37:40.285+0000] {logging_mixin.py:151} INFO - [2023-08-20T17:37:40.285+0000] {dag.py:2907} INFO - Sync 1 DAGs
[2023-08-20T17:37:40.323+0000] {logging_mixin.py:151} INFO - [2023-08-20T17:37:40.323+0000] {dag.py:3677} INFO - Setting next_dagrun for example_short_circuit_decorator to 2023-08-19T17:37:40.322796+00:00, run_after=2023-08-20T17:37:40.322796+00:00
[2023-08-20T17:37:40.356+0000] {processor.py:179} INFO - Processing /home/airflow/.local/lib/python3.8/site-packages/airflow/example_dags/example_short_circuit_decorator.py took 0.133 seconds
[2023-08-20T17:38:11.071+0000] {processor.py:157} INFO - Started process (PID=118) to work on /home/airflow/.local/lib/python3.8/site-packages/airflow/example_dags/example_short_circuit_decorator.py
[2023-08-20T17:38:11.072+0000] {processor.py:829} INFO - Processing file /home/airflow/.local/lib/python3.8/site-packages/airflow/example_dags/example_short_circuit_decorator.py for tasks to queue
[2023-08-20T17:38:11.076+0000] {logging_mixin.py:151} INFO - [2023-08-20T17:38:11.076+0000] {dagbag.py:539} INFO - Filling up the DagBag from /home/airflow/.local/lib/python3.8/site-packages/airflow/example_dags/example_short_circuit_decorator.py
[2023-08-20T17:38:11.088+0000] {processor.py:839} INFO - DAG(s) dict_keys(['example_short_circuit_decorator']) retrieved from /home/airflow/.local/lib/python3.8/site-packages/airflow/example_dags/example_short_circuit_decorator.py
[2023-08-20T17:38:11.121+0000] {logging_mixin.py:151} INFO - [2023-08-20T17:38:11.121+0000] {dag.py:2907} INFO - Sync 1 DAGs
[2023-08-20T17:38:11.157+0000] {logging_mixin.py:151} INFO - [2023-08-20T17:38:11.156+0000] {dag.py:3677} INFO - Setting next_dagrun for example_short_circuit_decorator to 2023-08-19T17:38:11.156597+00:00, run_after=2023-08-20T17:38:11.156597+00:00
[2023-08-20T17:38:11.184+0000] {processor.py:179} INFO - Processing /home/airflow/.local/lib/python3.8/site-packages/airflow/example_dags/example_short_circuit_decorator.py took 0.119 seconds
[2023-08-20T17:38:41.620+0000] {processor.py:157} INFO - Started process (PID=172) to work on /home/airflow/.local/lib/python3.8/site-packages/airflow/example_dags/example_short_circuit_decorator.py
[2023-08-20T17:38:41.622+0000] {processor.py:829} INFO - Processing file /home/airflow/.local/lib/python3.8/site-packages/airflow/example_dags/example_short_circuit_decorator.py for tasks to queue
[2023-08-20T17:38:41.625+0000] {logging_mixin.py:151} INFO - [2023-08-20T17:38:41.624+0000] {dagbag.py:539} INFO - Filling up the DagBag from /home/airflow/.local/lib/python3.8/site-packages/airflow/example_dags/example_short_circuit_decorator.py
[2023-08-20T17:38:41.638+0000] {processor.py:839} INFO - DAG(s) dict_keys(['example_short_circuit_decorator']) retrieved from /home/airflow/.local/lib/python3.8/site-packages/airflow/example_dags/example_short_circuit_decorator.py
[2023-08-20T17:38:41.668+0000] {logging_mixin.py:151} INFO - [2023-08-20T17:38:41.668+0000] {dag.py:2907} INFO - Sync 1 DAGs
[2023-08-20T17:38:41.700+0000] {logging_mixin.py:151} INFO - [2023-08-20T17:38:41.700+0000] {dag.py:3677} INFO - Setting next_dagrun for example_short_circuit_decorator to 2023-08-19T17:38:41.700031+00:00, run_after=2023-08-20T17:38:41.700031+00:00
[2023-08-20T17:38:41.729+0000] {processor.py:179} INFO - Processing /home/airflow/.local/lib/python3.8/site-packages/airflow/example_dags/example_short_circuit_decorator.py took 0.113 seconds
[2023-08-20T17:39:11.973+0000] {processor.py:157} INFO - Started process (PID=226) to work on /home/airflow/.local/lib/python3.8/site-packages/airflow/example_dags/example_short_circuit_decorator.py
[2023-08-20T17:39:11.975+0000] {processor.py:829} INFO - Processing file /home/airflow/.local/lib/python3.8/site-packages/airflow/example_dags/example_short_circuit_decorator.py for tasks to queue
[2023-08-20T17:39:11.978+0000] {logging_mixin.py:151} INFO - [2023-08-20T17:39:11.978+0000] {dagbag.py:539} INFO - Filling up the DagBag from /home/airflow/.local/lib/python3.8/site-packages/airflow/example_dags/example_short_circuit_decorator.py
[2023-08-20T17:39:11.994+0000] {processor.py:839} INFO - DAG(s) dict_keys(['example_short_circuit_decorator']) retrieved from /home/airflow/.local/lib/python3.8/site-packages/airflow/example_dags/example_short_circuit_decorator.py
[2023-08-20T17:39:12.024+0000] {logging_mixin.py:151} INFO - [2023-08-20T17:39:12.023+0000] {dag.py:2907} INFO - Sync 1 DAGs
[2023-08-20T17:39:12.052+0000] {logging_mixin.py:151} INFO - [2023-08-20T17:39:12.052+0000] {dag.py:3677} INFO - Setting next_dagrun for example_short_circuit_decorator to 2023-08-19T17:39:12.052364+00:00, run_after=2023-08-20T17:39:12.052364+00:00
[2023-08-20T17:39:12.082+0000] {processor.py:179} INFO - Processing /home/airflow/.local/lib/python3.8/site-packages/airflow/example_dags/example_short_circuit_decorator.py took 0.114 seconds
[2023-08-20T17:39:42.222+0000] {processor.py:157} INFO - Started process (PID=281) to work on /home/airflow/.local/lib/python3.8/site-packages/airflow/example_dags/example_short_circuit_decorator.py
[2023-08-20T17:39:42.224+0000] {processor.py:829} INFO - Processing file /home/airflow/.local/lib/python3.8/site-packages/airflow/example_dags/example_short_circuit_decorator.py for tasks to queue
[2023-08-20T17:39:42.227+0000] {logging_mixin.py:151} INFO - [2023-08-20T17:39:42.227+0000] {dagbag.py:539} INFO - Filling up the DagBag from /home/airflow/.local/lib/python3.8/site-packages/airflow/example_dags/example_short_circuit_decorator.py
[2023-08-20T17:39:42.241+0000] {processor.py:839} INFO - DAG(s) dict_keys(['example_short_circuit_decorator']) retrieved from /home/airflow/.local/lib/python3.8/site-packages/airflow/example_dags/example_short_circuit_decorator.py
[2023-08-20T17:39:42.255+0000] {logging_mixin.py:151} INFO - [2023-08-20T17:39:42.255+0000] {dag.py:2907} INFO - Sync 1 DAGs
[2023-08-20T17:39:42.286+0000] {logging_mixin.py:151} INFO - [2023-08-20T17:39:42.286+0000] {dag.py:3677} INFO - Setting next_dagrun for example_short_circuit_decorator to 2023-08-19T17:39:42.286251+00:00, run_after=2023-08-20T17:39:42.286251+00:00
[2023-08-20T17:39:42.316+0000] {processor.py:179} INFO - Processing /home/airflow/.local/lib/python3.8/site-packages/airflow/example_dags/example_short_circuit_decorator.py took 0.098 seconds
[2023-08-20T17:40:12.789+0000] {processor.py:157} INFO - Started process (PID=334) to work on /home/airflow/.local/lib/python3.8/site-packages/airflow/example_dags/example_short_circuit_decorator.py
[2023-08-20T17:40:12.790+0000] {processor.py:829} INFO - Processing file /home/airflow/.local/lib/python3.8/site-packages/airflow/example_dags/example_short_circuit_decorator.py for tasks to queue
[2023-08-20T17:40:12.794+0000] {logging_mixin.py:151} INFO - [2023-08-20T17:40:12.794+0000] {dagbag.py:539} INFO - Filling up the DagBag from /home/airflow/.local/lib/python3.8/site-packages/airflow/example_dags/example_short_circuit_decorator.py
[2023-08-20T17:40:12.811+0000] {processor.py:839} INFO - DAG(s) dict_keys(['example_short_circuit_decorator']) retrieved from /home/airflow/.local/lib/python3.8/site-packages/airflow/example_dags/example_short_circuit_decorator.py
[2023-08-20T17:40:12.845+0000] {logging_mixin.py:151} INFO - [2023-08-20T17:40:12.845+0000] {dag.py:2907} INFO - Sync 1 DAGs
[2023-08-20T17:40:12.881+0000] {logging_mixin.py:151} INFO - [2023-08-20T17:40:12.881+0000] {dag.py:3677} INFO - Setting next_dagrun for example_short_circuit_decorator to 2023-08-19T17:40:12.880896+00:00, run_after=2023-08-20T17:40:12.880896+00:00
[2023-08-20T17:40:12.912+0000] {processor.py:179} INFO - Processing /home/airflow/.local/lib/python3.8/site-packages/airflow/example_dags/example_short_circuit_decorator.py took 0.127 seconds
[2023-08-20T17:40:43.746+0000] {processor.py:157} INFO - Started process (PID=388) to work on /home/airflow/.local/lib/python3.8/site-packages/airflow/example_dags/example_short_circuit_decorator.py
[2023-08-20T17:40:43.748+0000] {processor.py:829} INFO - Processing file /home/airflow/.local/lib/python3.8/site-packages/airflow/example_dags/example_short_circuit_decorator.py for tasks to queue
[2023-08-20T17:40:43.751+0000] {logging_mixin.py:151} INFO - [2023-08-20T17:40:43.751+0000] {dagbag.py:539} INFO - Filling up the DagBag from /home/airflow/.local/lib/python3.8/site-packages/airflow/example_dags/example_short_circuit_decorator.py
[2023-08-20T17:40:43.766+0000] {processor.py:839} INFO - DAG(s) dict_keys(['example_short_circuit_decorator']) retrieved from /home/airflow/.local/lib/python3.8/site-packages/airflow/example_dags/example_short_circuit_decorator.py
[2023-08-20T17:40:43.802+0000] {logging_mixin.py:151} INFO - [2023-08-20T17:40:43.802+0000] {dag.py:2907} INFO - Sync 1 DAGs
[2023-08-20T17:40:43.830+0000] {logging_mixin.py:151} INFO - [2023-08-20T17:40:43.830+0000] {dag.py:3677} INFO - Setting next_dagrun for example_short_circuit_decorator to 2023-08-19T17:40:43.829779+00:00, run_after=2023-08-20T17:40:43.829779+00:00
[2023-08-20T17:40:43.861+0000] {processor.py:179} INFO - Processing /home/airflow/.local/lib/python3.8/site-packages/airflow/example_dags/example_short_circuit_decorator.py took 0.119 seconds
[2023-08-20T17:41:13.980+0000] {processor.py:157} INFO - Started process (PID=442) to work on /home/airflow/.local/lib/python3.8/site-packages/airflow/example_dags/example_short_circuit_decorator.py
[2023-08-20T17:41:13.981+0000] {processor.py:829} INFO - Processing file /home/airflow/.local/lib/python3.8/site-packages/airflow/example_dags/example_short_circuit_decorator.py for tasks to queue
[2023-08-20T17:41:13.985+0000] {logging_mixin.py:151} INFO - [2023-08-20T17:41:13.985+0000] {dagbag.py:539} INFO - Filling up the DagBag from /home/airflow/.local/lib/python3.8/site-packages/airflow/example_dags/example_short_circuit_decorator.py
[2023-08-20T17:41:13.996+0000] {processor.py:839} INFO - DAG(s) dict_keys(['example_short_circuit_decorator']) retrieved from /home/airflow/.local/lib/python3.8/site-packages/airflow/example_dags/example_short_circuit_decorator.py
[2023-08-20T17:41:14.032+0000] {logging_mixin.py:151} INFO - [2023-08-20T17:41:14.032+0000] {dag.py:2907} INFO - Sync 1 DAGs
[2023-08-20T17:41:14.066+0000] {logging_mixin.py:151} INFO - [2023-08-20T17:41:14.066+0000] {dag.py:3677} INFO - Setting next_dagrun for example_short_circuit_decorator to 2023-08-19T17:41:14.066163+00:00, run_after=2023-08-20T17:41:14.066163+00:00
[2023-08-20T17:41:14.093+0000] {processor.py:179} INFO - Processing /home/airflow/.local/lib/python3.8/site-packages/airflow/example_dags/example_short_circuit_decorator.py took 0.117 seconds
[2023-08-20T17:41:44.716+0000] {processor.py:157} INFO - Started process (PID=497) to work on /home/airflow/.local/lib/python3.8/site-packages/airflow/example_dags/example_short_circuit_decorator.py
[2023-08-20T17:41:44.718+0000] {processor.py:829} INFO - Processing file /home/airflow/.local/lib/python3.8/site-packages/airflow/example_dags/example_short_circuit_decorator.py for tasks to queue
[2023-08-20T17:41:44.721+0000] {logging_mixin.py:151} INFO - [2023-08-20T17:41:44.721+0000] {dagbag.py:539} INFO - Filling up the DagBag from /home/airflow/.local/lib/python3.8/site-packages/airflow/example_dags/example_short_circuit_decorator.py
[2023-08-20T17:41:44.734+0000] {processor.py:839} INFO - DAG(s) dict_keys(['example_short_circuit_decorator']) retrieved from /home/airflow/.local/lib/python3.8/site-packages/airflow/example_dags/example_short_circuit_decorator.py
[2023-08-20T17:41:44.764+0000] {logging_mixin.py:151} INFO - [2023-08-20T17:41:44.764+0000] {dag.py:2907} INFO - Sync 1 DAGs
[2023-08-20T17:41:44.795+0000] {logging_mixin.py:151} INFO - [2023-08-20T17:41:44.795+0000] {dag.py:3677} INFO - Setting next_dagrun for example_short_circuit_decorator to 2023-08-19T17:41:44.795415+00:00, run_after=2023-08-20T17:41:44.795415+00:00
[2023-08-20T17:41:44.820+0000] {processor.py:179} INFO - Processing /home/airflow/.local/lib/python3.8/site-packages/airflow/example_dags/example_short_circuit_decorator.py took 0.109 seconds
[2023-08-20T17:42:15.796+0000] {processor.py:157} INFO - Started process (PID=551) to work on /home/airflow/.local/lib/python3.8/site-packages/airflow/example_dags/example_short_circuit_decorator.py
[2023-08-20T17:42:15.798+0000] {processor.py:829} INFO - Processing file /home/airflow/.local/lib/python3.8/site-packages/airflow/example_dags/example_short_circuit_decorator.py for tasks to queue
[2023-08-20T17:42:15.802+0000] {logging_mixin.py:151} INFO - [2023-08-20T17:42:15.801+0000] {dagbag.py:539} INFO - Filling up the DagBag from /home/airflow/.local/lib/python3.8/site-packages/airflow/example_dags/example_short_circuit_decorator.py
[2023-08-20T17:42:15.815+0000] {processor.py:839} INFO - DAG(s) dict_keys(['example_short_circuit_decorator']) retrieved from /home/airflow/.local/lib/python3.8/site-packages/airflow/example_dags/example_short_circuit_decorator.py
[2023-08-20T17:42:15.855+0000] {logging_mixin.py:151} INFO - [2023-08-20T17:42:15.855+0000] {dag.py:2907} INFO - Sync 1 DAGs
[2023-08-20T17:42:15.893+0000] {logging_mixin.py:151} INFO - [2023-08-20T17:42:15.893+0000] {dag.py:3677} INFO - Setting next_dagrun for example_short_circuit_decorator to 2023-08-19T17:42:15.892892+00:00, run_after=2023-08-20T17:42:15.892892+00:00
[2023-08-20T17:42:15.924+0000] {processor.py:179} INFO - Processing /home/airflow/.local/lib/python3.8/site-packages/airflow/example_dags/example_short_circuit_decorator.py took 0.133 seconds
[2023-08-20T17:42:46.232+0000] {processor.py:157} INFO - Started process (PID=605) to work on /home/airflow/.local/lib/python3.8/site-packages/airflow/example_dags/example_short_circuit_decorator.py
[2023-08-20T17:42:46.234+0000] {processor.py:829} INFO - Processing file /home/airflow/.local/lib/python3.8/site-packages/airflow/example_dags/example_short_circuit_decorator.py for tasks to queue
[2023-08-20T17:42:46.237+0000] {logging_mixin.py:151} INFO - [2023-08-20T17:42:46.237+0000] {dagbag.py:539} INFO - Filling up the DagBag from /home/airflow/.local/lib/python3.8/site-packages/airflow/example_dags/example_short_circuit_decorator.py
[2023-08-20T17:42:46.252+0000] {processor.py:839} INFO - DAG(s) dict_keys(['example_short_circuit_decorator']) retrieved from /home/airflow/.local/lib/python3.8/site-packages/airflow/example_dags/example_short_circuit_decorator.py
[2023-08-20T17:42:46.314+0000] {logging_mixin.py:151} INFO - [2023-08-20T17:42:46.314+0000] {dag.py:2907} INFO - Sync 1 DAGs
[2023-08-20T17:42:46.349+0000] {logging_mixin.py:151} INFO - [2023-08-20T17:42:46.349+0000] {dag.py:3677} INFO - Setting next_dagrun for example_short_circuit_decorator to 2023-08-19T17:42:46.348817+00:00, run_after=2023-08-20T17:42:46.348817+00:00
[2023-08-20T17:42:46.381+0000] {processor.py:179} INFO - Processing /home/airflow/.local/lib/python3.8/site-packages/airflow/example_dags/example_short_circuit_decorator.py took 0.154 seconds
[2023-08-20T17:43:16.836+0000] {processor.py:157} INFO - Started process (PID=659) to work on /home/airflow/.local/lib/python3.8/site-packages/airflow/example_dags/example_short_circuit_decorator.py
[2023-08-20T17:43:16.838+0000] {processor.py:829} INFO - Processing file /home/airflow/.local/lib/python3.8/site-packages/airflow/example_dags/example_short_circuit_decorator.py for tasks to queue
[2023-08-20T17:43:16.842+0000] {logging_mixin.py:151} INFO - [2023-08-20T17:43:16.842+0000] {dagbag.py:539} INFO - Filling up the DagBag from /home/airflow/.local/lib/python3.8/site-packages/airflow/example_dags/example_short_circuit_decorator.py
[2023-08-20T17:43:16.859+0000] {processor.py:839} INFO - DAG(s) dict_keys(['example_short_circuit_decorator']) retrieved from /home/airflow/.local/lib/python3.8/site-packages/airflow/example_dags/example_short_circuit_decorator.py
[2023-08-20T17:43:16.892+0000] {logging_mixin.py:151} INFO - [2023-08-20T17:43:16.891+0000] {dag.py:2907} INFO - Sync 1 DAGs
[2023-08-20T17:43:16.924+0000] {logging_mixin.py:151} INFO - [2023-08-20T17:43:16.924+0000] {dag.py:3677} INFO - Setting next_dagrun for example_short_circuit_decorator to 2023-08-19T17:43:16.923750+00:00, run_after=2023-08-20T17:43:16.923750+00:00
[2023-08-20T17:43:16.957+0000] {processor.py:179} INFO - Processing /home/airflow/.local/lib/python3.8/site-packages/airflow/example_dags/example_short_circuit_decorator.py took 0.128 seconds
[2023-08-20T17:43:47.443+0000] {processor.py:157} INFO - Started process (PID=713) to work on /home/airflow/.local/lib/python3.8/site-packages/airflow/example_dags/example_short_circuit_decorator.py
[2023-08-20T17:43:47.445+0000] {processor.py:829} INFO - Processing file /home/airflow/.local/lib/python3.8/site-packages/airflow/example_dags/example_short_circuit_decorator.py for tasks to queue
[2023-08-20T17:43:47.449+0000] {logging_mixin.py:151} INFO - [2023-08-20T17:43:47.448+0000] {dagbag.py:539} INFO - Filling up the DagBag from /home/airflow/.local/lib/python3.8/site-packages/airflow/example_dags/example_short_circuit_decorator.py
[2023-08-20T17:43:47.460+0000] {processor.py:839} INFO - DAG(s) dict_keys(['example_short_circuit_decorator']) retrieved from /home/airflow/.local/lib/python3.8/site-packages/airflow/example_dags/example_short_circuit_decorator.py
[2023-08-20T17:43:47.496+0000] {logging_mixin.py:151} INFO - [2023-08-20T17:43:47.495+0000] {dag.py:2907} INFO - Sync 1 DAGs
[2023-08-20T17:43:47.525+0000] {logging_mixin.py:151} INFO - [2023-08-20T17:43:47.524+0000] {dag.py:3677} INFO - Setting next_dagrun for example_short_circuit_decorator to 2023-08-19T17:43:47.524670+00:00, run_after=2023-08-20T17:43:47.524670+00:00
[2023-08-20T17:43:47.553+0000] {processor.py:179} INFO - Processing /home/airflow/.local/lib/python3.8/site-packages/airflow/example_dags/example_short_circuit_decorator.py took 0.114 seconds
[2023-08-20T17:44:17.681+0000] {processor.py:157} INFO - Started process (PID=766) to work on /home/airflow/.local/lib/python3.8/site-packages/airflow/example_dags/example_short_circuit_decorator.py
[2023-08-20T17:44:17.683+0000] {processor.py:829} INFO - Processing file /home/airflow/.local/lib/python3.8/site-packages/airflow/example_dags/example_short_circuit_decorator.py for tasks to queue
[2023-08-20T17:44:17.687+0000] {logging_mixin.py:151} INFO - [2023-08-20T17:44:17.686+0000] {dagbag.py:539} INFO - Filling up the DagBag from /home/airflow/.local/lib/python3.8/site-packages/airflow/example_dags/example_short_circuit_decorator.py
[2023-08-20T17:44:17.699+0000] {processor.py:839} INFO - DAG(s) dict_keys(['example_short_circuit_decorator']) retrieved from /home/airflow/.local/lib/python3.8/site-packages/airflow/example_dags/example_short_circuit_decorator.py
[2023-08-20T17:44:17.728+0000] {logging_mixin.py:151} INFO - [2023-08-20T17:44:17.728+0000] {dag.py:2907} INFO - Sync 1 DAGs
[2023-08-20T17:44:17.756+0000] {logging_mixin.py:151} INFO - [2023-08-20T17:44:17.755+0000] {dag.py:3677} INFO - Setting next_dagrun for example_short_circuit_decorator to 2023-08-19T17:44:17.755589+00:00, run_after=2023-08-20T17:44:17.755589+00:00
[2023-08-20T17:44:17.783+0000] {processor.py:179} INFO - Processing /home/airflow/.local/lib/python3.8/site-packages/airflow/example_dags/example_short_circuit_decorator.py took 0.107 seconds
[2023-08-20T17:44:48.207+0000] {processor.py:157} INFO - Started process (PID=820) to work on /home/airflow/.local/lib/python3.8/site-packages/airflow/example_dags/example_short_circuit_decorator.py
[2023-08-20T17:44:48.210+0000] {processor.py:829} INFO - Processing file /home/airflow/.local/lib/python3.8/site-packages/airflow/example_dags/example_short_circuit_decorator.py for tasks to queue
[2023-08-20T17:44:48.214+0000] {logging_mixin.py:151} INFO - [2023-08-20T17:44:48.213+0000] {dagbag.py:539} INFO - Filling up the DagBag from /home/airflow/.local/lib/python3.8/site-packages/airflow/example_dags/example_short_circuit_decorator.py
[2023-08-20T17:44:48.236+0000] {processor.py:839} INFO - DAG(s) dict_keys(['example_short_circuit_decorator']) retrieved from /home/airflow/.local/lib/python3.8/site-packages/airflow/example_dags/example_short_circuit_decorator.py
[2023-08-20T17:44:48.269+0000] {logging_mixin.py:151} INFO - [2023-08-20T17:44:48.269+0000] {dag.py:2907} INFO - Sync 1 DAGs
[2023-08-20T17:44:48.298+0000] {logging_mixin.py:151} INFO - [2023-08-20T17:44:48.297+0000] {dag.py:3677} INFO - Setting next_dagrun for example_short_circuit_decorator to 2023-08-19T17:44:48.297624+00:00, run_after=2023-08-20T17:44:48.297624+00:00
[2023-08-20T17:44:48.325+0000] {processor.py:179} INFO - Processing /home/airflow/.local/lib/python3.8/site-packages/airflow/example_dags/example_short_circuit_decorator.py took 0.125 seconds
[2023-08-20T17:45:18.663+0000] {processor.py:157} INFO - Started process (PID=874) to work on /home/airflow/.local/lib/python3.8/site-packages/airflow/example_dags/example_short_circuit_decorator.py
[2023-08-20T17:45:18.665+0000] {processor.py:829} INFO - Processing file /home/airflow/.local/lib/python3.8/site-packages/airflow/example_dags/example_short_circuit_decorator.py for tasks to queue
[2023-08-20T17:45:18.669+0000] {logging_mixin.py:151} INFO - [2023-08-20T17:45:18.668+0000] {dagbag.py:539} INFO - Filling up the DagBag from /home/airflow/.local/lib/python3.8/site-packages/airflow/example_dags/example_short_circuit_decorator.py
[2023-08-20T17:45:18.683+0000] {processor.py:839} INFO - DAG(s) dict_keys(['example_short_circuit_decorator']) retrieved from /home/airflow/.local/lib/python3.8/site-packages/airflow/example_dags/example_short_circuit_decorator.py
[2023-08-20T17:45:18.716+0000] {logging_mixin.py:151} INFO - [2023-08-20T17:45:18.715+0000] {dag.py:2907} INFO - Sync 1 DAGs
[2023-08-20T17:45:18.746+0000] {logging_mixin.py:151} INFO - [2023-08-20T17:45:18.746+0000] {dag.py:3677} INFO - Setting next_dagrun for example_short_circuit_decorator to 2023-08-19T17:45:18.745991+00:00, run_after=2023-08-20T17:45:18.745991+00:00
[2023-08-20T17:45:18.776+0000] {processor.py:179} INFO - Processing /home/airflow/.local/lib/python3.8/site-packages/airflow/example_dags/example_short_circuit_decorator.py took 0.117 seconds
[2023-08-20T17:45:49.110+0000] {processor.py:157} INFO - Started process (PID=928) to work on /home/airflow/.local/lib/python3.8/site-packages/airflow/example_dags/example_short_circuit_decorator.py
[2023-08-20T17:45:49.112+0000] {processor.py:829} INFO - Processing file /home/airflow/.local/lib/python3.8/site-packages/airflow/example_dags/example_short_circuit_decorator.py for tasks to queue
[2023-08-20T17:45:49.115+0000] {logging_mixin.py:151} INFO - [2023-08-20T17:45:49.115+0000] {dagbag.py:539} INFO - Filling up the DagBag from /home/airflow/.local/lib/python3.8/site-packages/airflow/example_dags/example_short_circuit_decorator.py
[2023-08-20T17:45:49.126+0000] {processor.py:839} INFO - DAG(s) dict_keys(['example_short_circuit_decorator']) retrieved from /home/airflow/.local/lib/python3.8/site-packages/airflow/example_dags/example_short_circuit_decorator.py
[2023-08-20T17:45:49.158+0000] {logging_mixin.py:151} INFO - [2023-08-20T17:45:49.157+0000] {dag.py:2907} INFO - Sync 1 DAGs
[2023-08-20T17:45:49.186+0000] {logging_mixin.py:151} INFO - [2023-08-20T17:45:49.185+0000] {dag.py:3677} INFO - Setting next_dagrun for example_short_circuit_decorator to 2023-08-19T17:45:49.185306+00:00, run_after=2023-08-20T17:45:49.185306+00:00
[2023-08-20T17:45:49.213+0000] {processor.py:179} INFO - Processing /home/airflow/.local/lib/python3.8/site-packages/airflow/example_dags/example_short_circuit_decorator.py took 0.106 seconds
[2023-08-20T17:46:19.615+0000] {processor.py:157} INFO - Started process (PID=982) to work on /home/airflow/.local/lib/python3.8/site-packages/airflow/example_dags/example_short_circuit_decorator.py
[2023-08-20T17:46:19.617+0000] {processor.py:829} INFO - Processing file /home/airflow/.local/lib/python3.8/site-packages/airflow/example_dags/example_short_circuit_decorator.py for tasks to queue
[2023-08-20T17:46:19.620+0000] {logging_mixin.py:151} INFO - [2023-08-20T17:46:19.620+0000] {dagbag.py:539} INFO - Filling up the DagBag from /home/airflow/.local/lib/python3.8/site-packages/airflow/example_dags/example_short_circuit_decorator.py
[2023-08-20T17:46:19.631+0000] {processor.py:839} INFO - DAG(s) dict_keys(['example_short_circuit_decorator']) retrieved from /home/airflow/.local/lib/python3.8/site-packages/airflow/example_dags/example_short_circuit_decorator.py
[2023-08-20T17:46:19.662+0000] {logging_mixin.py:151} INFO - [2023-08-20T17:46:19.662+0000] {dag.py:2907} INFO - Sync 1 DAGs
[2023-08-20T17:46:19.690+0000] {logging_mixin.py:151} INFO - [2023-08-20T17:46:19.690+0000] {dag.py:3677} INFO - Setting next_dagrun for example_short_circuit_decorator to 2023-08-19T17:46:19.690045+00:00, run_after=2023-08-20T17:46:19.690045+00:00
[2023-08-20T17:46:19.727+0000] {processor.py:179} INFO - Processing /home/airflow/.local/lib/python3.8/site-packages/airflow/example_dags/example_short_circuit_decorator.py took 0.115 seconds
[2023-08-20T17:46:49.892+0000] {processor.py:157} INFO - Started process (PID=1036) to work on /home/airflow/.local/lib/python3.8/site-packages/airflow/example_dags/example_short_circuit_decorator.py
[2023-08-20T17:46:49.894+0000] {processor.py:829} INFO - Processing file /home/airflow/.local/lib/python3.8/site-packages/airflow/example_dags/example_short_circuit_decorator.py for tasks to queue
[2023-08-20T17:46:49.898+0000] {logging_mixin.py:151} INFO - [2023-08-20T17:46:49.897+0000] {dagbag.py:539} INFO - Filling up the DagBag from /home/airflow/.local/lib/python3.8/site-packages/airflow/example_dags/example_short_circuit_decorator.py
[2023-08-20T17:46:49.910+0000] {processor.py:839} INFO - DAG(s) dict_keys(['example_short_circuit_decorator']) retrieved from /home/airflow/.local/lib/python3.8/site-packages/airflow/example_dags/example_short_circuit_decorator.py
[2023-08-20T17:46:49.939+0000] {logging_mixin.py:151} INFO - [2023-08-20T17:46:49.939+0000] {dag.py:2907} INFO - Sync 1 DAGs
[2023-08-20T17:46:49.977+0000] {logging_mixin.py:151} INFO - [2023-08-20T17:46:49.977+0000] {dag.py:3677} INFO - Setting next_dagrun for example_short_circuit_decorator to 2023-08-19T17:46:49.977191+00:00, run_after=2023-08-20T17:46:49.977191+00:00
[2023-08-20T17:46:50.006+0000] {processor.py:179} INFO - Processing /home/airflow/.local/lib/python3.8/site-packages/airflow/example_dags/example_short_circuit_decorator.py took 0.117 seconds
