[2023-08-20 11:40:22,818] {scheduler_job.py:182} INFO - Started process (PID=45) to work on /home/airflow/.local/lib/python3.6/site-packages/airflow/example_dags/example_dag_decorator.py
[2023-08-20 11:40:22,820] {scheduler_job.py:629} INFO - Processing file /home/airflow/.local/lib/python3.6/site-packages/airflow/example_dags/example_dag_decorator.py for tasks to queue
[2023-08-20 11:40:22,821] {logging_mixin.py:104} INFO - [2023-08-20 11:40:22,821] {dagbag.py:451} INFO - Filling up the DagBag from /home/airflow/.local/lib/python3.6/site-packages/airflow/example_dags/example_dag_decorator.py
[2023-08-20 11:40:22,844] {scheduler_job.py:639} INFO - DAG(s) dict_keys(['example_dag_decorator']) retrieved from /home/airflow/.local/lib/python3.6/site-packages/airflow/example_dags/example_dag_decorator.py
[2023-08-20 11:40:22,871] {logging_mixin.py:104} INFO - [2023-08-20 11:40:22,871] {dag.py:1824} INFO - Sync 1 DAGs
[2023-08-20 11:40:22,881] {logging_mixin.py:104} INFO - [2023-08-20 11:40:22,881] {dag.py:1843} INFO - Creating ORM DAG for example_dag_decorator
[2023-08-20 11:40:22,889] {logging_mixin.py:104} INFO - [2023-08-20 11:40:22,888] {dag.py:2280} INFO - Setting next_dagrun for example_dag_decorator to None
[2023-08-20 11:40:22,905] {scheduler_job.py:190} INFO - Processing /home/airflow/.local/lib/python3.6/site-packages/airflow/example_dags/example_dag_decorator.py took 0.090 seconds
[2023-08-20 11:40:53,475] {scheduler_job.py:182} INFO - Started process (PID=72) to work on /home/airflow/.local/lib/python3.6/site-packages/airflow/example_dags/example_dag_decorator.py
[2023-08-20 11:40:53,477] {scheduler_job.py:629} INFO - Processing file /home/airflow/.local/lib/python3.6/site-packages/airflow/example_dags/example_dag_decorator.py for tasks to queue
[2023-08-20 11:40:53,479] {logging_mixin.py:104} INFO - [2023-08-20 11:40:53,478] {dagbag.py:451} INFO - Filling up the DagBag from /home/airflow/.local/lib/python3.6/site-packages/airflow/example_dags/example_dag_decorator.py
[2023-08-20 11:40:53,500] {scheduler_job.py:639} INFO - DAG(s) dict_keys(['example_dag_decorator']) retrieved from /home/airflow/.local/lib/python3.6/site-packages/airflow/example_dags/example_dag_decorator.py
[2023-08-20 11:40:53,539] {logging_mixin.py:104} INFO - [2023-08-20 11:40:53,538] {dag.py:1824} INFO - Sync 1 DAGs
[2023-08-20 11:40:53,564] {logging_mixin.py:104} INFO - [2023-08-20 11:40:53,564] {dag.py:2280} INFO - Setting next_dagrun for example_dag_decorator to None
[2023-08-20 11:40:53,592] {scheduler_job.py:190} INFO - Processing /home/airflow/.local/lib/python3.6/site-packages/airflow/example_dags/example_dag_decorator.py took 0.120 seconds
[2023-08-20 11:41:24,519] {scheduler_job.py:182} INFO - Started process (PID=100) to work on /home/airflow/.local/lib/python3.6/site-packages/airflow/example_dags/example_dag_decorator.py
[2023-08-20 11:41:24,522] {scheduler_job.py:629} INFO - Processing file /home/airflow/.local/lib/python3.6/site-packages/airflow/example_dags/example_dag_decorator.py for tasks to queue
[2023-08-20 11:41:24,523] {logging_mixin.py:104} INFO - [2023-08-20 11:41:24,523] {dagbag.py:451} INFO - Filling up the DagBag from /home/airflow/.local/lib/python3.6/site-packages/airflow/example_dags/example_dag_decorator.py
[2023-08-20 11:41:24,546] {scheduler_job.py:639} INFO - DAG(s) dict_keys(['example_dag_decorator']) retrieved from /home/airflow/.local/lib/python3.6/site-packages/airflow/example_dags/example_dag_decorator.py
[2023-08-20 11:41:24,579] {logging_mixin.py:104} INFO - [2023-08-20 11:41:24,579] {dag.py:1824} INFO - Sync 1 DAGs
[2023-08-20 11:41:24,597] {logging_mixin.py:104} INFO - [2023-08-20 11:41:24,597] {dag.py:2280} INFO - Setting next_dagrun for example_dag_decorator to None
[2023-08-20 11:41:24,613] {scheduler_job.py:190} INFO - Processing /home/airflow/.local/lib/python3.6/site-packages/airflow/example_dags/example_dag_decorator.py took 0.098 seconds
[2023-08-20 11:41:54,931] {scheduler_job.py:182} INFO - Started process (PID=126) to work on /home/airflow/.local/lib/python3.6/site-packages/airflow/example_dags/example_dag_decorator.py
[2023-08-20 11:41:54,933] {scheduler_job.py:629} INFO - Processing file /home/airflow/.local/lib/python3.6/site-packages/airflow/example_dags/example_dag_decorator.py for tasks to queue
[2023-08-20 11:41:54,934] {logging_mixin.py:104} INFO - [2023-08-20 11:41:54,934] {dagbag.py:451} INFO - Filling up the DagBag from /home/airflow/.local/lib/python3.6/site-packages/airflow/example_dags/example_dag_decorator.py
[2023-08-20 11:41:54,954] {scheduler_job.py:639} INFO - DAG(s) dict_keys(['example_dag_decorator']) retrieved from /home/airflow/.local/lib/python3.6/site-packages/airflow/example_dags/example_dag_decorator.py
[2023-08-20 11:41:54,989] {logging_mixin.py:104} INFO - [2023-08-20 11:41:54,988] {dag.py:1824} INFO - Sync 1 DAGs
[2023-08-20 11:41:55,007] {logging_mixin.py:104} INFO - [2023-08-20 11:41:55,007] {dag.py:2280} INFO - Setting next_dagrun for example_dag_decorator to None
[2023-08-20 11:41:55,025] {scheduler_job.py:190} INFO - Processing /home/airflow/.local/lib/python3.6/site-packages/airflow/example_dags/example_dag_decorator.py took 0.097 seconds
[2023-08-20 11:42:25,165] {scheduler_job.py:182} INFO - Started process (PID=151) to work on /home/airflow/.local/lib/python3.6/site-packages/airflow/example_dags/example_dag_decorator.py
[2023-08-20 11:42:25,167] {scheduler_job.py:629} INFO - Processing file /home/airflow/.local/lib/python3.6/site-packages/airflow/example_dags/example_dag_decorator.py for tasks to queue
[2023-08-20 11:42:25,169] {logging_mixin.py:104} INFO - [2023-08-20 11:42:25,168] {dagbag.py:451} INFO - Filling up the DagBag from /home/airflow/.local/lib/python3.6/site-packages/airflow/example_dags/example_dag_decorator.py
[2023-08-20 11:42:25,185] {scheduler_job.py:639} INFO - DAG(s) dict_keys(['example_dag_decorator']) retrieved from /home/airflow/.local/lib/python3.6/site-packages/airflow/example_dags/example_dag_decorator.py
[2023-08-20 11:42:25,220] {logging_mixin.py:104} INFO - [2023-08-20 11:42:25,220] {dag.py:1824} INFO - Sync 1 DAGs
[2023-08-20 11:42:25,238] {logging_mixin.py:104} INFO - [2023-08-20 11:42:25,237] {dag.py:2280} INFO - Setting next_dagrun for example_dag_decorator to None
[2023-08-20 11:42:25,254] {scheduler_job.py:190} INFO - Processing /home/airflow/.local/lib/python3.6/site-packages/airflow/example_dags/example_dag_decorator.py took 0.092 seconds
[2023-08-20 11:42:55,347] {scheduler_job.py:182} INFO - Started process (PID=176) to work on /home/airflow/.local/lib/python3.6/site-packages/airflow/example_dags/example_dag_decorator.py
[2023-08-20 11:42:55,350] {scheduler_job.py:629} INFO - Processing file /home/airflow/.local/lib/python3.6/site-packages/airflow/example_dags/example_dag_decorator.py for tasks to queue
[2023-08-20 11:42:55,352] {logging_mixin.py:104} INFO - [2023-08-20 11:42:55,351] {dagbag.py:451} INFO - Filling up the DagBag from /home/airflow/.local/lib/python3.6/site-packages/airflow/example_dags/example_dag_decorator.py
[2023-08-20 11:42:55,374] {scheduler_job.py:639} INFO - DAG(s) dict_keys(['example_dag_decorator']) retrieved from /home/airflow/.local/lib/python3.6/site-packages/airflow/example_dags/example_dag_decorator.py
[2023-08-20 11:42:55,409] {logging_mixin.py:104} INFO - [2023-08-20 11:42:55,409] {dag.py:1824} INFO - Sync 1 DAGs
[2023-08-20 11:42:55,428] {logging_mixin.py:104} INFO - [2023-08-20 11:42:55,428] {dag.py:2280} INFO - Setting next_dagrun for example_dag_decorator to None
[2023-08-20 11:42:55,446] {scheduler_job.py:190} INFO - Processing /home/airflow/.local/lib/python3.6/site-packages/airflow/example_dags/example_dag_decorator.py took 0.102 seconds
[2023-08-20 11:43:26,065] {scheduler_job.py:182} INFO - Started process (PID=203) to work on /home/airflow/.local/lib/python3.6/site-packages/airflow/example_dags/example_dag_decorator.py
[2023-08-20 11:43:26,067] {scheduler_job.py:629} INFO - Processing file /home/airflow/.local/lib/python3.6/site-packages/airflow/example_dags/example_dag_decorator.py for tasks to queue
[2023-08-20 11:43:26,068] {logging_mixin.py:104} INFO - [2023-08-20 11:43:26,068] {dagbag.py:451} INFO - Filling up the DagBag from /home/airflow/.local/lib/python3.6/site-packages/airflow/example_dags/example_dag_decorator.py
[2023-08-20 11:43:26,091] {scheduler_job.py:639} INFO - DAG(s) dict_keys(['example_dag_decorator']) retrieved from /home/airflow/.local/lib/python3.6/site-packages/airflow/example_dags/example_dag_decorator.py
[2023-08-20 11:43:26,118] {logging_mixin.py:104} INFO - [2023-08-20 11:43:26,118] {dag.py:1824} INFO - Sync 1 DAGs
[2023-08-20 11:43:26,137] {logging_mixin.py:104} INFO - [2023-08-20 11:43:26,137] {dag.py:2280} INFO - Setting next_dagrun for example_dag_decorator to None
[2023-08-20 11:43:26,155] {scheduler_job.py:190} INFO - Processing /home/airflow/.local/lib/python3.6/site-packages/airflow/example_dags/example_dag_decorator.py took 0.094 seconds
[2023-08-20 11:43:57,033] {scheduler_job.py:182} INFO - Started process (PID=230) to work on /home/airflow/.local/lib/python3.6/site-packages/airflow/example_dags/example_dag_decorator.py
[2023-08-20 11:43:57,035] {scheduler_job.py:629} INFO - Processing file /home/airflow/.local/lib/python3.6/site-packages/airflow/example_dags/example_dag_decorator.py for tasks to queue
[2023-08-20 11:43:57,037] {logging_mixin.py:104} INFO - [2023-08-20 11:43:57,036] {dagbag.py:451} INFO - Filling up the DagBag from /home/airflow/.local/lib/python3.6/site-packages/airflow/example_dags/example_dag_decorator.py
[2023-08-20 11:43:57,060] {scheduler_job.py:639} INFO - DAG(s) dict_keys(['example_dag_decorator']) retrieved from /home/airflow/.local/lib/python3.6/site-packages/airflow/example_dags/example_dag_decorator.py
[2023-08-20 11:43:57,090] {logging_mixin.py:104} INFO - [2023-08-20 11:43:57,090] {dag.py:1824} INFO - Sync 1 DAGs
[2023-08-20 11:43:57,108] {logging_mixin.py:104} INFO - [2023-08-20 11:43:57,108] {dag.py:2280} INFO - Setting next_dagrun for example_dag_decorator to None
[2023-08-20 11:43:57,128] {scheduler_job.py:190} INFO - Processing /home/airflow/.local/lib/python3.6/site-packages/airflow/example_dags/example_dag_decorator.py took 0.102 seconds
[2023-08-20 11:44:27,738] {scheduler_job.py:182} INFO - Started process (PID=255) to work on /home/airflow/.local/lib/python3.6/site-packages/airflow/example_dags/example_dag_decorator.py
[2023-08-20 11:44:27,740] {scheduler_job.py:629} INFO - Processing file /home/airflow/.local/lib/python3.6/site-packages/airflow/example_dags/example_dag_decorator.py for tasks to queue
[2023-08-20 11:44:27,742] {logging_mixin.py:104} INFO - [2023-08-20 11:44:27,742] {dagbag.py:451} INFO - Filling up the DagBag from /home/airflow/.local/lib/python3.6/site-packages/airflow/example_dags/example_dag_decorator.py
[2023-08-20 11:44:27,763] {scheduler_job.py:639} INFO - DAG(s) dict_keys(['example_dag_decorator']) retrieved from /home/airflow/.local/lib/python3.6/site-packages/airflow/example_dags/example_dag_decorator.py
[2023-08-20 11:44:27,795] {logging_mixin.py:104} INFO - [2023-08-20 11:44:27,795] {dag.py:1824} INFO - Sync 1 DAGs
[2023-08-20 11:44:27,815] {logging_mixin.py:104} INFO - [2023-08-20 11:44:27,815] {dag.py:2280} INFO - Setting next_dagrun for example_dag_decorator to None
[2023-08-20 11:44:27,837] {scheduler_job.py:190} INFO - Processing /home/airflow/.local/lib/python3.6/site-packages/airflow/example_dags/example_dag_decorator.py took 0.102 seconds
[2023-08-20 11:44:58,535] {scheduler_job.py:182} INFO - Started process (PID=281) to work on /home/airflow/.local/lib/python3.6/site-packages/airflow/example_dags/example_dag_decorator.py
[2023-08-20 11:44:58,537] {scheduler_job.py:629} INFO - Processing file /home/airflow/.local/lib/python3.6/site-packages/airflow/example_dags/example_dag_decorator.py for tasks to queue
[2023-08-20 11:44:58,538] {logging_mixin.py:104} INFO - [2023-08-20 11:44:58,538] {dagbag.py:451} INFO - Filling up the DagBag from /home/airflow/.local/lib/python3.6/site-packages/airflow/example_dags/example_dag_decorator.py
[2023-08-20 11:44:58,563] {scheduler_job.py:639} INFO - DAG(s) dict_keys(['example_dag_decorator']) retrieved from /home/airflow/.local/lib/python3.6/site-packages/airflow/example_dags/example_dag_decorator.py
[2023-08-20 11:44:58,589] {logging_mixin.py:104} INFO - [2023-08-20 11:44:58,589] {dag.py:1824} INFO - Sync 1 DAGs
[2023-08-20 11:44:58,606] {logging_mixin.py:104} INFO - [2023-08-20 11:44:58,606] {dag.py:2280} INFO - Setting next_dagrun for example_dag_decorator to None
[2023-08-20 11:44:58,624] {scheduler_job.py:190} INFO - Processing /home/airflow/.local/lib/python3.6/site-packages/airflow/example_dags/example_dag_decorator.py took 0.093 seconds
[2023-08-20 11:45:29,341] {scheduler_job.py:182} INFO - Started process (PID=307) to work on /home/airflow/.local/lib/python3.6/site-packages/airflow/example_dags/example_dag_decorator.py
[2023-08-20 11:45:29,343] {scheduler_job.py:629} INFO - Processing file /home/airflow/.local/lib/python3.6/site-packages/airflow/example_dags/example_dag_decorator.py for tasks to queue
[2023-08-20 11:45:29,344] {logging_mixin.py:104} INFO - [2023-08-20 11:45:29,344] {dagbag.py:451} INFO - Filling up the DagBag from /home/airflow/.local/lib/python3.6/site-packages/airflow/example_dags/example_dag_decorator.py
[2023-08-20 11:45:29,364] {scheduler_job.py:639} INFO - DAG(s) dict_keys(['example_dag_decorator']) retrieved from /home/airflow/.local/lib/python3.6/site-packages/airflow/example_dags/example_dag_decorator.py
[2023-08-20 11:45:29,389] {logging_mixin.py:104} INFO - [2023-08-20 11:45:29,388] {dag.py:1824} INFO - Sync 1 DAGs
[2023-08-20 11:45:29,406] {logging_mixin.py:104} INFO - [2023-08-20 11:45:29,406] {dag.py:2280} INFO - Setting next_dagrun for example_dag_decorator to None
[2023-08-20 11:45:29,422] {scheduler_job.py:190} INFO - Processing /home/airflow/.local/lib/python3.6/site-packages/airflow/example_dags/example_dag_decorator.py took 0.085 seconds
[2023-08-20 11:45:59,558] {scheduler_job.py:182} INFO - Started process (PID=332) to work on /home/airflow/.local/lib/python3.6/site-packages/airflow/example_dags/example_dag_decorator.py
[2023-08-20 11:45:59,560] {scheduler_job.py:629} INFO - Processing file /home/airflow/.local/lib/python3.6/site-packages/airflow/example_dags/example_dag_decorator.py for tasks to queue
[2023-08-20 11:45:59,562] {logging_mixin.py:104} INFO - [2023-08-20 11:45:59,562] {dagbag.py:451} INFO - Filling up the DagBag from /home/airflow/.local/lib/python3.6/site-packages/airflow/example_dags/example_dag_decorator.py
[2023-08-20 11:45:59,581] {scheduler_job.py:639} INFO - DAG(s) dict_keys(['example_dag_decorator']) retrieved from /home/airflow/.local/lib/python3.6/site-packages/airflow/example_dags/example_dag_decorator.py
[2023-08-20 11:45:59,610] {logging_mixin.py:104} INFO - [2023-08-20 11:45:59,609] {dag.py:1824} INFO - Sync 1 DAGs
[2023-08-20 11:45:59,624] {logging_mixin.py:104} INFO - [2023-08-20 11:45:59,624] {dag.py:2280} INFO - Setting next_dagrun for example_dag_decorator to None
[2023-08-20 11:45:59,641] {scheduler_job.py:190} INFO - Processing /home/airflow/.local/lib/python3.6/site-packages/airflow/example_dags/example_dag_decorator.py took 0.086 seconds
[2023-08-20 11:46:30,604] {scheduler_job.py:182} INFO - Started process (PID=359) to work on /home/airflow/.local/lib/python3.6/site-packages/airflow/example_dags/example_dag_decorator.py
[2023-08-20 11:46:30,606] {scheduler_job.py:629} INFO - Processing file /home/airflow/.local/lib/python3.6/site-packages/airflow/example_dags/example_dag_decorator.py for tasks to queue
[2023-08-20 11:46:30,607] {logging_mixin.py:104} INFO - [2023-08-20 11:46:30,607] {dagbag.py:451} INFO - Filling up the DagBag from /home/airflow/.local/lib/python3.6/site-packages/airflow/example_dags/example_dag_decorator.py
[2023-08-20 11:46:30,628] {scheduler_job.py:639} INFO - DAG(s) dict_keys(['example_dag_decorator']) retrieved from /home/airflow/.local/lib/python3.6/site-packages/airflow/example_dags/example_dag_decorator.py
[2023-08-20 11:46:30,655] {logging_mixin.py:104} INFO - [2023-08-20 11:46:30,655] {dag.py:1824} INFO - Sync 1 DAGs
[2023-08-20 11:46:30,671] {logging_mixin.py:104} INFO - [2023-08-20 11:46:30,671] {dag.py:2280} INFO - Setting next_dagrun for example_dag_decorator to None
[2023-08-20 11:46:30,684] {scheduler_job.py:190} INFO - Processing /home/airflow/.local/lib/python3.6/site-packages/airflow/example_dags/example_dag_decorator.py took 0.084 seconds
[2023-08-20 11:47:01,375] {scheduler_job.py:182} INFO - Started process (PID=384) to work on /home/airflow/.local/lib/python3.6/site-packages/airflow/example_dags/example_dag_decorator.py
[2023-08-20 11:47:01,378] {scheduler_job.py:629} INFO - Processing file /home/airflow/.local/lib/python3.6/site-packages/airflow/example_dags/example_dag_decorator.py for tasks to queue
[2023-08-20 11:47:01,380] {logging_mixin.py:104} INFO - [2023-08-20 11:47:01,380] {dagbag.py:451} INFO - Filling up the DagBag from /home/airflow/.local/lib/python3.6/site-packages/airflow/example_dags/example_dag_decorator.py
[2023-08-20 11:47:01,406] {scheduler_job.py:639} INFO - DAG(s) dict_keys(['example_dag_decorator']) retrieved from /home/airflow/.local/lib/python3.6/site-packages/airflow/example_dags/example_dag_decorator.py
[2023-08-20 11:47:01,439] {logging_mixin.py:104} INFO - [2023-08-20 11:47:01,439] {dag.py:1824} INFO - Sync 1 DAGs
[2023-08-20 11:47:01,458] {logging_mixin.py:104} INFO - [2023-08-20 11:47:01,458] {dag.py:2280} INFO - Setting next_dagrun for example_dag_decorator to None
[2023-08-20 11:47:01,476] {scheduler_job.py:190} INFO - Processing /home/airflow/.local/lib/python3.6/site-packages/airflow/example_dags/example_dag_decorator.py took 0.104 seconds
[2023-08-20 11:47:32,254] {scheduler_job.py:182} INFO - Started process (PID=410) to work on /home/airflow/.local/lib/python3.6/site-packages/airflow/example_dags/example_dag_decorator.py
[2023-08-20 11:47:32,260] {scheduler_job.py:629} INFO - Processing file /home/airflow/.local/lib/python3.6/site-packages/airflow/example_dags/example_dag_decorator.py for tasks to queue
[2023-08-20 11:47:32,262] {logging_mixin.py:104} INFO - [2023-08-20 11:47:32,262] {dagbag.py:451} INFO - Filling up the DagBag from /home/airflow/.local/lib/python3.6/site-packages/airflow/example_dags/example_dag_decorator.py
[2023-08-20 11:47:32,280] {scheduler_job.py:639} INFO - DAG(s) dict_keys(['example_dag_decorator']) retrieved from /home/airflow/.local/lib/python3.6/site-packages/airflow/example_dags/example_dag_decorator.py
[2023-08-20 11:47:32,306] {logging_mixin.py:104} INFO - [2023-08-20 11:47:32,306] {dag.py:1824} INFO - Sync 1 DAGs
[2023-08-20 11:47:32,324] {logging_mixin.py:104} INFO - [2023-08-20 11:47:32,324] {dag.py:2280} INFO - Setting next_dagrun for example_dag_decorator to None
[2023-08-20 11:47:32,342] {scheduler_job.py:190} INFO - Processing /home/airflow/.local/lib/python3.6/site-packages/airflow/example_dags/example_dag_decorator.py took 0.091 seconds
[2023-08-20 11:48:02,526] {scheduler_job.py:182} INFO - Started process (PID=436) to work on /home/airflow/.local/lib/python3.6/site-packages/airflow/example_dags/example_dag_decorator.py
[2023-08-20 11:48:02,528] {scheduler_job.py:629} INFO - Processing file /home/airflow/.local/lib/python3.6/site-packages/airflow/example_dags/example_dag_decorator.py for tasks to queue
[2023-08-20 11:48:02,530] {logging_mixin.py:104} INFO - [2023-08-20 11:48:02,530] {dagbag.py:451} INFO - Filling up the DagBag from /home/airflow/.local/lib/python3.6/site-packages/airflow/example_dags/example_dag_decorator.py
[2023-08-20 11:48:02,549] {scheduler_job.py:639} INFO - DAG(s) dict_keys(['example_dag_decorator']) retrieved from /home/airflow/.local/lib/python3.6/site-packages/airflow/example_dags/example_dag_decorator.py
[2023-08-20 11:48:02,579] {logging_mixin.py:104} INFO - [2023-08-20 11:48:02,579] {dag.py:1824} INFO - Sync 1 DAGs
[2023-08-20 11:48:02,598] {logging_mixin.py:104} INFO - [2023-08-20 11:48:02,598] {dag.py:2280} INFO - Setting next_dagrun for example_dag_decorator to None
[2023-08-20 11:48:02,611] {scheduler_job.py:190} INFO - Processing /home/airflow/.local/lib/python3.6/site-packages/airflow/example_dags/example_dag_decorator.py took 0.089 seconds
[2023-08-20 11:48:32,681] {scheduler_job.py:182} INFO - Started process (PID=460) to work on /home/airflow/.local/lib/python3.6/site-packages/airflow/example_dags/example_dag_decorator.py
[2023-08-20 11:48:32,686] {scheduler_job.py:629} INFO - Processing file /home/airflow/.local/lib/python3.6/site-packages/airflow/example_dags/example_dag_decorator.py for tasks to queue
[2023-08-20 11:48:32,688] {logging_mixin.py:104} INFO - [2023-08-20 11:48:32,688] {dagbag.py:451} INFO - Filling up the DagBag from /home/airflow/.local/lib/python3.6/site-packages/airflow/example_dags/example_dag_decorator.py
[2023-08-20 11:48:32,710] {scheduler_job.py:639} INFO - DAG(s) dict_keys(['example_dag_decorator']) retrieved from /home/airflow/.local/lib/python3.6/site-packages/airflow/example_dags/example_dag_decorator.py
[2023-08-20 11:48:32,743] {logging_mixin.py:104} INFO - [2023-08-20 11:48:32,743] {dag.py:1824} INFO - Sync 1 DAGs
[2023-08-20 11:48:32,760] {logging_mixin.py:104} INFO - [2023-08-20 11:48:32,760] {dag.py:2280} INFO - Setting next_dagrun for example_dag_decorator to None
[2023-08-20 11:48:32,775] {scheduler_job.py:190} INFO - Processing /home/airflow/.local/lib/python3.6/site-packages/airflow/example_dags/example_dag_decorator.py took 0.100 seconds
[2023-08-20 11:49:03,713] {scheduler_job.py:182} INFO - Started process (PID=488) to work on /home/airflow/.local/lib/python3.6/site-packages/airflow/example_dags/example_dag_decorator.py
[2023-08-20 11:49:03,715] {scheduler_job.py:629} INFO - Processing file /home/airflow/.local/lib/python3.6/site-packages/airflow/example_dags/example_dag_decorator.py for tasks to queue
[2023-08-20 11:49:03,717] {logging_mixin.py:104} INFO - [2023-08-20 11:49:03,717] {dagbag.py:451} INFO - Filling up the DagBag from /home/airflow/.local/lib/python3.6/site-packages/airflow/example_dags/example_dag_decorator.py
[2023-08-20 11:49:03,746] {scheduler_job.py:639} INFO - DAG(s) dict_keys(['example_dag_decorator']) retrieved from /home/airflow/.local/lib/python3.6/site-packages/airflow/example_dags/example_dag_decorator.py
[2023-08-20 11:49:03,787] {logging_mixin.py:104} INFO - [2023-08-20 11:49:03,787] {dag.py:1824} INFO - Sync 1 DAGs
[2023-08-20 11:49:03,810] {logging_mixin.py:104} INFO - [2023-08-20 11:49:03,809] {dag.py:2280} INFO - Setting next_dagrun for example_dag_decorator to None
[2023-08-20 11:49:03,831] {scheduler_job.py:190} INFO - Processing /home/airflow/.local/lib/python3.6/site-packages/airflow/example_dags/example_dag_decorator.py took 0.125 seconds
[2023-08-20 11:49:34,196] {scheduler_job.py:182} INFO - Started process (PID=514) to work on /home/airflow/.local/lib/python3.6/site-packages/airflow/example_dags/example_dag_decorator.py
[2023-08-20 11:49:34,199] {scheduler_job.py:629} INFO - Processing file /home/airflow/.local/lib/python3.6/site-packages/airflow/example_dags/example_dag_decorator.py for tasks to queue
[2023-08-20 11:49:34,200] {logging_mixin.py:104} INFO - [2023-08-20 11:49:34,200] {dagbag.py:451} INFO - Filling up the DagBag from /home/airflow/.local/lib/python3.6/site-packages/airflow/example_dags/example_dag_decorator.py
[2023-08-20 11:49:34,217] {scheduler_job.py:639} INFO - DAG(s) dict_keys(['example_dag_decorator']) retrieved from /home/airflow/.local/lib/python3.6/site-packages/airflow/example_dags/example_dag_decorator.py
[2023-08-20 11:49:34,247] {logging_mixin.py:104} INFO - [2023-08-20 11:49:34,247] {dag.py:1824} INFO - Sync 1 DAGs
[2023-08-20 11:49:34,265] {logging_mixin.py:104} INFO - [2023-08-20 11:49:34,265] {dag.py:2280} INFO - Setting next_dagrun for example_dag_decorator to None
[2023-08-20 11:49:34,282] {scheduler_job.py:190} INFO - Processing /home/airflow/.local/lib/python3.6/site-packages/airflow/example_dags/example_dag_decorator.py took 0.090 seconds
[2023-08-20 11:50:04,976] {scheduler_job.py:182} INFO - Started process (PID=540) to work on /home/airflow/.local/lib/python3.6/site-packages/airflow/example_dags/example_dag_decorator.py
[2023-08-20 11:50:04,979] {scheduler_job.py:629} INFO - Processing file /home/airflow/.local/lib/python3.6/site-packages/airflow/example_dags/example_dag_decorator.py for tasks to queue
[2023-08-20 11:50:04,981] {logging_mixin.py:104} INFO - [2023-08-20 11:50:04,981] {dagbag.py:451} INFO - Filling up the DagBag from /home/airflow/.local/lib/python3.6/site-packages/airflow/example_dags/example_dag_decorator.py
[2023-08-20 11:50:05,007] {scheduler_job.py:639} INFO - DAG(s) dict_keys(['example_dag_decorator']) retrieved from /home/airflow/.local/lib/python3.6/site-packages/airflow/example_dags/example_dag_decorator.py
[2023-08-20 11:50:05,039] {logging_mixin.py:104} INFO - [2023-08-20 11:50:05,039] {dag.py:1824} INFO - Sync 1 DAGs
[2023-08-20 11:50:05,058] {logging_mixin.py:104} INFO - [2023-08-20 11:50:05,058] {dag.py:2280} INFO - Setting next_dagrun for example_dag_decorator to None
[2023-08-20 11:50:05,082] {scheduler_job.py:190} INFO - Processing /home/airflow/.local/lib/python3.6/site-packages/airflow/example_dags/example_dag_decorator.py took 0.109 seconds
[2023-08-20 11:50:35,690] {scheduler_job.py:182} INFO - Started process (PID=566) to work on /home/airflow/.local/lib/python3.6/site-packages/airflow/example_dags/example_dag_decorator.py
[2023-08-20 11:50:35,691] {scheduler_job.py:629} INFO - Processing file /home/airflow/.local/lib/python3.6/site-packages/airflow/example_dags/example_dag_decorator.py for tasks to queue
[2023-08-20 11:50:35,693] {logging_mixin.py:104} INFO - [2023-08-20 11:50:35,692] {dagbag.py:451} INFO - Filling up the DagBag from /home/airflow/.local/lib/python3.6/site-packages/airflow/example_dags/example_dag_decorator.py
[2023-08-20 11:50:35,713] {scheduler_job.py:639} INFO - DAG(s) dict_keys(['example_dag_decorator']) retrieved from /home/airflow/.local/lib/python3.6/site-packages/airflow/example_dags/example_dag_decorator.py
[2023-08-20 11:50:35,747] {logging_mixin.py:104} INFO - [2023-08-20 11:50:35,747] {dag.py:1824} INFO - Sync 1 DAGs
[2023-08-20 11:50:35,766] {logging_mixin.py:104} INFO - [2023-08-20 11:50:35,765] {dag.py:2280} INFO - Setting next_dagrun for example_dag_decorator to None
[2023-08-20 11:50:35,783] {scheduler_job.py:190} INFO - Processing /home/airflow/.local/lib/python3.6/site-packages/airflow/example_dags/example_dag_decorator.py took 0.097 seconds
[2023-08-20 11:51:06,299] {scheduler_job.py:182} INFO - Started process (PID=592) to work on /home/airflow/.local/lib/python3.6/site-packages/airflow/example_dags/example_dag_decorator.py
[2023-08-20 11:51:06,301] {scheduler_job.py:629} INFO - Processing file /home/airflow/.local/lib/python3.6/site-packages/airflow/example_dags/example_dag_decorator.py for tasks to queue
[2023-08-20 11:51:06,302] {logging_mixin.py:104} INFO - [2023-08-20 11:51:06,302] {dagbag.py:451} INFO - Filling up the DagBag from /home/airflow/.local/lib/python3.6/site-packages/airflow/example_dags/example_dag_decorator.py
[2023-08-20 11:51:06,322] {scheduler_job.py:639} INFO - DAG(s) dict_keys(['example_dag_decorator']) retrieved from /home/airflow/.local/lib/python3.6/site-packages/airflow/example_dags/example_dag_decorator.py
[2023-08-20 11:51:06,348] {logging_mixin.py:104} INFO - [2023-08-20 11:51:06,348] {dag.py:1824} INFO - Sync 1 DAGs
[2023-08-20 11:51:06,364] {logging_mixin.py:104} INFO - [2023-08-20 11:51:06,364] {dag.py:2280} INFO - Setting next_dagrun for example_dag_decorator to None
[2023-08-20 11:51:06,380] {scheduler_job.py:190} INFO - Processing /home/airflow/.local/lib/python3.6/site-packages/airflow/example_dags/example_dag_decorator.py took 0.085 seconds
[2023-08-20 11:51:36,970] {scheduler_job.py:182} INFO - Started process (PID=618) to work on /home/airflow/.local/lib/python3.6/site-packages/airflow/example_dags/example_dag_decorator.py
[2023-08-20 11:51:36,971] {scheduler_job.py:629} INFO - Processing file /home/airflow/.local/lib/python3.6/site-packages/airflow/example_dags/example_dag_decorator.py for tasks to queue
[2023-08-20 11:51:36,973] {logging_mixin.py:104} INFO - [2023-08-20 11:51:36,973] {dagbag.py:451} INFO - Filling up the DagBag from /home/airflow/.local/lib/python3.6/site-packages/airflow/example_dags/example_dag_decorator.py
[2023-08-20 11:51:36,998] {scheduler_job.py:639} INFO - DAG(s) dict_keys(['example_dag_decorator']) retrieved from /home/airflow/.local/lib/python3.6/site-packages/airflow/example_dags/example_dag_decorator.py
[2023-08-20 11:51:37,031] {logging_mixin.py:104} INFO - [2023-08-20 11:51:37,031] {dag.py:1824} INFO - Sync 1 DAGs
[2023-08-20 11:51:37,050] {logging_mixin.py:104} INFO - [2023-08-20 11:51:37,050] {dag.py:2280} INFO - Setting next_dagrun for example_dag_decorator to None
[2023-08-20 11:51:37,069] {scheduler_job.py:190} INFO - Processing /home/airflow/.local/lib/python3.6/site-packages/airflow/example_dags/example_dag_decorator.py took 0.104 seconds
[2023-08-20 11:52:08,002] {scheduler_job.py:182} INFO - Started process (PID=645) to work on /home/airflow/.local/lib/python3.6/site-packages/airflow/example_dags/example_dag_decorator.py
[2023-08-20 11:52:08,004] {scheduler_job.py:629} INFO - Processing file /home/airflow/.local/lib/python3.6/site-packages/airflow/example_dags/example_dag_decorator.py for tasks to queue
[2023-08-20 11:52:08,005] {logging_mixin.py:104} INFO - [2023-08-20 11:52:08,005] {dagbag.py:451} INFO - Filling up the DagBag from /home/airflow/.local/lib/python3.6/site-packages/airflow/example_dags/example_dag_decorator.py
[2023-08-20 11:52:08,025] {scheduler_job.py:639} INFO - DAG(s) dict_keys(['example_dag_decorator']) retrieved from /home/airflow/.local/lib/python3.6/site-packages/airflow/example_dags/example_dag_decorator.py
[2023-08-20 11:52:08,057] {logging_mixin.py:104} INFO - [2023-08-20 11:52:08,057] {dag.py:1824} INFO - Sync 1 DAGs
[2023-08-20 11:52:08,077] {logging_mixin.py:104} INFO - [2023-08-20 11:52:08,077] {dag.py:2280} INFO - Setting next_dagrun for example_dag_decorator to None
[2023-08-20 11:52:08,096] {scheduler_job.py:190} INFO - Processing /home/airflow/.local/lib/python3.6/site-packages/airflow/example_dags/example_dag_decorator.py took 0.097 seconds
[2023-08-20 11:52:38,578] {scheduler_job.py:182} INFO - Started process (PID=670) to work on /home/airflow/.local/lib/python3.6/site-packages/airflow/example_dags/example_dag_decorator.py
[2023-08-20 11:52:38,581] {scheduler_job.py:629} INFO - Processing file /home/airflow/.local/lib/python3.6/site-packages/airflow/example_dags/example_dag_decorator.py for tasks to queue
[2023-08-20 11:52:38,583] {logging_mixin.py:104} INFO - [2023-08-20 11:52:38,583] {dagbag.py:451} INFO - Filling up the DagBag from /home/airflow/.local/lib/python3.6/site-packages/airflow/example_dags/example_dag_decorator.py
[2023-08-20 11:52:38,607] {scheduler_job.py:639} INFO - DAG(s) dict_keys(['example_dag_decorator']) retrieved from /home/airflow/.local/lib/python3.6/site-packages/airflow/example_dags/example_dag_decorator.py
[2023-08-20 11:52:38,648] {logging_mixin.py:104} INFO - [2023-08-20 11:52:38,648] {dag.py:1824} INFO - Sync 1 DAGs
[2023-08-20 11:52:38,667] {logging_mixin.py:104} INFO - [2023-08-20 11:52:38,667] {dag.py:2280} INFO - Setting next_dagrun for example_dag_decorator to None
[2023-08-20 11:52:38,685] {scheduler_job.py:190} INFO - Processing /home/airflow/.local/lib/python3.6/site-packages/airflow/example_dags/example_dag_decorator.py took 0.111 seconds
[2023-08-20 11:53:09,441] {scheduler_job.py:182} INFO - Started process (PID=696) to work on /home/airflow/.local/lib/python3.6/site-packages/airflow/example_dags/example_dag_decorator.py
[2023-08-20 11:53:09,443] {scheduler_job.py:629} INFO - Processing file /home/airflow/.local/lib/python3.6/site-packages/airflow/example_dags/example_dag_decorator.py for tasks to queue
[2023-08-20 11:53:09,444] {logging_mixin.py:104} INFO - [2023-08-20 11:53:09,444] {dagbag.py:451} INFO - Filling up the DagBag from /home/airflow/.local/lib/python3.6/site-packages/airflow/example_dags/example_dag_decorator.py
[2023-08-20 11:53:09,465] {scheduler_job.py:639} INFO - DAG(s) dict_keys(['example_dag_decorator']) retrieved from /home/airflow/.local/lib/python3.6/site-packages/airflow/example_dags/example_dag_decorator.py
[2023-08-20 11:53:09,497] {logging_mixin.py:104} INFO - [2023-08-20 11:53:09,497] {dag.py:1824} INFO - Sync 1 DAGs
[2023-08-20 11:53:09,517] {logging_mixin.py:104} INFO - [2023-08-20 11:53:09,517] {dag.py:2280} INFO - Setting next_dagrun for example_dag_decorator to None
[2023-08-20 11:53:09,536] {scheduler_job.py:190} INFO - Processing /home/airflow/.local/lib/python3.6/site-packages/airflow/example_dags/example_dag_decorator.py took 0.099 seconds
[2023-08-20 11:53:40,335] {scheduler_job.py:182} INFO - Started process (PID=722) to work on /home/airflow/.local/lib/python3.6/site-packages/airflow/example_dags/example_dag_decorator.py
[2023-08-20 11:53:40,337] {scheduler_job.py:629} INFO - Processing file /home/airflow/.local/lib/python3.6/site-packages/airflow/example_dags/example_dag_decorator.py for tasks to queue
[2023-08-20 11:53:40,338] {logging_mixin.py:104} INFO - [2023-08-20 11:53:40,338] {dagbag.py:451} INFO - Filling up the DagBag from /home/airflow/.local/lib/python3.6/site-packages/airflow/example_dags/example_dag_decorator.py
[2023-08-20 11:53:40,358] {scheduler_job.py:639} INFO - DAG(s) dict_keys(['example_dag_decorator']) retrieved from /home/airflow/.local/lib/python3.6/site-packages/airflow/example_dags/example_dag_decorator.py
[2023-08-20 11:53:40,387] {logging_mixin.py:104} INFO - [2023-08-20 11:53:40,387] {dag.py:1824} INFO - Sync 1 DAGs
[2023-08-20 11:53:40,405] {logging_mixin.py:104} INFO - [2023-08-20 11:53:40,405] {dag.py:2280} INFO - Setting next_dagrun for example_dag_decorator to None
[2023-08-20 11:53:40,425] {scheduler_job.py:190} INFO - Processing /home/airflow/.local/lib/python3.6/site-packages/airflow/example_dags/example_dag_decorator.py took 0.094 seconds
[2023-08-20 11:54:11,199] {scheduler_job.py:182} INFO - Started process (PID=748) to work on /home/airflow/.local/lib/python3.6/site-packages/airflow/example_dags/example_dag_decorator.py
[2023-08-20 11:54:11,201] {scheduler_job.py:629} INFO - Processing file /home/airflow/.local/lib/python3.6/site-packages/airflow/example_dags/example_dag_decorator.py for tasks to queue
[2023-08-20 11:54:11,203] {logging_mixin.py:104} INFO - [2023-08-20 11:54:11,203] {dagbag.py:451} INFO - Filling up the DagBag from /home/airflow/.local/lib/python3.6/site-packages/airflow/example_dags/example_dag_decorator.py
[2023-08-20 11:54:11,223] {scheduler_job.py:639} INFO - DAG(s) dict_keys(['example_dag_decorator']) retrieved from /home/airflow/.local/lib/python3.6/site-packages/airflow/example_dags/example_dag_decorator.py
[2023-08-20 11:54:11,252] {logging_mixin.py:104} INFO - [2023-08-20 11:54:11,252] {dag.py:1824} INFO - Sync 1 DAGs
[2023-08-20 11:54:11,270] {logging_mixin.py:104} INFO - [2023-08-20 11:54:11,270] {dag.py:2280} INFO - Setting next_dagrun for example_dag_decorator to None
[2023-08-20 11:54:11,286] {scheduler_job.py:190} INFO - Processing /home/airflow/.local/lib/python3.6/site-packages/airflow/example_dags/example_dag_decorator.py took 0.091 seconds
[2023-08-20 11:54:42,149] {scheduler_job.py:182} INFO - Started process (PID=774) to work on /home/airflow/.local/lib/python3.6/site-packages/airflow/example_dags/example_dag_decorator.py
[2023-08-20 11:54:42,151] {scheduler_job.py:629} INFO - Processing file /home/airflow/.local/lib/python3.6/site-packages/airflow/example_dags/example_dag_decorator.py for tasks to queue
[2023-08-20 11:54:42,152] {logging_mixin.py:104} INFO - [2023-08-20 11:54:42,152] {dagbag.py:451} INFO - Filling up the DagBag from /home/airflow/.local/lib/python3.6/site-packages/airflow/example_dags/example_dag_decorator.py
[2023-08-20 11:54:42,176] {scheduler_job.py:639} INFO - DAG(s) dict_keys(['example_dag_decorator']) retrieved from /home/airflow/.local/lib/python3.6/site-packages/airflow/example_dags/example_dag_decorator.py
[2023-08-20 11:54:42,210] {logging_mixin.py:104} INFO - [2023-08-20 11:54:42,210] {dag.py:1824} INFO - Sync 1 DAGs
[2023-08-20 11:54:42,229] {logging_mixin.py:104} INFO - [2023-08-20 11:54:42,229] {dag.py:2280} INFO - Setting next_dagrun for example_dag_decorator to None
[2023-08-20 11:54:42,247] {scheduler_job.py:190} INFO - Processing /home/airflow/.local/lib/python3.6/site-packages/airflow/example_dags/example_dag_decorator.py took 0.102 seconds
[2023-08-20 11:55:12,997] {scheduler_job.py:182} INFO - Started process (PID=800) to work on /home/airflow/.local/lib/python3.6/site-packages/airflow/example_dags/example_dag_decorator.py
[2023-08-20 11:55:12,999] {scheduler_job.py:629} INFO - Processing file /home/airflow/.local/lib/python3.6/site-packages/airflow/example_dags/example_dag_decorator.py for tasks to queue
[2023-08-20 11:55:13,000] {logging_mixin.py:104} INFO - [2023-08-20 11:55:13,000] {dagbag.py:451} INFO - Filling up the DagBag from /home/airflow/.local/lib/python3.6/site-packages/airflow/example_dags/example_dag_decorator.py
[2023-08-20 11:55:13,020] {scheduler_job.py:639} INFO - DAG(s) dict_keys(['example_dag_decorator']) retrieved from /home/airflow/.local/lib/python3.6/site-packages/airflow/example_dags/example_dag_decorator.py
[2023-08-20 11:55:13,048] {logging_mixin.py:104} INFO - [2023-08-20 11:55:13,048] {dag.py:1824} INFO - Sync 1 DAGs
[2023-08-20 11:55:13,067] {logging_mixin.py:104} INFO - [2023-08-20 11:55:13,066] {dag.py:2280} INFO - Setting next_dagrun for example_dag_decorator to None
[2023-08-20 11:55:13,084] {scheduler_job.py:190} INFO - Processing /home/airflow/.local/lib/python3.6/site-packages/airflow/example_dags/example_dag_decorator.py took 0.091 seconds
[2023-08-20 11:55:43,604] {scheduler_job.py:182} INFO - Started process (PID=826) to work on /home/airflow/.local/lib/python3.6/site-packages/airflow/example_dags/example_dag_decorator.py
[2023-08-20 11:55:43,606] {scheduler_job.py:629} INFO - Processing file /home/airflow/.local/lib/python3.6/site-packages/airflow/example_dags/example_dag_decorator.py for tasks to queue
[2023-08-20 11:55:43,607] {logging_mixin.py:104} INFO - [2023-08-20 11:55:43,607] {dagbag.py:451} INFO - Filling up the DagBag from /home/airflow/.local/lib/python3.6/site-packages/airflow/example_dags/example_dag_decorator.py
[2023-08-20 11:55:43,626] {scheduler_job.py:639} INFO - DAG(s) dict_keys(['example_dag_decorator']) retrieved from /home/airflow/.local/lib/python3.6/site-packages/airflow/example_dags/example_dag_decorator.py
[2023-08-20 11:55:43,657] {logging_mixin.py:104} INFO - [2023-08-20 11:55:43,657] {dag.py:1824} INFO - Sync 1 DAGs
[2023-08-20 11:55:43,674] {logging_mixin.py:104} INFO - [2023-08-20 11:55:43,674] {dag.py:2280} INFO - Setting next_dagrun for example_dag_decorator to None
[2023-08-20 11:55:43,692] {scheduler_job.py:190} INFO - Processing /home/airflow/.local/lib/python3.6/site-packages/airflow/example_dags/example_dag_decorator.py took 0.092 seconds
[2023-08-20 11:56:14,367] {scheduler_job.py:182} INFO - Started process (PID=852) to work on /home/airflow/.local/lib/python3.6/site-packages/airflow/example_dags/example_dag_decorator.py
[2023-08-20 11:56:14,369] {scheduler_job.py:629} INFO - Processing file /home/airflow/.local/lib/python3.6/site-packages/airflow/example_dags/example_dag_decorator.py for tasks to queue
[2023-08-20 11:56:14,371] {logging_mixin.py:104} INFO - [2023-08-20 11:56:14,371] {dagbag.py:451} INFO - Filling up the DagBag from /home/airflow/.local/lib/python3.6/site-packages/airflow/example_dags/example_dag_decorator.py
[2023-08-20 11:56:14,393] {scheduler_job.py:639} INFO - DAG(s) dict_keys(['example_dag_decorator']) retrieved from /home/airflow/.local/lib/python3.6/site-packages/airflow/example_dags/example_dag_decorator.py
[2023-08-20 11:56:14,421] {logging_mixin.py:104} INFO - [2023-08-20 11:56:14,421] {dag.py:1824} INFO - Sync 1 DAGs
[2023-08-20 11:56:14,437] {logging_mixin.py:104} INFO - [2023-08-20 11:56:14,437] {dag.py:2280} INFO - Setting next_dagrun for example_dag_decorator to None
[2023-08-20 11:56:14,451] {scheduler_job.py:190} INFO - Processing /home/airflow/.local/lib/python3.6/site-packages/airflow/example_dags/example_dag_decorator.py took 0.087 seconds
[2023-08-20 11:56:44,877] {scheduler_job.py:182} INFO - Started process (PID=878) to work on /home/airflow/.local/lib/python3.6/site-packages/airflow/example_dags/example_dag_decorator.py
[2023-08-20 11:56:44,880] {scheduler_job.py:629} INFO - Processing file /home/airflow/.local/lib/python3.6/site-packages/airflow/example_dags/example_dag_decorator.py for tasks to queue
[2023-08-20 11:56:44,882] {logging_mixin.py:104} INFO - [2023-08-20 11:56:44,882] {dagbag.py:451} INFO - Filling up the DagBag from /home/airflow/.local/lib/python3.6/site-packages/airflow/example_dags/example_dag_decorator.py
[2023-08-20 11:56:44,910] {scheduler_job.py:639} INFO - DAG(s) dict_keys(['example_dag_decorator']) retrieved from /home/airflow/.local/lib/python3.6/site-packages/airflow/example_dags/example_dag_decorator.py
[2023-08-20 11:56:44,956] {logging_mixin.py:104} INFO - [2023-08-20 11:56:44,956] {dag.py:1824} INFO - Sync 1 DAGs
[2023-08-20 11:56:44,976] {logging_mixin.py:104} INFO - [2023-08-20 11:56:44,976] {dag.py:2280} INFO - Setting next_dagrun for example_dag_decorator to None
[2023-08-20 11:56:44,989] {scheduler_job.py:190} INFO - Processing /home/airflow/.local/lib/python3.6/site-packages/airflow/example_dags/example_dag_decorator.py took 0.118 seconds
[2023-08-20 11:57:15,547] {scheduler_job.py:182} INFO - Started process (PID=904) to work on /home/airflow/.local/lib/python3.6/site-packages/airflow/example_dags/example_dag_decorator.py
[2023-08-20 11:57:15,550] {scheduler_job.py:629} INFO - Processing file /home/airflow/.local/lib/python3.6/site-packages/airflow/example_dags/example_dag_decorator.py for tasks to queue
[2023-08-20 11:57:15,552] {logging_mixin.py:104} INFO - [2023-08-20 11:57:15,552] {dagbag.py:451} INFO - Filling up the DagBag from /home/airflow/.local/lib/python3.6/site-packages/airflow/example_dags/example_dag_decorator.py
[2023-08-20 11:57:15,575] {scheduler_job.py:639} INFO - DAG(s) dict_keys(['example_dag_decorator']) retrieved from /home/airflow/.local/lib/python3.6/site-packages/airflow/example_dags/example_dag_decorator.py
[2023-08-20 11:57:15,602] {logging_mixin.py:104} INFO - [2023-08-20 11:57:15,602] {dag.py:1824} INFO - Sync 1 DAGs
[2023-08-20 11:57:15,617] {logging_mixin.py:104} INFO - [2023-08-20 11:57:15,617] {dag.py:2280} INFO - Setting next_dagrun for example_dag_decorator to None
[2023-08-20 11:57:15,635] {scheduler_job.py:190} INFO - Processing /home/airflow/.local/lib/python3.6/site-packages/airflow/example_dags/example_dag_decorator.py took 0.093 seconds
[2023-08-20 11:57:46,243] {scheduler_job.py:182} INFO - Started process (PID=930) to work on /home/airflow/.local/lib/python3.6/site-packages/airflow/example_dags/example_dag_decorator.py
[2023-08-20 11:57:46,245] {scheduler_job.py:629} INFO - Processing file /home/airflow/.local/lib/python3.6/site-packages/airflow/example_dags/example_dag_decorator.py for tasks to queue
[2023-08-20 11:57:46,247] {logging_mixin.py:104} INFO - [2023-08-20 11:57:46,247] {dagbag.py:451} INFO - Filling up the DagBag from /home/airflow/.local/lib/python3.6/site-packages/airflow/example_dags/example_dag_decorator.py
[2023-08-20 11:57:46,265] {scheduler_job.py:639} INFO - DAG(s) dict_keys(['example_dag_decorator']) retrieved from /home/airflow/.local/lib/python3.6/site-packages/airflow/example_dags/example_dag_decorator.py
[2023-08-20 11:57:46,292] {logging_mixin.py:104} INFO - [2023-08-20 11:57:46,292] {dag.py:1824} INFO - Sync 1 DAGs
[2023-08-20 11:57:46,308] {logging_mixin.py:104} INFO - [2023-08-20 11:57:46,308] {dag.py:2280} INFO - Setting next_dagrun for example_dag_decorator to None
[2023-08-20 11:57:46,325] {scheduler_job.py:190} INFO - Processing /home/airflow/.local/lib/python3.6/site-packages/airflow/example_dags/example_dag_decorator.py took 0.086 seconds
[2023-08-20 11:58:16,754] {scheduler_job.py:182} INFO - Started process (PID=956) to work on /home/airflow/.local/lib/python3.6/site-packages/airflow/example_dags/example_dag_decorator.py
[2023-08-20 11:58:16,756] {scheduler_job.py:629} INFO - Processing file /home/airflow/.local/lib/python3.6/site-packages/airflow/example_dags/example_dag_decorator.py for tasks to queue
[2023-08-20 11:58:16,757] {logging_mixin.py:104} INFO - [2023-08-20 11:58:16,757] {dagbag.py:451} INFO - Filling up the DagBag from /home/airflow/.local/lib/python3.6/site-packages/airflow/example_dags/example_dag_decorator.py
[2023-08-20 11:58:16,774] {scheduler_job.py:639} INFO - DAG(s) dict_keys(['example_dag_decorator']) retrieved from /home/airflow/.local/lib/python3.6/site-packages/airflow/example_dags/example_dag_decorator.py
[2023-08-20 11:58:16,805] {logging_mixin.py:104} INFO - [2023-08-20 11:58:16,805] {dag.py:1824} INFO - Sync 1 DAGs
[2023-08-20 11:58:16,820] {logging_mixin.py:104} INFO - [2023-08-20 11:58:16,820] {dag.py:2280} INFO - Setting next_dagrun for example_dag_decorator to None
[2023-08-20 11:58:16,836] {scheduler_job.py:190} INFO - Processing /home/airflow/.local/lib/python3.6/site-packages/airflow/example_dags/example_dag_decorator.py took 0.085 seconds
[2023-08-20 11:58:47,249] {scheduler_job.py:182} INFO - Started process (PID=982) to work on /home/airflow/.local/lib/python3.6/site-packages/airflow/example_dags/example_dag_decorator.py
[2023-08-20 11:58:47,251] {scheduler_job.py:629} INFO - Processing file /home/airflow/.local/lib/python3.6/site-packages/airflow/example_dags/example_dag_decorator.py for tasks to queue
[2023-08-20 11:58:47,253] {logging_mixin.py:104} INFO - [2023-08-20 11:58:47,253] {dagbag.py:451} INFO - Filling up the DagBag from /home/airflow/.local/lib/python3.6/site-packages/airflow/example_dags/example_dag_decorator.py
[2023-08-20 11:58:47,269] {scheduler_job.py:639} INFO - DAG(s) dict_keys(['example_dag_decorator']) retrieved from /home/airflow/.local/lib/python3.6/site-packages/airflow/example_dags/example_dag_decorator.py
[2023-08-20 11:58:47,300] {logging_mixin.py:104} INFO - [2023-08-20 11:58:47,300] {dag.py:1824} INFO - Sync 1 DAGs
[2023-08-20 11:58:47,317] {logging_mixin.py:104} INFO - [2023-08-20 11:58:47,316] {dag.py:2280} INFO - Setting next_dagrun for example_dag_decorator to None
[2023-08-20 11:58:47,335] {scheduler_job.py:190} INFO - Processing /home/airflow/.local/lib/python3.6/site-packages/airflow/example_dags/example_dag_decorator.py took 0.089 seconds
[2023-08-20 11:59:17,867] {scheduler_job.py:182} INFO - Started process (PID=1008) to work on /home/airflow/.local/lib/python3.6/site-packages/airflow/example_dags/example_dag_decorator.py
[2023-08-20 11:59:17,869] {scheduler_job.py:629} INFO - Processing file /home/airflow/.local/lib/python3.6/site-packages/airflow/example_dags/example_dag_decorator.py for tasks to queue
[2023-08-20 11:59:17,870] {logging_mixin.py:104} INFO - [2023-08-20 11:59:17,870] {dagbag.py:451} INFO - Filling up the DagBag from /home/airflow/.local/lib/python3.6/site-packages/airflow/example_dags/example_dag_decorator.py
[2023-08-20 11:59:17,890] {scheduler_job.py:639} INFO - DAG(s) dict_keys(['example_dag_decorator']) retrieved from /home/airflow/.local/lib/python3.6/site-packages/airflow/example_dags/example_dag_decorator.py
[2023-08-20 11:59:17,921] {logging_mixin.py:104} INFO - [2023-08-20 11:59:17,921] {dag.py:1824} INFO - Sync 1 DAGs
[2023-08-20 11:59:17,938] {logging_mixin.py:104} INFO - [2023-08-20 11:59:17,938] {dag.py:2280} INFO - Setting next_dagrun for example_dag_decorator to None
[2023-08-20 11:59:17,955] {scheduler_job.py:190} INFO - Processing /home/airflow/.local/lib/python3.6/site-packages/airflow/example_dags/example_dag_decorator.py took 0.093 seconds
[2023-08-20 11:59:48,564] {scheduler_job.py:182} INFO - Started process (PID=1035) to work on /home/airflow/.local/lib/python3.6/site-packages/airflow/example_dags/example_dag_decorator.py
[2023-08-20 11:59:48,566] {scheduler_job.py:629} INFO - Processing file /home/airflow/.local/lib/python3.6/site-packages/airflow/example_dags/example_dag_decorator.py for tasks to queue
[2023-08-20 11:59:48,568] {logging_mixin.py:104} INFO - [2023-08-20 11:59:48,567] {dagbag.py:451} INFO - Filling up the DagBag from /home/airflow/.local/lib/python3.6/site-packages/airflow/example_dags/example_dag_decorator.py
[2023-08-20 11:59:48,585] {scheduler_job.py:639} INFO - DAG(s) dict_keys(['example_dag_decorator']) retrieved from /home/airflow/.local/lib/python3.6/site-packages/airflow/example_dags/example_dag_decorator.py
[2023-08-20 11:59:48,610] {logging_mixin.py:104} INFO - [2023-08-20 11:59:48,610] {dag.py:1824} INFO - Sync 1 DAGs
[2023-08-20 11:59:48,628] {logging_mixin.py:104} INFO - [2023-08-20 11:59:48,628] {dag.py:2280} INFO - Setting next_dagrun for example_dag_decorator to None
[2023-08-20 11:59:48,644] {scheduler_job.py:190} INFO - Processing /home/airflow/.local/lib/python3.6/site-packages/airflow/example_dags/example_dag_decorator.py took 0.085 seconds
[2023-08-20 12:00:19,308] {scheduler_job.py:182} INFO - Started process (PID=1062) to work on /home/airflow/.local/lib/python3.6/site-packages/airflow/example_dags/example_dag_decorator.py
[2023-08-20 12:00:19,309] {scheduler_job.py:629} INFO - Processing file /home/airflow/.local/lib/python3.6/site-packages/airflow/example_dags/example_dag_decorator.py for tasks to queue
[2023-08-20 12:00:19,310] {logging_mixin.py:104} INFO - [2023-08-20 12:00:19,310] {dagbag.py:451} INFO - Filling up the DagBag from /home/airflow/.local/lib/python3.6/site-packages/airflow/example_dags/example_dag_decorator.py
[2023-08-20 12:00:19,328] {scheduler_job.py:639} INFO - DAG(s) dict_keys(['example_dag_decorator']) retrieved from /home/airflow/.local/lib/python3.6/site-packages/airflow/example_dags/example_dag_decorator.py
[2023-08-20 12:00:19,354] {logging_mixin.py:104} INFO - [2023-08-20 12:00:19,354] {dag.py:1824} INFO - Sync 1 DAGs
[2023-08-20 12:00:19,372] {logging_mixin.py:104} INFO - [2023-08-20 12:00:19,371] {dag.py:2280} INFO - Setting next_dagrun for example_dag_decorator to None
[2023-08-20 12:00:19,386] {scheduler_job.py:190} INFO - Processing /home/airflow/.local/lib/python3.6/site-packages/airflow/example_dags/example_dag_decorator.py took 0.082 seconds
[2023-08-20 12:00:50,031] {scheduler_job.py:182} INFO - Started process (PID=1088) to work on /home/airflow/.local/lib/python3.6/site-packages/airflow/example_dags/example_dag_decorator.py
[2023-08-20 12:00:50,033] {scheduler_job.py:629} INFO - Processing file /home/airflow/.local/lib/python3.6/site-packages/airflow/example_dags/example_dag_decorator.py for tasks to queue
[2023-08-20 12:00:50,035] {logging_mixin.py:104} INFO - [2023-08-20 12:00:50,035] {dagbag.py:451} INFO - Filling up the DagBag from /home/airflow/.local/lib/python3.6/site-packages/airflow/example_dags/example_dag_decorator.py
[2023-08-20 12:00:50,055] {scheduler_job.py:639} INFO - DAG(s) dict_keys(['example_dag_decorator']) retrieved from /home/airflow/.local/lib/python3.6/site-packages/airflow/example_dags/example_dag_decorator.py
[2023-08-20 12:00:50,083] {logging_mixin.py:104} INFO - [2023-08-20 12:00:50,083] {dag.py:1824} INFO - Sync 1 DAGs
[2023-08-20 12:00:50,100] {logging_mixin.py:104} INFO - [2023-08-20 12:00:50,100] {dag.py:2280} INFO - Setting next_dagrun for example_dag_decorator to None
[2023-08-20 12:00:50,114] {scheduler_job.py:190} INFO - Processing /home/airflow/.local/lib/python3.6/site-packages/airflow/example_dags/example_dag_decorator.py took 0.086 seconds
[2023-08-20 12:01:20,578] {scheduler_job.py:182} INFO - Started process (PID=1113) to work on /home/airflow/.local/lib/python3.6/site-packages/airflow/example_dags/example_dag_decorator.py
[2023-08-20 12:01:20,580] {scheduler_job.py:629} INFO - Processing file /home/airflow/.local/lib/python3.6/site-packages/airflow/example_dags/example_dag_decorator.py for tasks to queue
[2023-08-20 12:01:20,581] {logging_mixin.py:104} INFO - [2023-08-20 12:01:20,581] {dagbag.py:451} INFO - Filling up the DagBag from /home/airflow/.local/lib/python3.6/site-packages/airflow/example_dags/example_dag_decorator.py
[2023-08-20 12:01:20,599] {scheduler_job.py:639} INFO - DAG(s) dict_keys(['example_dag_decorator']) retrieved from /home/airflow/.local/lib/python3.6/site-packages/airflow/example_dags/example_dag_decorator.py
[2023-08-20 12:01:20,626] {logging_mixin.py:104} INFO - [2023-08-20 12:01:20,626] {dag.py:1824} INFO - Sync 1 DAGs
[2023-08-20 12:01:20,643] {logging_mixin.py:104} INFO - [2023-08-20 12:01:20,643] {dag.py:2280} INFO - Setting next_dagrun for example_dag_decorator to None
[2023-08-20 12:01:20,658] {scheduler_job.py:190} INFO - Processing /home/airflow/.local/lib/python3.6/site-packages/airflow/example_dags/example_dag_decorator.py took 0.085 seconds
[2023-08-20T17:37:37.984+0000] {processor.py:157} INFO - Started process (PID=52) to work on /home/airflow/.local/lib/python3.8/site-packages/airflow/example_dags/example_dag_decorator.py
[2023-08-20T17:37:37.987+0000] {processor.py:829} INFO - Processing file /home/airflow/.local/lib/python3.8/site-packages/airflow/example_dags/example_dag_decorator.py for tasks to queue
[2023-08-20T17:37:37.994+0000] {logging_mixin.py:151} INFO - [2023-08-20T17:37:37.994+0000] {dagbag.py:539} INFO - Filling up the DagBag from /home/airflow/.local/lib/python3.8/site-packages/airflow/example_dags/example_dag_decorator.py
[2023-08-20T17:37:38.370+0000] {processor.py:839} INFO - DAG(s) dict_keys(['example_dag_decorator']) retrieved from /home/airflow/.local/lib/python3.8/site-packages/airflow/example_dags/example_dag_decorator.py
[2023-08-20T17:37:38.385+0000] {logging_mixin.py:151} INFO - [2023-08-20T17:37:38.385+0000] {dag.py:2907} INFO - Sync 1 DAGs
[2023-08-20T17:37:38.406+0000] {logging_mixin.py:151} INFO - [2023-08-20T17:37:38.406+0000] {dag.py:3677} INFO - Setting next_dagrun for example_dag_decorator to None, run_after=None
[2023-08-20T17:37:38.433+0000] {processor.py:179} INFO - Processing /home/airflow/.local/lib/python3.8/site-packages/airflow/example_dags/example_dag_decorator.py took 0.454 seconds
[2023-08-20T17:38:08.612+0000] {processor.py:157} INFO - Started process (PID=105) to work on /home/airflow/.local/lib/python3.8/site-packages/airflow/example_dags/example_dag_decorator.py
[2023-08-20T17:38:08.614+0000] {processor.py:829} INFO - Processing file /home/airflow/.local/lib/python3.8/site-packages/airflow/example_dags/example_dag_decorator.py for tasks to queue
[2023-08-20T17:38:08.617+0000] {logging_mixin.py:151} INFO - [2023-08-20T17:38:08.617+0000] {dagbag.py:539} INFO - Filling up the DagBag from /home/airflow/.local/lib/python3.8/site-packages/airflow/example_dags/example_dag_decorator.py
[2023-08-20T17:38:08.722+0000] {processor.py:839} INFO - DAG(s) dict_keys(['example_dag_decorator']) retrieved from /home/airflow/.local/lib/python3.8/site-packages/airflow/example_dags/example_dag_decorator.py
[2023-08-20T17:38:08.981+0000] {logging_mixin.py:151} INFO - [2023-08-20T17:38:08.980+0000] {dag.py:2907} INFO - Sync 1 DAGs
[2023-08-20T17:38:08.995+0000] {logging_mixin.py:151} INFO - [2023-08-20T17:38:08.995+0000] {dag.py:3677} INFO - Setting next_dagrun for example_dag_decorator to None, run_after=None
[2023-08-20T17:38:09.033+0000] {processor.py:179} INFO - Processing /home/airflow/.local/lib/python3.8/site-packages/airflow/example_dags/example_dag_decorator.py took 0.427 seconds
[2023-08-20T17:38:39.775+0000] {processor.py:157} INFO - Started process (PID=160) to work on /home/airflow/.local/lib/python3.8/site-packages/airflow/example_dags/example_dag_decorator.py
[2023-08-20T17:38:39.777+0000] {processor.py:829} INFO - Processing file /home/airflow/.local/lib/python3.8/site-packages/airflow/example_dags/example_dag_decorator.py for tasks to queue
[2023-08-20T17:38:39.781+0000] {logging_mixin.py:151} INFO - [2023-08-20T17:38:39.780+0000] {dagbag.py:539} INFO - Filling up the DagBag from /home/airflow/.local/lib/python3.8/site-packages/airflow/example_dags/example_dag_decorator.py
[2023-08-20T17:38:39.890+0000] {processor.py:839} INFO - DAG(s) dict_keys(['example_dag_decorator']) retrieved from /home/airflow/.local/lib/python3.8/site-packages/airflow/example_dags/example_dag_decorator.py
[2023-08-20T17:38:40.035+0000] {logging_mixin.py:151} INFO - [2023-08-20T17:38:40.035+0000] {dag.py:2907} INFO - Sync 1 DAGs
[2023-08-20T17:38:40.050+0000] {logging_mixin.py:151} INFO - [2023-08-20T17:38:40.050+0000] {dag.py:3677} INFO - Setting next_dagrun for example_dag_decorator to None, run_after=None
[2023-08-20T17:38:40.077+0000] {processor.py:179} INFO - Processing /home/airflow/.local/lib/python3.8/site-packages/airflow/example_dags/example_dag_decorator.py took 0.308 seconds
[2023-08-20T17:39:10.295+0000] {processor.py:157} INFO - Started process (PID=213) to work on /home/airflow/.local/lib/python3.8/site-packages/airflow/example_dags/example_dag_decorator.py
[2023-08-20T17:39:10.297+0000] {processor.py:829} INFO - Processing file /home/airflow/.local/lib/python3.8/site-packages/airflow/example_dags/example_dag_decorator.py for tasks to queue
[2023-08-20T17:39:10.300+0000] {logging_mixin.py:151} INFO - [2023-08-20T17:39:10.300+0000] {dagbag.py:539} INFO - Filling up the DagBag from /home/airflow/.local/lib/python3.8/site-packages/airflow/example_dags/example_dag_decorator.py
[2023-08-20T17:39:10.391+0000] {processor.py:839} INFO - DAG(s) dict_keys(['example_dag_decorator']) retrieved from /home/airflow/.local/lib/python3.8/site-packages/airflow/example_dags/example_dag_decorator.py
[2023-08-20T17:39:10.534+0000] {logging_mixin.py:151} INFO - [2023-08-20T17:39:10.534+0000] {dag.py:2907} INFO - Sync 1 DAGs
[2023-08-20T17:39:10.548+0000] {logging_mixin.py:151} INFO - [2023-08-20T17:39:10.548+0000] {dag.py:3677} INFO - Setting next_dagrun for example_dag_decorator to None, run_after=None
[2023-08-20T17:39:10.578+0000] {processor.py:179} INFO - Processing /home/airflow/.local/lib/python3.8/site-packages/airflow/example_dags/example_dag_decorator.py took 0.288 seconds
[2023-08-20T17:39:40.645+0000] {processor.py:157} INFO - Started process (PID=267) to work on /home/airflow/.local/lib/python3.8/site-packages/airflow/example_dags/example_dag_decorator.py
[2023-08-20T17:39:40.647+0000] {processor.py:829} INFO - Processing file /home/airflow/.local/lib/python3.8/site-packages/airflow/example_dags/example_dag_decorator.py for tasks to queue
[2023-08-20T17:39:40.652+0000] {logging_mixin.py:151} INFO - [2023-08-20T17:39:40.651+0000] {dagbag.py:539} INFO - Filling up the DagBag from /home/airflow/.local/lib/python3.8/site-packages/airflow/example_dags/example_dag_decorator.py
[2023-08-20T17:39:40.774+0000] {processor.py:839} INFO - DAG(s) dict_keys(['example_dag_decorator']) retrieved from /home/airflow/.local/lib/python3.8/site-packages/airflow/example_dags/example_dag_decorator.py
[2023-08-20T17:39:40.792+0000] {logging_mixin.py:151} INFO - [2023-08-20T17:39:40.792+0000] {dag.py:2907} INFO - Sync 1 DAGs
[2023-08-20T17:39:40.813+0000] {logging_mixin.py:151} INFO - [2023-08-20T17:39:40.813+0000] {dag.py:3677} INFO - Setting next_dagrun for example_dag_decorator to None, run_after=None
[2023-08-20T17:39:40.848+0000] {processor.py:179} INFO - Processing /home/airflow/.local/lib/python3.8/site-packages/airflow/example_dags/example_dag_decorator.py took 0.207 seconds
[2023-08-20T17:40:11.034+0000] {processor.py:157} INFO - Started process (PID=321) to work on /home/airflow/.local/lib/python3.8/site-packages/airflow/example_dags/example_dag_decorator.py
[2023-08-20T17:40:11.036+0000] {processor.py:829} INFO - Processing file /home/airflow/.local/lib/python3.8/site-packages/airflow/example_dags/example_dag_decorator.py for tasks to queue
[2023-08-20T17:40:11.041+0000] {logging_mixin.py:151} INFO - [2023-08-20T17:40:11.040+0000] {dagbag.py:539} INFO - Filling up the DagBag from /home/airflow/.local/lib/python3.8/site-packages/airflow/example_dags/example_dag_decorator.py
[2023-08-20T17:40:11.158+0000] {processor.py:839} INFO - DAG(s) dict_keys(['example_dag_decorator']) retrieved from /home/airflow/.local/lib/python3.8/site-packages/airflow/example_dags/example_dag_decorator.py
[2023-08-20T17:40:11.301+0000] {logging_mixin.py:151} INFO - [2023-08-20T17:40:11.301+0000] {dag.py:2907} INFO - Sync 1 DAGs
[2023-08-20T17:40:11.317+0000] {logging_mixin.py:151} INFO - [2023-08-20T17:40:11.317+0000] {dag.py:3677} INFO - Setting next_dagrun for example_dag_decorator to None, run_after=None
[2023-08-20T17:40:11.349+0000] {processor.py:179} INFO - Processing /home/airflow/.local/lib/python3.8/site-packages/airflow/example_dags/example_dag_decorator.py took 0.321 seconds
[2023-08-20T17:40:41.438+0000] {processor.py:157} INFO - Started process (PID=376) to work on /home/airflow/.local/lib/python3.8/site-packages/airflow/example_dags/example_dag_decorator.py
[2023-08-20T17:40:41.440+0000] {processor.py:829} INFO - Processing file /home/airflow/.local/lib/python3.8/site-packages/airflow/example_dags/example_dag_decorator.py for tasks to queue
[2023-08-20T17:40:41.445+0000] {logging_mixin.py:151} INFO - [2023-08-20T17:40:41.444+0000] {dagbag.py:539} INFO - Filling up the DagBag from /home/airflow/.local/lib/python3.8/site-packages/airflow/example_dags/example_dag_decorator.py
[2023-08-20T17:40:41.548+0000] {processor.py:839} INFO - DAG(s) dict_keys(['example_dag_decorator']) retrieved from /home/airflow/.local/lib/python3.8/site-packages/airflow/example_dags/example_dag_decorator.py
[2023-08-20T17:40:41.703+0000] {logging_mixin.py:151} INFO - [2023-08-20T17:40:41.703+0000] {dag.py:2907} INFO - Sync 1 DAGs
[2023-08-20T17:40:41.721+0000] {logging_mixin.py:151} INFO - [2023-08-20T17:40:41.720+0000] {dag.py:3677} INFO - Setting next_dagrun for example_dag_decorator to None, run_after=None
[2023-08-20T17:40:41.756+0000] {processor.py:179} INFO - Processing /home/airflow/.local/lib/python3.8/site-packages/airflow/example_dags/example_dag_decorator.py took 0.323 seconds
[2023-08-20T17:41:11.839+0000] {processor.py:157} INFO - Started process (PID=430) to work on /home/airflow/.local/lib/python3.8/site-packages/airflow/example_dags/example_dag_decorator.py
[2023-08-20T17:41:11.841+0000] {processor.py:829} INFO - Processing file /home/airflow/.local/lib/python3.8/site-packages/airflow/example_dags/example_dag_decorator.py for tasks to queue
[2023-08-20T17:41:11.844+0000] {logging_mixin.py:151} INFO - [2023-08-20T17:41:11.844+0000] {dagbag.py:539} INFO - Filling up the DagBag from /home/airflow/.local/lib/python3.8/site-packages/airflow/example_dags/example_dag_decorator.py
[2023-08-20T17:41:11.933+0000] {processor.py:839} INFO - DAG(s) dict_keys(['example_dag_decorator']) retrieved from /home/airflow/.local/lib/python3.8/site-packages/airflow/example_dags/example_dag_decorator.py
[2023-08-20T17:41:12.067+0000] {logging_mixin.py:151} INFO - [2023-08-20T17:41:12.066+0000] {dag.py:2907} INFO - Sync 1 DAGs
[2023-08-20T17:41:12.081+0000] {logging_mixin.py:151} INFO - [2023-08-20T17:41:12.081+0000] {dag.py:3677} INFO - Setting next_dagrun for example_dag_decorator to None, run_after=None
[2023-08-20T17:41:12.108+0000] {processor.py:179} INFO - Processing /home/airflow/.local/lib/python3.8/site-packages/airflow/example_dags/example_dag_decorator.py took 0.273 seconds
[2023-08-20T17:41:42.230+0000] {processor.py:157} INFO - Started process (PID=485) to work on /home/airflow/.local/lib/python3.8/site-packages/airflow/example_dags/example_dag_decorator.py
[2023-08-20T17:41:42.231+0000] {processor.py:829} INFO - Processing file /home/airflow/.local/lib/python3.8/site-packages/airflow/example_dags/example_dag_decorator.py for tasks to queue
[2023-08-20T17:41:42.235+0000] {logging_mixin.py:151} INFO - [2023-08-20T17:41:42.234+0000] {dagbag.py:539} INFO - Filling up the DagBag from /home/airflow/.local/lib/python3.8/site-packages/airflow/example_dags/example_dag_decorator.py
[2023-08-20T17:41:42.335+0000] {processor.py:839} INFO - DAG(s) dict_keys(['example_dag_decorator']) retrieved from /home/airflow/.local/lib/python3.8/site-packages/airflow/example_dags/example_dag_decorator.py
[2023-08-20T17:41:42.511+0000] {logging_mixin.py:151} INFO - [2023-08-20T17:41:42.511+0000] {dag.py:2907} INFO - Sync 1 DAGs
[2023-08-20T17:41:42.528+0000] {logging_mixin.py:151} INFO - [2023-08-20T17:41:42.528+0000] {dag.py:3677} INFO - Setting next_dagrun for example_dag_decorator to None, run_after=None
[2023-08-20T17:41:42.568+0000] {processor.py:179} INFO - Processing /home/airflow/.local/lib/python3.8/site-packages/airflow/example_dags/example_dag_decorator.py took 0.342 seconds
[2023-08-20T17:42:12.791+0000] {processor.py:157} INFO - Started process (PID=539) to work on /home/airflow/.local/lib/python3.8/site-packages/airflow/example_dags/example_dag_decorator.py
[2023-08-20T17:42:12.794+0000] {processor.py:829} INFO - Processing file /home/airflow/.local/lib/python3.8/site-packages/airflow/example_dags/example_dag_decorator.py for tasks to queue
[2023-08-20T17:42:12.797+0000] {logging_mixin.py:151} INFO - [2023-08-20T17:42:12.797+0000] {dagbag.py:539} INFO - Filling up the DagBag from /home/airflow/.local/lib/python3.8/site-packages/airflow/example_dags/example_dag_decorator.py
[2023-08-20T17:42:12.907+0000] {processor.py:839} INFO - DAG(s) dict_keys(['example_dag_decorator']) retrieved from /home/airflow/.local/lib/python3.8/site-packages/airflow/example_dags/example_dag_decorator.py
[2023-08-20T17:42:13.045+0000] {logging_mixin.py:151} INFO - [2023-08-20T17:42:13.045+0000] {dag.py:2907} INFO - Sync 1 DAGs
[2023-08-20T17:42:13.059+0000] {logging_mixin.py:151} INFO - [2023-08-20T17:42:13.059+0000] {dag.py:3677} INFO - Setting next_dagrun for example_dag_decorator to None, run_after=None
[2023-08-20T17:42:13.089+0000] {processor.py:179} INFO - Processing /home/airflow/.local/lib/python3.8/site-packages/airflow/example_dags/example_dag_decorator.py took 0.304 seconds
[2023-08-20T17:42:44.041+0000] {processor.py:157} INFO - Started process (PID=593) to work on /home/airflow/.local/lib/python3.8/site-packages/airflow/example_dags/example_dag_decorator.py
[2023-08-20T17:42:44.043+0000] {processor.py:829} INFO - Processing file /home/airflow/.local/lib/python3.8/site-packages/airflow/example_dags/example_dag_decorator.py for tasks to queue
[2023-08-20T17:42:44.047+0000] {logging_mixin.py:151} INFO - [2023-08-20T17:42:44.046+0000] {dagbag.py:539} INFO - Filling up the DagBag from /home/airflow/.local/lib/python3.8/site-packages/airflow/example_dags/example_dag_decorator.py
[2023-08-20T17:42:44.153+0000] {processor.py:839} INFO - DAG(s) dict_keys(['example_dag_decorator']) retrieved from /home/airflow/.local/lib/python3.8/site-packages/airflow/example_dags/example_dag_decorator.py
[2023-08-20T17:42:44.296+0000] {logging_mixin.py:151} INFO - [2023-08-20T17:42:44.296+0000] {dag.py:2907} INFO - Sync 1 DAGs
[2023-08-20T17:42:44.312+0000] {logging_mixin.py:151} INFO - [2023-08-20T17:42:44.312+0000] {dag.py:3677} INFO - Setting next_dagrun for example_dag_decorator to None, run_after=None
[2023-08-20T17:42:44.341+0000] {processor.py:179} INFO - Processing /home/airflow/.local/lib/python3.8/site-packages/airflow/example_dags/example_dag_decorator.py took 0.304 seconds
[2023-08-20T17:43:14.621+0000] {processor.py:157} INFO - Started process (PID=647) to work on /home/airflow/.local/lib/python3.8/site-packages/airflow/example_dags/example_dag_decorator.py
[2023-08-20T17:43:14.625+0000] {processor.py:829} INFO - Processing file /home/airflow/.local/lib/python3.8/site-packages/airflow/example_dags/example_dag_decorator.py for tasks to queue
[2023-08-20T17:43:14.631+0000] {logging_mixin.py:151} INFO - [2023-08-20T17:43:14.631+0000] {dagbag.py:539} INFO - Filling up the DagBag from /home/airflow/.local/lib/python3.8/site-packages/airflow/example_dags/example_dag_decorator.py
[2023-08-20T17:43:14.740+0000] {processor.py:839} INFO - DAG(s) dict_keys(['example_dag_decorator']) retrieved from /home/airflow/.local/lib/python3.8/site-packages/airflow/example_dags/example_dag_decorator.py
[2023-08-20T17:43:14.902+0000] {logging_mixin.py:151} INFO - [2023-08-20T17:43:14.902+0000] {dag.py:2907} INFO - Sync 1 DAGs
[2023-08-20T17:43:14.923+0000] {logging_mixin.py:151} INFO - [2023-08-20T17:43:14.922+0000] {dag.py:3677} INFO - Setting next_dagrun for example_dag_decorator to None, run_after=None
[2023-08-20T17:43:14.955+0000] {processor.py:179} INFO - Processing /home/airflow/.local/lib/python3.8/site-packages/airflow/example_dags/example_dag_decorator.py took 0.339 seconds
[2023-08-20T17:43:45.456+0000] {processor.py:157} INFO - Started process (PID=701) to work on /home/airflow/.local/lib/python3.8/site-packages/airflow/example_dags/example_dag_decorator.py
[2023-08-20T17:43:45.458+0000] {processor.py:829} INFO - Processing file /home/airflow/.local/lib/python3.8/site-packages/airflow/example_dags/example_dag_decorator.py for tasks to queue
[2023-08-20T17:43:45.463+0000] {logging_mixin.py:151} INFO - [2023-08-20T17:43:45.462+0000] {dagbag.py:539} INFO - Filling up the DagBag from /home/airflow/.local/lib/python3.8/site-packages/airflow/example_dags/example_dag_decorator.py
[2023-08-20T17:43:45.578+0000] {processor.py:839} INFO - DAG(s) dict_keys(['example_dag_decorator']) retrieved from /home/airflow/.local/lib/python3.8/site-packages/airflow/example_dags/example_dag_decorator.py
[2023-08-20T17:43:45.726+0000] {logging_mixin.py:151} INFO - [2023-08-20T17:43:45.725+0000] {dag.py:2907} INFO - Sync 1 DAGs
[2023-08-20T17:43:45.739+0000] {logging_mixin.py:151} INFO - [2023-08-20T17:43:45.739+0000] {dag.py:3677} INFO - Setting next_dagrun for example_dag_decorator to None, run_after=None
[2023-08-20T17:43:45.767+0000] {processor.py:179} INFO - Processing /home/airflow/.local/lib/python3.8/site-packages/airflow/example_dags/example_dag_decorator.py took 0.318 seconds
[2023-08-20T17:44:15.815+0000] {processor.py:157} INFO - Started process (PID=756) to work on /home/airflow/.local/lib/python3.8/site-packages/airflow/example_dags/example_dag_decorator.py
[2023-08-20T17:44:15.818+0000] {processor.py:829} INFO - Processing file /home/airflow/.local/lib/python3.8/site-packages/airflow/example_dags/example_dag_decorator.py for tasks to queue
[2023-08-20T17:44:15.821+0000] {logging_mixin.py:151} INFO - [2023-08-20T17:44:15.821+0000] {dagbag.py:539} INFO - Filling up the DagBag from /home/airflow/.local/lib/python3.8/site-packages/airflow/example_dags/example_dag_decorator.py
[2023-08-20T17:44:15.920+0000] {processor.py:839} INFO - DAG(s) dict_keys(['example_dag_decorator']) retrieved from /home/airflow/.local/lib/python3.8/site-packages/airflow/example_dags/example_dag_decorator.py
[2023-08-20T17:44:16.064+0000] {logging_mixin.py:151} INFO - [2023-08-20T17:44:16.063+0000] {dag.py:2907} INFO - Sync 1 DAGs
[2023-08-20T17:44:16.077+0000] {logging_mixin.py:151} INFO - [2023-08-20T17:44:16.076+0000] {dag.py:3677} INFO - Setting next_dagrun for example_dag_decorator to None, run_after=None
[2023-08-20T17:44:16.104+0000] {processor.py:179} INFO - Processing /home/airflow/.local/lib/python3.8/site-packages/airflow/example_dags/example_dag_decorator.py took 0.294 seconds
[2023-08-20T17:44:46.219+0000] {processor.py:157} INFO - Started process (PID=810) to work on /home/airflow/.local/lib/python3.8/site-packages/airflow/example_dags/example_dag_decorator.py
[2023-08-20T17:44:46.221+0000] {processor.py:829} INFO - Processing file /home/airflow/.local/lib/python3.8/site-packages/airflow/example_dags/example_dag_decorator.py for tasks to queue
[2023-08-20T17:44:46.225+0000] {logging_mixin.py:151} INFO - [2023-08-20T17:44:46.225+0000] {dagbag.py:539} INFO - Filling up the DagBag from /home/airflow/.local/lib/python3.8/site-packages/airflow/example_dags/example_dag_decorator.py
[2023-08-20T17:44:46.337+0000] {processor.py:839} INFO - DAG(s) dict_keys(['example_dag_decorator']) retrieved from /home/airflow/.local/lib/python3.8/site-packages/airflow/example_dags/example_dag_decorator.py
[2023-08-20T17:44:46.488+0000] {logging_mixin.py:151} INFO - [2023-08-20T17:44:46.487+0000] {dag.py:2907} INFO - Sync 1 DAGs
[2023-08-20T17:44:46.501+0000] {logging_mixin.py:151} INFO - [2023-08-20T17:44:46.501+0000] {dag.py:3677} INFO - Setting next_dagrun for example_dag_decorator to None, run_after=None
[2023-08-20T17:44:46.530+0000] {processor.py:179} INFO - Processing /home/airflow/.local/lib/python3.8/site-packages/airflow/example_dags/example_dag_decorator.py took 0.316 seconds
[2023-08-20T17:45:16.794+0000] {processor.py:157} INFO - Started process (PID=863) to work on /home/airflow/.local/lib/python3.8/site-packages/airflow/example_dags/example_dag_decorator.py
[2023-08-20T17:45:16.796+0000] {processor.py:829} INFO - Processing file /home/airflow/.local/lib/python3.8/site-packages/airflow/example_dags/example_dag_decorator.py for tasks to queue
[2023-08-20T17:45:16.800+0000] {logging_mixin.py:151} INFO - [2023-08-20T17:45:16.800+0000] {dagbag.py:539} INFO - Filling up the DagBag from /home/airflow/.local/lib/python3.8/site-packages/airflow/example_dags/example_dag_decorator.py
[2023-08-20T17:45:16.913+0000] {processor.py:839} INFO - DAG(s) dict_keys(['example_dag_decorator']) retrieved from /home/airflow/.local/lib/python3.8/site-packages/airflow/example_dags/example_dag_decorator.py
[2023-08-20T17:45:17.073+0000] {logging_mixin.py:151} INFO - [2023-08-20T17:45:17.073+0000] {dag.py:2907} INFO - Sync 1 DAGs
[2023-08-20T17:45:17.086+0000] {logging_mixin.py:151} INFO - [2023-08-20T17:45:17.086+0000] {dag.py:3677} INFO - Setting next_dagrun for example_dag_decorator to None, run_after=None
[2023-08-20T17:45:17.114+0000] {processor.py:179} INFO - Processing /home/airflow/.local/lib/python3.8/site-packages/airflow/example_dags/example_dag_decorator.py took 0.326 seconds
[2023-08-20T17:45:47.281+0000] {processor.py:157} INFO - Started process (PID=918) to work on /home/airflow/.local/lib/python3.8/site-packages/airflow/example_dags/example_dag_decorator.py
[2023-08-20T17:45:47.283+0000] {processor.py:829} INFO - Processing file /home/airflow/.local/lib/python3.8/site-packages/airflow/example_dags/example_dag_decorator.py for tasks to queue
[2023-08-20T17:45:47.287+0000] {logging_mixin.py:151} INFO - [2023-08-20T17:45:47.287+0000] {dagbag.py:539} INFO - Filling up the DagBag from /home/airflow/.local/lib/python3.8/site-packages/airflow/example_dags/example_dag_decorator.py
[2023-08-20T17:45:47.389+0000] {processor.py:839} INFO - DAG(s) dict_keys(['example_dag_decorator']) retrieved from /home/airflow/.local/lib/python3.8/site-packages/airflow/example_dags/example_dag_decorator.py
[2023-08-20T17:45:47.534+0000] {logging_mixin.py:151} INFO - [2023-08-20T17:45:47.533+0000] {dag.py:2907} INFO - Sync 1 DAGs
[2023-08-20T17:45:47.549+0000] {logging_mixin.py:151} INFO - [2023-08-20T17:45:47.549+0000] {dag.py:3677} INFO - Setting next_dagrun for example_dag_decorator to None, run_after=None
[2023-08-20T17:45:47.574+0000] {processor.py:179} INFO - Processing /home/airflow/.local/lib/python3.8/site-packages/airflow/example_dags/example_dag_decorator.py took 0.298 seconds
[2023-08-20T17:46:17.792+0000] {processor.py:157} INFO - Started process (PID=973) to work on /home/airflow/.local/lib/python3.8/site-packages/airflow/example_dags/example_dag_decorator.py
[2023-08-20T17:46:17.795+0000] {processor.py:829} INFO - Processing file /home/airflow/.local/lib/python3.8/site-packages/airflow/example_dags/example_dag_decorator.py for tasks to queue
[2023-08-20T17:46:17.798+0000] {logging_mixin.py:151} INFO - [2023-08-20T17:46:17.798+0000] {dagbag.py:539} INFO - Filling up the DagBag from /home/airflow/.local/lib/python3.8/site-packages/airflow/example_dags/example_dag_decorator.py
[2023-08-20T17:46:17.907+0000] {processor.py:839} INFO - DAG(s) dict_keys(['example_dag_decorator']) retrieved from /home/airflow/.local/lib/python3.8/site-packages/airflow/example_dags/example_dag_decorator.py
[2023-08-20T17:46:18.058+0000] {logging_mixin.py:151} INFO - [2023-08-20T17:46:18.057+0000] {dag.py:2907} INFO - Sync 1 DAGs
[2023-08-20T17:46:18.076+0000] {logging_mixin.py:151} INFO - [2023-08-20T17:46:18.076+0000] {dag.py:3677} INFO - Setting next_dagrun for example_dag_decorator to None, run_after=None
[2023-08-20T17:46:18.107+0000] {processor.py:179} INFO - Processing /home/airflow/.local/lib/python3.8/site-packages/airflow/example_dags/example_dag_decorator.py took 0.319 seconds
[2023-08-20T17:46:48.160+0000] {processor.py:157} INFO - Started process (PID=1028) to work on /home/airflow/.local/lib/python3.8/site-packages/airflow/example_dags/example_dag_decorator.py
[2023-08-20T17:46:48.162+0000] {processor.py:829} INFO - Processing file /home/airflow/.local/lib/python3.8/site-packages/airflow/example_dags/example_dag_decorator.py for tasks to queue
[2023-08-20T17:46:48.165+0000] {logging_mixin.py:151} INFO - [2023-08-20T17:46:48.165+0000] {dagbag.py:539} INFO - Filling up the DagBag from /home/airflow/.local/lib/python3.8/site-packages/airflow/example_dags/example_dag_decorator.py
[2023-08-20T17:46:48.259+0000] {processor.py:839} INFO - DAG(s) dict_keys(['example_dag_decorator']) retrieved from /home/airflow/.local/lib/python3.8/site-packages/airflow/example_dags/example_dag_decorator.py
[2023-08-20T17:46:48.384+0000] {logging_mixin.py:151} INFO - [2023-08-20T17:46:48.384+0000] {dag.py:2907} INFO - Sync 1 DAGs
[2023-08-20T17:46:48.397+0000] {logging_mixin.py:151} INFO - [2023-08-20T17:46:48.397+0000] {dag.py:3677} INFO - Setting next_dagrun for example_dag_decorator to None, run_after=None
[2023-08-20T17:46:48.423+0000] {processor.py:179} INFO - Processing /home/airflow/.local/lib/python3.8/site-packages/airflow/example_dags/example_dag_decorator.py took 0.267 seconds
