[2023-08-20 11:40:24,058] {scheduler_job.py:182} INFO - Started process (PID=61) to work on /home/airflow/.local/lib/python3.6/site-packages/airflow/example_dags/example_short_circuit_operator.py
[2023-08-20 11:40:24,060] {scheduler_job.py:629} INFO - Processing file /home/airflow/.local/lib/python3.6/site-packages/airflow/example_dags/example_short_circuit_operator.py for tasks to queue
[2023-08-20 11:40:24,061] {logging_mixin.py:104} INFO - [2023-08-20 11:40:24,061] {dagbag.py:451} INFO - Filling up the DagBag from /home/airflow/.local/lib/python3.6/site-packages/airflow/example_dags/example_short_circuit_operator.py
[2023-08-20 11:40:24,082] {scheduler_job.py:639} INFO - DAG(s) dict_keys(['example_short_circuit_operator']) retrieved from /home/airflow/.local/lib/python3.6/site-packages/airflow/example_dags/example_short_circuit_operator.py
[2023-08-20 11:40:24,116] {logging_mixin.py:104} INFO - [2023-08-20 11:40:24,116] {dag.py:1824} INFO - Sync 1 DAGs
[2023-08-20 11:40:24,139] {logging_mixin.py:104} INFO - [2023-08-20 11:40:24,139] {dag.py:1843} INFO - Creating ORM DAG for example_short_circuit_operator
[2023-08-20 11:40:24,147] {logging_mixin.py:104} INFO - [2023-08-20 11:40:24,147] {dag.py:2280} INFO - Setting next_dagrun for example_short_circuit_operator to 2023-08-18 00:00:00+00:00
[2023-08-20 11:40:24,168] {scheduler_job.py:190} INFO - Processing /home/airflow/.local/lib/python3.6/site-packages/airflow/example_dags/example_short_circuit_operator.py took 0.115 seconds
[2023-08-20 11:40:54,459] {scheduler_job.py:182} INFO - Started process (PID=86) to work on /home/airflow/.local/lib/python3.6/site-packages/airflow/example_dags/example_short_circuit_operator.py
[2023-08-20 11:40:54,461] {scheduler_job.py:629} INFO - Processing file /home/airflow/.local/lib/python3.6/site-packages/airflow/example_dags/example_short_circuit_operator.py for tasks to queue
[2023-08-20 11:40:54,463] {logging_mixin.py:104} INFO - [2023-08-20 11:40:54,463] {dagbag.py:451} INFO - Filling up the DagBag from /home/airflow/.local/lib/python3.6/site-packages/airflow/example_dags/example_short_circuit_operator.py
[2023-08-20 11:40:54,482] {scheduler_job.py:639} INFO - DAG(s) dict_keys(['example_short_circuit_operator']) retrieved from /home/airflow/.local/lib/python3.6/site-packages/airflow/example_dags/example_short_circuit_operator.py
[2023-08-20 11:40:54,516] {logging_mixin.py:104} INFO - [2023-08-20 11:40:54,516] {dag.py:1824} INFO - Sync 1 DAGs
[2023-08-20 11:40:54,545] {logging_mixin.py:104} INFO - [2023-08-20 11:40:54,545] {dag.py:2280} INFO - Setting next_dagrun for example_short_circuit_operator to 2023-08-18 00:00:00+00:00
[2023-08-20 11:40:54,564] {scheduler_job.py:190} INFO - Processing /home/airflow/.local/lib/python3.6/site-packages/airflow/example_dags/example_short_circuit_operator.py took 0.109 seconds
[2023-08-20 11:41:25,338] {scheduler_job.py:182} INFO - Started process (PID=110) to work on /home/airflow/.local/lib/python3.6/site-packages/airflow/example_dags/example_short_circuit_operator.py
[2023-08-20 11:41:25,340] {scheduler_job.py:629} INFO - Processing file /home/airflow/.local/lib/python3.6/site-packages/airflow/example_dags/example_short_circuit_operator.py for tasks to queue
[2023-08-20 11:41:25,341] {logging_mixin.py:104} INFO - [2023-08-20 11:41:25,341] {dagbag.py:451} INFO - Filling up the DagBag from /home/airflow/.local/lib/python3.6/site-packages/airflow/example_dags/example_short_circuit_operator.py
[2023-08-20 11:41:25,354] {scheduler_job.py:639} INFO - DAG(s) dict_keys(['example_short_circuit_operator']) retrieved from /home/airflow/.local/lib/python3.6/site-packages/airflow/example_dags/example_short_circuit_operator.py
[2023-08-20 11:41:25,406] {logging_mixin.py:104} INFO - [2023-08-20 11:41:25,406] {dag.py:1824} INFO - Sync 1 DAGs
[2023-08-20 11:41:25,435] {logging_mixin.py:104} INFO - [2023-08-20 11:41:25,434] {dag.py:2280} INFO - Setting next_dagrun for example_short_circuit_operator to 2023-08-18 00:00:00+00:00
[2023-08-20 11:41:25,447] {scheduler_job.py:190} INFO - Processing /home/airflow/.local/lib/python3.6/site-packages/airflow/example_dags/example_short_circuit_operator.py took 0.114 seconds
[2023-08-20 11:41:55,665] {scheduler_job.py:182} INFO - Started process (PID=136) to work on /home/airflow/.local/lib/python3.6/site-packages/airflow/example_dags/example_short_circuit_operator.py
[2023-08-20 11:41:55,666] {scheduler_job.py:629} INFO - Processing file /home/airflow/.local/lib/python3.6/site-packages/airflow/example_dags/example_short_circuit_operator.py for tasks to queue
[2023-08-20 11:41:55,668] {logging_mixin.py:104} INFO - [2023-08-20 11:41:55,668] {dagbag.py:451} INFO - Filling up the DagBag from /home/airflow/.local/lib/python3.6/site-packages/airflow/example_dags/example_short_circuit_operator.py
[2023-08-20 11:41:55,683] {scheduler_job.py:639} INFO - DAG(s) dict_keys(['example_short_circuit_operator']) retrieved from /home/airflow/.local/lib/python3.6/site-packages/airflow/example_dags/example_short_circuit_operator.py
[2023-08-20 11:41:55,716] {logging_mixin.py:104} INFO - [2023-08-20 11:41:55,716] {dag.py:1824} INFO - Sync 1 DAGs
[2023-08-20 11:41:55,735] {logging_mixin.py:104} INFO - [2023-08-20 11:41:55,735] {dag.py:2280} INFO - Setting next_dagrun for example_short_circuit_operator to 2023-08-18 00:00:00+00:00
[2023-08-20 11:41:55,820] {scheduler_job.py:190} INFO - Processing /home/airflow/.local/lib/python3.6/site-packages/airflow/example_dags/example_short_circuit_operator.py took 0.159 seconds
[2023-08-20 11:42:26,060] {scheduler_job.py:182} INFO - Started process (PID=163) to work on /home/airflow/.local/lib/python3.6/site-packages/airflow/example_dags/example_short_circuit_operator.py
[2023-08-20 11:42:26,062] {scheduler_job.py:629} INFO - Processing file /home/airflow/.local/lib/python3.6/site-packages/airflow/example_dags/example_short_circuit_operator.py for tasks to queue
[2023-08-20 11:42:26,063] {logging_mixin.py:104} INFO - [2023-08-20 11:42:26,063] {dagbag.py:451} INFO - Filling up the DagBag from /home/airflow/.local/lib/python3.6/site-packages/airflow/example_dags/example_short_circuit_operator.py
[2023-08-20 11:42:26,082] {scheduler_job.py:639} INFO - DAG(s) dict_keys(['example_short_circuit_operator']) retrieved from /home/airflow/.local/lib/python3.6/site-packages/airflow/example_dags/example_short_circuit_operator.py
[2023-08-20 11:42:26,124] {logging_mixin.py:104} INFO - [2023-08-20 11:42:26,124] {dag.py:1824} INFO - Sync 1 DAGs
[2023-08-20 11:42:26,145] {logging_mixin.py:104} INFO - [2023-08-20 11:42:26,145] {dag.py:2280} INFO - Setting next_dagrun for example_short_circuit_operator to 2023-08-18 00:00:00+00:00
[2023-08-20 11:42:26,160] {scheduler_job.py:190} INFO - Processing /home/airflow/.local/lib/python3.6/site-packages/airflow/example_dags/example_short_circuit_operator.py took 0.105 seconds
[2023-08-20 11:42:56,628] {scheduler_job.py:182} INFO - Started process (PID=189) to work on /home/airflow/.local/lib/python3.6/site-packages/airflow/example_dags/example_short_circuit_operator.py
[2023-08-20 11:42:56,631] {scheduler_job.py:629} INFO - Processing file /home/airflow/.local/lib/python3.6/site-packages/airflow/example_dags/example_short_circuit_operator.py for tasks to queue
[2023-08-20 11:42:56,633] {logging_mixin.py:104} INFO - [2023-08-20 11:42:56,633] {dagbag.py:451} INFO - Filling up the DagBag from /home/airflow/.local/lib/python3.6/site-packages/airflow/example_dags/example_short_circuit_operator.py
[2023-08-20 11:42:56,649] {scheduler_job.py:639} INFO - DAG(s) dict_keys(['example_short_circuit_operator']) retrieved from /home/airflow/.local/lib/python3.6/site-packages/airflow/example_dags/example_short_circuit_operator.py
[2023-08-20 11:42:56,680] {logging_mixin.py:104} INFO - [2023-08-20 11:42:56,679] {dag.py:1824} INFO - Sync 1 DAGs
[2023-08-20 11:42:56,700] {logging_mixin.py:104} INFO - [2023-08-20 11:42:56,699] {dag.py:2280} INFO - Setting next_dagrun for example_short_circuit_operator to 2023-08-18 00:00:00+00:00
[2023-08-20 11:42:56,715] {scheduler_job.py:190} INFO - Processing /home/airflow/.local/lib/python3.6/site-packages/airflow/example_dags/example_short_circuit_operator.py took 0.091 seconds
[2023-08-20 11:43:26,797] {scheduler_job.py:182} INFO - Started process (PID=215) to work on /home/airflow/.local/lib/python3.6/site-packages/airflow/example_dags/example_short_circuit_operator.py
[2023-08-20 11:43:26,800] {scheduler_job.py:629} INFO - Processing file /home/airflow/.local/lib/python3.6/site-packages/airflow/example_dags/example_short_circuit_operator.py for tasks to queue
[2023-08-20 11:43:26,803] {logging_mixin.py:104} INFO - [2023-08-20 11:43:26,802] {dagbag.py:451} INFO - Filling up the DagBag from /home/airflow/.local/lib/python3.6/site-packages/airflow/example_dags/example_short_circuit_operator.py
[2023-08-20 11:43:26,822] {scheduler_job.py:639} INFO - DAG(s) dict_keys(['example_short_circuit_operator']) retrieved from /home/airflow/.local/lib/python3.6/site-packages/airflow/example_dags/example_short_circuit_operator.py
[2023-08-20 11:43:26,858] {logging_mixin.py:104} INFO - [2023-08-20 11:43:26,858] {dag.py:1824} INFO - Sync 1 DAGs
[2023-08-20 11:43:26,883] {logging_mixin.py:104} INFO - [2023-08-20 11:43:26,883] {dag.py:2280} INFO - Setting next_dagrun for example_short_circuit_operator to 2023-08-18 00:00:00+00:00
[2023-08-20 11:43:26,918] {scheduler_job.py:190} INFO - Processing /home/airflow/.local/lib/python3.6/site-packages/airflow/example_dags/example_short_circuit_operator.py took 0.127 seconds
[2023-08-20 11:43:58,026] {scheduler_job.py:182} INFO - Started process (PID=241) to work on /home/airflow/.local/lib/python3.6/site-packages/airflow/example_dags/example_short_circuit_operator.py
[2023-08-20 11:43:58,029] {scheduler_job.py:629} INFO - Processing file /home/airflow/.local/lib/python3.6/site-packages/airflow/example_dags/example_short_circuit_operator.py for tasks to queue
[2023-08-20 11:43:58,031] {logging_mixin.py:104} INFO - [2023-08-20 11:43:58,031] {dagbag.py:451} INFO - Filling up the DagBag from /home/airflow/.local/lib/python3.6/site-packages/airflow/example_dags/example_short_circuit_operator.py
[2023-08-20 11:43:58,050] {scheduler_job.py:639} INFO - DAG(s) dict_keys(['example_short_circuit_operator']) retrieved from /home/airflow/.local/lib/python3.6/site-packages/airflow/example_dags/example_short_circuit_operator.py
[2023-08-20 11:43:58,081] {logging_mixin.py:104} INFO - [2023-08-20 11:43:58,081] {dag.py:1824} INFO - Sync 1 DAGs
[2023-08-20 11:43:58,101] {logging_mixin.py:104} INFO - [2023-08-20 11:43:58,100] {dag.py:2280} INFO - Setting next_dagrun for example_short_circuit_operator to 2023-08-18 00:00:00+00:00
[2023-08-20 11:43:58,117] {scheduler_job.py:190} INFO - Processing /home/airflow/.local/lib/python3.6/site-packages/airflow/example_dags/example_short_circuit_operator.py took 0.094 seconds
[2023-08-20 11:44:28,242] {scheduler_job.py:182} INFO - Started process (PID=263) to work on /home/airflow/.local/lib/python3.6/site-packages/airflow/example_dags/example_short_circuit_operator.py
[2023-08-20 11:44:28,244] {scheduler_job.py:629} INFO - Processing file /home/airflow/.local/lib/python3.6/site-packages/airflow/example_dags/example_short_circuit_operator.py for tasks to queue
[2023-08-20 11:44:28,246] {logging_mixin.py:104} INFO - [2023-08-20 11:44:28,246] {dagbag.py:451} INFO - Filling up the DagBag from /home/airflow/.local/lib/python3.6/site-packages/airflow/example_dags/example_short_circuit_operator.py
[2023-08-20 11:44:28,260] {scheduler_job.py:639} INFO - DAG(s) dict_keys(['example_short_circuit_operator']) retrieved from /home/airflow/.local/lib/python3.6/site-packages/airflow/example_dags/example_short_circuit_operator.py
[2023-08-20 11:44:28,289] {logging_mixin.py:104} INFO - [2023-08-20 11:44:28,288] {dag.py:1824} INFO - Sync 1 DAGs
[2023-08-20 11:44:28,309] {logging_mixin.py:104} INFO - [2023-08-20 11:44:28,309] {dag.py:2280} INFO - Setting next_dagrun for example_short_circuit_operator to 2023-08-18 00:00:00+00:00
[2023-08-20 11:44:28,325] {scheduler_job.py:190} INFO - Processing /home/airflow/.local/lib/python3.6/site-packages/airflow/example_dags/example_short_circuit_operator.py took 0.087 seconds
[2023-08-20 11:44:59,096] {scheduler_job.py:182} INFO - Started process (PID=291) to work on /home/airflow/.local/lib/python3.6/site-packages/airflow/example_dags/example_short_circuit_operator.py
[2023-08-20 11:44:59,098] {scheduler_job.py:629} INFO - Processing file /home/airflow/.local/lib/python3.6/site-packages/airflow/example_dags/example_short_circuit_operator.py for tasks to queue
[2023-08-20 11:44:59,099] {logging_mixin.py:104} INFO - [2023-08-20 11:44:59,099] {dagbag.py:451} INFO - Filling up the DagBag from /home/airflow/.local/lib/python3.6/site-packages/airflow/example_dags/example_short_circuit_operator.py
[2023-08-20 11:44:59,117] {scheduler_job.py:639} INFO - DAG(s) dict_keys(['example_short_circuit_operator']) retrieved from /home/airflow/.local/lib/python3.6/site-packages/airflow/example_dags/example_short_circuit_operator.py
[2023-08-20 11:44:59,142] {logging_mixin.py:104} INFO - [2023-08-20 11:44:59,142] {dag.py:1824} INFO - Sync 1 DAGs
[2023-08-20 11:44:59,158] {logging_mixin.py:104} INFO - [2023-08-20 11:44:59,158] {dag.py:2280} INFO - Setting next_dagrun for example_short_circuit_operator to 2023-08-18 00:00:00+00:00
[2023-08-20 11:44:59,175] {scheduler_job.py:190} INFO - Processing /home/airflow/.local/lib/python3.6/site-packages/airflow/example_dags/example_short_circuit_operator.py took 0.081 seconds
[2023-08-20 11:45:29,968] {scheduler_job.py:182} INFO - Started process (PID=317) to work on /home/airflow/.local/lib/python3.6/site-packages/airflow/example_dags/example_short_circuit_operator.py
[2023-08-20 11:45:29,971] {scheduler_job.py:629} INFO - Processing file /home/airflow/.local/lib/python3.6/site-packages/airflow/example_dags/example_short_circuit_operator.py for tasks to queue
[2023-08-20 11:45:29,973] {logging_mixin.py:104} INFO - [2023-08-20 11:45:29,973] {dagbag.py:451} INFO - Filling up the DagBag from /home/airflow/.local/lib/python3.6/site-packages/airflow/example_dags/example_short_circuit_operator.py
[2023-08-20 11:45:29,997] {scheduler_job.py:639} INFO - DAG(s) dict_keys(['example_short_circuit_operator']) retrieved from /home/airflow/.local/lib/python3.6/site-packages/airflow/example_dags/example_short_circuit_operator.py
[2023-08-20 11:45:30,031] {logging_mixin.py:104} INFO - [2023-08-20 11:45:30,031] {dag.py:1824} INFO - Sync 1 DAGs
[2023-08-20 11:45:30,052] {logging_mixin.py:104} INFO - [2023-08-20 11:45:30,052] {dag.py:2280} INFO - Setting next_dagrun for example_short_circuit_operator to 2023-08-18 00:00:00+00:00
[2023-08-20 11:45:30,072] {scheduler_job.py:190} INFO - Processing /home/airflow/.local/lib/python3.6/site-packages/airflow/example_dags/example_short_circuit_operator.py took 0.108 seconds
[2023-08-20 11:46:00,161] {scheduler_job.py:182} INFO - Started process (PID=342) to work on /home/airflow/.local/lib/python3.6/site-packages/airflow/example_dags/example_short_circuit_operator.py
[2023-08-20 11:46:00,164] {scheduler_job.py:629} INFO - Processing file /home/airflow/.local/lib/python3.6/site-packages/airflow/example_dags/example_short_circuit_operator.py for tasks to queue
[2023-08-20 11:46:00,165] {logging_mixin.py:104} INFO - [2023-08-20 11:46:00,165] {dagbag.py:451} INFO - Filling up the DagBag from /home/airflow/.local/lib/python3.6/site-packages/airflow/example_dags/example_short_circuit_operator.py
[2023-08-20 11:46:00,184] {scheduler_job.py:639} INFO - DAG(s) dict_keys(['example_short_circuit_operator']) retrieved from /home/airflow/.local/lib/python3.6/site-packages/airflow/example_dags/example_short_circuit_operator.py
[2023-08-20 11:46:00,215] {logging_mixin.py:104} INFO - [2023-08-20 11:46:00,214] {dag.py:1824} INFO - Sync 1 DAGs
[2023-08-20 11:46:00,237] {logging_mixin.py:104} INFO - [2023-08-20 11:46:00,237] {dag.py:2280} INFO - Setting next_dagrun for example_short_circuit_operator to 2023-08-18 00:00:00+00:00
[2023-08-20 11:46:00,259] {scheduler_job.py:190} INFO - Processing /home/airflow/.local/lib/python3.6/site-packages/airflow/example_dags/example_short_circuit_operator.py took 0.101 seconds
[2023-08-20 11:46:30,984] {scheduler_job.py:182} INFO - Started process (PID=366) to work on /home/airflow/.local/lib/python3.6/site-packages/airflow/example_dags/example_short_circuit_operator.py
[2023-08-20 11:46:30,986] {scheduler_job.py:629} INFO - Processing file /home/airflow/.local/lib/python3.6/site-packages/airflow/example_dags/example_short_circuit_operator.py for tasks to queue
[2023-08-20 11:46:30,987] {logging_mixin.py:104} INFO - [2023-08-20 11:46:30,987] {dagbag.py:451} INFO - Filling up the DagBag from /home/airflow/.local/lib/python3.6/site-packages/airflow/example_dags/example_short_circuit_operator.py
[2023-08-20 11:46:31,007] {scheduler_job.py:639} INFO - DAG(s) dict_keys(['example_short_circuit_operator']) retrieved from /home/airflow/.local/lib/python3.6/site-packages/airflow/example_dags/example_short_circuit_operator.py
[2023-08-20 11:46:31,031] {logging_mixin.py:104} INFO - [2023-08-20 11:46:31,031] {dag.py:1824} INFO - Sync 1 DAGs
[2023-08-20 11:46:31,051] {logging_mixin.py:104} INFO - [2023-08-20 11:46:31,051] {dag.py:2280} INFO - Setting next_dagrun for example_short_circuit_operator to 2023-08-18 00:00:00+00:00
[2023-08-20 11:46:31,065] {scheduler_job.py:190} INFO - Processing /home/airflow/.local/lib/python3.6/site-packages/airflow/example_dags/example_short_circuit_operator.py took 0.084 seconds
[2023-08-20 11:47:01,860] {scheduler_job.py:182} INFO - Started process (PID=391) to work on /home/airflow/.local/lib/python3.6/site-packages/airflow/example_dags/example_short_circuit_operator.py
[2023-08-20 11:47:01,862] {scheduler_job.py:629} INFO - Processing file /home/airflow/.local/lib/python3.6/site-packages/airflow/example_dags/example_short_circuit_operator.py for tasks to queue
[2023-08-20 11:47:01,864] {logging_mixin.py:104} INFO - [2023-08-20 11:47:01,863] {dagbag.py:451} INFO - Filling up the DagBag from /home/airflow/.local/lib/python3.6/site-packages/airflow/example_dags/example_short_circuit_operator.py
[2023-08-20 11:47:01,882] {scheduler_job.py:639} INFO - DAG(s) dict_keys(['example_short_circuit_operator']) retrieved from /home/airflow/.local/lib/python3.6/site-packages/airflow/example_dags/example_short_circuit_operator.py
[2023-08-20 11:47:01,906] {logging_mixin.py:104} INFO - [2023-08-20 11:47:01,906] {dag.py:1824} INFO - Sync 1 DAGs
[2023-08-20 11:47:01,922] {logging_mixin.py:104} INFO - [2023-08-20 11:47:01,922] {dag.py:2280} INFO - Setting next_dagrun for example_short_circuit_operator to 2023-08-18 00:00:00+00:00
[2023-08-20 11:47:01,937] {scheduler_job.py:190} INFO - Processing /home/airflow/.local/lib/python3.6/site-packages/airflow/example_dags/example_short_circuit_operator.py took 0.080 seconds
[2023-08-20 11:47:32,627] {scheduler_job.py:182} INFO - Started process (PID=417) to work on /home/airflow/.local/lib/python3.6/site-packages/airflow/example_dags/example_short_circuit_operator.py
[2023-08-20 11:47:32,634] {scheduler_job.py:629} INFO - Processing file /home/airflow/.local/lib/python3.6/site-packages/airflow/example_dags/example_short_circuit_operator.py for tasks to queue
[2023-08-20 11:47:32,636] {logging_mixin.py:104} INFO - [2023-08-20 11:47:32,636] {dagbag.py:451} INFO - Filling up the DagBag from /home/airflow/.local/lib/python3.6/site-packages/airflow/example_dags/example_short_circuit_operator.py
[2023-08-20 11:47:32,649] {scheduler_job.py:639} INFO - DAG(s) dict_keys(['example_short_circuit_operator']) retrieved from /home/airflow/.local/lib/python3.6/site-packages/airflow/example_dags/example_short_circuit_operator.py
[2023-08-20 11:47:32,672] {logging_mixin.py:104} INFO - [2023-08-20 11:47:32,672] {dag.py:1824} INFO - Sync 1 DAGs
[2023-08-20 11:47:32,689] {logging_mixin.py:104} INFO - [2023-08-20 11:47:32,689] {dag.py:2280} INFO - Setting next_dagrun for example_short_circuit_operator to 2023-08-18 00:00:00+00:00
[2023-08-20 11:47:32,702] {scheduler_job.py:190} INFO - Processing /home/airflow/.local/lib/python3.6/site-packages/airflow/example_dags/example_short_circuit_operator.py took 0.078 seconds
[2023-08-20 11:48:02,899] {scheduler_job.py:182} INFO - Started process (PID=443) to work on /home/airflow/.local/lib/python3.6/site-packages/airflow/example_dags/example_short_circuit_operator.py
[2023-08-20 11:48:02,901] {scheduler_job.py:629} INFO - Processing file /home/airflow/.local/lib/python3.6/site-packages/airflow/example_dags/example_short_circuit_operator.py for tasks to queue
[2023-08-20 11:48:02,902] {logging_mixin.py:104} INFO - [2023-08-20 11:48:02,902] {dagbag.py:451} INFO - Filling up the DagBag from /home/airflow/.local/lib/python3.6/site-packages/airflow/example_dags/example_short_circuit_operator.py
[2023-08-20 11:48:02,918] {scheduler_job.py:639} INFO - DAG(s) dict_keys(['example_short_circuit_operator']) retrieved from /home/airflow/.local/lib/python3.6/site-packages/airflow/example_dags/example_short_circuit_operator.py
[2023-08-20 11:48:02,944] {logging_mixin.py:104} INFO - [2023-08-20 11:48:02,943] {dag.py:1824} INFO - Sync 1 DAGs
[2023-08-20 11:48:02,964] {logging_mixin.py:104} INFO - [2023-08-20 11:48:02,964] {dag.py:2280} INFO - Setting next_dagrun for example_short_circuit_operator to 2023-08-18 00:00:00+00:00
[2023-08-20 11:48:02,980] {scheduler_job.py:190} INFO - Processing /home/airflow/.local/lib/python3.6/site-packages/airflow/example_dags/example_short_circuit_operator.py took 0.086 seconds
[2023-08-20 11:48:33,201] {scheduler_job.py:182} INFO - Started process (PID=468) to work on /home/airflow/.local/lib/python3.6/site-packages/airflow/example_dags/example_short_circuit_operator.py
[2023-08-20 11:48:33,203] {scheduler_job.py:629} INFO - Processing file /home/airflow/.local/lib/python3.6/site-packages/airflow/example_dags/example_short_circuit_operator.py for tasks to queue
[2023-08-20 11:48:33,205] {logging_mixin.py:104} INFO - [2023-08-20 11:48:33,205] {dagbag.py:451} INFO - Filling up the DagBag from /home/airflow/.local/lib/python3.6/site-packages/airflow/example_dags/example_short_circuit_operator.py
[2023-08-20 11:48:33,222] {scheduler_job.py:639} INFO - DAG(s) dict_keys(['example_short_circuit_operator']) retrieved from /home/airflow/.local/lib/python3.6/site-packages/airflow/example_dags/example_short_circuit_operator.py
[2023-08-20 11:48:33,250] {logging_mixin.py:104} INFO - [2023-08-20 11:48:33,250] {dag.py:1824} INFO - Sync 1 DAGs
[2023-08-20 11:48:33,269] {logging_mixin.py:104} INFO - [2023-08-20 11:48:33,269] {dag.py:2280} INFO - Setting next_dagrun for example_short_circuit_operator to 2023-08-18 00:00:00+00:00
[2023-08-20 11:48:33,289] {scheduler_job.py:190} INFO - Processing /home/airflow/.local/lib/python3.6/site-packages/airflow/example_dags/example_short_circuit_operator.py took 0.093 seconds
[2023-08-20 11:49:04,216] {scheduler_job.py:182} INFO - Started process (PID=495) to work on /home/airflow/.local/lib/python3.6/site-packages/airflow/example_dags/example_short_circuit_operator.py
[2023-08-20 11:49:04,218] {scheduler_job.py:629} INFO - Processing file /home/airflow/.local/lib/python3.6/site-packages/airflow/example_dags/example_short_circuit_operator.py for tasks to queue
[2023-08-20 11:49:04,220] {logging_mixin.py:104} INFO - [2023-08-20 11:49:04,219] {dagbag.py:451} INFO - Filling up the DagBag from /home/airflow/.local/lib/python3.6/site-packages/airflow/example_dags/example_short_circuit_operator.py
[2023-08-20 11:49:04,235] {scheduler_job.py:639} INFO - DAG(s) dict_keys(['example_short_circuit_operator']) retrieved from /home/airflow/.local/lib/python3.6/site-packages/airflow/example_dags/example_short_circuit_operator.py
[2023-08-20 11:49:04,260] {logging_mixin.py:104} INFO - [2023-08-20 11:49:04,260] {dag.py:1824} INFO - Sync 1 DAGs
[2023-08-20 11:49:04,277] {logging_mixin.py:104} INFO - [2023-08-20 11:49:04,277] {dag.py:2280} INFO - Setting next_dagrun for example_short_circuit_operator to 2023-08-18 00:00:00+00:00
[2023-08-20 11:49:04,297] {scheduler_job.py:190} INFO - Processing /home/airflow/.local/lib/python3.6/site-packages/airflow/example_dags/example_short_circuit_operator.py took 0.084 seconds
[2023-08-20 11:49:34,558] {scheduler_job.py:182} INFO - Started process (PID=521) to work on /home/airflow/.local/lib/python3.6/site-packages/airflow/example_dags/example_short_circuit_operator.py
[2023-08-20 11:49:34,563] {scheduler_job.py:629} INFO - Processing file /home/airflow/.local/lib/python3.6/site-packages/airflow/example_dags/example_short_circuit_operator.py for tasks to queue
[2023-08-20 11:49:34,568] {logging_mixin.py:104} INFO - [2023-08-20 11:49:34,567] {dagbag.py:451} INFO - Filling up the DagBag from /home/airflow/.local/lib/python3.6/site-packages/airflow/example_dags/example_short_circuit_operator.py
[2023-08-20 11:49:34,581] {scheduler_job.py:639} INFO - DAG(s) dict_keys(['example_short_circuit_operator']) retrieved from /home/airflow/.local/lib/python3.6/site-packages/airflow/example_dags/example_short_circuit_operator.py
[2023-08-20 11:49:34,614] {logging_mixin.py:104} INFO - [2023-08-20 11:49:34,613] {dag.py:1824} INFO - Sync 1 DAGs
[2023-08-20 11:49:34,631] {logging_mixin.py:104} INFO - [2023-08-20 11:49:34,631] {dag.py:2280} INFO - Setting next_dagrun for example_short_circuit_operator to 2023-08-18 00:00:00+00:00
[2023-08-20 11:49:34,643] {scheduler_job.py:190} INFO - Processing /home/airflow/.local/lib/python3.6/site-packages/airflow/example_dags/example_short_circuit_operator.py took 0.090 seconds
[2023-08-20 11:50:05,341] {scheduler_job.py:182} INFO - Started process (PID=546) to work on /home/airflow/.local/lib/python3.6/site-packages/airflow/example_dags/example_short_circuit_operator.py
[2023-08-20 11:50:05,343] {scheduler_job.py:629} INFO - Processing file /home/airflow/.local/lib/python3.6/site-packages/airflow/example_dags/example_short_circuit_operator.py for tasks to queue
[2023-08-20 11:50:05,344] {logging_mixin.py:104} INFO - [2023-08-20 11:50:05,344] {dagbag.py:451} INFO - Filling up the DagBag from /home/airflow/.local/lib/python3.6/site-packages/airflow/example_dags/example_short_circuit_operator.py
[2023-08-20 11:50:05,362] {scheduler_job.py:639} INFO - DAG(s) dict_keys(['example_short_circuit_operator']) retrieved from /home/airflow/.local/lib/python3.6/site-packages/airflow/example_dags/example_short_circuit_operator.py
[2023-08-20 11:50:05,388] {logging_mixin.py:104} INFO - [2023-08-20 11:50:05,388] {dag.py:1824} INFO - Sync 1 DAGs
[2023-08-20 11:50:05,408] {logging_mixin.py:104} INFO - [2023-08-20 11:50:05,408] {dag.py:2280} INFO - Setting next_dagrun for example_short_circuit_operator to 2023-08-18 00:00:00+00:00
[2023-08-20 11:50:05,424] {scheduler_job.py:190} INFO - Processing /home/airflow/.local/lib/python3.6/site-packages/airflow/example_dags/example_short_circuit_operator.py took 0.087 seconds
[2023-08-20 11:50:36,037] {scheduler_job.py:182} INFO - Started process (PID=572) to work on /home/airflow/.local/lib/python3.6/site-packages/airflow/example_dags/example_short_circuit_operator.py
[2023-08-20 11:50:36,039] {scheduler_job.py:629} INFO - Processing file /home/airflow/.local/lib/python3.6/site-packages/airflow/example_dags/example_short_circuit_operator.py for tasks to queue
[2023-08-20 11:50:36,040] {logging_mixin.py:104} INFO - [2023-08-20 11:50:36,040] {dagbag.py:451} INFO - Filling up the DagBag from /home/airflow/.local/lib/python3.6/site-packages/airflow/example_dags/example_short_circuit_operator.py
[2023-08-20 11:50:36,055] {scheduler_job.py:639} INFO - DAG(s) dict_keys(['example_short_circuit_operator']) retrieved from /home/airflow/.local/lib/python3.6/site-packages/airflow/example_dags/example_short_circuit_operator.py
[2023-08-20 11:50:36,083] {logging_mixin.py:104} INFO - [2023-08-20 11:50:36,082] {dag.py:1824} INFO - Sync 1 DAGs
[2023-08-20 11:50:36,104] {logging_mixin.py:104} INFO - [2023-08-20 11:50:36,104] {dag.py:2280} INFO - Setting next_dagrun for example_short_circuit_operator to 2023-08-18 00:00:00+00:00
[2023-08-20 11:50:36,119] {scheduler_job.py:190} INFO - Processing /home/airflow/.local/lib/python3.6/site-packages/airflow/example_dags/example_short_circuit_operator.py took 0.085 seconds
[2023-08-20 11:51:06,730] {scheduler_job.py:182} INFO - Started process (PID=600) to work on /home/airflow/.local/lib/python3.6/site-packages/airflow/example_dags/example_short_circuit_operator.py
[2023-08-20 11:51:06,732] {scheduler_job.py:629} INFO - Processing file /home/airflow/.local/lib/python3.6/site-packages/airflow/example_dags/example_short_circuit_operator.py for tasks to queue
[2023-08-20 11:51:06,733] {logging_mixin.py:104} INFO - [2023-08-20 11:51:06,733] {dagbag.py:451} INFO - Filling up the DagBag from /home/airflow/.local/lib/python3.6/site-packages/airflow/example_dags/example_short_circuit_operator.py
[2023-08-20 11:51:06,749] {scheduler_job.py:639} INFO - DAG(s) dict_keys(['example_short_circuit_operator']) retrieved from /home/airflow/.local/lib/python3.6/site-packages/airflow/example_dags/example_short_circuit_operator.py
[2023-08-20 11:51:06,772] {logging_mixin.py:104} INFO - [2023-08-20 11:51:06,772] {dag.py:1824} INFO - Sync 1 DAGs
[2023-08-20 11:51:06,788] {logging_mixin.py:104} INFO - [2023-08-20 11:51:06,788] {dag.py:2280} INFO - Setting next_dagrun for example_short_circuit_operator to 2023-08-18 00:00:00+00:00
[2023-08-20 11:51:06,802] {scheduler_job.py:190} INFO - Processing /home/airflow/.local/lib/python3.6/site-packages/airflow/example_dags/example_short_circuit_operator.py took 0.076 seconds
[2023-08-20 11:51:37,949] {scheduler_job.py:182} INFO - Started process (PID=629) to work on /home/airflow/.local/lib/python3.6/site-packages/airflow/example_dags/example_short_circuit_operator.py
[2023-08-20 11:51:37,951] {scheduler_job.py:629} INFO - Processing file /home/airflow/.local/lib/python3.6/site-packages/airflow/example_dags/example_short_circuit_operator.py for tasks to queue
[2023-08-20 11:51:37,952] {logging_mixin.py:104} INFO - [2023-08-20 11:51:37,952] {dagbag.py:451} INFO - Filling up the DagBag from /home/airflow/.local/lib/python3.6/site-packages/airflow/example_dags/example_short_circuit_operator.py
[2023-08-20 11:51:37,966] {scheduler_job.py:639} INFO - DAG(s) dict_keys(['example_short_circuit_operator']) retrieved from /home/airflow/.local/lib/python3.6/site-packages/airflow/example_dags/example_short_circuit_operator.py
[2023-08-20 11:51:37,993] {logging_mixin.py:104} INFO - [2023-08-20 11:51:37,993] {dag.py:1824} INFO - Sync 1 DAGs
[2023-08-20 11:51:38,010] {logging_mixin.py:104} INFO - [2023-08-20 11:51:38,010] {dag.py:2280} INFO - Setting next_dagrun for example_short_circuit_operator to 2023-08-18 00:00:00+00:00
[2023-08-20 11:51:38,025] {scheduler_job.py:190} INFO - Processing /home/airflow/.local/lib/python3.6/site-packages/airflow/example_dags/example_short_circuit_operator.py took 0.079 seconds
[2023-08-20 11:52:08,515] {scheduler_job.py:182} INFO - Started process (PID=654) to work on /home/airflow/.local/lib/python3.6/site-packages/airflow/example_dags/example_short_circuit_operator.py
[2023-08-20 11:52:08,517] {scheduler_job.py:629} INFO - Processing file /home/airflow/.local/lib/python3.6/site-packages/airflow/example_dags/example_short_circuit_operator.py for tasks to queue
[2023-08-20 11:52:08,518] {logging_mixin.py:104} INFO - [2023-08-20 11:52:08,518] {dagbag.py:451} INFO - Filling up the DagBag from /home/airflow/.local/lib/python3.6/site-packages/airflow/example_dags/example_short_circuit_operator.py
[2023-08-20 11:52:08,538] {scheduler_job.py:639} INFO - DAG(s) dict_keys(['example_short_circuit_operator']) retrieved from /home/airflow/.local/lib/python3.6/site-packages/airflow/example_dags/example_short_circuit_operator.py
[2023-08-20 11:52:08,566] {logging_mixin.py:104} INFO - [2023-08-20 11:52:08,565] {dag.py:1824} INFO - Sync 1 DAGs
[2023-08-20 11:52:08,590] {logging_mixin.py:104} INFO - [2023-08-20 11:52:08,590] {dag.py:2280} INFO - Setting next_dagrun for example_short_circuit_operator to 2023-08-18 00:00:00+00:00
[2023-08-20 11:52:08,606] {scheduler_job.py:190} INFO - Processing /home/airflow/.local/lib/python3.6/site-packages/airflow/example_dags/example_short_circuit_operator.py took 0.095 seconds
[2023-08-20 11:52:38,964] {scheduler_job.py:182} INFO - Started process (PID=677) to work on /home/airflow/.local/lib/python3.6/site-packages/airflow/example_dags/example_short_circuit_operator.py
[2023-08-20 11:52:38,967] {scheduler_job.py:629} INFO - Processing file /home/airflow/.local/lib/python3.6/site-packages/airflow/example_dags/example_short_circuit_operator.py for tasks to queue
[2023-08-20 11:52:38,968] {logging_mixin.py:104} INFO - [2023-08-20 11:52:38,968] {dagbag.py:451} INFO - Filling up the DagBag from /home/airflow/.local/lib/python3.6/site-packages/airflow/example_dags/example_short_circuit_operator.py
[2023-08-20 11:52:38,984] {scheduler_job.py:639} INFO - DAG(s) dict_keys(['example_short_circuit_operator']) retrieved from /home/airflow/.local/lib/python3.6/site-packages/airflow/example_dags/example_short_circuit_operator.py
[2023-08-20 11:52:39,010] {logging_mixin.py:104} INFO - [2023-08-20 11:52:39,010] {dag.py:1824} INFO - Sync 1 DAGs
[2023-08-20 11:52:39,031] {logging_mixin.py:104} INFO - [2023-08-20 11:52:39,030] {dag.py:2280} INFO - Setting next_dagrun for example_short_circuit_operator to 2023-08-18 00:00:00+00:00
[2023-08-20 11:52:39,044] {scheduler_job.py:190} INFO - Processing /home/airflow/.local/lib/python3.6/site-packages/airflow/example_dags/example_short_circuit_operator.py took 0.085 seconds
[2023-08-20 11:53:09,812] {scheduler_job.py:182} INFO - Started process (PID=703) to work on /home/airflow/.local/lib/python3.6/site-packages/airflow/example_dags/example_short_circuit_operator.py
[2023-08-20 11:53:09,814] {scheduler_job.py:629} INFO - Processing file /home/airflow/.local/lib/python3.6/site-packages/airflow/example_dags/example_short_circuit_operator.py for tasks to queue
[2023-08-20 11:53:09,815] {logging_mixin.py:104} INFO - [2023-08-20 11:53:09,815] {dagbag.py:451} INFO - Filling up the DagBag from /home/airflow/.local/lib/python3.6/site-packages/airflow/example_dags/example_short_circuit_operator.py
[2023-08-20 11:53:09,830] {scheduler_job.py:639} INFO - DAG(s) dict_keys(['example_short_circuit_operator']) retrieved from /home/airflow/.local/lib/python3.6/site-packages/airflow/example_dags/example_short_circuit_operator.py
[2023-08-20 11:53:09,855] {logging_mixin.py:104} INFO - [2023-08-20 11:53:09,855] {dag.py:1824} INFO - Sync 1 DAGs
[2023-08-20 11:53:09,873] {logging_mixin.py:104} INFO - [2023-08-20 11:53:09,873] {dag.py:2280} INFO - Setting next_dagrun for example_short_circuit_operator to 2023-08-18 00:00:00+00:00
[2023-08-20 11:53:09,887] {scheduler_job.py:190} INFO - Processing /home/airflow/.local/lib/python3.6/site-packages/airflow/example_dags/example_short_circuit_operator.py took 0.078 seconds
[2023-08-20 11:53:40,828] {scheduler_job.py:182} INFO - Started process (PID=729) to work on /home/airflow/.local/lib/python3.6/site-packages/airflow/example_dags/example_short_circuit_operator.py
[2023-08-20 11:53:40,830] {scheduler_job.py:629} INFO - Processing file /home/airflow/.local/lib/python3.6/site-packages/airflow/example_dags/example_short_circuit_operator.py for tasks to queue
[2023-08-20 11:53:40,832] {logging_mixin.py:104} INFO - [2023-08-20 11:53:40,832] {dagbag.py:451} INFO - Filling up the DagBag from /home/airflow/.local/lib/python3.6/site-packages/airflow/example_dags/example_short_circuit_operator.py
[2023-08-20 11:53:40,848] {scheduler_job.py:639} INFO - DAG(s) dict_keys(['example_short_circuit_operator']) retrieved from /home/airflow/.local/lib/python3.6/site-packages/airflow/example_dags/example_short_circuit_operator.py
[2023-08-20 11:53:40,872] {logging_mixin.py:104} INFO - [2023-08-20 11:53:40,872] {dag.py:1824} INFO - Sync 1 DAGs
[2023-08-20 11:53:40,889] {logging_mixin.py:104} INFO - [2023-08-20 11:53:40,889] {dag.py:2280} INFO - Setting next_dagrun for example_short_circuit_operator to 2023-08-18 00:00:00+00:00
[2023-08-20 11:53:40,902] {scheduler_job.py:190} INFO - Processing /home/airflow/.local/lib/python3.6/site-packages/airflow/example_dags/example_short_circuit_operator.py took 0.078 seconds
[2023-08-20 11:54:11,747] {scheduler_job.py:182} INFO - Started process (PID=755) to work on /home/airflow/.local/lib/python3.6/site-packages/airflow/example_dags/example_short_circuit_operator.py
[2023-08-20 11:54:11,749] {scheduler_job.py:629} INFO - Processing file /home/airflow/.local/lib/python3.6/site-packages/airflow/example_dags/example_short_circuit_operator.py for tasks to queue
[2023-08-20 11:54:11,751] {logging_mixin.py:104} INFO - [2023-08-20 11:54:11,751] {dagbag.py:451} INFO - Filling up the DagBag from /home/airflow/.local/lib/python3.6/site-packages/airflow/example_dags/example_short_circuit_operator.py
[2023-08-20 11:54:11,766] {scheduler_job.py:639} INFO - DAG(s) dict_keys(['example_short_circuit_operator']) retrieved from /home/airflow/.local/lib/python3.6/site-packages/airflow/example_dags/example_short_circuit_operator.py
[2023-08-20 11:54:11,788] {logging_mixin.py:104} INFO - [2023-08-20 11:54:11,788] {dag.py:1824} INFO - Sync 1 DAGs
[2023-08-20 11:54:11,808] {logging_mixin.py:104} INFO - [2023-08-20 11:54:11,808] {dag.py:2280} INFO - Setting next_dagrun for example_short_circuit_operator to 2023-08-18 00:00:00+00:00
[2023-08-20 11:54:11,831] {scheduler_job.py:190} INFO - Processing /home/airflow/.local/lib/python3.6/site-packages/airflow/example_dags/example_short_circuit_operator.py took 0.088 seconds
[2023-08-20 11:54:42,670] {scheduler_job.py:182} INFO - Started process (PID=781) to work on /home/airflow/.local/lib/python3.6/site-packages/airflow/example_dags/example_short_circuit_operator.py
[2023-08-20 11:54:42,672] {scheduler_job.py:629} INFO - Processing file /home/airflow/.local/lib/python3.6/site-packages/airflow/example_dags/example_short_circuit_operator.py for tasks to queue
[2023-08-20 11:54:42,674] {logging_mixin.py:104} INFO - [2023-08-20 11:54:42,674] {dagbag.py:451} INFO - Filling up the DagBag from /home/airflow/.local/lib/python3.6/site-packages/airflow/example_dags/example_short_circuit_operator.py
[2023-08-20 11:54:42,694] {scheduler_job.py:639} INFO - DAG(s) dict_keys(['example_short_circuit_operator']) retrieved from /home/airflow/.local/lib/python3.6/site-packages/airflow/example_dags/example_short_circuit_operator.py
[2023-08-20 11:54:42,721] {logging_mixin.py:104} INFO - [2023-08-20 11:54:42,720] {dag.py:1824} INFO - Sync 1 DAGs
[2023-08-20 11:54:42,740] {logging_mixin.py:104} INFO - [2023-08-20 11:54:42,739] {dag.py:2280} INFO - Setting next_dagrun for example_short_circuit_operator to 2023-08-18 00:00:00+00:00
[2023-08-20 11:54:42,755] {scheduler_job.py:190} INFO - Processing /home/airflow/.local/lib/python3.6/site-packages/airflow/example_dags/example_short_circuit_operator.py took 0.089 seconds
[2023-08-20 11:55:13,335] {scheduler_job.py:182} INFO - Started process (PID=807) to work on /home/airflow/.local/lib/python3.6/site-packages/airflow/example_dags/example_short_circuit_operator.py
[2023-08-20 11:55:13,337] {scheduler_job.py:629} INFO - Processing file /home/airflow/.local/lib/python3.6/site-packages/airflow/example_dags/example_short_circuit_operator.py for tasks to queue
[2023-08-20 11:55:13,338] {logging_mixin.py:104} INFO - [2023-08-20 11:55:13,338] {dagbag.py:451} INFO - Filling up the DagBag from /home/airflow/.local/lib/python3.6/site-packages/airflow/example_dags/example_short_circuit_operator.py
[2023-08-20 11:55:13,354] {scheduler_job.py:639} INFO - DAG(s) dict_keys(['example_short_circuit_operator']) retrieved from /home/airflow/.local/lib/python3.6/site-packages/airflow/example_dags/example_short_circuit_operator.py
[2023-08-20 11:55:13,378] {logging_mixin.py:104} INFO - [2023-08-20 11:55:13,378] {dag.py:1824} INFO - Sync 1 DAGs
[2023-08-20 11:55:13,395] {logging_mixin.py:104} INFO - [2023-08-20 11:55:13,395] {dag.py:2280} INFO - Setting next_dagrun for example_short_circuit_operator to 2023-08-18 00:00:00+00:00
[2023-08-20 11:55:13,406] {scheduler_job.py:190} INFO - Processing /home/airflow/.local/lib/python3.6/site-packages/airflow/example_dags/example_short_circuit_operator.py took 0.074 seconds
[2023-08-20 11:55:44,307] {scheduler_job.py:182} INFO - Started process (PID=836) to work on /home/airflow/.local/lib/python3.6/site-packages/airflow/example_dags/example_short_circuit_operator.py
[2023-08-20 11:55:44,309] {scheduler_job.py:629} INFO - Processing file /home/airflow/.local/lib/python3.6/site-packages/airflow/example_dags/example_short_circuit_operator.py for tasks to queue
[2023-08-20 11:55:44,311] {logging_mixin.py:104} INFO - [2023-08-20 11:55:44,311] {dagbag.py:451} INFO - Filling up the DagBag from /home/airflow/.local/lib/python3.6/site-packages/airflow/example_dags/example_short_circuit_operator.py
[2023-08-20 11:55:44,325] {scheduler_job.py:639} INFO - DAG(s) dict_keys(['example_short_circuit_operator']) retrieved from /home/airflow/.local/lib/python3.6/site-packages/airflow/example_dags/example_short_circuit_operator.py
[2023-08-20 11:55:44,349] {logging_mixin.py:104} INFO - [2023-08-20 11:55:44,349] {dag.py:1824} INFO - Sync 1 DAGs
[2023-08-20 11:55:44,366] {logging_mixin.py:104} INFO - [2023-08-20 11:55:44,366] {dag.py:2280} INFO - Setting next_dagrun for example_short_circuit_operator to 2023-08-18 00:00:00+00:00
[2023-08-20 11:55:44,380] {scheduler_job.py:190} INFO - Processing /home/airflow/.local/lib/python3.6/site-packages/airflow/example_dags/example_short_circuit_operator.py took 0.075 seconds
[2023-08-20 11:56:14,827] {scheduler_job.py:182} INFO - Started process (PID=861) to work on /home/airflow/.local/lib/python3.6/site-packages/airflow/example_dags/example_short_circuit_operator.py
[2023-08-20 11:56:14,828] {scheduler_job.py:629} INFO - Processing file /home/airflow/.local/lib/python3.6/site-packages/airflow/example_dags/example_short_circuit_operator.py for tasks to queue
[2023-08-20 11:56:14,830] {logging_mixin.py:104} INFO - [2023-08-20 11:56:14,830] {dagbag.py:451} INFO - Filling up the DagBag from /home/airflow/.local/lib/python3.6/site-packages/airflow/example_dags/example_short_circuit_operator.py
[2023-08-20 11:56:14,845] {scheduler_job.py:639} INFO - DAG(s) dict_keys(['example_short_circuit_operator']) retrieved from /home/airflow/.local/lib/python3.6/site-packages/airflow/example_dags/example_short_circuit_operator.py
[2023-08-20 11:56:14,870] {logging_mixin.py:104} INFO - [2023-08-20 11:56:14,870] {dag.py:1824} INFO - Sync 1 DAGs
[2023-08-20 11:56:14,888] {logging_mixin.py:104} INFO - [2023-08-20 11:56:14,888] {dag.py:2280} INFO - Setting next_dagrun for example_short_circuit_operator to 2023-08-18 00:00:00+00:00
[2023-08-20 11:56:14,901] {scheduler_job.py:190} INFO - Processing /home/airflow/.local/lib/python3.6/site-packages/airflow/example_dags/example_short_circuit_operator.py took 0.078 seconds
[2023-08-20 11:56:45,257] {scheduler_job.py:182} INFO - Started process (PID=885) to work on /home/airflow/.local/lib/python3.6/site-packages/airflow/example_dags/example_short_circuit_operator.py
[2023-08-20 11:56:45,259] {scheduler_job.py:629} INFO - Processing file /home/airflow/.local/lib/python3.6/site-packages/airflow/example_dags/example_short_circuit_operator.py for tasks to queue
[2023-08-20 11:56:45,260] {logging_mixin.py:104} INFO - [2023-08-20 11:56:45,260] {dagbag.py:451} INFO - Filling up the DagBag from /home/airflow/.local/lib/python3.6/site-packages/airflow/example_dags/example_short_circuit_operator.py
[2023-08-20 11:56:45,274] {scheduler_job.py:639} INFO - DAG(s) dict_keys(['example_short_circuit_operator']) retrieved from /home/airflow/.local/lib/python3.6/site-packages/airflow/example_dags/example_short_circuit_operator.py
[2023-08-20 11:56:45,300] {logging_mixin.py:104} INFO - [2023-08-20 11:56:45,300] {dag.py:1824} INFO - Sync 1 DAGs
[2023-08-20 11:56:45,324] {logging_mixin.py:104} INFO - [2023-08-20 11:56:45,324] {dag.py:2280} INFO - Setting next_dagrun for example_short_circuit_operator to 2023-08-18 00:00:00+00:00
[2023-08-20 11:56:45,336] {scheduler_job.py:190} INFO - Processing /home/airflow/.local/lib/python3.6/site-packages/airflow/example_dags/example_short_circuit_operator.py took 0.083 seconds
[2023-08-20 11:57:15,870] {scheduler_job.py:182} INFO - Started process (PID=910) to work on /home/airflow/.local/lib/python3.6/site-packages/airflow/example_dags/example_short_circuit_operator.py
[2023-08-20 11:57:15,871] {scheduler_job.py:629} INFO - Processing file /home/airflow/.local/lib/python3.6/site-packages/airflow/example_dags/example_short_circuit_operator.py for tasks to queue
[2023-08-20 11:57:15,873] {logging_mixin.py:104} INFO - [2023-08-20 11:57:15,873] {dagbag.py:451} INFO - Filling up the DagBag from /home/airflow/.local/lib/python3.6/site-packages/airflow/example_dags/example_short_circuit_operator.py
[2023-08-20 11:57:15,887] {scheduler_job.py:639} INFO - DAG(s) dict_keys(['example_short_circuit_operator']) retrieved from /home/airflow/.local/lib/python3.6/site-packages/airflow/example_dags/example_short_circuit_operator.py
[2023-08-20 11:57:15,917] {logging_mixin.py:104} INFO - [2023-08-20 11:57:15,917] {dag.py:1824} INFO - Sync 1 DAGs
[2023-08-20 11:57:15,935] {logging_mixin.py:104} INFO - [2023-08-20 11:57:15,935] {dag.py:2280} INFO - Setting next_dagrun for example_short_circuit_operator to 2023-08-18 00:00:00+00:00
[2023-08-20 11:57:15,952] {scheduler_job.py:190} INFO - Processing /home/airflow/.local/lib/python3.6/site-packages/airflow/example_dags/example_short_circuit_operator.py took 0.087 seconds
[2023-08-20 11:57:46,568] {scheduler_job.py:182} INFO - Started process (PID=936) to work on /home/airflow/.local/lib/python3.6/site-packages/airflow/example_dags/example_short_circuit_operator.py
[2023-08-20 11:57:46,571] {scheduler_job.py:629} INFO - Processing file /home/airflow/.local/lib/python3.6/site-packages/airflow/example_dags/example_short_circuit_operator.py for tasks to queue
[2023-08-20 11:57:46,572] {logging_mixin.py:104} INFO - [2023-08-20 11:57:46,572] {dagbag.py:451} INFO - Filling up the DagBag from /home/airflow/.local/lib/python3.6/site-packages/airflow/example_dags/example_short_circuit_operator.py
[2023-08-20 11:57:46,587] {scheduler_job.py:639} INFO - DAG(s) dict_keys(['example_short_circuit_operator']) retrieved from /home/airflow/.local/lib/python3.6/site-packages/airflow/example_dags/example_short_circuit_operator.py
[2023-08-20 11:57:46,610] {logging_mixin.py:104} INFO - [2023-08-20 11:57:46,610] {dag.py:1824} INFO - Sync 1 DAGs
[2023-08-20 11:57:46,627] {logging_mixin.py:104} INFO - [2023-08-20 11:57:46,627] {dag.py:2280} INFO - Setting next_dagrun for example_short_circuit_operator to 2023-08-18 00:00:00+00:00
[2023-08-20 11:57:46,640] {scheduler_job.py:190} INFO - Processing /home/airflow/.local/lib/python3.6/site-packages/airflow/example_dags/example_short_circuit_operator.py took 0.077 seconds
[2023-08-20 11:58:17,168] {scheduler_job.py:182} INFO - Started process (PID=964) to work on /home/airflow/.local/lib/python3.6/site-packages/airflow/example_dags/example_short_circuit_operator.py
[2023-08-20 11:58:17,170] {scheduler_job.py:629} INFO - Processing file /home/airflow/.local/lib/python3.6/site-packages/airflow/example_dags/example_short_circuit_operator.py for tasks to queue
[2023-08-20 11:58:17,172] {logging_mixin.py:104} INFO - [2023-08-20 11:58:17,172] {dagbag.py:451} INFO - Filling up the DagBag from /home/airflow/.local/lib/python3.6/site-packages/airflow/example_dags/example_short_circuit_operator.py
[2023-08-20 11:58:17,187] {scheduler_job.py:639} INFO - DAG(s) dict_keys(['example_short_circuit_operator']) retrieved from /home/airflow/.local/lib/python3.6/site-packages/airflow/example_dags/example_short_circuit_operator.py
[2023-08-20 11:58:17,216] {logging_mixin.py:104} INFO - [2023-08-20 11:58:17,216] {dag.py:1824} INFO - Sync 1 DAGs
[2023-08-20 11:58:17,234] {logging_mixin.py:104} INFO - [2023-08-20 11:58:17,233] {dag.py:2280} INFO - Setting next_dagrun for example_short_circuit_operator to 2023-08-18 00:00:00+00:00
[2023-08-20 11:58:17,245] {scheduler_job.py:190} INFO - Processing /home/airflow/.local/lib/python3.6/site-packages/airflow/example_dags/example_short_circuit_operator.py took 0.081 seconds
[2023-08-20 11:58:47,694] {scheduler_job.py:182} INFO - Started process (PID=990) to work on /home/airflow/.local/lib/python3.6/site-packages/airflow/example_dags/example_short_circuit_operator.py
[2023-08-20 11:58:47,696] {scheduler_job.py:629} INFO - Processing file /home/airflow/.local/lib/python3.6/site-packages/airflow/example_dags/example_short_circuit_operator.py for tasks to queue
[2023-08-20 11:58:47,698] {logging_mixin.py:104} INFO - [2023-08-20 11:58:47,698] {dagbag.py:451} INFO - Filling up the DagBag from /home/airflow/.local/lib/python3.6/site-packages/airflow/example_dags/example_short_circuit_operator.py
[2023-08-20 11:58:47,713] {scheduler_job.py:639} INFO - DAG(s) dict_keys(['example_short_circuit_operator']) retrieved from /home/airflow/.local/lib/python3.6/site-packages/airflow/example_dags/example_short_circuit_operator.py
[2023-08-20 11:58:47,740] {logging_mixin.py:104} INFO - [2023-08-20 11:58:47,739] {dag.py:1824} INFO - Sync 1 DAGs
[2023-08-20 11:58:47,757] {logging_mixin.py:104} INFO - [2023-08-20 11:58:47,757] {dag.py:2280} INFO - Setting next_dagrun for example_short_circuit_operator to 2023-08-18 00:00:00+00:00
[2023-08-20 11:58:47,769] {scheduler_job.py:190} INFO - Processing /home/airflow/.local/lib/python3.6/site-packages/airflow/example_dags/example_short_circuit_operator.py took 0.078 seconds
[2023-08-20 11:59:18,319] {scheduler_job.py:182} INFO - Started process (PID=1016) to work on /home/airflow/.local/lib/python3.6/site-packages/airflow/example_dags/example_short_circuit_operator.py
[2023-08-20 11:59:18,321] {scheduler_job.py:629} INFO - Processing file /home/airflow/.local/lib/python3.6/site-packages/airflow/example_dags/example_short_circuit_operator.py for tasks to queue
[2023-08-20 11:59:18,322] {logging_mixin.py:104} INFO - [2023-08-20 11:59:18,322] {dagbag.py:451} INFO - Filling up the DagBag from /home/airflow/.local/lib/python3.6/site-packages/airflow/example_dags/example_short_circuit_operator.py
[2023-08-20 11:59:18,338] {scheduler_job.py:639} INFO - DAG(s) dict_keys(['example_short_circuit_operator']) retrieved from /home/airflow/.local/lib/python3.6/site-packages/airflow/example_dags/example_short_circuit_operator.py
[2023-08-20 11:59:18,364] {logging_mixin.py:104} INFO - [2023-08-20 11:59:18,364] {dag.py:1824} INFO - Sync 1 DAGs
[2023-08-20 11:59:18,383] {logging_mixin.py:104} INFO - [2023-08-20 11:59:18,383] {dag.py:2280} INFO - Setting next_dagrun for example_short_circuit_operator to 2023-08-18 00:00:00+00:00
[2023-08-20 11:59:18,395] {scheduler_job.py:190} INFO - Processing /home/airflow/.local/lib/python3.6/site-packages/airflow/example_dags/example_short_circuit_operator.py took 0.079 seconds
[2023-08-20 11:59:49,032] {scheduler_job.py:182} INFO - Started process (PID=1043) to work on /home/airflow/.local/lib/python3.6/site-packages/airflow/example_dags/example_short_circuit_operator.py
[2023-08-20 11:59:49,035] {scheduler_job.py:629} INFO - Processing file /home/airflow/.local/lib/python3.6/site-packages/airflow/example_dags/example_short_circuit_operator.py for tasks to queue
[2023-08-20 11:59:49,037] {logging_mixin.py:104} INFO - [2023-08-20 11:59:49,037] {dagbag.py:451} INFO - Filling up the DagBag from /home/airflow/.local/lib/python3.6/site-packages/airflow/example_dags/example_short_circuit_operator.py
[2023-08-20 11:59:49,054] {scheduler_job.py:639} INFO - DAG(s) dict_keys(['example_short_circuit_operator']) retrieved from /home/airflow/.local/lib/python3.6/site-packages/airflow/example_dags/example_short_circuit_operator.py
[2023-08-20 11:59:49,080] {logging_mixin.py:104} INFO - [2023-08-20 11:59:49,080] {dag.py:1824} INFO - Sync 1 DAGs
[2023-08-20 11:59:49,099] {logging_mixin.py:104} INFO - [2023-08-20 11:59:49,098] {dag.py:2280} INFO - Setting next_dagrun for example_short_circuit_operator to 2023-08-18 00:00:00+00:00
[2023-08-20 11:59:49,112] {scheduler_job.py:190} INFO - Processing /home/airflow/.local/lib/python3.6/site-packages/airflow/example_dags/example_short_circuit_operator.py took 0.085 seconds
[2023-08-20 12:00:19,685] {scheduler_job.py:182} INFO - Started process (PID=1069) to work on /home/airflow/.local/lib/python3.6/site-packages/airflow/example_dags/example_short_circuit_operator.py
[2023-08-20 12:00:19,687] {scheduler_job.py:629} INFO - Processing file /home/airflow/.local/lib/python3.6/site-packages/airflow/example_dags/example_short_circuit_operator.py for tasks to queue
[2023-08-20 12:00:19,688] {logging_mixin.py:104} INFO - [2023-08-20 12:00:19,688] {dagbag.py:451} INFO - Filling up the DagBag from /home/airflow/.local/lib/python3.6/site-packages/airflow/example_dags/example_short_circuit_operator.py
[2023-08-20 12:00:19,703] {scheduler_job.py:639} INFO - DAG(s) dict_keys(['example_short_circuit_operator']) retrieved from /home/airflow/.local/lib/python3.6/site-packages/airflow/example_dags/example_short_circuit_operator.py
[2023-08-20 12:00:19,729] {logging_mixin.py:104} INFO - [2023-08-20 12:00:19,729] {dag.py:1824} INFO - Sync 1 DAGs
[2023-08-20 12:00:19,750] {logging_mixin.py:104} INFO - [2023-08-20 12:00:19,750] {dag.py:2280} INFO - Setting next_dagrun for example_short_circuit_operator to 2023-08-18 00:00:00+00:00
[2023-08-20 12:00:19,764] {scheduler_job.py:190} INFO - Processing /home/airflow/.local/lib/python3.6/site-packages/airflow/example_dags/example_short_circuit_operator.py took 0.083 seconds
[2023-08-20 12:00:50,403] {scheduler_job.py:182} INFO - Started process (PID=1095) to work on /home/airflow/.local/lib/python3.6/site-packages/airflow/example_dags/example_short_circuit_operator.py
[2023-08-20 12:00:50,405] {scheduler_job.py:629} INFO - Processing file /home/airflow/.local/lib/python3.6/site-packages/airflow/example_dags/example_short_circuit_operator.py for tasks to queue
[2023-08-20 12:00:50,406] {logging_mixin.py:104} INFO - [2023-08-20 12:00:50,406] {dagbag.py:451} INFO - Filling up the DagBag from /home/airflow/.local/lib/python3.6/site-packages/airflow/example_dags/example_short_circuit_operator.py
[2023-08-20 12:00:50,421] {scheduler_job.py:639} INFO - DAG(s) dict_keys(['example_short_circuit_operator']) retrieved from /home/airflow/.local/lib/python3.6/site-packages/airflow/example_dags/example_short_circuit_operator.py
[2023-08-20 12:00:50,446] {logging_mixin.py:104} INFO - [2023-08-20 12:00:50,445] {dag.py:1824} INFO - Sync 1 DAGs
[2023-08-20 12:00:50,464] {logging_mixin.py:104} INFO - [2023-08-20 12:00:50,464] {dag.py:2280} INFO - Setting next_dagrun for example_short_circuit_operator to 2023-08-18 00:00:00+00:00
[2023-08-20 12:00:50,477] {scheduler_job.py:190} INFO - Processing /home/airflow/.local/lib/python3.6/site-packages/airflow/example_dags/example_short_circuit_operator.py took 0.078 seconds
[2023-08-20 12:01:20,981] {scheduler_job.py:182} INFO - Started process (PID=1120) to work on /home/airflow/.local/lib/python3.6/site-packages/airflow/example_dags/example_short_circuit_operator.py
[2023-08-20 12:01:20,984] {scheduler_job.py:629} INFO - Processing file /home/airflow/.local/lib/python3.6/site-packages/airflow/example_dags/example_short_circuit_operator.py for tasks to queue
[2023-08-20 12:01:20,986] {logging_mixin.py:104} INFO - [2023-08-20 12:01:20,985] {dagbag.py:451} INFO - Filling up the DagBag from /home/airflow/.local/lib/python3.6/site-packages/airflow/example_dags/example_short_circuit_operator.py
[2023-08-20 12:01:21,002] {scheduler_job.py:639} INFO - DAG(s) dict_keys(['example_short_circuit_operator']) retrieved from /home/airflow/.local/lib/python3.6/site-packages/airflow/example_dags/example_short_circuit_operator.py
[2023-08-20 12:01:21,030] {logging_mixin.py:104} INFO - [2023-08-20 12:01:21,029] {dag.py:1824} INFO - Sync 1 DAGs
[2023-08-20 12:01:21,047] {logging_mixin.py:104} INFO - [2023-08-20 12:01:21,047] {dag.py:2280} INFO - Setting next_dagrun for example_short_circuit_operator to 2023-08-18 00:00:00+00:00
[2023-08-20 12:01:21,062] {scheduler_job.py:190} INFO - Processing /home/airflow/.local/lib/python3.6/site-packages/airflow/example_dags/example_short_circuit_operator.py took 0.085 seconds
[2023-08-20T17:37:36.571+0000] {processor.py:157} INFO - Started process (PID=45) to work on /home/airflow/.local/lib/python3.8/site-packages/airflow/example_dags/example_short_circuit_operator.py
[2023-08-20T17:37:36.575+0000] {processor.py:829} INFO - Processing file /home/airflow/.local/lib/python3.8/site-packages/airflow/example_dags/example_short_circuit_operator.py for tasks to queue
[2023-08-20T17:37:36.579+0000] {logging_mixin.py:151} INFO - [2023-08-20T17:37:36.578+0000] {dagbag.py:539} INFO - Filling up the DagBag from /home/airflow/.local/lib/python3.8/site-packages/airflow/example_dags/example_short_circuit_operator.py
[2023-08-20T17:37:36.591+0000] {processor.py:839} INFO - DAG(s) dict_keys(['example_short_circuit_operator']) retrieved from /home/airflow/.local/lib/python3.8/site-packages/airflow/example_dags/example_short_circuit_operator.py
[2023-08-20T17:37:36.606+0000] {logging_mixin.py:151} INFO - [2023-08-20T17:37:36.606+0000] {dag.py:2907} INFO - Sync 1 DAGs
[2023-08-20T17:37:36.774+0000] {logging_mixin.py:151} INFO - [2023-08-20T17:37:36.774+0000] {dag.py:3677} INFO - Setting next_dagrun for example_short_circuit_operator to 2023-08-19T17:37:36.773698+00:00, run_after=2023-08-20T17:37:36.773698+00:00
[2023-08-20T17:37:36.799+0000] {processor.py:179} INFO - Processing /home/airflow/.local/lib/python3.8/site-packages/airflow/example_dags/example_short_circuit_operator.py took 0.232 seconds
[2023-08-20T17:38:06.895+0000] {processor.py:157} INFO - Started process (PID=99) to work on /home/airflow/.local/lib/python3.8/site-packages/airflow/example_dags/example_short_circuit_operator.py
[2023-08-20T17:38:06.896+0000] {processor.py:829} INFO - Processing file /home/airflow/.local/lib/python3.8/site-packages/airflow/example_dags/example_short_circuit_operator.py for tasks to queue
[2023-08-20T17:38:06.901+0000] {logging_mixin.py:151} INFO - [2023-08-20T17:38:06.901+0000] {dagbag.py:539} INFO - Filling up the DagBag from /home/airflow/.local/lib/python3.8/site-packages/airflow/example_dags/example_short_circuit_operator.py
[2023-08-20T17:38:06.915+0000] {processor.py:839} INFO - DAG(s) dict_keys(['example_short_circuit_operator']) retrieved from /home/airflow/.local/lib/python3.8/site-packages/airflow/example_dags/example_short_circuit_operator.py
[2023-08-20T17:38:06.958+0000] {logging_mixin.py:151} INFO - [2023-08-20T17:38:06.957+0000] {dag.py:2907} INFO - Sync 1 DAGs
[2023-08-20T17:38:06.996+0000] {logging_mixin.py:151} INFO - [2023-08-20T17:38:06.996+0000] {dag.py:3677} INFO - Setting next_dagrun for example_short_circuit_operator to 2023-08-19T17:38:06.995769+00:00, run_after=2023-08-20T17:38:06.995769+00:00
[2023-08-20T17:38:07.039+0000] {processor.py:179} INFO - Processing /home/airflow/.local/lib/python3.8/site-packages/airflow/example_dags/example_short_circuit_operator.py took 0.150 seconds
[2023-08-20T17:38:37.265+0000] {processor.py:157} INFO - Started process (PID=153) to work on /home/airflow/.local/lib/python3.8/site-packages/airflow/example_dags/example_short_circuit_operator.py
[2023-08-20T17:38:37.267+0000] {processor.py:829} INFO - Processing file /home/airflow/.local/lib/python3.8/site-packages/airflow/example_dags/example_short_circuit_operator.py for tasks to queue
[2023-08-20T17:38:37.271+0000] {logging_mixin.py:151} INFO - [2023-08-20T17:38:37.270+0000] {dagbag.py:539} INFO - Filling up the DagBag from /home/airflow/.local/lib/python3.8/site-packages/airflow/example_dags/example_short_circuit_operator.py
[2023-08-20T17:38:37.279+0000] {processor.py:839} INFO - DAG(s) dict_keys(['example_short_circuit_operator']) retrieved from /home/airflow/.local/lib/python3.8/site-packages/airflow/example_dags/example_short_circuit_operator.py
[2023-08-20T17:38:37.310+0000] {logging_mixin.py:151} INFO - [2023-08-20T17:38:37.309+0000] {dag.py:2907} INFO - Sync 1 DAGs
[2023-08-20T17:38:37.339+0000] {logging_mixin.py:151} INFO - [2023-08-20T17:38:37.339+0000] {dag.py:3677} INFO - Setting next_dagrun for example_short_circuit_operator to 2023-08-19T17:38:37.339258+00:00, run_after=2023-08-20T17:38:37.339258+00:00
[2023-08-20T17:38:37.367+0000] {processor.py:179} INFO - Processing /home/airflow/.local/lib/python3.8/site-packages/airflow/example_dags/example_short_circuit_operator.py took 0.106 seconds
[2023-08-20T17:39:07.480+0000] {processor.py:157} INFO - Started process (PID=206) to work on /home/airflow/.local/lib/python3.8/site-packages/airflow/example_dags/example_short_circuit_operator.py
[2023-08-20T17:39:07.482+0000] {processor.py:829} INFO - Processing file /home/airflow/.local/lib/python3.8/site-packages/airflow/example_dags/example_short_circuit_operator.py for tasks to queue
[2023-08-20T17:39:07.489+0000] {logging_mixin.py:151} INFO - [2023-08-20T17:39:07.489+0000] {dagbag.py:539} INFO - Filling up the DagBag from /home/airflow/.local/lib/python3.8/site-packages/airflow/example_dags/example_short_circuit_operator.py
[2023-08-20T17:39:07.498+0000] {processor.py:839} INFO - DAG(s) dict_keys(['example_short_circuit_operator']) retrieved from /home/airflow/.local/lib/python3.8/site-packages/airflow/example_dags/example_short_circuit_operator.py
[2023-08-20T17:39:07.531+0000] {logging_mixin.py:151} INFO - [2023-08-20T17:39:07.531+0000] {dag.py:2907} INFO - Sync 1 DAGs
[2023-08-20T17:39:07.561+0000] {logging_mixin.py:151} INFO - [2023-08-20T17:39:07.560+0000] {dag.py:3677} INFO - Setting next_dagrun for example_short_circuit_operator to 2023-08-19T17:39:07.560373+00:00, run_after=2023-08-20T17:39:07.560373+00:00
[2023-08-20T17:39:07.589+0000] {processor.py:179} INFO - Processing /home/airflow/.local/lib/python3.8/site-packages/airflow/example_dags/example_short_circuit_operator.py took 0.114 seconds
[2023-08-20T17:39:37.796+0000] {processor.py:157} INFO - Started process (PID=260) to work on /home/airflow/.local/lib/python3.8/site-packages/airflow/example_dags/example_short_circuit_operator.py
[2023-08-20T17:39:37.799+0000] {processor.py:829} INFO - Processing file /home/airflow/.local/lib/python3.8/site-packages/airflow/example_dags/example_short_circuit_operator.py for tasks to queue
[2023-08-20T17:39:37.803+0000] {logging_mixin.py:151} INFO - [2023-08-20T17:39:37.803+0000] {dagbag.py:539} INFO - Filling up the DagBag from /home/airflow/.local/lib/python3.8/site-packages/airflow/example_dags/example_short_circuit_operator.py
[2023-08-20T17:39:37.815+0000] {processor.py:839} INFO - DAG(s) dict_keys(['example_short_circuit_operator']) retrieved from /home/airflow/.local/lib/python3.8/site-packages/airflow/example_dags/example_short_circuit_operator.py
[2023-08-20T17:39:37.837+0000] {logging_mixin.py:151} INFO - [2023-08-20T17:39:37.837+0000] {dag.py:2907} INFO - Sync 1 DAGs
[2023-08-20T17:39:37.894+0000] {logging_mixin.py:151} INFO - [2023-08-20T17:39:37.894+0000] {dag.py:3677} INFO - Setting next_dagrun for example_short_circuit_operator to 2023-08-19T17:39:37.894070+00:00, run_after=2023-08-20T17:39:37.894070+00:00
[2023-08-20T17:39:37.927+0000] {processor.py:179} INFO - Processing /home/airflow/.local/lib/python3.8/site-packages/airflow/example_dags/example_short_circuit_operator.py took 0.136 seconds
[2023-08-20T17:40:08.087+0000] {processor.py:157} INFO - Started process (PID=314) to work on /home/airflow/.local/lib/python3.8/site-packages/airflow/example_dags/example_short_circuit_operator.py
[2023-08-20T17:40:08.089+0000] {processor.py:829} INFO - Processing file /home/airflow/.local/lib/python3.8/site-packages/airflow/example_dags/example_short_circuit_operator.py for tasks to queue
[2023-08-20T17:40:08.093+0000] {logging_mixin.py:151} INFO - [2023-08-20T17:40:08.093+0000] {dagbag.py:539} INFO - Filling up the DagBag from /home/airflow/.local/lib/python3.8/site-packages/airflow/example_dags/example_short_circuit_operator.py
[2023-08-20T17:40:08.103+0000] {processor.py:839} INFO - DAG(s) dict_keys(['example_short_circuit_operator']) retrieved from /home/airflow/.local/lib/python3.8/site-packages/airflow/example_dags/example_short_circuit_operator.py
[2023-08-20T17:40:08.135+0000] {logging_mixin.py:151} INFO - [2023-08-20T17:40:08.135+0000] {dag.py:2907} INFO - Sync 1 DAGs
[2023-08-20T17:40:08.166+0000] {logging_mixin.py:151} INFO - [2023-08-20T17:40:08.165+0000] {dag.py:3677} INFO - Setting next_dagrun for example_short_circuit_operator to 2023-08-19T17:40:08.165639+00:00, run_after=2023-08-20T17:40:08.165639+00:00
[2023-08-20T17:40:08.208+0000] {processor.py:179} INFO - Processing /home/airflow/.local/lib/python3.8/site-packages/airflow/example_dags/example_short_circuit_operator.py took 0.126 seconds
[2023-08-20T17:40:38.856+0000] {processor.py:157} INFO - Started process (PID=369) to work on /home/airflow/.local/lib/python3.8/site-packages/airflow/example_dags/example_short_circuit_operator.py
[2023-08-20T17:40:38.858+0000] {processor.py:829} INFO - Processing file /home/airflow/.local/lib/python3.8/site-packages/airflow/example_dags/example_short_circuit_operator.py for tasks to queue
[2023-08-20T17:40:38.862+0000] {logging_mixin.py:151} INFO - [2023-08-20T17:40:38.861+0000] {dagbag.py:539} INFO - Filling up the DagBag from /home/airflow/.local/lib/python3.8/site-packages/airflow/example_dags/example_short_circuit_operator.py
[2023-08-20T17:40:38.871+0000] {processor.py:839} INFO - DAG(s) dict_keys(['example_short_circuit_operator']) retrieved from /home/airflow/.local/lib/python3.8/site-packages/airflow/example_dags/example_short_circuit_operator.py
[2023-08-20T17:40:38.913+0000] {logging_mixin.py:151} INFO - [2023-08-20T17:40:38.913+0000] {dag.py:2907} INFO - Sync 1 DAGs
[2023-08-20T17:40:38.942+0000] {logging_mixin.py:151} INFO - [2023-08-20T17:40:38.942+0000] {dag.py:3677} INFO - Setting next_dagrun for example_short_circuit_operator to 2023-08-19T17:40:38.942283+00:00, run_after=2023-08-20T17:40:38.942283+00:00
[2023-08-20T17:40:38.978+0000] {processor.py:179} INFO - Processing /home/airflow/.local/lib/python3.8/site-packages/airflow/example_dags/example_short_circuit_operator.py took 0.126 seconds
[2023-08-20T17:41:09.130+0000] {processor.py:157} INFO - Started process (PID=423) to work on /home/airflow/.local/lib/python3.8/site-packages/airflow/example_dags/example_short_circuit_operator.py
[2023-08-20T17:41:09.132+0000] {processor.py:829} INFO - Processing file /home/airflow/.local/lib/python3.8/site-packages/airflow/example_dags/example_short_circuit_operator.py for tasks to queue
[2023-08-20T17:41:09.135+0000] {logging_mixin.py:151} INFO - [2023-08-20T17:41:09.135+0000] {dagbag.py:539} INFO - Filling up the DagBag from /home/airflow/.local/lib/python3.8/site-packages/airflow/example_dags/example_short_circuit_operator.py
[2023-08-20T17:41:09.150+0000] {processor.py:839} INFO - DAG(s) dict_keys(['example_short_circuit_operator']) retrieved from /home/airflow/.local/lib/python3.8/site-packages/airflow/example_dags/example_short_circuit_operator.py
[2023-08-20T17:41:09.192+0000] {logging_mixin.py:151} INFO - [2023-08-20T17:41:09.192+0000] {dag.py:2907} INFO - Sync 1 DAGs
[2023-08-20T17:41:09.223+0000] {logging_mixin.py:151} INFO - [2023-08-20T17:41:09.223+0000] {dag.py:3677} INFO - Setting next_dagrun for example_short_circuit_operator to 2023-08-19T17:41:09.222668+00:00, run_after=2023-08-20T17:41:09.222668+00:00
[2023-08-20T17:41:09.257+0000] {processor.py:179} INFO - Processing /home/airflow/.local/lib/python3.8/site-packages/airflow/example_dags/example_short_circuit_operator.py took 0.132 seconds
[2023-08-20T17:41:39.603+0000] {processor.py:157} INFO - Started process (PID=478) to work on /home/airflow/.local/lib/python3.8/site-packages/airflow/example_dags/example_short_circuit_operator.py
[2023-08-20T17:41:39.605+0000] {processor.py:829} INFO - Processing file /home/airflow/.local/lib/python3.8/site-packages/airflow/example_dags/example_short_circuit_operator.py for tasks to queue
[2023-08-20T17:41:39.608+0000] {logging_mixin.py:151} INFO - [2023-08-20T17:41:39.608+0000] {dagbag.py:539} INFO - Filling up the DagBag from /home/airflow/.local/lib/python3.8/site-packages/airflow/example_dags/example_short_circuit_operator.py
[2023-08-20T17:41:39.622+0000] {processor.py:839} INFO - DAG(s) dict_keys(['example_short_circuit_operator']) retrieved from /home/airflow/.local/lib/python3.8/site-packages/airflow/example_dags/example_short_circuit_operator.py
[2023-08-20T17:41:39.659+0000] {logging_mixin.py:151} INFO - [2023-08-20T17:41:39.658+0000] {dag.py:2907} INFO - Sync 1 DAGs
[2023-08-20T17:41:39.695+0000] {logging_mixin.py:151} INFO - [2023-08-20T17:41:39.695+0000] {dag.py:3677} INFO - Setting next_dagrun for example_short_circuit_operator to 2023-08-19T17:41:39.695273+00:00, run_after=2023-08-20T17:41:39.695273+00:00
[2023-08-20T17:41:39.724+0000] {processor.py:179} INFO - Processing /home/airflow/.local/lib/python3.8/site-packages/airflow/example_dags/example_short_circuit_operator.py took 0.126 seconds
[2023-08-20T17:42:10.118+0000] {processor.py:157} INFO - Started process (PID=532) to work on /home/airflow/.local/lib/python3.8/site-packages/airflow/example_dags/example_short_circuit_operator.py
[2023-08-20T17:42:10.120+0000] {processor.py:829} INFO - Processing file /home/airflow/.local/lib/python3.8/site-packages/airflow/example_dags/example_short_circuit_operator.py for tasks to queue
[2023-08-20T17:42:10.122+0000] {logging_mixin.py:151} INFO - [2023-08-20T17:42:10.122+0000] {dagbag.py:539} INFO - Filling up the DagBag from /home/airflow/.local/lib/python3.8/site-packages/airflow/example_dags/example_short_circuit_operator.py
[2023-08-20T17:42:10.132+0000] {processor.py:839} INFO - DAG(s) dict_keys(['example_short_circuit_operator']) retrieved from /home/airflow/.local/lib/python3.8/site-packages/airflow/example_dags/example_short_circuit_operator.py
[2023-08-20T17:42:10.163+0000] {logging_mixin.py:151} INFO - [2023-08-20T17:42:10.162+0000] {dag.py:2907} INFO - Sync 1 DAGs
[2023-08-20T17:42:10.193+0000] {logging_mixin.py:151} INFO - [2023-08-20T17:42:10.193+0000] {dag.py:3677} INFO - Setting next_dagrun for example_short_circuit_operator to 2023-08-19T17:42:10.192888+00:00, run_after=2023-08-20T17:42:10.192888+00:00
[2023-08-20T17:42:10.221+0000] {processor.py:179} INFO - Processing /home/airflow/.local/lib/python3.8/site-packages/airflow/example_dags/example_short_circuit_operator.py took 0.107 seconds
[2023-08-20T17:42:40.527+0000] {processor.py:157} INFO - Started process (PID=586) to work on /home/airflow/.local/lib/python3.8/site-packages/airflow/example_dags/example_short_circuit_operator.py
[2023-08-20T17:42:40.529+0000] {processor.py:829} INFO - Processing file /home/airflow/.local/lib/python3.8/site-packages/airflow/example_dags/example_short_circuit_operator.py for tasks to queue
[2023-08-20T17:42:40.532+0000] {logging_mixin.py:151} INFO - [2023-08-20T17:42:40.532+0000] {dagbag.py:539} INFO - Filling up the DagBag from /home/airflow/.local/lib/python3.8/site-packages/airflow/example_dags/example_short_circuit_operator.py
[2023-08-20T17:42:40.544+0000] {processor.py:839} INFO - DAG(s) dict_keys(['example_short_circuit_operator']) retrieved from /home/airflow/.local/lib/python3.8/site-packages/airflow/example_dags/example_short_circuit_operator.py
[2023-08-20T17:42:40.580+0000] {logging_mixin.py:151} INFO - [2023-08-20T17:42:40.580+0000] {dag.py:2907} INFO - Sync 1 DAGs
[2023-08-20T17:42:40.614+0000] {logging_mixin.py:151} INFO - [2023-08-20T17:42:40.614+0000] {dag.py:3677} INFO - Setting next_dagrun for example_short_circuit_operator to 2023-08-19T17:42:40.614105+00:00, run_after=2023-08-20T17:42:40.614105+00:00
[2023-08-20T17:42:40.640+0000] {processor.py:179} INFO - Processing /home/airflow/.local/lib/python3.8/site-packages/airflow/example_dags/example_short_circuit_operator.py took 0.118 seconds
[2023-08-20T17:43:11.103+0000] {processor.py:157} INFO - Started process (PID=640) to work on /home/airflow/.local/lib/python3.8/site-packages/airflow/example_dags/example_short_circuit_operator.py
[2023-08-20T17:43:11.105+0000] {processor.py:829} INFO - Processing file /home/airflow/.local/lib/python3.8/site-packages/airflow/example_dags/example_short_circuit_operator.py for tasks to queue
[2023-08-20T17:43:11.110+0000] {logging_mixin.py:151} INFO - [2023-08-20T17:43:11.110+0000] {dagbag.py:539} INFO - Filling up the DagBag from /home/airflow/.local/lib/python3.8/site-packages/airflow/example_dags/example_short_circuit_operator.py
[2023-08-20T17:43:11.123+0000] {processor.py:839} INFO - DAG(s) dict_keys(['example_short_circuit_operator']) retrieved from /home/airflow/.local/lib/python3.8/site-packages/airflow/example_dags/example_short_circuit_operator.py
[2023-08-20T17:43:11.161+0000] {logging_mixin.py:151} INFO - [2023-08-20T17:43:11.161+0000] {dag.py:2907} INFO - Sync 1 DAGs
[2023-08-20T17:43:11.195+0000] {logging_mixin.py:151} INFO - [2023-08-20T17:43:11.195+0000] {dag.py:3677} INFO - Setting next_dagrun for example_short_circuit_operator to 2023-08-19T17:43:11.194806+00:00, run_after=2023-08-20T17:43:11.194806+00:00
[2023-08-20T17:43:11.225+0000] {processor.py:179} INFO - Processing /home/airflow/.local/lib/python3.8/site-packages/airflow/example_dags/example_short_circuit_operator.py took 0.126 seconds
[2023-08-20T17:43:41.860+0000] {processor.py:157} INFO - Started process (PID=694) to work on /home/airflow/.local/lib/python3.8/site-packages/airflow/example_dags/example_short_circuit_operator.py
[2023-08-20T17:43:41.862+0000] {processor.py:829} INFO - Processing file /home/airflow/.local/lib/python3.8/site-packages/airflow/example_dags/example_short_circuit_operator.py for tasks to queue
[2023-08-20T17:43:41.865+0000] {logging_mixin.py:151} INFO - [2023-08-20T17:43:41.865+0000] {dagbag.py:539} INFO - Filling up the DagBag from /home/airflow/.local/lib/python3.8/site-packages/airflow/example_dags/example_short_circuit_operator.py
[2023-08-20T17:43:41.874+0000] {processor.py:839} INFO - DAG(s) dict_keys(['example_short_circuit_operator']) retrieved from /home/airflow/.local/lib/python3.8/site-packages/airflow/example_dags/example_short_circuit_operator.py
[2023-08-20T17:43:41.904+0000] {logging_mixin.py:151} INFO - [2023-08-20T17:43:41.904+0000] {dag.py:2907} INFO - Sync 1 DAGs
[2023-08-20T17:43:41.934+0000] {logging_mixin.py:151} INFO - [2023-08-20T17:43:41.934+0000] {dag.py:3677} INFO - Setting next_dagrun for example_short_circuit_operator to 2023-08-19T17:43:41.934280+00:00, run_after=2023-08-20T17:43:41.934280+00:00
[2023-08-20T17:43:41.965+0000] {processor.py:179} INFO - Processing /home/airflow/.local/lib/python3.8/site-packages/airflow/example_dags/example_short_circuit_operator.py took 0.108 seconds
[2023-08-20T17:44:12.206+0000] {processor.py:157} INFO - Started process (PID=748) to work on /home/airflow/.local/lib/python3.8/site-packages/airflow/example_dags/example_short_circuit_operator.py
[2023-08-20T17:44:12.208+0000] {processor.py:829} INFO - Processing file /home/airflow/.local/lib/python3.8/site-packages/airflow/example_dags/example_short_circuit_operator.py for tasks to queue
[2023-08-20T17:44:12.211+0000] {logging_mixin.py:151} INFO - [2023-08-20T17:44:12.211+0000] {dagbag.py:539} INFO - Filling up the DagBag from /home/airflow/.local/lib/python3.8/site-packages/airflow/example_dags/example_short_circuit_operator.py
[2023-08-20T17:44:12.221+0000] {processor.py:839} INFO - DAG(s) dict_keys(['example_short_circuit_operator']) retrieved from /home/airflow/.local/lib/python3.8/site-packages/airflow/example_dags/example_short_circuit_operator.py
[2023-08-20T17:44:12.251+0000] {logging_mixin.py:151} INFO - [2023-08-20T17:44:12.250+0000] {dag.py:2907} INFO - Sync 1 DAGs
[2023-08-20T17:44:12.284+0000] {logging_mixin.py:151} INFO - [2023-08-20T17:44:12.284+0000] {dag.py:3677} INFO - Setting next_dagrun for example_short_circuit_operator to 2023-08-19T17:44:12.283692+00:00, run_after=2023-08-20T17:44:12.283692+00:00
[2023-08-20T17:44:12.315+0000] {processor.py:179} INFO - Processing /home/airflow/.local/lib/python3.8/site-packages/airflow/example_dags/example_short_circuit_operator.py took 0.113 seconds
[2023-08-20T17:44:42.483+0000] {processor.py:157} INFO - Started process (PID=802) to work on /home/airflow/.local/lib/python3.8/site-packages/airflow/example_dags/example_short_circuit_operator.py
[2023-08-20T17:44:42.485+0000] {processor.py:829} INFO - Processing file /home/airflow/.local/lib/python3.8/site-packages/airflow/example_dags/example_short_circuit_operator.py for tasks to queue
[2023-08-20T17:44:42.489+0000] {logging_mixin.py:151} INFO - [2023-08-20T17:44:42.488+0000] {dagbag.py:539} INFO - Filling up the DagBag from /home/airflow/.local/lib/python3.8/site-packages/airflow/example_dags/example_short_circuit_operator.py
[2023-08-20T17:44:42.498+0000] {processor.py:839} INFO - DAG(s) dict_keys(['example_short_circuit_operator']) retrieved from /home/airflow/.local/lib/python3.8/site-packages/airflow/example_dags/example_short_circuit_operator.py
[2023-08-20T17:44:42.529+0000] {logging_mixin.py:151} INFO - [2023-08-20T17:44:42.529+0000] {dag.py:2907} INFO - Sync 1 DAGs
[2023-08-20T17:44:42.561+0000] {logging_mixin.py:151} INFO - [2023-08-20T17:44:42.561+0000] {dag.py:3677} INFO - Setting next_dagrun for example_short_circuit_operator to 2023-08-19T17:44:42.560718+00:00, run_after=2023-08-20T17:44:42.560718+00:00
[2023-08-20T17:44:42.603+0000] {processor.py:179} INFO - Processing /home/airflow/.local/lib/python3.8/site-packages/airflow/example_dags/example_short_circuit_operator.py took 0.124 seconds
[2023-08-20T17:45:13.200+0000] {processor.py:157} INFO - Started process (PID=856) to work on /home/airflow/.local/lib/python3.8/site-packages/airflow/example_dags/example_short_circuit_operator.py
[2023-08-20T17:45:13.202+0000] {processor.py:829} INFO - Processing file /home/airflow/.local/lib/python3.8/site-packages/airflow/example_dags/example_short_circuit_operator.py for tasks to queue
[2023-08-20T17:45:13.206+0000] {logging_mixin.py:151} INFO - [2023-08-20T17:45:13.205+0000] {dagbag.py:539} INFO - Filling up the DagBag from /home/airflow/.local/lib/python3.8/site-packages/airflow/example_dags/example_short_circuit_operator.py
[2023-08-20T17:45:13.217+0000] {processor.py:839} INFO - DAG(s) dict_keys(['example_short_circuit_operator']) retrieved from /home/airflow/.local/lib/python3.8/site-packages/airflow/example_dags/example_short_circuit_operator.py
[2023-08-20T17:45:13.257+0000] {logging_mixin.py:151} INFO - [2023-08-20T17:45:13.257+0000] {dag.py:2907} INFO - Sync 1 DAGs
[2023-08-20T17:45:13.288+0000] {logging_mixin.py:151} INFO - [2023-08-20T17:45:13.288+0000] {dag.py:3677} INFO - Setting next_dagrun for example_short_circuit_operator to 2023-08-19T17:45:13.287771+00:00, run_after=2023-08-20T17:45:13.287771+00:00
[2023-08-20T17:45:13.317+0000] {processor.py:179} INFO - Processing /home/airflow/.local/lib/python3.8/site-packages/airflow/example_dags/example_short_circuit_operator.py took 0.120 seconds
[2023-08-20T17:45:43.716+0000] {processor.py:157} INFO - Started process (PID=910) to work on /home/airflow/.local/lib/python3.8/site-packages/airflow/example_dags/example_short_circuit_operator.py
[2023-08-20T17:45:43.717+0000] {processor.py:829} INFO - Processing file /home/airflow/.local/lib/python3.8/site-packages/airflow/example_dags/example_short_circuit_operator.py for tasks to queue
[2023-08-20T17:45:43.721+0000] {logging_mixin.py:151} INFO - [2023-08-20T17:45:43.720+0000] {dagbag.py:539} INFO - Filling up the DagBag from /home/airflow/.local/lib/python3.8/site-packages/airflow/example_dags/example_short_circuit_operator.py
[2023-08-20T17:45:43.730+0000] {processor.py:839} INFO - DAG(s) dict_keys(['example_short_circuit_operator']) retrieved from /home/airflow/.local/lib/python3.8/site-packages/airflow/example_dags/example_short_circuit_operator.py
[2023-08-20T17:45:43.763+0000] {logging_mixin.py:151} INFO - [2023-08-20T17:45:43.762+0000] {dag.py:2907} INFO - Sync 1 DAGs
[2023-08-20T17:45:43.791+0000] {logging_mixin.py:151} INFO - [2023-08-20T17:45:43.791+0000] {dag.py:3677} INFO - Setting next_dagrun for example_short_circuit_operator to 2023-08-19T17:45:43.791267+00:00, run_after=2023-08-20T17:45:43.791267+00:00
[2023-08-20T17:45:43.823+0000] {processor.py:179} INFO - Processing /home/airflow/.local/lib/python3.8/site-packages/airflow/example_dags/example_short_circuit_operator.py took 0.111 seconds
[2023-08-20T17:46:14.021+0000] {processor.py:157} INFO - Started process (PID=964) to work on /home/airflow/.local/lib/python3.8/site-packages/airflow/example_dags/example_short_circuit_operator.py
[2023-08-20T17:46:14.023+0000] {processor.py:829} INFO - Processing file /home/airflow/.local/lib/python3.8/site-packages/airflow/example_dags/example_short_circuit_operator.py for tasks to queue
[2023-08-20T17:46:14.026+0000] {logging_mixin.py:151} INFO - [2023-08-20T17:46:14.026+0000] {dagbag.py:539} INFO - Filling up the DagBag from /home/airflow/.local/lib/python3.8/site-packages/airflow/example_dags/example_short_circuit_operator.py
[2023-08-20T17:46:14.037+0000] {processor.py:839} INFO - DAG(s) dict_keys(['example_short_circuit_operator']) retrieved from /home/airflow/.local/lib/python3.8/site-packages/airflow/example_dags/example_short_circuit_operator.py
[2023-08-20T17:46:14.071+0000] {logging_mixin.py:151} INFO - [2023-08-20T17:46:14.071+0000] {dag.py:2907} INFO - Sync 1 DAGs
[2023-08-20T17:46:14.104+0000] {logging_mixin.py:151} INFO - [2023-08-20T17:46:14.104+0000] {dag.py:3677} INFO - Setting next_dagrun for example_short_circuit_operator to 2023-08-19T17:46:14.103858+00:00, run_after=2023-08-20T17:46:14.103858+00:00
[2023-08-20T17:46:14.132+0000] {processor.py:179} INFO - Processing /home/airflow/.local/lib/python3.8/site-packages/airflow/example_dags/example_short_circuit_operator.py took 0.114 seconds
[2023-08-20T17:46:44.250+0000] {processor.py:157} INFO - Started process (PID=1018) to work on /home/airflow/.local/lib/python3.8/site-packages/airflow/example_dags/example_short_circuit_operator.py
[2023-08-20T17:46:44.252+0000] {processor.py:829} INFO - Processing file /home/airflow/.local/lib/python3.8/site-packages/airflow/example_dags/example_short_circuit_operator.py for tasks to queue
[2023-08-20T17:46:44.257+0000] {logging_mixin.py:151} INFO - [2023-08-20T17:46:44.256+0000] {dagbag.py:539} INFO - Filling up the DagBag from /home/airflow/.local/lib/python3.8/site-packages/airflow/example_dags/example_short_circuit_operator.py
[2023-08-20T17:46:44.270+0000] {processor.py:839} INFO - DAG(s) dict_keys(['example_short_circuit_operator']) retrieved from /home/airflow/.local/lib/python3.8/site-packages/airflow/example_dags/example_short_circuit_operator.py
[2023-08-20T17:46:44.301+0000] {logging_mixin.py:151} INFO - [2023-08-20T17:46:44.300+0000] {dag.py:2907} INFO - Sync 1 DAGs
[2023-08-20T17:46:44.328+0000] {logging_mixin.py:151} INFO - [2023-08-20T17:46:44.328+0000] {dag.py:3677} INFO - Setting next_dagrun for example_short_circuit_operator to 2023-08-19T17:46:44.327636+00:00, run_after=2023-08-20T17:46:44.327636+00:00
[2023-08-20T17:46:44.356+0000] {processor.py:179} INFO - Processing /home/airflow/.local/lib/python3.8/site-packages/airflow/example_dags/example_short_circuit_operator.py took 0.112 seconds
