[2023-08-20 11:40:23,099] {scheduler_job.py:182} INFO - Started process (PID=49) to work on /home/airflow/.local/lib/python3.6/site-packages/airflow/example_dags/example_bash_operator.py
[2023-08-20 11:40:23,101] {scheduler_job.py:629} INFO - Processing file /home/airflow/.local/lib/python3.6/site-packages/airflow/example_dags/example_bash_operator.py for tasks to queue
[2023-08-20 11:40:23,103] {logging_mixin.py:104} INFO - [2023-08-20 11:40:23,103] {dagbag.py:451} INFO - Filling up the DagBag from /home/airflow/.local/lib/python3.6/site-packages/airflow/example_dags/example_bash_operator.py
[2023-08-20 11:40:23,122] {scheduler_job.py:639} INFO - DAG(s) dict_keys(['example_bash_operator']) retrieved from /home/airflow/.local/lib/python3.6/site-packages/airflow/example_dags/example_bash_operator.py
[2023-08-20 11:40:23,151] {logging_mixin.py:104} INFO - [2023-08-20 11:40:23,151] {dag.py:1824} INFO - Sync 1 DAGs
[2023-08-20 11:40:23,168] {logging_mixin.py:104} INFO - [2023-08-20 11:40:23,168] {dag.py:1843} INFO - Creating ORM DAG for example_bash_operator
[2023-08-20 11:40:23,182] {logging_mixin.py:104} INFO - [2023-08-20 11:40:23,182] {dag.py:2280} INFO - Setting next_dagrun for example_bash_operator to 2023-08-18 00:00:00+00:00
[2023-08-20 11:40:23,203] {scheduler_job.py:190} INFO - Processing /home/airflow/.local/lib/python3.6/site-packages/airflow/example_dags/example_bash_operator.py took 0.108 seconds
[2023-08-20 11:40:53,760] {scheduler_job.py:182} INFO - Started process (PID=76) to work on /home/airflow/.local/lib/python3.6/site-packages/airflow/example_dags/example_bash_operator.py
[2023-08-20 11:40:53,762] {scheduler_job.py:629} INFO - Processing file /home/airflow/.local/lib/python3.6/site-packages/airflow/example_dags/example_bash_operator.py for tasks to queue
[2023-08-20 11:40:53,764] {logging_mixin.py:104} INFO - [2023-08-20 11:40:53,764] {dagbag.py:451} INFO - Filling up the DagBag from /home/airflow/.local/lib/python3.6/site-packages/airflow/example_dags/example_bash_operator.py
[2023-08-20 11:40:53,783] {scheduler_job.py:639} INFO - DAG(s) dict_keys(['example_bash_operator']) retrieved from /home/airflow/.local/lib/python3.6/site-packages/airflow/example_dags/example_bash_operator.py
[2023-08-20 11:40:53,818] {logging_mixin.py:104} INFO - [2023-08-20 11:40:53,818] {dag.py:1824} INFO - Sync 1 DAGs
[2023-08-20 11:40:53,860] {logging_mixin.py:104} INFO - [2023-08-20 11:40:53,860] {dag.py:2280} INFO - Setting next_dagrun for example_bash_operator to 2023-08-18 00:00:00+00:00
[2023-08-20 11:40:53,879] {scheduler_job.py:190} INFO - Processing /home/airflow/.local/lib/python3.6/site-packages/airflow/example_dags/example_bash_operator.py took 0.123 seconds
[2023-08-20 11:41:24,771] {scheduler_job.py:182} INFO - Started process (PID=104) to work on /home/airflow/.local/lib/python3.6/site-packages/airflow/example_dags/example_bash_operator.py
[2023-08-20 11:41:24,773] {scheduler_job.py:629} INFO - Processing file /home/airflow/.local/lib/python3.6/site-packages/airflow/example_dags/example_bash_operator.py for tasks to queue
[2023-08-20 11:41:24,775] {logging_mixin.py:104} INFO - [2023-08-20 11:41:24,774] {dagbag.py:451} INFO - Filling up the DagBag from /home/airflow/.local/lib/python3.6/site-packages/airflow/example_dags/example_bash_operator.py
[2023-08-20 11:41:24,791] {scheduler_job.py:639} INFO - DAG(s) dict_keys(['example_bash_operator']) retrieved from /home/airflow/.local/lib/python3.6/site-packages/airflow/example_dags/example_bash_operator.py
[2023-08-20 11:41:24,815] {logging_mixin.py:104} INFO - [2023-08-20 11:41:24,815] {dag.py:1824} INFO - Sync 1 DAGs
[2023-08-20 11:41:24,852] {logging_mixin.py:104} INFO - [2023-08-20 11:41:24,852] {dag.py:2280} INFO - Setting next_dagrun for example_bash_operator to 2023-08-18 00:00:00+00:00
[2023-08-20 11:41:24,871] {scheduler_job.py:190} INFO - Processing /home/airflow/.local/lib/python3.6/site-packages/airflow/example_dags/example_bash_operator.py took 0.104 seconds
[2023-08-20 11:41:55,190] {scheduler_job.py:182} INFO - Started process (PID=130) to work on /home/airflow/.local/lib/python3.6/site-packages/airflow/example_dags/example_bash_operator.py
[2023-08-20 11:41:55,192] {scheduler_job.py:629} INFO - Processing file /home/airflow/.local/lib/python3.6/site-packages/airflow/example_dags/example_bash_operator.py for tasks to queue
[2023-08-20 11:41:55,194] {logging_mixin.py:104} INFO - [2023-08-20 11:41:55,194] {dagbag.py:451} INFO - Filling up the DagBag from /home/airflow/.local/lib/python3.6/site-packages/airflow/example_dags/example_bash_operator.py
[2023-08-20 11:41:55,211] {scheduler_job.py:639} INFO - DAG(s) dict_keys(['example_bash_operator']) retrieved from /home/airflow/.local/lib/python3.6/site-packages/airflow/example_dags/example_bash_operator.py
[2023-08-20 11:41:55,238] {logging_mixin.py:104} INFO - [2023-08-20 11:41:55,238] {dag.py:1824} INFO - Sync 1 DAGs
[2023-08-20 11:41:55,270] {logging_mixin.py:104} INFO - [2023-08-20 11:41:55,269] {dag.py:2280} INFO - Setting next_dagrun for example_bash_operator to 2023-08-18 00:00:00+00:00
[2023-08-20 11:41:55,285] {scheduler_job.py:190} INFO - Processing /home/airflow/.local/lib/python3.6/site-packages/airflow/example_dags/example_bash_operator.py took 0.100 seconds
[2023-08-20 11:42:25,570] {scheduler_job.py:182} INFO - Started process (PID=157) to work on /home/airflow/.local/lib/python3.6/site-packages/airflow/example_dags/example_bash_operator.py
[2023-08-20 11:42:25,572] {scheduler_job.py:629} INFO - Processing file /home/airflow/.local/lib/python3.6/site-packages/airflow/example_dags/example_bash_operator.py for tasks to queue
[2023-08-20 11:42:25,574] {logging_mixin.py:104} INFO - [2023-08-20 11:42:25,574] {dagbag.py:451} INFO - Filling up the DagBag from /home/airflow/.local/lib/python3.6/site-packages/airflow/example_dags/example_bash_operator.py
[2023-08-20 11:42:25,588] {scheduler_job.py:639} INFO - DAG(s) dict_keys(['example_bash_operator']) retrieved from /home/airflow/.local/lib/python3.6/site-packages/airflow/example_dags/example_bash_operator.py
[2023-08-20 11:42:25,614] {logging_mixin.py:104} INFO - [2023-08-20 11:42:25,613] {dag.py:1824} INFO - Sync 1 DAGs
[2023-08-20 11:42:25,643] {logging_mixin.py:104} INFO - [2023-08-20 11:42:25,642] {dag.py:2280} INFO - Setting next_dagrun for example_bash_operator to 2023-08-18 00:00:00+00:00
[2023-08-20 11:42:25,660] {scheduler_job.py:190} INFO - Processing /home/airflow/.local/lib/python3.6/site-packages/airflow/example_dags/example_bash_operator.py took 0.095 seconds
[2023-08-20 11:42:55,928] {scheduler_job.py:182} INFO - Started process (PID=183) to work on /home/airflow/.local/lib/python3.6/site-packages/airflow/example_dags/example_bash_operator.py
[2023-08-20 11:42:55,931] {scheduler_job.py:629} INFO - Processing file /home/airflow/.local/lib/python3.6/site-packages/airflow/example_dags/example_bash_operator.py for tasks to queue
[2023-08-20 11:42:55,933] {logging_mixin.py:104} INFO - [2023-08-20 11:42:55,932] {dagbag.py:451} INFO - Filling up the DagBag from /home/airflow/.local/lib/python3.6/site-packages/airflow/example_dags/example_bash_operator.py
[2023-08-20 11:42:55,947] {scheduler_job.py:639} INFO - DAG(s) dict_keys(['example_bash_operator']) retrieved from /home/airflow/.local/lib/python3.6/site-packages/airflow/example_dags/example_bash_operator.py
[2023-08-20 11:42:55,973] {logging_mixin.py:104} INFO - [2023-08-20 11:42:55,972] {dag.py:1824} INFO - Sync 1 DAGs
[2023-08-20 11:42:56,005] {logging_mixin.py:104} INFO - [2023-08-20 11:42:56,005] {dag.py:2280} INFO - Setting next_dagrun for example_bash_operator to 2023-08-18 00:00:00+00:00
[2023-08-20 11:42:56,029] {scheduler_job.py:190} INFO - Processing /home/airflow/.local/lib/python3.6/site-packages/airflow/example_dags/example_bash_operator.py took 0.106 seconds
[2023-08-20 11:43:26,410] {scheduler_job.py:182} INFO - Started process (PID=209) to work on /home/airflow/.local/lib/python3.6/site-packages/airflow/example_dags/example_bash_operator.py
[2023-08-20 11:43:26,412] {scheduler_job.py:629} INFO - Processing file /home/airflow/.local/lib/python3.6/site-packages/airflow/example_dags/example_bash_operator.py for tasks to queue
[2023-08-20 11:43:26,414] {logging_mixin.py:104} INFO - [2023-08-20 11:43:26,414] {dagbag.py:451} INFO - Filling up the DagBag from /home/airflow/.local/lib/python3.6/site-packages/airflow/example_dags/example_bash_operator.py
[2023-08-20 11:43:26,427] {scheduler_job.py:639} INFO - DAG(s) dict_keys(['example_bash_operator']) retrieved from /home/airflow/.local/lib/python3.6/site-packages/airflow/example_dags/example_bash_operator.py
[2023-08-20 11:43:26,457] {logging_mixin.py:104} INFO - [2023-08-20 11:43:26,457] {dag.py:1824} INFO - Sync 1 DAGs
[2023-08-20 11:43:26,479] {logging_mixin.py:104} INFO - [2023-08-20 11:43:26,479] {dag.py:2280} INFO - Setting next_dagrun for example_bash_operator to 2023-08-18 00:00:00+00:00
[2023-08-20 11:43:26,491] {scheduler_job.py:190} INFO - Processing /home/airflow/.local/lib/python3.6/site-packages/airflow/example_dags/example_bash_operator.py took 0.084 seconds
[2023-08-20 11:43:57,467] {scheduler_job.py:182} INFO - Started process (PID=237) to work on /home/airflow/.local/lib/python3.6/site-packages/airflow/example_dags/example_bash_operator.py
[2023-08-20 11:43:57,472] {scheduler_job.py:629} INFO - Processing file /home/airflow/.local/lib/python3.6/site-packages/airflow/example_dags/example_bash_operator.py for tasks to queue
[2023-08-20 11:43:57,473] {logging_mixin.py:104} INFO - [2023-08-20 11:43:57,473] {dagbag.py:451} INFO - Filling up the DagBag from /home/airflow/.local/lib/python3.6/site-packages/airflow/example_dags/example_bash_operator.py
[2023-08-20 11:43:57,487] {scheduler_job.py:639} INFO - DAG(s) dict_keys(['example_bash_operator']) retrieved from /home/airflow/.local/lib/python3.6/site-packages/airflow/example_dags/example_bash_operator.py
[2023-08-20 11:43:57,614] {logging_mixin.py:104} INFO - [2023-08-20 11:43:57,614] {dag.py:1824} INFO - Sync 1 DAGs
[2023-08-20 11:43:57,650] {logging_mixin.py:104} INFO - [2023-08-20 11:43:57,650] {dag.py:2280} INFO - Setting next_dagrun for example_bash_operator to 2023-08-18 00:00:00+00:00
[2023-08-20 11:43:57,663] {scheduler_job.py:190} INFO - Processing /home/airflow/.local/lib/python3.6/site-packages/airflow/example_dags/example_bash_operator.py took 0.199 seconds
[2023-08-20 11:44:28,471] {scheduler_job.py:182} INFO - Started process (PID=266) to work on /home/airflow/.local/lib/python3.6/site-packages/airflow/example_dags/example_bash_operator.py
[2023-08-20 11:44:28,474] {scheduler_job.py:629} INFO - Processing file /home/airflow/.local/lib/python3.6/site-packages/airflow/example_dags/example_bash_operator.py for tasks to queue
[2023-08-20 11:44:28,477] {logging_mixin.py:104} INFO - [2023-08-20 11:44:28,476] {dagbag.py:451} INFO - Filling up the DagBag from /home/airflow/.local/lib/python3.6/site-packages/airflow/example_dags/example_bash_operator.py
[2023-08-20 11:44:28,496] {scheduler_job.py:639} INFO - DAG(s) dict_keys(['example_bash_operator']) retrieved from /home/airflow/.local/lib/python3.6/site-packages/airflow/example_dags/example_bash_operator.py
[2023-08-20 11:44:28,540] {logging_mixin.py:104} INFO - [2023-08-20 11:44:28,540] {dag.py:1824} INFO - Sync 1 DAGs
[2023-08-20 11:44:28,571] {logging_mixin.py:104} INFO - [2023-08-20 11:44:28,571] {dag.py:2280} INFO - Setting next_dagrun for example_bash_operator to 2023-08-18 00:00:00+00:00
[2023-08-20 11:44:28,587] {scheduler_job.py:190} INFO - Processing /home/airflow/.local/lib/python3.6/site-packages/airflow/example_dags/example_bash_operator.py took 0.120 seconds
[2023-08-20 11:44:59,209] {scheduler_job.py:182} INFO - Started process (PID=293) to work on /home/airflow/.local/lib/python3.6/site-packages/airflow/example_dags/example_bash_operator.py
[2023-08-20 11:44:59,211] {scheduler_job.py:629} INFO - Processing file /home/airflow/.local/lib/python3.6/site-packages/airflow/example_dags/example_bash_operator.py for tasks to queue
[2023-08-20 11:44:59,212] {logging_mixin.py:104} INFO - [2023-08-20 11:44:59,212] {dagbag.py:451} INFO - Filling up the DagBag from /home/airflow/.local/lib/python3.6/site-packages/airflow/example_dags/example_bash_operator.py
[2023-08-20 11:44:59,232] {scheduler_job.py:639} INFO - DAG(s) dict_keys(['example_bash_operator']) retrieved from /home/airflow/.local/lib/python3.6/site-packages/airflow/example_dags/example_bash_operator.py
[2023-08-20 11:44:59,273] {logging_mixin.py:104} INFO - [2023-08-20 11:44:59,273] {dag.py:1824} INFO - Sync 1 DAGs
[2023-08-20 11:44:59,313] {logging_mixin.py:104} INFO - [2023-08-20 11:44:59,312] {dag.py:2280} INFO - Setting next_dagrun for example_bash_operator to 2023-08-18 00:00:00+00:00
[2023-08-20 11:44:59,338] {scheduler_job.py:190} INFO - Processing /home/airflow/.local/lib/python3.6/site-packages/airflow/example_dags/example_bash_operator.py took 0.133 seconds
[2023-08-20 11:45:30,306] {scheduler_job.py:182} INFO - Started process (PID=320) to work on /home/airflow/.local/lib/python3.6/site-packages/airflow/example_dags/example_bash_operator.py
[2023-08-20 11:45:30,309] {scheduler_job.py:629} INFO - Processing file /home/airflow/.local/lib/python3.6/site-packages/airflow/example_dags/example_bash_operator.py for tasks to queue
[2023-08-20 11:45:30,310] {logging_mixin.py:104} INFO - [2023-08-20 11:45:30,310] {dagbag.py:451} INFO - Filling up the DagBag from /home/airflow/.local/lib/python3.6/site-packages/airflow/example_dags/example_bash_operator.py
[2023-08-20 11:45:30,329] {scheduler_job.py:639} INFO - DAG(s) dict_keys(['example_bash_operator']) retrieved from /home/airflow/.local/lib/python3.6/site-packages/airflow/example_dags/example_bash_operator.py
[2023-08-20 11:45:30,352] {logging_mixin.py:104} INFO - [2023-08-20 11:45:30,352] {dag.py:1824} INFO - Sync 1 DAGs
[2023-08-20 11:45:30,382] {logging_mixin.py:104} INFO - [2023-08-20 11:45:30,382] {dag.py:2280} INFO - Setting next_dagrun for example_bash_operator to 2023-08-18 00:00:00+00:00
[2023-08-20 11:45:30,402] {scheduler_job.py:190} INFO - Processing /home/airflow/.local/lib/python3.6/site-packages/airflow/example_dags/example_bash_operator.py took 0.100 seconds
[2023-08-20 11:46:00,625] {scheduler_job.py:182} INFO - Started process (PID=346) to work on /home/airflow/.local/lib/python3.6/site-packages/airflow/example_dags/example_bash_operator.py
[2023-08-20 11:46:00,627] {scheduler_job.py:629} INFO - Processing file /home/airflow/.local/lib/python3.6/site-packages/airflow/example_dags/example_bash_operator.py for tasks to queue
[2023-08-20 11:46:00,629] {logging_mixin.py:104} INFO - [2023-08-20 11:46:00,628] {dagbag.py:451} INFO - Filling up the DagBag from /home/airflow/.local/lib/python3.6/site-packages/airflow/example_dags/example_bash_operator.py
[2023-08-20 11:46:00,647] {scheduler_job.py:639} INFO - DAG(s) dict_keys(['example_bash_operator']) retrieved from /home/airflow/.local/lib/python3.6/site-packages/airflow/example_dags/example_bash_operator.py
[2023-08-20 11:46:00,675] {logging_mixin.py:104} INFO - [2023-08-20 11:46:00,675] {dag.py:1824} INFO - Sync 1 DAGs
[2023-08-20 11:46:00,701] {logging_mixin.py:104} INFO - [2023-08-20 11:46:00,701] {dag.py:2280} INFO - Setting next_dagrun for example_bash_operator to 2023-08-18 00:00:00+00:00
[2023-08-20 11:46:00,720] {scheduler_job.py:190} INFO - Processing /home/airflow/.local/lib/python3.6/site-packages/airflow/example_dags/example_bash_operator.py took 0.099 seconds
[2023-08-20 11:46:31,579] {scheduler_job.py:182} INFO - Started process (PID=374) to work on /home/airflow/.local/lib/python3.6/site-packages/airflow/example_dags/example_bash_operator.py
[2023-08-20 11:46:31,581] {scheduler_job.py:629} INFO - Processing file /home/airflow/.local/lib/python3.6/site-packages/airflow/example_dags/example_bash_operator.py for tasks to queue
[2023-08-20 11:46:31,582] {logging_mixin.py:104} INFO - [2023-08-20 11:46:31,582] {dagbag.py:451} INFO - Filling up the DagBag from /home/airflow/.local/lib/python3.6/site-packages/airflow/example_dags/example_bash_operator.py
[2023-08-20 11:46:31,600] {scheduler_job.py:639} INFO - DAG(s) dict_keys(['example_bash_operator']) retrieved from /home/airflow/.local/lib/python3.6/site-packages/airflow/example_dags/example_bash_operator.py
[2023-08-20 11:46:31,626] {logging_mixin.py:104} INFO - [2023-08-20 11:46:31,626] {dag.py:1824} INFO - Sync 1 DAGs
[2023-08-20 11:46:31,651] {logging_mixin.py:104} INFO - [2023-08-20 11:46:31,651] {dag.py:2280} INFO - Setting next_dagrun for example_bash_operator to 2023-08-18 00:00:00+00:00
[2023-08-20 11:46:31,670] {scheduler_job.py:190} INFO - Processing /home/airflow/.local/lib/python3.6/site-packages/airflow/example_dags/example_bash_operator.py took 0.095 seconds
[2023-08-20 11:47:02,502] {scheduler_job.py:182} INFO - Started process (PID=400) to work on /home/airflow/.local/lib/python3.6/site-packages/airflow/example_dags/example_bash_operator.py
[2023-08-20 11:47:02,504] {scheduler_job.py:629} INFO - Processing file /home/airflow/.local/lib/python3.6/site-packages/airflow/example_dags/example_bash_operator.py for tasks to queue
[2023-08-20 11:47:02,506] {logging_mixin.py:104} INFO - [2023-08-20 11:47:02,505] {dagbag.py:451} INFO - Filling up the DagBag from /home/airflow/.local/lib/python3.6/site-packages/airflow/example_dags/example_bash_operator.py
[2023-08-20 11:47:02,527] {scheduler_job.py:639} INFO - DAG(s) dict_keys(['example_bash_operator']) retrieved from /home/airflow/.local/lib/python3.6/site-packages/airflow/example_dags/example_bash_operator.py
[2023-08-20 11:47:02,550] {logging_mixin.py:104} INFO - [2023-08-20 11:47:02,550] {dag.py:1824} INFO - Sync 1 DAGs
[2023-08-20 11:47:02,589] {logging_mixin.py:104} INFO - [2023-08-20 11:47:02,588] {dag.py:2280} INFO - Setting next_dagrun for example_bash_operator to 2023-08-18 00:00:00+00:00
[2023-08-20 11:47:02,624] {scheduler_job.py:190} INFO - Processing /home/airflow/.local/lib/python3.6/site-packages/airflow/example_dags/example_bash_operator.py took 0.125 seconds
[2023-08-20 11:47:33,373] {scheduler_job.py:182} INFO - Started process (PID=425) to work on /home/airflow/.local/lib/python3.6/site-packages/airflow/example_dags/example_bash_operator.py
[2023-08-20 11:47:33,387] {scheduler_job.py:629} INFO - Processing file /home/airflow/.local/lib/python3.6/site-packages/airflow/example_dags/example_bash_operator.py for tasks to queue
[2023-08-20 11:47:33,388] {logging_mixin.py:104} INFO - [2023-08-20 11:47:33,388] {dagbag.py:451} INFO - Filling up the DagBag from /home/airflow/.local/lib/python3.6/site-packages/airflow/example_dags/example_bash_operator.py
[2023-08-20 11:47:33,409] {scheduler_job.py:639} INFO - DAG(s) dict_keys(['example_bash_operator']) retrieved from /home/airflow/.local/lib/python3.6/site-packages/airflow/example_dags/example_bash_operator.py
[2023-08-20 11:47:33,434] {logging_mixin.py:104} INFO - [2023-08-20 11:47:33,434] {dag.py:1824} INFO - Sync 1 DAGs
[2023-08-20 11:47:33,461] {logging_mixin.py:104} INFO - [2023-08-20 11:47:33,460] {dag.py:2280} INFO - Setting next_dagrun for example_bash_operator to 2023-08-18 00:00:00+00:00
[2023-08-20 11:47:33,476] {scheduler_job.py:190} INFO - Processing /home/airflow/.local/lib/python3.6/site-packages/airflow/example_dags/example_bash_operator.py took 0.108 seconds
[2023-08-20 11:48:03,666] {scheduler_job.py:182} INFO - Started process (PID=451) to work on /home/airflow/.local/lib/python3.6/site-packages/airflow/example_dags/example_bash_operator.py
[2023-08-20 11:48:03,668] {scheduler_job.py:629} INFO - Processing file /home/airflow/.local/lib/python3.6/site-packages/airflow/example_dags/example_bash_operator.py for tasks to queue
[2023-08-20 11:48:03,670] {logging_mixin.py:104} INFO - [2023-08-20 11:48:03,670] {dagbag.py:451} INFO - Filling up the DagBag from /home/airflow/.local/lib/python3.6/site-packages/airflow/example_dags/example_bash_operator.py
[2023-08-20 11:48:03,683] {scheduler_job.py:639} INFO - DAG(s) dict_keys(['example_bash_operator']) retrieved from /home/airflow/.local/lib/python3.6/site-packages/airflow/example_dags/example_bash_operator.py
[2023-08-20 11:48:03,706] {logging_mixin.py:104} INFO - [2023-08-20 11:48:03,706] {dag.py:1824} INFO - Sync 1 DAGs
[2023-08-20 11:48:03,733] {logging_mixin.py:104} INFO - [2023-08-20 11:48:03,733] {dag.py:2280} INFO - Setting next_dagrun for example_bash_operator to 2023-08-18 00:00:00+00:00
[2023-08-20 11:48:03,755] {scheduler_job.py:190} INFO - Processing /home/airflow/.local/lib/python3.6/site-packages/airflow/example_dags/example_bash_operator.py took 0.092 seconds
[2023-08-20 11:48:33,851] {scheduler_job.py:182} INFO - Started process (PID=477) to work on /home/airflow/.local/lib/python3.6/site-packages/airflow/example_dags/example_bash_operator.py
[2023-08-20 11:48:33,854] {scheduler_job.py:629} INFO - Processing file /home/airflow/.local/lib/python3.6/site-packages/airflow/example_dags/example_bash_operator.py for tasks to queue
[2023-08-20 11:48:33,855] {logging_mixin.py:104} INFO - [2023-08-20 11:48:33,855] {dagbag.py:451} INFO - Filling up the DagBag from /home/airflow/.local/lib/python3.6/site-packages/airflow/example_dags/example_bash_operator.py
[2023-08-20 11:48:33,872] {scheduler_job.py:639} INFO - DAG(s) dict_keys(['example_bash_operator']) retrieved from /home/airflow/.local/lib/python3.6/site-packages/airflow/example_dags/example_bash_operator.py
[2023-08-20 11:48:33,898] {logging_mixin.py:104} INFO - [2023-08-20 11:48:33,898] {dag.py:1824} INFO - Sync 1 DAGs
[2023-08-20 11:48:33,922] {logging_mixin.py:104} INFO - [2023-08-20 11:48:33,922] {dag.py:2280} INFO - Setting next_dagrun for example_bash_operator to 2023-08-18 00:00:00+00:00
[2023-08-20 11:48:33,942] {scheduler_job.py:190} INFO - Processing /home/airflow/.local/lib/python3.6/site-packages/airflow/example_dags/example_bash_operator.py took 0.094 seconds
[2023-08-20 11:49:04,975] {scheduler_job.py:182} INFO - Started process (PID=503) to work on /home/airflow/.local/lib/python3.6/site-packages/airflow/example_dags/example_bash_operator.py
[2023-08-20 11:49:04,977] {scheduler_job.py:629} INFO - Processing file /home/airflow/.local/lib/python3.6/site-packages/airflow/example_dags/example_bash_operator.py for tasks to queue
[2023-08-20 11:49:04,980] {logging_mixin.py:104} INFO - [2023-08-20 11:49:04,980] {dagbag.py:451} INFO - Filling up the DagBag from /home/airflow/.local/lib/python3.6/site-packages/airflow/example_dags/example_bash_operator.py
[2023-08-20 11:49:04,998] {scheduler_job.py:639} INFO - DAG(s) dict_keys(['example_bash_operator']) retrieved from /home/airflow/.local/lib/python3.6/site-packages/airflow/example_dags/example_bash_operator.py
[2023-08-20 11:49:05,024] {logging_mixin.py:104} INFO - [2023-08-20 11:49:05,024] {dag.py:1824} INFO - Sync 1 DAGs
[2023-08-20 11:49:05,050] {logging_mixin.py:104} INFO - [2023-08-20 11:49:05,049] {dag.py:2280} INFO - Setting next_dagrun for example_bash_operator to 2023-08-18 00:00:00+00:00
[2023-08-20 11:49:05,066] {scheduler_job.py:190} INFO - Processing /home/airflow/.local/lib/python3.6/site-packages/airflow/example_dags/example_bash_operator.py took 0.095 seconds
[2023-08-20 11:49:35,285] {scheduler_job.py:182} INFO - Started process (PID=527) to work on /home/airflow/.local/lib/python3.6/site-packages/airflow/example_dags/example_bash_operator.py
[2023-08-20 11:49:35,287] {scheduler_job.py:629} INFO - Processing file /home/airflow/.local/lib/python3.6/site-packages/airflow/example_dags/example_bash_operator.py for tasks to queue
[2023-08-20 11:49:35,288] {logging_mixin.py:104} INFO - [2023-08-20 11:49:35,288] {dagbag.py:451} INFO - Filling up the DagBag from /home/airflow/.local/lib/python3.6/site-packages/airflow/example_dags/example_bash_operator.py
[2023-08-20 11:49:35,302] {scheduler_job.py:639} INFO - DAG(s) dict_keys(['example_bash_operator']) retrieved from /home/airflow/.local/lib/python3.6/site-packages/airflow/example_dags/example_bash_operator.py
[2023-08-20 11:49:35,325] {logging_mixin.py:104} INFO - [2023-08-20 11:49:35,325] {dag.py:1824} INFO - Sync 1 DAGs
[2023-08-20 11:49:35,350] {logging_mixin.py:104} INFO - [2023-08-20 11:49:35,350] {dag.py:2280} INFO - Setting next_dagrun for example_bash_operator to 2023-08-18 00:00:00+00:00
[2023-08-20 11:49:35,366] {scheduler_job.py:190} INFO - Processing /home/airflow/.local/lib/python3.6/site-packages/airflow/example_dags/example_bash_operator.py took 0.084 seconds
[2023-08-20 11:50:05,703] {scheduler_job.py:182} INFO - Started process (PID=553) to work on /home/airflow/.local/lib/python3.6/site-packages/airflow/example_dags/example_bash_operator.py
[2023-08-20 11:50:05,705] {scheduler_job.py:629} INFO - Processing file /home/airflow/.local/lib/python3.6/site-packages/airflow/example_dags/example_bash_operator.py for tasks to queue
[2023-08-20 11:50:05,706] {logging_mixin.py:104} INFO - [2023-08-20 11:50:05,706] {dagbag.py:451} INFO - Filling up the DagBag from /home/airflow/.local/lib/python3.6/site-packages/airflow/example_dags/example_bash_operator.py
[2023-08-20 11:50:05,720] {scheduler_job.py:639} INFO - DAG(s) dict_keys(['example_bash_operator']) retrieved from /home/airflow/.local/lib/python3.6/site-packages/airflow/example_dags/example_bash_operator.py
[2023-08-20 11:50:05,745] {logging_mixin.py:104} INFO - [2023-08-20 11:50:05,745] {dag.py:1824} INFO - Sync 1 DAGs
[2023-08-20 11:50:05,773] {logging_mixin.py:104} INFO - [2023-08-20 11:50:05,773] {dag.py:2280} INFO - Setting next_dagrun for example_bash_operator to 2023-08-18 00:00:00+00:00
[2023-08-20 11:50:05,790] {scheduler_job.py:190} INFO - Processing /home/airflow/.local/lib/python3.6/site-packages/airflow/example_dags/example_bash_operator.py took 0.092 seconds
[2023-08-20 11:50:36,511] {scheduler_job.py:182} INFO - Started process (PID=581) to work on /home/airflow/.local/lib/python3.6/site-packages/airflow/example_dags/example_bash_operator.py
[2023-08-20 11:50:36,513] {scheduler_job.py:629} INFO - Processing file /home/airflow/.local/lib/python3.6/site-packages/airflow/example_dags/example_bash_operator.py for tasks to queue
[2023-08-20 11:50:36,515] {logging_mixin.py:104} INFO - [2023-08-20 11:50:36,515] {dagbag.py:451} INFO - Filling up the DagBag from /home/airflow/.local/lib/python3.6/site-packages/airflow/example_dags/example_bash_operator.py
[2023-08-20 11:50:36,530] {scheduler_job.py:639} INFO - DAG(s) dict_keys(['example_bash_operator']) retrieved from /home/airflow/.local/lib/python3.6/site-packages/airflow/example_dags/example_bash_operator.py
[2023-08-20 11:50:36,557] {logging_mixin.py:104} INFO - [2023-08-20 11:50:36,557] {dag.py:1824} INFO - Sync 1 DAGs
[2023-08-20 11:50:36,584] {logging_mixin.py:104} INFO - [2023-08-20 11:50:36,584] {dag.py:2280} INFO - Setting next_dagrun for example_bash_operator to 2023-08-18 00:00:00+00:00
[2023-08-20 11:50:36,601] {scheduler_job.py:190} INFO - Processing /home/airflow/.local/lib/python3.6/site-packages/airflow/example_dags/example_bash_operator.py took 0.092 seconds
[2023-08-20 11:51:07,094] {scheduler_job.py:182} INFO - Started process (PID=607) to work on /home/airflow/.local/lib/python3.6/site-packages/airflow/example_dags/example_bash_operator.py
[2023-08-20 11:51:07,096] {scheduler_job.py:629} INFO - Processing file /home/airflow/.local/lib/python3.6/site-packages/airflow/example_dags/example_bash_operator.py for tasks to queue
[2023-08-20 11:51:07,098] {logging_mixin.py:104} INFO - [2023-08-20 11:51:07,097] {dagbag.py:451} INFO - Filling up the DagBag from /home/airflow/.local/lib/python3.6/site-packages/airflow/example_dags/example_bash_operator.py
[2023-08-20 11:51:07,113] {scheduler_job.py:639} INFO - DAG(s) dict_keys(['example_bash_operator']) retrieved from /home/airflow/.local/lib/python3.6/site-packages/airflow/example_dags/example_bash_operator.py
[2023-08-20 11:51:07,140] {logging_mixin.py:104} INFO - [2023-08-20 11:51:07,140] {dag.py:1824} INFO - Sync 1 DAGs
[2023-08-20 11:51:07,179] {logging_mixin.py:104} INFO - [2023-08-20 11:51:07,178] {dag.py:2280} INFO - Setting next_dagrun for example_bash_operator to 2023-08-18 00:00:00+00:00
[2023-08-20 11:51:07,201] {scheduler_job.py:190} INFO - Processing /home/airflow/.local/lib/python3.6/site-packages/airflow/example_dags/example_bash_operator.py took 0.111 seconds
[2023-08-20 11:51:38,237] {scheduler_job.py:182} INFO - Started process (PID=633) to work on /home/airflow/.local/lib/python3.6/site-packages/airflow/example_dags/example_bash_operator.py
[2023-08-20 11:51:38,240] {scheduler_job.py:629} INFO - Processing file /home/airflow/.local/lib/python3.6/site-packages/airflow/example_dags/example_bash_operator.py for tasks to queue
[2023-08-20 11:51:38,242] {logging_mixin.py:104} INFO - [2023-08-20 11:51:38,242] {dagbag.py:451} INFO - Filling up the DagBag from /home/airflow/.local/lib/python3.6/site-packages/airflow/example_dags/example_bash_operator.py
[2023-08-20 11:51:38,262] {scheduler_job.py:639} INFO - DAG(s) dict_keys(['example_bash_operator']) retrieved from /home/airflow/.local/lib/python3.6/site-packages/airflow/example_dags/example_bash_operator.py
[2023-08-20 11:51:38,291] {logging_mixin.py:104} INFO - [2023-08-20 11:51:38,291] {dag.py:1824} INFO - Sync 1 DAGs
[2023-08-20 11:51:38,316] {logging_mixin.py:104} INFO - [2023-08-20 11:51:38,316] {dag.py:2280} INFO - Setting next_dagrun for example_bash_operator to 2023-08-18 00:00:00+00:00
[2023-08-20 11:51:38,331] {scheduler_job.py:190} INFO - Processing /home/airflow/.local/lib/python3.6/site-packages/airflow/example_dags/example_bash_operator.py took 0.099 seconds
[2023-08-20 11:52:08,832] {scheduler_job.py:182} INFO - Started process (PID=659) to work on /home/airflow/.local/lib/python3.6/site-packages/airflow/example_dags/example_bash_operator.py
[2023-08-20 11:52:08,835] {scheduler_job.py:629} INFO - Processing file /home/airflow/.local/lib/python3.6/site-packages/airflow/example_dags/example_bash_operator.py for tasks to queue
[2023-08-20 11:52:08,838] {logging_mixin.py:104} INFO - [2023-08-20 11:52:08,838] {dagbag.py:451} INFO - Filling up the DagBag from /home/airflow/.local/lib/python3.6/site-packages/airflow/example_dags/example_bash_operator.py
[2023-08-20 11:52:08,858] {scheduler_job.py:639} INFO - DAG(s) dict_keys(['example_bash_operator']) retrieved from /home/airflow/.local/lib/python3.6/site-packages/airflow/example_dags/example_bash_operator.py
[2023-08-20 11:52:08,892] {logging_mixin.py:104} INFO - [2023-08-20 11:52:08,891] {dag.py:1824} INFO - Sync 1 DAGs
[2023-08-20 11:52:08,923] {logging_mixin.py:104} INFO - [2023-08-20 11:52:08,923] {dag.py:2280} INFO - Setting next_dagrun for example_bash_operator to 2023-08-18 00:00:00+00:00
[2023-08-20 11:52:08,938] {scheduler_job.py:190} INFO - Processing /home/airflow/.local/lib/python3.6/site-packages/airflow/example_dags/example_bash_operator.py took 0.111 seconds
[2023-08-20 11:52:39,607] {scheduler_job.py:182} INFO - Started process (PID=686) to work on /home/airflow/.local/lib/python3.6/site-packages/airflow/example_dags/example_bash_operator.py
[2023-08-20 11:52:39,610] {scheduler_job.py:629} INFO - Processing file /home/airflow/.local/lib/python3.6/site-packages/airflow/example_dags/example_bash_operator.py for tasks to queue
[2023-08-20 11:52:39,611] {logging_mixin.py:104} INFO - [2023-08-20 11:52:39,611] {dagbag.py:451} INFO - Filling up the DagBag from /home/airflow/.local/lib/python3.6/site-packages/airflow/example_dags/example_bash_operator.py
[2023-08-20 11:52:39,627] {scheduler_job.py:639} INFO - DAG(s) dict_keys(['example_bash_operator']) retrieved from /home/airflow/.local/lib/python3.6/site-packages/airflow/example_dags/example_bash_operator.py
[2023-08-20 11:52:39,651] {logging_mixin.py:104} INFO - [2023-08-20 11:52:39,651] {dag.py:1824} INFO - Sync 1 DAGs
[2023-08-20 11:52:39,675] {logging_mixin.py:104} INFO - [2023-08-20 11:52:39,675] {dag.py:2280} INFO - Setting next_dagrun for example_bash_operator to 2023-08-18 00:00:00+00:00
[2023-08-20 11:52:39,690] {scheduler_job.py:190} INFO - Processing /home/airflow/.local/lib/python3.6/site-packages/airflow/example_dags/example_bash_operator.py took 0.087 seconds
[2023-08-20 11:53:10,653] {scheduler_job.py:182} INFO - Started process (PID=712) to work on /home/airflow/.local/lib/python3.6/site-packages/airflow/example_dags/example_bash_operator.py
[2023-08-20 11:53:10,656] {scheduler_job.py:629} INFO - Processing file /home/airflow/.local/lib/python3.6/site-packages/airflow/example_dags/example_bash_operator.py for tasks to queue
[2023-08-20 11:53:10,657] {logging_mixin.py:104} INFO - [2023-08-20 11:53:10,657] {dagbag.py:451} INFO - Filling up the DagBag from /home/airflow/.local/lib/python3.6/site-packages/airflow/example_dags/example_bash_operator.py
[2023-08-20 11:53:10,672] {scheduler_job.py:639} INFO - DAG(s) dict_keys(['example_bash_operator']) retrieved from /home/airflow/.local/lib/python3.6/site-packages/airflow/example_dags/example_bash_operator.py
[2023-08-20 11:53:10,697] {logging_mixin.py:104} INFO - [2023-08-20 11:53:10,697] {dag.py:1824} INFO - Sync 1 DAGs
[2023-08-20 11:53:10,724] {logging_mixin.py:104} INFO - [2023-08-20 11:53:10,723] {dag.py:2280} INFO - Setting next_dagrun for example_bash_operator to 2023-08-18 00:00:00+00:00
[2023-08-20 11:53:10,738] {scheduler_job.py:190} INFO - Processing /home/airflow/.local/lib/python3.6/site-packages/airflow/example_dags/example_bash_operator.py took 0.088 seconds
[2023-08-20 11:53:41,534] {scheduler_job.py:182} INFO - Started process (PID=738) to work on /home/airflow/.local/lib/python3.6/site-packages/airflow/example_dags/example_bash_operator.py
[2023-08-20 11:53:41,536] {scheduler_job.py:629} INFO - Processing file /home/airflow/.local/lib/python3.6/site-packages/airflow/example_dags/example_bash_operator.py for tasks to queue
[2023-08-20 11:53:41,537] {logging_mixin.py:104} INFO - [2023-08-20 11:53:41,537] {dagbag.py:451} INFO - Filling up the DagBag from /home/airflow/.local/lib/python3.6/site-packages/airflow/example_dags/example_bash_operator.py
[2023-08-20 11:53:41,551] {scheduler_job.py:639} INFO - DAG(s) dict_keys(['example_bash_operator']) retrieved from /home/airflow/.local/lib/python3.6/site-packages/airflow/example_dags/example_bash_operator.py
[2023-08-20 11:53:41,576] {logging_mixin.py:104} INFO - [2023-08-20 11:53:41,576] {dag.py:1824} INFO - Sync 1 DAGs
[2023-08-20 11:53:41,597] {logging_mixin.py:104} INFO - [2023-08-20 11:53:41,597] {dag.py:2280} INFO - Setting next_dagrun for example_bash_operator to 2023-08-18 00:00:00+00:00
[2023-08-20 11:53:41,614] {scheduler_job.py:190} INFO - Processing /home/airflow/.local/lib/python3.6/site-packages/airflow/example_dags/example_bash_operator.py took 0.084 seconds
[2023-08-20 11:54:12,492] {scheduler_job.py:182} INFO - Started process (PID=764) to work on /home/airflow/.local/lib/python3.6/site-packages/airflow/example_dags/example_bash_operator.py
[2023-08-20 11:54:12,494] {scheduler_job.py:629} INFO - Processing file /home/airflow/.local/lib/python3.6/site-packages/airflow/example_dags/example_bash_operator.py for tasks to queue
[2023-08-20 11:54:12,495] {logging_mixin.py:104} INFO - [2023-08-20 11:54:12,495] {dagbag.py:451} INFO - Filling up the DagBag from /home/airflow/.local/lib/python3.6/site-packages/airflow/example_dags/example_bash_operator.py
[2023-08-20 11:54:12,515] {scheduler_job.py:639} INFO - DAG(s) dict_keys(['example_bash_operator']) retrieved from /home/airflow/.local/lib/python3.6/site-packages/airflow/example_dags/example_bash_operator.py
[2023-08-20 11:54:12,546] {logging_mixin.py:104} INFO - [2023-08-20 11:54:12,546] {dag.py:1824} INFO - Sync 1 DAGs
[2023-08-20 11:54:12,572] {logging_mixin.py:104} INFO - [2023-08-20 11:54:12,572] {dag.py:2280} INFO - Setting next_dagrun for example_bash_operator to 2023-08-18 00:00:00+00:00
[2023-08-20 11:54:12,586] {scheduler_job.py:190} INFO - Processing /home/airflow/.local/lib/python3.6/site-packages/airflow/example_dags/example_bash_operator.py took 0.098 seconds
[2023-08-20 11:54:43,291] {scheduler_job.py:182} INFO - Started process (PID=790) to work on /home/airflow/.local/lib/python3.6/site-packages/airflow/example_dags/example_bash_operator.py
[2023-08-20 11:54:43,293] {scheduler_job.py:629} INFO - Processing file /home/airflow/.local/lib/python3.6/site-packages/airflow/example_dags/example_bash_operator.py for tasks to queue
[2023-08-20 11:54:43,295] {logging_mixin.py:104} INFO - [2023-08-20 11:54:43,295] {dagbag.py:451} INFO - Filling up the DagBag from /home/airflow/.local/lib/python3.6/site-packages/airflow/example_dags/example_bash_operator.py
[2023-08-20 11:54:43,312] {scheduler_job.py:639} INFO - DAG(s) dict_keys(['example_bash_operator']) retrieved from /home/airflow/.local/lib/python3.6/site-packages/airflow/example_dags/example_bash_operator.py
[2023-08-20 11:54:43,337] {logging_mixin.py:104} INFO - [2023-08-20 11:54:43,337] {dag.py:1824} INFO - Sync 1 DAGs
[2023-08-20 11:54:43,364] {logging_mixin.py:104} INFO - [2023-08-20 11:54:43,364] {dag.py:2280} INFO - Setting next_dagrun for example_bash_operator to 2023-08-18 00:00:00+00:00
[2023-08-20 11:54:43,380] {scheduler_job.py:190} INFO - Processing /home/airflow/.local/lib/python3.6/site-packages/airflow/example_dags/example_bash_operator.py took 0.092 seconds
[2023-08-20 11:55:13,941] {scheduler_job.py:182} INFO - Started process (PID=816) to work on /home/airflow/.local/lib/python3.6/site-packages/airflow/example_dags/example_bash_operator.py
[2023-08-20 11:55:13,943] {scheduler_job.py:629} INFO - Processing file /home/airflow/.local/lib/python3.6/site-packages/airflow/example_dags/example_bash_operator.py for tasks to queue
[2023-08-20 11:55:13,945] {logging_mixin.py:104} INFO - [2023-08-20 11:55:13,944] {dagbag.py:451} INFO - Filling up the DagBag from /home/airflow/.local/lib/python3.6/site-packages/airflow/example_dags/example_bash_operator.py
[2023-08-20 11:55:13,961] {scheduler_job.py:639} INFO - DAG(s) dict_keys(['example_bash_operator']) retrieved from /home/airflow/.local/lib/python3.6/site-packages/airflow/example_dags/example_bash_operator.py
[2023-08-20 11:55:13,987] {logging_mixin.py:104} INFO - [2023-08-20 11:55:13,987] {dag.py:1824} INFO - Sync 1 DAGs
[2023-08-20 11:55:14,011] {logging_mixin.py:104} INFO - [2023-08-20 11:55:14,011] {dag.py:2280} INFO - Setting next_dagrun for example_bash_operator to 2023-08-18 00:00:00+00:00
[2023-08-20 11:55:14,026] {scheduler_job.py:190} INFO - Processing /home/airflow/.local/lib/python3.6/site-packages/airflow/example_dags/example_bash_operator.py took 0.089 seconds
[2023-08-20 11:55:44,658] {scheduler_job.py:182} INFO - Started process (PID=842) to work on /home/airflow/.local/lib/python3.6/site-packages/airflow/example_dags/example_bash_operator.py
[2023-08-20 11:55:44,660] {scheduler_job.py:629} INFO - Processing file /home/airflow/.local/lib/python3.6/site-packages/airflow/example_dags/example_bash_operator.py for tasks to queue
[2023-08-20 11:55:44,662] {logging_mixin.py:104} INFO - [2023-08-20 11:55:44,662] {dagbag.py:451} INFO - Filling up the DagBag from /home/airflow/.local/lib/python3.6/site-packages/airflow/example_dags/example_bash_operator.py
[2023-08-20 11:55:44,676] {scheduler_job.py:639} INFO - DAG(s) dict_keys(['example_bash_operator']) retrieved from /home/airflow/.local/lib/python3.6/site-packages/airflow/example_dags/example_bash_operator.py
[2023-08-20 11:55:44,699] {logging_mixin.py:104} INFO - [2023-08-20 11:55:44,699] {dag.py:1824} INFO - Sync 1 DAGs
[2023-08-20 11:55:44,721] {logging_mixin.py:104} INFO - [2023-08-20 11:55:44,721] {dag.py:2280} INFO - Setting next_dagrun for example_bash_operator to 2023-08-18 00:00:00+00:00
[2023-08-20 11:55:44,738] {scheduler_job.py:190} INFO - Processing /home/airflow/.local/lib/python3.6/site-packages/airflow/example_dags/example_bash_operator.py took 0.083 seconds
[2023-08-20 11:56:15,205] {scheduler_job.py:182} INFO - Started process (PID=868) to work on /home/airflow/.local/lib/python3.6/site-packages/airflow/example_dags/example_bash_operator.py
[2023-08-20 11:56:15,207] {scheduler_job.py:629} INFO - Processing file /home/airflow/.local/lib/python3.6/site-packages/airflow/example_dags/example_bash_operator.py for tasks to queue
[2023-08-20 11:56:15,208] {logging_mixin.py:104} INFO - [2023-08-20 11:56:15,208] {dagbag.py:451} INFO - Filling up the DagBag from /home/airflow/.local/lib/python3.6/site-packages/airflow/example_dags/example_bash_operator.py
[2023-08-20 11:56:15,224] {scheduler_job.py:639} INFO - DAG(s) dict_keys(['example_bash_operator']) retrieved from /home/airflow/.local/lib/python3.6/site-packages/airflow/example_dags/example_bash_operator.py
[2023-08-20 11:56:15,254] {logging_mixin.py:104} INFO - [2023-08-20 11:56:15,253] {dag.py:1824} INFO - Sync 1 DAGs
[2023-08-20 11:56:15,280] {logging_mixin.py:104} INFO - [2023-08-20 11:56:15,280] {dag.py:2280} INFO - Setting next_dagrun for example_bash_operator to 2023-08-18 00:00:00+00:00
[2023-08-20 11:56:15,295] {scheduler_job.py:190} INFO - Processing /home/airflow/.local/lib/python3.6/site-packages/airflow/example_dags/example_bash_operator.py took 0.094 seconds
[2023-08-20 11:56:45,776] {scheduler_job.py:182} INFO - Started process (PID=894) to work on /home/airflow/.local/lib/python3.6/site-packages/airflow/example_dags/example_bash_operator.py
[2023-08-20 11:56:45,778] {scheduler_job.py:629} INFO - Processing file /home/airflow/.local/lib/python3.6/site-packages/airflow/example_dags/example_bash_operator.py for tasks to queue
[2023-08-20 11:56:45,779] {logging_mixin.py:104} INFO - [2023-08-20 11:56:45,779] {dagbag.py:451} INFO - Filling up the DagBag from /home/airflow/.local/lib/python3.6/site-packages/airflow/example_dags/example_bash_operator.py
[2023-08-20 11:56:45,794] {scheduler_job.py:639} INFO - DAG(s) dict_keys(['example_bash_operator']) retrieved from /home/airflow/.local/lib/python3.6/site-packages/airflow/example_dags/example_bash_operator.py
[2023-08-20 11:56:45,820] {logging_mixin.py:104} INFO - [2023-08-20 11:56:45,819] {dag.py:1824} INFO - Sync 1 DAGs
[2023-08-20 11:56:45,845] {logging_mixin.py:104} INFO - [2023-08-20 11:56:45,845] {dag.py:2280} INFO - Setting next_dagrun for example_bash_operator to 2023-08-18 00:00:00+00:00
[2023-08-20 11:56:45,862] {scheduler_job.py:190} INFO - Processing /home/airflow/.local/lib/python3.6/site-packages/airflow/example_dags/example_bash_operator.py took 0.090 seconds
[2023-08-20 11:57:16,458] {scheduler_job.py:182} INFO - Started process (PID=920) to work on /home/airflow/.local/lib/python3.6/site-packages/airflow/example_dags/example_bash_operator.py
[2023-08-20 11:57:16,461] {scheduler_job.py:629} INFO - Processing file /home/airflow/.local/lib/python3.6/site-packages/airflow/example_dags/example_bash_operator.py for tasks to queue
[2023-08-20 11:57:16,463] {logging_mixin.py:104} INFO - [2023-08-20 11:57:16,463] {dagbag.py:451} INFO - Filling up the DagBag from /home/airflow/.local/lib/python3.6/site-packages/airflow/example_dags/example_bash_operator.py
[2023-08-20 11:57:16,485] {scheduler_job.py:639} INFO - DAG(s) dict_keys(['example_bash_operator']) retrieved from /home/airflow/.local/lib/python3.6/site-packages/airflow/example_dags/example_bash_operator.py
[2023-08-20 11:57:16,516] {logging_mixin.py:104} INFO - [2023-08-20 11:57:16,515] {dag.py:1824} INFO - Sync 1 DAGs
[2023-08-20 11:57:16,545] {logging_mixin.py:104} INFO - [2023-08-20 11:57:16,545] {dag.py:2280} INFO - Setting next_dagrun for example_bash_operator to 2023-08-18 00:00:00+00:00
[2023-08-20 11:57:16,564] {scheduler_job.py:190} INFO - Processing /home/airflow/.local/lib/python3.6/site-packages/airflow/example_dags/example_bash_operator.py took 0.110 seconds
[2023-08-20 11:57:47,074] {scheduler_job.py:182} INFO - Started process (PID=946) to work on /home/airflow/.local/lib/python3.6/site-packages/airflow/example_dags/example_bash_operator.py
[2023-08-20 11:57:47,077] {scheduler_job.py:629} INFO - Processing file /home/airflow/.local/lib/python3.6/site-packages/airflow/example_dags/example_bash_operator.py for tasks to queue
[2023-08-20 11:57:47,079] {logging_mixin.py:104} INFO - [2023-08-20 11:57:47,079] {dagbag.py:451} INFO - Filling up the DagBag from /home/airflow/.local/lib/python3.6/site-packages/airflow/example_dags/example_bash_operator.py
[2023-08-20 11:57:47,094] {scheduler_job.py:639} INFO - DAG(s) dict_keys(['example_bash_operator']) retrieved from /home/airflow/.local/lib/python3.6/site-packages/airflow/example_dags/example_bash_operator.py
[2023-08-20 11:57:47,128] {logging_mixin.py:104} INFO - [2023-08-20 11:57:47,128] {dag.py:1824} INFO - Sync 1 DAGs
[2023-08-20 11:57:47,158] {logging_mixin.py:104} INFO - [2023-08-20 11:57:47,158] {dag.py:2280} INFO - Setting next_dagrun for example_bash_operator to 2023-08-18 00:00:00+00:00
[2023-08-20 11:57:47,177] {scheduler_job.py:190} INFO - Processing /home/airflow/.local/lib/python3.6/site-packages/airflow/example_dags/example_bash_operator.py took 0.106 seconds
[2023-08-20 11:58:17,581] {scheduler_job.py:182} INFO - Started process (PID=972) to work on /home/airflow/.local/lib/python3.6/site-packages/airflow/example_dags/example_bash_operator.py
[2023-08-20 11:58:17,583] {scheduler_job.py:629} INFO - Processing file /home/airflow/.local/lib/python3.6/site-packages/airflow/example_dags/example_bash_operator.py for tasks to queue
[2023-08-20 11:58:17,584] {logging_mixin.py:104} INFO - [2023-08-20 11:58:17,584] {dagbag.py:451} INFO - Filling up the DagBag from /home/airflow/.local/lib/python3.6/site-packages/airflow/example_dags/example_bash_operator.py
[2023-08-20 11:58:17,599] {scheduler_job.py:639} INFO - DAG(s) dict_keys(['example_bash_operator']) retrieved from /home/airflow/.local/lib/python3.6/site-packages/airflow/example_dags/example_bash_operator.py
[2023-08-20 11:58:17,626] {logging_mixin.py:104} INFO - [2023-08-20 11:58:17,626] {dag.py:1824} INFO - Sync 1 DAGs
[2023-08-20 11:58:17,653] {logging_mixin.py:104} INFO - [2023-08-20 11:58:17,653] {dag.py:2280} INFO - Setting next_dagrun for example_bash_operator to 2023-08-18 00:00:00+00:00
[2023-08-20 11:58:17,668] {scheduler_job.py:190} INFO - Processing /home/airflow/.local/lib/python3.6/site-packages/airflow/example_dags/example_bash_operator.py took 0.091 seconds
[2023-08-20 11:58:48,128] {scheduler_job.py:182} INFO - Started process (PID=998) to work on /home/airflow/.local/lib/python3.6/site-packages/airflow/example_dags/example_bash_operator.py
[2023-08-20 11:58:48,130] {scheduler_job.py:629} INFO - Processing file /home/airflow/.local/lib/python3.6/site-packages/airflow/example_dags/example_bash_operator.py for tasks to queue
[2023-08-20 11:58:48,132] {logging_mixin.py:104} INFO - [2023-08-20 11:58:48,132] {dagbag.py:451} INFO - Filling up the DagBag from /home/airflow/.local/lib/python3.6/site-packages/airflow/example_dags/example_bash_operator.py
[2023-08-20 11:58:48,153] {scheduler_job.py:639} INFO - DAG(s) dict_keys(['example_bash_operator']) retrieved from /home/airflow/.local/lib/python3.6/site-packages/airflow/example_dags/example_bash_operator.py
[2023-08-20 11:58:48,181] {logging_mixin.py:104} INFO - [2023-08-20 11:58:48,181] {dag.py:1824} INFO - Sync 1 DAGs
[2023-08-20 11:58:48,210] {logging_mixin.py:104} INFO - [2023-08-20 11:58:48,210] {dag.py:2280} INFO - Setting next_dagrun for example_bash_operator to 2023-08-18 00:00:00+00:00
[2023-08-20 11:58:48,225] {scheduler_job.py:190} INFO - Processing /home/airflow/.local/lib/python3.6/site-packages/airflow/example_dags/example_bash_operator.py took 0.100 seconds
[2023-08-20 11:59:18,747] {scheduler_job.py:182} INFO - Started process (PID=1024) to work on /home/airflow/.local/lib/python3.6/site-packages/airflow/example_dags/example_bash_operator.py
[2023-08-20 11:59:18,749] {scheduler_job.py:629} INFO - Processing file /home/airflow/.local/lib/python3.6/site-packages/airflow/example_dags/example_bash_operator.py for tasks to queue
[2023-08-20 11:59:18,750] {logging_mixin.py:104} INFO - [2023-08-20 11:59:18,750] {dagbag.py:451} INFO - Filling up the DagBag from /home/airflow/.local/lib/python3.6/site-packages/airflow/example_dags/example_bash_operator.py
[2023-08-20 11:59:18,765] {scheduler_job.py:639} INFO - DAG(s) dict_keys(['example_bash_operator']) retrieved from /home/airflow/.local/lib/python3.6/site-packages/airflow/example_dags/example_bash_operator.py
[2023-08-20 11:59:18,795] {logging_mixin.py:104} INFO - [2023-08-20 11:59:18,794] {dag.py:1824} INFO - Sync 1 DAGs
[2023-08-20 11:59:18,824] {logging_mixin.py:104} INFO - [2023-08-20 11:59:18,824] {dag.py:2280} INFO - Setting next_dagrun for example_bash_operator to 2023-08-18 00:00:00+00:00
[2023-08-20 11:59:18,841] {scheduler_job.py:190} INFO - Processing /home/airflow/.local/lib/python3.6/site-packages/airflow/example_dags/example_bash_operator.py took 0.098 seconds
[2023-08-20 11:59:49,555] {scheduler_job.py:182} INFO - Started process (PID=1050) to work on /home/airflow/.local/lib/python3.6/site-packages/airflow/example_dags/example_bash_operator.py
[2023-08-20 11:59:49,557] {scheduler_job.py:629} INFO - Processing file /home/airflow/.local/lib/python3.6/site-packages/airflow/example_dags/example_bash_operator.py for tasks to queue
[2023-08-20 11:59:49,559] {logging_mixin.py:104} INFO - [2023-08-20 11:59:49,558] {dagbag.py:451} INFO - Filling up the DagBag from /home/airflow/.local/lib/python3.6/site-packages/airflow/example_dags/example_bash_operator.py
[2023-08-20 11:59:49,576] {scheduler_job.py:639} INFO - DAG(s) dict_keys(['example_bash_operator']) retrieved from /home/airflow/.local/lib/python3.6/site-packages/airflow/example_dags/example_bash_operator.py
[2023-08-20 11:59:49,599] {logging_mixin.py:104} INFO - [2023-08-20 11:59:49,599] {dag.py:1824} INFO - Sync 1 DAGs
[2023-08-20 11:59:49,624] {logging_mixin.py:104} INFO - [2023-08-20 11:59:49,624] {dag.py:2280} INFO - Setting next_dagrun for example_bash_operator to 2023-08-18 00:00:00+00:00
[2023-08-20 11:59:49,639] {scheduler_job.py:190} INFO - Processing /home/airflow/.local/lib/python3.6/site-packages/airflow/example_dags/example_bash_operator.py took 0.087 seconds
[2023-08-20 12:00:20,282] {scheduler_job.py:182} INFO - Started process (PID=1076) to work on /home/airflow/.local/lib/python3.6/site-packages/airflow/example_dags/example_bash_operator.py
[2023-08-20 12:00:20,284] {scheduler_job.py:629} INFO - Processing file /home/airflow/.local/lib/python3.6/site-packages/airflow/example_dags/example_bash_operator.py for tasks to queue
[2023-08-20 12:00:20,285] {logging_mixin.py:104} INFO - [2023-08-20 12:00:20,285] {dagbag.py:451} INFO - Filling up the DagBag from /home/airflow/.local/lib/python3.6/site-packages/airflow/example_dags/example_bash_operator.py
[2023-08-20 12:00:20,300] {scheduler_job.py:639} INFO - DAG(s) dict_keys(['example_bash_operator']) retrieved from /home/airflow/.local/lib/python3.6/site-packages/airflow/example_dags/example_bash_operator.py
[2023-08-20 12:00:20,322] {logging_mixin.py:104} INFO - [2023-08-20 12:00:20,322] {dag.py:1824} INFO - Sync 1 DAGs
[2023-08-20 12:00:20,344] {logging_mixin.py:104} INFO - [2023-08-20 12:00:20,344] {dag.py:2280} INFO - Setting next_dagrun for example_bash_operator to 2023-08-18 00:00:00+00:00
[2023-08-20 12:00:20,358] {scheduler_job.py:190} INFO - Processing /home/airflow/.local/lib/python3.6/site-packages/airflow/example_dags/example_bash_operator.py took 0.080 seconds
[2023-08-20 12:00:50,855] {scheduler_job.py:182} INFO - Started process (PID=1102) to work on /home/airflow/.local/lib/python3.6/site-packages/airflow/example_dags/example_bash_operator.py
[2023-08-20 12:00:50,857] {scheduler_job.py:629} INFO - Processing file /home/airflow/.local/lib/python3.6/site-packages/airflow/example_dags/example_bash_operator.py for tasks to queue
[2023-08-20 12:00:50,858] {logging_mixin.py:104} INFO - [2023-08-20 12:00:50,858] {dagbag.py:451} INFO - Filling up the DagBag from /home/airflow/.local/lib/python3.6/site-packages/airflow/example_dags/example_bash_operator.py
[2023-08-20 12:00:50,870] {scheduler_job.py:639} INFO - DAG(s) dict_keys(['example_bash_operator']) retrieved from /home/airflow/.local/lib/python3.6/site-packages/airflow/example_dags/example_bash_operator.py
[2023-08-20 12:00:50,892] {logging_mixin.py:104} INFO - [2023-08-20 12:00:50,892] {dag.py:1824} INFO - Sync 1 DAGs
[2023-08-20 12:00:50,913] {logging_mixin.py:104} INFO - [2023-08-20 12:00:50,913] {dag.py:2280} INFO - Setting next_dagrun for example_bash_operator to 2023-08-18 00:00:00+00:00
[2023-08-20 12:00:50,929] {scheduler_job.py:190} INFO - Processing /home/airflow/.local/lib/python3.6/site-packages/airflow/example_dags/example_bash_operator.py took 0.077 seconds
[2023-08-20 12:01:21,406] {scheduler_job.py:182} INFO - Started process (PID=1128) to work on /home/airflow/.local/lib/python3.6/site-packages/airflow/example_dags/example_bash_operator.py
[2023-08-20 12:01:21,408] {scheduler_job.py:629} INFO - Processing file /home/airflow/.local/lib/python3.6/site-packages/airflow/example_dags/example_bash_operator.py for tasks to queue
[2023-08-20 12:01:21,411] {logging_mixin.py:104} INFO - [2023-08-20 12:01:21,411] {dagbag.py:451} INFO - Filling up the DagBag from /home/airflow/.local/lib/python3.6/site-packages/airflow/example_dags/example_bash_operator.py
[2023-08-20 12:01:21,425] {scheduler_job.py:639} INFO - DAG(s) dict_keys(['example_bash_operator']) retrieved from /home/airflow/.local/lib/python3.6/site-packages/airflow/example_dags/example_bash_operator.py
[2023-08-20 12:01:21,454] {logging_mixin.py:104} INFO - [2023-08-20 12:01:21,454] {dag.py:1824} INFO - Sync 1 DAGs
[2023-08-20 12:01:21,479] {logging_mixin.py:104} INFO - [2023-08-20 12:01:21,479] {dag.py:2280} INFO - Setting next_dagrun for example_bash_operator to 2023-08-18 00:00:00+00:00
[2023-08-20 12:01:21,494] {scheduler_job.py:190} INFO - Processing /home/airflow/.local/lib/python3.6/site-packages/airflow/example_dags/example_bash_operator.py took 0.094 seconds
[2023-08-20T17:37:41.102+0000] {processor.py:157} INFO - Started process (PID=73) to work on /home/airflow/.local/lib/python3.8/site-packages/airflow/example_dags/example_bash_operator.py
[2023-08-20T17:37:41.105+0000] {processor.py:829} INFO - Processing file /home/airflow/.local/lib/python3.8/site-packages/airflow/example_dags/example_bash_operator.py for tasks to queue
[2023-08-20T17:37:41.109+0000] {logging_mixin.py:151} INFO - [2023-08-20T17:37:41.108+0000] {dagbag.py:539} INFO - Filling up the DagBag from /home/airflow/.local/lib/python3.8/site-packages/airflow/example_dags/example_bash_operator.py
[2023-08-20T17:37:41.134+0000] {processor.py:839} INFO - DAG(s) dict_keys(['example_bash_operator']) retrieved from /home/airflow/.local/lib/python3.8/site-packages/airflow/example_dags/example_bash_operator.py
[2023-08-20T17:37:41.152+0000] {logging_mixin.py:151} INFO - [2023-08-20T17:37:41.152+0000] {dag.py:2907} INFO - Sync 1 DAGs
[2023-08-20T17:37:41.192+0000] {logging_mixin.py:151} INFO - [2023-08-20T17:37:41.192+0000] {dag.py:3677} INFO - Setting next_dagrun for example_bash_operator to 2023-08-19T00:00:00+00:00, run_after=2023-08-20T00:00:00+00:00
[2023-08-20T17:37:41.228+0000] {processor.py:179} INFO - Processing /home/airflow/.local/lib/python3.8/site-packages/airflow/example_dags/example_bash_operator.py took 0.130 seconds
[2023-08-20T17:38:11.928+0000] {processor.py:157} INFO - Started process (PID=127) to work on /home/airflow/.local/lib/python3.8/site-packages/airflow/example_dags/example_bash_operator.py
[2023-08-20T17:38:11.929+0000] {processor.py:829} INFO - Processing file /home/airflow/.local/lib/python3.8/site-packages/airflow/example_dags/example_bash_operator.py for tasks to queue
[2023-08-20T17:38:11.933+0000] {logging_mixin.py:151} INFO - [2023-08-20T17:38:11.932+0000] {dagbag.py:539} INFO - Filling up the DagBag from /home/airflow/.local/lib/python3.8/site-packages/airflow/example_dags/example_bash_operator.py
[2023-08-20T17:38:11.949+0000] {processor.py:839} INFO - DAG(s) dict_keys(['example_bash_operator']) retrieved from /home/airflow/.local/lib/python3.8/site-packages/airflow/example_dags/example_bash_operator.py
[2023-08-20T17:38:11.989+0000] {logging_mixin.py:151} INFO - [2023-08-20T17:38:11.988+0000] {dag.py:2907} INFO - Sync 1 DAGs
[2023-08-20T17:38:12.021+0000] {logging_mixin.py:151} INFO - [2023-08-20T17:38:12.021+0000] {dag.py:3677} INFO - Setting next_dagrun for example_bash_operator to 2023-08-19T00:00:00+00:00, run_after=2023-08-20T00:00:00+00:00
[2023-08-20T17:38:12.050+0000] {processor.py:179} INFO - Processing /home/airflow/.local/lib/python3.8/site-packages/airflow/example_dags/example_bash_operator.py took 0.126 seconds
[2023-08-20T17:38:42.395+0000] {processor.py:157} INFO - Started process (PID=181) to work on /home/airflow/.local/lib/python3.8/site-packages/airflow/example_dags/example_bash_operator.py
[2023-08-20T17:38:42.397+0000] {processor.py:829} INFO - Processing file /home/airflow/.local/lib/python3.8/site-packages/airflow/example_dags/example_bash_operator.py for tasks to queue
[2023-08-20T17:38:42.400+0000] {logging_mixin.py:151} INFO - [2023-08-20T17:38:42.399+0000] {dagbag.py:539} INFO - Filling up the DagBag from /home/airflow/.local/lib/python3.8/site-packages/airflow/example_dags/example_bash_operator.py
[2023-08-20T17:38:42.417+0000] {processor.py:839} INFO - DAG(s) dict_keys(['example_bash_operator']) retrieved from /home/airflow/.local/lib/python3.8/site-packages/airflow/example_dags/example_bash_operator.py
[2023-08-20T17:38:42.459+0000] {logging_mixin.py:151} INFO - [2023-08-20T17:38:42.458+0000] {dag.py:2907} INFO - Sync 1 DAGs
[2023-08-20T17:38:42.492+0000] {logging_mixin.py:151} INFO - [2023-08-20T17:38:42.492+0000] {dag.py:3677} INFO - Setting next_dagrun for example_bash_operator to 2023-08-19T00:00:00+00:00, run_after=2023-08-20T00:00:00+00:00
[2023-08-20T17:38:42.517+0000] {processor.py:179} INFO - Processing /home/airflow/.local/lib/python3.8/site-packages/airflow/example_dags/example_bash_operator.py took 0.126 seconds
[2023-08-20T17:39:13.014+0000] {processor.py:157} INFO - Started process (PID=235) to work on /home/airflow/.local/lib/python3.8/site-packages/airflow/example_dags/example_bash_operator.py
[2023-08-20T17:39:13.016+0000] {processor.py:829} INFO - Processing file /home/airflow/.local/lib/python3.8/site-packages/airflow/example_dags/example_bash_operator.py for tasks to queue
[2023-08-20T17:39:13.021+0000] {logging_mixin.py:151} INFO - [2023-08-20T17:39:13.020+0000] {dagbag.py:539} INFO - Filling up the DagBag from /home/airflow/.local/lib/python3.8/site-packages/airflow/example_dags/example_bash_operator.py
[2023-08-20T17:39:13.037+0000] {processor.py:839} INFO - DAG(s) dict_keys(['example_bash_operator']) retrieved from /home/airflow/.local/lib/python3.8/site-packages/airflow/example_dags/example_bash_operator.py
[2023-08-20T17:39:13.075+0000] {logging_mixin.py:151} INFO - [2023-08-20T17:39:13.075+0000] {dag.py:2907} INFO - Sync 1 DAGs
[2023-08-20T17:39:13.104+0000] {logging_mixin.py:151} INFO - [2023-08-20T17:39:13.104+0000] {dag.py:3677} INFO - Setting next_dagrun for example_bash_operator to 2023-08-19T00:00:00+00:00, run_after=2023-08-20T00:00:00+00:00
[2023-08-20T17:39:13.129+0000] {processor.py:179} INFO - Processing /home/airflow/.local/lib/python3.8/site-packages/airflow/example_dags/example_bash_operator.py took 0.118 seconds
[2023-08-20T17:39:43.983+0000] {processor.py:157} INFO - Started process (PID=289) to work on /home/airflow/.local/lib/python3.8/site-packages/airflow/example_dags/example_bash_operator.py
[2023-08-20T17:39:43.984+0000] {processor.py:829} INFO - Processing file /home/airflow/.local/lib/python3.8/site-packages/airflow/example_dags/example_bash_operator.py for tasks to queue
[2023-08-20T17:39:43.988+0000] {logging_mixin.py:151} INFO - [2023-08-20T17:39:43.987+0000] {dagbag.py:539} INFO - Filling up the DagBag from /home/airflow/.local/lib/python3.8/site-packages/airflow/example_dags/example_bash_operator.py
[2023-08-20T17:39:44.003+0000] {processor.py:839} INFO - DAG(s) dict_keys(['example_bash_operator']) retrieved from /home/airflow/.local/lib/python3.8/site-packages/airflow/example_dags/example_bash_operator.py
[2023-08-20T17:39:44.019+0000] {logging_mixin.py:151} INFO - [2023-08-20T17:39:44.019+0000] {dag.py:2907} INFO - Sync 1 DAGs
[2023-08-20T17:39:44.054+0000] {logging_mixin.py:151} INFO - [2023-08-20T17:39:44.054+0000] {dag.py:3677} INFO - Setting next_dagrun for example_bash_operator to 2023-08-19T00:00:00+00:00, run_after=2023-08-20T00:00:00+00:00
[2023-08-20T17:39:44.084+0000] {processor.py:179} INFO - Processing /home/airflow/.local/lib/python3.8/site-packages/airflow/example_dags/example_bash_operator.py took 0.105 seconds
[2023-08-20T17:40:14.562+0000] {processor.py:157} INFO - Started process (PID=343) to work on /home/airflow/.local/lib/python3.8/site-packages/airflow/example_dags/example_bash_operator.py
[2023-08-20T17:40:14.564+0000] {processor.py:829} INFO - Processing file /home/airflow/.local/lib/python3.8/site-packages/airflow/example_dags/example_bash_operator.py for tasks to queue
[2023-08-20T17:40:14.569+0000] {logging_mixin.py:151} INFO - [2023-08-20T17:40:14.568+0000] {dagbag.py:539} INFO - Filling up the DagBag from /home/airflow/.local/lib/python3.8/site-packages/airflow/example_dags/example_bash_operator.py
[2023-08-20T17:40:14.584+0000] {processor.py:839} INFO - DAG(s) dict_keys(['example_bash_operator']) retrieved from /home/airflow/.local/lib/python3.8/site-packages/airflow/example_dags/example_bash_operator.py
[2023-08-20T17:40:14.625+0000] {logging_mixin.py:151} INFO - [2023-08-20T17:40:14.625+0000] {dag.py:2907} INFO - Sync 1 DAGs
[2023-08-20T17:40:14.659+0000] {logging_mixin.py:151} INFO - [2023-08-20T17:40:14.658+0000] {dag.py:3677} INFO - Setting next_dagrun for example_bash_operator to 2023-08-19T00:00:00+00:00, run_after=2023-08-20T00:00:00+00:00
[2023-08-20T17:40:14.690+0000] {processor.py:179} INFO - Processing /home/airflow/.local/lib/python3.8/site-packages/airflow/example_dags/example_bash_operator.py took 0.133 seconds
[2023-08-20T17:40:45.418+0000] {processor.py:157} INFO - Started process (PID=397) to work on /home/airflow/.local/lib/python3.8/site-packages/airflow/example_dags/example_bash_operator.py
[2023-08-20T17:40:45.420+0000] {processor.py:829} INFO - Processing file /home/airflow/.local/lib/python3.8/site-packages/airflow/example_dags/example_bash_operator.py for tasks to queue
[2023-08-20T17:40:45.423+0000] {logging_mixin.py:151} INFO - [2023-08-20T17:40:45.423+0000] {dagbag.py:539} INFO - Filling up the DagBag from /home/airflow/.local/lib/python3.8/site-packages/airflow/example_dags/example_bash_operator.py
[2023-08-20T17:40:45.443+0000] {processor.py:839} INFO - DAG(s) dict_keys(['example_bash_operator']) retrieved from /home/airflow/.local/lib/python3.8/site-packages/airflow/example_dags/example_bash_operator.py
[2023-08-20T17:40:45.488+0000] {logging_mixin.py:151} INFO - [2023-08-20T17:40:45.488+0000] {dag.py:2907} INFO - Sync 1 DAGs
[2023-08-20T17:40:45.523+0000] {logging_mixin.py:151} INFO - [2023-08-20T17:40:45.523+0000] {dag.py:3677} INFO - Setting next_dagrun for example_bash_operator to 2023-08-19T00:00:00+00:00, run_after=2023-08-20T00:00:00+00:00
[2023-08-20T17:40:45.554+0000] {processor.py:179} INFO - Processing /home/airflow/.local/lib/python3.8/site-packages/airflow/example_dags/example_bash_operator.py took 0.141 seconds
[2023-08-20T17:41:15.641+0000] {processor.py:157} INFO - Started process (PID=451) to work on /home/airflow/.local/lib/python3.8/site-packages/airflow/example_dags/example_bash_operator.py
[2023-08-20T17:41:15.643+0000] {processor.py:829} INFO - Processing file /home/airflow/.local/lib/python3.8/site-packages/airflow/example_dags/example_bash_operator.py for tasks to queue
[2023-08-20T17:41:15.646+0000] {logging_mixin.py:151} INFO - [2023-08-20T17:41:15.646+0000] {dagbag.py:539} INFO - Filling up the DagBag from /home/airflow/.local/lib/python3.8/site-packages/airflow/example_dags/example_bash_operator.py
[2023-08-20T17:41:15.660+0000] {processor.py:839} INFO - DAG(s) dict_keys(['example_bash_operator']) retrieved from /home/airflow/.local/lib/python3.8/site-packages/airflow/example_dags/example_bash_operator.py
[2023-08-20T17:41:15.707+0000] {logging_mixin.py:151} INFO - [2023-08-20T17:41:15.707+0000] {dag.py:2907} INFO - Sync 1 DAGs
[2023-08-20T17:41:15.740+0000] {logging_mixin.py:151} INFO - [2023-08-20T17:41:15.740+0000] {dag.py:3677} INFO - Setting next_dagrun for example_bash_operator to 2023-08-19T00:00:00+00:00, run_after=2023-08-20T00:00:00+00:00
[2023-08-20T17:41:15.773+0000] {processor.py:179} INFO - Processing /home/airflow/.local/lib/python3.8/site-packages/airflow/example_dags/example_bash_operator.py took 0.136 seconds
[2023-08-20T17:41:46.367+0000] {processor.py:157} INFO - Started process (PID=506) to work on /home/airflow/.local/lib/python3.8/site-packages/airflow/example_dags/example_bash_operator.py
[2023-08-20T17:41:46.369+0000] {processor.py:829} INFO - Processing file /home/airflow/.local/lib/python3.8/site-packages/airflow/example_dags/example_bash_operator.py for tasks to queue
[2023-08-20T17:41:46.373+0000] {logging_mixin.py:151} INFO - [2023-08-20T17:41:46.373+0000] {dagbag.py:539} INFO - Filling up the DagBag from /home/airflow/.local/lib/python3.8/site-packages/airflow/example_dags/example_bash_operator.py
[2023-08-20T17:41:46.388+0000] {processor.py:839} INFO - DAG(s) dict_keys(['example_bash_operator']) retrieved from /home/airflow/.local/lib/python3.8/site-packages/airflow/example_dags/example_bash_operator.py
[2023-08-20T17:41:46.426+0000] {logging_mixin.py:151} INFO - [2023-08-20T17:41:46.426+0000] {dag.py:2907} INFO - Sync 1 DAGs
[2023-08-20T17:41:46.458+0000] {logging_mixin.py:151} INFO - [2023-08-20T17:41:46.458+0000] {dag.py:3677} INFO - Setting next_dagrun for example_bash_operator to 2023-08-19T00:00:00+00:00, run_after=2023-08-20T00:00:00+00:00
[2023-08-20T17:41:46.483+0000] {processor.py:179} INFO - Processing /home/airflow/.local/lib/python3.8/site-packages/airflow/example_dags/example_bash_operator.py took 0.120 seconds
[2023-08-20T17:42:16.566+0000] {processor.py:157} INFO - Started process (PID=560) to work on /home/airflow/.local/lib/python3.8/site-packages/airflow/example_dags/example_bash_operator.py
[2023-08-20T17:42:16.568+0000] {processor.py:829} INFO - Processing file /home/airflow/.local/lib/python3.8/site-packages/airflow/example_dags/example_bash_operator.py for tasks to queue
[2023-08-20T17:42:16.574+0000] {logging_mixin.py:151} INFO - [2023-08-20T17:42:16.571+0000] {dagbag.py:539} INFO - Filling up the DagBag from /home/airflow/.local/lib/python3.8/site-packages/airflow/example_dags/example_bash_operator.py
[2023-08-20T17:42:16.590+0000] {processor.py:839} INFO - DAG(s) dict_keys(['example_bash_operator']) retrieved from /home/airflow/.local/lib/python3.8/site-packages/airflow/example_dags/example_bash_operator.py
[2023-08-20T17:42:16.628+0000] {logging_mixin.py:151} INFO - [2023-08-20T17:42:16.627+0000] {dag.py:2907} INFO - Sync 1 DAGs
[2023-08-20T17:42:16.655+0000] {logging_mixin.py:151} INFO - [2023-08-20T17:42:16.655+0000] {dag.py:3677} INFO - Setting next_dagrun for example_bash_operator to 2023-08-19T00:00:00+00:00, run_after=2023-08-20T00:00:00+00:00
[2023-08-20T17:42:16.680+0000] {processor.py:179} INFO - Processing /home/airflow/.local/lib/python3.8/site-packages/airflow/example_dags/example_bash_operator.py took 0.117 seconds
[2023-08-20T17:42:47.013+0000] {processor.py:157} INFO - Started process (PID=614) to work on /home/airflow/.local/lib/python3.8/site-packages/airflow/example_dags/example_bash_operator.py
[2023-08-20T17:42:47.015+0000] {processor.py:829} INFO - Processing file /home/airflow/.local/lib/python3.8/site-packages/airflow/example_dags/example_bash_operator.py for tasks to queue
[2023-08-20T17:42:47.019+0000] {logging_mixin.py:151} INFO - [2023-08-20T17:42:47.019+0000] {dagbag.py:539} INFO - Filling up the DagBag from /home/airflow/.local/lib/python3.8/site-packages/airflow/example_dags/example_bash_operator.py
[2023-08-20T17:42:47.034+0000] {processor.py:839} INFO - DAG(s) dict_keys(['example_bash_operator']) retrieved from /home/airflow/.local/lib/python3.8/site-packages/airflow/example_dags/example_bash_operator.py
[2023-08-20T17:42:47.078+0000] {logging_mixin.py:151} INFO - [2023-08-20T17:42:47.078+0000] {dag.py:2907} INFO - Sync 1 DAGs
[2023-08-20T17:42:47.112+0000] {logging_mixin.py:151} INFO - [2023-08-20T17:42:47.111+0000] {dag.py:3677} INFO - Setting next_dagrun for example_bash_operator to 2023-08-19T00:00:00+00:00, run_after=2023-08-20T00:00:00+00:00
[2023-08-20T17:42:47.139+0000] {processor.py:179} INFO - Processing /home/airflow/.local/lib/python3.8/site-packages/airflow/example_dags/example_bash_operator.py took 0.130 seconds
[2023-08-20T17:43:17.540+0000] {processor.py:157} INFO - Started process (PID=668) to work on /home/airflow/.local/lib/python3.8/site-packages/airflow/example_dags/example_bash_operator.py
[2023-08-20T17:43:17.542+0000] {processor.py:829} INFO - Processing file /home/airflow/.local/lib/python3.8/site-packages/airflow/example_dags/example_bash_operator.py for tasks to queue
[2023-08-20T17:43:17.546+0000] {logging_mixin.py:151} INFO - [2023-08-20T17:43:17.545+0000] {dagbag.py:539} INFO - Filling up the DagBag from /home/airflow/.local/lib/python3.8/site-packages/airflow/example_dags/example_bash_operator.py
[2023-08-20T17:43:17.561+0000] {processor.py:839} INFO - DAG(s) dict_keys(['example_bash_operator']) retrieved from /home/airflow/.local/lib/python3.8/site-packages/airflow/example_dags/example_bash_operator.py
[2023-08-20T17:43:17.604+0000] {logging_mixin.py:151} INFO - [2023-08-20T17:43:17.603+0000] {dag.py:2907} INFO - Sync 1 DAGs
[2023-08-20T17:43:17.637+0000] {logging_mixin.py:151} INFO - [2023-08-20T17:43:17.637+0000] {dag.py:3677} INFO - Setting next_dagrun for example_bash_operator to 2023-08-19T00:00:00+00:00, run_after=2023-08-20T00:00:00+00:00
[2023-08-20T17:43:17.664+0000] {processor.py:179} INFO - Processing /home/airflow/.local/lib/python3.8/site-packages/airflow/example_dags/example_bash_operator.py took 0.128 seconds
[2023-08-20T17:43:48.254+0000] {processor.py:157} INFO - Started process (PID=722) to work on /home/airflow/.local/lib/python3.8/site-packages/airflow/example_dags/example_bash_operator.py
[2023-08-20T17:43:48.256+0000] {processor.py:829} INFO - Processing file /home/airflow/.local/lib/python3.8/site-packages/airflow/example_dags/example_bash_operator.py for tasks to queue
[2023-08-20T17:43:48.259+0000] {logging_mixin.py:151} INFO - [2023-08-20T17:43:48.259+0000] {dagbag.py:539} INFO - Filling up the DagBag from /home/airflow/.local/lib/python3.8/site-packages/airflow/example_dags/example_bash_operator.py
[2023-08-20T17:43:48.275+0000] {processor.py:839} INFO - DAG(s) dict_keys(['example_bash_operator']) retrieved from /home/airflow/.local/lib/python3.8/site-packages/airflow/example_dags/example_bash_operator.py
[2023-08-20T17:43:48.310+0000] {logging_mixin.py:151} INFO - [2023-08-20T17:43:48.310+0000] {dag.py:2907} INFO - Sync 1 DAGs
[2023-08-20T17:43:48.340+0000] {logging_mixin.py:151} INFO - [2023-08-20T17:43:48.340+0000] {dag.py:3677} INFO - Setting next_dagrun for example_bash_operator to 2023-08-19T00:00:00+00:00, run_after=2023-08-20T00:00:00+00:00
[2023-08-20T17:43:48.370+0000] {processor.py:179} INFO - Processing /home/airflow/.local/lib/python3.8/site-packages/airflow/example_dags/example_bash_operator.py took 0.121 seconds
[2023-08-20T17:44:18.681+0000] {processor.py:157} INFO - Started process (PID=776) to work on /home/airflow/.local/lib/python3.8/site-packages/airflow/example_dags/example_bash_operator.py
[2023-08-20T17:44:18.683+0000] {processor.py:829} INFO - Processing file /home/airflow/.local/lib/python3.8/site-packages/airflow/example_dags/example_bash_operator.py for tasks to queue
[2023-08-20T17:44:18.686+0000] {logging_mixin.py:151} INFO - [2023-08-20T17:44:18.686+0000] {dagbag.py:539} INFO - Filling up the DagBag from /home/airflow/.local/lib/python3.8/site-packages/airflow/example_dags/example_bash_operator.py
[2023-08-20T17:44:18.702+0000] {processor.py:839} INFO - DAG(s) dict_keys(['example_bash_operator']) retrieved from /home/airflow/.local/lib/python3.8/site-packages/airflow/example_dags/example_bash_operator.py
[2023-08-20T17:44:18.745+0000] {logging_mixin.py:151} INFO - [2023-08-20T17:44:18.745+0000] {dag.py:2907} INFO - Sync 1 DAGs
[2023-08-20T17:44:18.777+0000] {logging_mixin.py:151} INFO - [2023-08-20T17:44:18.777+0000] {dag.py:3677} INFO - Setting next_dagrun for example_bash_operator to 2023-08-19T00:00:00+00:00, run_after=2023-08-20T00:00:00+00:00
[2023-08-20T17:44:18.801+0000] {processor.py:179} INFO - Processing /home/airflow/.local/lib/python3.8/site-packages/airflow/example_dags/example_bash_operator.py took 0.124 seconds
[2023-08-20T17:44:49.169+0000] {processor.py:157} INFO - Started process (PID=830) to work on /home/airflow/.local/lib/python3.8/site-packages/airflow/example_dags/example_bash_operator.py
[2023-08-20T17:44:49.172+0000] {processor.py:829} INFO - Processing file /home/airflow/.local/lib/python3.8/site-packages/airflow/example_dags/example_bash_operator.py for tasks to queue
[2023-08-20T17:44:49.176+0000] {logging_mixin.py:151} INFO - [2023-08-20T17:44:49.175+0000] {dagbag.py:539} INFO - Filling up the DagBag from /home/airflow/.local/lib/python3.8/site-packages/airflow/example_dags/example_bash_operator.py
[2023-08-20T17:44:49.192+0000] {processor.py:839} INFO - DAG(s) dict_keys(['example_bash_operator']) retrieved from /home/airflow/.local/lib/python3.8/site-packages/airflow/example_dags/example_bash_operator.py
[2023-08-20T17:44:49.241+0000] {logging_mixin.py:151} INFO - [2023-08-20T17:44:49.240+0000] {dag.py:2907} INFO - Sync 1 DAGs
[2023-08-20T17:44:49.272+0000] {logging_mixin.py:151} INFO - [2023-08-20T17:44:49.272+0000] {dag.py:3677} INFO - Setting next_dagrun for example_bash_operator to 2023-08-19T00:00:00+00:00, run_after=2023-08-20T00:00:00+00:00
[2023-08-20T17:44:49.300+0000] {processor.py:179} INFO - Processing /home/airflow/.local/lib/python3.8/site-packages/airflow/example_dags/example_bash_operator.py took 0.135 seconds
[2023-08-20T17:45:19.814+0000] {processor.py:157} INFO - Started process (PID=884) to work on /home/airflow/.local/lib/python3.8/site-packages/airflow/example_dags/example_bash_operator.py
[2023-08-20T17:45:19.816+0000] {processor.py:829} INFO - Processing file /home/airflow/.local/lib/python3.8/site-packages/airflow/example_dags/example_bash_operator.py for tasks to queue
[2023-08-20T17:45:19.819+0000] {logging_mixin.py:151} INFO - [2023-08-20T17:45:19.819+0000] {dagbag.py:539} INFO - Filling up the DagBag from /home/airflow/.local/lib/python3.8/site-packages/airflow/example_dags/example_bash_operator.py
[2023-08-20T17:45:19.835+0000] {processor.py:839} INFO - DAG(s) dict_keys(['example_bash_operator']) retrieved from /home/airflow/.local/lib/python3.8/site-packages/airflow/example_dags/example_bash_operator.py
[2023-08-20T17:45:19.874+0000] {logging_mixin.py:151} INFO - [2023-08-20T17:45:19.874+0000] {dag.py:2907} INFO - Sync 1 DAGs
[2023-08-20T17:45:19.907+0000] {logging_mixin.py:151} INFO - [2023-08-20T17:45:19.907+0000] {dag.py:3677} INFO - Setting next_dagrun for example_bash_operator to 2023-08-19T00:00:00+00:00, run_after=2023-08-20T00:00:00+00:00
[2023-08-20T17:45:19.951+0000] {processor.py:179} INFO - Processing /home/airflow/.local/lib/python3.8/site-packages/airflow/example_dags/example_bash_operator.py took 0.142 seconds
[2023-08-20T17:45:50.177+0000] {processor.py:157} INFO - Started process (PID=938) to work on /home/airflow/.local/lib/python3.8/site-packages/airflow/example_dags/example_bash_operator.py
[2023-08-20T17:45:50.179+0000] {processor.py:829} INFO - Processing file /home/airflow/.local/lib/python3.8/site-packages/airflow/example_dags/example_bash_operator.py for tasks to queue
[2023-08-20T17:45:50.182+0000] {logging_mixin.py:151} INFO - [2023-08-20T17:45:50.181+0000] {dagbag.py:539} INFO - Filling up the DagBag from /home/airflow/.local/lib/python3.8/site-packages/airflow/example_dags/example_bash_operator.py
[2023-08-20T17:45:50.195+0000] {processor.py:839} INFO - DAG(s) dict_keys(['example_bash_operator']) retrieved from /home/airflow/.local/lib/python3.8/site-packages/airflow/example_dags/example_bash_operator.py
[2023-08-20T17:45:50.241+0000] {logging_mixin.py:151} INFO - [2023-08-20T17:45:50.240+0000] {dag.py:2907} INFO - Sync 1 DAGs
[2023-08-20T17:45:50.278+0000] {logging_mixin.py:151} INFO - [2023-08-20T17:45:50.277+0000] {dag.py:3677} INFO - Setting next_dagrun for example_bash_operator to 2023-08-19T00:00:00+00:00, run_after=2023-08-20T00:00:00+00:00
[2023-08-20T17:45:50.308+0000] {processor.py:179} INFO - Processing /home/airflow/.local/lib/python3.8/site-packages/airflow/example_dags/example_bash_operator.py took 0.135 seconds
[2023-08-20T17:46:21.079+0000] {processor.py:157} INFO - Started process (PID=992) to work on /home/airflow/.local/lib/python3.8/site-packages/airflow/example_dags/example_bash_operator.py
[2023-08-20T17:46:21.082+0000] {processor.py:829} INFO - Processing file /home/airflow/.local/lib/python3.8/site-packages/airflow/example_dags/example_bash_operator.py for tasks to queue
[2023-08-20T17:46:21.086+0000] {logging_mixin.py:151} INFO - [2023-08-20T17:46:21.085+0000] {dagbag.py:539} INFO - Filling up the DagBag from /home/airflow/.local/lib/python3.8/site-packages/airflow/example_dags/example_bash_operator.py
[2023-08-20T17:46:21.102+0000] {processor.py:839} INFO - DAG(s) dict_keys(['example_bash_operator']) retrieved from /home/airflow/.local/lib/python3.8/site-packages/airflow/example_dags/example_bash_operator.py
[2023-08-20T17:46:21.146+0000] {logging_mixin.py:151} INFO - [2023-08-20T17:46:21.146+0000] {dag.py:2907} INFO - Sync 1 DAGs
[2023-08-20T17:46:21.174+0000] {logging_mixin.py:151} INFO - [2023-08-20T17:46:21.174+0000] {dag.py:3677} INFO - Setting next_dagrun for example_bash_operator to 2023-08-19T00:00:00+00:00, run_after=2023-08-20T00:00:00+00:00
[2023-08-20T17:46:21.200+0000] {processor.py:179} INFO - Processing /home/airflow/.local/lib/python3.8/site-packages/airflow/example_dags/example_bash_operator.py took 0.127 seconds
[2023-08-20T17:46:51.650+0000] {processor.py:157} INFO - Started process (PID=1046) to work on /home/airflow/.local/lib/python3.8/site-packages/airflow/example_dags/example_bash_operator.py
[2023-08-20T17:46:51.652+0000] {processor.py:829} INFO - Processing file /home/airflow/.local/lib/python3.8/site-packages/airflow/example_dags/example_bash_operator.py for tasks to queue
[2023-08-20T17:46:51.655+0000] {logging_mixin.py:151} INFO - [2023-08-20T17:46:51.655+0000] {dagbag.py:539} INFO - Filling up the DagBag from /home/airflow/.local/lib/python3.8/site-packages/airflow/example_dags/example_bash_operator.py
[2023-08-20T17:46:51.674+0000] {processor.py:839} INFO - DAG(s) dict_keys(['example_bash_operator']) retrieved from /home/airflow/.local/lib/python3.8/site-packages/airflow/example_dags/example_bash_operator.py
[2023-08-20T17:46:51.740+0000] {logging_mixin.py:151} INFO - [2023-08-20T17:46:51.740+0000] {dag.py:2907} INFO - Sync 1 DAGs
[2023-08-20T17:46:51.773+0000] {logging_mixin.py:151} INFO - [2023-08-20T17:46:51.772+0000] {dag.py:3677} INFO - Setting next_dagrun for example_bash_operator to 2023-08-19T00:00:00+00:00, run_after=2023-08-20T00:00:00+00:00
[2023-08-20T17:46:51.800+0000] {processor.py:179} INFO - Processing /home/airflow/.local/lib/python3.8/site-packages/airflow/example_dags/example_bash_operator.py took 0.154 seconds
