[2023-08-20 11:40:23,130] {scheduler_job.py:182} INFO - Started process (PID=50) to work on /home/airflow/.local/lib/python3.6/site-packages/airflow/example_dags/example_latest_only.py
[2023-08-20 11:40:23,132] {scheduler_job.py:629} INFO - Processing file /home/airflow/.local/lib/python3.6/site-packages/airflow/example_dags/example_latest_only.py for tasks to queue
[2023-08-20 11:40:23,133] {logging_mixin.py:104} INFO - [2023-08-20 11:40:23,133] {dagbag.py:451} INFO - Filling up the DagBag from /home/airflow/.local/lib/python3.6/site-packages/airflow/example_dags/example_latest_only.py
[2023-08-20 11:40:23,147] {scheduler_job.py:639} INFO - DAG(s) dict_keys(['latest_only']) retrieved from /home/airflow/.local/lib/python3.6/site-packages/airflow/example_dags/example_latest_only.py
[2023-08-20 11:40:23,177] {logging_mixin.py:104} INFO - [2023-08-20 11:40:23,177] {dag.py:1824} INFO - Sync 1 DAGs
[2023-08-20 11:40:23,196] {logging_mixin.py:104} INFO - [2023-08-20 11:40:23,196] {dag.py:1843} INFO - Creating ORM DAG for latest_only
[2023-08-20 11:40:23,203] {logging_mixin.py:104} INFO - [2023-08-20 11:40:23,203] {dag.py:2280} INFO - Setting next_dagrun for latest_only to 2023-08-18 00:00:00+00:00
[2023-08-20 11:40:23,224] {scheduler_job.py:190} INFO - Processing /home/airflow/.local/lib/python3.6/site-packages/airflow/example_dags/example_latest_only.py took 0.098 seconds
[2023-08-20 11:40:53,453] {scheduler_job.py:182} INFO - Started process (PID=71) to work on /home/airflow/.local/lib/python3.6/site-packages/airflow/example_dags/example_latest_only.py
[2023-08-20 11:40:53,455] {scheduler_job.py:629} INFO - Processing file /home/airflow/.local/lib/python3.6/site-packages/airflow/example_dags/example_latest_only.py for tasks to queue
[2023-08-20 11:40:53,458] {logging_mixin.py:104} INFO - [2023-08-20 11:40:53,457] {dagbag.py:451} INFO - Filling up the DagBag from /home/airflow/.local/lib/python3.6/site-packages/airflow/example_dags/example_latest_only.py
[2023-08-20 11:40:53,473] {scheduler_job.py:639} INFO - DAG(s) dict_keys(['latest_only']) retrieved from /home/airflow/.local/lib/python3.6/site-packages/airflow/example_dags/example_latest_only.py
[2023-08-20 11:40:53,504] {logging_mixin.py:104} INFO - [2023-08-20 11:40:53,503] {dag.py:1824} INFO - Sync 1 DAGs
[2023-08-20 11:40:53,528] {logging_mixin.py:104} INFO - [2023-08-20 11:40:53,528] {dag.py:2280} INFO - Setting next_dagrun for latest_only to 2023-08-18 00:00:00+00:00
[2023-08-20 11:40:53,552] {scheduler_job.py:190} INFO - Processing /home/airflow/.local/lib/python3.6/site-packages/airflow/example_dags/example_latest_only.py took 0.104 seconds
[2023-08-20 11:41:24,379] {scheduler_job.py:182} INFO - Started process (PID=97) to work on /home/airflow/.local/lib/python3.6/site-packages/airflow/example_dags/example_latest_only.py
[2023-08-20 11:41:24,380] {scheduler_job.py:629} INFO - Processing file /home/airflow/.local/lib/python3.6/site-packages/airflow/example_dags/example_latest_only.py for tasks to queue
[2023-08-20 11:41:24,382] {logging_mixin.py:104} INFO - [2023-08-20 11:41:24,381] {dagbag.py:451} INFO - Filling up the DagBag from /home/airflow/.local/lib/python3.6/site-packages/airflow/example_dags/example_latest_only.py
[2023-08-20 11:41:24,394] {scheduler_job.py:639} INFO - DAG(s) dict_keys(['latest_only']) retrieved from /home/airflow/.local/lib/python3.6/site-packages/airflow/example_dags/example_latest_only.py
[2023-08-20 11:41:24,419] {logging_mixin.py:104} INFO - [2023-08-20 11:41:24,419] {dag.py:1824} INFO - Sync 1 DAGs
[2023-08-20 11:41:24,443] {logging_mixin.py:104} INFO - [2023-08-20 11:41:24,443] {dag.py:2280} INFO - Setting next_dagrun for latest_only to 2023-08-18 00:00:00+00:00
[2023-08-20 11:41:24,462] {scheduler_job.py:190} INFO - Processing /home/airflow/.local/lib/python3.6/site-packages/airflow/example_dags/example_latest_only.py took 0.087 seconds
[2023-08-20 11:41:54,787] {scheduler_job.py:182} INFO - Started process (PID=124) to work on /home/airflow/.local/lib/python3.6/site-packages/airflow/example_dags/example_latest_only.py
[2023-08-20 11:41:54,789] {scheduler_job.py:629} INFO - Processing file /home/airflow/.local/lib/python3.6/site-packages/airflow/example_dags/example_latest_only.py for tasks to queue
[2023-08-20 11:41:54,791] {logging_mixin.py:104} INFO - [2023-08-20 11:41:54,791] {dagbag.py:451} INFO - Filling up the DagBag from /home/airflow/.local/lib/python3.6/site-packages/airflow/example_dags/example_latest_only.py
[2023-08-20 11:41:54,808] {scheduler_job.py:639} INFO - DAG(s) dict_keys(['latest_only']) retrieved from /home/airflow/.local/lib/python3.6/site-packages/airflow/example_dags/example_latest_only.py
[2023-08-20 11:41:54,855] {logging_mixin.py:104} INFO - [2023-08-20 11:41:54,855] {dag.py:1824} INFO - Sync 1 DAGs
[2023-08-20 11:41:54,889] {logging_mixin.py:104} INFO - [2023-08-20 11:41:54,889] {dag.py:2280} INFO - Setting next_dagrun for latest_only to 2023-08-18 00:00:00+00:00
[2023-08-20 11:41:54,902] {scheduler_job.py:190} INFO - Processing /home/airflow/.local/lib/python3.6/site-packages/airflow/example_dags/example_latest_only.py took 0.118 seconds
[2023-08-20 11:42:24,978] {scheduler_job.py:182} INFO - Started process (PID=148) to work on /home/airflow/.local/lib/python3.6/site-packages/airflow/example_dags/example_latest_only.py
[2023-08-20 11:42:24,985] {scheduler_job.py:629} INFO - Processing file /home/airflow/.local/lib/python3.6/site-packages/airflow/example_dags/example_latest_only.py for tasks to queue
[2023-08-20 11:42:24,986] {logging_mixin.py:104} INFO - [2023-08-20 11:42:24,986] {dagbag.py:451} INFO - Filling up the DagBag from /home/airflow/.local/lib/python3.6/site-packages/airflow/example_dags/example_latest_only.py
[2023-08-20 11:42:25,008] {scheduler_job.py:639} INFO - DAG(s) dict_keys(['latest_only']) retrieved from /home/airflow/.local/lib/python3.6/site-packages/airflow/example_dags/example_latest_only.py
[2023-08-20 11:42:25,046] {logging_mixin.py:104} INFO - [2023-08-20 11:42:25,045] {dag.py:1824} INFO - Sync 1 DAGs
[2023-08-20 11:42:25,074] {logging_mixin.py:104} INFO - [2023-08-20 11:42:25,074] {dag.py:2280} INFO - Setting next_dagrun for latest_only to 2023-08-18 00:00:00+00:00
[2023-08-20 11:42:25,089] {scheduler_job.py:190} INFO - Processing /home/airflow/.local/lib/python3.6/site-packages/airflow/example_dags/example_latest_only.py took 0.116 seconds
[2023-08-20 11:42:55,198] {scheduler_job.py:182} INFO - Started process (PID=173) to work on /home/airflow/.local/lib/python3.6/site-packages/airflow/example_dags/example_latest_only.py
[2023-08-20 11:42:55,202] {scheduler_job.py:629} INFO - Processing file /home/airflow/.local/lib/python3.6/site-packages/airflow/example_dags/example_latest_only.py for tasks to queue
[2023-08-20 11:42:55,205] {logging_mixin.py:104} INFO - [2023-08-20 11:42:55,204] {dagbag.py:451} INFO - Filling up the DagBag from /home/airflow/.local/lib/python3.6/site-packages/airflow/example_dags/example_latest_only.py
[2023-08-20 11:42:55,218] {scheduler_job.py:639} INFO - DAG(s) dict_keys(['latest_only']) retrieved from /home/airflow/.local/lib/python3.6/site-packages/airflow/example_dags/example_latest_only.py
[2023-08-20 11:42:55,249] {logging_mixin.py:104} INFO - [2023-08-20 11:42:55,249] {dag.py:1824} INFO - Sync 1 DAGs
[2023-08-20 11:42:55,277] {logging_mixin.py:104} INFO - [2023-08-20 11:42:55,276] {dag.py:2280} INFO - Setting next_dagrun for latest_only to 2023-08-18 00:00:00+00:00
[2023-08-20 11:42:55,295] {scheduler_job.py:190} INFO - Processing /home/airflow/.local/lib/python3.6/site-packages/airflow/example_dags/example_latest_only.py took 0.102 seconds
[2023-08-20 11:43:26,250] {scheduler_job.py:182} INFO - Started process (PID=206) to work on /home/airflow/.local/lib/python3.6/site-packages/airflow/example_dags/example_latest_only.py
[2023-08-20 11:43:26,252] {scheduler_job.py:629} INFO - Processing file /home/airflow/.local/lib/python3.6/site-packages/airflow/example_dags/example_latest_only.py for tasks to queue
[2023-08-20 11:43:26,253] {logging_mixin.py:104} INFO - [2023-08-20 11:43:26,253] {dagbag.py:451} INFO - Filling up the DagBag from /home/airflow/.local/lib/python3.6/site-packages/airflow/example_dags/example_latest_only.py
[2023-08-20 11:43:26,264] {scheduler_job.py:639} INFO - DAG(s) dict_keys(['latest_only']) retrieved from /home/airflow/.local/lib/python3.6/site-packages/airflow/example_dags/example_latest_only.py
[2023-08-20 11:43:26,292] {logging_mixin.py:104} INFO - [2023-08-20 11:43:26,291] {dag.py:1824} INFO - Sync 1 DAGs
[2023-08-20 11:43:26,310] {logging_mixin.py:104} INFO - [2023-08-20 11:43:26,310] {dag.py:2280} INFO - Setting next_dagrun for latest_only to 2023-08-18 00:00:00+00:00
[2023-08-20 11:43:26,322] {scheduler_job.py:190} INFO - Processing /home/airflow/.local/lib/python3.6/site-packages/airflow/example_dags/example_latest_only.py took 0.078 seconds
[2023-08-20 11:43:56,888] {scheduler_job.py:182} INFO - Started process (PID=227) to work on /home/airflow/.local/lib/python3.6/site-packages/airflow/example_dags/example_latest_only.py
[2023-08-20 11:43:56,890] {scheduler_job.py:629} INFO - Processing file /home/airflow/.local/lib/python3.6/site-packages/airflow/example_dags/example_latest_only.py for tasks to queue
[2023-08-20 11:43:56,891] {logging_mixin.py:104} INFO - [2023-08-20 11:43:56,891] {dagbag.py:451} INFO - Filling up the DagBag from /home/airflow/.local/lib/python3.6/site-packages/airflow/example_dags/example_latest_only.py
[2023-08-20 11:43:56,902] {scheduler_job.py:639} INFO - DAG(s) dict_keys(['latest_only']) retrieved from /home/airflow/.local/lib/python3.6/site-packages/airflow/example_dags/example_latest_only.py
[2023-08-20 11:43:56,930] {logging_mixin.py:104} INFO - [2023-08-20 11:43:56,929] {dag.py:1824} INFO - Sync 1 DAGs
[2023-08-20 11:43:56,946] {logging_mixin.py:104} INFO - [2023-08-20 11:43:56,945] {dag.py:2280} INFO - Setting next_dagrun for latest_only to 2023-08-18 00:00:00+00:00
[2023-08-20 11:43:56,962] {scheduler_job.py:190} INFO - Processing /home/airflow/.local/lib/python3.6/site-packages/airflow/example_dags/example_latest_only.py took 0.078 seconds
[2023-08-20 11:44:28,127] {scheduler_job.py:182} INFO - Started process (PID=261) to work on /home/airflow/.local/lib/python3.6/site-packages/airflow/example_dags/example_latest_only.py
[2023-08-20 11:44:28,129] {scheduler_job.py:629} INFO - Processing file /home/airflow/.local/lib/python3.6/site-packages/airflow/example_dags/example_latest_only.py for tasks to queue
[2023-08-20 11:44:28,130] {logging_mixin.py:104} INFO - [2023-08-20 11:44:28,130] {dagbag.py:451} INFO - Filling up the DagBag from /home/airflow/.local/lib/python3.6/site-packages/airflow/example_dags/example_latest_only.py
[2023-08-20 11:44:28,143] {scheduler_job.py:639} INFO - DAG(s) dict_keys(['latest_only']) retrieved from /home/airflow/.local/lib/python3.6/site-packages/airflow/example_dags/example_latest_only.py
[2023-08-20 11:44:28,175] {logging_mixin.py:104} INFO - [2023-08-20 11:44:28,175] {dag.py:1824} INFO - Sync 1 DAGs
[2023-08-20 11:44:28,199] {logging_mixin.py:104} INFO - [2023-08-20 11:44:28,199] {dag.py:2280} INFO - Setting next_dagrun for latest_only to 2023-08-18 00:00:00+00:00
[2023-08-20 11:44:28,212] {scheduler_job.py:190} INFO - Processing /home/airflow/.local/lib/python3.6/site-packages/airflow/example_dags/example_latest_only.py took 0.090 seconds
[2023-08-20 11:44:58,879] {scheduler_job.py:182} INFO - Started process (PID=287) to work on /home/airflow/.local/lib/python3.6/site-packages/airflow/example_dags/example_latest_only.py
[2023-08-20 11:44:58,881] {scheduler_job.py:629} INFO - Processing file /home/airflow/.local/lib/python3.6/site-packages/airflow/example_dags/example_latest_only.py for tasks to queue
[2023-08-20 11:44:58,882] {logging_mixin.py:104} INFO - [2023-08-20 11:44:58,882] {dagbag.py:451} INFO - Filling up the DagBag from /home/airflow/.local/lib/python3.6/site-packages/airflow/example_dags/example_latest_only.py
[2023-08-20 11:44:58,896] {scheduler_job.py:639} INFO - DAG(s) dict_keys(['latest_only']) retrieved from /home/airflow/.local/lib/python3.6/site-packages/airflow/example_dags/example_latest_only.py
[2023-08-20 11:44:58,926] {logging_mixin.py:104} INFO - [2023-08-20 11:44:58,926] {dag.py:1824} INFO - Sync 1 DAGs
[2023-08-20 11:44:58,948] {logging_mixin.py:104} INFO - [2023-08-20 11:44:58,948] {dag.py:2280} INFO - Setting next_dagrun for latest_only to 2023-08-18 00:00:00+00:00
[2023-08-20 11:44:58,962] {scheduler_job.py:190} INFO - Processing /home/airflow/.local/lib/python3.6/site-packages/airflow/example_dags/example_latest_only.py took 0.087 seconds
[2023-08-20 11:45:29,669] {scheduler_job.py:182} INFO - Started process (PID=313) to work on /home/airflow/.local/lib/python3.6/site-packages/airflow/example_dags/example_latest_only.py
[2023-08-20 11:45:29,671] {scheduler_job.py:629} INFO - Processing file /home/airflow/.local/lib/python3.6/site-packages/airflow/example_dags/example_latest_only.py for tasks to queue
[2023-08-20 11:45:29,673] {logging_mixin.py:104} INFO - [2023-08-20 11:45:29,673] {dagbag.py:451} INFO - Filling up the DagBag from /home/airflow/.local/lib/python3.6/site-packages/airflow/example_dags/example_latest_only.py
[2023-08-20 11:45:29,689] {scheduler_job.py:639} INFO - DAG(s) dict_keys(['latest_only']) retrieved from /home/airflow/.local/lib/python3.6/site-packages/airflow/example_dags/example_latest_only.py
[2023-08-20 11:45:29,715] {logging_mixin.py:104} INFO - [2023-08-20 11:45:29,715] {dag.py:1824} INFO - Sync 1 DAGs
[2023-08-20 11:45:29,738] {logging_mixin.py:104} INFO - [2023-08-20 11:45:29,738] {dag.py:2280} INFO - Setting next_dagrun for latest_only to 2023-08-18 00:00:00+00:00
[2023-08-20 11:45:29,762] {scheduler_job.py:190} INFO - Processing /home/airflow/.local/lib/python3.6/site-packages/airflow/example_dags/example_latest_only.py took 0.096 seconds
[2023-08-20 11:45:59,915] {scheduler_job.py:182} INFO - Started process (PID=338) to work on /home/airflow/.local/lib/python3.6/site-packages/airflow/example_dags/example_latest_only.py
[2023-08-20 11:45:59,918] {scheduler_job.py:629} INFO - Processing file /home/airflow/.local/lib/python3.6/site-packages/airflow/example_dags/example_latest_only.py for tasks to queue
[2023-08-20 11:45:59,921] {logging_mixin.py:104} INFO - [2023-08-20 11:45:59,921] {dagbag.py:451} INFO - Filling up the DagBag from /home/airflow/.local/lib/python3.6/site-packages/airflow/example_dags/example_latest_only.py
[2023-08-20 11:45:59,941] {scheduler_job.py:639} INFO - DAG(s) dict_keys(['latest_only']) retrieved from /home/airflow/.local/lib/python3.6/site-packages/airflow/example_dags/example_latest_only.py
[2023-08-20 11:45:59,976] {logging_mixin.py:104} INFO - [2023-08-20 11:45:59,976] {dag.py:1824} INFO - Sync 1 DAGs
[2023-08-20 11:45:59,995] {logging_mixin.py:104} INFO - [2023-08-20 11:45:59,994] {dag.py:2280} INFO - Setting next_dagrun for latest_only to 2023-08-18 00:00:00+00:00
[2023-08-20 11:46:00,008] {scheduler_job.py:190} INFO - Processing /home/airflow/.local/lib/python3.6/site-packages/airflow/example_dags/example_latest_only.py took 0.097 seconds
[2023-08-20 11:46:31,095] {scheduler_job.py:182} INFO - Started process (PID=368) to work on /home/airflow/.local/lib/python3.6/site-packages/airflow/example_dags/example_latest_only.py
[2023-08-20 11:46:31,097] {scheduler_job.py:629} INFO - Processing file /home/airflow/.local/lib/python3.6/site-packages/airflow/example_dags/example_latest_only.py for tasks to queue
[2023-08-20 11:46:31,098] {logging_mixin.py:104} INFO - [2023-08-20 11:46:31,098] {dagbag.py:451} INFO - Filling up the DagBag from /home/airflow/.local/lib/python3.6/site-packages/airflow/example_dags/example_latest_only.py
[2023-08-20 11:46:31,114] {scheduler_job.py:639} INFO - DAG(s) dict_keys(['latest_only']) retrieved from /home/airflow/.local/lib/python3.6/site-packages/airflow/example_dags/example_latest_only.py
[2023-08-20 11:46:31,140] {logging_mixin.py:104} INFO - [2023-08-20 11:46:31,139] {dag.py:1824} INFO - Sync 1 DAGs
[2023-08-20 11:46:31,161] {logging_mixin.py:104} INFO - [2023-08-20 11:46:31,160] {dag.py:2280} INFO - Setting next_dagrun for latest_only to 2023-08-18 00:00:00+00:00
[2023-08-20 11:46:31,177] {scheduler_job.py:190} INFO - Processing /home/airflow/.local/lib/python3.6/site-packages/airflow/example_dags/example_latest_only.py took 0.085 seconds
[2023-08-20 11:47:02,080] {scheduler_job.py:182} INFO - Started process (PID=394) to work on /home/airflow/.local/lib/python3.6/site-packages/airflow/example_dags/example_latest_only.py
[2023-08-20 11:47:02,083] {scheduler_job.py:629} INFO - Processing file /home/airflow/.local/lib/python3.6/site-packages/airflow/example_dags/example_latest_only.py for tasks to queue
[2023-08-20 11:47:02,085] {logging_mixin.py:104} INFO - [2023-08-20 11:47:02,085] {dagbag.py:451} INFO - Filling up the DagBag from /home/airflow/.local/lib/python3.6/site-packages/airflow/example_dags/example_latest_only.py
[2023-08-20 11:47:02,114] {scheduler_job.py:639} INFO - DAG(s) dict_keys(['latest_only']) retrieved from /home/airflow/.local/lib/python3.6/site-packages/airflow/example_dags/example_latest_only.py
[2023-08-20 11:47:02,150] {logging_mixin.py:104} INFO - [2023-08-20 11:47:02,149] {dag.py:1824} INFO - Sync 1 DAGs
[2023-08-20 11:47:02,172] {logging_mixin.py:104} INFO - [2023-08-20 11:47:02,172] {dag.py:2280} INFO - Setting next_dagrun for latest_only to 2023-08-18 00:00:00+00:00
[2023-08-20 11:47:02,197] {scheduler_job.py:190} INFO - Processing /home/airflow/.local/lib/python3.6/site-packages/airflow/example_dags/example_latest_only.py took 0.122 seconds
[2023-08-20 11:47:32,737] {scheduler_job.py:182} INFO - Started process (PID=418) to work on /home/airflow/.local/lib/python3.6/site-packages/airflow/example_dags/example_latest_only.py
[2023-08-20 11:47:32,744] {scheduler_job.py:629} INFO - Processing file /home/airflow/.local/lib/python3.6/site-packages/airflow/example_dags/example_latest_only.py for tasks to queue
[2023-08-20 11:47:32,746] {logging_mixin.py:104} INFO - [2023-08-20 11:47:32,746] {dagbag.py:451} INFO - Filling up the DagBag from /home/airflow/.local/lib/python3.6/site-packages/airflow/example_dags/example_latest_only.py
[2023-08-20 11:47:32,757] {scheduler_job.py:639} INFO - DAG(s) dict_keys(['latest_only']) retrieved from /home/airflow/.local/lib/python3.6/site-packages/airflow/example_dags/example_latest_only.py
[2023-08-20 11:47:32,785] {logging_mixin.py:104} INFO - [2023-08-20 11:47:32,784] {dag.py:1824} INFO - Sync 1 DAGs
[2023-08-20 11:47:32,802] {logging_mixin.py:104} INFO - [2023-08-20 11:47:32,802] {dag.py:2280} INFO - Setting next_dagrun for latest_only to 2023-08-18 00:00:00+00:00
[2023-08-20 11:47:32,819] {scheduler_job.py:190} INFO - Processing /home/airflow/.local/lib/python3.6/site-packages/airflow/example_dags/example_latest_only.py took 0.086 seconds
[2023-08-20 11:48:02,996] {scheduler_job.py:182} INFO - Started process (PID=444) to work on /home/airflow/.local/lib/python3.6/site-packages/airflow/example_dags/example_latest_only.py
[2023-08-20 11:48:02,999] {scheduler_job.py:629} INFO - Processing file /home/airflow/.local/lib/python3.6/site-packages/airflow/example_dags/example_latest_only.py for tasks to queue
[2023-08-20 11:48:03,001] {logging_mixin.py:104} INFO - [2023-08-20 11:48:03,001] {dagbag.py:451} INFO - Filling up the DagBag from /home/airflow/.local/lib/python3.6/site-packages/airflow/example_dags/example_latest_only.py
[2023-08-20 11:48:03,016] {scheduler_job.py:639} INFO - DAG(s) dict_keys(['latest_only']) retrieved from /home/airflow/.local/lib/python3.6/site-packages/airflow/example_dags/example_latest_only.py
[2023-08-20 11:48:03,042] {logging_mixin.py:104} INFO - [2023-08-20 11:48:03,042] {dag.py:1824} INFO - Sync 1 DAGs
[2023-08-20 11:48:03,058] {logging_mixin.py:104} INFO - [2023-08-20 11:48:03,058] {dag.py:2280} INFO - Setting next_dagrun for latest_only to 2023-08-18 00:00:00+00:00
[2023-08-20 11:48:03,072] {scheduler_job.py:190} INFO - Processing /home/airflow/.local/lib/python3.6/site-packages/airflow/example_dags/example_latest_only.py took 0.080 seconds
[2023-08-20 11:48:33,343] {scheduler_job.py:182} INFO - Started process (PID=469) to work on /home/airflow/.local/lib/python3.6/site-packages/airflow/example_dags/example_latest_only.py
[2023-08-20 11:48:33,345] {scheduler_job.py:629} INFO - Processing file /home/airflow/.local/lib/python3.6/site-packages/airflow/example_dags/example_latest_only.py for tasks to queue
[2023-08-20 11:48:33,347] {logging_mixin.py:104} INFO - [2023-08-20 11:48:33,347] {dagbag.py:451} INFO - Filling up the DagBag from /home/airflow/.local/lib/python3.6/site-packages/airflow/example_dags/example_latest_only.py
[2023-08-20 11:48:33,361] {scheduler_job.py:639} INFO - DAG(s) dict_keys(['latest_only']) retrieved from /home/airflow/.local/lib/python3.6/site-packages/airflow/example_dags/example_latest_only.py
[2023-08-20 11:48:33,388] {logging_mixin.py:104} INFO - [2023-08-20 11:48:33,388] {dag.py:1824} INFO - Sync 1 DAGs
[2023-08-20 11:48:33,406] {logging_mixin.py:104} INFO - [2023-08-20 11:48:33,406] {dag.py:2280} INFO - Setting next_dagrun for latest_only to 2023-08-18 00:00:00+00:00
[2023-08-20 11:48:33,428] {scheduler_job.py:190} INFO - Processing /home/airflow/.local/lib/python3.6/site-packages/airflow/example_dags/example_latest_only.py took 0.091 seconds
[2023-08-20 11:49:04,358] {scheduler_job.py:182} INFO - Started process (PID=496) to work on /home/airflow/.local/lib/python3.6/site-packages/airflow/example_dags/example_latest_only.py
[2023-08-20 11:49:04,361] {scheduler_job.py:629} INFO - Processing file /home/airflow/.local/lib/python3.6/site-packages/airflow/example_dags/example_latest_only.py for tasks to queue
[2023-08-20 11:49:04,362] {logging_mixin.py:104} INFO - [2023-08-20 11:49:04,362] {dagbag.py:451} INFO - Filling up the DagBag from /home/airflow/.local/lib/python3.6/site-packages/airflow/example_dags/example_latest_only.py
[2023-08-20 11:49:04,375] {scheduler_job.py:639} INFO - DAG(s) dict_keys(['latest_only']) retrieved from /home/airflow/.local/lib/python3.6/site-packages/airflow/example_dags/example_latest_only.py
[2023-08-20 11:49:04,408] {logging_mixin.py:104} INFO - [2023-08-20 11:49:04,408] {dag.py:1824} INFO - Sync 1 DAGs
[2023-08-20 11:49:04,433] {logging_mixin.py:104} INFO - [2023-08-20 11:49:04,433] {dag.py:2280} INFO - Setting next_dagrun for latest_only to 2023-08-18 00:00:00+00:00
[2023-08-20 11:49:04,456] {scheduler_job.py:190} INFO - Processing /home/airflow/.local/lib/python3.6/site-packages/airflow/example_dags/example_latest_only.py took 0.101 seconds
[2023-08-20 11:49:34,544] {scheduler_job.py:182} INFO - Started process (PID=520) to work on /home/airflow/.local/lib/python3.6/site-packages/airflow/example_dags/example_latest_only.py
[2023-08-20 11:49:34,546] {scheduler_job.py:629} INFO - Processing file /home/airflow/.local/lib/python3.6/site-packages/airflow/example_dags/example_latest_only.py for tasks to queue
[2023-08-20 11:49:34,548] {logging_mixin.py:104} INFO - [2023-08-20 11:49:34,548] {dagbag.py:451} INFO - Filling up the DagBag from /home/airflow/.local/lib/python3.6/site-packages/airflow/example_dags/example_latest_only.py
[2023-08-20 11:49:34,569] {scheduler_job.py:639} INFO - DAG(s) dict_keys(['latest_only']) retrieved from /home/airflow/.local/lib/python3.6/site-packages/airflow/example_dags/example_latest_only.py
[2023-08-20 11:49:34,594] {logging_mixin.py:104} INFO - [2023-08-20 11:49:34,594] {dag.py:1824} INFO - Sync 1 DAGs
[2023-08-20 11:49:34,621] {logging_mixin.py:104} INFO - [2023-08-20 11:49:34,621] {dag.py:2280} INFO - Setting next_dagrun for latest_only to 2023-08-18 00:00:00+00:00
[2023-08-20 11:49:34,640] {scheduler_job.py:190} INFO - Processing /home/airflow/.local/lib/python3.6/site-packages/airflow/example_dags/example_latest_only.py took 0.101 seconds
[2023-08-20 11:50:05,367] {scheduler_job.py:182} INFO - Started process (PID=547) to work on /home/airflow/.local/lib/python3.6/site-packages/airflow/example_dags/example_latest_only.py
[2023-08-20 11:50:05,369] {scheduler_job.py:629} INFO - Processing file /home/airflow/.local/lib/python3.6/site-packages/airflow/example_dags/example_latest_only.py for tasks to queue
[2023-08-20 11:50:05,370] {logging_mixin.py:104} INFO - [2023-08-20 11:50:05,370] {dagbag.py:451} INFO - Filling up the DagBag from /home/airflow/.local/lib/python3.6/site-packages/airflow/example_dags/example_latest_only.py
[2023-08-20 11:50:05,382] {scheduler_job.py:639} INFO - DAG(s) dict_keys(['latest_only']) retrieved from /home/airflow/.local/lib/python3.6/site-packages/airflow/example_dags/example_latest_only.py
[2023-08-20 11:50:05,410] {logging_mixin.py:104} INFO - [2023-08-20 11:50:05,410] {dag.py:1824} INFO - Sync 1 DAGs
[2023-08-20 11:50:05,435] {logging_mixin.py:104} INFO - [2023-08-20 11:50:05,435] {dag.py:2280} INFO - Setting next_dagrun for latest_only to 2023-08-18 00:00:00+00:00
[2023-08-20 11:50:05,453] {scheduler_job.py:190} INFO - Processing /home/airflow/.local/lib/python3.6/site-packages/airflow/example_dags/example_latest_only.py took 0.090 seconds
[2023-08-20 11:50:36,073] {scheduler_job.py:182} INFO - Started process (PID=573) to work on /home/airflow/.local/lib/python3.6/site-packages/airflow/example_dags/example_latest_only.py
[2023-08-20 11:50:36,075] {scheduler_job.py:629} INFO - Processing file /home/airflow/.local/lib/python3.6/site-packages/airflow/example_dags/example_latest_only.py for tasks to queue
[2023-08-20 11:50:36,077] {logging_mixin.py:104} INFO - [2023-08-20 11:50:36,076] {dagbag.py:451} INFO - Filling up the DagBag from /home/airflow/.local/lib/python3.6/site-packages/airflow/example_dags/example_latest_only.py
[2023-08-20 11:50:36,091] {scheduler_job.py:639} INFO - DAG(s) dict_keys(['latest_only']) retrieved from /home/airflow/.local/lib/python3.6/site-packages/airflow/example_dags/example_latest_only.py
[2023-08-20 11:50:36,116] {logging_mixin.py:104} INFO - [2023-08-20 11:50:36,116] {dag.py:1824} INFO - Sync 1 DAGs
[2023-08-20 11:50:36,139] {logging_mixin.py:104} INFO - [2023-08-20 11:50:36,139] {dag.py:2280} INFO - Setting next_dagrun for latest_only to 2023-08-18 00:00:00+00:00
[2023-08-20 11:50:36,154] {scheduler_job.py:190} INFO - Processing /home/airflow/.local/lib/python3.6/site-packages/airflow/example_dags/example_latest_only.py took 0.085 seconds
[2023-08-20 11:51:07,049] {scheduler_job.py:182} INFO - Started process (PID=606) to work on /home/airflow/.local/lib/python3.6/site-packages/airflow/example_dags/example_latest_only.py
[2023-08-20 11:51:07,051] {scheduler_job.py:629} INFO - Processing file /home/airflow/.local/lib/python3.6/site-packages/airflow/example_dags/example_latest_only.py for tasks to queue
[2023-08-20 11:51:07,053] {logging_mixin.py:104} INFO - [2023-08-20 11:51:07,053] {dagbag.py:451} INFO - Filling up the DagBag from /home/airflow/.local/lib/python3.6/site-packages/airflow/example_dags/example_latest_only.py
[2023-08-20 11:51:07,066] {scheduler_job.py:639} INFO - DAG(s) dict_keys(['latest_only']) retrieved from /home/airflow/.local/lib/python3.6/site-packages/airflow/example_dags/example_latest_only.py
[2023-08-20 11:51:07,092] {logging_mixin.py:104} INFO - [2023-08-20 11:51:07,092] {dag.py:1824} INFO - Sync 1 DAGs
[2023-08-20 11:51:07,113] {logging_mixin.py:104} INFO - [2023-08-20 11:51:07,113] {dag.py:2280} INFO - Setting next_dagrun for latest_only to 2023-08-18 00:00:00+00:00
[2023-08-20 11:51:07,128] {scheduler_job.py:190} INFO - Processing /home/airflow/.local/lib/python3.6/site-packages/airflow/example_dags/example_latest_only.py took 0.085 seconds
[2023-08-20 11:51:37,672] {scheduler_job.py:182} INFO - Started process (PID=626) to work on /home/airflow/.local/lib/python3.6/site-packages/airflow/example_dags/example_latest_only.py
[2023-08-20 11:51:37,674] {scheduler_job.py:629} INFO - Processing file /home/airflow/.local/lib/python3.6/site-packages/airflow/example_dags/example_latest_only.py for tasks to queue
[2023-08-20 11:51:37,680] {logging_mixin.py:104} INFO - [2023-08-20 11:51:37,679] {dagbag.py:451} INFO - Filling up the DagBag from /home/airflow/.local/lib/python3.6/site-packages/airflow/example_dags/example_latest_only.py
[2023-08-20 11:51:37,692] {scheduler_job.py:639} INFO - DAG(s) dict_keys(['latest_only']) retrieved from /home/airflow/.local/lib/python3.6/site-packages/airflow/example_dags/example_latest_only.py
[2023-08-20 11:51:37,715] {logging_mixin.py:104} INFO - [2023-08-20 11:51:37,715] {dag.py:1824} INFO - Sync 1 DAGs
[2023-08-20 11:51:37,731] {logging_mixin.py:104} INFO - [2023-08-20 11:51:37,731] {dag.py:2280} INFO - Setting next_dagrun for latest_only to 2023-08-18 00:00:00+00:00
[2023-08-20 11:51:37,747] {scheduler_job.py:190} INFO - Processing /home/airflow/.local/lib/python3.6/site-packages/airflow/example_dags/example_latest_only.py took 0.082 seconds
[2023-08-20 11:52:08,456] {scheduler_job.py:182} INFO - Started process (PID=653) to work on /home/airflow/.local/lib/python3.6/site-packages/airflow/example_dags/example_latest_only.py
[2023-08-20 11:52:08,458] {scheduler_job.py:629} INFO - Processing file /home/airflow/.local/lib/python3.6/site-packages/airflow/example_dags/example_latest_only.py for tasks to queue
[2023-08-20 11:52:08,459] {logging_mixin.py:104} INFO - [2023-08-20 11:52:08,459] {dagbag.py:451} INFO - Filling up the DagBag from /home/airflow/.local/lib/python3.6/site-packages/airflow/example_dags/example_latest_only.py
[2023-08-20 11:52:08,471] {scheduler_job.py:639} INFO - DAG(s) dict_keys(['latest_only']) retrieved from /home/airflow/.local/lib/python3.6/site-packages/airflow/example_dags/example_latest_only.py
[2023-08-20 11:52:08,495] {logging_mixin.py:104} INFO - [2023-08-20 11:52:08,495] {dag.py:1824} INFO - Sync 1 DAGs
[2023-08-20 11:52:08,517] {logging_mixin.py:104} INFO - [2023-08-20 11:52:08,516] {dag.py:2280} INFO - Setting next_dagrun for latest_only to 2023-08-18 00:00:00+00:00
[2023-08-20 11:52:08,533] {scheduler_job.py:190} INFO - Processing /home/airflow/.local/lib/python3.6/site-packages/airflow/example_dags/example_latest_only.py took 0.081 seconds
[2023-08-20 11:52:39,489] {scheduler_job.py:182} INFO - Started process (PID=684) to work on /home/airflow/.local/lib/python3.6/site-packages/airflow/example_dags/example_latest_only.py
[2023-08-20 11:52:39,492] {scheduler_job.py:629} INFO - Processing file /home/airflow/.local/lib/python3.6/site-packages/airflow/example_dags/example_latest_only.py for tasks to queue
[2023-08-20 11:52:39,494] {logging_mixin.py:104} INFO - [2023-08-20 11:52:39,494] {dagbag.py:451} INFO - Filling up the DagBag from /home/airflow/.local/lib/python3.6/site-packages/airflow/example_dags/example_latest_only.py
[2023-08-20 11:52:39,509] {scheduler_job.py:639} INFO - DAG(s) dict_keys(['latest_only']) retrieved from /home/airflow/.local/lib/python3.6/site-packages/airflow/example_dags/example_latest_only.py
[2023-08-20 11:52:39,536] {logging_mixin.py:104} INFO - [2023-08-20 11:52:39,536] {dag.py:1824} INFO - Sync 1 DAGs
[2023-08-20 11:52:39,558] {logging_mixin.py:104} INFO - [2023-08-20 11:52:39,557] {dag.py:2280} INFO - Setting next_dagrun for latest_only to 2023-08-18 00:00:00+00:00
[2023-08-20 11:52:39,573] {scheduler_job.py:190} INFO - Processing /home/airflow/.local/lib/python3.6/site-packages/airflow/example_dags/example_latest_only.py took 0.088 seconds
[2023-08-20 11:53:10,164] {scheduler_job.py:182} INFO - Started process (PID=707) to work on /home/airflow/.local/lib/python3.6/site-packages/airflow/example_dags/example_latest_only.py
[2023-08-20 11:53:10,166] {scheduler_job.py:629} INFO - Processing file /home/airflow/.local/lib/python3.6/site-packages/airflow/example_dags/example_latest_only.py for tasks to queue
[2023-08-20 11:53:10,167] {logging_mixin.py:104} INFO - [2023-08-20 11:53:10,167] {dagbag.py:451} INFO - Filling up the DagBag from /home/airflow/.local/lib/python3.6/site-packages/airflow/example_dags/example_latest_only.py
[2023-08-20 11:53:10,182] {scheduler_job.py:639} INFO - DAG(s) dict_keys(['latest_only']) retrieved from /home/airflow/.local/lib/python3.6/site-packages/airflow/example_dags/example_latest_only.py
[2023-08-20 11:53:10,209] {logging_mixin.py:104} INFO - [2023-08-20 11:53:10,208] {dag.py:1824} INFO - Sync 1 DAGs
[2023-08-20 11:53:10,229] {logging_mixin.py:104} INFO - [2023-08-20 11:53:10,229] {dag.py:2280} INFO - Setting next_dagrun for latest_only to 2023-08-18 00:00:00+00:00
[2023-08-20 11:53:10,245] {scheduler_job.py:190} INFO - Processing /home/airflow/.local/lib/python3.6/site-packages/airflow/example_dags/example_latest_only.py took 0.086 seconds
[2023-08-20 11:53:41,165] {scheduler_job.py:182} INFO - Started process (PID=733) to work on /home/airflow/.local/lib/python3.6/site-packages/airflow/example_dags/example_latest_only.py
[2023-08-20 11:53:41,168] {scheduler_job.py:629} INFO - Processing file /home/airflow/.local/lib/python3.6/site-packages/airflow/example_dags/example_latest_only.py for tasks to queue
[2023-08-20 11:53:41,169] {logging_mixin.py:104} INFO - [2023-08-20 11:53:41,169] {dagbag.py:451} INFO - Filling up the DagBag from /home/airflow/.local/lib/python3.6/site-packages/airflow/example_dags/example_latest_only.py
[2023-08-20 11:53:41,186] {scheduler_job.py:639} INFO - DAG(s) dict_keys(['latest_only']) retrieved from /home/airflow/.local/lib/python3.6/site-packages/airflow/example_dags/example_latest_only.py
[2023-08-20 11:53:41,215] {logging_mixin.py:104} INFO - [2023-08-20 11:53:41,215] {dag.py:1824} INFO - Sync 1 DAGs
[2023-08-20 11:53:41,237] {logging_mixin.py:104} INFO - [2023-08-20 11:53:41,237] {dag.py:2280} INFO - Setting next_dagrun for latest_only to 2023-08-18 00:00:00+00:00
[2023-08-20 11:53:41,251] {scheduler_job.py:190} INFO - Processing /home/airflow/.local/lib/python3.6/site-packages/airflow/example_dags/example_latest_only.py took 0.091 seconds
[2023-08-20 11:54:12,018] {scheduler_job.py:182} INFO - Started process (PID=758) to work on /home/airflow/.local/lib/python3.6/site-packages/airflow/example_dags/example_latest_only.py
[2023-08-20 11:54:12,020] {scheduler_job.py:629} INFO - Processing file /home/airflow/.local/lib/python3.6/site-packages/airflow/example_dags/example_latest_only.py for tasks to queue
[2023-08-20 11:54:12,022] {logging_mixin.py:104} INFO - [2023-08-20 11:54:12,022] {dagbag.py:451} INFO - Filling up the DagBag from /home/airflow/.local/lib/python3.6/site-packages/airflow/example_dags/example_latest_only.py
[2023-08-20 11:54:12,035] {scheduler_job.py:639} INFO - DAG(s) dict_keys(['latest_only']) retrieved from /home/airflow/.local/lib/python3.6/site-packages/airflow/example_dags/example_latest_only.py
[2023-08-20 11:54:12,058] {logging_mixin.py:104} INFO - [2023-08-20 11:54:12,058] {dag.py:1824} INFO - Sync 1 DAGs
[2023-08-20 11:54:12,075] {logging_mixin.py:104} INFO - [2023-08-20 11:54:12,075] {dag.py:2280} INFO - Setting next_dagrun for latest_only to 2023-08-18 00:00:00+00:00
[2023-08-20 11:54:12,090] {scheduler_job.py:190} INFO - Processing /home/airflow/.local/lib/python3.6/site-packages/airflow/example_dags/example_latest_only.py took 0.075 seconds
[2023-08-20 11:54:42,937] {scheduler_job.py:182} INFO - Started process (PID=784) to work on /home/airflow/.local/lib/python3.6/site-packages/airflow/example_dags/example_latest_only.py
[2023-08-20 11:54:42,939] {scheduler_job.py:629} INFO - Processing file /home/airflow/.local/lib/python3.6/site-packages/airflow/example_dags/example_latest_only.py for tasks to queue
[2023-08-20 11:54:42,940] {logging_mixin.py:104} INFO - [2023-08-20 11:54:42,940] {dagbag.py:451} INFO - Filling up the DagBag from /home/airflow/.local/lib/python3.6/site-packages/airflow/example_dags/example_latest_only.py
[2023-08-20 11:54:42,952] {scheduler_job.py:639} INFO - DAG(s) dict_keys(['latest_only']) retrieved from /home/airflow/.local/lib/python3.6/site-packages/airflow/example_dags/example_latest_only.py
[2023-08-20 11:54:42,977] {logging_mixin.py:104} INFO - [2023-08-20 11:54:42,977] {dag.py:1824} INFO - Sync 1 DAGs
[2023-08-20 11:54:42,997] {logging_mixin.py:104} INFO - [2023-08-20 11:54:42,996] {dag.py:2280} INFO - Setting next_dagrun for latest_only to 2023-08-18 00:00:00+00:00
[2023-08-20 11:54:43,014] {scheduler_job.py:190} INFO - Processing /home/airflow/.local/lib/python3.6/site-packages/airflow/example_dags/example_latest_only.py took 0.080 seconds
[2023-08-20 11:55:13,571] {scheduler_job.py:182} INFO - Started process (PID=810) to work on /home/airflow/.local/lib/python3.6/site-packages/airflow/example_dags/example_latest_only.py
[2023-08-20 11:55:13,574] {scheduler_job.py:629} INFO - Processing file /home/airflow/.local/lib/python3.6/site-packages/airflow/example_dags/example_latest_only.py for tasks to queue
[2023-08-20 11:55:13,576] {logging_mixin.py:104} INFO - [2023-08-20 11:55:13,576] {dagbag.py:451} INFO - Filling up the DagBag from /home/airflow/.local/lib/python3.6/site-packages/airflow/example_dags/example_latest_only.py
[2023-08-20 11:55:13,590] {scheduler_job.py:639} INFO - DAG(s) dict_keys(['latest_only']) retrieved from /home/airflow/.local/lib/python3.6/site-packages/airflow/example_dags/example_latest_only.py
[2023-08-20 11:55:13,617] {logging_mixin.py:104} INFO - [2023-08-20 11:55:13,617] {dag.py:1824} INFO - Sync 1 DAGs
[2023-08-20 11:55:13,634] {logging_mixin.py:104} INFO - [2023-08-20 11:55:13,634] {dag.py:2280} INFO - Setting next_dagrun for latest_only to 2023-08-18 00:00:00+00:00
[2023-08-20 11:55:13,650] {scheduler_job.py:190} INFO - Processing /home/airflow/.local/lib/python3.6/site-packages/airflow/example_dags/example_latest_only.py took 0.083 seconds
[2023-08-20 11:55:44,090] {scheduler_job.py:182} INFO - Started process (PID=833) to work on /home/airflow/.local/lib/python3.6/site-packages/airflow/example_dags/example_latest_only.py
[2023-08-20 11:55:44,093] {scheduler_job.py:629} INFO - Processing file /home/airflow/.local/lib/python3.6/site-packages/airflow/example_dags/example_latest_only.py for tasks to queue
[2023-08-20 11:55:44,094] {logging_mixin.py:104} INFO - [2023-08-20 11:55:44,094] {dagbag.py:451} INFO - Filling up the DagBag from /home/airflow/.local/lib/python3.6/site-packages/airflow/example_dags/example_latest_only.py
[2023-08-20 11:55:44,108] {scheduler_job.py:639} INFO - DAG(s) dict_keys(['latest_only']) retrieved from /home/airflow/.local/lib/python3.6/site-packages/airflow/example_dags/example_latest_only.py
[2023-08-20 11:55:44,134] {logging_mixin.py:104} INFO - [2023-08-20 11:55:44,134] {dag.py:1824} INFO - Sync 1 DAGs
[2023-08-20 11:55:44,154] {logging_mixin.py:104} INFO - [2023-08-20 11:55:44,154] {dag.py:2280} INFO - Setting next_dagrun for latest_only to 2023-08-18 00:00:00+00:00
[2023-08-20 11:55:44,171] {scheduler_job.py:190} INFO - Processing /home/airflow/.local/lib/python3.6/site-packages/airflow/example_dags/example_latest_only.py took 0.085 seconds
[2023-08-20 11:56:14,687] {scheduler_job.py:182} INFO - Started process (PID=858) to work on /home/airflow/.local/lib/python3.6/site-packages/airflow/example_dags/example_latest_only.py
[2023-08-20 11:56:14,689] {scheduler_job.py:629} INFO - Processing file /home/airflow/.local/lib/python3.6/site-packages/airflow/example_dags/example_latest_only.py for tasks to queue
[2023-08-20 11:56:14,691] {logging_mixin.py:104} INFO - [2023-08-20 11:56:14,691] {dagbag.py:451} INFO - Filling up the DagBag from /home/airflow/.local/lib/python3.6/site-packages/airflow/example_dags/example_latest_only.py
[2023-08-20 11:56:14,702] {scheduler_job.py:639} INFO - DAG(s) dict_keys(['latest_only']) retrieved from /home/airflow/.local/lib/python3.6/site-packages/airflow/example_dags/example_latest_only.py
[2023-08-20 11:56:14,725] {logging_mixin.py:104} INFO - [2023-08-20 11:56:14,725] {dag.py:1824} INFO - Sync 1 DAGs
[2023-08-20 11:56:14,743] {logging_mixin.py:104} INFO - [2023-08-20 11:56:14,743] {dag.py:2280} INFO - Setting next_dagrun for latest_only to 2023-08-18 00:00:00+00:00
[2023-08-20 11:56:14,759] {scheduler_job.py:190} INFO - Processing /home/airflow/.local/lib/python3.6/site-packages/airflow/example_dags/example_latest_only.py took 0.076 seconds
[2023-08-20 11:56:45,555] {scheduler_job.py:182} INFO - Started process (PID=891) to work on /home/airflow/.local/lib/python3.6/site-packages/airflow/example_dags/example_latest_only.py
[2023-08-20 11:56:45,557] {scheduler_job.py:629} INFO - Processing file /home/airflow/.local/lib/python3.6/site-packages/airflow/example_dags/example_latest_only.py for tasks to queue
[2023-08-20 11:56:45,558] {logging_mixin.py:104} INFO - [2023-08-20 11:56:45,558] {dagbag.py:451} INFO - Filling up the DagBag from /home/airflow/.local/lib/python3.6/site-packages/airflow/example_dags/example_latest_only.py
[2023-08-20 11:56:45,569] {scheduler_job.py:639} INFO - DAG(s) dict_keys(['latest_only']) retrieved from /home/airflow/.local/lib/python3.6/site-packages/airflow/example_dags/example_latest_only.py
[2023-08-20 11:56:45,592] {logging_mixin.py:104} INFO - [2023-08-20 11:56:45,592] {dag.py:1824} INFO - Sync 1 DAGs
[2023-08-20 11:56:45,610] {logging_mixin.py:104} INFO - [2023-08-20 11:56:45,609] {dag.py:2280} INFO - Setting next_dagrun for latest_only to 2023-08-18 00:00:00+00:00
[2023-08-20 11:56:45,622] {scheduler_job.py:190} INFO - Processing /home/airflow/.local/lib/python3.6/site-packages/airflow/example_dags/example_latest_only.py took 0.071 seconds
[2023-08-20 11:57:15,992] {scheduler_job.py:182} INFO - Started process (PID=912) to work on /home/airflow/.local/lib/python3.6/site-packages/airflow/example_dags/example_latest_only.py
[2023-08-20 11:57:15,995] {scheduler_job.py:629} INFO - Processing file /home/airflow/.local/lib/python3.6/site-packages/airflow/example_dags/example_latest_only.py for tasks to queue
[2023-08-20 11:57:15,997] {logging_mixin.py:104} INFO - [2023-08-20 11:57:15,997] {dagbag.py:451} INFO - Filling up the DagBag from /home/airflow/.local/lib/python3.6/site-packages/airflow/example_dags/example_latest_only.py
[2023-08-20 11:57:16,013] {scheduler_job.py:639} INFO - DAG(s) dict_keys(['latest_only']) retrieved from /home/airflow/.local/lib/python3.6/site-packages/airflow/example_dags/example_latest_only.py
[2023-08-20 11:57:16,050] {logging_mixin.py:104} INFO - [2023-08-20 11:57:16,050] {dag.py:1824} INFO - Sync 1 DAGs
[2023-08-20 11:57:16,073] {logging_mixin.py:104} INFO - [2023-08-20 11:57:16,073] {dag.py:2280} INFO - Setting next_dagrun for latest_only to 2023-08-18 00:00:00+00:00
[2023-08-20 11:57:16,092] {scheduler_job.py:190} INFO - Processing /home/airflow/.local/lib/python3.6/site-packages/airflow/example_dags/example_latest_only.py took 0.106 seconds
[2023-08-20 11:57:46,666] {scheduler_job.py:182} INFO - Started process (PID=938) to work on /home/airflow/.local/lib/python3.6/site-packages/airflow/example_dags/example_latest_only.py
[2023-08-20 11:57:46,669] {scheduler_job.py:629} INFO - Processing file /home/airflow/.local/lib/python3.6/site-packages/airflow/example_dags/example_latest_only.py for tasks to queue
[2023-08-20 11:57:46,670] {logging_mixin.py:104} INFO - [2023-08-20 11:57:46,670] {dagbag.py:451} INFO - Filling up the DagBag from /home/airflow/.local/lib/python3.6/site-packages/airflow/example_dags/example_latest_only.py
[2023-08-20 11:57:46,679] {scheduler_job.py:639} INFO - DAG(s) dict_keys(['latest_only']) retrieved from /home/airflow/.local/lib/python3.6/site-packages/airflow/example_dags/example_latest_only.py
[2023-08-20 11:57:46,705] {logging_mixin.py:104} INFO - [2023-08-20 11:57:46,705] {dag.py:1824} INFO - Sync 1 DAGs
[2023-08-20 11:57:46,726] {logging_mixin.py:104} INFO - [2023-08-20 11:57:46,726] {dag.py:2280} INFO - Setting next_dagrun for latest_only to 2023-08-18 00:00:00+00:00
[2023-08-20 11:57:46,740] {scheduler_job.py:190} INFO - Processing /home/airflow/.local/lib/python3.6/site-packages/airflow/example_dags/example_latest_only.py took 0.077 seconds
[2023-08-20 11:58:17,371] {scheduler_job.py:182} INFO - Started process (PID=968) to work on /home/airflow/.local/lib/python3.6/site-packages/airflow/example_dags/example_latest_only.py
[2023-08-20 11:58:17,372] {scheduler_job.py:629} INFO - Processing file /home/airflow/.local/lib/python3.6/site-packages/airflow/example_dags/example_latest_only.py for tasks to queue
[2023-08-20 11:58:17,374] {logging_mixin.py:104} INFO - [2023-08-20 11:58:17,373] {dagbag.py:451} INFO - Filling up the DagBag from /home/airflow/.local/lib/python3.6/site-packages/airflow/example_dags/example_latest_only.py
[2023-08-20 11:58:17,384] {scheduler_job.py:639} INFO - DAG(s) dict_keys(['latest_only']) retrieved from /home/airflow/.local/lib/python3.6/site-packages/airflow/example_dags/example_latest_only.py
[2023-08-20 11:58:17,407] {logging_mixin.py:104} INFO - [2023-08-20 11:58:17,407] {dag.py:1824} INFO - Sync 1 DAGs
[2023-08-20 11:58:17,425] {logging_mixin.py:104} INFO - [2023-08-20 11:58:17,425] {dag.py:2280} INFO - Setting next_dagrun for latest_only to 2023-08-18 00:00:00+00:00
[2023-08-20 11:58:17,440] {scheduler_job.py:190} INFO - Processing /home/airflow/.local/lib/python3.6/site-packages/airflow/example_dags/example_latest_only.py took 0.072 seconds
[2023-08-20 11:58:47,899] {scheduler_job.py:182} INFO - Started process (PID=994) to work on /home/airflow/.local/lib/python3.6/site-packages/airflow/example_dags/example_latest_only.py
[2023-08-20 11:58:47,902] {scheduler_job.py:629} INFO - Processing file /home/airflow/.local/lib/python3.6/site-packages/airflow/example_dags/example_latest_only.py for tasks to queue
[2023-08-20 11:58:47,904] {logging_mixin.py:104} INFO - [2023-08-20 11:58:47,903] {dagbag.py:451} INFO - Filling up the DagBag from /home/airflow/.local/lib/python3.6/site-packages/airflow/example_dags/example_latest_only.py
[2023-08-20 11:58:47,915] {scheduler_job.py:639} INFO - DAG(s) dict_keys(['latest_only']) retrieved from /home/airflow/.local/lib/python3.6/site-packages/airflow/example_dags/example_latest_only.py
[2023-08-20 11:58:47,938] {logging_mixin.py:104} INFO - [2023-08-20 11:58:47,937] {dag.py:1824} INFO - Sync 1 DAGs
[2023-08-20 11:58:47,957] {logging_mixin.py:104} INFO - [2023-08-20 11:58:47,957] {dag.py:2280} INFO - Setting next_dagrun for latest_only to 2023-08-18 00:00:00+00:00
[2023-08-20 11:58:47,972] {scheduler_job.py:190} INFO - Processing /home/airflow/.local/lib/python3.6/site-packages/airflow/example_dags/example_latest_only.py took 0.077 seconds
[2023-08-20 11:59:18,720] {scheduler_job.py:182} INFO - Started process (PID=1023) to work on /home/airflow/.local/lib/python3.6/site-packages/airflow/example_dags/example_latest_only.py
[2023-08-20 11:59:18,722] {scheduler_job.py:629} INFO - Processing file /home/airflow/.local/lib/python3.6/site-packages/airflow/example_dags/example_latest_only.py for tasks to queue
[2023-08-20 11:59:18,724] {logging_mixin.py:104} INFO - [2023-08-20 11:59:18,724] {dagbag.py:451} INFO - Filling up the DagBag from /home/airflow/.local/lib/python3.6/site-packages/airflow/example_dags/example_latest_only.py
[2023-08-20 11:59:18,743] {scheduler_job.py:639} INFO - DAG(s) dict_keys(['latest_only']) retrieved from /home/airflow/.local/lib/python3.6/site-packages/airflow/example_dags/example_latest_only.py
[2023-08-20 11:59:18,771] {logging_mixin.py:104} INFO - [2023-08-20 11:59:18,771] {dag.py:1824} INFO - Sync 1 DAGs
[2023-08-20 11:59:18,791] {logging_mixin.py:104} INFO - [2023-08-20 11:59:18,791] {dag.py:2280} INFO - Setting next_dagrun for latest_only to 2023-08-18 00:00:00+00:00
[2023-08-20 11:59:18,805] {scheduler_job.py:190} INFO - Processing /home/airflow/.local/lib/python3.6/site-packages/airflow/example_dags/example_latest_only.py took 0.089 seconds
[2023-08-20 11:59:48,912] {scheduler_job.py:182} INFO - Started process (PID=1041) to work on /home/airflow/.local/lib/python3.6/site-packages/airflow/example_dags/example_latest_only.py
[2023-08-20 11:59:48,914] {scheduler_job.py:629} INFO - Processing file /home/airflow/.local/lib/python3.6/site-packages/airflow/example_dags/example_latest_only.py for tasks to queue
[2023-08-20 11:59:48,916] {logging_mixin.py:104} INFO - [2023-08-20 11:59:48,916] {dagbag.py:451} INFO - Filling up the DagBag from /home/airflow/.local/lib/python3.6/site-packages/airflow/example_dags/example_latest_only.py
[2023-08-20 11:59:48,931] {scheduler_job.py:639} INFO - DAG(s) dict_keys(['latest_only']) retrieved from /home/airflow/.local/lib/python3.6/site-packages/airflow/example_dags/example_latest_only.py
[2023-08-20 11:59:48,959] {logging_mixin.py:104} INFO - [2023-08-20 11:59:48,959] {dag.py:1824} INFO - Sync 1 DAGs
[2023-08-20 11:59:48,978] {logging_mixin.py:104} INFO - [2023-08-20 11:59:48,978] {dag.py:2280} INFO - Setting next_dagrun for latest_only to 2023-08-18 00:00:00+00:00
[2023-08-20 11:59:48,994] {scheduler_job.py:190} INFO - Processing /home/airflow/.local/lib/python3.6/site-packages/airflow/example_dags/example_latest_only.py took 0.085 seconds
[2023-08-20 12:00:19,566] {scheduler_job.py:182} INFO - Started process (PID=1067) to work on /home/airflow/.local/lib/python3.6/site-packages/airflow/example_dags/example_latest_only.py
[2023-08-20 12:00:19,569] {scheduler_job.py:629} INFO - Processing file /home/airflow/.local/lib/python3.6/site-packages/airflow/example_dags/example_latest_only.py for tasks to queue
[2023-08-20 12:00:19,571] {logging_mixin.py:104} INFO - [2023-08-20 12:00:19,571] {dagbag.py:451} INFO - Filling up the DagBag from /home/airflow/.local/lib/python3.6/site-packages/airflow/example_dags/example_latest_only.py
[2023-08-20 12:00:19,585] {scheduler_job.py:639} INFO - DAG(s) dict_keys(['latest_only']) retrieved from /home/airflow/.local/lib/python3.6/site-packages/airflow/example_dags/example_latest_only.py
[2023-08-20 12:00:19,611] {logging_mixin.py:104} INFO - [2023-08-20 12:00:19,611] {dag.py:1824} INFO - Sync 1 DAGs
[2023-08-20 12:00:19,635] {logging_mixin.py:104} INFO - [2023-08-20 12:00:19,635] {dag.py:2280} INFO - Setting next_dagrun for latest_only to 2023-08-18 00:00:00+00:00
[2023-08-20 12:00:19,652] {scheduler_job.py:190} INFO - Processing /home/airflow/.local/lib/python3.6/site-packages/airflow/example_dags/example_latest_only.py took 0.090 seconds
[2023-08-20 12:00:50,303] {scheduler_job.py:182} INFO - Started process (PID=1093) to work on /home/airflow/.local/lib/python3.6/site-packages/airflow/example_dags/example_latest_only.py
[2023-08-20 12:00:50,305] {scheduler_job.py:629} INFO - Processing file /home/airflow/.local/lib/python3.6/site-packages/airflow/example_dags/example_latest_only.py for tasks to queue
[2023-08-20 12:00:50,306] {logging_mixin.py:104} INFO - [2023-08-20 12:00:50,306] {dagbag.py:451} INFO - Filling up the DagBag from /home/airflow/.local/lib/python3.6/site-packages/airflow/example_dags/example_latest_only.py
[2023-08-20 12:00:50,317] {scheduler_job.py:639} INFO - DAG(s) dict_keys(['latest_only']) retrieved from /home/airflow/.local/lib/python3.6/site-packages/airflow/example_dags/example_latest_only.py
[2023-08-20 12:00:50,341] {logging_mixin.py:104} INFO - [2023-08-20 12:00:50,341] {dag.py:1824} INFO - Sync 1 DAGs
[2023-08-20 12:00:50,361] {logging_mixin.py:104} INFO - [2023-08-20 12:00:50,361] {dag.py:2280} INFO - Setting next_dagrun for latest_only to 2023-08-18 00:00:00+00:00
[2023-08-20 12:00:50,375] {scheduler_job.py:190} INFO - Processing /home/airflow/.local/lib/python3.6/site-packages/airflow/example_dags/example_latest_only.py took 0.075 seconds
[2023-08-20 12:01:21,342] {scheduler_job.py:182} INFO - Started process (PID=1127) to work on /home/airflow/.local/lib/python3.6/site-packages/airflow/example_dags/example_latest_only.py
[2023-08-20 12:01:21,345] {scheduler_job.py:629} INFO - Processing file /home/airflow/.local/lib/python3.6/site-packages/airflow/example_dags/example_latest_only.py for tasks to queue
[2023-08-20 12:01:21,346] {logging_mixin.py:104} INFO - [2023-08-20 12:01:21,346] {dagbag.py:451} INFO - Filling up the DagBag from /home/airflow/.local/lib/python3.6/site-packages/airflow/example_dags/example_latest_only.py
[2023-08-20 12:01:21,360] {scheduler_job.py:639} INFO - DAG(s) dict_keys(['latest_only']) retrieved from /home/airflow/.local/lib/python3.6/site-packages/airflow/example_dags/example_latest_only.py
[2023-08-20 12:01:21,387] {logging_mixin.py:104} INFO - [2023-08-20 12:01:21,387] {dag.py:1824} INFO - Sync 1 DAGs
[2023-08-20 12:01:21,410] {logging_mixin.py:104} INFO - [2023-08-20 12:01:21,410] {dag.py:2280} INFO - Setting next_dagrun for latest_only to 2023-08-18 00:00:00+00:00
[2023-08-20 12:01:21,424] {scheduler_job.py:190} INFO - Processing /home/airflow/.local/lib/python3.6/site-packages/airflow/example_dags/example_latest_only.py took 0.088 seconds
[2023-08-20T17:37:40.593+0000] {processor.py:157} INFO - Started process (PID=67) to work on /home/airflow/.local/lib/python3.8/site-packages/airflow/example_dags/example_latest_only.py
[2023-08-20T17:37:40.596+0000] {processor.py:829} INFO - Processing file /home/airflow/.local/lib/python3.8/site-packages/airflow/example_dags/example_latest_only.py for tasks to queue
[2023-08-20T17:37:40.609+0000] {logging_mixin.py:151} INFO - [2023-08-20T17:37:40.608+0000] {dagbag.py:539} INFO - Filling up the DagBag from /home/airflow/.local/lib/python3.8/site-packages/airflow/example_dags/example_latest_only.py
[2023-08-20T17:37:40.634+0000] {processor.py:839} INFO - DAG(s) dict_keys(['latest_only']) retrieved from /home/airflow/.local/lib/python3.8/site-packages/airflow/example_dags/example_latest_only.py
[2023-08-20T17:37:40.660+0000] {logging_mixin.py:151} INFO - [2023-08-20T17:37:40.660+0000] {dag.py:2907} INFO - Sync 1 DAGs
[2023-08-20T17:37:40.698+0000] {logging_mixin.py:151} INFO - [2023-08-20T17:37:40.698+0000] {dag.py:3677} INFO - Setting next_dagrun for latest_only to 2023-08-20T13:37:40.697743+00:00, run_after=2023-08-20T17:37:40.697743+00:00
[2023-08-20T17:37:40.727+0000] {processor.py:179} INFO - Processing /home/airflow/.local/lib/python3.8/site-packages/airflow/example_dags/example_latest_only.py took 0.148 seconds
[2023-08-20T17:38:11.324+0000] {processor.py:157} INFO - Started process (PID=121) to work on /home/airflow/.local/lib/python3.8/site-packages/airflow/example_dags/example_latest_only.py
[2023-08-20T17:38:11.325+0000] {processor.py:829} INFO - Processing file /home/airflow/.local/lib/python3.8/site-packages/airflow/example_dags/example_latest_only.py for tasks to queue
[2023-08-20T17:38:11.328+0000] {logging_mixin.py:151} INFO - [2023-08-20T17:38:11.328+0000] {dagbag.py:539} INFO - Filling up the DagBag from /home/airflow/.local/lib/python3.8/site-packages/airflow/example_dags/example_latest_only.py
[2023-08-20T17:38:11.336+0000] {processor.py:839} INFO - DAG(s) dict_keys(['latest_only']) retrieved from /home/airflow/.local/lib/python3.8/site-packages/airflow/example_dags/example_latest_only.py
[2023-08-20T17:38:11.363+0000] {logging_mixin.py:151} INFO - [2023-08-20T17:38:11.363+0000] {dag.py:2907} INFO - Sync 1 DAGs
[2023-08-20T17:38:11.392+0000] {logging_mixin.py:151} INFO - [2023-08-20T17:38:11.392+0000] {dag.py:3677} INFO - Setting next_dagrun for latest_only to 2023-08-20T13:38:11.392309+00:00, run_after=2023-08-20T17:38:11.392309+00:00
[2023-08-20T17:38:11.419+0000] {processor.py:179} INFO - Processing /home/airflow/.local/lib/python3.8/site-packages/airflow/example_dags/example_latest_only.py took 0.100 seconds
[2023-08-20T17:38:41.945+0000] {processor.py:157} INFO - Started process (PID=175) to work on /home/airflow/.local/lib/python3.8/site-packages/airflow/example_dags/example_latest_only.py
[2023-08-20T17:38:41.947+0000] {processor.py:829} INFO - Processing file /home/airflow/.local/lib/python3.8/site-packages/airflow/example_dags/example_latest_only.py for tasks to queue
[2023-08-20T17:38:41.950+0000] {logging_mixin.py:151} INFO - [2023-08-20T17:38:41.950+0000] {dagbag.py:539} INFO - Filling up the DagBag from /home/airflow/.local/lib/python3.8/site-packages/airflow/example_dags/example_latest_only.py
[2023-08-20T17:38:41.957+0000] {processor.py:839} INFO - DAG(s) dict_keys(['latest_only']) retrieved from /home/airflow/.local/lib/python3.8/site-packages/airflow/example_dags/example_latest_only.py
[2023-08-20T17:38:41.986+0000] {logging_mixin.py:151} INFO - [2023-08-20T17:38:41.986+0000] {dag.py:2907} INFO - Sync 1 DAGs
[2023-08-20T17:38:42.019+0000] {logging_mixin.py:151} INFO - [2023-08-20T17:38:42.019+0000] {dag.py:3677} INFO - Setting next_dagrun for latest_only to 2023-08-20T13:38:42.018890+00:00, run_after=2023-08-20T17:38:42.018890+00:00
[2023-08-20T17:38:42.058+0000] {processor.py:179} INFO - Processing /home/airflow/.local/lib/python3.8/site-packages/airflow/example_dags/example_latest_only.py took 0.118 seconds
[2023-08-20T17:39:12.333+0000] {processor.py:157} INFO - Started process (PID=229) to work on /home/airflow/.local/lib/python3.8/site-packages/airflow/example_dags/example_latest_only.py
[2023-08-20T17:39:12.336+0000] {processor.py:829} INFO - Processing file /home/airflow/.local/lib/python3.8/site-packages/airflow/example_dags/example_latest_only.py for tasks to queue
[2023-08-20T17:39:12.339+0000] {logging_mixin.py:151} INFO - [2023-08-20T17:39:12.339+0000] {dagbag.py:539} INFO - Filling up the DagBag from /home/airflow/.local/lib/python3.8/site-packages/airflow/example_dags/example_latest_only.py
[2023-08-20T17:39:12.347+0000] {processor.py:839} INFO - DAG(s) dict_keys(['latest_only']) retrieved from /home/airflow/.local/lib/python3.8/site-packages/airflow/example_dags/example_latest_only.py
[2023-08-20T17:39:12.375+0000] {logging_mixin.py:151} INFO - [2023-08-20T17:39:12.375+0000] {dag.py:2907} INFO - Sync 1 DAGs
[2023-08-20T17:39:12.411+0000] {logging_mixin.py:151} INFO - [2023-08-20T17:39:12.411+0000] {dag.py:3677} INFO - Setting next_dagrun for latest_only to 2023-08-20T13:39:12.411017+00:00, run_after=2023-08-20T17:39:12.411017+00:00
[2023-08-20T17:39:12.446+0000] {processor.py:179} INFO - Processing /home/airflow/.local/lib/python3.8/site-packages/airflow/example_dags/example_latest_only.py took 0.117 seconds
[2023-08-20T17:39:42.527+0000] {processor.py:157} INFO - Started process (PID=283) to work on /home/airflow/.local/lib/python3.8/site-packages/airflow/example_dags/example_latest_only.py
[2023-08-20T17:39:42.529+0000] {processor.py:829} INFO - Processing file /home/airflow/.local/lib/python3.8/site-packages/airflow/example_dags/example_latest_only.py for tasks to queue
[2023-08-20T17:39:42.532+0000] {logging_mixin.py:151} INFO - [2023-08-20T17:39:42.532+0000] {dagbag.py:539} INFO - Filling up the DagBag from /home/airflow/.local/lib/python3.8/site-packages/airflow/example_dags/example_latest_only.py
[2023-08-20T17:39:42.539+0000] {processor.py:839} INFO - DAG(s) dict_keys(['latest_only']) retrieved from /home/airflow/.local/lib/python3.8/site-packages/airflow/example_dags/example_latest_only.py
[2023-08-20T17:39:42.554+0000] {logging_mixin.py:151} INFO - [2023-08-20T17:39:42.554+0000] {dag.py:2907} INFO - Sync 1 DAGs
[2023-08-20T17:39:42.597+0000] {logging_mixin.py:151} INFO - [2023-08-20T17:39:42.597+0000] {dag.py:3677} INFO - Setting next_dagrun for latest_only to 2023-08-20T13:39:42.596534+00:00, run_after=2023-08-20T17:39:42.596534+00:00
[2023-08-20T17:39:42.626+0000] {processor.py:179} INFO - Processing /home/airflow/.local/lib/python3.8/site-packages/airflow/example_dags/example_latest_only.py took 0.102 seconds
[2023-08-20T17:40:12.988+0000] {processor.py:157} INFO - Started process (PID=337) to work on /home/airflow/.local/lib/python3.8/site-packages/airflow/example_dags/example_latest_only.py
[2023-08-20T17:40:12.990+0000] {processor.py:829} INFO - Processing file /home/airflow/.local/lib/python3.8/site-packages/airflow/example_dags/example_latest_only.py for tasks to queue
[2023-08-20T17:40:12.994+0000] {logging_mixin.py:151} INFO - [2023-08-20T17:40:12.993+0000] {dagbag.py:539} INFO - Filling up the DagBag from /home/airflow/.local/lib/python3.8/site-packages/airflow/example_dags/example_latest_only.py
[2023-08-20T17:40:13.002+0000] {processor.py:839} INFO - DAG(s) dict_keys(['latest_only']) retrieved from /home/airflow/.local/lib/python3.8/site-packages/airflow/example_dags/example_latest_only.py
[2023-08-20T17:40:13.032+0000] {logging_mixin.py:151} INFO - [2023-08-20T17:40:13.032+0000] {dag.py:2907} INFO - Sync 1 DAGs
[2023-08-20T17:40:13.068+0000] {logging_mixin.py:151} INFO - [2023-08-20T17:40:13.068+0000] {dag.py:3677} INFO - Setting next_dagrun for latest_only to 2023-08-20T13:40:13.067845+00:00, run_after=2023-08-20T17:40:13.067845+00:00
[2023-08-20T17:40:13.097+0000] {processor.py:179} INFO - Processing /home/airflow/.local/lib/python3.8/site-packages/airflow/example_dags/example_latest_only.py took 0.114 seconds
[2023-08-20T17:40:43.951+0000] {processor.py:157} INFO - Started process (PID=391) to work on /home/airflow/.local/lib/python3.8/site-packages/airflow/example_dags/example_latest_only.py
[2023-08-20T17:40:43.953+0000] {processor.py:829} INFO - Processing file /home/airflow/.local/lib/python3.8/site-packages/airflow/example_dags/example_latest_only.py for tasks to queue
[2023-08-20T17:40:43.956+0000] {logging_mixin.py:151} INFO - [2023-08-20T17:40:43.956+0000] {dagbag.py:539} INFO - Filling up the DagBag from /home/airflow/.local/lib/python3.8/site-packages/airflow/example_dags/example_latest_only.py
[2023-08-20T17:40:43.963+0000] {processor.py:839} INFO - DAG(s) dict_keys(['latest_only']) retrieved from /home/airflow/.local/lib/python3.8/site-packages/airflow/example_dags/example_latest_only.py
[2023-08-20T17:40:43.994+0000] {logging_mixin.py:151} INFO - [2023-08-20T17:40:43.993+0000] {dag.py:2907} INFO - Sync 1 DAGs
[2023-08-20T17:40:44.029+0000] {logging_mixin.py:151} INFO - [2023-08-20T17:40:44.029+0000] {dag.py:3677} INFO - Setting next_dagrun for latest_only to 2023-08-20T13:40:44.028672+00:00, run_after=2023-08-20T17:40:44.028672+00:00
[2023-08-20T17:40:44.057+0000] {processor.py:179} INFO - Processing /home/airflow/.local/lib/python3.8/site-packages/airflow/example_dags/example_latest_only.py took 0.110 seconds
[2023-08-20T17:41:14.178+0000] {processor.py:157} INFO - Started process (PID=445) to work on /home/airflow/.local/lib/python3.8/site-packages/airflow/example_dags/example_latest_only.py
[2023-08-20T17:41:14.179+0000] {processor.py:829} INFO - Processing file /home/airflow/.local/lib/python3.8/site-packages/airflow/example_dags/example_latest_only.py for tasks to queue
[2023-08-20T17:41:14.182+0000] {logging_mixin.py:151} INFO - [2023-08-20T17:41:14.182+0000] {dagbag.py:539} INFO - Filling up the DagBag from /home/airflow/.local/lib/python3.8/site-packages/airflow/example_dags/example_latest_only.py
[2023-08-20T17:41:14.189+0000] {processor.py:839} INFO - DAG(s) dict_keys(['latest_only']) retrieved from /home/airflow/.local/lib/python3.8/site-packages/airflow/example_dags/example_latest_only.py
[2023-08-20T17:41:14.219+0000] {logging_mixin.py:151} INFO - [2023-08-20T17:41:14.219+0000] {dag.py:2907} INFO - Sync 1 DAGs
[2023-08-20T17:41:14.249+0000] {logging_mixin.py:151} INFO - [2023-08-20T17:41:14.249+0000] {dag.py:3677} INFO - Setting next_dagrun for latest_only to 2023-08-20T13:41:14.248729+00:00, run_after=2023-08-20T17:41:14.248729+00:00
[2023-08-20T17:41:14.278+0000] {processor.py:179} INFO - Processing /home/airflow/.local/lib/python3.8/site-packages/airflow/example_dags/example_latest_only.py took 0.105 seconds
[2023-08-20T17:41:44.927+0000] {processor.py:157} INFO - Started process (PID=500) to work on /home/airflow/.local/lib/python3.8/site-packages/airflow/example_dags/example_latest_only.py
[2023-08-20T17:41:44.928+0000] {processor.py:829} INFO - Processing file /home/airflow/.local/lib/python3.8/site-packages/airflow/example_dags/example_latest_only.py for tasks to queue
[2023-08-20T17:41:44.931+0000] {logging_mixin.py:151} INFO - [2023-08-20T17:41:44.931+0000] {dagbag.py:539} INFO - Filling up the DagBag from /home/airflow/.local/lib/python3.8/site-packages/airflow/example_dags/example_latest_only.py
[2023-08-20T17:41:44.939+0000] {processor.py:839} INFO - DAG(s) dict_keys(['latest_only']) retrieved from /home/airflow/.local/lib/python3.8/site-packages/airflow/example_dags/example_latest_only.py
[2023-08-20T17:41:44.965+0000] {logging_mixin.py:151} INFO - [2023-08-20T17:41:44.964+0000] {dag.py:2907} INFO - Sync 1 DAGs
[2023-08-20T17:41:44.992+0000] {logging_mixin.py:151} INFO - [2023-08-20T17:41:44.992+0000] {dag.py:3677} INFO - Setting next_dagrun for latest_only to 2023-08-20T13:41:44.992408+00:00, run_after=2023-08-20T17:41:44.992408+00:00
[2023-08-20T17:41:45.019+0000] {processor.py:179} INFO - Processing /home/airflow/.local/lib/python3.8/site-packages/airflow/example_dags/example_latest_only.py took 0.097 seconds
[2023-08-20T17:42:16.028+0000] {processor.py:157} INFO - Started process (PID=554) to work on /home/airflow/.local/lib/python3.8/site-packages/airflow/example_dags/example_latest_only.py
[2023-08-20T17:42:16.030+0000] {processor.py:829} INFO - Processing file /home/airflow/.local/lib/python3.8/site-packages/airflow/example_dags/example_latest_only.py for tasks to queue
[2023-08-20T17:42:16.034+0000] {logging_mixin.py:151} INFO - [2023-08-20T17:42:16.033+0000] {dagbag.py:539} INFO - Filling up the DagBag from /home/airflow/.local/lib/python3.8/site-packages/airflow/example_dags/example_latest_only.py
[2023-08-20T17:42:16.042+0000] {processor.py:839} INFO - DAG(s) dict_keys(['latest_only']) retrieved from /home/airflow/.local/lib/python3.8/site-packages/airflow/example_dags/example_latest_only.py
[2023-08-20T17:42:16.068+0000] {logging_mixin.py:151} INFO - [2023-08-20T17:42:16.068+0000] {dag.py:2907} INFO - Sync 1 DAGs
[2023-08-20T17:42:16.108+0000] {logging_mixin.py:151} INFO - [2023-08-20T17:42:16.107+0000] {dag.py:3677} INFO - Setting next_dagrun for latest_only to 2023-08-20T13:42:16.107690+00:00, run_after=2023-08-20T17:42:16.107690+00:00
[2023-08-20T17:42:16.144+0000] {processor.py:179} INFO - Processing /home/airflow/.local/lib/python3.8/site-packages/airflow/example_dags/example_latest_only.py took 0.121 seconds
[2023-08-20T17:42:46.537+0000] {processor.py:157} INFO - Started process (PID=608) to work on /home/airflow/.local/lib/python3.8/site-packages/airflow/example_dags/example_latest_only.py
[2023-08-20T17:42:46.539+0000] {processor.py:829} INFO - Processing file /home/airflow/.local/lib/python3.8/site-packages/airflow/example_dags/example_latest_only.py for tasks to queue
[2023-08-20T17:42:46.542+0000] {logging_mixin.py:151} INFO - [2023-08-20T17:42:46.542+0000] {dagbag.py:539} INFO - Filling up the DagBag from /home/airflow/.local/lib/python3.8/site-packages/airflow/example_dags/example_latest_only.py
[2023-08-20T17:42:46.551+0000] {processor.py:839} INFO - DAG(s) dict_keys(['latest_only']) retrieved from /home/airflow/.local/lib/python3.8/site-packages/airflow/example_dags/example_latest_only.py
[2023-08-20T17:42:46.584+0000] {logging_mixin.py:151} INFO - [2023-08-20T17:42:46.584+0000] {dag.py:2907} INFO - Sync 1 DAGs
[2023-08-20T17:42:46.620+0000] {logging_mixin.py:151} INFO - [2023-08-20T17:42:46.620+0000] {dag.py:3677} INFO - Setting next_dagrun for latest_only to 2023-08-20T13:42:46.619921+00:00, run_after=2023-08-20T17:42:46.619921+00:00
[2023-08-20T17:42:46.648+0000] {processor.py:179} INFO - Processing /home/airflow/.local/lib/python3.8/site-packages/airflow/example_dags/example_latest_only.py took 0.116 seconds
[2023-08-20T17:43:17.057+0000] {processor.py:157} INFO - Started process (PID=662) to work on /home/airflow/.local/lib/python3.8/site-packages/airflow/example_dags/example_latest_only.py
[2023-08-20T17:43:17.059+0000] {processor.py:829} INFO - Processing file /home/airflow/.local/lib/python3.8/site-packages/airflow/example_dags/example_latest_only.py for tasks to queue
[2023-08-20T17:43:17.064+0000] {logging_mixin.py:151} INFO - [2023-08-20T17:43:17.063+0000] {dagbag.py:539} INFO - Filling up the DagBag from /home/airflow/.local/lib/python3.8/site-packages/airflow/example_dags/example_latest_only.py
[2023-08-20T17:43:17.076+0000] {processor.py:839} INFO - DAG(s) dict_keys(['latest_only']) retrieved from /home/airflow/.local/lib/python3.8/site-packages/airflow/example_dags/example_latest_only.py
[2023-08-20T17:43:17.115+0000] {logging_mixin.py:151} INFO - [2023-08-20T17:43:17.115+0000] {dag.py:2907} INFO - Sync 1 DAGs
[2023-08-20T17:43:17.148+0000] {logging_mixin.py:151} INFO - [2023-08-20T17:43:17.148+0000] {dag.py:3677} INFO - Setting next_dagrun for latest_only to 2023-08-20T13:43:17.147946+00:00, run_after=2023-08-20T17:43:17.147946+00:00
[2023-08-20T17:43:17.190+0000] {processor.py:179} INFO - Processing /home/airflow/.local/lib/python3.8/site-packages/airflow/example_dags/example_latest_only.py took 0.142 seconds
[2023-08-20T17:43:47.815+0000] {processor.py:157} INFO - Started process (PID=716) to work on /home/airflow/.local/lib/python3.8/site-packages/airflow/example_dags/example_latest_only.py
[2023-08-20T17:43:47.817+0000] {processor.py:829} INFO - Processing file /home/airflow/.local/lib/python3.8/site-packages/airflow/example_dags/example_latest_only.py for tasks to queue
[2023-08-20T17:43:47.820+0000] {logging_mixin.py:151} INFO - [2023-08-20T17:43:47.819+0000] {dagbag.py:539} INFO - Filling up the DagBag from /home/airflow/.local/lib/python3.8/site-packages/airflow/example_dags/example_latest_only.py
[2023-08-20T17:43:47.827+0000] {processor.py:839} INFO - DAG(s) dict_keys(['latest_only']) retrieved from /home/airflow/.local/lib/python3.8/site-packages/airflow/example_dags/example_latest_only.py
[2023-08-20T17:43:47.853+0000] {logging_mixin.py:151} INFO - [2023-08-20T17:43:47.852+0000] {dag.py:2907} INFO - Sync 1 DAGs
[2023-08-20T17:43:47.884+0000] {logging_mixin.py:151} INFO - [2023-08-20T17:43:47.883+0000] {dag.py:3677} INFO - Setting next_dagrun for latest_only to 2023-08-20T13:43:47.883531+00:00, run_after=2023-08-20T17:43:47.883531+00:00
[2023-08-20T17:43:47.915+0000] {processor.py:179} INFO - Processing /home/airflow/.local/lib/python3.8/site-packages/airflow/example_dags/example_latest_only.py took 0.103 seconds
[2023-08-20T17:44:18.079+0000] {processor.py:157} INFO - Started process (PID=770) to work on /home/airflow/.local/lib/python3.8/site-packages/airflow/example_dags/example_latest_only.py
[2023-08-20T17:44:18.081+0000] {processor.py:829} INFO - Processing file /home/airflow/.local/lib/python3.8/site-packages/airflow/example_dags/example_latest_only.py for tasks to queue
[2023-08-20T17:44:18.085+0000] {logging_mixin.py:151} INFO - [2023-08-20T17:44:18.084+0000] {dagbag.py:539} INFO - Filling up the DagBag from /home/airflow/.local/lib/python3.8/site-packages/airflow/example_dags/example_latest_only.py
[2023-08-20T17:44:18.092+0000] {processor.py:839} INFO - DAG(s) dict_keys(['latest_only']) retrieved from /home/airflow/.local/lib/python3.8/site-packages/airflow/example_dags/example_latest_only.py
[2023-08-20T17:44:18.120+0000] {logging_mixin.py:151} INFO - [2023-08-20T17:44:18.119+0000] {dag.py:2907} INFO - Sync 1 DAGs
[2023-08-20T17:44:18.152+0000] {logging_mixin.py:151} INFO - [2023-08-20T17:44:18.152+0000] {dag.py:3677} INFO - Setting next_dagrun for latest_only to 2023-08-20T13:44:18.151973+00:00, run_after=2023-08-20T17:44:18.151973+00:00
[2023-08-20T17:44:18.186+0000] {processor.py:179} INFO - Processing /home/airflow/.local/lib/python3.8/site-packages/airflow/example_dags/example_latest_only.py took 0.112 seconds
[2023-08-20T17:44:48.626+0000] {processor.py:157} INFO - Started process (PID=824) to work on /home/airflow/.local/lib/python3.8/site-packages/airflow/example_dags/example_latest_only.py
[2023-08-20T17:44:48.628+0000] {processor.py:829} INFO - Processing file /home/airflow/.local/lib/python3.8/site-packages/airflow/example_dags/example_latest_only.py for tasks to queue
[2023-08-20T17:44:48.631+0000] {logging_mixin.py:151} INFO - [2023-08-20T17:44:48.630+0000] {dagbag.py:539} INFO - Filling up the DagBag from /home/airflow/.local/lib/python3.8/site-packages/airflow/example_dags/example_latest_only.py
[2023-08-20T17:44:48.639+0000] {processor.py:839} INFO - DAG(s) dict_keys(['latest_only']) retrieved from /home/airflow/.local/lib/python3.8/site-packages/airflow/example_dags/example_latest_only.py
[2023-08-20T17:44:48.663+0000] {logging_mixin.py:151} INFO - [2023-08-20T17:44:48.662+0000] {dag.py:2907} INFO - Sync 1 DAGs
[2023-08-20T17:44:48.691+0000] {logging_mixin.py:151} INFO - [2023-08-20T17:44:48.691+0000] {dag.py:3677} INFO - Setting next_dagrun for latest_only to 2023-08-20T13:44:48.690881+00:00, run_after=2023-08-20T17:44:48.690881+00:00
[2023-08-20T17:44:48.718+0000] {processor.py:179} INFO - Processing /home/airflow/.local/lib/python3.8/site-packages/airflow/example_dags/example_latest_only.py took 0.097 seconds
[2023-08-20T17:45:19.176+0000] {processor.py:157} INFO - Started process (PID=878) to work on /home/airflow/.local/lib/python3.8/site-packages/airflow/example_dags/example_latest_only.py
[2023-08-20T17:45:19.179+0000] {processor.py:829} INFO - Processing file /home/airflow/.local/lib/python3.8/site-packages/airflow/example_dags/example_latest_only.py for tasks to queue
[2023-08-20T17:45:19.184+0000] {logging_mixin.py:151} INFO - [2023-08-20T17:45:19.183+0000] {dagbag.py:539} INFO - Filling up the DagBag from /home/airflow/.local/lib/python3.8/site-packages/airflow/example_dags/example_latest_only.py
[2023-08-20T17:45:19.194+0000] {processor.py:839} INFO - DAG(s) dict_keys(['latest_only']) retrieved from /home/airflow/.local/lib/python3.8/site-packages/airflow/example_dags/example_latest_only.py
[2023-08-20T17:45:19.228+0000] {logging_mixin.py:151} INFO - [2023-08-20T17:45:19.228+0000] {dag.py:2907} INFO - Sync 1 DAGs
[2023-08-20T17:45:19.256+0000] {logging_mixin.py:151} INFO - [2023-08-20T17:45:19.255+0000] {dag.py:3677} INFO - Setting next_dagrun for latest_only to 2023-08-20T13:45:19.255458+00:00, run_after=2023-08-20T17:45:19.255458+00:00
[2023-08-20T17:45:19.288+0000] {processor.py:179} INFO - Processing /home/airflow/.local/lib/python3.8/site-packages/airflow/example_dags/example_latest_only.py took 0.121 seconds
[2023-08-20T17:45:49.402+0000] {processor.py:157} INFO - Started process (PID=931) to work on /home/airflow/.local/lib/python3.8/site-packages/airflow/example_dags/example_latest_only.py
[2023-08-20T17:45:49.404+0000] {processor.py:829} INFO - Processing file /home/airflow/.local/lib/python3.8/site-packages/airflow/example_dags/example_latest_only.py for tasks to queue
[2023-08-20T17:45:49.407+0000] {logging_mixin.py:151} INFO - [2023-08-20T17:45:49.407+0000] {dagbag.py:539} INFO - Filling up the DagBag from /home/airflow/.local/lib/python3.8/site-packages/airflow/example_dags/example_latest_only.py
[2023-08-20T17:45:49.414+0000] {processor.py:839} INFO - DAG(s) dict_keys(['latest_only']) retrieved from /home/airflow/.local/lib/python3.8/site-packages/airflow/example_dags/example_latest_only.py
[2023-08-20T17:45:49.444+0000] {logging_mixin.py:151} INFO - [2023-08-20T17:45:49.444+0000] {dag.py:2907} INFO - Sync 1 DAGs
[2023-08-20T17:45:49.471+0000] {logging_mixin.py:151} INFO - [2023-08-20T17:45:49.470+0000] {dag.py:3677} INFO - Setting next_dagrun for latest_only to 2023-08-20T13:45:49.470469+00:00, run_after=2023-08-20T17:45:49.470469+00:00
[2023-08-20T17:45:49.495+0000] {processor.py:179} INFO - Processing /home/airflow/.local/lib/python3.8/site-packages/airflow/example_dags/example_latest_only.py took 0.098 seconds
[2023-08-20T17:46:20.245+0000] {processor.py:157} INFO - Started process (PID=985) to work on /home/airflow/.local/lib/python3.8/site-packages/airflow/example_dags/example_latest_only.py
[2023-08-20T17:46:20.247+0000] {processor.py:829} INFO - Processing file /home/airflow/.local/lib/python3.8/site-packages/airflow/example_dags/example_latest_only.py for tasks to queue
[2023-08-20T17:46:20.251+0000] {logging_mixin.py:151} INFO - [2023-08-20T17:46:20.251+0000] {dagbag.py:539} INFO - Filling up the DagBag from /home/airflow/.local/lib/python3.8/site-packages/airflow/example_dags/example_latest_only.py
[2023-08-20T17:46:20.259+0000] {processor.py:839} INFO - DAG(s) dict_keys(['latest_only']) retrieved from /home/airflow/.local/lib/python3.8/site-packages/airflow/example_dags/example_latest_only.py
[2023-08-20T17:46:20.293+0000] {logging_mixin.py:151} INFO - [2023-08-20T17:46:20.293+0000] {dag.py:2907} INFO - Sync 1 DAGs
[2023-08-20T17:46:20.325+0000] {logging_mixin.py:151} INFO - [2023-08-20T17:46:20.324+0000] {dag.py:3677} INFO - Setting next_dagrun for latest_only to 2023-08-20T13:46:20.324459+00:00, run_after=2023-08-20T17:46:20.324459+00:00
[2023-08-20T17:46:20.354+0000] {processor.py:179} INFO - Processing /home/airflow/.local/lib/python3.8/site-packages/airflow/example_dags/example_latest_only.py took 0.113 seconds
[2023-08-20T17:46:51.055+0000] {processor.py:157} INFO - Started process (PID=1039) to work on /home/airflow/.local/lib/python3.8/site-packages/airflow/example_dags/example_latest_only.py
[2023-08-20T17:46:51.057+0000] {processor.py:829} INFO - Processing file /home/airflow/.local/lib/python3.8/site-packages/airflow/example_dags/example_latest_only.py for tasks to queue
[2023-08-20T17:46:51.060+0000] {logging_mixin.py:151} INFO - [2023-08-20T17:46:51.060+0000] {dagbag.py:539} INFO - Filling up the DagBag from /home/airflow/.local/lib/python3.8/site-packages/airflow/example_dags/example_latest_only.py
[2023-08-20T17:46:51.068+0000] {processor.py:839} INFO - DAG(s) dict_keys(['latest_only']) retrieved from /home/airflow/.local/lib/python3.8/site-packages/airflow/example_dags/example_latest_only.py
[2023-08-20T17:46:51.099+0000] {logging_mixin.py:151} INFO - [2023-08-20T17:46:51.098+0000] {dag.py:2907} INFO - Sync 1 DAGs
[2023-08-20T17:46:51.127+0000] {logging_mixin.py:151} INFO - [2023-08-20T17:46:51.126+0000] {dag.py:3677} INFO - Setting next_dagrun for latest_only to 2023-08-20T13:46:51.126588+00:00, run_after=2023-08-20T17:46:51.126588+00:00
[2023-08-20T17:46:51.155+0000] {processor.py:179} INFO - Processing /home/airflow/.local/lib/python3.8/site-packages/airflow/example_dags/example_latest_only.py took 0.105 seconds
