[2023-08-20 11:40:23,422] {scheduler_job.py:182} INFO - Started process (PID=54) to work on /home/airflow/.local/lib/python3.6/site-packages/airflow/example_dags/example_xcomargs.py
[2023-08-20 11:40:23,423] {scheduler_job.py:629} INFO - Processing file /home/airflow/.local/lib/python3.6/site-packages/airflow/example_dags/example_xcomargs.py for tasks to queue
[2023-08-20 11:40:23,425] {logging_mixin.py:104} INFO - [2023-08-20 11:40:23,425] {dagbag.py:451} INFO - Filling up the DagBag from /home/airflow/.local/lib/python3.6/site-packages/airflow/example_dags/example_xcomargs.py
[2023-08-20 11:40:23,447] {scheduler_job.py:639} INFO - DAG(s) dict_keys(['example_xcom_args', 'example_xcom_args_with_operators']) retrieved from /home/airflow/.local/lib/python3.6/site-packages/airflow/example_dags/example_xcomargs.py
[2023-08-20 11:40:23,498] {logging_mixin.py:104} INFO - [2023-08-20 11:40:23,498] {dag.py:1824} INFO - Sync 2 DAGs
[2023-08-20 11:40:23,509] {logging_mixin.py:104} INFO - [2023-08-20 11:40:23,509] {dag.py:1843} INFO - Creating ORM DAG for example_xcom_args_with_operators
[2023-08-20 11:40:23,511] {logging_mixin.py:104} INFO - [2023-08-20 11:40:23,511] {dag.py:1843} INFO - Creating ORM DAG for example_xcom_args
[2023-08-20 11:40:23,519] {logging_mixin.py:104} INFO - [2023-08-20 11:40:23,519] {dag.py:2280} INFO - Setting next_dagrun for example_xcom_args to None
[2023-08-20 11:40:23,521] {logging_mixin.py:104} INFO - [2023-08-20 11:40:23,521] {dag.py:2280} INFO - Setting next_dagrun for example_xcom_args_with_operators to None
[2023-08-20 11:40:23,542] {scheduler_job.py:190} INFO - Processing /home/airflow/.local/lib/python3.6/site-packages/airflow/example_dags/example_xcomargs.py took 0.124 seconds
[2023-08-20 11:40:54,253] {scheduler_job.py:182} INFO - Started process (PID=83) to work on /home/airflow/.local/lib/python3.6/site-packages/airflow/example_dags/example_xcomargs.py
[2023-08-20 11:40:54,255] {scheduler_job.py:629} INFO - Processing file /home/airflow/.local/lib/python3.6/site-packages/airflow/example_dags/example_xcomargs.py for tasks to queue
[2023-08-20 11:40:54,257] {logging_mixin.py:104} INFO - [2023-08-20 11:40:54,256] {dagbag.py:451} INFO - Filling up the DagBag from /home/airflow/.local/lib/python3.6/site-packages/airflow/example_dags/example_xcomargs.py
[2023-08-20 11:40:54,273] {scheduler_job.py:639} INFO - DAG(s) dict_keys(['example_xcom_args', 'example_xcom_args_with_operators']) retrieved from /home/airflow/.local/lib/python3.6/site-packages/airflow/example_dags/example_xcomargs.py
[2023-08-20 11:40:54,320] {logging_mixin.py:104} INFO - [2023-08-20 11:40:54,319] {dag.py:1824} INFO - Sync 2 DAGs
[2023-08-20 11:40:54,344] {logging_mixin.py:104} INFO - [2023-08-20 11:40:54,343] {dag.py:2280} INFO - Setting next_dagrun for example_xcom_args to None
[2023-08-20 11:40:54,346] {logging_mixin.py:104} INFO - [2023-08-20 11:40:54,346] {dag.py:2280} INFO - Setting next_dagrun for example_xcom_args_with_operators to None
[2023-08-20 11:40:54,370] {scheduler_job.py:190} INFO - Processing /home/airflow/.local/lib/python3.6/site-packages/airflow/example_dags/example_xcomargs.py took 0.120 seconds
[2023-08-20 11:41:25,920] {scheduler_job.py:182} INFO - Started process (PID=115) to work on /home/airflow/.local/lib/python3.6/site-packages/airflow/example_dags/example_xcomargs.py
[2023-08-20 11:41:25,922] {scheduler_job.py:629} INFO - Processing file /home/airflow/.local/lib/python3.6/site-packages/airflow/example_dags/example_xcomargs.py for tasks to queue
[2023-08-20 11:41:25,924] {logging_mixin.py:104} INFO - [2023-08-20 11:41:25,924] {dagbag.py:451} INFO - Filling up the DagBag from /home/airflow/.local/lib/python3.6/site-packages/airflow/example_dags/example_xcomargs.py
[2023-08-20 11:41:25,941] {scheduler_job.py:639} INFO - DAG(s) dict_keys(['example_xcom_args', 'example_xcom_args_with_operators']) retrieved from /home/airflow/.local/lib/python3.6/site-packages/airflow/example_dags/example_xcomargs.py
[2023-08-20 11:41:25,969] {logging_mixin.py:104} INFO - [2023-08-20 11:41:25,969] {dag.py:1824} INFO - Sync 2 DAGs
[2023-08-20 11:41:25,983] {logging_mixin.py:104} INFO - [2023-08-20 11:41:25,983] {dag.py:2280} INFO - Setting next_dagrun for example_xcom_args to None
[2023-08-20 11:41:25,985] {logging_mixin.py:104} INFO - [2023-08-20 11:41:25,985] {dag.py:2280} INFO - Setting next_dagrun for example_xcom_args_with_operators to None
[2023-08-20 11:41:26,000] {scheduler_job.py:190} INFO - Processing /home/airflow/.local/lib/python3.6/site-packages/airflow/example_dags/example_xcomargs.py took 0.084 seconds
[2023-08-20 11:41:56,144] {scheduler_job.py:182} INFO - Started process (PID=141) to work on /home/airflow/.local/lib/python3.6/site-packages/airflow/example_dags/example_xcomargs.py
[2023-08-20 11:41:56,147] {scheduler_job.py:629} INFO - Processing file /home/airflow/.local/lib/python3.6/site-packages/airflow/example_dags/example_xcomargs.py for tasks to queue
[2023-08-20 11:41:56,148] {logging_mixin.py:104} INFO - [2023-08-20 11:41:56,148] {dagbag.py:451} INFO - Filling up the DagBag from /home/airflow/.local/lib/python3.6/site-packages/airflow/example_dags/example_xcomargs.py
[2023-08-20 11:41:56,165] {scheduler_job.py:639} INFO - DAG(s) dict_keys(['example_xcom_args', 'example_xcom_args_with_operators']) retrieved from /home/airflow/.local/lib/python3.6/site-packages/airflow/example_dags/example_xcomargs.py
[2023-08-20 11:41:56,201] {logging_mixin.py:104} INFO - [2023-08-20 11:41:56,201] {dag.py:1824} INFO - Sync 2 DAGs
[2023-08-20 11:41:56,219] {logging_mixin.py:104} INFO - [2023-08-20 11:41:56,219] {dag.py:2280} INFO - Setting next_dagrun for example_xcom_args to None
[2023-08-20 11:41:56,221] {logging_mixin.py:104} INFO - [2023-08-20 11:41:56,220] {dag.py:2280} INFO - Setting next_dagrun for example_xcom_args_with_operators to None
[2023-08-20 11:41:56,239] {scheduler_job.py:190} INFO - Processing /home/airflow/.local/lib/python3.6/site-packages/airflow/example_dags/example_xcomargs.py took 0.099 seconds
[2023-08-20 11:42:26,571] {scheduler_job.py:182} INFO - Started process (PID=167) to work on /home/airflow/.local/lib/python3.6/site-packages/airflow/example_dags/example_xcomargs.py
[2023-08-20 11:42:26,573] {scheduler_job.py:629} INFO - Processing file /home/airflow/.local/lib/python3.6/site-packages/airflow/example_dags/example_xcomargs.py for tasks to queue
[2023-08-20 11:42:26,574] {logging_mixin.py:104} INFO - [2023-08-20 11:42:26,574] {dagbag.py:451} INFO - Filling up the DagBag from /home/airflow/.local/lib/python3.6/site-packages/airflow/example_dags/example_xcomargs.py
[2023-08-20 11:42:26,595] {scheduler_job.py:639} INFO - DAG(s) dict_keys(['example_xcom_args', 'example_xcom_args_with_operators']) retrieved from /home/airflow/.local/lib/python3.6/site-packages/airflow/example_dags/example_xcomargs.py
[2023-08-20 11:42:26,641] {logging_mixin.py:104} INFO - [2023-08-20 11:42:26,641] {dag.py:1824} INFO - Sync 2 DAGs
[2023-08-20 11:42:26,663] {logging_mixin.py:104} INFO - [2023-08-20 11:42:26,662] {dag.py:2280} INFO - Setting next_dagrun for example_xcom_args to None
[2023-08-20 11:42:26,665] {logging_mixin.py:104} INFO - [2023-08-20 11:42:26,665] {dag.py:2280} INFO - Setting next_dagrun for example_xcom_args_with_operators to None
[2023-08-20 11:42:26,703] {scheduler_job.py:190} INFO - Processing /home/airflow/.local/lib/python3.6/site-packages/airflow/example_dags/example_xcomargs.py took 0.138 seconds
[2023-08-20 11:42:57,608] {scheduler_job.py:182} INFO - Started process (PID=197) to work on /home/airflow/.local/lib/python3.6/site-packages/airflow/example_dags/example_xcomargs.py
[2023-08-20 11:42:57,610] {scheduler_job.py:629} INFO - Processing file /home/airflow/.local/lib/python3.6/site-packages/airflow/example_dags/example_xcomargs.py for tasks to queue
[2023-08-20 11:42:57,612] {logging_mixin.py:104} INFO - [2023-08-20 11:42:57,612] {dagbag.py:451} INFO - Filling up the DagBag from /home/airflow/.local/lib/python3.6/site-packages/airflow/example_dags/example_xcomargs.py
[2023-08-20 11:42:57,630] {scheduler_job.py:639} INFO - DAG(s) dict_keys(['example_xcom_args', 'example_xcom_args_with_operators']) retrieved from /home/airflow/.local/lib/python3.6/site-packages/airflow/example_dags/example_xcomargs.py
[2023-08-20 11:42:57,664] {logging_mixin.py:104} INFO - [2023-08-20 11:42:57,663] {dag.py:1824} INFO - Sync 2 DAGs
[2023-08-20 11:42:57,681] {logging_mixin.py:104} INFO - [2023-08-20 11:42:57,681] {dag.py:2280} INFO - Setting next_dagrun for example_xcom_args to None
[2023-08-20 11:42:57,683] {logging_mixin.py:104} INFO - [2023-08-20 11:42:57,683] {dag.py:2280} INFO - Setting next_dagrun for example_xcom_args_with_operators to None
[2023-08-20 11:42:57,702] {scheduler_job.py:190} INFO - Processing /home/airflow/.local/lib/python3.6/site-packages/airflow/example_dags/example_xcomargs.py took 0.097 seconds
[2023-08-20 11:43:28,187] {scheduler_job.py:182} INFO - Started process (PID=220) to work on /home/airflow/.local/lib/python3.6/site-packages/airflow/example_dags/example_xcomargs.py
[2023-08-20 11:43:28,193] {scheduler_job.py:629} INFO - Processing file /home/airflow/.local/lib/python3.6/site-packages/airflow/example_dags/example_xcomargs.py for tasks to queue
[2023-08-20 11:43:28,197] {logging_mixin.py:104} INFO - [2023-08-20 11:43:28,196] {dagbag.py:451} INFO - Filling up the DagBag from /home/airflow/.local/lib/python3.6/site-packages/airflow/example_dags/example_xcomargs.py
[2023-08-20 11:43:28,246] {scheduler_job.py:639} INFO - DAG(s) dict_keys(['example_xcom_args', 'example_xcom_args_with_operators']) retrieved from /home/airflow/.local/lib/python3.6/site-packages/airflow/example_dags/example_xcomargs.py
[2023-08-20 11:43:28,346] {logging_mixin.py:104} INFO - [2023-08-20 11:43:28,346] {dag.py:1824} INFO - Sync 2 DAGs
[2023-08-20 11:43:28,366] {logging_mixin.py:104} INFO - [2023-08-20 11:43:28,366] {dag.py:2280} INFO - Setting next_dagrun for example_xcom_args to None
[2023-08-20 11:43:28,371] {logging_mixin.py:104} INFO - [2023-08-20 11:43:28,371] {dag.py:2280} INFO - Setting next_dagrun for example_xcom_args_with_operators to None
[2023-08-20 11:43:28,393] {scheduler_job.py:190} INFO - Processing /home/airflow/.local/lib/python3.6/site-packages/airflow/example_dags/example_xcomargs.py took 0.216 seconds
[2023-08-20 11:43:59,027] {scheduler_job.py:182} INFO - Started process (PID=248) to work on /home/airflow/.local/lib/python3.6/site-packages/airflow/example_dags/example_xcomargs.py
[2023-08-20 11:43:59,029] {scheduler_job.py:629} INFO - Processing file /home/airflow/.local/lib/python3.6/site-packages/airflow/example_dags/example_xcomargs.py for tasks to queue
[2023-08-20 11:43:59,032] {logging_mixin.py:104} INFO - [2023-08-20 11:43:59,031] {dagbag.py:451} INFO - Filling up the DagBag from /home/airflow/.local/lib/python3.6/site-packages/airflow/example_dags/example_xcomargs.py
[2023-08-20 11:43:59,052] {scheduler_job.py:639} INFO - DAG(s) dict_keys(['example_xcom_args', 'example_xcom_args_with_operators']) retrieved from /home/airflow/.local/lib/python3.6/site-packages/airflow/example_dags/example_xcomargs.py
[2023-08-20 11:43:59,100] {logging_mixin.py:104} INFO - [2023-08-20 11:43:59,100] {dag.py:1824} INFO - Sync 2 DAGs
[2023-08-20 11:43:59,123] {logging_mixin.py:104} INFO - [2023-08-20 11:43:59,123] {dag.py:2280} INFO - Setting next_dagrun for example_xcom_args to None
[2023-08-20 11:43:59,126] {logging_mixin.py:104} INFO - [2023-08-20 11:43:59,126] {dag.py:2280} INFO - Setting next_dagrun for example_xcom_args_with_operators to None
[2023-08-20 11:43:59,150] {scheduler_job.py:190} INFO - Processing /home/airflow/.local/lib/python3.6/site-packages/airflow/example_dags/example_xcomargs.py took 0.128 seconds
[2023-08-20 11:44:30,053] {scheduler_job.py:182} INFO - Started process (PID=275) to work on /home/airflow/.local/lib/python3.6/site-packages/airflow/example_dags/example_xcomargs.py
[2023-08-20 11:44:30,055] {scheduler_job.py:629} INFO - Processing file /home/airflow/.local/lib/python3.6/site-packages/airflow/example_dags/example_xcomargs.py for tasks to queue
[2023-08-20 11:44:30,057] {logging_mixin.py:104} INFO - [2023-08-20 11:44:30,057] {dagbag.py:451} INFO - Filling up the DagBag from /home/airflow/.local/lib/python3.6/site-packages/airflow/example_dags/example_xcomargs.py
[2023-08-20 11:44:30,081] {scheduler_job.py:639} INFO - DAG(s) dict_keys(['example_xcom_args', 'example_xcom_args_with_operators']) retrieved from /home/airflow/.local/lib/python3.6/site-packages/airflow/example_dags/example_xcomargs.py
[2023-08-20 11:44:30,113] {logging_mixin.py:104} INFO - [2023-08-20 11:44:30,112] {dag.py:1824} INFO - Sync 2 DAGs
[2023-08-20 11:44:30,128] {logging_mixin.py:104} INFO - [2023-08-20 11:44:30,128] {dag.py:2280} INFO - Setting next_dagrun for example_xcom_args to None
[2023-08-20 11:44:30,130] {logging_mixin.py:104} INFO - [2023-08-20 11:44:30,129] {dag.py:2280} INFO - Setting next_dagrun for example_xcom_args_with_operators to None
[2023-08-20 11:44:30,148] {scheduler_job.py:190} INFO - Processing /home/airflow/.local/lib/python3.6/site-packages/airflow/example_dags/example_xcomargs.py took 0.101 seconds
[2023-08-20 11:45:00,697] {scheduler_job.py:182} INFO - Started process (PID=301) to work on /home/airflow/.local/lib/python3.6/site-packages/airflow/example_dags/example_xcomargs.py
[2023-08-20 11:45:00,700] {scheduler_job.py:629} INFO - Processing file /home/airflow/.local/lib/python3.6/site-packages/airflow/example_dags/example_xcomargs.py for tasks to queue
[2023-08-20 11:45:00,703] {logging_mixin.py:104} INFO - [2023-08-20 11:45:00,702] {dagbag.py:451} INFO - Filling up the DagBag from /home/airflow/.local/lib/python3.6/site-packages/airflow/example_dags/example_xcomargs.py
[2023-08-20 11:45:00,730] {scheduler_job.py:639} INFO - DAG(s) dict_keys(['example_xcom_args', 'example_xcom_args_with_operators']) retrieved from /home/airflow/.local/lib/python3.6/site-packages/airflow/example_dags/example_xcomargs.py
[2023-08-20 11:45:00,783] {logging_mixin.py:104} INFO - [2023-08-20 11:45:00,783] {dag.py:1824} INFO - Sync 2 DAGs
[2023-08-20 11:45:00,810] {logging_mixin.py:104} INFO - [2023-08-20 11:45:00,810] {dag.py:2280} INFO - Setting next_dagrun for example_xcom_args to None
[2023-08-20 11:45:00,812] {logging_mixin.py:104} INFO - [2023-08-20 11:45:00,812] {dag.py:2280} INFO - Setting next_dagrun for example_xcom_args_with_operators to None
[2023-08-20 11:45:00,840] {scheduler_job.py:190} INFO - Processing /home/airflow/.local/lib/python3.6/site-packages/airflow/example_dags/example_xcomargs.py took 0.150 seconds
[2023-08-20 11:45:30,964] {scheduler_job.py:182} INFO - Started process (PID=327) to work on /home/airflow/.local/lib/python3.6/site-packages/airflow/example_dags/example_xcomargs.py
[2023-08-20 11:45:30,965] {scheduler_job.py:629} INFO - Processing file /home/airflow/.local/lib/python3.6/site-packages/airflow/example_dags/example_xcomargs.py for tasks to queue
[2023-08-20 11:45:30,967] {logging_mixin.py:104} INFO - [2023-08-20 11:45:30,966] {dagbag.py:451} INFO - Filling up the DagBag from /home/airflow/.local/lib/python3.6/site-packages/airflow/example_dags/example_xcomargs.py
[2023-08-20 11:45:30,986] {scheduler_job.py:639} INFO - DAG(s) dict_keys(['example_xcom_args', 'example_xcom_args_with_operators']) retrieved from /home/airflow/.local/lib/python3.6/site-packages/airflow/example_dags/example_xcomargs.py
[2023-08-20 11:45:31,017] {logging_mixin.py:104} INFO - [2023-08-20 11:45:31,017] {dag.py:1824} INFO - Sync 2 DAGs
[2023-08-20 11:45:31,036] {logging_mixin.py:104} INFO - [2023-08-20 11:45:31,036] {dag.py:2280} INFO - Setting next_dagrun for example_xcom_args to None
[2023-08-20 11:45:31,037] {logging_mixin.py:104} INFO - [2023-08-20 11:45:31,037] {dag.py:2280} INFO - Setting next_dagrun for example_xcom_args_with_operators to None
[2023-08-20 11:45:31,052] {scheduler_job.py:190} INFO - Processing /home/airflow/.local/lib/python3.6/site-packages/airflow/example_dags/example_xcomargs.py took 0.091 seconds
[2023-08-20 11:46:01,146] {scheduler_job.py:182} INFO - Started process (PID=353) to work on /home/airflow/.local/lib/python3.6/site-packages/airflow/example_dags/example_xcomargs.py
[2023-08-20 11:46:01,148] {scheduler_job.py:629} INFO - Processing file /home/airflow/.local/lib/python3.6/site-packages/airflow/example_dags/example_xcomargs.py for tasks to queue
[2023-08-20 11:46:01,149] {logging_mixin.py:104} INFO - [2023-08-20 11:46:01,149] {dagbag.py:451} INFO - Filling up the DagBag from /home/airflow/.local/lib/python3.6/site-packages/airflow/example_dags/example_xcomargs.py
[2023-08-20 11:46:01,168] {scheduler_job.py:639} INFO - DAG(s) dict_keys(['example_xcom_args', 'example_xcom_args_with_operators']) retrieved from /home/airflow/.local/lib/python3.6/site-packages/airflow/example_dags/example_xcomargs.py
[2023-08-20 11:46:01,197] {logging_mixin.py:104} INFO - [2023-08-20 11:46:01,197] {dag.py:1824} INFO - Sync 2 DAGs
[2023-08-20 11:46:01,212] {logging_mixin.py:104} INFO - [2023-08-20 11:46:01,212] {dag.py:2280} INFO - Setting next_dagrun for example_xcom_args to None
[2023-08-20 11:46:01,214] {logging_mixin.py:104} INFO - [2023-08-20 11:46:01,214] {dag.py:2280} INFO - Setting next_dagrun for example_xcom_args_with_operators to None
[2023-08-20 11:46:01,231] {scheduler_job.py:190} INFO - Processing /home/airflow/.local/lib/python3.6/site-packages/airflow/example_dags/example_xcomargs.py took 0.088 seconds
[2023-08-20 11:46:32,033] {scheduler_job.py:182} INFO - Started process (PID=379) to work on /home/airflow/.local/lib/python3.6/site-packages/airflow/example_dags/example_xcomargs.py
[2023-08-20 11:46:32,036] {scheduler_job.py:629} INFO - Processing file /home/airflow/.local/lib/python3.6/site-packages/airflow/example_dags/example_xcomargs.py for tasks to queue
[2023-08-20 11:46:32,037] {logging_mixin.py:104} INFO - [2023-08-20 11:46:32,037] {dagbag.py:451} INFO - Filling up the DagBag from /home/airflow/.local/lib/python3.6/site-packages/airflow/example_dags/example_xcomargs.py
[2023-08-20 11:46:32,065] {scheduler_job.py:639} INFO - DAG(s) dict_keys(['example_xcom_args', 'example_xcom_args_with_operators']) retrieved from /home/airflow/.local/lib/python3.6/site-packages/airflow/example_dags/example_xcomargs.py
[2023-08-20 11:46:32,110] {logging_mixin.py:104} INFO - [2023-08-20 11:46:32,110] {dag.py:1824} INFO - Sync 2 DAGs
[2023-08-20 11:46:32,154] {logging_mixin.py:104} INFO - [2023-08-20 11:46:32,154] {dag.py:2280} INFO - Setting next_dagrun for example_xcom_args to None
[2023-08-20 11:46:32,156] {logging_mixin.py:104} INFO - [2023-08-20 11:46:32,155] {dag.py:2280} INFO - Setting next_dagrun for example_xcom_args_with_operators to None
[2023-08-20 11:46:32,171] {scheduler_job.py:190} INFO - Processing /home/airflow/.local/lib/python3.6/site-packages/airflow/example_dags/example_xcomargs.py took 0.145 seconds
[2023-08-20 11:47:02,782] {scheduler_job.py:182} INFO - Started process (PID=405) to work on /home/airflow/.local/lib/python3.6/site-packages/airflow/example_dags/example_xcomargs.py
[2023-08-20 11:47:02,784] {scheduler_job.py:629} INFO - Processing file /home/airflow/.local/lib/python3.6/site-packages/airflow/example_dags/example_xcomargs.py for tasks to queue
[2023-08-20 11:47:02,785] {logging_mixin.py:104} INFO - [2023-08-20 11:47:02,785] {dagbag.py:451} INFO - Filling up the DagBag from /home/airflow/.local/lib/python3.6/site-packages/airflow/example_dags/example_xcomargs.py
[2023-08-20 11:47:02,809] {scheduler_job.py:639} INFO - DAG(s) dict_keys(['example_xcom_args', 'example_xcom_args_with_operators']) retrieved from /home/airflow/.local/lib/python3.6/site-packages/airflow/example_dags/example_xcomargs.py
[2023-08-20 11:47:02,856] {logging_mixin.py:104} INFO - [2023-08-20 11:47:02,856] {dag.py:1824} INFO - Sync 2 DAGs
[2023-08-20 11:47:02,875] {logging_mixin.py:104} INFO - [2023-08-20 11:47:02,875] {dag.py:2280} INFO - Setting next_dagrun for example_xcom_args to None
[2023-08-20 11:47:02,878] {logging_mixin.py:104} INFO - [2023-08-20 11:47:02,878] {dag.py:2280} INFO - Setting next_dagrun for example_xcom_args_with_operators to None
[2023-08-20 11:47:02,898] {scheduler_job.py:190} INFO - Processing /home/airflow/.local/lib/python3.6/site-packages/airflow/example_dags/example_xcomargs.py took 0.119 seconds
[2023-08-20 11:47:33,860] {scheduler_job.py:182} INFO - Started process (PID=431) to work on /home/airflow/.local/lib/python3.6/site-packages/airflow/example_dags/example_xcomargs.py
[2023-08-20 11:47:33,866] {scheduler_job.py:629} INFO - Processing file /home/airflow/.local/lib/python3.6/site-packages/airflow/example_dags/example_xcomargs.py for tasks to queue
[2023-08-20 11:47:33,868] {logging_mixin.py:104} INFO - [2023-08-20 11:47:33,868] {dagbag.py:451} INFO - Filling up the DagBag from /home/airflow/.local/lib/python3.6/site-packages/airflow/example_dags/example_xcomargs.py
[2023-08-20 11:47:33,884] {scheduler_job.py:639} INFO - DAG(s) dict_keys(['example_xcom_args', 'example_xcom_args_with_operators']) retrieved from /home/airflow/.local/lib/python3.6/site-packages/airflow/example_dags/example_xcomargs.py
[2023-08-20 11:47:33,916] {logging_mixin.py:104} INFO - [2023-08-20 11:47:33,916] {dag.py:1824} INFO - Sync 2 DAGs
[2023-08-20 11:47:33,936] {logging_mixin.py:104} INFO - [2023-08-20 11:47:33,935] {dag.py:2280} INFO - Setting next_dagrun for example_xcom_args to None
[2023-08-20 11:47:33,937] {logging_mixin.py:104} INFO - [2023-08-20 11:47:33,937] {dag.py:2280} INFO - Setting next_dagrun for example_xcom_args_with_operators to None
[2023-08-20 11:47:33,952] {scheduler_job.py:190} INFO - Processing /home/airflow/.local/lib/python3.6/site-packages/airflow/example_dags/example_xcomargs.py took 0.095 seconds
[2023-08-20 11:48:04,473] {scheduler_job.py:182} INFO - Started process (PID=457) to work on /home/airflow/.local/lib/python3.6/site-packages/airflow/example_dags/example_xcomargs.py
[2023-08-20 11:48:04,475] {scheduler_job.py:629} INFO - Processing file /home/airflow/.local/lib/python3.6/site-packages/airflow/example_dags/example_xcomargs.py for tasks to queue
[2023-08-20 11:48:04,478] {logging_mixin.py:104} INFO - [2023-08-20 11:48:04,477] {dagbag.py:451} INFO - Filling up the DagBag from /home/airflow/.local/lib/python3.6/site-packages/airflow/example_dags/example_xcomargs.py
[2023-08-20 11:48:04,513] {scheduler_job.py:639} INFO - DAG(s) dict_keys(['example_xcom_args', 'example_xcom_args_with_operators']) retrieved from /home/airflow/.local/lib/python3.6/site-packages/airflow/example_dags/example_xcomargs.py
[2023-08-20 11:48:04,553] {logging_mixin.py:104} INFO - [2023-08-20 11:48:04,553] {dag.py:1824} INFO - Sync 2 DAGs
[2023-08-20 11:48:04,573] {logging_mixin.py:104} INFO - [2023-08-20 11:48:04,573] {dag.py:2280} INFO - Setting next_dagrun for example_xcom_args to None
[2023-08-20 11:48:04,575] {logging_mixin.py:104} INFO - [2023-08-20 11:48:04,575] {dag.py:2280} INFO - Setting next_dagrun for example_xcom_args_with_operators to None
[2023-08-20 11:48:04,603] {scheduler_job.py:190} INFO - Processing /home/airflow/.local/lib/python3.6/site-packages/airflow/example_dags/example_xcomargs.py took 0.134 seconds
[2023-08-20 11:48:35,316] {scheduler_job.py:182} INFO - Started process (PID=483) to work on /home/airflow/.local/lib/python3.6/site-packages/airflow/example_dags/example_xcomargs.py
[2023-08-20 11:48:35,318] {scheduler_job.py:629} INFO - Processing file /home/airflow/.local/lib/python3.6/site-packages/airflow/example_dags/example_xcomargs.py for tasks to queue
[2023-08-20 11:48:35,321] {logging_mixin.py:104} INFO - [2023-08-20 11:48:35,320] {dagbag.py:451} INFO - Filling up the DagBag from /home/airflow/.local/lib/python3.6/site-packages/airflow/example_dags/example_xcomargs.py
[2023-08-20 11:48:35,338] {scheduler_job.py:639} INFO - DAG(s) dict_keys(['example_xcom_args', 'example_xcom_args_with_operators']) retrieved from /home/airflow/.local/lib/python3.6/site-packages/airflow/example_dags/example_xcomargs.py
[2023-08-20 11:48:35,368] {logging_mixin.py:104} INFO - [2023-08-20 11:48:35,368] {dag.py:1824} INFO - Sync 2 DAGs
[2023-08-20 11:48:35,388] {logging_mixin.py:104} INFO - [2023-08-20 11:48:35,388] {dag.py:2280} INFO - Setting next_dagrun for example_xcom_args to None
[2023-08-20 11:48:35,390] {logging_mixin.py:104} INFO - [2023-08-20 11:48:35,390] {dag.py:2280} INFO - Setting next_dagrun for example_xcom_args_with_operators to None
[2023-08-20 11:48:35,403] {scheduler_job.py:190} INFO - Processing /home/airflow/.local/lib/python3.6/site-packages/airflow/example_dags/example_xcomargs.py took 0.090 seconds
[2023-08-20 11:49:05,871] {scheduler_job.py:182} INFO - Started process (PID=509) to work on /home/airflow/.local/lib/python3.6/site-packages/airflow/example_dags/example_xcomargs.py
[2023-08-20 11:49:05,873] {scheduler_job.py:629} INFO - Processing file /home/airflow/.local/lib/python3.6/site-packages/airflow/example_dags/example_xcomargs.py for tasks to queue
[2023-08-20 11:49:05,874] {logging_mixin.py:104} INFO - [2023-08-20 11:49:05,874] {dagbag.py:451} INFO - Filling up the DagBag from /home/airflow/.local/lib/python3.6/site-packages/airflow/example_dags/example_xcomargs.py
[2023-08-20 11:49:05,891] {scheduler_job.py:639} INFO - DAG(s) dict_keys(['example_xcom_args', 'example_xcom_args_with_operators']) retrieved from /home/airflow/.local/lib/python3.6/site-packages/airflow/example_dags/example_xcomargs.py
[2023-08-20 11:49:06,022] {logging_mixin.py:104} INFO - [2023-08-20 11:49:06,021] {dag.py:1824} INFO - Sync 2 DAGs
[2023-08-20 11:49:06,041] {logging_mixin.py:104} INFO - [2023-08-20 11:49:06,041] {dag.py:2280} INFO - Setting next_dagrun for example_xcom_args to None
[2023-08-20 11:49:06,043] {logging_mixin.py:104} INFO - [2023-08-20 11:49:06,043] {dag.py:2280} INFO - Setting next_dagrun for example_xcom_args_with_operators to None
[2023-08-20 11:49:06,058] {scheduler_job.py:190} INFO - Processing /home/airflow/.local/lib/python3.6/site-packages/airflow/example_dags/example_xcomargs.py took 0.191 seconds
[2023-08-20 11:49:36,653] {scheduler_job.py:182} INFO - Started process (PID=535) to work on /home/airflow/.local/lib/python3.6/site-packages/airflow/example_dags/example_xcomargs.py
[2023-08-20 11:49:36,654] {scheduler_job.py:629} INFO - Processing file /home/airflow/.local/lib/python3.6/site-packages/airflow/example_dags/example_xcomargs.py for tasks to queue
[2023-08-20 11:49:36,656] {logging_mixin.py:104} INFO - [2023-08-20 11:49:36,656] {dagbag.py:451} INFO - Filling up the DagBag from /home/airflow/.local/lib/python3.6/site-packages/airflow/example_dags/example_xcomargs.py
[2023-08-20 11:49:36,672] {scheduler_job.py:639} INFO - DAG(s) dict_keys(['example_xcom_args', 'example_xcom_args_with_operators']) retrieved from /home/airflow/.local/lib/python3.6/site-packages/airflow/example_dags/example_xcomargs.py
[2023-08-20 11:49:36,716] {logging_mixin.py:104} INFO - [2023-08-20 11:49:36,716] {dag.py:1824} INFO - Sync 2 DAGs
[2023-08-20 11:49:36,735] {logging_mixin.py:104} INFO - [2023-08-20 11:49:36,735] {dag.py:2280} INFO - Setting next_dagrun for example_xcom_args to None
[2023-08-20 11:49:36,737] {logging_mixin.py:104} INFO - [2023-08-20 11:49:36,737] {dag.py:2280} INFO - Setting next_dagrun for example_xcom_args_with_operators to None
[2023-08-20 11:49:36,751] {scheduler_job.py:190} INFO - Processing /home/airflow/.local/lib/python3.6/site-packages/airflow/example_dags/example_xcomargs.py took 0.102 seconds
[2023-08-20 11:50:07,242] {scheduler_job.py:182} INFO - Started process (PID=561) to work on /home/airflow/.local/lib/python3.6/site-packages/airflow/example_dags/example_xcomargs.py
[2023-08-20 11:50:07,244] {scheduler_job.py:629} INFO - Processing file /home/airflow/.local/lib/python3.6/site-packages/airflow/example_dags/example_xcomargs.py for tasks to queue
[2023-08-20 11:50:07,246] {logging_mixin.py:104} INFO - [2023-08-20 11:50:07,245] {dagbag.py:451} INFO - Filling up the DagBag from /home/airflow/.local/lib/python3.6/site-packages/airflow/example_dags/example_xcomargs.py
[2023-08-20 11:50:07,272] {scheduler_job.py:639} INFO - DAG(s) dict_keys(['example_xcom_args', 'example_xcom_args_with_operators']) retrieved from /home/airflow/.local/lib/python3.6/site-packages/airflow/example_dags/example_xcomargs.py
[2023-08-20 11:50:07,303] {logging_mixin.py:104} INFO - [2023-08-20 11:50:07,302] {dag.py:1824} INFO - Sync 2 DAGs
[2023-08-20 11:50:07,323] {logging_mixin.py:104} INFO - [2023-08-20 11:50:07,323] {dag.py:2280} INFO - Setting next_dagrun for example_xcom_args to None
[2023-08-20 11:50:07,325] {logging_mixin.py:104} INFO - [2023-08-20 11:50:07,325] {dag.py:2280} INFO - Setting next_dagrun for example_xcom_args_with_operators to None
[2023-08-20 11:50:07,345] {scheduler_job.py:190} INFO - Processing /home/airflow/.local/lib/python3.6/site-packages/airflow/example_dags/example_xcomargs.py took 0.109 seconds
[2023-08-20 11:50:37,891] {scheduler_job.py:182} INFO - Started process (PID=587) to work on /home/airflow/.local/lib/python3.6/site-packages/airflow/example_dags/example_xcomargs.py
[2023-08-20 11:50:37,893] {scheduler_job.py:629} INFO - Processing file /home/airflow/.local/lib/python3.6/site-packages/airflow/example_dags/example_xcomargs.py for tasks to queue
[2023-08-20 11:50:37,895] {logging_mixin.py:104} INFO - [2023-08-20 11:50:37,894] {dagbag.py:451} INFO - Filling up the DagBag from /home/airflow/.local/lib/python3.6/site-packages/airflow/example_dags/example_xcomargs.py
[2023-08-20 11:50:37,914] {scheduler_job.py:639} INFO - DAG(s) dict_keys(['example_xcom_args', 'example_xcom_args_with_operators']) retrieved from /home/airflow/.local/lib/python3.6/site-packages/airflow/example_dags/example_xcomargs.py
[2023-08-20 11:50:37,949] {logging_mixin.py:104} INFO - [2023-08-20 11:50:37,948] {dag.py:1824} INFO - Sync 2 DAGs
[2023-08-20 11:50:37,970] {logging_mixin.py:104} INFO - [2023-08-20 11:50:37,969] {dag.py:2280} INFO - Setting next_dagrun for example_xcom_args to None
[2023-08-20 11:50:37,971] {logging_mixin.py:104} INFO - [2023-08-20 11:50:37,971] {dag.py:2280} INFO - Setting next_dagrun for example_xcom_args_with_operators to None
[2023-08-20 11:50:37,986] {scheduler_job.py:190} INFO - Processing /home/airflow/.local/lib/python3.6/site-packages/airflow/example_dags/example_xcomargs.py took 0.098 seconds
[2023-08-20 11:51:08,496] {scheduler_job.py:182} INFO - Started process (PID=613) to work on /home/airflow/.local/lib/python3.6/site-packages/airflow/example_dags/example_xcomargs.py
[2023-08-20 11:51:08,499] {scheduler_job.py:629} INFO - Processing file /home/airflow/.local/lib/python3.6/site-packages/airflow/example_dags/example_xcomargs.py for tasks to queue
[2023-08-20 11:51:08,500] {logging_mixin.py:104} INFO - [2023-08-20 11:51:08,500] {dagbag.py:451} INFO - Filling up the DagBag from /home/airflow/.local/lib/python3.6/site-packages/airflow/example_dags/example_xcomargs.py
[2023-08-20 11:51:08,518] {scheduler_job.py:639} INFO - DAG(s) dict_keys(['example_xcom_args', 'example_xcom_args_with_operators']) retrieved from /home/airflow/.local/lib/python3.6/site-packages/airflow/example_dags/example_xcomargs.py
[2023-08-20 11:51:08,596] {logging_mixin.py:104} INFO - [2023-08-20 11:51:08,596] {dag.py:1824} INFO - Sync 2 DAGs
[2023-08-20 11:51:08,616] {logging_mixin.py:104} INFO - [2023-08-20 11:51:08,616] {dag.py:2280} INFO - Setting next_dagrun for example_xcom_args to None
[2023-08-20 11:51:08,618] {logging_mixin.py:104} INFO - [2023-08-20 11:51:08,618] {dag.py:2280} INFO - Setting next_dagrun for example_xcom_args_with_operators to None
[2023-08-20 11:51:08,638] {scheduler_job.py:190} INFO - Processing /home/airflow/.local/lib/python3.6/site-packages/airflow/example_dags/example_xcomargs.py took 0.146 seconds
[2023-08-20 11:51:39,597] {scheduler_job.py:182} INFO - Started process (PID=639) to work on /home/airflow/.local/lib/python3.6/site-packages/airflow/example_dags/example_xcomargs.py
[2023-08-20 11:51:39,600] {scheduler_job.py:629} INFO - Processing file /home/airflow/.local/lib/python3.6/site-packages/airflow/example_dags/example_xcomargs.py for tasks to queue
[2023-08-20 11:51:39,602] {logging_mixin.py:104} INFO - [2023-08-20 11:51:39,602] {dagbag.py:451} INFO - Filling up the DagBag from /home/airflow/.local/lib/python3.6/site-packages/airflow/example_dags/example_xcomargs.py
[2023-08-20 11:51:39,629] {scheduler_job.py:639} INFO - DAG(s) dict_keys(['example_xcom_args', 'example_xcom_args_with_operators']) retrieved from /home/airflow/.local/lib/python3.6/site-packages/airflow/example_dags/example_xcomargs.py
[2023-08-20 11:51:39,662] {logging_mixin.py:104} INFO - [2023-08-20 11:51:39,662] {dag.py:1824} INFO - Sync 2 DAGs
[2023-08-20 11:51:39,681] {logging_mixin.py:104} INFO - [2023-08-20 11:51:39,681] {dag.py:2280} INFO - Setting next_dagrun for example_xcom_args to None
[2023-08-20 11:51:39,683] {logging_mixin.py:104} INFO - [2023-08-20 11:51:39,683] {dag.py:2280} INFO - Setting next_dagrun for example_xcom_args_with_operators to None
[2023-08-20 11:51:39,699] {scheduler_job.py:190} INFO - Processing /home/airflow/.local/lib/python3.6/site-packages/airflow/example_dags/example_xcomargs.py took 0.107 seconds
[2023-08-20 11:52:10,162] {scheduler_job.py:182} INFO - Started process (PID=665) to work on /home/airflow/.local/lib/python3.6/site-packages/airflow/example_dags/example_xcomargs.py
[2023-08-20 11:52:10,165] {scheduler_job.py:629} INFO - Processing file /home/airflow/.local/lib/python3.6/site-packages/airflow/example_dags/example_xcomargs.py for tasks to queue
[2023-08-20 11:52:10,167] {logging_mixin.py:104} INFO - [2023-08-20 11:52:10,167] {dagbag.py:451} INFO - Filling up the DagBag from /home/airflow/.local/lib/python3.6/site-packages/airflow/example_dags/example_xcomargs.py
[2023-08-20 11:52:10,189] {scheduler_job.py:639} INFO - DAG(s) dict_keys(['example_xcom_args', 'example_xcom_args_with_operators']) retrieved from /home/airflow/.local/lib/python3.6/site-packages/airflow/example_dags/example_xcomargs.py
[2023-08-20 11:52:10,224] {logging_mixin.py:104} INFO - [2023-08-20 11:52:10,224] {dag.py:1824} INFO - Sync 2 DAGs
[2023-08-20 11:52:10,243] {logging_mixin.py:104} INFO - [2023-08-20 11:52:10,242] {dag.py:2280} INFO - Setting next_dagrun for example_xcom_args to None
[2023-08-20 11:52:10,244] {logging_mixin.py:104} INFO - [2023-08-20 11:52:10,244] {dag.py:2280} INFO - Setting next_dagrun for example_xcom_args_with_operators to None
[2023-08-20 11:52:10,262] {scheduler_job.py:190} INFO - Processing /home/airflow/.local/lib/python3.6/site-packages/airflow/example_dags/example_xcomargs.py took 0.103 seconds
[2023-08-20 11:52:41,012] {scheduler_job.py:182} INFO - Started process (PID=691) to work on /home/airflow/.local/lib/python3.6/site-packages/airflow/example_dags/example_xcomargs.py
[2023-08-20 11:52:41,018] {scheduler_job.py:629} INFO - Processing file /home/airflow/.local/lib/python3.6/site-packages/airflow/example_dags/example_xcomargs.py for tasks to queue
[2023-08-20 11:52:41,020] {logging_mixin.py:104} INFO - [2023-08-20 11:52:41,020] {dagbag.py:451} INFO - Filling up the DagBag from /home/airflow/.local/lib/python3.6/site-packages/airflow/example_dags/example_xcomargs.py
[2023-08-20 11:52:41,042] {scheduler_job.py:639} INFO - DAG(s) dict_keys(['example_xcom_args', 'example_xcom_args_with_operators']) retrieved from /home/airflow/.local/lib/python3.6/site-packages/airflow/example_dags/example_xcomargs.py
[2023-08-20 11:52:41,075] {logging_mixin.py:104} INFO - [2023-08-20 11:52:41,074] {dag.py:1824} INFO - Sync 2 DAGs
[2023-08-20 11:52:41,097] {logging_mixin.py:104} INFO - [2023-08-20 11:52:41,097] {dag.py:2280} INFO - Setting next_dagrun for example_xcom_args to None
[2023-08-20 11:52:41,099] {logging_mixin.py:104} INFO - [2023-08-20 11:52:41,099] {dag.py:2280} INFO - Setting next_dagrun for example_xcom_args_with_operators to None
[2023-08-20 11:52:41,120] {scheduler_job.py:190} INFO - Processing /home/airflow/.local/lib/python3.6/site-packages/airflow/example_dags/example_xcomargs.py took 0.113 seconds
[2023-08-20 11:53:11,923] {scheduler_job.py:182} INFO - Started process (PID=717) to work on /home/airflow/.local/lib/python3.6/site-packages/airflow/example_dags/example_xcomargs.py
[2023-08-20 11:53:11,927] {scheduler_job.py:629} INFO - Processing file /home/airflow/.local/lib/python3.6/site-packages/airflow/example_dags/example_xcomargs.py for tasks to queue
[2023-08-20 11:53:11,929] {logging_mixin.py:104} INFO - [2023-08-20 11:53:11,929] {dagbag.py:451} INFO - Filling up the DagBag from /home/airflow/.local/lib/python3.6/site-packages/airflow/example_dags/example_xcomargs.py
[2023-08-20 11:53:11,953] {scheduler_job.py:639} INFO - DAG(s) dict_keys(['example_xcom_args', 'example_xcom_args_with_operators']) retrieved from /home/airflow/.local/lib/python3.6/site-packages/airflow/example_dags/example_xcomargs.py
[2023-08-20 11:53:11,987] {logging_mixin.py:104} INFO - [2023-08-20 11:53:11,987] {dag.py:1824} INFO - Sync 2 DAGs
[2023-08-20 11:53:12,005] {logging_mixin.py:104} INFO - [2023-08-20 11:53:12,005] {dag.py:2280} INFO - Setting next_dagrun for example_xcom_args to None
[2023-08-20 11:53:12,007] {logging_mixin.py:104} INFO - [2023-08-20 11:53:12,007] {dag.py:2280} INFO - Setting next_dagrun for example_xcom_args_with_operators to None
[2023-08-20 11:53:12,022] {scheduler_job.py:190} INFO - Processing /home/airflow/.local/lib/python3.6/site-packages/airflow/example_dags/example_xcomargs.py took 0.103 seconds
[2023-08-20 11:53:42,795] {scheduler_job.py:182} INFO - Started process (PID=743) to work on /home/airflow/.local/lib/python3.6/site-packages/airflow/example_dags/example_xcomargs.py
[2023-08-20 11:53:42,797] {scheduler_job.py:629} INFO - Processing file /home/airflow/.local/lib/python3.6/site-packages/airflow/example_dags/example_xcomargs.py for tasks to queue
[2023-08-20 11:53:42,799] {logging_mixin.py:104} INFO - [2023-08-20 11:53:42,799] {dagbag.py:451} INFO - Filling up the DagBag from /home/airflow/.local/lib/python3.6/site-packages/airflow/example_dags/example_xcomargs.py
[2023-08-20 11:53:42,820] {scheduler_job.py:639} INFO - DAG(s) dict_keys(['example_xcom_args', 'example_xcom_args_with_operators']) retrieved from /home/airflow/.local/lib/python3.6/site-packages/airflow/example_dags/example_xcomargs.py
[2023-08-20 11:53:42,855] {logging_mixin.py:104} INFO - [2023-08-20 11:53:42,855] {dag.py:1824} INFO - Sync 2 DAGs
[2023-08-20 11:53:42,874] {logging_mixin.py:104} INFO - [2023-08-20 11:53:42,874] {dag.py:2280} INFO - Setting next_dagrun for example_xcom_args to None
[2023-08-20 11:53:42,875] {logging_mixin.py:104} INFO - [2023-08-20 11:53:42,875] {dag.py:2280} INFO - Setting next_dagrun for example_xcom_args_with_operators to None
[2023-08-20 11:53:42,892] {scheduler_job.py:190} INFO - Processing /home/airflow/.local/lib/python3.6/site-packages/airflow/example_dags/example_xcomargs.py took 0.102 seconds
[2023-08-20 11:54:13,749] {scheduler_job.py:182} INFO - Started process (PID=769) to work on /home/airflow/.local/lib/python3.6/site-packages/airflow/example_dags/example_xcomargs.py
[2023-08-20 11:54:13,751] {scheduler_job.py:629} INFO - Processing file /home/airflow/.local/lib/python3.6/site-packages/airflow/example_dags/example_xcomargs.py for tasks to queue
[2023-08-20 11:54:13,753] {logging_mixin.py:104} INFO - [2023-08-20 11:54:13,753] {dagbag.py:451} INFO - Filling up the DagBag from /home/airflow/.local/lib/python3.6/site-packages/airflow/example_dags/example_xcomargs.py
[2023-08-20 11:54:13,774] {scheduler_job.py:639} INFO - DAG(s) dict_keys(['example_xcom_args', 'example_xcom_args_with_operators']) retrieved from /home/airflow/.local/lib/python3.6/site-packages/airflow/example_dags/example_xcomargs.py
[2023-08-20 11:54:13,807] {logging_mixin.py:104} INFO - [2023-08-20 11:54:13,807] {dag.py:1824} INFO - Sync 2 DAGs
[2023-08-20 11:54:13,825] {logging_mixin.py:104} INFO - [2023-08-20 11:54:13,825] {dag.py:2280} INFO - Setting next_dagrun for example_xcom_args to None
[2023-08-20 11:54:13,827] {logging_mixin.py:104} INFO - [2023-08-20 11:54:13,827] {dag.py:2280} INFO - Setting next_dagrun for example_xcom_args_with_operators to None
[2023-08-20 11:54:13,843] {scheduler_job.py:190} INFO - Processing /home/airflow/.local/lib/python3.6/site-packages/airflow/example_dags/example_xcomargs.py took 0.098 seconds
[2023-08-20 11:54:44,587] {scheduler_job.py:182} INFO - Started process (PID=795) to work on /home/airflow/.local/lib/python3.6/site-packages/airflow/example_dags/example_xcomargs.py
[2023-08-20 11:54:44,589] {scheduler_job.py:629} INFO - Processing file /home/airflow/.local/lib/python3.6/site-packages/airflow/example_dags/example_xcomargs.py for tasks to queue
[2023-08-20 11:54:44,591] {logging_mixin.py:104} INFO - [2023-08-20 11:54:44,591] {dagbag.py:451} INFO - Filling up the DagBag from /home/airflow/.local/lib/python3.6/site-packages/airflow/example_dags/example_xcomargs.py
[2023-08-20 11:54:44,619] {scheduler_job.py:639} INFO - DAG(s) dict_keys(['example_xcom_args', 'example_xcom_args_with_operators']) retrieved from /home/airflow/.local/lib/python3.6/site-packages/airflow/example_dags/example_xcomargs.py
[2023-08-20 11:54:44,655] {logging_mixin.py:104} INFO - [2023-08-20 11:54:44,655] {dag.py:1824} INFO - Sync 2 DAGs
[2023-08-20 11:54:44,680] {logging_mixin.py:104} INFO - [2023-08-20 11:54:44,680] {dag.py:2280} INFO - Setting next_dagrun for example_xcom_args to None
[2023-08-20 11:54:44,682] {logging_mixin.py:104} INFO - [2023-08-20 11:54:44,682] {dag.py:2280} INFO - Setting next_dagrun for example_xcom_args_with_operators to None
[2023-08-20 11:54:44,702] {scheduler_job.py:190} INFO - Processing /home/airflow/.local/lib/python3.6/site-packages/airflow/example_dags/example_xcomargs.py took 0.120 seconds
[2023-08-20 11:55:15,191] {scheduler_job.py:182} INFO - Started process (PID=821) to work on /home/airflow/.local/lib/python3.6/site-packages/airflow/example_dags/example_xcomargs.py
[2023-08-20 11:55:15,193] {scheduler_job.py:629} INFO - Processing file /home/airflow/.local/lib/python3.6/site-packages/airflow/example_dags/example_xcomargs.py for tasks to queue
[2023-08-20 11:55:15,195] {logging_mixin.py:104} INFO - [2023-08-20 11:55:15,195] {dagbag.py:451} INFO - Filling up the DagBag from /home/airflow/.local/lib/python3.6/site-packages/airflow/example_dags/example_xcomargs.py
[2023-08-20 11:55:15,218] {scheduler_job.py:639} INFO - DAG(s) dict_keys(['example_xcom_args', 'example_xcom_args_with_operators']) retrieved from /home/airflow/.local/lib/python3.6/site-packages/airflow/example_dags/example_xcomargs.py
[2023-08-20 11:55:15,253] {logging_mixin.py:104} INFO - [2023-08-20 11:55:15,253] {dag.py:1824} INFO - Sync 2 DAGs
[2023-08-20 11:55:15,272] {logging_mixin.py:104} INFO - [2023-08-20 11:55:15,271] {dag.py:2280} INFO - Setting next_dagrun for example_xcom_args to None
[2023-08-20 11:55:15,274] {logging_mixin.py:104} INFO - [2023-08-20 11:55:15,273] {dag.py:2280} INFO - Setting next_dagrun for example_xcom_args_with_operators to None
[2023-08-20 11:55:15,294] {scheduler_job.py:190} INFO - Processing /home/airflow/.local/lib/python3.6/site-packages/airflow/example_dags/example_xcomargs.py took 0.107 seconds
[2023-08-20 11:55:45,941] {scheduler_job.py:182} INFO - Started process (PID=847) to work on /home/airflow/.local/lib/python3.6/site-packages/airflow/example_dags/example_xcomargs.py
[2023-08-20 11:55:45,944] {scheduler_job.py:629} INFO - Processing file /home/airflow/.local/lib/python3.6/site-packages/airflow/example_dags/example_xcomargs.py for tasks to queue
[2023-08-20 11:55:45,946] {logging_mixin.py:104} INFO - [2023-08-20 11:55:45,946] {dagbag.py:451} INFO - Filling up the DagBag from /home/airflow/.local/lib/python3.6/site-packages/airflow/example_dags/example_xcomargs.py
[2023-08-20 11:55:45,964] {scheduler_job.py:639} INFO - DAG(s) dict_keys(['example_xcom_args', 'example_xcom_args_with_operators']) retrieved from /home/airflow/.local/lib/python3.6/site-packages/airflow/example_dags/example_xcomargs.py
[2023-08-20 11:55:46,001] {logging_mixin.py:104} INFO - [2023-08-20 11:55:46,000] {dag.py:1824} INFO - Sync 2 DAGs
[2023-08-20 11:55:46,019] {logging_mixin.py:104} INFO - [2023-08-20 11:55:46,018] {dag.py:2280} INFO - Setting next_dagrun for example_xcom_args to None
[2023-08-20 11:55:46,020] {logging_mixin.py:104} INFO - [2023-08-20 11:55:46,020] {dag.py:2280} INFO - Setting next_dagrun for example_xcom_args_with_operators to None
[2023-08-20 11:55:46,039] {scheduler_job.py:190} INFO - Processing /home/airflow/.local/lib/python3.6/site-packages/airflow/example_dags/example_xcomargs.py took 0.101 seconds
[2023-08-20 11:56:16,458] {scheduler_job.py:182} INFO - Started process (PID=873) to work on /home/airflow/.local/lib/python3.6/site-packages/airflow/example_dags/example_xcomargs.py
[2023-08-20 11:56:16,460] {scheduler_job.py:629} INFO - Processing file /home/airflow/.local/lib/python3.6/site-packages/airflow/example_dags/example_xcomargs.py for tasks to queue
[2023-08-20 11:56:16,462] {logging_mixin.py:104} INFO - [2023-08-20 11:56:16,462] {dagbag.py:451} INFO - Filling up the DagBag from /home/airflow/.local/lib/python3.6/site-packages/airflow/example_dags/example_xcomargs.py
[2023-08-20 11:56:16,484] {scheduler_job.py:639} INFO - DAG(s) dict_keys(['example_xcom_args', 'example_xcom_args_with_operators']) retrieved from /home/airflow/.local/lib/python3.6/site-packages/airflow/example_dags/example_xcomargs.py
[2023-08-20 11:56:16,518] {logging_mixin.py:104} INFO - [2023-08-20 11:56:16,518] {dag.py:1824} INFO - Sync 2 DAGs
[2023-08-20 11:56:16,537] {logging_mixin.py:104} INFO - [2023-08-20 11:56:16,537] {dag.py:2280} INFO - Setting next_dagrun for example_xcom_args to None
[2023-08-20 11:56:16,539] {logging_mixin.py:104} INFO - [2023-08-20 11:56:16,539] {dag.py:2280} INFO - Setting next_dagrun for example_xcom_args_with_operators to None
[2023-08-20 11:56:16,554] {scheduler_job.py:190} INFO - Processing /home/airflow/.local/lib/python3.6/site-packages/airflow/example_dags/example_xcomargs.py took 0.101 seconds
[2023-08-20 11:56:47,123] {scheduler_job.py:182} INFO - Started process (PID=899) to work on /home/airflow/.local/lib/python3.6/site-packages/airflow/example_dags/example_xcomargs.py
[2023-08-20 11:56:47,124] {scheduler_job.py:629} INFO - Processing file /home/airflow/.local/lib/python3.6/site-packages/airflow/example_dags/example_xcomargs.py for tasks to queue
[2023-08-20 11:56:47,126] {logging_mixin.py:104} INFO - [2023-08-20 11:56:47,126] {dagbag.py:451} INFO - Filling up the DagBag from /home/airflow/.local/lib/python3.6/site-packages/airflow/example_dags/example_xcomargs.py
[2023-08-20 11:56:47,146] {scheduler_job.py:639} INFO - DAG(s) dict_keys(['example_xcom_args', 'example_xcom_args_with_operators']) retrieved from /home/airflow/.local/lib/python3.6/site-packages/airflow/example_dags/example_xcomargs.py
[2023-08-20 11:56:47,188] {logging_mixin.py:104} INFO - [2023-08-20 11:56:47,187] {dag.py:1824} INFO - Sync 2 DAGs
[2023-08-20 11:56:47,205] {logging_mixin.py:104} INFO - [2023-08-20 11:56:47,204] {dag.py:2280} INFO - Setting next_dagrun for example_xcom_args to None
[2023-08-20 11:56:47,206] {logging_mixin.py:104} INFO - [2023-08-20 11:56:47,206] {dag.py:2280} INFO - Setting next_dagrun for example_xcom_args_with_operators to None
[2023-08-20 11:56:47,221] {scheduler_job.py:190} INFO - Processing /home/airflow/.local/lib/python3.6/site-packages/airflow/example_dags/example_xcomargs.py took 0.103 seconds
[2023-08-20 11:57:17,730] {scheduler_job.py:182} INFO - Started process (PID=925) to work on /home/airflow/.local/lib/python3.6/site-packages/airflow/example_dags/example_xcomargs.py
[2023-08-20 11:57:17,733] {scheduler_job.py:629} INFO - Processing file /home/airflow/.local/lib/python3.6/site-packages/airflow/example_dags/example_xcomargs.py for tasks to queue
[2023-08-20 11:57:17,735] {logging_mixin.py:104} INFO - [2023-08-20 11:57:17,735] {dagbag.py:451} INFO - Filling up the DagBag from /home/airflow/.local/lib/python3.6/site-packages/airflow/example_dags/example_xcomargs.py
[2023-08-20 11:57:17,780] {scheduler_job.py:639} INFO - DAG(s) dict_keys(['example_xcom_args', 'example_xcom_args_with_operators']) retrieved from /home/airflow/.local/lib/python3.6/site-packages/airflow/example_dags/example_xcomargs.py
[2023-08-20 11:57:17,892] {logging_mixin.py:104} INFO - [2023-08-20 11:57:17,892] {dag.py:1824} INFO - Sync 2 DAGs
[2023-08-20 11:57:17,912] {logging_mixin.py:104} INFO - [2023-08-20 11:57:17,912] {dag.py:2280} INFO - Setting next_dagrun for example_xcom_args to None
[2023-08-20 11:57:17,914] {logging_mixin.py:104} INFO - [2023-08-20 11:57:17,913] {dag.py:2280} INFO - Setting next_dagrun for example_xcom_args_with_operators to None
[2023-08-20 11:57:17,934] {scheduler_job.py:190} INFO - Processing /home/airflow/.local/lib/python3.6/site-packages/airflow/example_dags/example_xcomargs.py took 0.210 seconds
[2023-08-20 11:57:48,356] {scheduler_job.py:182} INFO - Started process (PID=951) to work on /home/airflow/.local/lib/python3.6/site-packages/airflow/example_dags/example_xcomargs.py
[2023-08-20 11:57:48,359] {scheduler_job.py:629} INFO - Processing file /home/airflow/.local/lib/python3.6/site-packages/airflow/example_dags/example_xcomargs.py for tasks to queue
[2023-08-20 11:57:48,360] {logging_mixin.py:104} INFO - [2023-08-20 11:57:48,360] {dagbag.py:451} INFO - Filling up the DagBag from /home/airflow/.local/lib/python3.6/site-packages/airflow/example_dags/example_xcomargs.py
[2023-08-20 11:57:48,382] {scheduler_job.py:639} INFO - DAG(s) dict_keys(['example_xcom_args', 'example_xcom_args_with_operators']) retrieved from /home/airflow/.local/lib/python3.6/site-packages/airflow/example_dags/example_xcomargs.py
[2023-08-20 11:57:48,419] {logging_mixin.py:104} INFO - [2023-08-20 11:57:48,419] {dag.py:1824} INFO - Sync 2 DAGs
[2023-08-20 11:57:48,437] {logging_mixin.py:104} INFO - [2023-08-20 11:57:48,437] {dag.py:2280} INFO - Setting next_dagrun for example_xcom_args to None
[2023-08-20 11:57:48,439] {logging_mixin.py:104} INFO - [2023-08-20 11:57:48,439] {dag.py:2280} INFO - Setting next_dagrun for example_xcom_args_with_operators to None
[2023-08-20 11:57:48,454] {scheduler_job.py:190} INFO - Processing /home/airflow/.local/lib/python3.6/site-packages/airflow/example_dags/example_xcomargs.py took 0.102 seconds
[2023-08-20 11:58:18,840] {scheduler_job.py:182} INFO - Started process (PID=977) to work on /home/airflow/.local/lib/python3.6/site-packages/airflow/example_dags/example_xcomargs.py
[2023-08-20 11:58:18,846] {scheduler_job.py:629} INFO - Processing file /home/airflow/.local/lib/python3.6/site-packages/airflow/example_dags/example_xcomargs.py for tasks to queue
[2023-08-20 11:58:18,849] {logging_mixin.py:104} INFO - [2023-08-20 11:58:18,849] {dagbag.py:451} INFO - Filling up the DagBag from /home/airflow/.local/lib/python3.6/site-packages/airflow/example_dags/example_xcomargs.py
[2023-08-20 11:58:18,868] {scheduler_job.py:639} INFO - DAG(s) dict_keys(['example_xcom_args', 'example_xcom_args_with_operators']) retrieved from /home/airflow/.local/lib/python3.6/site-packages/airflow/example_dags/example_xcomargs.py
[2023-08-20 11:58:18,899] {logging_mixin.py:104} INFO - [2023-08-20 11:58:18,899] {dag.py:1824} INFO - Sync 2 DAGs
[2023-08-20 11:58:18,918] {logging_mixin.py:104} INFO - [2023-08-20 11:58:18,918] {dag.py:2280} INFO - Setting next_dagrun for example_xcom_args to None
[2023-08-20 11:58:18,920] {logging_mixin.py:104} INFO - [2023-08-20 11:58:18,920] {dag.py:2280} INFO - Setting next_dagrun for example_xcom_args_with_operators to None
[2023-08-20 11:58:18,936] {scheduler_job.py:190} INFO - Processing /home/airflow/.local/lib/python3.6/site-packages/airflow/example_dags/example_xcomargs.py took 0.100 seconds
[2023-08-20 11:58:49,393] {scheduler_job.py:182} INFO - Started process (PID=1003) to work on /home/airflow/.local/lib/python3.6/site-packages/airflow/example_dags/example_xcomargs.py
[2023-08-20 11:58:49,396] {scheduler_job.py:629} INFO - Processing file /home/airflow/.local/lib/python3.6/site-packages/airflow/example_dags/example_xcomargs.py for tasks to queue
[2023-08-20 11:58:49,397] {logging_mixin.py:104} INFO - [2023-08-20 11:58:49,397] {dagbag.py:451} INFO - Filling up the DagBag from /home/airflow/.local/lib/python3.6/site-packages/airflow/example_dags/example_xcomargs.py
[2023-08-20 11:58:49,418] {scheduler_job.py:639} INFO - DAG(s) dict_keys(['example_xcom_args', 'example_xcom_args_with_operators']) retrieved from /home/airflow/.local/lib/python3.6/site-packages/airflow/example_dags/example_xcomargs.py
[2023-08-20 11:58:49,454] {logging_mixin.py:104} INFO - [2023-08-20 11:58:49,454] {dag.py:1824} INFO - Sync 2 DAGs
[2023-08-20 11:58:49,474] {logging_mixin.py:104} INFO - [2023-08-20 11:58:49,473] {dag.py:2280} INFO - Setting next_dagrun for example_xcom_args to None
[2023-08-20 11:58:49,476] {logging_mixin.py:104} INFO - [2023-08-20 11:58:49,476] {dag.py:2280} INFO - Setting next_dagrun for example_xcom_args_with_operators to None
[2023-08-20 11:58:49,498] {scheduler_job.py:190} INFO - Processing /home/airflow/.local/lib/python3.6/site-packages/airflow/example_dags/example_xcomargs.py took 0.109 seconds
[2023-08-20 11:59:20,028] {scheduler_job.py:182} INFO - Started process (PID=1029) to work on /home/airflow/.local/lib/python3.6/site-packages/airflow/example_dags/example_xcomargs.py
[2023-08-20 11:59:20,031] {scheduler_job.py:629} INFO - Processing file /home/airflow/.local/lib/python3.6/site-packages/airflow/example_dags/example_xcomargs.py for tasks to queue
[2023-08-20 11:59:20,042] {logging_mixin.py:104} INFO - [2023-08-20 11:59:20,041] {dagbag.py:451} INFO - Filling up the DagBag from /home/airflow/.local/lib/python3.6/site-packages/airflow/example_dags/example_xcomargs.py
[2023-08-20 11:59:20,072] {scheduler_job.py:639} INFO - DAG(s) dict_keys(['example_xcom_args', 'example_xcom_args_with_operators']) retrieved from /home/airflow/.local/lib/python3.6/site-packages/airflow/example_dags/example_xcomargs.py
[2023-08-20 11:59:20,128] {logging_mixin.py:104} INFO - [2023-08-20 11:59:20,128] {dag.py:1824} INFO - Sync 2 DAGs
[2023-08-20 11:59:20,152] {logging_mixin.py:104} INFO - [2023-08-20 11:59:20,152] {dag.py:2280} INFO - Setting next_dagrun for example_xcom_args to None
[2023-08-20 11:59:20,154] {logging_mixin.py:104} INFO - [2023-08-20 11:59:20,154] {dag.py:2280} INFO - Setting next_dagrun for example_xcom_args_with_operators to None
[2023-08-20 11:59:20,171] {scheduler_job.py:190} INFO - Processing /home/airflow/.local/lib/python3.6/site-packages/airflow/example_dags/example_xcomargs.py took 0.147 seconds
[2023-08-20 11:59:50,800] {scheduler_job.py:182} INFO - Started process (PID=1055) to work on /home/airflow/.local/lib/python3.6/site-packages/airflow/example_dags/example_xcomargs.py
[2023-08-20 11:59:50,806] {scheduler_job.py:629} INFO - Processing file /home/airflow/.local/lib/python3.6/site-packages/airflow/example_dags/example_xcomargs.py for tasks to queue
[2023-08-20 11:59:50,809] {logging_mixin.py:104} INFO - [2023-08-20 11:59:50,809] {dagbag.py:451} INFO - Filling up the DagBag from /home/airflow/.local/lib/python3.6/site-packages/airflow/example_dags/example_xcomargs.py
[2023-08-20 11:59:50,824] {scheduler_job.py:639} INFO - DAG(s) dict_keys(['example_xcom_args', 'example_xcom_args_with_operators']) retrieved from /home/airflow/.local/lib/python3.6/site-packages/airflow/example_dags/example_xcomargs.py
[2023-08-20 11:59:50,856] {logging_mixin.py:104} INFO - [2023-08-20 11:59:50,856] {dag.py:1824} INFO - Sync 2 DAGs
[2023-08-20 11:59:50,873] {logging_mixin.py:104} INFO - [2023-08-20 11:59:50,873] {dag.py:2280} INFO - Setting next_dagrun for example_xcom_args to None
[2023-08-20 11:59:50,875] {logging_mixin.py:104} INFO - [2023-08-20 11:59:50,875] {dag.py:2280} INFO - Setting next_dagrun for example_xcom_args_with_operators to None
[2023-08-20 11:59:50,892] {scheduler_job.py:190} INFO - Processing /home/airflow/.local/lib/python3.6/site-packages/airflow/example_dags/example_xcomargs.py took 0.097 seconds
[2023-08-20 12:00:21,556] {scheduler_job.py:182} INFO - Started process (PID=1081) to work on /home/airflow/.local/lib/python3.6/site-packages/airflow/example_dags/example_xcomargs.py
[2023-08-20 12:00:21,559] {scheduler_job.py:629} INFO - Processing file /home/airflow/.local/lib/python3.6/site-packages/airflow/example_dags/example_xcomargs.py for tasks to queue
[2023-08-20 12:00:21,561] {logging_mixin.py:104} INFO - [2023-08-20 12:00:21,561] {dagbag.py:451} INFO - Filling up the DagBag from /home/airflow/.local/lib/python3.6/site-packages/airflow/example_dags/example_xcomargs.py
[2023-08-20 12:00:21,585] {scheduler_job.py:639} INFO - DAG(s) dict_keys(['example_xcom_args', 'example_xcom_args_with_operators']) retrieved from /home/airflow/.local/lib/python3.6/site-packages/airflow/example_dags/example_xcomargs.py
[2023-08-20 12:00:21,618] {logging_mixin.py:104} INFO - [2023-08-20 12:00:21,618] {dag.py:1824} INFO - Sync 2 DAGs
[2023-08-20 12:00:21,637] {logging_mixin.py:104} INFO - [2023-08-20 12:00:21,637] {dag.py:2280} INFO - Setting next_dagrun for example_xcom_args to None
[2023-08-20 12:00:21,640] {logging_mixin.py:104} INFO - [2023-08-20 12:00:21,639] {dag.py:2280} INFO - Setting next_dagrun for example_xcom_args_with_operators to None
[2023-08-20 12:00:21,657] {scheduler_job.py:190} INFO - Processing /home/airflow/.local/lib/python3.6/site-packages/airflow/example_dags/example_xcomargs.py took 0.106 seconds
[2023-08-20 12:00:52,141] {scheduler_job.py:182} INFO - Started process (PID=1107) to work on /home/airflow/.local/lib/python3.6/site-packages/airflow/example_dags/example_xcomargs.py
[2023-08-20 12:00:52,143] {scheduler_job.py:629} INFO - Processing file /home/airflow/.local/lib/python3.6/site-packages/airflow/example_dags/example_xcomargs.py for tasks to queue
[2023-08-20 12:00:52,144] {logging_mixin.py:104} INFO - [2023-08-20 12:00:52,144] {dagbag.py:451} INFO - Filling up the DagBag from /home/airflow/.local/lib/python3.6/site-packages/airflow/example_dags/example_xcomargs.py
[2023-08-20 12:00:52,162] {scheduler_job.py:639} INFO - DAG(s) dict_keys(['example_xcom_args', 'example_xcom_args_with_operators']) retrieved from /home/airflow/.local/lib/python3.6/site-packages/airflow/example_dags/example_xcomargs.py
[2023-08-20 12:00:52,193] {logging_mixin.py:104} INFO - [2023-08-20 12:00:52,193] {dag.py:1824} INFO - Sync 2 DAGs
[2023-08-20 12:00:52,210] {logging_mixin.py:104} INFO - [2023-08-20 12:00:52,209] {dag.py:2280} INFO - Setting next_dagrun for example_xcom_args to None
[2023-08-20 12:00:52,211] {logging_mixin.py:104} INFO - [2023-08-20 12:00:52,211] {dag.py:2280} INFO - Setting next_dagrun for example_xcom_args_with_operators to None
[2023-08-20 12:00:52,229] {scheduler_job.py:190} INFO - Processing /home/airflow/.local/lib/python3.6/site-packages/airflow/example_dags/example_xcomargs.py took 0.091 seconds
[2023-08-20 12:01:22,656] {scheduler_job.py:182} INFO - Started process (PID=1133) to work on /home/airflow/.local/lib/python3.6/site-packages/airflow/example_dags/example_xcomargs.py
[2023-08-20 12:01:22,659] {scheduler_job.py:629} INFO - Processing file /home/airflow/.local/lib/python3.6/site-packages/airflow/example_dags/example_xcomargs.py for tasks to queue
[2023-08-20 12:01:22,661] {logging_mixin.py:104} INFO - [2023-08-20 12:01:22,661] {dagbag.py:451} INFO - Filling up the DagBag from /home/airflow/.local/lib/python3.6/site-packages/airflow/example_dags/example_xcomargs.py
[2023-08-20 12:01:22,686] {scheduler_job.py:639} INFO - DAG(s) dict_keys(['example_xcom_args', 'example_xcom_args_with_operators']) retrieved from /home/airflow/.local/lib/python3.6/site-packages/airflow/example_dags/example_xcomargs.py
[2023-08-20 12:01:22,724] {logging_mixin.py:104} INFO - [2023-08-20 12:01:22,724] {dag.py:1824} INFO - Sync 2 DAGs
[2023-08-20 12:01:22,744] {logging_mixin.py:104} INFO - [2023-08-20 12:01:22,743] {dag.py:2280} INFO - Setting next_dagrun for example_xcom_args to None
[2023-08-20 12:01:22,746] {logging_mixin.py:104} INFO - [2023-08-20 12:01:22,745] {dag.py:2280} INFO - Setting next_dagrun for example_xcom_args_with_operators to None
[2023-08-20 12:01:22,849] {scheduler_job.py:190} INFO - Processing /home/airflow/.local/lib/python3.6/site-packages/airflow/example_dags/example_xcomargs.py took 0.197 seconds
[2023-08-20T17:37:42.178+0000] {processor.py:157} INFO - Started process (PID=84) to work on /home/airflow/.local/lib/python3.8/site-packages/airflow/example_dags/example_xcomargs.py
[2023-08-20T17:37:42.181+0000] {processor.py:829} INFO - Processing file /home/airflow/.local/lib/python3.8/site-packages/airflow/example_dags/example_xcomargs.py for tasks to queue
[2023-08-20T17:37:42.184+0000] {logging_mixin.py:151} INFO - [2023-08-20T17:37:42.184+0000] {dagbag.py:539} INFO - Filling up the DagBag from /home/airflow/.local/lib/python3.8/site-packages/airflow/example_dags/example_xcomargs.py
[2023-08-20T17:37:42.195+0000] {processor.py:839} INFO - DAG(s) dict_keys(['example_xcom_args_with_operators', 'example_xcom_args']) retrieved from /home/airflow/.local/lib/python3.8/site-packages/airflow/example_dags/example_xcomargs.py
[2023-08-20T17:37:42.213+0000] {logging_mixin.py:151} INFO - [2023-08-20T17:37:42.213+0000] {dag.py:2907} INFO - Sync 2 DAGs
[2023-08-20T17:37:42.230+0000] {logging_mixin.py:151} INFO - [2023-08-20T17:37:42.230+0000] {dag.py:3677} INFO - Setting next_dagrun for example_xcom_args to None, run_after=None
[2023-08-20T17:37:42.236+0000] {logging_mixin.py:151} INFO - [2023-08-20T17:37:42.235+0000] {dag.py:3677} INFO - Setting next_dagrun for example_xcom_args_with_operators to None, run_after=None
[2023-08-20T17:37:42.258+0000] {processor.py:179} INFO - Processing /home/airflow/.local/lib/python3.8/site-packages/airflow/example_dags/example_xcomargs.py took 0.086 seconds
[2023-08-20T17:38:13.136+0000] {processor.py:157} INFO - Started process (PID=138) to work on /home/airflow/.local/lib/python3.8/site-packages/airflow/example_dags/example_xcomargs.py
[2023-08-20T17:38:13.138+0000] {processor.py:829} INFO - Processing file /home/airflow/.local/lib/python3.8/site-packages/airflow/example_dags/example_xcomargs.py for tasks to queue
[2023-08-20T17:38:13.141+0000] {logging_mixin.py:151} INFO - [2023-08-20T17:38:13.141+0000] {dagbag.py:539} INFO - Filling up the DagBag from /home/airflow/.local/lib/python3.8/site-packages/airflow/example_dags/example_xcomargs.py
[2023-08-20T17:38:13.153+0000] {processor.py:839} INFO - DAG(s) dict_keys(['example_xcom_args', 'example_xcom_args_with_operators']) retrieved from /home/airflow/.local/lib/python3.8/site-packages/airflow/example_dags/example_xcomargs.py
[2023-08-20T17:38:13.186+0000] {logging_mixin.py:151} INFO - [2023-08-20T17:38:13.185+0000] {dag.py:2907} INFO - Sync 2 DAGs
[2023-08-20T17:38:13.205+0000] {logging_mixin.py:151} INFO - [2023-08-20T17:38:13.205+0000] {dag.py:3677} INFO - Setting next_dagrun for example_xcom_args to None, run_after=None
[2023-08-20T17:38:13.211+0000] {logging_mixin.py:151} INFO - [2023-08-20T17:38:13.211+0000] {dag.py:3677} INFO - Setting next_dagrun for example_xcom_args_with_operators to None, run_after=None
[2023-08-20T17:38:13.243+0000] {processor.py:179} INFO - Processing /home/airflow/.local/lib/python3.8/site-packages/airflow/example_dags/example_xcomargs.py took 0.112 seconds
[2023-08-20T17:38:43.452+0000] {processor.py:157} INFO - Started process (PID=192) to work on /home/airflow/.local/lib/python3.8/site-packages/airflow/example_dags/example_xcomargs.py
[2023-08-20T17:38:43.454+0000] {processor.py:829} INFO - Processing file /home/airflow/.local/lib/python3.8/site-packages/airflow/example_dags/example_xcomargs.py for tasks to queue
[2023-08-20T17:38:43.457+0000] {logging_mixin.py:151} INFO - [2023-08-20T17:38:43.457+0000] {dagbag.py:539} INFO - Filling up the DagBag from /home/airflow/.local/lib/python3.8/site-packages/airflow/example_dags/example_xcomargs.py
[2023-08-20T17:38:43.470+0000] {processor.py:839} INFO - DAG(s) dict_keys(['example_xcom_args', 'example_xcom_args_with_operators']) retrieved from /home/airflow/.local/lib/python3.8/site-packages/airflow/example_dags/example_xcomargs.py
[2023-08-20T17:38:43.498+0000] {logging_mixin.py:151} INFO - [2023-08-20T17:38:43.498+0000] {dag.py:2907} INFO - Sync 2 DAGs
[2023-08-20T17:38:43.514+0000] {logging_mixin.py:151} INFO - [2023-08-20T17:38:43.514+0000] {dag.py:3677} INFO - Setting next_dagrun for example_xcom_args to None, run_after=None
[2023-08-20T17:38:43.518+0000] {logging_mixin.py:151} INFO - [2023-08-20T17:38:43.518+0000] {dag.py:3677} INFO - Setting next_dagrun for example_xcom_args_with_operators to None, run_after=None
[2023-08-20T17:38:43.539+0000] {processor.py:179} INFO - Processing /home/airflow/.local/lib/python3.8/site-packages/airflow/example_dags/example_xcomargs.py took 0.091 seconds
[2023-08-20T17:39:14.109+0000] {processor.py:157} INFO - Started process (PID=246) to work on /home/airflow/.local/lib/python3.8/site-packages/airflow/example_dags/example_xcomargs.py
[2023-08-20T17:39:14.111+0000] {processor.py:829} INFO - Processing file /home/airflow/.local/lib/python3.8/site-packages/airflow/example_dags/example_xcomargs.py for tasks to queue
[2023-08-20T17:39:14.115+0000] {logging_mixin.py:151} INFO - [2023-08-20T17:39:14.115+0000] {dagbag.py:539} INFO - Filling up the DagBag from /home/airflow/.local/lib/python3.8/site-packages/airflow/example_dags/example_xcomargs.py
[2023-08-20T17:39:14.127+0000] {processor.py:839} INFO - DAG(s) dict_keys(['example_xcom_args', 'example_xcom_args_with_operators']) retrieved from /home/airflow/.local/lib/python3.8/site-packages/airflow/example_dags/example_xcomargs.py
[2023-08-20T17:39:14.156+0000] {logging_mixin.py:151} INFO - [2023-08-20T17:39:14.156+0000] {dag.py:2907} INFO - Sync 2 DAGs
[2023-08-20T17:39:14.174+0000] {logging_mixin.py:151} INFO - [2023-08-20T17:39:14.174+0000] {dag.py:3677} INFO - Setting next_dagrun for example_xcom_args to None, run_after=None
[2023-08-20T17:39:14.181+0000] {logging_mixin.py:151} INFO - [2023-08-20T17:39:14.180+0000] {dag.py:3677} INFO - Setting next_dagrun for example_xcom_args_with_operators to None, run_after=None
[2023-08-20T17:39:14.211+0000] {processor.py:179} INFO - Processing /home/airflow/.local/lib/python3.8/site-packages/airflow/example_dags/example_xcomargs.py took 0.106 seconds
[2023-08-20T17:39:44.687+0000] {processor.py:157} INFO - Started process (PID=299) to work on /home/airflow/.local/lib/python3.8/site-packages/airflow/example_dags/example_xcomargs.py
[2023-08-20T17:39:44.690+0000] {processor.py:829} INFO - Processing file /home/airflow/.local/lib/python3.8/site-packages/airflow/example_dags/example_xcomargs.py for tasks to queue
[2023-08-20T17:39:44.694+0000] {logging_mixin.py:151} INFO - [2023-08-20T17:39:44.694+0000] {dagbag.py:539} INFO - Filling up the DagBag from /home/airflow/.local/lib/python3.8/site-packages/airflow/example_dags/example_xcomargs.py
[2023-08-20T17:39:44.707+0000] {processor.py:839} INFO - DAG(s) dict_keys(['example_xcom_args_with_operators', 'example_xcom_args']) retrieved from /home/airflow/.local/lib/python3.8/site-packages/airflow/example_dags/example_xcomargs.py
[2023-08-20T17:39:44.728+0000] {logging_mixin.py:151} INFO - [2023-08-20T17:39:44.728+0000] {dag.py:2907} INFO - Sync 2 DAGs
[2023-08-20T17:39:44.749+0000] {logging_mixin.py:151} INFO - [2023-08-20T17:39:44.749+0000] {dag.py:3677} INFO - Setting next_dagrun for example_xcom_args to None, run_after=None
[2023-08-20T17:39:44.755+0000] {logging_mixin.py:151} INFO - [2023-08-20T17:39:44.755+0000] {dag.py:3677} INFO - Setting next_dagrun for example_xcom_args_with_operators to None, run_after=None
[2023-08-20T17:39:44.780+0000] {processor.py:179} INFO - Processing /home/airflow/.local/lib/python3.8/site-packages/airflow/example_dags/example_xcomargs.py took 0.097 seconds
[2023-08-20T17:40:15.386+0000] {processor.py:157} INFO - Started process (PID=353) to work on /home/airflow/.local/lib/python3.8/site-packages/airflow/example_dags/example_xcomargs.py
[2023-08-20T17:40:15.388+0000] {processor.py:829} INFO - Processing file /home/airflow/.local/lib/python3.8/site-packages/airflow/example_dags/example_xcomargs.py for tasks to queue
[2023-08-20T17:40:15.393+0000] {logging_mixin.py:151} INFO - [2023-08-20T17:40:15.392+0000] {dagbag.py:539} INFO - Filling up the DagBag from /home/airflow/.local/lib/python3.8/site-packages/airflow/example_dags/example_xcomargs.py
[2023-08-20T17:40:15.402+0000] {processor.py:839} INFO - DAG(s) dict_keys(['example_xcom_args_with_operators', 'example_xcom_args']) retrieved from /home/airflow/.local/lib/python3.8/site-packages/airflow/example_dags/example_xcomargs.py
[2023-08-20T17:40:15.438+0000] {logging_mixin.py:151} INFO - [2023-08-20T17:40:15.437+0000] {dag.py:2907} INFO - Sync 2 DAGs
[2023-08-20T17:40:15.457+0000] {logging_mixin.py:151} INFO - [2023-08-20T17:40:15.456+0000] {dag.py:3677} INFO - Setting next_dagrun for example_xcom_args to None, run_after=None
[2023-08-20T17:40:15.463+0000] {logging_mixin.py:151} INFO - [2023-08-20T17:40:15.463+0000] {dag.py:3677} INFO - Setting next_dagrun for example_xcom_args_with_operators to None, run_after=None
[2023-08-20T17:40:15.489+0000] {processor.py:179} INFO - Processing /home/airflow/.local/lib/python3.8/site-packages/airflow/example_dags/example_xcomargs.py took 0.108 seconds
[2023-08-20T17:40:46.403+0000] {processor.py:157} INFO - Started process (PID=408) to work on /home/airflow/.local/lib/python3.8/site-packages/airflow/example_dags/example_xcomargs.py
[2023-08-20T17:40:46.405+0000] {processor.py:829} INFO - Processing file /home/airflow/.local/lib/python3.8/site-packages/airflow/example_dags/example_xcomargs.py for tasks to queue
[2023-08-20T17:40:46.408+0000] {logging_mixin.py:151} INFO - [2023-08-20T17:40:46.408+0000] {dagbag.py:539} INFO - Filling up the DagBag from /home/airflow/.local/lib/python3.8/site-packages/airflow/example_dags/example_xcomargs.py
[2023-08-20T17:40:46.421+0000] {processor.py:839} INFO - DAG(s) dict_keys(['example_xcom_args', 'example_xcom_args_with_operators']) retrieved from /home/airflow/.local/lib/python3.8/site-packages/airflow/example_dags/example_xcomargs.py
[2023-08-20T17:40:46.463+0000] {logging_mixin.py:151} INFO - [2023-08-20T17:40:46.463+0000] {dag.py:2907} INFO - Sync 2 DAGs
[2023-08-20T17:40:46.489+0000] {logging_mixin.py:151} INFO - [2023-08-20T17:40:46.488+0000] {dag.py:3677} INFO - Setting next_dagrun for example_xcom_args to None, run_after=None
[2023-08-20T17:40:46.496+0000] {logging_mixin.py:151} INFO - [2023-08-20T17:40:46.496+0000] {dag.py:3677} INFO - Setting next_dagrun for example_xcom_args_with_operators to None, run_after=None
[2023-08-20T17:40:46.523+0000] {processor.py:179} INFO - Processing /home/airflow/.local/lib/python3.8/site-packages/airflow/example_dags/example_xcomargs.py took 0.125 seconds
[2023-08-20T17:41:16.859+0000] {processor.py:157} INFO - Started process (PID=462) to work on /home/airflow/.local/lib/python3.8/site-packages/airflow/example_dags/example_xcomargs.py
[2023-08-20T17:41:16.862+0000] {processor.py:829} INFO - Processing file /home/airflow/.local/lib/python3.8/site-packages/airflow/example_dags/example_xcomargs.py for tasks to queue
[2023-08-20T17:41:16.867+0000] {logging_mixin.py:151} INFO - [2023-08-20T17:41:16.866+0000] {dagbag.py:539} INFO - Filling up the DagBag from /home/airflow/.local/lib/python3.8/site-packages/airflow/example_dags/example_xcomargs.py
[2023-08-20T17:41:16.876+0000] {processor.py:839} INFO - DAG(s) dict_keys(['example_xcom_args_with_operators', 'example_xcom_args']) retrieved from /home/airflow/.local/lib/python3.8/site-packages/airflow/example_dags/example_xcomargs.py
[2023-08-20T17:41:16.910+0000] {logging_mixin.py:151} INFO - [2023-08-20T17:41:16.909+0000] {dag.py:2907} INFO - Sync 2 DAGs
[2023-08-20T17:41:16.927+0000] {logging_mixin.py:151} INFO - [2023-08-20T17:41:16.927+0000] {dag.py:3677} INFO - Setting next_dagrun for example_xcom_args to None, run_after=None
[2023-08-20T17:41:16.933+0000] {logging_mixin.py:151} INFO - [2023-08-20T17:41:16.932+0000] {dag.py:3677} INFO - Setting next_dagrun for example_xcom_args_with_operators to None, run_after=None
[2023-08-20T17:41:16.967+0000] {processor.py:179} INFO - Processing /home/airflow/.local/lib/python3.8/site-packages/airflow/example_dags/example_xcomargs.py took 0.113 seconds
[2023-08-20T17:41:47.291+0000] {processor.py:157} INFO - Started process (PID=517) to work on /home/airflow/.local/lib/python3.8/site-packages/airflow/example_dags/example_xcomargs.py
[2023-08-20T17:41:47.296+0000] {processor.py:829} INFO - Processing file /home/airflow/.local/lib/python3.8/site-packages/airflow/example_dags/example_xcomargs.py for tasks to queue
[2023-08-20T17:41:47.301+0000] {logging_mixin.py:151} INFO - [2023-08-20T17:41:47.300+0000] {dagbag.py:539} INFO - Filling up the DagBag from /home/airflow/.local/lib/python3.8/site-packages/airflow/example_dags/example_xcomargs.py
[2023-08-20T17:41:47.314+0000] {processor.py:839} INFO - DAG(s) dict_keys(['example_xcom_args', 'example_xcom_args_with_operators']) retrieved from /home/airflow/.local/lib/python3.8/site-packages/airflow/example_dags/example_xcomargs.py
[2023-08-20T17:41:47.351+0000] {logging_mixin.py:151} INFO - [2023-08-20T17:41:47.350+0000] {dag.py:2907} INFO - Sync 2 DAGs
[2023-08-20T17:41:47.371+0000] {logging_mixin.py:151} INFO - [2023-08-20T17:41:47.371+0000] {dag.py:3677} INFO - Setting next_dagrun for example_xcom_args to None, run_after=None
[2023-08-20T17:41:47.377+0000] {logging_mixin.py:151} INFO - [2023-08-20T17:41:47.377+0000] {dag.py:3677} INFO - Setting next_dagrun for example_xcom_args_with_operators to None, run_after=None
[2023-08-20T17:41:47.405+0000] {processor.py:179} INFO - Processing /home/airflow/.local/lib/python3.8/site-packages/airflow/example_dags/example_xcomargs.py took 0.119 seconds
[2023-08-20T17:42:18.353+0000] {processor.py:157} INFO - Started process (PID=571) to work on /home/airflow/.local/lib/python3.8/site-packages/airflow/example_dags/example_xcomargs.py
[2023-08-20T17:42:18.355+0000] {processor.py:829} INFO - Processing file /home/airflow/.local/lib/python3.8/site-packages/airflow/example_dags/example_xcomargs.py for tasks to queue
[2023-08-20T17:42:18.360+0000] {logging_mixin.py:151} INFO - [2023-08-20T17:42:18.359+0000] {dagbag.py:539} INFO - Filling up the DagBag from /home/airflow/.local/lib/python3.8/site-packages/airflow/example_dags/example_xcomargs.py
[2023-08-20T17:42:18.369+0000] {processor.py:839} INFO - DAG(s) dict_keys(['example_xcom_args', 'example_xcom_args_with_operators']) retrieved from /home/airflow/.local/lib/python3.8/site-packages/airflow/example_dags/example_xcomargs.py
[2023-08-20T17:42:18.402+0000] {logging_mixin.py:151} INFO - [2023-08-20T17:42:18.401+0000] {dag.py:2907} INFO - Sync 2 DAGs
[2023-08-20T17:42:18.418+0000] {logging_mixin.py:151} INFO - [2023-08-20T17:42:18.418+0000] {dag.py:3677} INFO - Setting next_dagrun for example_xcom_args to None, run_after=None
[2023-08-20T17:42:18.424+0000] {logging_mixin.py:151} INFO - [2023-08-20T17:42:18.424+0000] {dag.py:3677} INFO - Setting next_dagrun for example_xcom_args_with_operators to None, run_after=None
[2023-08-20T17:42:18.452+0000] {processor.py:179} INFO - Processing /home/airflow/.local/lib/python3.8/site-packages/airflow/example_dags/example_xcomargs.py took 0.104 seconds
[2023-08-20T17:42:48.860+0000] {processor.py:157} INFO - Started process (PID=625) to work on /home/airflow/.local/lib/python3.8/site-packages/airflow/example_dags/example_xcomargs.py
[2023-08-20T17:42:48.862+0000] {processor.py:829} INFO - Processing file /home/airflow/.local/lib/python3.8/site-packages/airflow/example_dags/example_xcomargs.py for tasks to queue
[2023-08-20T17:42:48.867+0000] {logging_mixin.py:151} INFO - [2023-08-20T17:42:48.867+0000] {dagbag.py:539} INFO - Filling up the DagBag from /home/airflow/.local/lib/python3.8/site-packages/airflow/example_dags/example_xcomargs.py
[2023-08-20T17:42:48.882+0000] {processor.py:839} INFO - DAG(s) dict_keys(['example_xcom_args', 'example_xcom_args_with_operators']) retrieved from /home/airflow/.local/lib/python3.8/site-packages/airflow/example_dags/example_xcomargs.py
[2023-08-20T17:42:48.926+0000] {logging_mixin.py:151} INFO - [2023-08-20T17:42:48.926+0000] {dag.py:2907} INFO - Sync 2 DAGs
[2023-08-20T17:42:48.947+0000] {logging_mixin.py:151} INFO - [2023-08-20T17:42:48.947+0000] {dag.py:3677} INFO - Setting next_dagrun for example_xcom_args to None, run_after=None
[2023-08-20T17:42:48.952+0000] {logging_mixin.py:151} INFO - [2023-08-20T17:42:48.952+0000] {dag.py:3677} INFO - Setting next_dagrun for example_xcom_args_with_operators to None, run_after=None
[2023-08-20T17:42:48.983+0000] {processor.py:179} INFO - Processing /home/airflow/.local/lib/python3.8/site-packages/airflow/example_dags/example_xcomargs.py took 0.127 seconds
[2023-08-20T17:43:19.370+0000] {processor.py:157} INFO - Started process (PID=679) to work on /home/airflow/.local/lib/python3.8/site-packages/airflow/example_dags/example_xcomargs.py
[2023-08-20T17:43:19.372+0000] {processor.py:829} INFO - Processing file /home/airflow/.local/lib/python3.8/site-packages/airflow/example_dags/example_xcomargs.py for tasks to queue
[2023-08-20T17:43:19.378+0000] {logging_mixin.py:151} INFO - [2023-08-20T17:43:19.377+0000] {dagbag.py:539} INFO - Filling up the DagBag from /home/airflow/.local/lib/python3.8/site-packages/airflow/example_dags/example_xcomargs.py
[2023-08-20T17:43:19.390+0000] {processor.py:839} INFO - DAG(s) dict_keys(['example_xcom_args_with_operators', 'example_xcom_args']) retrieved from /home/airflow/.local/lib/python3.8/site-packages/airflow/example_dags/example_xcomargs.py
[2023-08-20T17:43:19.429+0000] {logging_mixin.py:151} INFO - [2023-08-20T17:43:19.429+0000] {dag.py:2907} INFO - Sync 2 DAGs
[2023-08-20T17:43:19.449+0000] {logging_mixin.py:151} INFO - [2023-08-20T17:43:19.449+0000] {dag.py:3677} INFO - Setting next_dagrun for example_xcom_args to None, run_after=None
[2023-08-20T17:43:19.454+0000] {logging_mixin.py:151} INFO - [2023-08-20T17:43:19.454+0000] {dag.py:3677} INFO - Setting next_dagrun for example_xcom_args_with_operators to None, run_after=None
[2023-08-20T17:43:19.483+0000] {processor.py:179} INFO - Processing /home/airflow/.local/lib/python3.8/site-packages/airflow/example_dags/example_xcomargs.py took 0.118 seconds
[2023-08-20T17:43:49.930+0000] {processor.py:157} INFO - Started process (PID=733) to work on /home/airflow/.local/lib/python3.8/site-packages/airflow/example_dags/example_xcomargs.py
[2023-08-20T17:43:49.932+0000] {processor.py:829} INFO - Processing file /home/airflow/.local/lib/python3.8/site-packages/airflow/example_dags/example_xcomargs.py for tasks to queue
[2023-08-20T17:43:49.944+0000] {logging_mixin.py:151} INFO - [2023-08-20T17:43:49.943+0000] {dagbag.py:539} INFO - Filling up the DagBag from /home/airflow/.local/lib/python3.8/site-packages/airflow/example_dags/example_xcomargs.py
[2023-08-20T17:43:49.959+0000] {processor.py:839} INFO - DAG(s) dict_keys(['example_xcom_args', 'example_xcom_args_with_operators']) retrieved from /home/airflow/.local/lib/python3.8/site-packages/airflow/example_dags/example_xcomargs.py
[2023-08-20T17:43:49.996+0000] {logging_mixin.py:151} INFO - [2023-08-20T17:43:49.995+0000] {dag.py:2907} INFO - Sync 2 DAGs
[2023-08-20T17:43:50.016+0000] {logging_mixin.py:151} INFO - [2023-08-20T17:43:50.015+0000] {dag.py:3677} INFO - Setting next_dagrun for example_xcom_args to None, run_after=None
[2023-08-20T17:43:50.021+0000] {logging_mixin.py:151} INFO - [2023-08-20T17:43:50.021+0000] {dag.py:3677} INFO - Setting next_dagrun for example_xcom_args_with_operators to None, run_after=None
[2023-08-20T17:43:50.051+0000] {processor.py:179} INFO - Processing /home/airflow/.local/lib/python3.8/site-packages/airflow/example_dags/example_xcomargs.py took 0.127 seconds
[2023-08-20T17:44:20.661+0000] {processor.py:157} INFO - Started process (PID=787) to work on /home/airflow/.local/lib/python3.8/site-packages/airflow/example_dags/example_xcomargs.py
[2023-08-20T17:44:20.664+0000] {processor.py:829} INFO - Processing file /home/airflow/.local/lib/python3.8/site-packages/airflow/example_dags/example_xcomargs.py for tasks to queue
[2023-08-20T17:44:20.673+0000] {logging_mixin.py:151} INFO - [2023-08-20T17:44:20.673+0000] {dagbag.py:539} INFO - Filling up the DagBag from /home/airflow/.local/lib/python3.8/site-packages/airflow/example_dags/example_xcomargs.py
[2023-08-20T17:44:20.683+0000] {processor.py:839} INFO - DAG(s) dict_keys(['example_xcom_args', 'example_xcom_args_with_operators']) retrieved from /home/airflow/.local/lib/python3.8/site-packages/airflow/example_dags/example_xcomargs.py
[2023-08-20T17:44:20.717+0000] {logging_mixin.py:151} INFO - [2023-08-20T17:44:20.717+0000] {dag.py:2907} INFO - Sync 2 DAGs
[2023-08-20T17:44:20.737+0000] {logging_mixin.py:151} INFO - [2023-08-20T17:44:20.737+0000] {dag.py:3677} INFO - Setting next_dagrun for example_xcom_args to None, run_after=None
[2023-08-20T17:44:20.743+0000] {logging_mixin.py:151} INFO - [2023-08-20T17:44:20.743+0000] {dag.py:3677} INFO - Setting next_dagrun for example_xcom_args_with_operators to None, run_after=None
[2023-08-20T17:44:20.778+0000] {processor.py:179} INFO - Processing /home/airflow/.local/lib/python3.8/site-packages/airflow/example_dags/example_xcomargs.py took 0.123 seconds
[2023-08-20T17:44:51.415+0000] {processor.py:157} INFO - Started process (PID=841) to work on /home/airflow/.local/lib/python3.8/site-packages/airflow/example_dags/example_xcomargs.py
[2023-08-20T17:44:51.417+0000] {processor.py:829} INFO - Processing file /home/airflow/.local/lib/python3.8/site-packages/airflow/example_dags/example_xcomargs.py for tasks to queue
[2023-08-20T17:44:51.422+0000] {logging_mixin.py:151} INFO - [2023-08-20T17:44:51.421+0000] {dagbag.py:539} INFO - Filling up the DagBag from /home/airflow/.local/lib/python3.8/site-packages/airflow/example_dags/example_xcomargs.py
[2023-08-20T17:44:51.431+0000] {processor.py:839} INFO - DAG(s) dict_keys(['example_xcom_args_with_operators', 'example_xcom_args']) retrieved from /home/airflow/.local/lib/python3.8/site-packages/airflow/example_dags/example_xcomargs.py
[2023-08-20T17:44:51.464+0000] {logging_mixin.py:151} INFO - [2023-08-20T17:44:51.464+0000] {dag.py:2907} INFO - Sync 2 DAGs
[2023-08-20T17:44:51.487+0000] {logging_mixin.py:151} INFO - [2023-08-20T17:44:51.487+0000] {dag.py:3677} INFO - Setting next_dagrun for example_xcom_args to None, run_after=None
[2023-08-20T17:44:51.494+0000] {logging_mixin.py:151} INFO - [2023-08-20T17:44:51.494+0000] {dag.py:3677} INFO - Setting next_dagrun for example_xcom_args_with_operators to None, run_after=None
[2023-08-20T17:44:51.525+0000] {processor.py:179} INFO - Processing /home/airflow/.local/lib/python3.8/site-packages/airflow/example_dags/example_xcomargs.py took 0.114 seconds
[2023-08-20T17:45:21.673+0000] {processor.py:157} INFO - Started process (PID=894) to work on /home/airflow/.local/lib/python3.8/site-packages/airflow/example_dags/example_xcomargs.py
[2023-08-20T17:45:21.675+0000] {processor.py:829} INFO - Processing file /home/airflow/.local/lib/python3.8/site-packages/airflow/example_dags/example_xcomargs.py for tasks to queue
[2023-08-20T17:45:21.679+0000] {logging_mixin.py:151} INFO - [2023-08-20T17:45:21.678+0000] {dagbag.py:539} INFO - Filling up the DagBag from /home/airflow/.local/lib/python3.8/site-packages/airflow/example_dags/example_xcomargs.py
[2023-08-20T17:45:21.693+0000] {processor.py:839} INFO - DAG(s) dict_keys(['example_xcom_args', 'example_xcom_args_with_operators']) retrieved from /home/airflow/.local/lib/python3.8/site-packages/airflow/example_dags/example_xcomargs.py
[2023-08-20T17:45:21.731+0000] {logging_mixin.py:151} INFO - [2023-08-20T17:45:21.730+0000] {dag.py:2907} INFO - Sync 2 DAGs
[2023-08-20T17:45:21.750+0000] {logging_mixin.py:151} INFO - [2023-08-20T17:45:21.749+0000] {dag.py:3677} INFO - Setting next_dagrun for example_xcom_args to None, run_after=None
[2023-08-20T17:45:21.755+0000] {logging_mixin.py:151} INFO - [2023-08-20T17:45:21.755+0000] {dag.py:3677} INFO - Setting next_dagrun for example_xcom_args_with_operators to None, run_after=None
[2023-08-20T17:45:21.781+0000] {processor.py:179} INFO - Processing /home/airflow/.local/lib/python3.8/site-packages/airflow/example_dags/example_xcomargs.py took 0.112 seconds
[2023-08-20T17:45:51.996+0000] {processor.py:157} INFO - Started process (PID=948) to work on /home/airflow/.local/lib/python3.8/site-packages/airflow/example_dags/example_xcomargs.py
[2023-08-20T17:45:51.998+0000] {processor.py:829} INFO - Processing file /home/airflow/.local/lib/python3.8/site-packages/airflow/example_dags/example_xcomargs.py for tasks to queue
[2023-08-20T17:45:52.002+0000] {logging_mixin.py:151} INFO - [2023-08-20T17:45:52.002+0000] {dagbag.py:539} INFO - Filling up the DagBag from /home/airflow/.local/lib/python3.8/site-packages/airflow/example_dags/example_xcomargs.py
[2023-08-20T17:45:52.014+0000] {processor.py:839} INFO - DAG(s) dict_keys(['example_xcom_args_with_operators', 'example_xcom_args']) retrieved from /home/airflow/.local/lib/python3.8/site-packages/airflow/example_dags/example_xcomargs.py
[2023-08-20T17:45:52.047+0000] {logging_mixin.py:151} INFO - [2023-08-20T17:45:52.047+0000] {dag.py:2907} INFO - Sync 2 DAGs
[2023-08-20T17:45:52.066+0000] {logging_mixin.py:151} INFO - [2023-08-20T17:45:52.066+0000] {dag.py:3677} INFO - Setting next_dagrun for example_xcom_args to None, run_after=None
[2023-08-20T17:45:52.072+0000] {logging_mixin.py:151} INFO - [2023-08-20T17:45:52.072+0000] {dag.py:3677} INFO - Setting next_dagrun for example_xcom_args_with_operators to None, run_after=None
[2023-08-20T17:45:52.101+0000] {processor.py:179} INFO - Processing /home/airflow/.local/lib/python3.8/site-packages/airflow/example_dags/example_xcomargs.py took 0.110 seconds
[2023-08-20T17:46:22.202+0000] {processor.py:157} INFO - Started process (PID=1002) to work on /home/airflow/.local/lib/python3.8/site-packages/airflow/example_dags/example_xcomargs.py
[2023-08-20T17:46:22.203+0000] {processor.py:829} INFO - Processing file /home/airflow/.local/lib/python3.8/site-packages/airflow/example_dags/example_xcomargs.py for tasks to queue
[2023-08-20T17:46:22.208+0000] {logging_mixin.py:151} INFO - [2023-08-20T17:46:22.207+0000] {dagbag.py:539} INFO - Filling up the DagBag from /home/airflow/.local/lib/python3.8/site-packages/airflow/example_dags/example_xcomargs.py
[2023-08-20T17:46:22.218+0000] {processor.py:839} INFO - DAG(s) dict_keys(['example_xcom_args_with_operators', 'example_xcom_args']) retrieved from /home/airflow/.local/lib/python3.8/site-packages/airflow/example_dags/example_xcomargs.py
[2023-08-20T17:46:22.250+0000] {logging_mixin.py:151} INFO - [2023-08-20T17:46:22.250+0000] {dag.py:2907} INFO - Sync 2 DAGs
[2023-08-20T17:46:22.270+0000] {logging_mixin.py:151} INFO - [2023-08-20T17:46:22.270+0000] {dag.py:3677} INFO - Setting next_dagrun for example_xcom_args to None, run_after=None
[2023-08-20T17:46:22.275+0000] {logging_mixin.py:151} INFO - [2023-08-20T17:46:22.275+0000] {dag.py:3677} INFO - Setting next_dagrun for example_xcom_args_with_operators to None, run_after=None
[2023-08-20T17:46:22.297+0000] {processor.py:179} INFO - Processing /home/airflow/.local/lib/python3.8/site-packages/airflow/example_dags/example_xcomargs.py took 0.100 seconds
[2023-08-20T17:46:52.581+0000] {processor.py:157} INFO - Started process (PID=1056) to work on /home/airflow/.local/lib/python3.8/site-packages/airflow/example_dags/example_xcomargs.py
[2023-08-20T17:46:52.583+0000] {processor.py:829} INFO - Processing file /home/airflow/.local/lib/python3.8/site-packages/airflow/example_dags/example_xcomargs.py for tasks to queue
[2023-08-20T17:46:52.587+0000] {logging_mixin.py:151} INFO - [2023-08-20T17:46:52.587+0000] {dagbag.py:539} INFO - Filling up the DagBag from /home/airflow/.local/lib/python3.8/site-packages/airflow/example_dags/example_xcomargs.py
[2023-08-20T17:46:52.599+0000] {processor.py:839} INFO - DAG(s) dict_keys(['example_xcom_args', 'example_xcom_args_with_operators']) retrieved from /home/airflow/.local/lib/python3.8/site-packages/airflow/example_dags/example_xcomargs.py
[2023-08-20T17:46:52.633+0000] {logging_mixin.py:151} INFO - [2023-08-20T17:46:52.633+0000] {dag.py:2907} INFO - Sync 2 DAGs
[2023-08-20T17:46:52.652+0000] {logging_mixin.py:151} INFO - [2023-08-20T17:46:52.651+0000] {dag.py:3677} INFO - Setting next_dagrun for example_xcom_args to None, run_after=None
[2023-08-20T17:46:52.658+0000] {logging_mixin.py:151} INFO - [2023-08-20T17:46:52.658+0000] {dag.py:3677} INFO - Setting next_dagrun for example_xcom_args_with_operators to None, run_after=None
[2023-08-20T17:46:52.688+0000] {processor.py:179} INFO - Processing /home/airflow/.local/lib/python3.8/site-packages/airflow/example_dags/example_xcomargs.py took 0.112 seconds
