[2023-08-20T17:37:36.152+0000] {processor.py:157} INFO - Started process (PID=44) to work on /home/airflow/.local/lib/python3.8/site-packages/airflow/example_dags/example_params_ui_tutorial.py
[2023-08-20T17:37:36.154+0000] {processor.py:829} INFO - Processing file /home/airflow/.local/lib/python3.8/site-packages/airflow/example_dags/example_params_ui_tutorial.py for tasks to queue
[2023-08-20T17:37:36.157+0000] {logging_mixin.py:151} INFO - [2023-08-20T17:37:36.157+0000] {dagbag.py:539} INFO - Filling up the DagBag from /home/airflow/.local/lib/python3.8/site-packages/airflow/example_dags/example_params_ui_tutorial.py
[2023-08-20T17:37:36.324+0000] {processor.py:839} INFO - DAG(s) dict_keys(['example_params_ui_tutorial']) retrieved from /home/airflow/.local/lib/python3.8/site-packages/airflow/example_dags/example_params_ui_tutorial.py
[2023-08-20T17:37:36.358+0000] {logging_mixin.py:151} INFO - [2023-08-20T17:37:36.358+0000] {dag.py:2907} INFO - Sync 1 DAGs
[2023-08-20T17:37:36.375+0000] {logging_mixin.py:151} INFO - [2023-08-20T17:37:36.375+0000] {dag.py:3677} INFO - Setting next_dagrun for example_params_ui_tutorial to None, run_after=None
[2023-08-20T17:37:36.559+0000] {processor.py:179} INFO - Processing /home/airflow/.local/lib/python3.8/site-packages/airflow/example_dags/example_params_ui_tutorial.py took 0.413 seconds
[2023-08-20T17:38:06.896+0000] {processor.py:157} INFO - Started process (PID=98) to work on /home/airflow/.local/lib/python3.8/site-packages/airflow/example_dags/example_params_ui_tutorial.py
[2023-08-20T17:38:06.898+0000] {processor.py:829} INFO - Processing file /home/airflow/.local/lib/python3.8/site-packages/airflow/example_dags/example_params_ui_tutorial.py for tasks to queue
[2023-08-20T17:38:06.903+0000] {logging_mixin.py:151} INFO - [2023-08-20T17:38:06.902+0000] {dagbag.py:539} INFO - Filling up the DagBag from /home/airflow/.local/lib/python3.8/site-packages/airflow/example_dags/example_params_ui_tutorial.py
[2023-08-20T17:38:06.977+0000] {processor.py:839} INFO - DAG(s) dict_keys(['example_params_ui_tutorial']) retrieved from /home/airflow/.local/lib/python3.8/site-packages/airflow/example_dags/example_params_ui_tutorial.py
[2023-08-20T17:38:07.073+0000] {logging_mixin.py:151} INFO - [2023-08-20T17:38:07.073+0000] {dag.py:2907} INFO - Sync 1 DAGs
[2023-08-20T17:38:07.090+0000] {logging_mixin.py:151} INFO - [2023-08-20T17:38:07.090+0000] {dag.py:3677} INFO - Setting next_dagrun for example_params_ui_tutorial to None, run_after=None
[2023-08-20T17:38:07.118+0000] {processor.py:179} INFO - Processing /home/airflow/.local/lib/python3.8/site-packages/airflow/example_dags/example_params_ui_tutorial.py took 0.229 seconds
[2023-08-20T17:38:37.265+0000] {processor.py:157} INFO - Started process (PID=152) to work on /home/airflow/.local/lib/python3.8/site-packages/airflow/example_dags/example_params_ui_tutorial.py
[2023-08-20T17:38:37.267+0000] {processor.py:829} INFO - Processing file /home/airflow/.local/lib/python3.8/site-packages/airflow/example_dags/example_params_ui_tutorial.py for tasks to queue
[2023-08-20T17:38:37.270+0000] {logging_mixin.py:151} INFO - [2023-08-20T17:38:37.270+0000] {dagbag.py:539} INFO - Filling up the DagBag from /home/airflow/.local/lib/python3.8/site-packages/airflow/example_dags/example_params_ui_tutorial.py
[2023-08-20T17:38:37.317+0000] {processor.py:839} INFO - DAG(s) dict_keys(['example_params_ui_tutorial']) retrieved from /home/airflow/.local/lib/python3.8/site-packages/airflow/example_dags/example_params_ui_tutorial.py
[2023-08-20T17:38:37.388+0000] {logging_mixin.py:151} INFO - [2023-08-20T17:38:37.388+0000] {dag.py:2907} INFO - Sync 1 DAGs
[2023-08-20T17:38:37.405+0000] {logging_mixin.py:151} INFO - [2023-08-20T17:38:37.405+0000] {dag.py:3677} INFO - Setting next_dagrun for example_params_ui_tutorial to None, run_after=None
[2023-08-20T17:38:37.431+0000] {processor.py:179} INFO - Processing /home/airflow/.local/lib/python3.8/site-packages/airflow/example_dags/example_params_ui_tutorial.py took 0.171 seconds
[2023-08-20T17:39:07.664+0000] {processor.py:157} INFO - Started process (PID=207) to work on /home/airflow/.local/lib/python3.8/site-packages/airflow/example_dags/example_params_ui_tutorial.py
[2023-08-20T17:39:07.666+0000] {processor.py:829} INFO - Processing file /home/airflow/.local/lib/python3.8/site-packages/airflow/example_dags/example_params_ui_tutorial.py for tasks to queue
[2023-08-20T17:39:07.669+0000] {logging_mixin.py:151} INFO - [2023-08-20T17:39:07.668+0000] {dagbag.py:539} INFO - Filling up the DagBag from /home/airflow/.local/lib/python3.8/site-packages/airflow/example_dags/example_params_ui_tutorial.py
[2023-08-20T17:39:07.710+0000] {processor.py:839} INFO - DAG(s) dict_keys(['example_params_ui_tutorial']) retrieved from /home/airflow/.local/lib/python3.8/site-packages/airflow/example_dags/example_params_ui_tutorial.py
[2023-08-20T17:39:07.792+0000] {logging_mixin.py:151} INFO - [2023-08-20T17:39:07.792+0000] {dag.py:2907} INFO - Sync 1 DAGs
[2023-08-20T17:39:07.808+0000] {logging_mixin.py:151} INFO - [2023-08-20T17:39:07.808+0000] {dag.py:3677} INFO - Setting next_dagrun for example_params_ui_tutorial to None, run_after=None
[2023-08-20T17:39:07.833+0000] {processor.py:179} INFO - Processing /home/airflow/.local/lib/python3.8/site-packages/airflow/example_dags/example_params_ui_tutorial.py took 0.173 seconds
[2023-08-20T17:39:37.997+0000] {processor.py:157} INFO - Started process (PID=261) to work on /home/airflow/.local/lib/python3.8/site-packages/airflow/example_dags/example_params_ui_tutorial.py
[2023-08-20T17:39:38.000+0000] {processor.py:829} INFO - Processing file /home/airflow/.local/lib/python3.8/site-packages/airflow/example_dags/example_params_ui_tutorial.py for tasks to queue
[2023-08-20T17:39:38.004+0000] {logging_mixin.py:151} INFO - [2023-08-20T17:39:38.003+0000] {dagbag.py:539} INFO - Filling up the DagBag from /home/airflow/.local/lib/python3.8/site-packages/airflow/example_dags/example_params_ui_tutorial.py
[2023-08-20T17:39:38.062+0000] {processor.py:839} INFO - DAG(s) dict_keys(['example_params_ui_tutorial']) retrieved from /home/airflow/.local/lib/python3.8/site-packages/airflow/example_dags/example_params_ui_tutorial.py
[2023-08-20T17:39:38.077+0000] {logging_mixin.py:151} INFO - [2023-08-20T17:39:38.076+0000] {dag.py:2907} INFO - Sync 1 DAGs
[2023-08-20T17:39:38.094+0000] {logging_mixin.py:151} INFO - [2023-08-20T17:39:38.094+0000] {dag.py:3677} INFO - Setting next_dagrun for example_params_ui_tutorial to None, run_after=None
[2023-08-20T17:39:38.120+0000] {processor.py:179} INFO - Processing /home/airflow/.local/lib/python3.8/site-packages/airflow/example_dags/example_params_ui_tutorial.py took 0.129 seconds
[2023-08-20T17:40:08.273+0000] {processor.py:157} INFO - Started process (PID=315) to work on /home/airflow/.local/lib/python3.8/site-packages/airflow/example_dags/example_params_ui_tutorial.py
[2023-08-20T17:40:08.275+0000] {processor.py:829} INFO - Processing file /home/airflow/.local/lib/python3.8/site-packages/airflow/example_dags/example_params_ui_tutorial.py for tasks to queue
[2023-08-20T17:40:08.278+0000] {logging_mixin.py:151} INFO - [2023-08-20T17:40:08.278+0000] {dagbag.py:539} INFO - Filling up the DagBag from /home/airflow/.local/lib/python3.8/site-packages/airflow/example_dags/example_params_ui_tutorial.py
[2023-08-20T17:40:08.328+0000] {processor.py:839} INFO - DAG(s) dict_keys(['example_params_ui_tutorial']) retrieved from /home/airflow/.local/lib/python3.8/site-packages/airflow/example_dags/example_params_ui_tutorial.py
[2023-08-20T17:40:08.400+0000] {logging_mixin.py:151} INFO - [2023-08-20T17:40:08.399+0000] {dag.py:2907} INFO - Sync 1 DAGs
[2023-08-20T17:40:08.416+0000] {logging_mixin.py:151} INFO - [2023-08-20T17:40:08.416+0000] {dag.py:3677} INFO - Setting next_dagrun for example_params_ui_tutorial to None, run_after=None
[2023-08-20T17:40:08.443+0000] {processor.py:179} INFO - Processing /home/airflow/.local/lib/python3.8/site-packages/airflow/example_dags/example_params_ui_tutorial.py took 0.175 seconds
[2023-08-20T17:40:38.695+0000] {processor.py:157} INFO - Started process (PID=368) to work on /home/airflow/.local/lib/python3.8/site-packages/airflow/example_dags/example_params_ui_tutorial.py
[2023-08-20T17:40:38.700+0000] {processor.py:829} INFO - Processing file /home/airflow/.local/lib/python3.8/site-packages/airflow/example_dags/example_params_ui_tutorial.py for tasks to queue
[2023-08-20T17:40:38.706+0000] {logging_mixin.py:151} INFO - [2023-08-20T17:40:38.705+0000] {dagbag.py:539} INFO - Filling up the DagBag from /home/airflow/.local/lib/python3.8/site-packages/airflow/example_dags/example_params_ui_tutorial.py
[2023-08-20T17:40:38.764+0000] {processor.py:839} INFO - DAG(s) dict_keys(['example_params_ui_tutorial']) retrieved from /home/airflow/.local/lib/python3.8/site-packages/airflow/example_dags/example_params_ui_tutorial.py
[2023-08-20T17:40:38.834+0000] {logging_mixin.py:151} INFO - [2023-08-20T17:40:38.834+0000] {dag.py:2907} INFO - Sync 1 DAGs
[2023-08-20T17:40:38.853+0000] {logging_mixin.py:151} INFO - [2023-08-20T17:40:38.853+0000] {dag.py:3677} INFO - Setting next_dagrun for example_params_ui_tutorial to None, run_after=None
[2023-08-20T17:40:38.881+0000] {processor.py:179} INFO - Processing /home/airflow/.local/lib/python3.8/site-packages/airflow/example_dags/example_params_ui_tutorial.py took 0.190 seconds
[2023-08-20T17:41:09.130+0000] {processor.py:157} INFO - Started process (PID=422) to work on /home/airflow/.local/lib/python3.8/site-packages/airflow/example_dags/example_params_ui_tutorial.py
[2023-08-20T17:41:09.132+0000] {processor.py:829} INFO - Processing file /home/airflow/.local/lib/python3.8/site-packages/airflow/example_dags/example_params_ui_tutorial.py for tasks to queue
[2023-08-20T17:41:09.135+0000] {logging_mixin.py:151} INFO - [2023-08-20T17:41:09.135+0000] {dagbag.py:539} INFO - Filling up the DagBag from /home/airflow/.local/lib/python3.8/site-packages/airflow/example_dags/example_params_ui_tutorial.py
[2023-08-20T17:41:09.196+0000] {processor.py:839} INFO - DAG(s) dict_keys(['example_params_ui_tutorial']) retrieved from /home/airflow/.local/lib/python3.8/site-packages/airflow/example_dags/example_params_ui_tutorial.py
[2023-08-20T17:41:09.279+0000] {logging_mixin.py:151} INFO - [2023-08-20T17:41:09.279+0000] {dag.py:2907} INFO - Sync 1 DAGs
[2023-08-20T17:41:09.299+0000] {logging_mixin.py:151} INFO - [2023-08-20T17:41:09.299+0000] {dag.py:3677} INFO - Setting next_dagrun for example_params_ui_tutorial to None, run_after=None
[2023-08-20T17:41:09.330+0000] {processor.py:179} INFO - Processing /home/airflow/.local/lib/python3.8/site-packages/airflow/example_dags/example_params_ui_tutorial.py took 0.205 seconds
[2023-08-20T17:41:39.438+0000] {processor.py:157} INFO - Started process (PID=477) to work on /home/airflow/.local/lib/python3.8/site-packages/airflow/example_dags/example_params_ui_tutorial.py
[2023-08-20T17:41:39.440+0000] {processor.py:829} INFO - Processing file /home/airflow/.local/lib/python3.8/site-packages/airflow/example_dags/example_params_ui_tutorial.py for tasks to queue
[2023-08-20T17:41:39.443+0000] {logging_mixin.py:151} INFO - [2023-08-20T17:41:39.443+0000] {dagbag.py:539} INFO - Filling up the DagBag from /home/airflow/.local/lib/python3.8/site-packages/airflow/example_dags/example_params_ui_tutorial.py
[2023-08-20T17:41:39.505+0000] {processor.py:839} INFO - DAG(s) dict_keys(['example_params_ui_tutorial']) retrieved from /home/airflow/.local/lib/python3.8/site-packages/airflow/example_dags/example_params_ui_tutorial.py
[2023-08-20T17:41:39.596+0000] {logging_mixin.py:151} INFO - [2023-08-20T17:41:39.595+0000] {dag.py:2907} INFO - Sync 1 DAGs
[2023-08-20T17:41:39.617+0000] {logging_mixin.py:151} INFO - [2023-08-20T17:41:39.617+0000] {dag.py:3677} INFO - Setting next_dagrun for example_params_ui_tutorial to None, run_after=None
[2023-08-20T17:41:39.648+0000] {processor.py:179} INFO - Processing /home/airflow/.local/lib/python3.8/site-packages/airflow/example_dags/example_params_ui_tutorial.py took 0.215 seconds
[2023-08-20T17:42:09.966+0000] {processor.py:157} INFO - Started process (PID=531) to work on /home/airflow/.local/lib/python3.8/site-packages/airflow/example_dags/example_params_ui_tutorial.py
[2023-08-20T17:42:09.968+0000] {processor.py:829} INFO - Processing file /home/airflow/.local/lib/python3.8/site-packages/airflow/example_dags/example_params_ui_tutorial.py for tasks to queue
[2023-08-20T17:42:09.972+0000] {logging_mixin.py:151} INFO - [2023-08-20T17:42:09.971+0000] {dagbag.py:539} INFO - Filling up the DagBag from /home/airflow/.local/lib/python3.8/site-packages/airflow/example_dags/example_params_ui_tutorial.py
[2023-08-20T17:42:10.019+0000] {processor.py:839} INFO - DAG(s) dict_keys(['example_params_ui_tutorial']) retrieved from /home/airflow/.local/lib/python3.8/site-packages/airflow/example_dags/example_params_ui_tutorial.py
[2023-08-20T17:42:10.090+0000] {logging_mixin.py:151} INFO - [2023-08-20T17:42:10.089+0000] {dag.py:2907} INFO - Sync 1 DAGs
[2023-08-20T17:42:10.110+0000] {logging_mixin.py:151} INFO - [2023-08-20T17:42:10.110+0000] {dag.py:3677} INFO - Setting next_dagrun for example_params_ui_tutorial to None, run_after=None
[2023-08-20T17:42:10.138+0000] {processor.py:179} INFO - Processing /home/airflow/.local/lib/python3.8/site-packages/airflow/example_dags/example_params_ui_tutorial.py took 0.181 seconds
[2023-08-20T17:42:40.357+0000] {processor.py:157} INFO - Started process (PID=585) to work on /home/airflow/.local/lib/python3.8/site-packages/airflow/example_dags/example_params_ui_tutorial.py
[2023-08-20T17:42:40.359+0000] {processor.py:829} INFO - Processing file /home/airflow/.local/lib/python3.8/site-packages/airflow/example_dags/example_params_ui_tutorial.py for tasks to queue
[2023-08-20T17:42:40.364+0000] {logging_mixin.py:151} INFO - [2023-08-20T17:42:40.363+0000] {dagbag.py:539} INFO - Filling up the DagBag from /home/airflow/.local/lib/python3.8/site-packages/airflow/example_dags/example_params_ui_tutorial.py
[2023-08-20T17:42:40.419+0000] {processor.py:839} INFO - DAG(s) dict_keys(['example_params_ui_tutorial']) retrieved from /home/airflow/.local/lib/python3.8/site-packages/airflow/example_dags/example_params_ui_tutorial.py
[2023-08-20T17:42:40.499+0000] {logging_mixin.py:151} INFO - [2023-08-20T17:42:40.499+0000] {dag.py:2907} INFO - Sync 1 DAGs
[2023-08-20T17:42:40.516+0000] {logging_mixin.py:151} INFO - [2023-08-20T17:42:40.515+0000] {dag.py:3677} INFO - Setting next_dagrun for example_params_ui_tutorial to None, run_after=None
[2023-08-20T17:42:40.550+0000] {processor.py:179} INFO - Processing /home/airflow/.local/lib/python3.8/site-packages/airflow/example_dags/example_params_ui_tutorial.py took 0.198 seconds
[2023-08-20T17:43:10.934+0000] {processor.py:157} INFO - Started process (PID=639) to work on /home/airflow/.local/lib/python3.8/site-packages/airflow/example_dags/example_params_ui_tutorial.py
[2023-08-20T17:43:10.936+0000] {processor.py:829} INFO - Processing file /home/airflow/.local/lib/python3.8/site-packages/airflow/example_dags/example_params_ui_tutorial.py for tasks to queue
[2023-08-20T17:43:10.941+0000] {logging_mixin.py:151} INFO - [2023-08-20T17:43:10.941+0000] {dagbag.py:539} INFO - Filling up the DagBag from /home/airflow/.local/lib/python3.8/site-packages/airflow/example_dags/example_params_ui_tutorial.py
[2023-08-20T17:43:10.998+0000] {processor.py:839} INFO - DAG(s) dict_keys(['example_params_ui_tutorial']) retrieved from /home/airflow/.local/lib/python3.8/site-packages/airflow/example_dags/example_params_ui_tutorial.py
[2023-08-20T17:43:11.078+0000] {logging_mixin.py:151} INFO - [2023-08-20T17:43:11.078+0000] {dag.py:2907} INFO - Sync 1 DAGs
[2023-08-20T17:43:11.097+0000] {logging_mixin.py:151} INFO - [2023-08-20T17:43:11.096+0000] {dag.py:3677} INFO - Setting next_dagrun for example_params_ui_tutorial to None, run_after=None
[2023-08-20T17:43:11.139+0000] {processor.py:179} INFO - Processing /home/airflow/.local/lib/python3.8/site-packages/airflow/example_dags/example_params_ui_tutorial.py took 0.213 seconds
[2023-08-20T17:43:41.707+0000] {processor.py:157} INFO - Started process (PID=693) to work on /home/airflow/.local/lib/python3.8/site-packages/airflow/example_dags/example_params_ui_tutorial.py
[2023-08-20T17:43:41.710+0000] {processor.py:829} INFO - Processing file /home/airflow/.local/lib/python3.8/site-packages/airflow/example_dags/example_params_ui_tutorial.py for tasks to queue
[2023-08-20T17:43:41.714+0000] {logging_mixin.py:151} INFO - [2023-08-20T17:43:41.714+0000] {dagbag.py:539} INFO - Filling up the DagBag from /home/airflow/.local/lib/python3.8/site-packages/airflow/example_dags/example_params_ui_tutorial.py
[2023-08-20T17:43:41.769+0000] {processor.py:839} INFO - DAG(s) dict_keys(['example_params_ui_tutorial']) retrieved from /home/airflow/.local/lib/python3.8/site-packages/airflow/example_dags/example_params_ui_tutorial.py
[2023-08-20T17:43:41.844+0000] {logging_mixin.py:151} INFO - [2023-08-20T17:43:41.844+0000] {dag.py:2907} INFO - Sync 1 DAGs
[2023-08-20T17:43:41.863+0000] {logging_mixin.py:151} INFO - [2023-08-20T17:43:41.863+0000] {dag.py:3677} INFO - Setting next_dagrun for example_params_ui_tutorial to None, run_after=None
[2023-08-20T17:43:41.888+0000] {processor.py:179} INFO - Processing /home/airflow/.local/lib/python3.8/site-packages/airflow/example_dags/example_params_ui_tutorial.py took 0.187 seconds
[2023-08-20T17:44:12.053+0000] {processor.py:157} INFO - Started process (PID=747) to work on /home/airflow/.local/lib/python3.8/site-packages/airflow/example_dags/example_params_ui_tutorial.py
[2023-08-20T17:44:12.055+0000] {processor.py:829} INFO - Processing file /home/airflow/.local/lib/python3.8/site-packages/airflow/example_dags/example_params_ui_tutorial.py for tasks to queue
[2023-08-20T17:44:12.059+0000] {logging_mixin.py:151} INFO - [2023-08-20T17:44:12.058+0000] {dagbag.py:539} INFO - Filling up the DagBag from /home/airflow/.local/lib/python3.8/site-packages/airflow/example_dags/example_params_ui_tutorial.py
[2023-08-20T17:44:12.107+0000] {processor.py:839} INFO - DAG(s) dict_keys(['example_params_ui_tutorial']) retrieved from /home/airflow/.local/lib/python3.8/site-packages/airflow/example_dags/example_params_ui_tutorial.py
[2023-08-20T17:44:12.201+0000] {logging_mixin.py:151} INFO - [2023-08-20T17:44:12.200+0000] {dag.py:2907} INFO - Sync 1 DAGs
[2023-08-20T17:44:12.218+0000] {logging_mixin.py:151} INFO - [2023-08-20T17:44:12.218+0000] {dag.py:3677} INFO - Setting next_dagrun for example_params_ui_tutorial to None, run_after=None
[2023-08-20T17:44:12.247+0000] {processor.py:179} INFO - Processing /home/airflow/.local/lib/python3.8/site-packages/airflow/example_dags/example_params_ui_tutorial.py took 0.199 seconds
[2023-08-20T17:44:42.332+0000] {processor.py:157} INFO - Started process (PID=801) to work on /home/airflow/.local/lib/python3.8/site-packages/airflow/example_dags/example_params_ui_tutorial.py
[2023-08-20T17:44:42.335+0000] {processor.py:829} INFO - Processing file /home/airflow/.local/lib/python3.8/site-packages/airflow/example_dags/example_params_ui_tutorial.py for tasks to queue
[2023-08-20T17:44:42.339+0000] {logging_mixin.py:151} INFO - [2023-08-20T17:44:42.338+0000] {dagbag.py:539} INFO - Filling up the DagBag from /home/airflow/.local/lib/python3.8/site-packages/airflow/example_dags/example_params_ui_tutorial.py
[2023-08-20T17:44:42.394+0000] {processor.py:839} INFO - DAG(s) dict_keys(['example_params_ui_tutorial']) retrieved from /home/airflow/.local/lib/python3.8/site-packages/airflow/example_dags/example_params_ui_tutorial.py
[2023-08-20T17:44:42.464+0000] {logging_mixin.py:151} INFO - [2023-08-20T17:44:42.464+0000] {dag.py:2907} INFO - Sync 1 DAGs
[2023-08-20T17:44:42.484+0000] {logging_mixin.py:151} INFO - [2023-08-20T17:44:42.484+0000] {dag.py:3677} INFO - Setting next_dagrun for example_params_ui_tutorial to None, run_after=None
[2023-08-20T17:44:42.514+0000] {processor.py:179} INFO - Processing /home/airflow/.local/lib/python3.8/site-packages/airflow/example_dags/example_params_ui_tutorial.py took 0.186 seconds
[2023-08-20T17:45:13.048+0000] {processor.py:157} INFO - Started process (PID=855) to work on /home/airflow/.local/lib/python3.8/site-packages/airflow/example_dags/example_params_ui_tutorial.py
[2023-08-20T17:45:13.050+0000] {processor.py:829} INFO - Processing file /home/airflow/.local/lib/python3.8/site-packages/airflow/example_dags/example_params_ui_tutorial.py for tasks to queue
[2023-08-20T17:45:13.053+0000] {logging_mixin.py:151} INFO - [2023-08-20T17:45:13.053+0000] {dagbag.py:539} INFO - Filling up the DagBag from /home/airflow/.local/lib/python3.8/site-packages/airflow/example_dags/example_params_ui_tutorial.py
[2023-08-20T17:45:13.102+0000] {processor.py:839} INFO - DAG(s) dict_keys(['example_params_ui_tutorial']) retrieved from /home/airflow/.local/lib/python3.8/site-packages/airflow/example_dags/example_params_ui_tutorial.py
[2023-08-20T17:45:13.181+0000] {logging_mixin.py:151} INFO - [2023-08-20T17:45:13.181+0000] {dag.py:2907} INFO - Sync 1 DAGs
[2023-08-20T17:45:13.199+0000] {logging_mixin.py:151} INFO - [2023-08-20T17:45:13.199+0000] {dag.py:3677} INFO - Setting next_dagrun for example_params_ui_tutorial to None, run_after=None
[2023-08-20T17:45:13.227+0000] {processor.py:179} INFO - Processing /home/airflow/.local/lib/python3.8/site-packages/airflow/example_dags/example_params_ui_tutorial.py took 0.184 seconds
[2023-08-20T17:45:43.549+0000] {processor.py:157} INFO - Started process (PID=909) to work on /home/airflow/.local/lib/python3.8/site-packages/airflow/example_dags/example_params_ui_tutorial.py
[2023-08-20T17:45:43.551+0000] {processor.py:829} INFO - Processing file /home/airflow/.local/lib/python3.8/site-packages/airflow/example_dags/example_params_ui_tutorial.py for tasks to queue
[2023-08-20T17:45:43.555+0000] {logging_mixin.py:151} INFO - [2023-08-20T17:45:43.554+0000] {dagbag.py:539} INFO - Filling up the DagBag from /home/airflow/.local/lib/python3.8/site-packages/airflow/example_dags/example_params_ui_tutorial.py
[2023-08-20T17:45:43.620+0000] {processor.py:839} INFO - DAG(s) dict_keys(['example_params_ui_tutorial']) retrieved from /home/airflow/.local/lib/python3.8/site-packages/airflow/example_dags/example_params_ui_tutorial.py
[2023-08-20T17:45:43.696+0000] {logging_mixin.py:151} INFO - [2023-08-20T17:45:43.696+0000] {dag.py:2907} INFO - Sync 1 DAGs
[2023-08-20T17:45:43.715+0000] {logging_mixin.py:151} INFO - [2023-08-20T17:45:43.715+0000] {dag.py:3677} INFO - Setting next_dagrun for example_params_ui_tutorial to None, run_after=None
[2023-08-20T17:45:43.742+0000] {processor.py:179} INFO - Processing /home/airflow/.local/lib/python3.8/site-packages/airflow/example_dags/example_params_ui_tutorial.py took 0.197 seconds
[2023-08-20T17:46:13.871+0000] {processor.py:157} INFO - Started process (PID=963) to work on /home/airflow/.local/lib/python3.8/site-packages/airflow/example_dags/example_params_ui_tutorial.py
[2023-08-20T17:46:13.874+0000] {processor.py:829} INFO - Processing file /home/airflow/.local/lib/python3.8/site-packages/airflow/example_dags/example_params_ui_tutorial.py for tasks to queue
[2023-08-20T17:46:13.878+0000] {logging_mixin.py:151} INFO - [2023-08-20T17:46:13.878+0000] {dagbag.py:539} INFO - Filling up the DagBag from /home/airflow/.local/lib/python3.8/site-packages/airflow/example_dags/example_params_ui_tutorial.py
[2023-08-20T17:46:13.927+0000] {processor.py:839} INFO - DAG(s) dict_keys(['example_params_ui_tutorial']) retrieved from /home/airflow/.local/lib/python3.8/site-packages/airflow/example_dags/example_params_ui_tutorial.py
[2023-08-20T17:46:14.001+0000] {logging_mixin.py:151} INFO - [2023-08-20T17:46:14.001+0000] {dag.py:2907} INFO - Sync 1 DAGs
[2023-08-20T17:46:14.023+0000] {logging_mixin.py:151} INFO - [2023-08-20T17:46:14.023+0000] {dag.py:3677} INFO - Setting next_dagrun for example_params_ui_tutorial to None, run_after=None
[2023-08-20T17:46:14.052+0000] {processor.py:179} INFO - Processing /home/airflow/.local/lib/python3.8/site-packages/airflow/example_dags/example_params_ui_tutorial.py took 0.186 seconds
[2023-08-20T17:46:44.250+0000] {processor.py:157} INFO - Started process (PID=1017) to work on /home/airflow/.local/lib/python3.8/site-packages/airflow/example_dags/example_params_ui_tutorial.py
[2023-08-20T17:46:44.252+0000] {processor.py:829} INFO - Processing file /home/airflow/.local/lib/python3.8/site-packages/airflow/example_dags/example_params_ui_tutorial.py for tasks to queue
[2023-08-20T17:46:44.257+0000] {logging_mixin.py:151} INFO - [2023-08-20T17:46:44.256+0000] {dagbag.py:539} INFO - Filling up the DagBag from /home/airflow/.local/lib/python3.8/site-packages/airflow/example_dags/example_params_ui_tutorial.py
[2023-08-20T17:46:44.309+0000] {processor.py:839} INFO - DAG(s) dict_keys(['example_params_ui_tutorial']) retrieved from /home/airflow/.local/lib/python3.8/site-packages/airflow/example_dags/example_params_ui_tutorial.py
[2023-08-20T17:46:44.376+0000] {logging_mixin.py:151} INFO - [2023-08-20T17:46:44.376+0000] {dag.py:2907} INFO - Sync 1 DAGs
[2023-08-20T17:46:44.393+0000] {logging_mixin.py:151} INFO - [2023-08-20T17:46:44.392+0000] {dag.py:3677} INFO - Setting next_dagrun for example_params_ui_tutorial to None, run_after=None
[2023-08-20T17:46:44.419+0000] {processor.py:179} INFO - Processing /home/airflow/.local/lib/python3.8/site-packages/airflow/example_dags/example_params_ui_tutorial.py took 0.174 seconds
