[2023-08-20 11:40:23,254] {scheduler_job.py:182} INFO - Started process (PID=52) to work on /home/airflow/.local/lib/python3.6/site-packages/airflow/example_dags/example_trigger_target_dag.py
[2023-08-20 11:40:23,256] {scheduler_job.py:629} INFO - Processing file /home/airflow/.local/lib/python3.6/site-packages/airflow/example_dags/example_trigger_target_dag.py for tasks to queue
[2023-08-20 11:40:23,257] {logging_mixin.py:104} INFO - [2023-08-20 11:40:23,257] {dagbag.py:451} INFO - Filling up the DagBag from /home/airflow/.local/lib/python3.6/site-packages/airflow/example_dags/example_trigger_target_dag.py
[2023-08-20 11:40:23,274] {scheduler_job.py:639} INFO - DAG(s) dict_keys(['example_trigger_target_dag']) retrieved from /home/airflow/.local/lib/python3.6/site-packages/airflow/example_dags/example_trigger_target_dag.py
[2023-08-20 11:40:23,317] {logging_mixin.py:104} INFO - [2023-08-20 11:40:23,317] {dag.py:1824} INFO - Sync 1 DAGs
[2023-08-20 11:40:23,336] {logging_mixin.py:104} INFO - [2023-08-20 11:40:23,336] {dag.py:1843} INFO - Creating ORM DAG for example_trigger_target_dag
[2023-08-20 11:40:23,342] {logging_mixin.py:104} INFO - [2023-08-20 11:40:23,342] {dag.py:2280} INFO - Setting next_dagrun for example_trigger_target_dag to None
[2023-08-20 11:40:23,373] {scheduler_job.py:190} INFO - Processing /home/airflow/.local/lib/python3.6/site-packages/airflow/example_dags/example_trigger_target_dag.py took 0.123 seconds
[2023-08-20 11:40:54,146] {scheduler_job.py:182} INFO - Started process (PID=81) to work on /home/airflow/.local/lib/python3.6/site-packages/airflow/example_dags/example_trigger_target_dag.py
[2023-08-20 11:40:54,148] {scheduler_job.py:629} INFO - Processing file /home/airflow/.local/lib/python3.6/site-packages/airflow/example_dags/example_trigger_target_dag.py for tasks to queue
[2023-08-20 11:40:54,149] {logging_mixin.py:104} INFO - [2023-08-20 11:40:54,149] {dagbag.py:451} INFO - Filling up the DagBag from /home/airflow/.local/lib/python3.6/site-packages/airflow/example_dags/example_trigger_target_dag.py
[2023-08-20 11:40:54,163] {scheduler_job.py:639} INFO - DAG(s) dict_keys(['example_trigger_target_dag']) retrieved from /home/airflow/.local/lib/python3.6/site-packages/airflow/example_dags/example_trigger_target_dag.py
[2023-08-20 11:40:54,190] {logging_mixin.py:104} INFO - [2023-08-20 11:40:54,189] {dag.py:1824} INFO - Sync 1 DAGs
[2023-08-20 11:40:54,211] {logging_mixin.py:104} INFO - [2023-08-20 11:40:54,210] {dag.py:2280} INFO - Setting next_dagrun for example_trigger_target_dag to None
[2023-08-20 11:40:54,224] {scheduler_job.py:190} INFO - Processing /home/airflow/.local/lib/python3.6/site-packages/airflow/example_dags/example_trigger_target_dag.py took 0.083 seconds
[2023-08-20 11:41:25,647] {scheduler_job.py:182} INFO - Started process (PID=113) to work on /home/airflow/.local/lib/python3.6/site-packages/airflow/example_dags/example_trigger_target_dag.py
[2023-08-20 11:41:25,649] {scheduler_job.py:629} INFO - Processing file /home/airflow/.local/lib/python3.6/site-packages/airflow/example_dags/example_trigger_target_dag.py for tasks to queue
[2023-08-20 11:41:25,651] {logging_mixin.py:104} INFO - [2023-08-20 11:41:25,651] {dagbag.py:451} INFO - Filling up the DagBag from /home/airflow/.local/lib/python3.6/site-packages/airflow/example_dags/example_trigger_target_dag.py
[2023-08-20 11:41:25,664] {scheduler_job.py:639} INFO - DAG(s) dict_keys(['example_trigger_target_dag']) retrieved from /home/airflow/.local/lib/python3.6/site-packages/airflow/example_dags/example_trigger_target_dag.py
[2023-08-20 11:41:25,687] {logging_mixin.py:104} INFO - [2023-08-20 11:41:25,687] {dag.py:1824} INFO - Sync 1 DAGs
[2023-08-20 11:41:25,706] {logging_mixin.py:104} INFO - [2023-08-20 11:41:25,706] {dag.py:2280} INFO - Setting next_dagrun for example_trigger_target_dag to None
[2023-08-20 11:41:25,719] {scheduler_job.py:190} INFO - Processing /home/airflow/.local/lib/python3.6/site-packages/airflow/example_dags/example_trigger_target_dag.py took 0.075 seconds
[2023-08-20 11:41:55,898] {scheduler_job.py:182} INFO - Started process (PID=139) to work on /home/airflow/.local/lib/python3.6/site-packages/airflow/example_dags/example_trigger_target_dag.py
[2023-08-20 11:41:55,900] {scheduler_job.py:629} INFO - Processing file /home/airflow/.local/lib/python3.6/site-packages/airflow/example_dags/example_trigger_target_dag.py for tasks to queue
[2023-08-20 11:41:55,901] {logging_mixin.py:104} INFO - [2023-08-20 11:41:55,901] {dagbag.py:451} INFO - Filling up the DagBag from /home/airflow/.local/lib/python3.6/site-packages/airflow/example_dags/example_trigger_target_dag.py
[2023-08-20 11:41:55,917] {scheduler_job.py:639} INFO - DAG(s) dict_keys(['example_trigger_target_dag']) retrieved from /home/airflow/.local/lib/python3.6/site-packages/airflow/example_dags/example_trigger_target_dag.py
[2023-08-20 11:41:55,942] {logging_mixin.py:104} INFO - [2023-08-20 11:41:55,941] {dag.py:1824} INFO - Sync 1 DAGs
[2023-08-20 11:41:55,966] {logging_mixin.py:104} INFO - [2023-08-20 11:41:55,966] {dag.py:2280} INFO - Setting next_dagrun for example_trigger_target_dag to None
[2023-08-20 11:41:55,978] {scheduler_job.py:190} INFO - Processing /home/airflow/.local/lib/python3.6/site-packages/airflow/example_dags/example_trigger_target_dag.py took 0.084 seconds
[2023-08-20 11:42:26,213] {scheduler_job.py:182} INFO - Started process (PID=165) to work on /home/airflow/.local/lib/python3.6/site-packages/airflow/example_dags/example_trigger_target_dag.py
[2023-08-20 11:42:26,215] {scheduler_job.py:629} INFO - Processing file /home/airflow/.local/lib/python3.6/site-packages/airflow/example_dags/example_trigger_target_dag.py for tasks to queue
[2023-08-20 11:42:26,217] {logging_mixin.py:104} INFO - [2023-08-20 11:42:26,217] {dagbag.py:451} INFO - Filling up the DagBag from /home/airflow/.local/lib/python3.6/site-packages/airflow/example_dags/example_trigger_target_dag.py
[2023-08-20 11:42:26,229] {scheduler_job.py:639} INFO - DAG(s) dict_keys(['example_trigger_target_dag']) retrieved from /home/airflow/.local/lib/python3.6/site-packages/airflow/example_dags/example_trigger_target_dag.py
[2023-08-20 11:42:26,251] {logging_mixin.py:104} INFO - [2023-08-20 11:42:26,251] {dag.py:1824} INFO - Sync 1 DAGs
[2023-08-20 11:42:26,274] {logging_mixin.py:104} INFO - [2023-08-20 11:42:26,273] {dag.py:2280} INFO - Setting next_dagrun for example_trigger_target_dag to None
[2023-08-20 11:42:26,292] {scheduler_job.py:190} INFO - Processing /home/airflow/.local/lib/python3.6/site-packages/airflow/example_dags/example_trigger_target_dag.py took 0.083 seconds
[2023-08-20 11:42:56,953] {scheduler_job.py:182} INFO - Started process (PID=191) to work on /home/airflow/.local/lib/python3.6/site-packages/airflow/example_dags/example_trigger_target_dag.py
[2023-08-20 11:42:56,955] {scheduler_job.py:629} INFO - Processing file /home/airflow/.local/lib/python3.6/site-packages/airflow/example_dags/example_trigger_target_dag.py for tasks to queue
[2023-08-20 11:42:56,957] {logging_mixin.py:104} INFO - [2023-08-20 11:42:56,957] {dagbag.py:451} INFO - Filling up the DagBag from /home/airflow/.local/lib/python3.6/site-packages/airflow/example_dags/example_trigger_target_dag.py
[2023-08-20 11:42:56,972] {scheduler_job.py:639} INFO - DAG(s) dict_keys(['example_trigger_target_dag']) retrieved from /home/airflow/.local/lib/python3.6/site-packages/airflow/example_dags/example_trigger_target_dag.py
[2023-08-20 11:42:57,060] {logging_mixin.py:104} INFO - [2023-08-20 11:42:57,060] {dag.py:1824} INFO - Sync 1 DAGs
[2023-08-20 11:42:57,083] {logging_mixin.py:104} INFO - [2023-08-20 11:42:57,082] {dag.py:2280} INFO - Setting next_dagrun for example_trigger_target_dag to None
[2023-08-20 11:42:57,099] {scheduler_job.py:190} INFO - Processing /home/airflow/.local/lib/python3.6/site-packages/airflow/example_dags/example_trigger_target_dag.py took 0.150 seconds
[2023-08-20 11:43:27,161] {scheduler_job.py:182} INFO - Started process (PID=217) to work on /home/airflow/.local/lib/python3.6/site-packages/airflow/example_dags/example_trigger_target_dag.py
[2023-08-20 11:43:27,164] {scheduler_job.py:629} INFO - Processing file /home/airflow/.local/lib/python3.6/site-packages/airflow/example_dags/example_trigger_target_dag.py for tasks to queue
[2023-08-20 11:43:27,166] {logging_mixin.py:104} INFO - [2023-08-20 11:43:27,166] {dagbag.py:451} INFO - Filling up the DagBag from /home/airflow/.local/lib/python3.6/site-packages/airflow/example_dags/example_trigger_target_dag.py
[2023-08-20 11:43:27,197] {scheduler_job.py:639} INFO - DAG(s) dict_keys(['example_trigger_target_dag']) retrieved from /home/airflow/.local/lib/python3.6/site-packages/airflow/example_dags/example_trigger_target_dag.py
[2023-08-20 11:43:27,246] {logging_mixin.py:104} INFO - [2023-08-20 11:43:27,246] {dag.py:1824} INFO - Sync 1 DAGs
[2023-08-20 11:43:27,267] {logging_mixin.py:104} INFO - [2023-08-20 11:43:27,267] {dag.py:2280} INFO - Setting next_dagrun for example_trigger_target_dag to None
[2023-08-20 11:43:27,286] {scheduler_job.py:190} INFO - Processing /home/airflow/.local/lib/python3.6/site-packages/airflow/example_dags/example_trigger_target_dag.py took 0.129 seconds
[2023-08-20 11:43:58,171] {scheduler_job.py:182} INFO - Started process (PID=243) to work on /home/airflow/.local/lib/python3.6/site-packages/airflow/example_dags/example_trigger_target_dag.py
[2023-08-20 11:43:58,173] {scheduler_job.py:629} INFO - Processing file /home/airflow/.local/lib/python3.6/site-packages/airflow/example_dags/example_trigger_target_dag.py for tasks to queue
[2023-08-20 11:43:58,175] {logging_mixin.py:104} INFO - [2023-08-20 11:43:58,174] {dagbag.py:451} INFO - Filling up the DagBag from /home/airflow/.local/lib/python3.6/site-packages/airflow/example_dags/example_trigger_target_dag.py
[2023-08-20 11:43:58,194] {scheduler_job.py:639} INFO - DAG(s) dict_keys(['example_trigger_target_dag']) retrieved from /home/airflow/.local/lib/python3.6/site-packages/airflow/example_dags/example_trigger_target_dag.py
[2023-08-20 11:43:58,231] {logging_mixin.py:104} INFO - [2023-08-20 11:43:58,231] {dag.py:1824} INFO - Sync 1 DAGs
[2023-08-20 11:43:58,258] {logging_mixin.py:104} INFO - [2023-08-20 11:43:58,257] {dag.py:2280} INFO - Setting next_dagrun for example_trigger_target_dag to None
[2023-08-20 11:43:58,282] {scheduler_job.py:190} INFO - Processing /home/airflow/.local/lib/python3.6/site-packages/airflow/example_dags/example_trigger_target_dag.py took 0.116 seconds
[2023-08-20 11:44:28,643] {scheduler_job.py:182} INFO - Started process (PID=269) to work on /home/airflow/.local/lib/python3.6/site-packages/airflow/example_dags/example_trigger_target_dag.py
[2023-08-20 11:44:28,646] {scheduler_job.py:629} INFO - Processing file /home/airflow/.local/lib/python3.6/site-packages/airflow/example_dags/example_trigger_target_dag.py for tasks to queue
[2023-08-20 11:44:28,647] {logging_mixin.py:104} INFO - [2023-08-20 11:44:28,647] {dagbag.py:451} INFO - Filling up the DagBag from /home/airflow/.local/lib/python3.6/site-packages/airflow/example_dags/example_trigger_target_dag.py
[2023-08-20 11:44:28,662] {scheduler_job.py:639} INFO - DAG(s) dict_keys(['example_trigger_target_dag']) retrieved from /home/airflow/.local/lib/python3.6/site-packages/airflow/example_dags/example_trigger_target_dag.py
[2023-08-20 11:44:28,691] {logging_mixin.py:104} INFO - [2023-08-20 11:44:28,691] {dag.py:1824} INFO - Sync 1 DAGs
[2023-08-20 11:44:28,706] {logging_mixin.py:104} INFO - [2023-08-20 11:44:28,706] {dag.py:2280} INFO - Setting next_dagrun for example_trigger_target_dag to None
[2023-08-20 11:44:28,722] {scheduler_job.py:190} INFO - Processing /home/airflow/.local/lib/python3.6/site-packages/airflow/example_dags/example_trigger_target_dag.py took 0.082 seconds
[2023-08-20 11:44:59,408] {scheduler_job.py:182} INFO - Started process (PID=295) to work on /home/airflow/.local/lib/python3.6/site-packages/airflow/example_dags/example_trigger_target_dag.py
[2023-08-20 11:44:59,411] {scheduler_job.py:629} INFO - Processing file /home/airflow/.local/lib/python3.6/site-packages/airflow/example_dags/example_trigger_target_dag.py for tasks to queue
[2023-08-20 11:44:59,413] {logging_mixin.py:104} INFO - [2023-08-20 11:44:59,413] {dagbag.py:451} INFO - Filling up the DagBag from /home/airflow/.local/lib/python3.6/site-packages/airflow/example_dags/example_trigger_target_dag.py
[2023-08-20 11:44:59,435] {scheduler_job.py:639} INFO - DAG(s) dict_keys(['example_trigger_target_dag']) retrieved from /home/airflow/.local/lib/python3.6/site-packages/airflow/example_dags/example_trigger_target_dag.py
[2023-08-20 11:44:59,464] {logging_mixin.py:104} INFO - [2023-08-20 11:44:59,464] {dag.py:1824} INFO - Sync 1 DAGs
[2023-08-20 11:44:59,481] {logging_mixin.py:104} INFO - [2023-08-20 11:44:59,481] {dag.py:2280} INFO - Setting next_dagrun for example_trigger_target_dag to None
[2023-08-20 11:44:59,499] {scheduler_job.py:190} INFO - Processing /home/airflow/.local/lib/python3.6/site-packages/airflow/example_dags/example_trigger_target_dag.py took 0.095 seconds
[2023-08-20 11:45:30,449] {scheduler_job.py:182} INFO - Started process (PID=322) to work on /home/airflow/.local/lib/python3.6/site-packages/airflow/example_dags/example_trigger_target_dag.py
[2023-08-20 11:45:30,452] {scheduler_job.py:629} INFO - Processing file /home/airflow/.local/lib/python3.6/site-packages/airflow/example_dags/example_trigger_target_dag.py for tasks to queue
[2023-08-20 11:45:30,455] {logging_mixin.py:104} INFO - [2023-08-20 11:45:30,454] {dagbag.py:451} INFO - Filling up the DagBag from /home/airflow/.local/lib/python3.6/site-packages/airflow/example_dags/example_trigger_target_dag.py
[2023-08-20 11:45:30,480] {scheduler_job.py:639} INFO - DAG(s) dict_keys(['example_trigger_target_dag']) retrieved from /home/airflow/.local/lib/python3.6/site-packages/airflow/example_dags/example_trigger_target_dag.py
[2023-08-20 11:45:30,517] {logging_mixin.py:104} INFO - [2023-08-20 11:45:30,517] {dag.py:1824} INFO - Sync 1 DAGs
[2023-08-20 11:45:30,544] {logging_mixin.py:104} INFO - [2023-08-20 11:45:30,544] {dag.py:2280} INFO - Setting next_dagrun for example_trigger_target_dag to None
[2023-08-20 11:45:30,568] {scheduler_job.py:190} INFO - Processing /home/airflow/.local/lib/python3.6/site-packages/airflow/example_dags/example_trigger_target_dag.py took 0.123 seconds
[2023-08-20 11:46:00,768] {scheduler_job.py:182} INFO - Started process (PID=348) to work on /home/airflow/.local/lib/python3.6/site-packages/airflow/example_dags/example_trigger_target_dag.py
[2023-08-20 11:46:00,770] {scheduler_job.py:629} INFO - Processing file /home/airflow/.local/lib/python3.6/site-packages/airflow/example_dags/example_trigger_target_dag.py for tasks to queue
[2023-08-20 11:46:00,773] {logging_mixin.py:104} INFO - [2023-08-20 11:46:00,771] {dagbag.py:451} INFO - Filling up the DagBag from /home/airflow/.local/lib/python3.6/site-packages/airflow/example_dags/example_trigger_target_dag.py
[2023-08-20 11:46:00,788] {scheduler_job.py:639} INFO - DAG(s) dict_keys(['example_trigger_target_dag']) retrieved from /home/airflow/.local/lib/python3.6/site-packages/airflow/example_dags/example_trigger_target_dag.py
[2023-08-20 11:46:00,814] {logging_mixin.py:104} INFO - [2023-08-20 11:46:00,814] {dag.py:1824} INFO - Sync 1 DAGs
[2023-08-20 11:46:00,832] {logging_mixin.py:104} INFO - [2023-08-20 11:46:00,832] {dag.py:2280} INFO - Setting next_dagrun for example_trigger_target_dag to None
[2023-08-20 11:46:00,856] {scheduler_job.py:190} INFO - Processing /home/airflow/.local/lib/python3.6/site-packages/airflow/example_dags/example_trigger_target_dag.py took 0.092 seconds
[2023-08-20 11:46:31,722] {scheduler_job.py:182} INFO - Started process (PID=376) to work on /home/airflow/.local/lib/python3.6/site-packages/airflow/example_dags/example_trigger_target_dag.py
[2023-08-20 11:46:31,724] {scheduler_job.py:629} INFO - Processing file /home/airflow/.local/lib/python3.6/site-packages/airflow/example_dags/example_trigger_target_dag.py for tasks to queue
[2023-08-20 11:46:31,726] {logging_mixin.py:104} INFO - [2023-08-20 11:46:31,726] {dagbag.py:451} INFO - Filling up the DagBag from /home/airflow/.local/lib/python3.6/site-packages/airflow/example_dags/example_trigger_target_dag.py
[2023-08-20 11:46:31,746] {scheduler_job.py:639} INFO - DAG(s) dict_keys(['example_trigger_target_dag']) retrieved from /home/airflow/.local/lib/python3.6/site-packages/airflow/example_dags/example_trigger_target_dag.py
[2023-08-20 11:46:31,769] {logging_mixin.py:104} INFO - [2023-08-20 11:46:31,769] {dag.py:1824} INFO - Sync 1 DAGs
[2023-08-20 11:46:31,786] {logging_mixin.py:104} INFO - [2023-08-20 11:46:31,786] {dag.py:2280} INFO - Setting next_dagrun for example_trigger_target_dag to None
[2023-08-20 11:46:31,802] {scheduler_job.py:190} INFO - Processing /home/airflow/.local/lib/python3.6/site-packages/airflow/example_dags/example_trigger_target_dag.py took 0.085 seconds
[2023-08-20 11:47:02,629] {scheduler_job.py:182} INFO - Started process (PID=402) to work on /home/airflow/.local/lib/python3.6/site-packages/airflow/example_dags/example_trigger_target_dag.py
[2023-08-20 11:47:02,632] {scheduler_job.py:629} INFO - Processing file /home/airflow/.local/lib/python3.6/site-packages/airflow/example_dags/example_trigger_target_dag.py for tasks to queue
[2023-08-20 11:47:02,634] {logging_mixin.py:104} INFO - [2023-08-20 11:47:02,634] {dagbag.py:451} INFO - Filling up the DagBag from /home/airflow/.local/lib/python3.6/site-packages/airflow/example_dags/example_trigger_target_dag.py
[2023-08-20 11:47:02,660] {scheduler_job.py:639} INFO - DAG(s) dict_keys(['example_trigger_target_dag']) retrieved from /home/airflow/.local/lib/python3.6/site-packages/airflow/example_dags/example_trigger_target_dag.py
[2023-08-20 11:47:02,689] {logging_mixin.py:104} INFO - [2023-08-20 11:47:02,688] {dag.py:1824} INFO - Sync 1 DAGs
[2023-08-20 11:47:02,706] {logging_mixin.py:104} INFO - [2023-08-20 11:47:02,706] {dag.py:2280} INFO - Setting next_dagrun for example_trigger_target_dag to None
[2023-08-20 11:47:02,722] {scheduler_job.py:190} INFO - Processing /home/airflow/.local/lib/python3.6/site-packages/airflow/example_dags/example_trigger_target_dag.py took 0.098 seconds
[2023-08-20 11:47:33,732] {scheduler_job.py:182} INFO - Started process (PID=429) to work on /home/airflow/.local/lib/python3.6/site-packages/airflow/example_dags/example_trigger_target_dag.py
[2023-08-20 11:47:33,739] {scheduler_job.py:629} INFO - Processing file /home/airflow/.local/lib/python3.6/site-packages/airflow/example_dags/example_trigger_target_dag.py for tasks to queue
[2023-08-20 11:47:33,741] {logging_mixin.py:104} INFO - [2023-08-20 11:47:33,740] {dagbag.py:451} INFO - Filling up the DagBag from /home/airflow/.local/lib/python3.6/site-packages/airflow/example_dags/example_trigger_target_dag.py
[2023-08-20 11:47:33,754] {scheduler_job.py:639} INFO - DAG(s) dict_keys(['example_trigger_target_dag']) retrieved from /home/airflow/.local/lib/python3.6/site-packages/airflow/example_dags/example_trigger_target_dag.py
[2023-08-20 11:47:33,779] {logging_mixin.py:104} INFO - [2023-08-20 11:47:33,779] {dag.py:1824} INFO - Sync 1 DAGs
[2023-08-20 11:47:33,798] {logging_mixin.py:104} INFO - [2023-08-20 11:47:33,798] {dag.py:2280} INFO - Setting next_dagrun for example_trigger_target_dag to None
[2023-08-20 11:47:33,812] {scheduler_job.py:190} INFO - Processing /home/airflow/.local/lib/python3.6/site-packages/airflow/example_dags/example_trigger_target_dag.py took 0.084 seconds
[2023-08-20 11:48:03,977] {scheduler_job.py:182} INFO - Started process (PID=455) to work on /home/airflow/.local/lib/python3.6/site-packages/airflow/example_dags/example_trigger_target_dag.py
[2023-08-20 11:48:03,979] {scheduler_job.py:629} INFO - Processing file /home/airflow/.local/lib/python3.6/site-packages/airflow/example_dags/example_trigger_target_dag.py for tasks to queue
[2023-08-20 11:48:03,981] {logging_mixin.py:104} INFO - [2023-08-20 11:48:03,980] {dagbag.py:451} INFO - Filling up the DagBag from /home/airflow/.local/lib/python3.6/site-packages/airflow/example_dags/example_trigger_target_dag.py
[2023-08-20 11:48:03,995] {scheduler_job.py:639} INFO - DAG(s) dict_keys(['example_trigger_target_dag']) retrieved from /home/airflow/.local/lib/python3.6/site-packages/airflow/example_dags/example_trigger_target_dag.py
[2023-08-20 11:48:04,024] {logging_mixin.py:104} INFO - [2023-08-20 11:48:04,024] {dag.py:1824} INFO - Sync 1 DAGs
[2023-08-20 11:48:04,045] {logging_mixin.py:104} INFO - [2023-08-20 11:48:04,045] {dag.py:2280} INFO - Setting next_dagrun for example_trigger_target_dag to None
[2023-08-20 11:48:04,151] {scheduler_job.py:190} INFO - Processing /home/airflow/.local/lib/python3.6/site-packages/airflow/example_dags/example_trigger_target_dag.py took 0.177 seconds
[2023-08-20 11:48:35,111] {scheduler_job.py:182} INFO - Started process (PID=481) to work on /home/airflow/.local/lib/python3.6/site-packages/airflow/example_dags/example_trigger_target_dag.py
[2023-08-20 11:48:35,127] {scheduler_job.py:629} INFO - Processing file /home/airflow/.local/lib/python3.6/site-packages/airflow/example_dags/example_trigger_target_dag.py for tasks to queue
[2023-08-20 11:48:35,144] {logging_mixin.py:104} INFO - [2023-08-20 11:48:35,144] {dagbag.py:451} INFO - Filling up the DagBag from /home/airflow/.local/lib/python3.6/site-packages/airflow/example_dags/example_trigger_target_dag.py
[2023-08-20 11:48:35,165] {scheduler_job.py:639} INFO - DAG(s) dict_keys(['example_trigger_target_dag']) retrieved from /home/airflow/.local/lib/python3.6/site-packages/airflow/example_dags/example_trigger_target_dag.py
[2023-08-20 11:48:35,226] {logging_mixin.py:104} INFO - [2023-08-20 11:48:35,226] {dag.py:1824} INFO - Sync 1 DAGs
[2023-08-20 11:48:35,247] {logging_mixin.py:104} INFO - [2023-08-20 11:48:35,247] {dag.py:2280} INFO - Setting next_dagrun for example_trigger_target_dag to None
[2023-08-20 11:48:35,261] {scheduler_job.py:190} INFO - Processing /home/airflow/.local/lib/python3.6/site-packages/airflow/example_dags/example_trigger_target_dag.py took 0.154 seconds
[2023-08-20 11:49:05,463] {scheduler_job.py:182} INFO - Started process (PID=507) to work on /home/airflow/.local/lib/python3.6/site-packages/airflow/example_dags/example_trigger_target_dag.py
[2023-08-20 11:49:05,466] {scheduler_job.py:629} INFO - Processing file /home/airflow/.local/lib/python3.6/site-packages/airflow/example_dags/example_trigger_target_dag.py for tasks to queue
[2023-08-20 11:49:05,468] {logging_mixin.py:104} INFO - [2023-08-20 11:49:05,467] {dagbag.py:451} INFO - Filling up the DagBag from /home/airflow/.local/lib/python3.6/site-packages/airflow/example_dags/example_trigger_target_dag.py
[2023-08-20 11:49:05,480] {scheduler_job.py:639} INFO - DAG(s) dict_keys(['example_trigger_target_dag']) retrieved from /home/airflow/.local/lib/python3.6/site-packages/airflow/example_dags/example_trigger_target_dag.py
[2023-08-20 11:49:05,505] {logging_mixin.py:104} INFO - [2023-08-20 11:49:05,504] {dag.py:1824} INFO - Sync 1 DAGs
[2023-08-20 11:49:05,522] {logging_mixin.py:104} INFO - [2023-08-20 11:49:05,522] {dag.py:2280} INFO - Setting next_dagrun for example_trigger_target_dag to None
[2023-08-20 11:49:05,623] {scheduler_job.py:190} INFO - Processing /home/airflow/.local/lib/python3.6/site-packages/airflow/example_dags/example_trigger_target_dag.py took 0.165 seconds
[2023-08-20 11:49:36,516] {scheduler_job.py:182} INFO - Started process (PID=533) to work on /home/airflow/.local/lib/python3.6/site-packages/airflow/example_dags/example_trigger_target_dag.py
[2023-08-20 11:49:36,518] {scheduler_job.py:629} INFO - Processing file /home/airflow/.local/lib/python3.6/site-packages/airflow/example_dags/example_trigger_target_dag.py for tasks to queue
[2023-08-20 11:49:36,519] {logging_mixin.py:104} INFO - [2023-08-20 11:49:36,519] {dagbag.py:451} INFO - Filling up the DagBag from /home/airflow/.local/lib/python3.6/site-packages/airflow/example_dags/example_trigger_target_dag.py
[2023-08-20 11:49:36,531] {scheduler_job.py:639} INFO - DAG(s) dict_keys(['example_trigger_target_dag']) retrieved from /home/airflow/.local/lib/python3.6/site-packages/airflow/example_dags/example_trigger_target_dag.py
[2023-08-20 11:49:36,556] {logging_mixin.py:104} INFO - [2023-08-20 11:49:36,556] {dag.py:1824} INFO - Sync 1 DAGs
[2023-08-20 11:49:36,575] {logging_mixin.py:104} INFO - [2023-08-20 11:49:36,575] {dag.py:2280} INFO - Setting next_dagrun for example_trigger_target_dag to None
[2023-08-20 11:49:36,591] {scheduler_job.py:190} INFO - Processing /home/airflow/.local/lib/python3.6/site-packages/airflow/example_dags/example_trigger_target_dag.py took 0.078 seconds
[2023-08-20 11:50:07,106] {scheduler_job.py:182} INFO - Started process (PID=559) to work on /home/airflow/.local/lib/python3.6/site-packages/airflow/example_dags/example_trigger_target_dag.py
[2023-08-20 11:50:07,109] {scheduler_job.py:629} INFO - Processing file /home/airflow/.local/lib/python3.6/site-packages/airflow/example_dags/example_trigger_target_dag.py for tasks to queue
[2023-08-20 11:50:07,111] {logging_mixin.py:104} INFO - [2023-08-20 11:50:07,110] {dagbag.py:451} INFO - Filling up the DagBag from /home/airflow/.local/lib/python3.6/site-packages/airflow/example_dags/example_trigger_target_dag.py
[2023-08-20 11:50:07,129] {scheduler_job.py:639} INFO - DAG(s) dict_keys(['example_trigger_target_dag']) retrieved from /home/airflow/.local/lib/python3.6/site-packages/airflow/example_dags/example_trigger_target_dag.py
[2023-08-20 11:50:07,154] {logging_mixin.py:104} INFO - [2023-08-20 11:50:07,154] {dag.py:1824} INFO - Sync 1 DAGs
[2023-08-20 11:50:07,173] {logging_mixin.py:104} INFO - [2023-08-20 11:50:07,173] {dag.py:2280} INFO - Setting next_dagrun for example_trigger_target_dag to None
[2023-08-20 11:50:07,193] {scheduler_job.py:190} INFO - Processing /home/airflow/.local/lib/python3.6/site-packages/airflow/example_dags/example_trigger_target_dag.py took 0.092 seconds
[2023-08-20 11:50:37,740] {scheduler_job.py:182} INFO - Started process (PID=585) to work on /home/airflow/.local/lib/python3.6/site-packages/airflow/example_dags/example_trigger_target_dag.py
[2023-08-20 11:50:37,746] {scheduler_job.py:629} INFO - Processing file /home/airflow/.local/lib/python3.6/site-packages/airflow/example_dags/example_trigger_target_dag.py for tasks to queue
[2023-08-20 11:50:37,748] {logging_mixin.py:104} INFO - [2023-08-20 11:50:37,748] {dagbag.py:451} INFO - Filling up the DagBag from /home/airflow/.local/lib/python3.6/site-packages/airflow/example_dags/example_trigger_target_dag.py
[2023-08-20 11:50:37,770] {scheduler_job.py:639} INFO - DAG(s) dict_keys(['example_trigger_target_dag']) retrieved from /home/airflow/.local/lib/python3.6/site-packages/airflow/example_dags/example_trigger_target_dag.py
[2023-08-20 11:50:37,799] {logging_mixin.py:104} INFO - [2023-08-20 11:50:37,799] {dag.py:1824} INFO - Sync 1 DAGs
[2023-08-20 11:50:37,823] {logging_mixin.py:104} INFO - [2023-08-20 11:50:37,822] {dag.py:2280} INFO - Setting next_dagrun for example_trigger_target_dag to None
[2023-08-20 11:50:37,842] {scheduler_job.py:190} INFO - Processing /home/airflow/.local/lib/python3.6/site-packages/airflow/example_dags/example_trigger_target_dag.py took 0.108 seconds
[2023-08-20 11:51:08,343] {scheduler_job.py:182} INFO - Started process (PID=611) to work on /home/airflow/.local/lib/python3.6/site-packages/airflow/example_dags/example_trigger_target_dag.py
[2023-08-20 11:51:08,345] {scheduler_job.py:629} INFO - Processing file /home/airflow/.local/lib/python3.6/site-packages/airflow/example_dags/example_trigger_target_dag.py for tasks to queue
[2023-08-20 11:51:08,347] {logging_mixin.py:104} INFO - [2023-08-20 11:51:08,347] {dagbag.py:451} INFO - Filling up the DagBag from /home/airflow/.local/lib/python3.6/site-packages/airflow/example_dags/example_trigger_target_dag.py
[2023-08-20 11:51:08,364] {scheduler_job.py:639} INFO - DAG(s) dict_keys(['example_trigger_target_dag']) retrieved from /home/airflow/.local/lib/python3.6/site-packages/airflow/example_dags/example_trigger_target_dag.py
[2023-08-20 11:51:08,394] {logging_mixin.py:104} INFO - [2023-08-20 11:51:08,394] {dag.py:1824} INFO - Sync 1 DAGs
[2023-08-20 11:51:08,418] {logging_mixin.py:104} INFO - [2023-08-20 11:51:08,418] {dag.py:2280} INFO - Setting next_dagrun for example_trigger_target_dag to None
[2023-08-20 11:51:08,434] {scheduler_job.py:190} INFO - Processing /home/airflow/.local/lib/python3.6/site-packages/airflow/example_dags/example_trigger_target_dag.py took 0.096 seconds
[2023-08-20 11:51:38,469] {scheduler_job.py:182} INFO - Started process (PID=636) to work on /home/airflow/.local/lib/python3.6/site-packages/airflow/example_dags/example_trigger_target_dag.py
[2023-08-20 11:51:38,471] {scheduler_job.py:629} INFO - Processing file /home/airflow/.local/lib/python3.6/site-packages/airflow/example_dags/example_trigger_target_dag.py for tasks to queue
[2023-08-20 11:51:38,472] {logging_mixin.py:104} INFO - [2023-08-20 11:51:38,472] {dagbag.py:451} INFO - Filling up the DagBag from /home/airflow/.local/lib/python3.6/site-packages/airflow/example_dags/example_trigger_target_dag.py
[2023-08-20 11:51:38,487] {scheduler_job.py:639} INFO - DAG(s) dict_keys(['example_trigger_target_dag']) retrieved from /home/airflow/.local/lib/python3.6/site-packages/airflow/example_dags/example_trigger_target_dag.py
[2023-08-20 11:51:38,510] {logging_mixin.py:104} INFO - [2023-08-20 11:51:38,510] {dag.py:1824} INFO - Sync 1 DAGs
[2023-08-20 11:51:38,526] {logging_mixin.py:104} INFO - [2023-08-20 11:51:38,526] {dag.py:2280} INFO - Setting next_dagrun for example_trigger_target_dag to None
[2023-08-20 11:51:38,540] {scheduler_job.py:190} INFO - Processing /home/airflow/.local/lib/python3.6/site-packages/airflow/example_dags/example_trigger_target_dag.py took 0.074 seconds
[2023-08-20 11:52:09,095] {scheduler_job.py:182} INFO - Started process (PID=663) to work on /home/airflow/.local/lib/python3.6/site-packages/airflow/example_dags/example_trigger_target_dag.py
[2023-08-20 11:52:09,097] {scheduler_job.py:629} INFO - Processing file /home/airflow/.local/lib/python3.6/site-packages/airflow/example_dags/example_trigger_target_dag.py for tasks to queue
[2023-08-20 11:52:09,098] {logging_mixin.py:104} INFO - [2023-08-20 11:52:09,098] {dagbag.py:451} INFO - Filling up the DagBag from /home/airflow/.local/lib/python3.6/site-packages/airflow/example_dags/example_trigger_target_dag.py
[2023-08-20 11:52:09,113] {scheduler_job.py:639} INFO - DAG(s) dict_keys(['example_trigger_target_dag']) retrieved from /home/airflow/.local/lib/python3.6/site-packages/airflow/example_dags/example_trigger_target_dag.py
[2023-08-20 11:52:09,133] {logging_mixin.py:104} INFO - [2023-08-20 11:52:09,133] {dag.py:1824} INFO - Sync 1 DAGs
[2023-08-20 11:52:09,148] {logging_mixin.py:104} INFO - [2023-08-20 11:52:09,148] {dag.py:2280} INFO - Setting next_dagrun for example_trigger_target_dag to None
[2023-08-20 11:52:09,161] {scheduler_job.py:190} INFO - Processing /home/airflow/.local/lib/python3.6/site-packages/airflow/example_dags/example_trigger_target_dag.py took 0.070 seconds
[2023-08-20 11:52:39,867] {scheduler_job.py:182} INFO - Started process (PID=688) to work on /home/airflow/.local/lib/python3.6/site-packages/airflow/example_dags/example_trigger_target_dag.py
[2023-08-20 11:52:39,870] {scheduler_job.py:629} INFO - Processing file /home/airflow/.local/lib/python3.6/site-packages/airflow/example_dags/example_trigger_target_dag.py for tasks to queue
[2023-08-20 11:52:39,872] {logging_mixin.py:104} INFO - [2023-08-20 11:52:39,872] {dagbag.py:451} INFO - Filling up the DagBag from /home/airflow/.local/lib/python3.6/site-packages/airflow/example_dags/example_trigger_target_dag.py
[2023-08-20 11:52:39,884] {scheduler_job.py:639} INFO - DAG(s) dict_keys(['example_trigger_target_dag']) retrieved from /home/airflow/.local/lib/python3.6/site-packages/airflow/example_dags/example_trigger_target_dag.py
[2023-08-20 11:52:39,910] {logging_mixin.py:104} INFO - [2023-08-20 11:52:39,910] {dag.py:1824} INFO - Sync 1 DAGs
[2023-08-20 11:52:39,929] {logging_mixin.py:104} INFO - [2023-08-20 11:52:39,929] {dag.py:2280} INFO - Setting next_dagrun for example_trigger_target_dag to None
[2023-08-20 11:52:39,944] {scheduler_job.py:190} INFO - Processing /home/airflow/.local/lib/python3.6/site-packages/airflow/example_dags/example_trigger_target_dag.py took 0.081 seconds
[2023-08-20 11:53:10,766] {scheduler_job.py:182} INFO - Started process (PID=714) to work on /home/airflow/.local/lib/python3.6/site-packages/airflow/example_dags/example_trigger_target_dag.py
[2023-08-20 11:53:10,768] {scheduler_job.py:629} INFO - Processing file /home/airflow/.local/lib/python3.6/site-packages/airflow/example_dags/example_trigger_target_dag.py for tasks to queue
[2023-08-20 11:53:10,769] {logging_mixin.py:104} INFO - [2023-08-20 11:53:10,769] {dagbag.py:451} INFO - Filling up the DagBag from /home/airflow/.local/lib/python3.6/site-packages/airflow/example_dags/example_trigger_target_dag.py
[2023-08-20 11:53:10,782] {scheduler_job.py:639} INFO - DAG(s) dict_keys(['example_trigger_target_dag']) retrieved from /home/airflow/.local/lib/python3.6/site-packages/airflow/example_dags/example_trigger_target_dag.py
[2023-08-20 11:53:10,808] {logging_mixin.py:104} INFO - [2023-08-20 11:53:10,808] {dag.py:1824} INFO - Sync 1 DAGs
[2023-08-20 11:53:10,834] {logging_mixin.py:104} INFO - [2023-08-20 11:53:10,832] {dag.py:2280} INFO - Setting next_dagrun for example_trigger_target_dag to None
[2023-08-20 11:53:10,865] {scheduler_job.py:190} INFO - Processing /home/airflow/.local/lib/python3.6/site-packages/airflow/example_dags/example_trigger_target_dag.py took 0.103 seconds
[2023-08-20 11:53:41,660] {scheduler_job.py:182} INFO - Started process (PID=740) to work on /home/airflow/.local/lib/python3.6/site-packages/airflow/example_dags/example_trigger_target_dag.py
[2023-08-20 11:53:41,663] {scheduler_job.py:629} INFO - Processing file /home/airflow/.local/lib/python3.6/site-packages/airflow/example_dags/example_trigger_target_dag.py for tasks to queue
[2023-08-20 11:53:41,664] {logging_mixin.py:104} INFO - [2023-08-20 11:53:41,664] {dagbag.py:451} INFO - Filling up the DagBag from /home/airflow/.local/lib/python3.6/site-packages/airflow/example_dags/example_trigger_target_dag.py
[2023-08-20 11:53:41,681] {scheduler_job.py:639} INFO - DAG(s) dict_keys(['example_trigger_target_dag']) retrieved from /home/airflow/.local/lib/python3.6/site-packages/airflow/example_dags/example_trigger_target_dag.py
[2023-08-20 11:53:41,707] {logging_mixin.py:104} INFO - [2023-08-20 11:53:41,706] {dag.py:1824} INFO - Sync 1 DAGs
[2023-08-20 11:53:41,727] {logging_mixin.py:104} INFO - [2023-08-20 11:53:41,726] {dag.py:2280} INFO - Setting next_dagrun for example_trigger_target_dag to None
[2023-08-20 11:53:41,743] {scheduler_job.py:190} INFO - Processing /home/airflow/.local/lib/python3.6/site-packages/airflow/example_dags/example_trigger_target_dag.py took 0.087 seconds
[2023-08-20 11:54:12,617] {scheduler_job.py:182} INFO - Started process (PID=766) to work on /home/airflow/.local/lib/python3.6/site-packages/airflow/example_dags/example_trigger_target_dag.py
[2023-08-20 11:54:12,619] {scheduler_job.py:629} INFO - Processing file /home/airflow/.local/lib/python3.6/site-packages/airflow/example_dags/example_trigger_target_dag.py for tasks to queue
[2023-08-20 11:54:12,621] {logging_mixin.py:104} INFO - [2023-08-20 11:54:12,621] {dagbag.py:451} INFO - Filling up the DagBag from /home/airflow/.local/lib/python3.6/site-packages/airflow/example_dags/example_trigger_target_dag.py
[2023-08-20 11:54:12,633] {scheduler_job.py:639} INFO - DAG(s) dict_keys(['example_trigger_target_dag']) retrieved from /home/airflow/.local/lib/python3.6/site-packages/airflow/example_dags/example_trigger_target_dag.py
[2023-08-20 11:54:12,657] {logging_mixin.py:104} INFO - [2023-08-20 11:54:12,657] {dag.py:1824} INFO - Sync 1 DAGs
[2023-08-20 11:54:12,674] {logging_mixin.py:104} INFO - [2023-08-20 11:54:12,674] {dag.py:2280} INFO - Setting next_dagrun for example_trigger_target_dag to None
[2023-08-20 11:54:12,690] {scheduler_job.py:190} INFO - Processing /home/airflow/.local/lib/python3.6/site-packages/airflow/example_dags/example_trigger_target_dag.py took 0.076 seconds
[2023-08-20 11:54:43,408] {scheduler_job.py:182} INFO - Started process (PID=792) to work on /home/airflow/.local/lib/python3.6/site-packages/airflow/example_dags/example_trigger_target_dag.py
[2023-08-20 11:54:43,410] {scheduler_job.py:629} INFO - Processing file /home/airflow/.local/lib/python3.6/site-packages/airflow/example_dags/example_trigger_target_dag.py for tasks to queue
[2023-08-20 11:54:43,412] {logging_mixin.py:104} INFO - [2023-08-20 11:54:43,412] {dagbag.py:451} INFO - Filling up the DagBag from /home/airflow/.local/lib/python3.6/site-packages/airflow/example_dags/example_trigger_target_dag.py
[2023-08-20 11:54:43,428] {scheduler_job.py:639} INFO - DAG(s) dict_keys(['example_trigger_target_dag']) retrieved from /home/airflow/.local/lib/python3.6/site-packages/airflow/example_dags/example_trigger_target_dag.py
[2023-08-20 11:54:43,452] {logging_mixin.py:104} INFO - [2023-08-20 11:54:43,452] {dag.py:1824} INFO - Sync 1 DAGs
[2023-08-20 11:54:43,470] {logging_mixin.py:104} INFO - [2023-08-20 11:54:43,470] {dag.py:2280} INFO - Setting next_dagrun for example_trigger_target_dag to None
[2023-08-20 11:54:43,483] {scheduler_job.py:190} INFO - Processing /home/airflow/.local/lib/python3.6/site-packages/airflow/example_dags/example_trigger_target_dag.py took 0.079 seconds
[2023-08-20 11:55:14,060] {scheduler_job.py:182} INFO - Started process (PID=818) to work on /home/airflow/.local/lib/python3.6/site-packages/airflow/example_dags/example_trigger_target_dag.py
[2023-08-20 11:55:14,061] {scheduler_job.py:629} INFO - Processing file /home/airflow/.local/lib/python3.6/site-packages/airflow/example_dags/example_trigger_target_dag.py for tasks to queue
[2023-08-20 11:55:14,063] {logging_mixin.py:104} INFO - [2023-08-20 11:55:14,063] {dagbag.py:451} INFO - Filling up the DagBag from /home/airflow/.local/lib/python3.6/site-packages/airflow/example_dags/example_trigger_target_dag.py
[2023-08-20 11:55:14,076] {scheduler_job.py:639} INFO - DAG(s) dict_keys(['example_trigger_target_dag']) retrieved from /home/airflow/.local/lib/python3.6/site-packages/airflow/example_dags/example_trigger_target_dag.py
[2023-08-20 11:55:14,099] {logging_mixin.py:104} INFO - [2023-08-20 11:55:14,099] {dag.py:1824} INFO - Sync 1 DAGs
[2023-08-20 11:55:14,118] {logging_mixin.py:104} INFO - [2023-08-20 11:55:14,118] {dag.py:2280} INFO - Setting next_dagrun for example_trigger_target_dag to None
[2023-08-20 11:55:14,131] {scheduler_job.py:190} INFO - Processing /home/airflow/.local/lib/python3.6/site-packages/airflow/example_dags/example_trigger_target_dag.py took 0.074 seconds
[2023-08-20 11:55:44,794] {scheduler_job.py:182} INFO - Started process (PID=844) to work on /home/airflow/.local/lib/python3.6/site-packages/airflow/example_dags/example_trigger_target_dag.py
[2023-08-20 11:55:44,796] {scheduler_job.py:629} INFO - Processing file /home/airflow/.local/lib/python3.6/site-packages/airflow/example_dags/example_trigger_target_dag.py for tasks to queue
[2023-08-20 11:55:44,798] {logging_mixin.py:104} INFO - [2023-08-20 11:55:44,798] {dagbag.py:451} INFO - Filling up the DagBag from /home/airflow/.local/lib/python3.6/site-packages/airflow/example_dags/example_trigger_target_dag.py
[2023-08-20 11:55:44,810] {scheduler_job.py:639} INFO - DAG(s) dict_keys(['example_trigger_target_dag']) retrieved from /home/airflow/.local/lib/python3.6/site-packages/airflow/example_dags/example_trigger_target_dag.py
[2023-08-20 11:55:44,830] {logging_mixin.py:104} INFO - [2023-08-20 11:55:44,830] {dag.py:1824} INFO - Sync 1 DAGs
[2023-08-20 11:55:44,846] {logging_mixin.py:104} INFO - [2023-08-20 11:55:44,845] {dag.py:2280} INFO - Setting next_dagrun for example_trigger_target_dag to None
[2023-08-20 11:55:44,860] {scheduler_job.py:190} INFO - Processing /home/airflow/.local/lib/python3.6/site-packages/airflow/example_dags/example_trigger_target_dag.py took 0.070 seconds
[2023-08-20 11:56:15,324] {scheduler_job.py:182} INFO - Started process (PID=870) to work on /home/airflow/.local/lib/python3.6/site-packages/airflow/example_dags/example_trigger_target_dag.py
[2023-08-20 11:56:15,326] {scheduler_job.py:629} INFO - Processing file /home/airflow/.local/lib/python3.6/site-packages/airflow/example_dags/example_trigger_target_dag.py for tasks to queue
[2023-08-20 11:56:15,328] {logging_mixin.py:104} INFO - [2023-08-20 11:56:15,328] {dagbag.py:451} INFO - Filling up the DagBag from /home/airflow/.local/lib/python3.6/site-packages/airflow/example_dags/example_trigger_target_dag.py
[2023-08-20 11:56:15,344] {scheduler_job.py:639} INFO - DAG(s) dict_keys(['example_trigger_target_dag']) retrieved from /home/airflow/.local/lib/python3.6/site-packages/airflow/example_dags/example_trigger_target_dag.py
[2023-08-20 11:56:15,371] {logging_mixin.py:104} INFO - [2023-08-20 11:56:15,370] {dag.py:1824} INFO - Sync 1 DAGs
[2023-08-20 11:56:15,388] {logging_mixin.py:104} INFO - [2023-08-20 11:56:15,388] {dag.py:2280} INFO - Setting next_dagrun for example_trigger_target_dag to None
[2023-08-20 11:56:15,403] {scheduler_job.py:190} INFO - Processing /home/airflow/.local/lib/python3.6/site-packages/airflow/example_dags/example_trigger_target_dag.py took 0.083 seconds
[2023-08-20 11:56:45,905] {scheduler_job.py:182} INFO - Started process (PID=896) to work on /home/airflow/.local/lib/python3.6/site-packages/airflow/example_dags/example_trigger_target_dag.py
[2023-08-20 11:56:45,907] {scheduler_job.py:629} INFO - Processing file /home/airflow/.local/lib/python3.6/site-packages/airflow/example_dags/example_trigger_target_dag.py for tasks to queue
[2023-08-20 11:56:45,908] {logging_mixin.py:104} INFO - [2023-08-20 11:56:45,908] {dagbag.py:451} INFO - Filling up the DagBag from /home/airflow/.local/lib/python3.6/site-packages/airflow/example_dags/example_trigger_target_dag.py
[2023-08-20 11:56:45,920] {scheduler_job.py:639} INFO - DAG(s) dict_keys(['example_trigger_target_dag']) retrieved from /home/airflow/.local/lib/python3.6/site-packages/airflow/example_dags/example_trigger_target_dag.py
[2023-08-20 11:56:45,941] {logging_mixin.py:104} INFO - [2023-08-20 11:56:45,941] {dag.py:1824} INFO - Sync 1 DAGs
[2023-08-20 11:56:45,958] {logging_mixin.py:104} INFO - [2023-08-20 11:56:45,958] {dag.py:2280} INFO - Setting next_dagrun for example_trigger_target_dag to None
[2023-08-20 11:56:45,972] {scheduler_job.py:190} INFO - Processing /home/airflow/.local/lib/python3.6/site-packages/airflow/example_dags/example_trigger_target_dag.py took 0.071 seconds
[2023-08-20 11:57:16,594] {scheduler_job.py:182} INFO - Started process (PID=922) to work on /home/airflow/.local/lib/python3.6/site-packages/airflow/example_dags/example_trigger_target_dag.py
[2023-08-20 11:57:16,596] {scheduler_job.py:629} INFO - Processing file /home/airflow/.local/lib/python3.6/site-packages/airflow/example_dags/example_trigger_target_dag.py for tasks to queue
[2023-08-20 11:57:16,597] {logging_mixin.py:104} INFO - [2023-08-20 11:57:16,597] {dagbag.py:451} INFO - Filling up the DagBag from /home/airflow/.local/lib/python3.6/site-packages/airflow/example_dags/example_trigger_target_dag.py
[2023-08-20 11:57:16,612] {scheduler_job.py:639} INFO - DAG(s) dict_keys(['example_trigger_target_dag']) retrieved from /home/airflow/.local/lib/python3.6/site-packages/airflow/example_dags/example_trigger_target_dag.py
[2023-08-20 11:57:16,638] {logging_mixin.py:104} INFO - [2023-08-20 11:57:16,638] {dag.py:1824} INFO - Sync 1 DAGs
[2023-08-20 11:57:16,657] {logging_mixin.py:104} INFO - [2023-08-20 11:57:16,657] {dag.py:2280} INFO - Setting next_dagrun for example_trigger_target_dag to None
[2023-08-20 11:57:16,672] {scheduler_job.py:190} INFO - Processing /home/airflow/.local/lib/python3.6/site-packages/airflow/example_dags/example_trigger_target_dag.py took 0.081 seconds
[2023-08-20 11:57:47,208] {scheduler_job.py:182} INFO - Started process (PID=948) to work on /home/airflow/.local/lib/python3.6/site-packages/airflow/example_dags/example_trigger_target_dag.py
[2023-08-20 11:57:47,210] {scheduler_job.py:629} INFO - Processing file /home/airflow/.local/lib/python3.6/site-packages/airflow/example_dags/example_trigger_target_dag.py for tasks to queue
[2023-08-20 11:57:47,212] {logging_mixin.py:104} INFO - [2023-08-20 11:57:47,212] {dagbag.py:451} INFO - Filling up the DagBag from /home/airflow/.local/lib/python3.6/site-packages/airflow/example_dags/example_trigger_target_dag.py
[2023-08-20 11:57:47,227] {scheduler_job.py:639} INFO - DAG(s) dict_keys(['example_trigger_target_dag']) retrieved from /home/airflow/.local/lib/python3.6/site-packages/airflow/example_dags/example_trigger_target_dag.py
[2023-08-20 11:57:47,255] {logging_mixin.py:104} INFO - [2023-08-20 11:57:47,255] {dag.py:1824} INFO - Sync 1 DAGs
[2023-08-20 11:57:47,275] {logging_mixin.py:104} INFO - [2023-08-20 11:57:47,274] {dag.py:2280} INFO - Setting next_dagrun for example_trigger_target_dag to None
[2023-08-20 11:57:47,290] {scheduler_job.py:190} INFO - Processing /home/airflow/.local/lib/python3.6/site-packages/airflow/example_dags/example_trigger_target_dag.py took 0.087 seconds
[2023-08-20 11:58:17,698] {scheduler_job.py:182} INFO - Started process (PID=974) to work on /home/airflow/.local/lib/python3.6/site-packages/airflow/example_dags/example_trigger_target_dag.py
[2023-08-20 11:58:17,700] {scheduler_job.py:629} INFO - Processing file /home/airflow/.local/lib/python3.6/site-packages/airflow/example_dags/example_trigger_target_dag.py for tasks to queue
[2023-08-20 11:58:17,702] {logging_mixin.py:104} INFO - [2023-08-20 11:58:17,701] {dagbag.py:451} INFO - Filling up the DagBag from /home/airflow/.local/lib/python3.6/site-packages/airflow/example_dags/example_trigger_target_dag.py
[2023-08-20 11:58:17,717] {scheduler_job.py:639} INFO - DAG(s) dict_keys(['example_trigger_target_dag']) retrieved from /home/airflow/.local/lib/python3.6/site-packages/airflow/example_dags/example_trigger_target_dag.py
[2023-08-20 11:58:17,744] {logging_mixin.py:104} INFO - [2023-08-20 11:58:17,744] {dag.py:1824} INFO - Sync 1 DAGs
[2023-08-20 11:58:17,761] {logging_mixin.py:104} INFO - [2023-08-20 11:58:17,760] {dag.py:2280} INFO - Setting next_dagrun for example_trigger_target_dag to None
[2023-08-20 11:58:17,774] {scheduler_job.py:190} INFO - Processing /home/airflow/.local/lib/python3.6/site-packages/airflow/example_dags/example_trigger_target_dag.py took 0.080 seconds
[2023-08-20 11:58:48,258] {scheduler_job.py:182} INFO - Started process (PID=1000) to work on /home/airflow/.local/lib/python3.6/site-packages/airflow/example_dags/example_trigger_target_dag.py
[2023-08-20 11:58:48,261] {scheduler_job.py:629} INFO - Processing file /home/airflow/.local/lib/python3.6/site-packages/airflow/example_dags/example_trigger_target_dag.py for tasks to queue
[2023-08-20 11:58:48,262] {logging_mixin.py:104} INFO - [2023-08-20 11:58:48,262] {dagbag.py:451} INFO - Filling up the DagBag from /home/airflow/.local/lib/python3.6/site-packages/airflow/example_dags/example_trigger_target_dag.py
[2023-08-20 11:58:48,277] {scheduler_job.py:639} INFO - DAG(s) dict_keys(['example_trigger_target_dag']) retrieved from /home/airflow/.local/lib/python3.6/site-packages/airflow/example_dags/example_trigger_target_dag.py
[2023-08-20 11:58:48,302] {logging_mixin.py:104} INFO - [2023-08-20 11:58:48,302] {dag.py:1824} INFO - Sync 1 DAGs
[2023-08-20 11:58:48,321] {logging_mixin.py:104} INFO - [2023-08-20 11:58:48,321] {dag.py:2280} INFO - Setting next_dagrun for example_trigger_target_dag to None
[2023-08-20 11:58:48,335] {scheduler_job.py:190} INFO - Processing /home/airflow/.local/lib/python3.6/site-packages/airflow/example_dags/example_trigger_target_dag.py took 0.080 seconds
[2023-08-20 11:59:18,871] {scheduler_job.py:182} INFO - Started process (PID=1026) to work on /home/airflow/.local/lib/python3.6/site-packages/airflow/example_dags/example_trigger_target_dag.py
[2023-08-20 11:59:18,873] {scheduler_job.py:629} INFO - Processing file /home/airflow/.local/lib/python3.6/site-packages/airflow/example_dags/example_trigger_target_dag.py for tasks to queue
[2023-08-20 11:59:18,875] {logging_mixin.py:104} INFO - [2023-08-20 11:59:18,875] {dagbag.py:451} INFO - Filling up the DagBag from /home/airflow/.local/lib/python3.6/site-packages/airflow/example_dags/example_trigger_target_dag.py
[2023-08-20 11:59:18,893] {scheduler_job.py:639} INFO - DAG(s) dict_keys(['example_trigger_target_dag']) retrieved from /home/airflow/.local/lib/python3.6/site-packages/airflow/example_dags/example_trigger_target_dag.py
[2023-08-20 11:59:18,923] {logging_mixin.py:104} INFO - [2023-08-20 11:59:18,923] {dag.py:1824} INFO - Sync 1 DAGs
[2023-08-20 11:59:18,962] {logging_mixin.py:104} INFO - [2023-08-20 11:59:18,961] {dag.py:2280} INFO - Setting next_dagrun for example_trigger_target_dag to None
[2023-08-20 11:59:18,980] {scheduler_job.py:190} INFO - Processing /home/airflow/.local/lib/python3.6/site-packages/airflow/example_dags/example_trigger_target_dag.py took 0.112 seconds
[2023-08-20 11:59:49,668] {scheduler_job.py:182} INFO - Started process (PID=1052) to work on /home/airflow/.local/lib/python3.6/site-packages/airflow/example_dags/example_trigger_target_dag.py
[2023-08-20 11:59:49,670] {scheduler_job.py:629} INFO - Processing file /home/airflow/.local/lib/python3.6/site-packages/airflow/example_dags/example_trigger_target_dag.py for tasks to queue
[2023-08-20 11:59:49,671] {logging_mixin.py:104} INFO - [2023-08-20 11:59:49,671] {dagbag.py:451} INFO - Filling up the DagBag from /home/airflow/.local/lib/python3.6/site-packages/airflow/example_dags/example_trigger_target_dag.py
[2023-08-20 11:59:49,685] {scheduler_job.py:639} INFO - DAG(s) dict_keys(['example_trigger_target_dag']) retrieved from /home/airflow/.local/lib/python3.6/site-packages/airflow/example_dags/example_trigger_target_dag.py
[2023-08-20 11:59:49,710] {logging_mixin.py:104} INFO - [2023-08-20 11:59:49,710] {dag.py:1824} INFO - Sync 1 DAGs
[2023-08-20 11:59:49,728] {logging_mixin.py:104} INFO - [2023-08-20 11:59:49,728] {dag.py:2280} INFO - Setting next_dagrun for example_trigger_target_dag to None
[2023-08-20 11:59:49,743] {scheduler_job.py:190} INFO - Processing /home/airflow/.local/lib/python3.6/site-packages/airflow/example_dags/example_trigger_target_dag.py took 0.078 seconds
[2023-08-20 12:00:20,411] {scheduler_job.py:182} INFO - Started process (PID=1078) to work on /home/airflow/.local/lib/python3.6/site-packages/airflow/example_dags/example_trigger_target_dag.py
[2023-08-20 12:00:20,414] {scheduler_job.py:629} INFO - Processing file /home/airflow/.local/lib/python3.6/site-packages/airflow/example_dags/example_trigger_target_dag.py for tasks to queue
[2023-08-20 12:00:20,415] {logging_mixin.py:104} INFO - [2023-08-20 12:00:20,415] {dagbag.py:451} INFO - Filling up the DagBag from /home/airflow/.local/lib/python3.6/site-packages/airflow/example_dags/example_trigger_target_dag.py
[2023-08-20 12:00:20,429] {scheduler_job.py:639} INFO - DAG(s) dict_keys(['example_trigger_target_dag']) retrieved from /home/airflow/.local/lib/python3.6/site-packages/airflow/example_dags/example_trigger_target_dag.py
[2023-08-20 12:00:20,455] {logging_mixin.py:104} INFO - [2023-08-20 12:00:20,455] {dag.py:1824} INFO - Sync 1 DAGs
[2023-08-20 12:00:20,473] {logging_mixin.py:104} INFO - [2023-08-20 12:00:20,473] {dag.py:2280} INFO - Setting next_dagrun for example_trigger_target_dag to None
[2023-08-20 12:00:20,490] {scheduler_job.py:190} INFO - Processing /home/airflow/.local/lib/python3.6/site-packages/airflow/example_dags/example_trigger_target_dag.py took 0.082 seconds
[2023-08-20 12:00:50,971] {scheduler_job.py:182} INFO - Started process (PID=1104) to work on /home/airflow/.local/lib/python3.6/site-packages/airflow/example_dags/example_trigger_target_dag.py
[2023-08-20 12:00:50,973] {scheduler_job.py:629} INFO - Processing file /home/airflow/.local/lib/python3.6/site-packages/airflow/example_dags/example_trigger_target_dag.py for tasks to queue
[2023-08-20 12:00:50,974] {logging_mixin.py:104} INFO - [2023-08-20 12:00:50,974] {dagbag.py:451} INFO - Filling up the DagBag from /home/airflow/.local/lib/python3.6/site-packages/airflow/example_dags/example_trigger_target_dag.py
[2023-08-20 12:00:50,990] {scheduler_job.py:639} INFO - DAG(s) dict_keys(['example_trigger_target_dag']) retrieved from /home/airflow/.local/lib/python3.6/site-packages/airflow/example_dags/example_trigger_target_dag.py
[2023-08-20 12:00:51,014] {logging_mixin.py:104} INFO - [2023-08-20 12:00:51,014] {dag.py:1824} INFO - Sync 1 DAGs
[2023-08-20 12:00:51,030] {logging_mixin.py:104} INFO - [2023-08-20 12:00:51,030] {dag.py:2280} INFO - Setting next_dagrun for example_trigger_target_dag to None
[2023-08-20 12:00:51,048] {scheduler_job.py:190} INFO - Processing /home/airflow/.local/lib/python3.6/site-packages/airflow/example_dags/example_trigger_target_dag.py took 0.081 seconds
[2023-08-20 12:01:21,529] {scheduler_job.py:182} INFO - Started process (PID=1130) to work on /home/airflow/.local/lib/python3.6/site-packages/airflow/example_dags/example_trigger_target_dag.py
[2023-08-20 12:01:21,531] {scheduler_job.py:629} INFO - Processing file /home/airflow/.local/lib/python3.6/site-packages/airflow/example_dags/example_trigger_target_dag.py for tasks to queue
[2023-08-20 12:01:21,533] {logging_mixin.py:104} INFO - [2023-08-20 12:01:21,532] {dagbag.py:451} INFO - Filling up the DagBag from /home/airflow/.local/lib/python3.6/site-packages/airflow/example_dags/example_trigger_target_dag.py
[2023-08-20 12:01:21,548] {scheduler_job.py:639} INFO - DAG(s) dict_keys(['example_trigger_target_dag']) retrieved from /home/airflow/.local/lib/python3.6/site-packages/airflow/example_dags/example_trigger_target_dag.py
[2023-08-20 12:01:21,578] {logging_mixin.py:104} INFO - [2023-08-20 12:01:21,578] {dag.py:1824} INFO - Sync 1 DAGs
[2023-08-20 12:01:21,595] {logging_mixin.py:104} INFO - [2023-08-20 12:01:21,595] {dag.py:2280} INFO - Setting next_dagrun for example_trigger_target_dag to None
[2023-08-20 12:01:21,607] {scheduler_job.py:190} INFO - Processing /home/airflow/.local/lib/python3.6/site-packages/airflow/example_dags/example_trigger_target_dag.py took 0.083 seconds
[2023-08-20T17:37:41.968+0000] {processor.py:157} INFO - Started process (PID=81) to work on /home/airflow/.local/lib/python3.8/site-packages/airflow/example_dags/example_trigger_target_dag.py
[2023-08-20T17:37:41.970+0000] {processor.py:829} INFO - Processing file /home/airflow/.local/lib/python3.8/site-packages/airflow/example_dags/example_trigger_target_dag.py for tasks to queue
[2023-08-20T17:37:41.975+0000] {logging_mixin.py:151} INFO - [2023-08-20T17:37:41.974+0000] {dagbag.py:539} INFO - Filling up the DagBag from /home/airflow/.local/lib/python3.8/site-packages/airflow/example_dags/example_trigger_target_dag.py
[2023-08-20T17:37:41.987+0000] {processor.py:839} INFO - DAG(s) dict_keys(['example_trigger_target_dag']) retrieved from /home/airflow/.local/lib/python3.8/site-packages/airflow/example_dags/example_trigger_target_dag.py
[2023-08-20T17:37:42.005+0000] {logging_mixin.py:151} INFO - [2023-08-20T17:37:42.005+0000] {dag.py:2907} INFO - Sync 1 DAGs
[2023-08-20T17:37:42.028+0000] {logging_mixin.py:151} INFO - [2023-08-20T17:37:42.027+0000] {dag.py:3677} INFO - Setting next_dagrun for example_trigger_target_dag to None, run_after=None
[2023-08-20T17:37:42.054+0000] {processor.py:179} INFO - Processing /home/airflow/.local/lib/python3.8/site-packages/airflow/example_dags/example_trigger_target_dag.py took 0.091 seconds
[2023-08-20T17:38:12.802+0000] {processor.py:157} INFO - Started process (PID=135) to work on /home/airflow/.local/lib/python3.8/site-packages/airflow/example_dags/example_trigger_target_dag.py
[2023-08-20T17:38:12.804+0000] {processor.py:829} INFO - Processing file /home/airflow/.local/lib/python3.8/site-packages/airflow/example_dags/example_trigger_target_dag.py for tasks to queue
[2023-08-20T17:38:12.808+0000] {logging_mixin.py:151} INFO - [2023-08-20T17:38:12.807+0000] {dagbag.py:539} INFO - Filling up the DagBag from /home/airflow/.local/lib/python3.8/site-packages/airflow/example_dags/example_trigger_target_dag.py
[2023-08-20T17:38:12.814+0000] {processor.py:839} INFO - DAG(s) dict_keys(['example_trigger_target_dag']) retrieved from /home/airflow/.local/lib/python3.8/site-packages/airflow/example_dags/example_trigger_target_dag.py
[2023-08-20T17:38:12.839+0000] {logging_mixin.py:151} INFO - [2023-08-20T17:38:12.838+0000] {dag.py:2907} INFO - Sync 1 DAGs
[2023-08-20T17:38:12.856+0000] {logging_mixin.py:151} INFO - [2023-08-20T17:38:12.855+0000] {dag.py:3677} INFO - Setting next_dagrun for example_trigger_target_dag to None, run_after=None
[2023-08-20T17:38:12.881+0000] {processor.py:179} INFO - Processing /home/airflow/.local/lib/python3.8/site-packages/airflow/example_dags/example_trigger_target_dag.py took 0.083 seconds
[2023-08-20T17:38:42.994+0000] {processor.py:157} INFO - Started process (PID=188) to work on /home/airflow/.local/lib/python3.8/site-packages/airflow/example_dags/example_trigger_target_dag.py
[2023-08-20T17:38:42.996+0000] {processor.py:829} INFO - Processing file /home/airflow/.local/lib/python3.8/site-packages/airflow/example_dags/example_trigger_target_dag.py for tasks to queue
[2023-08-20T17:38:43.000+0000] {logging_mixin.py:151} INFO - [2023-08-20T17:38:43.000+0000] {dagbag.py:539} INFO - Filling up the DagBag from /home/airflow/.local/lib/python3.8/site-packages/airflow/example_dags/example_trigger_target_dag.py
[2023-08-20T17:38:43.009+0000] {processor.py:839} INFO - DAG(s) dict_keys(['example_trigger_target_dag']) retrieved from /home/airflow/.local/lib/python3.8/site-packages/airflow/example_dags/example_trigger_target_dag.py
[2023-08-20T17:38:43.040+0000] {logging_mixin.py:151} INFO - [2023-08-20T17:38:43.039+0000] {dag.py:2907} INFO - Sync 1 DAGs
[2023-08-20T17:38:43.058+0000] {logging_mixin.py:151} INFO - [2023-08-20T17:38:43.057+0000] {dag.py:3677} INFO - Setting next_dagrun for example_trigger_target_dag to None, run_after=None
[2023-08-20T17:38:43.088+0000] {processor.py:179} INFO - Processing /home/airflow/.local/lib/python3.8/site-packages/airflow/example_dags/example_trigger_target_dag.py took 0.099 seconds
[2023-08-20T17:39:13.507+0000] {processor.py:157} INFO - Started process (PID=242) to work on /home/airflow/.local/lib/python3.8/site-packages/airflow/example_dags/example_trigger_target_dag.py
[2023-08-20T17:39:13.509+0000] {processor.py:829} INFO - Processing file /home/airflow/.local/lib/python3.8/site-packages/airflow/example_dags/example_trigger_target_dag.py for tasks to queue
[2023-08-20T17:39:13.513+0000] {logging_mixin.py:151} INFO - [2023-08-20T17:39:13.512+0000] {dagbag.py:539} INFO - Filling up the DagBag from /home/airflow/.local/lib/python3.8/site-packages/airflow/example_dags/example_trigger_target_dag.py
[2023-08-20T17:39:13.520+0000] {processor.py:839} INFO - DAG(s) dict_keys(['example_trigger_target_dag']) retrieved from /home/airflow/.local/lib/python3.8/site-packages/airflow/example_dags/example_trigger_target_dag.py
[2023-08-20T17:39:13.547+0000] {logging_mixin.py:151} INFO - [2023-08-20T17:39:13.546+0000] {dag.py:2907} INFO - Sync 1 DAGs
[2023-08-20T17:39:13.563+0000] {logging_mixin.py:151} INFO - [2023-08-20T17:39:13.563+0000] {dag.py:3677} INFO - Setting next_dagrun for example_trigger_target_dag to None, run_after=None
[2023-08-20T17:39:13.595+0000] {processor.py:179} INFO - Processing /home/airflow/.local/lib/python3.8/site-packages/airflow/example_dags/example_trigger_target_dag.py took 0.091 seconds
[2023-08-20T17:39:44.446+0000] {processor.py:157} INFO - Started process (PID=296) to work on /home/airflow/.local/lib/python3.8/site-packages/airflow/example_dags/example_trigger_target_dag.py
[2023-08-20T17:39:44.448+0000] {processor.py:829} INFO - Processing file /home/airflow/.local/lib/python3.8/site-packages/airflow/example_dags/example_trigger_target_dag.py for tasks to queue
[2023-08-20T17:39:44.451+0000] {logging_mixin.py:151} INFO - [2023-08-20T17:39:44.451+0000] {dagbag.py:539} INFO - Filling up the DagBag from /home/airflow/.local/lib/python3.8/site-packages/airflow/example_dags/example_trigger_target_dag.py
[2023-08-20T17:39:44.458+0000] {processor.py:839} INFO - DAG(s) dict_keys(['example_trigger_target_dag']) retrieved from /home/airflow/.local/lib/python3.8/site-packages/airflow/example_dags/example_trigger_target_dag.py
[2023-08-20T17:39:44.476+0000] {logging_mixin.py:151} INFO - [2023-08-20T17:39:44.476+0000] {dag.py:2907} INFO - Sync 1 DAGs
[2023-08-20T17:39:44.495+0000] {logging_mixin.py:151} INFO - [2023-08-20T17:39:44.495+0000] {dag.py:3677} INFO - Setting next_dagrun for example_trigger_target_dag to None, run_after=None
[2023-08-20T17:39:44.525+0000] {processor.py:179} INFO - Processing /home/airflow/.local/lib/python3.8/site-packages/airflow/example_dags/example_trigger_target_dag.py took 0.083 seconds
[2023-08-20T17:40:15.102+0000] {processor.py:157} INFO - Started process (PID=350) to work on /home/airflow/.local/lib/python3.8/site-packages/airflow/example_dags/example_trigger_target_dag.py
[2023-08-20T17:40:15.104+0000] {processor.py:829} INFO - Processing file /home/airflow/.local/lib/python3.8/site-packages/airflow/example_dags/example_trigger_target_dag.py for tasks to queue
[2023-08-20T17:40:15.109+0000] {logging_mixin.py:151} INFO - [2023-08-20T17:40:15.109+0000] {dagbag.py:539} INFO - Filling up the DagBag from /home/airflow/.local/lib/python3.8/site-packages/airflow/example_dags/example_trigger_target_dag.py
[2023-08-20T17:40:15.117+0000] {processor.py:839} INFO - DAG(s) dict_keys(['example_trigger_target_dag']) retrieved from /home/airflow/.local/lib/python3.8/site-packages/airflow/example_dags/example_trigger_target_dag.py
[2023-08-20T17:40:15.142+0000] {logging_mixin.py:151} INFO - [2023-08-20T17:40:15.142+0000] {dag.py:2907} INFO - Sync 1 DAGs
[2023-08-20T17:40:15.158+0000] {logging_mixin.py:151} INFO - [2023-08-20T17:40:15.158+0000] {dag.py:3677} INFO - Setting next_dagrun for example_trigger_target_dag to None, run_after=None
[2023-08-20T17:40:15.188+0000] {processor.py:179} INFO - Processing /home/airflow/.local/lib/python3.8/site-packages/airflow/example_dags/example_trigger_target_dag.py took 0.090 seconds
[2023-08-20T17:40:45.953+0000] {processor.py:157} INFO - Started process (PID=404) to work on /home/airflow/.local/lib/python3.8/site-packages/airflow/example_dags/example_trigger_target_dag.py
[2023-08-20T17:40:45.955+0000] {processor.py:829} INFO - Processing file /home/airflow/.local/lib/python3.8/site-packages/airflow/example_dags/example_trigger_target_dag.py for tasks to queue
[2023-08-20T17:40:45.960+0000] {logging_mixin.py:151} INFO - [2023-08-20T17:40:45.959+0000] {dagbag.py:539} INFO - Filling up the DagBag from /home/airflow/.local/lib/python3.8/site-packages/airflow/example_dags/example_trigger_target_dag.py
[2023-08-20T17:40:45.968+0000] {processor.py:839} INFO - DAG(s) dict_keys(['example_trigger_target_dag']) retrieved from /home/airflow/.local/lib/python3.8/site-packages/airflow/example_dags/example_trigger_target_dag.py
[2023-08-20T17:40:45.993+0000] {logging_mixin.py:151} INFO - [2023-08-20T17:40:45.993+0000] {dag.py:2907} INFO - Sync 1 DAGs
[2023-08-20T17:40:46.009+0000] {logging_mixin.py:151} INFO - [2023-08-20T17:40:46.009+0000] {dag.py:3677} INFO - Setting next_dagrun for example_trigger_target_dag to None, run_after=None
[2023-08-20T17:40:46.035+0000] {processor.py:179} INFO - Processing /home/airflow/.local/lib/python3.8/site-packages/airflow/example_dags/example_trigger_target_dag.py took 0.088 seconds
[2023-08-20T17:41:16.141+0000] {processor.py:157} INFO - Started process (PID=458) to work on /home/airflow/.local/lib/python3.8/site-packages/airflow/example_dags/example_trigger_target_dag.py
[2023-08-20T17:41:16.143+0000] {processor.py:829} INFO - Processing file /home/airflow/.local/lib/python3.8/site-packages/airflow/example_dags/example_trigger_target_dag.py for tasks to queue
[2023-08-20T17:41:16.147+0000] {logging_mixin.py:151} INFO - [2023-08-20T17:41:16.147+0000] {dagbag.py:539} INFO - Filling up the DagBag from /home/airflow/.local/lib/python3.8/site-packages/airflow/example_dags/example_trigger_target_dag.py
[2023-08-20T17:41:16.154+0000] {processor.py:839} INFO - DAG(s) dict_keys(['example_trigger_target_dag']) retrieved from /home/airflow/.local/lib/python3.8/site-packages/airflow/example_dags/example_trigger_target_dag.py
[2023-08-20T17:41:16.185+0000] {logging_mixin.py:151} INFO - [2023-08-20T17:41:16.185+0000] {dag.py:2907} INFO - Sync 1 DAGs
[2023-08-20T17:41:16.204+0000] {logging_mixin.py:151} INFO - [2023-08-20T17:41:16.204+0000] {dag.py:3677} INFO - Setting next_dagrun for example_trigger_target_dag to None, run_after=None
[2023-08-20T17:41:16.230+0000] {processor.py:179} INFO - Processing /home/airflow/.local/lib/python3.8/site-packages/airflow/example_dags/example_trigger_target_dag.py took 0.093 seconds
[2023-08-20T17:41:46.832+0000] {processor.py:157} INFO - Started process (PID=513) to work on /home/airflow/.local/lib/python3.8/site-packages/airflow/example_dags/example_trigger_target_dag.py
[2023-08-20T17:41:46.834+0000] {processor.py:829} INFO - Processing file /home/airflow/.local/lib/python3.8/site-packages/airflow/example_dags/example_trigger_target_dag.py for tasks to queue
[2023-08-20T17:41:46.837+0000] {logging_mixin.py:151} INFO - [2023-08-20T17:41:46.837+0000] {dagbag.py:539} INFO - Filling up the DagBag from /home/airflow/.local/lib/python3.8/site-packages/airflow/example_dags/example_trigger_target_dag.py
[2023-08-20T17:41:46.844+0000] {processor.py:839} INFO - DAG(s) dict_keys(['example_trigger_target_dag']) retrieved from /home/airflow/.local/lib/python3.8/site-packages/airflow/example_dags/example_trigger_target_dag.py
[2023-08-20T17:41:46.870+0000] {logging_mixin.py:151} INFO - [2023-08-20T17:41:46.870+0000] {dag.py:2907} INFO - Sync 1 DAGs
[2023-08-20T17:41:46.886+0000] {logging_mixin.py:151} INFO - [2023-08-20T17:41:46.886+0000] {dag.py:3677} INFO - Setting next_dagrun for example_trigger_target_dag to None, run_after=None
[2023-08-20T17:41:46.915+0000] {processor.py:179} INFO - Processing /home/airflow/.local/lib/python3.8/site-packages/airflow/example_dags/example_trigger_target_dag.py took 0.088 seconds
[2023-08-20T17:42:17.036+0000] {processor.py:157} INFO - Started process (PID=567) to work on /home/airflow/.local/lib/python3.8/site-packages/airflow/example_dags/example_trigger_target_dag.py
[2023-08-20T17:42:17.037+0000] {processor.py:829} INFO - Processing file /home/airflow/.local/lib/python3.8/site-packages/airflow/example_dags/example_trigger_target_dag.py for tasks to queue
[2023-08-20T17:42:17.041+0000] {logging_mixin.py:151} INFO - [2023-08-20T17:42:17.041+0000] {dagbag.py:539} INFO - Filling up the DagBag from /home/airflow/.local/lib/python3.8/site-packages/airflow/example_dags/example_trigger_target_dag.py
[2023-08-20T17:42:17.047+0000] {processor.py:839} INFO - DAG(s) dict_keys(['example_trigger_target_dag']) retrieved from /home/airflow/.local/lib/python3.8/site-packages/airflow/example_dags/example_trigger_target_dag.py
[2023-08-20T17:42:17.070+0000] {logging_mixin.py:151} INFO - [2023-08-20T17:42:17.070+0000] {dag.py:2907} INFO - Sync 1 DAGs
[2023-08-20T17:42:17.085+0000] {logging_mixin.py:151} INFO - [2023-08-20T17:42:17.085+0000] {dag.py:3677} INFO - Setting next_dagrun for example_trigger_target_dag to None, run_after=None
[2023-08-20T17:42:17.112+0000] {processor.py:179} INFO - Processing /home/airflow/.local/lib/python3.8/site-packages/airflow/example_dags/example_trigger_target_dag.py took 0.080 seconds
[2023-08-20T17:42:47.551+0000] {processor.py:157} INFO - Started process (PID=621) to work on /home/airflow/.local/lib/python3.8/site-packages/airflow/example_dags/example_trigger_target_dag.py
[2023-08-20T17:42:47.553+0000] {processor.py:829} INFO - Processing file /home/airflow/.local/lib/python3.8/site-packages/airflow/example_dags/example_trigger_target_dag.py for tasks to queue
[2023-08-20T17:42:47.557+0000] {logging_mixin.py:151} INFO - [2023-08-20T17:42:47.557+0000] {dagbag.py:539} INFO - Filling up the DagBag from /home/airflow/.local/lib/python3.8/site-packages/airflow/example_dags/example_trigger_target_dag.py
[2023-08-20T17:42:47.564+0000] {processor.py:839} INFO - DAG(s) dict_keys(['example_trigger_target_dag']) retrieved from /home/airflow/.local/lib/python3.8/site-packages/airflow/example_dags/example_trigger_target_dag.py
[2023-08-20T17:42:47.594+0000] {logging_mixin.py:151} INFO - [2023-08-20T17:42:47.593+0000] {dag.py:2907} INFO - Sync 1 DAGs
[2023-08-20T17:42:47.612+0000] {logging_mixin.py:151} INFO - [2023-08-20T17:42:47.611+0000] {dag.py:3677} INFO - Setting next_dagrun for example_trigger_target_dag to None, run_after=None
[2023-08-20T17:42:47.647+0000] {processor.py:179} INFO - Processing /home/airflow/.local/lib/python3.8/site-packages/airflow/example_dags/example_trigger_target_dag.py took 0.100 seconds
[2023-08-20T17:43:18.094+0000] {processor.py:157} INFO - Started process (PID=675) to work on /home/airflow/.local/lib/python3.8/site-packages/airflow/example_dags/example_trigger_target_dag.py
[2023-08-20T17:43:18.096+0000] {processor.py:829} INFO - Processing file /home/airflow/.local/lib/python3.8/site-packages/airflow/example_dags/example_trigger_target_dag.py for tasks to queue
[2023-08-20T17:43:18.099+0000] {logging_mixin.py:151} INFO - [2023-08-20T17:43:18.099+0000] {dagbag.py:539} INFO - Filling up the DagBag from /home/airflow/.local/lib/python3.8/site-packages/airflow/example_dags/example_trigger_target_dag.py
[2023-08-20T17:43:18.106+0000] {processor.py:839} INFO - DAG(s) dict_keys(['example_trigger_target_dag']) retrieved from /home/airflow/.local/lib/python3.8/site-packages/airflow/example_dags/example_trigger_target_dag.py
[2023-08-20T17:43:18.131+0000] {logging_mixin.py:151} INFO - [2023-08-20T17:43:18.131+0000] {dag.py:2907} INFO - Sync 1 DAGs
[2023-08-20T17:43:18.148+0000] {logging_mixin.py:151} INFO - [2023-08-20T17:43:18.148+0000] {dag.py:3677} INFO - Setting next_dagrun for example_trigger_target_dag to None, run_after=None
[2023-08-20T17:43:18.176+0000] {processor.py:179} INFO - Processing /home/airflow/.local/lib/python3.8/site-packages/airflow/example_dags/example_trigger_target_dag.py took 0.087 seconds
[2023-08-20T17:43:48.764+0000] {processor.py:157} INFO - Started process (PID=729) to work on /home/airflow/.local/lib/python3.8/site-packages/airflow/example_dags/example_trigger_target_dag.py
[2023-08-20T17:43:48.766+0000] {processor.py:829} INFO - Processing file /home/airflow/.local/lib/python3.8/site-packages/airflow/example_dags/example_trigger_target_dag.py for tasks to queue
[2023-08-20T17:43:48.771+0000] {logging_mixin.py:151} INFO - [2023-08-20T17:43:48.770+0000] {dagbag.py:539} INFO - Filling up the DagBag from /home/airflow/.local/lib/python3.8/site-packages/airflow/example_dags/example_trigger_target_dag.py
[2023-08-20T17:43:48.777+0000] {processor.py:839} INFO - DAG(s) dict_keys(['example_trigger_target_dag']) retrieved from /home/airflow/.local/lib/python3.8/site-packages/airflow/example_dags/example_trigger_target_dag.py
[2023-08-20T17:43:48.805+0000] {logging_mixin.py:151} INFO - [2023-08-20T17:43:48.804+0000] {dag.py:2907} INFO - Sync 1 DAGs
[2023-08-20T17:43:48.825+0000] {logging_mixin.py:151} INFO - [2023-08-20T17:43:48.824+0000] {dag.py:3677} INFO - Setting next_dagrun for example_trigger_target_dag to None, run_after=None
[2023-08-20T17:43:48.855+0000] {processor.py:179} INFO - Processing /home/airflow/.local/lib/python3.8/site-packages/airflow/example_dags/example_trigger_target_dag.py took 0.094 seconds
[2023-08-20T17:44:19.360+0000] {processor.py:157} INFO - Started process (PID=783) to work on /home/airflow/.local/lib/python3.8/site-packages/airflow/example_dags/example_trigger_target_dag.py
[2023-08-20T17:44:19.362+0000] {processor.py:829} INFO - Processing file /home/airflow/.local/lib/python3.8/site-packages/airflow/example_dags/example_trigger_target_dag.py for tasks to queue
[2023-08-20T17:44:19.366+0000] {logging_mixin.py:151} INFO - [2023-08-20T17:44:19.366+0000] {dagbag.py:539} INFO - Filling up the DagBag from /home/airflow/.local/lib/python3.8/site-packages/airflow/example_dags/example_trigger_target_dag.py
[2023-08-20T17:44:19.374+0000] {processor.py:839} INFO - DAG(s) dict_keys(['example_trigger_target_dag']) retrieved from /home/airflow/.local/lib/python3.8/site-packages/airflow/example_dags/example_trigger_target_dag.py
[2023-08-20T17:44:19.400+0000] {logging_mixin.py:151} INFO - [2023-08-20T17:44:19.399+0000] {dag.py:2907} INFO - Sync 1 DAGs
[2023-08-20T17:44:19.415+0000] {logging_mixin.py:151} INFO - [2023-08-20T17:44:19.415+0000] {dag.py:3677} INFO - Setting next_dagrun for example_trigger_target_dag to None, run_after=None
[2023-08-20T17:44:19.443+0000] {processor.py:179} INFO - Processing /home/airflow/.local/lib/python3.8/site-packages/airflow/example_dags/example_trigger_target_dag.py took 0.087 seconds
[2023-08-20T17:44:50.079+0000] {processor.py:157} INFO - Started process (PID=837) to work on /home/airflow/.local/lib/python3.8/site-packages/airflow/example_dags/example_trigger_target_dag.py
[2023-08-20T17:44:50.081+0000] {processor.py:829} INFO - Processing file /home/airflow/.local/lib/python3.8/site-packages/airflow/example_dags/example_trigger_target_dag.py for tasks to queue
[2023-08-20T17:44:50.085+0000] {logging_mixin.py:151} INFO - [2023-08-20T17:44:50.084+0000] {dagbag.py:539} INFO - Filling up the DagBag from /home/airflow/.local/lib/python3.8/site-packages/airflow/example_dags/example_trigger_target_dag.py
[2023-08-20T17:44:50.092+0000] {processor.py:839} INFO - DAG(s) dict_keys(['example_trigger_target_dag']) retrieved from /home/airflow/.local/lib/python3.8/site-packages/airflow/example_dags/example_trigger_target_dag.py
[2023-08-20T17:44:50.121+0000] {logging_mixin.py:151} INFO - [2023-08-20T17:44:50.120+0000] {dag.py:2907} INFO - Sync 1 DAGs
[2023-08-20T17:44:50.145+0000] {logging_mixin.py:151} INFO - [2023-08-20T17:44:50.145+0000] {dag.py:3677} INFO - Setting next_dagrun for example_trigger_target_dag to None, run_after=None
[2023-08-20T17:44:50.177+0000] {processor.py:179} INFO - Processing /home/airflow/.local/lib/python3.8/site-packages/airflow/example_dags/example_trigger_target_dag.py took 0.102 seconds
[2023-08-20T17:45:20.374+0000] {processor.py:157} INFO - Started process (PID=891) to work on /home/airflow/.local/lib/python3.8/site-packages/airflow/example_dags/example_trigger_target_dag.py
[2023-08-20T17:45:20.376+0000] {processor.py:829} INFO - Processing file /home/airflow/.local/lib/python3.8/site-packages/airflow/example_dags/example_trigger_target_dag.py for tasks to queue
[2023-08-20T17:45:20.381+0000] {logging_mixin.py:151} INFO - [2023-08-20T17:45:20.380+0000] {dagbag.py:539} INFO - Filling up the DagBag from /home/airflow/.local/lib/python3.8/site-packages/airflow/example_dags/example_trigger_target_dag.py
[2023-08-20T17:45:20.389+0000] {processor.py:839} INFO - DAG(s) dict_keys(['example_trigger_target_dag']) retrieved from /home/airflow/.local/lib/python3.8/site-packages/airflow/example_dags/example_trigger_target_dag.py
[2023-08-20T17:45:20.417+0000] {logging_mixin.py:151} INFO - [2023-08-20T17:45:20.417+0000] {dag.py:2907} INFO - Sync 1 DAGs
[2023-08-20T17:45:20.441+0000] {logging_mixin.py:151} INFO - [2023-08-20T17:45:20.440+0000] {dag.py:3677} INFO - Setting next_dagrun for example_trigger_target_dag to None, run_after=None
[2023-08-20T17:45:20.476+0000] {processor.py:179} INFO - Processing /home/airflow/.local/lib/python3.8/site-packages/airflow/example_dags/example_trigger_target_dag.py took 0.106 seconds
[2023-08-20T17:45:50.726+0000] {processor.py:157} INFO - Started process (PID=945) to work on /home/airflow/.local/lib/python3.8/site-packages/airflow/example_dags/example_trigger_target_dag.py
[2023-08-20T17:45:50.728+0000] {processor.py:829} INFO - Processing file /home/airflow/.local/lib/python3.8/site-packages/airflow/example_dags/example_trigger_target_dag.py for tasks to queue
[2023-08-20T17:45:50.732+0000] {logging_mixin.py:151} INFO - [2023-08-20T17:45:50.732+0000] {dagbag.py:539} INFO - Filling up the DagBag from /home/airflow/.local/lib/python3.8/site-packages/airflow/example_dags/example_trigger_target_dag.py
[2023-08-20T17:45:50.739+0000] {processor.py:839} INFO - DAG(s) dict_keys(['example_trigger_target_dag']) retrieved from /home/airflow/.local/lib/python3.8/site-packages/airflow/example_dags/example_trigger_target_dag.py
[2023-08-20T17:45:50.770+0000] {logging_mixin.py:151} INFO - [2023-08-20T17:45:50.769+0000] {dag.py:2907} INFO - Sync 1 DAGs
[2023-08-20T17:45:50.788+0000] {logging_mixin.py:151} INFO - [2023-08-20T17:45:50.787+0000] {dag.py:3677} INFO - Setting next_dagrun for example_trigger_target_dag to None, run_after=None
[2023-08-20T17:45:50.813+0000] {processor.py:179} INFO - Processing /home/airflow/.local/lib/python3.8/site-packages/airflow/example_dags/example_trigger_target_dag.py took 0.091 seconds
[2023-08-20T17:46:21.708+0000] {processor.py:157} INFO - Started process (PID=999) to work on /home/airflow/.local/lib/python3.8/site-packages/airflow/example_dags/example_trigger_target_dag.py
[2023-08-20T17:46:21.710+0000] {processor.py:829} INFO - Processing file /home/airflow/.local/lib/python3.8/site-packages/airflow/example_dags/example_trigger_target_dag.py for tasks to queue
[2023-08-20T17:46:21.714+0000] {logging_mixin.py:151} INFO - [2023-08-20T17:46:21.713+0000] {dagbag.py:539} INFO - Filling up the DagBag from /home/airflow/.local/lib/python3.8/site-packages/airflow/example_dags/example_trigger_target_dag.py
[2023-08-20T17:46:21.722+0000] {processor.py:839} INFO - DAG(s) dict_keys(['example_trigger_target_dag']) retrieved from /home/airflow/.local/lib/python3.8/site-packages/airflow/example_dags/example_trigger_target_dag.py
[2023-08-20T17:46:21.749+0000] {logging_mixin.py:151} INFO - [2023-08-20T17:46:21.748+0000] {dag.py:2907} INFO - Sync 1 DAGs
[2023-08-20T17:46:21.769+0000] {logging_mixin.py:151} INFO - [2023-08-20T17:46:21.769+0000] {dag.py:3677} INFO - Setting next_dagrun for example_trigger_target_dag to None, run_after=None
[2023-08-20T17:46:21.798+0000] {processor.py:179} INFO - Processing /home/airflow/.local/lib/python3.8/site-packages/airflow/example_dags/example_trigger_target_dag.py took 0.094 seconds
[2023-08-20T17:46:52.364+0000] {processor.py:157} INFO - Started process (PID=1053) to work on /home/airflow/.local/lib/python3.8/site-packages/airflow/example_dags/example_trigger_target_dag.py
[2023-08-20T17:46:52.366+0000] {processor.py:829} INFO - Processing file /home/airflow/.local/lib/python3.8/site-packages/airflow/example_dags/example_trigger_target_dag.py for tasks to queue
[2023-08-20T17:46:52.370+0000] {logging_mixin.py:151} INFO - [2023-08-20T17:46:52.369+0000] {dagbag.py:539} INFO - Filling up the DagBag from /home/airflow/.local/lib/python3.8/site-packages/airflow/example_dags/example_trigger_target_dag.py
[2023-08-20T17:46:52.379+0000] {processor.py:839} INFO - DAG(s) dict_keys(['example_trigger_target_dag']) retrieved from /home/airflow/.local/lib/python3.8/site-packages/airflow/example_dags/example_trigger_target_dag.py
[2023-08-20T17:46:52.405+0000] {logging_mixin.py:151} INFO - [2023-08-20T17:46:52.405+0000] {dag.py:2907} INFO - Sync 1 DAGs
[2023-08-20T17:46:52.423+0000] {logging_mixin.py:151} INFO - [2023-08-20T17:46:52.422+0000] {dag.py:3677} INFO - Setting next_dagrun for example_trigger_target_dag to None, run_after=None
[2023-08-20T17:46:52.453+0000] {processor.py:179} INFO - Processing /home/airflow/.local/lib/python3.8/site-packages/airflow/example_dags/example_trigger_target_dag.py took 0.093 seconds
