[2023-08-20 11:40:25,034] {scheduler_job.py:182} INFO - Started process (PID=67) to work on /home/airflow/.local/lib/python3.6/site-packages/airflow/example_dags/example_branch_python_dop_operator_3.py
[2023-08-20 11:40:25,036] {scheduler_job.py:629} INFO - Processing file /home/airflow/.local/lib/python3.6/site-packages/airflow/example_dags/example_branch_python_dop_operator_3.py for tasks to queue
[2023-08-20 11:40:25,039] {logging_mixin.py:104} INFO - [2023-08-20 11:40:25,039] {dagbag.py:451} INFO - Filling up the DagBag from /home/airflow/.local/lib/python3.6/site-packages/airflow/example_dags/example_branch_python_dop_operator_3.py
[2023-08-20 11:40:25,055] {scheduler_job.py:639} INFO - DAG(s) dict_keys(['example_branch_dop_operator_v3']) retrieved from /home/airflow/.local/lib/python3.6/site-packages/airflow/example_dags/example_branch_python_dop_operator_3.py
[2023-08-20 11:40:25,086] {logging_mixin.py:104} INFO - [2023-08-20 11:40:25,086] {dag.py:1824} INFO - Sync 1 DAGs
[2023-08-20 11:40:25,103] {logging_mixin.py:104} INFO - [2023-08-20 11:40:25,103] {dag.py:1843} INFO - Creating ORM DAG for example_branch_dop_operator_v3
[2023-08-20 11:40:25,125] {logging_mixin.py:104} INFO - [2023-08-20 11:40:25,125] {dag.py:2280} INFO - Setting next_dagrun for example_branch_dop_operator_v3 to 2023-08-18 00:00:00+00:00
[2023-08-20 11:40:25,147] {scheduler_job.py:190} INFO - Processing /home/airflow/.local/lib/python3.6/site-packages/airflow/example_dags/example_branch_python_dop_operator_3.py took 0.116 seconds
[2023-08-20 11:40:55,900] {scheduler_job.py:182} INFO - Started process (PID=93) to work on /home/airflow/.local/lib/python3.6/site-packages/airflow/example_dags/example_branch_python_dop_operator_3.py
[2023-08-20 11:40:55,905] {scheduler_job.py:629} INFO - Processing file /home/airflow/.local/lib/python3.6/site-packages/airflow/example_dags/example_branch_python_dop_operator_3.py for tasks to queue
[2023-08-20 11:40:55,908] {logging_mixin.py:104} INFO - [2023-08-20 11:40:55,908] {dagbag.py:451} INFO - Filling up the DagBag from /home/airflow/.local/lib/python3.6/site-packages/airflow/example_dags/example_branch_python_dop_operator_3.py
[2023-08-20 11:40:55,930] {scheduler_job.py:639} INFO - DAG(s) dict_keys(['example_branch_dop_operator_v3']) retrieved from /home/airflow/.local/lib/python3.6/site-packages/airflow/example_dags/example_branch_python_dop_operator_3.py
[2023-08-20 11:40:55,964] {logging_mixin.py:104} INFO - [2023-08-20 11:40:55,964] {dag.py:1824} INFO - Sync 1 DAGs
[2023-08-20 11:40:56,020] {logging_mixin.py:104} INFO - [2023-08-20 11:40:56,020] {dag.py:2280} INFO - Setting next_dagrun for example_branch_dop_operator_v3 to 2023-08-18 00:00:00+00:00
[2023-08-20 11:40:56,044] {scheduler_job.py:190} INFO - Processing /home/airflow/.local/lib/python3.6/site-packages/airflow/example_dags/example_branch_python_dop_operator_3.py took 0.147 seconds
[2023-08-20 11:41:26,349] {scheduler_job.py:182} INFO - Started process (PID=119) to work on /home/airflow/.local/lib/python3.6/site-packages/airflow/example_dags/example_branch_python_dop_operator_3.py
[2023-08-20 11:41:26,351] {scheduler_job.py:629} INFO - Processing file /home/airflow/.local/lib/python3.6/site-packages/airflow/example_dags/example_branch_python_dop_operator_3.py for tasks to queue
[2023-08-20 11:41:26,353] {logging_mixin.py:104} INFO - [2023-08-20 11:41:26,353] {dagbag.py:451} INFO - Filling up the DagBag from /home/airflow/.local/lib/python3.6/site-packages/airflow/example_dags/example_branch_python_dop_operator_3.py
[2023-08-20 11:41:26,372] {scheduler_job.py:639} INFO - DAG(s) dict_keys(['example_branch_dop_operator_v3']) retrieved from /home/airflow/.local/lib/python3.6/site-packages/airflow/example_dags/example_branch_python_dop_operator_3.py
[2023-08-20 11:41:26,394] {logging_mixin.py:104} INFO - [2023-08-20 11:41:26,394] {dag.py:1824} INFO - Sync 1 DAGs
[2023-08-20 11:41:26,433] {logging_mixin.py:104} INFO - [2023-08-20 11:41:26,433] {dag.py:2280} INFO - Setting next_dagrun for example_branch_dop_operator_v3 to 2023-08-18 00:00:00+00:00
[2023-08-20 11:41:26,448] {scheduler_job.py:190} INFO - Processing /home/airflow/.local/lib/python3.6/site-packages/airflow/example_dags/example_branch_python_dop_operator_3.py took 0.104 seconds
[2023-08-20 11:41:56,534] {scheduler_job.py:182} INFO - Started process (PID=145) to work on /home/airflow/.local/lib/python3.6/site-packages/airflow/example_dags/example_branch_python_dop_operator_3.py
[2023-08-20 11:41:56,536] {scheduler_job.py:629} INFO - Processing file /home/airflow/.local/lib/python3.6/site-packages/airflow/example_dags/example_branch_python_dop_operator_3.py for tasks to queue
[2023-08-20 11:41:56,538] {logging_mixin.py:104} INFO - [2023-08-20 11:41:56,537] {dagbag.py:451} INFO - Filling up the DagBag from /home/airflow/.local/lib/python3.6/site-packages/airflow/example_dags/example_branch_python_dop_operator_3.py
[2023-08-20 11:41:56,557] {scheduler_job.py:639} INFO - DAG(s) dict_keys(['example_branch_dop_operator_v3']) retrieved from /home/airflow/.local/lib/python3.6/site-packages/airflow/example_dags/example_branch_python_dop_operator_3.py
[2023-08-20 11:41:56,580] {logging_mixin.py:104} INFO - [2023-08-20 11:41:56,580] {dag.py:1824} INFO - Sync 1 DAGs
[2023-08-20 11:41:56,615] {logging_mixin.py:104} INFO - [2023-08-20 11:41:56,615] {dag.py:2280} INFO - Setting next_dagrun for example_branch_dop_operator_v3 to 2023-08-18 00:00:00+00:00
[2023-08-20 11:41:56,631] {scheduler_job.py:190} INFO - Processing /home/airflow/.local/lib/python3.6/site-packages/airflow/example_dags/example_branch_python_dop_operator_3.py took 0.100 seconds
[2023-08-20 11:42:26,924] {scheduler_job.py:182} INFO - Started process (PID=171) to work on /home/airflow/.local/lib/python3.6/site-packages/airflow/example_dags/example_branch_python_dop_operator_3.py
[2023-08-20 11:42:26,926] {scheduler_job.py:629} INFO - Processing file /home/airflow/.local/lib/python3.6/site-packages/airflow/example_dags/example_branch_python_dop_operator_3.py for tasks to queue
[2023-08-20 11:42:26,927] {logging_mixin.py:104} INFO - [2023-08-20 11:42:26,927] {dagbag.py:451} INFO - Filling up the DagBag from /home/airflow/.local/lib/python3.6/site-packages/airflow/example_dags/example_branch_python_dop_operator_3.py
[2023-08-20 11:42:26,946] {scheduler_job.py:639} INFO - DAG(s) dict_keys(['example_branch_dop_operator_v3']) retrieved from /home/airflow/.local/lib/python3.6/site-packages/airflow/example_dags/example_branch_python_dop_operator_3.py
[2023-08-20 11:42:26,972] {logging_mixin.py:104} INFO - [2023-08-20 11:42:26,972] {dag.py:1824} INFO - Sync 1 DAGs
[2023-08-20 11:42:27,020] {logging_mixin.py:104} INFO - [2023-08-20 11:42:27,020] {dag.py:2280} INFO - Setting next_dagrun for example_branch_dop_operator_v3 to 2023-08-18 00:00:00+00:00
[2023-08-20 11:42:27,037] {scheduler_job.py:190} INFO - Processing /home/airflow/.local/lib/python3.6/site-packages/airflow/example_dags/example_branch_python_dop_operator_3.py took 0.116 seconds
[2023-08-20 11:42:57,584] {scheduler_job.py:182} INFO - Started process (PID=196) to work on /home/airflow/.local/lib/python3.6/site-packages/airflow/example_dags/example_branch_python_dop_operator_3.py
[2023-08-20 11:42:57,587] {scheduler_job.py:629} INFO - Processing file /home/airflow/.local/lib/python3.6/site-packages/airflow/example_dags/example_branch_python_dop_operator_3.py for tasks to queue
[2023-08-20 11:42:57,589] {logging_mixin.py:104} INFO - [2023-08-20 11:42:57,589] {dagbag.py:451} INFO - Filling up the DagBag from /home/airflow/.local/lib/python3.6/site-packages/airflow/example_dags/example_branch_python_dop_operator_3.py
[2023-08-20 11:42:57,610] {scheduler_job.py:639} INFO - DAG(s) dict_keys(['example_branch_dop_operator_v3']) retrieved from /home/airflow/.local/lib/python3.6/site-packages/airflow/example_dags/example_branch_python_dop_operator_3.py
[2023-08-20 11:42:57,640] {logging_mixin.py:104} INFO - [2023-08-20 11:42:57,640] {dag.py:1824} INFO - Sync 1 DAGs
[2023-08-20 11:42:57,670] {logging_mixin.py:104} INFO - [2023-08-20 11:42:57,670] {dag.py:2280} INFO - Setting next_dagrun for example_branch_dop_operator_v3 to 2023-08-18 00:00:00+00:00
[2023-08-20 11:42:57,683] {scheduler_job.py:190} INFO - Processing /home/airflow/.local/lib/python3.6/site-packages/airflow/example_dags/example_branch_python_dop_operator_3.py took 0.108 seconds
[2023-08-20 11:43:28,534] {scheduler_job.py:182} INFO - Started process (PID=223) to work on /home/airflow/.local/lib/python3.6/site-packages/airflow/example_dags/example_branch_python_dop_operator_3.py
[2023-08-20 11:43:28,536] {scheduler_job.py:629} INFO - Processing file /home/airflow/.local/lib/python3.6/site-packages/airflow/example_dags/example_branch_python_dop_operator_3.py for tasks to queue
[2023-08-20 11:43:28,537] {logging_mixin.py:104} INFO - [2023-08-20 11:43:28,537] {dagbag.py:451} INFO - Filling up the DagBag from /home/airflow/.local/lib/python3.6/site-packages/airflow/example_dags/example_branch_python_dop_operator_3.py
[2023-08-20 11:43:28,555] {scheduler_job.py:639} INFO - DAG(s) dict_keys(['example_branch_dop_operator_v3']) retrieved from /home/airflow/.local/lib/python3.6/site-packages/airflow/example_dags/example_branch_python_dop_operator_3.py
[2023-08-20 11:43:28,583] {logging_mixin.py:104} INFO - [2023-08-20 11:43:28,583] {dag.py:1824} INFO - Sync 1 DAGs
[2023-08-20 11:43:28,621] {logging_mixin.py:104} INFO - [2023-08-20 11:43:28,621] {dag.py:2280} INFO - Setting next_dagrun for example_branch_dop_operator_v3 to 2023-08-18 00:00:00+00:00
[2023-08-20 11:43:28,635] {scheduler_job.py:190} INFO - Processing /home/airflow/.local/lib/python3.6/site-packages/airflow/example_dags/example_branch_python_dop_operator_3.py took 0.104 seconds
[2023-08-20 11:43:59,213] {scheduler_job.py:182} INFO - Started process (PID=249) to work on /home/airflow/.local/lib/python3.6/site-packages/airflow/example_dags/example_branch_python_dop_operator_3.py
[2023-08-20 11:43:59,226] {scheduler_job.py:629} INFO - Processing file /home/airflow/.local/lib/python3.6/site-packages/airflow/example_dags/example_branch_python_dop_operator_3.py for tasks to queue
[2023-08-20 11:43:59,229] {logging_mixin.py:104} INFO - [2023-08-20 11:43:59,229] {dagbag.py:451} INFO - Filling up the DagBag from /home/airflow/.local/lib/python3.6/site-packages/airflow/example_dags/example_branch_python_dop_operator_3.py
[2023-08-20 11:43:59,254] {scheduler_job.py:639} INFO - DAG(s) dict_keys(['example_branch_dop_operator_v3']) retrieved from /home/airflow/.local/lib/python3.6/site-packages/airflow/example_dags/example_branch_python_dop_operator_3.py
[2023-08-20 11:43:59,348] {logging_mixin.py:104} INFO - [2023-08-20 11:43:59,348] {dag.py:1824} INFO - Sync 1 DAGs
[2023-08-20 11:43:59,396] {logging_mixin.py:104} INFO - [2023-08-20 11:43:59,395] {dag.py:2280} INFO - Setting next_dagrun for example_branch_dop_operator_v3 to 2023-08-18 00:00:00+00:00
[2023-08-20 11:43:59,415] {scheduler_job.py:190} INFO - Processing /home/airflow/.local/lib/python3.6/site-packages/airflow/example_dags/example_branch_python_dop_operator_3.py took 0.206 seconds
[2023-08-20 11:44:30,052] {scheduler_job.py:182} INFO - Started process (PID=274) to work on /home/airflow/.local/lib/python3.6/site-packages/airflow/example_dags/example_branch_python_dop_operator_3.py
[2023-08-20 11:44:30,055] {scheduler_job.py:629} INFO - Processing file /home/airflow/.local/lib/python3.6/site-packages/airflow/example_dags/example_branch_python_dop_operator_3.py for tasks to queue
[2023-08-20 11:44:30,059] {logging_mixin.py:104} INFO - [2023-08-20 11:44:30,059] {dagbag.py:451} INFO - Filling up the DagBag from /home/airflow/.local/lib/python3.6/site-packages/airflow/example_dags/example_branch_python_dop_operator_3.py
[2023-08-20 11:44:30,078] {scheduler_job.py:639} INFO - DAG(s) dict_keys(['example_branch_dop_operator_v3']) retrieved from /home/airflow/.local/lib/python3.6/site-packages/airflow/example_dags/example_branch_python_dop_operator_3.py
[2023-08-20 11:44:30,103] {logging_mixin.py:104} INFO - [2023-08-20 11:44:30,103] {dag.py:1824} INFO - Sync 1 DAGs
[2023-08-20 11:44:30,134] {logging_mixin.py:104} INFO - [2023-08-20 11:44:30,134] {dag.py:2280} INFO - Setting next_dagrun for example_branch_dop_operator_v3 to 2023-08-18 00:00:00+00:00
[2023-08-20 11:44:30,149] {scheduler_job.py:190} INFO - Processing /home/airflow/.local/lib/python3.6/site-packages/airflow/example_dags/example_branch_python_dop_operator_3.py took 0.101 seconds
[2023-08-20 11:45:00,697] {scheduler_job.py:182} INFO - Started process (PID=300) to work on /home/airflow/.local/lib/python3.6/site-packages/airflow/example_dags/example_branch_python_dop_operator_3.py
[2023-08-20 11:45:00,701] {scheduler_job.py:629} INFO - Processing file /home/airflow/.local/lib/python3.6/site-packages/airflow/example_dags/example_branch_python_dop_operator_3.py for tasks to queue
[2023-08-20 11:45:00,703] {logging_mixin.py:104} INFO - [2023-08-20 11:45:00,702] {dagbag.py:451} INFO - Filling up the DagBag from /home/airflow/.local/lib/python3.6/site-packages/airflow/example_dags/example_branch_python_dop_operator_3.py
[2023-08-20 11:45:00,729] {scheduler_job.py:639} INFO - DAG(s) dict_keys(['example_branch_dop_operator_v3']) retrieved from /home/airflow/.local/lib/python3.6/site-packages/airflow/example_dags/example_branch_python_dop_operator_3.py
[2023-08-20 11:45:00,769] {logging_mixin.py:104} INFO - [2023-08-20 11:45:00,768] {dag.py:1824} INFO - Sync 1 DAGs
[2023-08-20 11:45:00,819] {logging_mixin.py:104} INFO - [2023-08-20 11:45:00,819] {dag.py:2280} INFO - Setting next_dagrun for example_branch_dop_operator_v3 to 2023-08-18 00:00:00+00:00
[2023-08-20 11:45:00,841] {scheduler_job.py:190} INFO - Processing /home/airflow/.local/lib/python3.6/site-packages/airflow/example_dags/example_branch_python_dop_operator_3.py took 0.150 seconds
[2023-08-20 11:45:30,963] {scheduler_job.py:182} INFO - Started process (PID=326) to work on /home/airflow/.local/lib/python3.6/site-packages/airflow/example_dags/example_branch_python_dop_operator_3.py
[2023-08-20 11:45:30,965] {scheduler_job.py:629} INFO - Processing file /home/airflow/.local/lib/python3.6/site-packages/airflow/example_dags/example_branch_python_dop_operator_3.py for tasks to queue
[2023-08-20 11:45:30,966] {logging_mixin.py:104} INFO - [2023-08-20 11:45:30,966] {dagbag.py:451} INFO - Filling up the DagBag from /home/airflow/.local/lib/python3.6/site-packages/airflow/example_dags/example_branch_python_dop_operator_3.py
[2023-08-20 11:45:30,985] {scheduler_job.py:639} INFO - DAG(s) dict_keys(['example_branch_dop_operator_v3']) retrieved from /home/airflow/.local/lib/python3.6/site-packages/airflow/example_dags/example_branch_python_dop_operator_3.py
[2023-08-20 11:45:31,008] {logging_mixin.py:104} INFO - [2023-08-20 11:45:31,008] {dag.py:1824} INFO - Sync 1 DAGs
[2023-08-20 11:45:31,043] {logging_mixin.py:104} INFO - [2023-08-20 11:45:31,043] {dag.py:2280} INFO - Setting next_dagrun for example_branch_dop_operator_v3 to 2023-08-18 00:00:00+00:00
[2023-08-20 11:45:31,056] {scheduler_job.py:190} INFO - Processing /home/airflow/.local/lib/python3.6/site-packages/airflow/example_dags/example_branch_python_dop_operator_3.py took 0.095 seconds
[2023-08-20 11:46:01,146] {scheduler_job.py:182} INFO - Started process (PID=352) to work on /home/airflow/.local/lib/python3.6/site-packages/airflow/example_dags/example_branch_python_dop_operator_3.py
[2023-08-20 11:46:01,148] {scheduler_job.py:629} INFO - Processing file /home/airflow/.local/lib/python3.6/site-packages/airflow/example_dags/example_branch_python_dop_operator_3.py for tasks to queue
[2023-08-20 11:46:01,149] {logging_mixin.py:104} INFO - [2023-08-20 11:46:01,149] {dagbag.py:451} INFO - Filling up the DagBag from /home/airflow/.local/lib/python3.6/site-packages/airflow/example_dags/example_branch_python_dop_operator_3.py
[2023-08-20 11:46:01,169] {scheduler_job.py:639} INFO - DAG(s) dict_keys(['example_branch_dop_operator_v3']) retrieved from /home/airflow/.local/lib/python3.6/site-packages/airflow/example_dags/example_branch_python_dop_operator_3.py
[2023-08-20 11:46:01,190] {logging_mixin.py:104} INFO - [2023-08-20 11:46:01,190] {dag.py:1824} INFO - Sync 1 DAGs
[2023-08-20 11:46:01,221] {logging_mixin.py:104} INFO - [2023-08-20 11:46:01,221] {dag.py:2280} INFO - Setting next_dagrun for example_branch_dop_operator_v3 to 2023-08-18 00:00:00+00:00
[2023-08-20 11:46:01,235] {scheduler_job.py:190} INFO - Processing /home/airflow/.local/lib/python3.6/site-packages/airflow/example_dags/example_branch_python_dop_operator_3.py took 0.092 seconds
[2023-08-20 11:46:32,030] {scheduler_job.py:182} INFO - Started process (PID=378) to work on /home/airflow/.local/lib/python3.6/site-packages/airflow/example_dags/example_branch_python_dop_operator_3.py
[2023-08-20 11:46:32,033] {scheduler_job.py:629} INFO - Processing file /home/airflow/.local/lib/python3.6/site-packages/airflow/example_dags/example_branch_python_dop_operator_3.py for tasks to queue
[2023-08-20 11:46:32,034] {logging_mixin.py:104} INFO - [2023-08-20 11:46:32,034] {dagbag.py:451} INFO - Filling up the DagBag from /home/airflow/.local/lib/python3.6/site-packages/airflow/example_dags/example_branch_python_dop_operator_3.py
[2023-08-20 11:46:32,056] {scheduler_job.py:639} INFO - DAG(s) dict_keys(['example_branch_dop_operator_v3']) retrieved from /home/airflow/.local/lib/python3.6/site-packages/airflow/example_dags/example_branch_python_dop_operator_3.py
[2023-08-20 11:46:32,082] {logging_mixin.py:104} INFO - [2023-08-20 11:46:32,082] {dag.py:1824} INFO - Sync 1 DAGs
[2023-08-20 11:46:32,152] {logging_mixin.py:104} INFO - [2023-08-20 11:46:32,152] {dag.py:2280} INFO - Setting next_dagrun for example_branch_dop_operator_v3 to 2023-08-18 00:00:00+00:00
[2023-08-20 11:46:32,168] {scheduler_job.py:190} INFO - Processing /home/airflow/.local/lib/python3.6/site-packages/airflow/example_dags/example_branch_python_dop_operator_3.py took 0.141 seconds
[2023-08-20 11:47:02,756] {scheduler_job.py:182} INFO - Started process (PID=404) to work on /home/airflow/.local/lib/python3.6/site-packages/airflow/example_dags/example_branch_python_dop_operator_3.py
[2023-08-20 11:47:02,758] {scheduler_job.py:629} INFO - Processing file /home/airflow/.local/lib/python3.6/site-packages/airflow/example_dags/example_branch_python_dop_operator_3.py for tasks to queue
[2023-08-20 11:47:02,759] {logging_mixin.py:104} INFO - [2023-08-20 11:47:02,759] {dagbag.py:451} INFO - Filling up the DagBag from /home/airflow/.local/lib/python3.6/site-packages/airflow/example_dags/example_branch_python_dop_operator_3.py
[2023-08-20 11:47:02,782] {scheduler_job.py:639} INFO - DAG(s) dict_keys(['example_branch_dop_operator_v3']) retrieved from /home/airflow/.local/lib/python3.6/site-packages/airflow/example_dags/example_branch_python_dop_operator_3.py
[2023-08-20 11:47:02,812] {logging_mixin.py:104} INFO - [2023-08-20 11:47:02,811] {dag.py:1824} INFO - Sync 1 DAGs
[2023-08-20 11:47:02,857] {logging_mixin.py:104} INFO - [2023-08-20 11:47:02,857] {dag.py:2280} INFO - Setting next_dagrun for example_branch_dop_operator_v3 to 2023-08-18 00:00:00+00:00
[2023-08-20 11:47:02,876] {scheduler_job.py:190} INFO - Processing /home/airflow/.local/lib/python3.6/site-packages/airflow/example_dags/example_branch_python_dop_operator_3.py took 0.125 seconds
[2023-08-20 11:47:33,731] {scheduler_job.py:182} INFO - Started process (PID=428) to work on /home/airflow/.local/lib/python3.6/site-packages/airflow/example_dags/example_branch_python_dop_operator_3.py
[2023-08-20 11:47:33,739] {scheduler_job.py:629} INFO - Processing file /home/airflow/.local/lib/python3.6/site-packages/airflow/example_dags/example_branch_python_dop_operator_3.py for tasks to queue
[2023-08-20 11:47:33,741] {logging_mixin.py:104} INFO - [2023-08-20 11:47:33,740] {dagbag.py:451} INFO - Filling up the DagBag from /home/airflow/.local/lib/python3.6/site-packages/airflow/example_dags/example_branch_python_dop_operator_3.py
[2023-08-20 11:47:33,756] {scheduler_job.py:639} INFO - DAG(s) dict_keys(['example_branch_dop_operator_v3']) retrieved from /home/airflow/.local/lib/python3.6/site-packages/airflow/example_dags/example_branch_python_dop_operator_3.py
[2023-08-20 11:47:33,781] {logging_mixin.py:104} INFO - [2023-08-20 11:47:33,781] {dag.py:1824} INFO - Sync 1 DAGs
[2023-08-20 11:47:33,815] {logging_mixin.py:104} INFO - [2023-08-20 11:47:33,815] {dag.py:2280} INFO - Setting next_dagrun for example_branch_dop_operator_v3 to 2023-08-18 00:00:00+00:00
[2023-08-20 11:47:33,829] {scheduler_job.py:190} INFO - Processing /home/airflow/.local/lib/python3.6/site-packages/airflow/example_dags/example_branch_python_dop_operator_3.py took 0.102 seconds
[2023-08-20 11:48:03,957] {scheduler_job.py:182} INFO - Started process (PID=454) to work on /home/airflow/.local/lib/python3.6/site-packages/airflow/example_dags/example_branch_python_dop_operator_3.py
[2023-08-20 11:48:03,959] {scheduler_job.py:629} INFO - Processing file /home/airflow/.local/lib/python3.6/site-packages/airflow/example_dags/example_branch_python_dop_operator_3.py for tasks to queue
[2023-08-20 11:48:03,960] {logging_mixin.py:104} INFO - [2023-08-20 11:48:03,960] {dagbag.py:451} INFO - Filling up the DagBag from /home/airflow/.local/lib/python3.6/site-packages/airflow/example_dags/example_branch_python_dop_operator_3.py
[2023-08-20 11:48:03,981] {scheduler_job.py:639} INFO - DAG(s) dict_keys(['example_branch_dop_operator_v3']) retrieved from /home/airflow/.local/lib/python3.6/site-packages/airflow/example_dags/example_branch_python_dop_operator_3.py
[2023-08-20 11:48:04,010] {logging_mixin.py:104} INFO - [2023-08-20 11:48:04,009] {dag.py:1824} INFO - Sync 1 DAGs
[2023-08-20 11:48:04,048] {logging_mixin.py:104} INFO - [2023-08-20 11:48:04,048] {dag.py:2280} INFO - Setting next_dagrun for example_branch_dop_operator_v3 to 2023-08-18 00:00:00+00:00
[2023-08-20 11:48:04,153] {scheduler_job.py:190} INFO - Processing /home/airflow/.local/lib/python3.6/site-packages/airflow/example_dags/example_branch_python_dop_operator_3.py took 0.199 seconds
[2023-08-20 11:48:35,111] {scheduler_job.py:182} INFO - Started process (PID=480) to work on /home/airflow/.local/lib/python3.6/site-packages/airflow/example_dags/example_branch_python_dop_operator_3.py
[2023-08-20 11:48:35,133] {scheduler_job.py:629} INFO - Processing file /home/airflow/.local/lib/python3.6/site-packages/airflow/example_dags/example_branch_python_dop_operator_3.py for tasks to queue
[2023-08-20 11:48:35,144] {logging_mixin.py:104} INFO - [2023-08-20 11:48:35,144] {dagbag.py:451} INFO - Filling up the DagBag from /home/airflow/.local/lib/python3.6/site-packages/airflow/example_dags/example_branch_python_dop_operator_3.py
[2023-08-20 11:48:35,175] {scheduler_job.py:639} INFO - DAG(s) dict_keys(['example_branch_dop_operator_v3']) retrieved from /home/airflow/.local/lib/python3.6/site-packages/airflow/example_dags/example_branch_python_dop_operator_3.py
[2023-08-20 11:48:35,226] {logging_mixin.py:104} INFO - [2023-08-20 11:48:35,226] {dag.py:1824} INFO - Sync 1 DAGs
[2023-08-20 11:48:35,264] {logging_mixin.py:104} INFO - [2023-08-20 11:48:35,263] {dag.py:2280} INFO - Setting next_dagrun for example_branch_dop_operator_v3 to 2023-08-18 00:00:00+00:00
[2023-08-20 11:48:35,281] {scheduler_job.py:190} INFO - Processing /home/airflow/.local/lib/python3.6/site-packages/airflow/example_dags/example_branch_python_dop_operator_3.py took 0.174 seconds
[2023-08-20 11:49:05,463] {scheduler_job.py:182} INFO - Started process (PID=506) to work on /home/airflow/.local/lib/python3.6/site-packages/airflow/example_dags/example_branch_python_dop_operator_3.py
[2023-08-20 11:49:05,466] {scheduler_job.py:629} INFO - Processing file /home/airflow/.local/lib/python3.6/site-packages/airflow/example_dags/example_branch_python_dop_operator_3.py for tasks to queue
[2023-08-20 11:49:05,468] {logging_mixin.py:104} INFO - [2023-08-20 11:49:05,467] {dagbag.py:451} INFO - Filling up the DagBag from /home/airflow/.local/lib/python3.6/site-packages/airflow/example_dags/example_branch_python_dop_operator_3.py
[2023-08-20 11:49:05,483] {scheduler_job.py:639} INFO - DAG(s) dict_keys(['example_branch_dop_operator_v3']) retrieved from /home/airflow/.local/lib/python3.6/site-packages/airflow/example_dags/example_branch_python_dop_operator_3.py
[2023-08-20 11:49:05,505] {logging_mixin.py:104} INFO - [2023-08-20 11:49:05,505] {dag.py:1824} INFO - Sync 1 DAGs
[2023-08-20 11:49:05,537] {logging_mixin.py:104} INFO - [2023-08-20 11:49:05,536] {dag.py:2280} INFO - Setting next_dagrun for example_branch_dop_operator_v3 to 2023-08-18 00:00:00+00:00
[2023-08-20 11:49:05,628] {scheduler_job.py:190} INFO - Processing /home/airflow/.local/lib/python3.6/site-packages/airflow/example_dags/example_branch_python_dop_operator_3.py took 0.169 seconds
[2023-08-20 11:49:36,517] {scheduler_job.py:182} INFO - Started process (PID=532) to work on /home/airflow/.local/lib/python3.6/site-packages/airflow/example_dags/example_branch_python_dop_operator_3.py
[2023-08-20 11:49:36,519] {scheduler_job.py:629} INFO - Processing file /home/airflow/.local/lib/python3.6/site-packages/airflow/example_dags/example_branch_python_dop_operator_3.py for tasks to queue
[2023-08-20 11:49:36,520] {logging_mixin.py:104} INFO - [2023-08-20 11:49:36,520] {dagbag.py:451} INFO - Filling up the DagBag from /home/airflow/.local/lib/python3.6/site-packages/airflow/example_dags/example_branch_python_dop_operator_3.py
[2023-08-20 11:49:36,539] {scheduler_job.py:639} INFO - DAG(s) dict_keys(['example_branch_dop_operator_v3']) retrieved from /home/airflow/.local/lib/python3.6/site-packages/airflow/example_dags/example_branch_python_dop_operator_3.py
[2023-08-20 11:49:36,568] {logging_mixin.py:104} INFO - [2023-08-20 11:49:36,568] {dag.py:1824} INFO - Sync 1 DAGs
[2023-08-20 11:49:36,609] {logging_mixin.py:104} INFO - [2023-08-20 11:49:36,609] {dag.py:2280} INFO - Setting next_dagrun for example_branch_dop_operator_v3 to 2023-08-18 00:00:00+00:00
[2023-08-20 11:49:36,624] {scheduler_job.py:190} INFO - Processing /home/airflow/.local/lib/python3.6/site-packages/airflow/example_dags/example_branch_python_dop_operator_3.py took 0.112 seconds
[2023-08-20 11:50:07,107] {scheduler_job.py:182} INFO - Started process (PID=558) to work on /home/airflow/.local/lib/python3.6/site-packages/airflow/example_dags/example_branch_python_dop_operator_3.py
[2023-08-20 11:50:07,109] {scheduler_job.py:629} INFO - Processing file /home/airflow/.local/lib/python3.6/site-packages/airflow/example_dags/example_branch_python_dop_operator_3.py for tasks to queue
[2023-08-20 11:50:07,111] {logging_mixin.py:104} INFO - [2023-08-20 11:50:07,110] {dagbag.py:451} INFO - Filling up the DagBag from /home/airflow/.local/lib/python3.6/site-packages/airflow/example_dags/example_branch_python_dop_operator_3.py
[2023-08-20 11:50:07,132] {scheduler_job.py:639} INFO - DAG(s) dict_keys(['example_branch_dop_operator_v3']) retrieved from /home/airflow/.local/lib/python3.6/site-packages/airflow/example_dags/example_branch_python_dop_operator_3.py
[2023-08-20 11:50:07,157] {logging_mixin.py:104} INFO - [2023-08-20 11:50:07,157] {dag.py:1824} INFO - Sync 1 DAGs
[2023-08-20 11:50:07,191] {logging_mixin.py:104} INFO - [2023-08-20 11:50:07,190] {dag.py:2280} INFO - Setting next_dagrun for example_branch_dop_operator_v3 to 2023-08-18 00:00:00+00:00
[2023-08-20 11:50:07,206] {scheduler_job.py:190} INFO - Processing /home/airflow/.local/lib/python3.6/site-packages/airflow/example_dags/example_branch_python_dop_operator_3.py took 0.104 seconds
[2023-08-20 11:50:37,740] {scheduler_job.py:182} INFO - Started process (PID=584) to work on /home/airflow/.local/lib/python3.6/site-packages/airflow/example_dags/example_branch_python_dop_operator_3.py
[2023-08-20 11:50:37,742] {scheduler_job.py:629} INFO - Processing file /home/airflow/.local/lib/python3.6/site-packages/airflow/example_dags/example_branch_python_dop_operator_3.py for tasks to queue
[2023-08-20 11:50:37,744] {logging_mixin.py:104} INFO - [2023-08-20 11:50:37,744] {dagbag.py:451} INFO - Filling up the DagBag from /home/airflow/.local/lib/python3.6/site-packages/airflow/example_dags/example_branch_python_dop_operator_3.py
[2023-08-20 11:50:37,773] {scheduler_job.py:639} INFO - DAG(s) dict_keys(['example_branch_dop_operator_v3']) retrieved from /home/airflow/.local/lib/python3.6/site-packages/airflow/example_dags/example_branch_python_dop_operator_3.py
[2023-08-20 11:50:37,799] {logging_mixin.py:104} INFO - [2023-08-20 11:50:37,799] {dag.py:1824} INFO - Sync 1 DAGs
[2023-08-20 11:50:37,842] {logging_mixin.py:104} INFO - [2023-08-20 11:50:37,842] {dag.py:2280} INFO - Setting next_dagrun for example_branch_dop_operator_v3 to 2023-08-18 00:00:00+00:00
[2023-08-20 11:50:37,860] {scheduler_job.py:190} INFO - Processing /home/airflow/.local/lib/python3.6/site-packages/airflow/example_dags/example_branch_python_dop_operator_3.py took 0.125 seconds
[2023-08-20 11:51:08,340] {scheduler_job.py:182} INFO - Started process (PID=610) to work on /home/airflow/.local/lib/python3.6/site-packages/airflow/example_dags/example_branch_python_dop_operator_3.py
[2023-08-20 11:51:08,343] {scheduler_job.py:629} INFO - Processing file /home/airflow/.local/lib/python3.6/site-packages/airflow/example_dags/example_branch_python_dop_operator_3.py for tasks to queue
[2023-08-20 11:51:08,345] {logging_mixin.py:104} INFO - [2023-08-20 11:51:08,345] {dagbag.py:451} INFO - Filling up the DagBag from /home/airflow/.local/lib/python3.6/site-packages/airflow/example_dags/example_branch_python_dop_operator_3.py
[2023-08-20 11:51:08,368] {scheduler_job.py:639} INFO - DAG(s) dict_keys(['example_branch_dop_operator_v3']) retrieved from /home/airflow/.local/lib/python3.6/site-packages/airflow/example_dags/example_branch_python_dop_operator_3.py
[2023-08-20 11:51:08,394] {logging_mixin.py:104} INFO - [2023-08-20 11:51:08,394] {dag.py:1824} INFO - Sync 1 DAGs
[2023-08-20 11:51:08,437] {logging_mixin.py:104} INFO - [2023-08-20 11:51:08,437] {dag.py:2280} INFO - Setting next_dagrun for example_branch_dop_operator_v3 to 2023-08-18 00:00:00+00:00
[2023-08-20 11:51:08,453] {scheduler_job.py:190} INFO - Processing /home/airflow/.local/lib/python3.6/site-packages/airflow/example_dags/example_branch_python_dop_operator_3.py took 0.118 seconds
[2023-08-20 11:51:38,488] {scheduler_job.py:182} INFO - Started process (PID=637) to work on /home/airflow/.local/lib/python3.6/site-packages/airflow/example_dags/example_branch_python_dop_operator_3.py
[2023-08-20 11:51:38,490] {scheduler_job.py:629} INFO - Processing file /home/airflow/.local/lib/python3.6/site-packages/airflow/example_dags/example_branch_python_dop_operator_3.py for tasks to queue
[2023-08-20 11:51:38,491] {logging_mixin.py:104} INFO - [2023-08-20 11:51:38,491] {dagbag.py:451} INFO - Filling up the DagBag from /home/airflow/.local/lib/python3.6/site-packages/airflow/example_dags/example_branch_python_dop_operator_3.py
[2023-08-20 11:51:38,507] {scheduler_job.py:639} INFO - DAG(s) dict_keys(['example_branch_dop_operator_v3']) retrieved from /home/airflow/.local/lib/python3.6/site-packages/airflow/example_dags/example_branch_python_dop_operator_3.py
[2023-08-20 11:51:38,528] {logging_mixin.py:104} INFO - [2023-08-20 11:51:38,528] {dag.py:1824} INFO - Sync 1 DAGs
[2023-08-20 11:51:38,561] {logging_mixin.py:104} INFO - [2023-08-20 11:51:38,560] {dag.py:2280} INFO - Setting next_dagrun for example_branch_dop_operator_v3 to 2023-08-18 00:00:00+00:00
[2023-08-20 11:51:38,577] {scheduler_job.py:190} INFO - Processing /home/airflow/.local/lib/python3.6/site-packages/airflow/example_dags/example_branch_python_dop_operator_3.py took 0.093 seconds
[2023-08-20 11:52:09,010] {scheduler_job.py:182} INFO - Started process (PID=662) to work on /home/airflow/.local/lib/python3.6/site-packages/airflow/example_dags/example_branch_python_dop_operator_3.py
[2023-08-20 11:52:09,012] {scheduler_job.py:629} INFO - Processing file /home/airflow/.local/lib/python3.6/site-packages/airflow/example_dags/example_branch_python_dop_operator_3.py for tasks to queue
[2023-08-20 11:52:09,014] {logging_mixin.py:104} INFO - [2023-08-20 11:52:09,014] {dagbag.py:451} INFO - Filling up the DagBag from /home/airflow/.local/lib/python3.6/site-packages/airflow/example_dags/example_branch_python_dop_operator_3.py
[2023-08-20 11:52:09,029] {scheduler_job.py:639} INFO - DAG(s) dict_keys(['example_branch_dop_operator_v3']) retrieved from /home/airflow/.local/lib/python3.6/site-packages/airflow/example_dags/example_branch_python_dop_operator_3.py
[2023-08-20 11:52:09,057] {logging_mixin.py:104} INFO - [2023-08-20 11:52:09,057] {dag.py:1824} INFO - Sync 1 DAGs
[2023-08-20 11:52:09,094] {logging_mixin.py:104} INFO - [2023-08-20 11:52:09,094] {dag.py:2280} INFO - Setting next_dagrun for example_branch_dop_operator_v3 to 2023-08-18 00:00:00+00:00
[2023-08-20 11:52:09,109] {scheduler_job.py:190} INFO - Processing /home/airflow/.local/lib/python3.6/site-packages/airflow/example_dags/example_branch_python_dop_operator_3.py took 0.103 seconds
[2023-08-20 11:52:39,590] {scheduler_job.py:182} INFO - Started process (PID=685) to work on /home/airflow/.local/lib/python3.6/site-packages/airflow/example_dags/example_branch_python_dop_operator_3.py
[2023-08-20 11:52:39,592] {scheduler_job.py:629} INFO - Processing file /home/airflow/.local/lib/python3.6/site-packages/airflow/example_dags/example_branch_python_dop_operator_3.py for tasks to queue
[2023-08-20 11:52:39,594] {logging_mixin.py:104} INFO - [2023-08-20 11:52:39,594] {dagbag.py:451} INFO - Filling up the DagBag from /home/airflow/.local/lib/python3.6/site-packages/airflow/example_dags/example_branch_python_dop_operator_3.py
[2023-08-20 11:52:39,612] {scheduler_job.py:639} INFO - DAG(s) dict_keys(['example_branch_dop_operator_v3']) retrieved from /home/airflow/.local/lib/python3.6/site-packages/airflow/example_dags/example_branch_python_dop_operator_3.py
[2023-08-20 11:52:39,636] {logging_mixin.py:104} INFO - [2023-08-20 11:52:39,636] {dag.py:1824} INFO - Sync 1 DAGs
[2023-08-20 11:52:39,669] {logging_mixin.py:104} INFO - [2023-08-20 11:52:39,669] {dag.py:2280} INFO - Setting next_dagrun for example_branch_dop_operator_v3 to 2023-08-18 00:00:00+00:00
[2023-08-20 11:52:39,685] {scheduler_job.py:190} INFO - Processing /home/airflow/.local/lib/python3.6/site-packages/airflow/example_dags/example_branch_python_dop_operator_3.py took 0.099 seconds
[2023-08-20 11:53:10,163] {scheduler_job.py:182} INFO - Started process (PID=706) to work on /home/airflow/.local/lib/python3.6/site-packages/airflow/example_dags/example_branch_python_dop_operator_3.py
[2023-08-20 11:53:10,166] {scheduler_job.py:629} INFO - Processing file /home/airflow/.local/lib/python3.6/site-packages/airflow/example_dags/example_branch_python_dop_operator_3.py for tasks to queue
[2023-08-20 11:53:10,167] {logging_mixin.py:104} INFO - [2023-08-20 11:53:10,167] {dagbag.py:451} INFO - Filling up the DagBag from /home/airflow/.local/lib/python3.6/site-packages/airflow/example_dags/example_branch_python_dop_operator_3.py
[2023-08-20 11:53:10,186] {scheduler_job.py:639} INFO - DAG(s) dict_keys(['example_branch_dop_operator_v3']) retrieved from /home/airflow/.local/lib/python3.6/site-packages/airflow/example_dags/example_branch_python_dop_operator_3.py
[2023-08-20 11:53:10,211] {logging_mixin.py:104} INFO - [2023-08-20 11:53:10,211] {dag.py:1824} INFO - Sync 1 DAGs
[2023-08-20 11:53:10,244] {logging_mixin.py:104} INFO - [2023-08-20 11:53:10,244] {dag.py:2280} INFO - Setting next_dagrun for example_branch_dop_operator_v3 to 2023-08-18 00:00:00+00:00
[2023-08-20 11:53:10,263] {scheduler_job.py:190} INFO - Processing /home/airflow/.local/lib/python3.6/site-packages/airflow/example_dags/example_branch_python_dop_operator_3.py took 0.103 seconds
[2023-08-20 11:53:41,164] {scheduler_job.py:182} INFO - Started process (PID=732) to work on /home/airflow/.local/lib/python3.6/site-packages/airflow/example_dags/example_branch_python_dop_operator_3.py
[2023-08-20 11:53:41,167] {scheduler_job.py:629} INFO - Processing file /home/airflow/.local/lib/python3.6/site-packages/airflow/example_dags/example_branch_python_dop_operator_3.py for tasks to queue
[2023-08-20 11:53:41,168] {logging_mixin.py:104} INFO - [2023-08-20 11:53:41,168] {dagbag.py:451} INFO - Filling up the DagBag from /home/airflow/.local/lib/python3.6/site-packages/airflow/example_dags/example_branch_python_dop_operator_3.py
[2023-08-20 11:53:41,189] {scheduler_job.py:639} INFO - DAG(s) dict_keys(['example_branch_dop_operator_v3']) retrieved from /home/airflow/.local/lib/python3.6/site-packages/airflow/example_dags/example_branch_python_dop_operator_3.py
[2023-08-20 11:53:41,220] {logging_mixin.py:104} INFO - [2023-08-20 11:53:41,220] {dag.py:1824} INFO - Sync 1 DAGs
[2023-08-20 11:53:41,259] {logging_mixin.py:104} INFO - [2023-08-20 11:53:41,259] {dag.py:2280} INFO - Setting next_dagrun for example_branch_dop_operator_v3 to 2023-08-18 00:00:00+00:00
[2023-08-20 11:53:41,278] {scheduler_job.py:190} INFO - Processing /home/airflow/.local/lib/python3.6/site-packages/airflow/example_dags/example_branch_python_dop_operator_3.py took 0.118 seconds
[2023-08-20 11:54:11,888] {scheduler_job.py:182} INFO - Started process (PID=757) to work on /home/airflow/.local/lib/python3.6/site-packages/airflow/example_dags/example_branch_python_dop_operator_3.py
[2023-08-20 11:54:11,890] {scheduler_job.py:629} INFO - Processing file /home/airflow/.local/lib/python3.6/site-packages/airflow/example_dags/example_branch_python_dop_operator_3.py for tasks to queue
[2023-08-20 11:54:11,892] {logging_mixin.py:104} INFO - [2023-08-20 11:54:11,892] {dagbag.py:451} INFO - Filling up the DagBag from /home/airflow/.local/lib/python3.6/site-packages/airflow/example_dags/example_branch_python_dop_operator_3.py
[2023-08-20 11:54:11,908] {scheduler_job.py:639} INFO - DAG(s) dict_keys(['example_branch_dop_operator_v3']) retrieved from /home/airflow/.local/lib/python3.6/site-packages/airflow/example_dags/example_branch_python_dop_operator_3.py
[2023-08-20 11:54:11,932] {logging_mixin.py:104} INFO - [2023-08-20 11:54:11,932] {dag.py:1824} INFO - Sync 1 DAGs
[2023-08-20 11:54:11,968] {logging_mixin.py:104} INFO - [2023-08-20 11:54:11,968] {dag.py:2280} INFO - Setting next_dagrun for example_branch_dop_operator_v3 to 2023-08-18 00:00:00+00:00
[2023-08-20 11:54:11,983] {scheduler_job.py:190} INFO - Processing /home/airflow/.local/lib/python3.6/site-packages/airflow/example_dags/example_branch_python_dop_operator_3.py took 0.098 seconds
[2023-08-20 11:54:42,805] {scheduler_job.py:182} INFO - Started process (PID=783) to work on /home/airflow/.local/lib/python3.6/site-packages/airflow/example_dags/example_branch_python_dop_operator_3.py
[2023-08-20 11:54:42,807] {scheduler_job.py:629} INFO - Processing file /home/airflow/.local/lib/python3.6/site-packages/airflow/example_dags/example_branch_python_dop_operator_3.py for tasks to queue
[2023-08-20 11:54:42,809] {logging_mixin.py:104} INFO - [2023-08-20 11:54:42,808] {dagbag.py:451} INFO - Filling up the DagBag from /home/airflow/.local/lib/python3.6/site-packages/airflow/example_dags/example_branch_python_dop_operator_3.py
[2023-08-20 11:54:42,826] {scheduler_job.py:639} INFO - DAG(s) dict_keys(['example_branch_dop_operator_v3']) retrieved from /home/airflow/.local/lib/python3.6/site-packages/airflow/example_dags/example_branch_python_dop_operator_3.py
[2023-08-20 11:54:42,851] {logging_mixin.py:104} INFO - [2023-08-20 11:54:42,851] {dag.py:1824} INFO - Sync 1 DAGs
[2023-08-20 11:54:42,880] {logging_mixin.py:104} INFO - [2023-08-20 11:54:42,880] {dag.py:2280} INFO - Setting next_dagrun for example_branch_dop_operator_v3 to 2023-08-18 00:00:00+00:00
[2023-08-20 11:54:42,897] {scheduler_job.py:190} INFO - Processing /home/airflow/.local/lib/python3.6/site-packages/airflow/example_dags/example_branch_python_dop_operator_3.py took 0.096 seconds
[2023-08-20 11:55:13,564] {scheduler_job.py:182} INFO - Started process (PID=809) to work on /home/airflow/.local/lib/python3.6/site-packages/airflow/example_dags/example_branch_python_dop_operator_3.py
[2023-08-20 11:55:13,568] {scheduler_job.py:629} INFO - Processing file /home/airflow/.local/lib/python3.6/site-packages/airflow/example_dags/example_branch_python_dop_operator_3.py for tasks to queue
[2023-08-20 11:55:13,571] {logging_mixin.py:104} INFO - [2023-08-20 11:55:13,570] {dagbag.py:451} INFO - Filling up the DagBag from /home/airflow/.local/lib/python3.6/site-packages/airflow/example_dags/example_branch_python_dop_operator_3.py
[2023-08-20 11:55:13,591] {scheduler_job.py:639} INFO - DAG(s) dict_keys(['example_branch_dop_operator_v3']) retrieved from /home/airflow/.local/lib/python3.6/site-packages/airflow/example_dags/example_branch_python_dop_operator_3.py
[2023-08-20 11:55:13,616] {logging_mixin.py:104} INFO - [2023-08-20 11:55:13,615] {dag.py:1824} INFO - Sync 1 DAGs
[2023-08-20 11:55:13,646] {logging_mixin.py:104} INFO - [2023-08-20 11:55:13,646] {dag.py:2280} INFO - Setting next_dagrun for example_branch_dop_operator_v3 to 2023-08-18 00:00:00+00:00
[2023-08-20 11:55:13,661] {scheduler_job.py:190} INFO - Processing /home/airflow/.local/lib/python3.6/site-packages/airflow/example_dags/example_branch_python_dop_operator_3.py took 0.100 seconds
[2023-08-20 11:55:44,090] {scheduler_job.py:182} INFO - Started process (PID=832) to work on /home/airflow/.local/lib/python3.6/site-packages/airflow/example_dags/example_branch_python_dop_operator_3.py
[2023-08-20 11:55:44,094] {scheduler_job.py:629} INFO - Processing file /home/airflow/.local/lib/python3.6/site-packages/airflow/example_dags/example_branch_python_dop_operator_3.py for tasks to queue
[2023-08-20 11:55:44,096] {logging_mixin.py:104} INFO - [2023-08-20 11:55:44,095] {dagbag.py:451} INFO - Filling up the DagBag from /home/airflow/.local/lib/python3.6/site-packages/airflow/example_dags/example_branch_python_dop_operator_3.py
[2023-08-20 11:55:44,115] {scheduler_job.py:639} INFO - DAG(s) dict_keys(['example_branch_dop_operator_v3']) retrieved from /home/airflow/.local/lib/python3.6/site-packages/airflow/example_dags/example_branch_python_dop_operator_3.py
[2023-08-20 11:55:44,139] {logging_mixin.py:104} INFO - [2023-08-20 11:55:44,139] {dag.py:1824} INFO - Sync 1 DAGs
[2023-08-20 11:55:44,174] {logging_mixin.py:104} INFO - [2023-08-20 11:55:44,174] {dag.py:2280} INFO - Setting next_dagrun for example_branch_dop_operator_v3 to 2023-08-18 00:00:00+00:00
[2023-08-20 11:55:44,187] {scheduler_job.py:190} INFO - Processing /home/airflow/.local/lib/python3.6/site-packages/airflow/example_dags/example_branch_python_dop_operator_3.py took 0.100 seconds
[2023-08-20 11:56:14,711] {scheduler_job.py:182} INFO - Started process (PID=859) to work on /home/airflow/.local/lib/python3.6/site-packages/airflow/example_dags/example_branch_python_dop_operator_3.py
[2023-08-20 11:56:14,713] {scheduler_job.py:629} INFO - Processing file /home/airflow/.local/lib/python3.6/site-packages/airflow/example_dags/example_branch_python_dop_operator_3.py for tasks to queue
[2023-08-20 11:56:14,714] {logging_mixin.py:104} INFO - [2023-08-20 11:56:14,714] {dagbag.py:451} INFO - Filling up the DagBag from /home/airflow/.local/lib/python3.6/site-packages/airflow/example_dags/example_branch_python_dop_operator_3.py
[2023-08-20 11:56:14,729] {scheduler_job.py:639} INFO - DAG(s) dict_keys(['example_branch_dop_operator_v3']) retrieved from /home/airflow/.local/lib/python3.6/site-packages/airflow/example_dags/example_branch_python_dop_operator_3.py
[2023-08-20 11:56:14,752] {logging_mixin.py:104} INFO - [2023-08-20 11:56:14,752] {dag.py:1824} INFO - Sync 1 DAGs
[2023-08-20 11:56:14,788] {logging_mixin.py:104} INFO - [2023-08-20 11:56:14,788] {dag.py:2280} INFO - Setting next_dagrun for example_branch_dop_operator_v3 to 2023-08-18 00:00:00+00:00
[2023-08-20 11:56:14,800] {scheduler_job.py:190} INFO - Processing /home/airflow/.local/lib/python3.6/site-packages/airflow/example_dags/example_branch_python_dop_operator_3.py took 0.093 seconds
[2023-08-20 11:56:45,145] {scheduler_job.py:182} INFO - Started process (PID=883) to work on /home/airflow/.local/lib/python3.6/site-packages/airflow/example_dags/example_branch_python_dop_operator_3.py
[2023-08-20 11:56:45,147] {scheduler_job.py:629} INFO - Processing file /home/airflow/.local/lib/python3.6/site-packages/airflow/example_dags/example_branch_python_dop_operator_3.py for tasks to queue
[2023-08-20 11:56:45,148] {logging_mixin.py:104} INFO - [2023-08-20 11:56:45,148] {dagbag.py:451} INFO - Filling up the DagBag from /home/airflow/.local/lib/python3.6/site-packages/airflow/example_dags/example_branch_python_dop_operator_3.py
[2023-08-20 11:56:45,164] {scheduler_job.py:639} INFO - DAG(s) dict_keys(['example_branch_dop_operator_v3']) retrieved from /home/airflow/.local/lib/python3.6/site-packages/airflow/example_dags/example_branch_python_dop_operator_3.py
[2023-08-20 11:56:45,187] {logging_mixin.py:104} INFO - [2023-08-20 11:56:45,187] {dag.py:1824} INFO - Sync 1 DAGs
[2023-08-20 11:56:45,217] {logging_mixin.py:104} INFO - [2023-08-20 11:56:45,217] {dag.py:2280} INFO - Setting next_dagrun for example_branch_dop_operator_v3 to 2023-08-18 00:00:00+00:00
[2023-08-20 11:56:45,230] {scheduler_job.py:190} INFO - Processing /home/airflow/.local/lib/python3.6/site-packages/airflow/example_dags/example_branch_python_dop_operator_3.py took 0.088 seconds
[2023-08-20 11:57:15,885] {scheduler_job.py:182} INFO - Started process (PID=911) to work on /home/airflow/.local/lib/python3.6/site-packages/airflow/example_dags/example_branch_python_dop_operator_3.py
[2023-08-20 11:57:15,887] {scheduler_job.py:629} INFO - Processing file /home/airflow/.local/lib/python3.6/site-packages/airflow/example_dags/example_branch_python_dop_operator_3.py for tasks to queue
[2023-08-20 11:57:15,889] {logging_mixin.py:104} INFO - [2023-08-20 11:57:15,889] {dagbag.py:451} INFO - Filling up the DagBag from /home/airflow/.local/lib/python3.6/site-packages/airflow/example_dags/example_branch_python_dop_operator_3.py
[2023-08-20 11:57:15,908] {scheduler_job.py:639} INFO - DAG(s) dict_keys(['example_branch_dop_operator_v3']) retrieved from /home/airflow/.local/lib/python3.6/site-packages/airflow/example_dags/example_branch_python_dop_operator_3.py
[2023-08-20 11:57:15,933] {logging_mixin.py:104} INFO - [2023-08-20 11:57:15,932] {dag.py:1824} INFO - Sync 1 DAGs
[2023-08-20 11:57:15,970] {logging_mixin.py:104} INFO - [2023-08-20 11:57:15,969] {dag.py:2280} INFO - Setting next_dagrun for example_branch_dop_operator_v3 to 2023-08-18 00:00:00+00:00
[2023-08-20 11:57:15,993] {scheduler_job.py:190} INFO - Processing /home/airflow/.local/lib/python3.6/site-packages/airflow/example_dags/example_branch_python_dop_operator_3.py took 0.110 seconds
[2023-08-20 11:57:46,590] {scheduler_job.py:182} INFO - Started process (PID=937) to work on /home/airflow/.local/lib/python3.6/site-packages/airflow/example_dags/example_branch_python_dop_operator_3.py
[2023-08-20 11:57:46,592] {scheduler_job.py:629} INFO - Processing file /home/airflow/.local/lib/python3.6/site-packages/airflow/example_dags/example_branch_python_dop_operator_3.py for tasks to queue
[2023-08-20 11:57:46,594] {logging_mixin.py:104} INFO - [2023-08-20 11:57:46,594] {dagbag.py:451} INFO - Filling up the DagBag from /home/airflow/.local/lib/python3.6/site-packages/airflow/example_dags/example_branch_python_dop_operator_3.py
[2023-08-20 11:57:46,610] {scheduler_job.py:639} INFO - DAG(s) dict_keys(['example_branch_dop_operator_v3']) retrieved from /home/airflow/.local/lib/python3.6/site-packages/airflow/example_dags/example_branch_python_dop_operator_3.py
[2023-08-20 11:57:46,632] {logging_mixin.py:104} INFO - [2023-08-20 11:57:46,632] {dag.py:1824} INFO - Sync 1 DAGs
[2023-08-20 11:57:46,662] {logging_mixin.py:104} INFO - [2023-08-20 11:57:46,662] {dag.py:2280} INFO - Setting next_dagrun for example_branch_dop_operator_v3 to 2023-08-18 00:00:00+00:00
[2023-08-20 11:57:46,675] {scheduler_job.py:190} INFO - Processing /home/airflow/.local/lib/python3.6/site-packages/airflow/example_dags/example_branch_python_dop_operator_3.py took 0.088 seconds
[2023-08-20 11:58:16,985] {scheduler_job.py:182} INFO - Started process (PID=961) to work on /home/airflow/.local/lib/python3.6/site-packages/airflow/example_dags/example_branch_python_dop_operator_3.py
[2023-08-20 11:58:16,987] {scheduler_job.py:629} INFO - Processing file /home/airflow/.local/lib/python3.6/site-packages/airflow/example_dags/example_branch_python_dop_operator_3.py for tasks to queue
[2023-08-20 11:58:16,988] {logging_mixin.py:104} INFO - [2023-08-20 11:58:16,988] {dagbag.py:451} INFO - Filling up the DagBag from /home/airflow/.local/lib/python3.6/site-packages/airflow/example_dags/example_branch_python_dop_operator_3.py
[2023-08-20 11:58:17,005] {scheduler_job.py:639} INFO - DAG(s) dict_keys(['example_branch_dop_operator_v3']) retrieved from /home/airflow/.local/lib/python3.6/site-packages/airflow/example_dags/example_branch_python_dop_operator_3.py
[2023-08-20 11:58:17,028] {logging_mixin.py:104} INFO - [2023-08-20 11:58:17,028] {dag.py:1824} INFO - Sync 1 DAGs
[2023-08-20 11:58:17,061] {logging_mixin.py:104} INFO - [2023-08-20 11:58:17,061] {dag.py:2280} INFO - Setting next_dagrun for example_branch_dop_operator_v3 to 2023-08-18 00:00:00+00:00
[2023-08-20 11:58:17,077] {scheduler_job.py:190} INFO - Processing /home/airflow/.local/lib/python3.6/site-packages/airflow/example_dags/example_branch_python_dop_operator_3.py took 0.095 seconds
[2023-08-20 11:58:47,509] {scheduler_job.py:182} INFO - Started process (PID=987) to work on /home/airflow/.local/lib/python3.6/site-packages/airflow/example_dags/example_branch_python_dop_operator_3.py
[2023-08-20 11:58:47,511] {scheduler_job.py:629} INFO - Processing file /home/airflow/.local/lib/python3.6/site-packages/airflow/example_dags/example_branch_python_dop_operator_3.py for tasks to queue
[2023-08-20 11:58:47,513] {logging_mixin.py:104} INFO - [2023-08-20 11:58:47,513] {dagbag.py:451} INFO - Filling up the DagBag from /home/airflow/.local/lib/python3.6/site-packages/airflow/example_dags/example_branch_python_dop_operator_3.py
[2023-08-20 11:58:47,531] {scheduler_job.py:639} INFO - DAG(s) dict_keys(['example_branch_dop_operator_v3']) retrieved from /home/airflow/.local/lib/python3.6/site-packages/airflow/example_dags/example_branch_python_dop_operator_3.py
[2023-08-20 11:58:47,552] {logging_mixin.py:104} INFO - [2023-08-20 11:58:47,552] {dag.py:1824} INFO - Sync 1 DAGs
[2023-08-20 11:58:47,586] {logging_mixin.py:104} INFO - [2023-08-20 11:58:47,586] {dag.py:2280} INFO - Setting next_dagrun for example_branch_dop_operator_v3 to 2023-08-18 00:00:00+00:00
[2023-08-20 11:58:47,599] {scheduler_job.py:190} INFO - Processing /home/airflow/.local/lib/python3.6/site-packages/airflow/example_dags/example_branch_python_dop_operator_3.py took 0.093 seconds
[2023-08-20 11:59:18,123] {scheduler_job.py:182} INFO - Started process (PID=1013) to work on /home/airflow/.local/lib/python3.6/site-packages/airflow/example_dags/example_branch_python_dop_operator_3.py
[2023-08-20 11:59:18,125] {scheduler_job.py:629} INFO - Processing file /home/airflow/.local/lib/python3.6/site-packages/airflow/example_dags/example_branch_python_dop_operator_3.py for tasks to queue
[2023-08-20 11:59:18,126] {logging_mixin.py:104} INFO - [2023-08-20 11:59:18,126] {dagbag.py:451} INFO - Filling up the DagBag from /home/airflow/.local/lib/python3.6/site-packages/airflow/example_dags/example_branch_python_dop_operator_3.py
[2023-08-20 11:59:18,143] {scheduler_job.py:639} INFO - DAG(s) dict_keys(['example_branch_dop_operator_v3']) retrieved from /home/airflow/.local/lib/python3.6/site-packages/airflow/example_dags/example_branch_python_dop_operator_3.py
[2023-08-20 11:59:18,167] {logging_mixin.py:104} INFO - [2023-08-20 11:59:18,167] {dag.py:1824} INFO - Sync 1 DAGs
[2023-08-20 11:59:18,204] {logging_mixin.py:104} INFO - [2023-08-20 11:59:18,204] {dag.py:2280} INFO - Setting next_dagrun for example_branch_dop_operator_v3 to 2023-08-18 00:00:00+00:00
[2023-08-20 11:59:18,221] {scheduler_job.py:190} INFO - Processing /home/airflow/.local/lib/python3.6/site-packages/airflow/example_dags/example_branch_python_dop_operator_3.py took 0.102 seconds
[2023-08-20 11:59:48,531] {scheduler_job.py:182} INFO - Started process (PID=1034) to work on /home/airflow/.local/lib/python3.6/site-packages/airflow/example_dags/example_branch_python_dop_operator_3.py
[2023-08-20 11:59:48,533] {scheduler_job.py:629} INFO - Processing file /home/airflow/.local/lib/python3.6/site-packages/airflow/example_dags/example_branch_python_dop_operator_3.py for tasks to queue
[2023-08-20 11:59:48,535] {logging_mixin.py:104} INFO - [2023-08-20 11:59:48,535] {dagbag.py:451} INFO - Filling up the DagBag from /home/airflow/.local/lib/python3.6/site-packages/airflow/example_dags/example_branch_python_dop_operator_3.py
[2023-08-20 11:59:48,553] {scheduler_job.py:639} INFO - DAG(s) dict_keys(['example_branch_dop_operator_v3']) retrieved from /home/airflow/.local/lib/python3.6/site-packages/airflow/example_dags/example_branch_python_dop_operator_3.py
[2023-08-20 11:59:48,579] {logging_mixin.py:104} INFO - [2023-08-20 11:59:48,579] {dag.py:1824} INFO - Sync 1 DAGs
[2023-08-20 11:59:48,611] {logging_mixin.py:104} INFO - [2023-08-20 11:59:48,611] {dag.py:2280} INFO - Setting next_dagrun for example_branch_dop_operator_v3 to 2023-08-18 00:00:00+00:00
[2023-08-20 11:59:48,624] {scheduler_job.py:190} INFO - Processing /home/airflow/.local/lib/python3.6/site-packages/airflow/example_dags/example_branch_python_dop_operator_3.py took 0.095 seconds
[2023-08-20 12:00:19,236] {scheduler_job.py:182} INFO - Started process (PID=1061) to work on /home/airflow/.local/lib/python3.6/site-packages/airflow/example_dags/example_branch_python_dop_operator_3.py
[2023-08-20 12:00:19,238] {scheduler_job.py:629} INFO - Processing file /home/airflow/.local/lib/python3.6/site-packages/airflow/example_dags/example_branch_python_dop_operator_3.py for tasks to queue
[2023-08-20 12:00:19,239] {logging_mixin.py:104} INFO - [2023-08-20 12:00:19,239] {dagbag.py:451} INFO - Filling up the DagBag from /home/airflow/.local/lib/python3.6/site-packages/airflow/example_dags/example_branch_python_dop_operator_3.py
[2023-08-20 12:00:19,257] {scheduler_job.py:639} INFO - DAG(s) dict_keys(['example_branch_dop_operator_v3']) retrieved from /home/airflow/.local/lib/python3.6/site-packages/airflow/example_dags/example_branch_python_dop_operator_3.py
[2023-08-20 12:00:19,280] {logging_mixin.py:104} INFO - [2023-08-20 12:00:19,280] {dag.py:1824} INFO - Sync 1 DAGs
[2023-08-20 12:00:19,316] {logging_mixin.py:104} INFO - [2023-08-20 12:00:19,316] {dag.py:2280} INFO - Setting next_dagrun for example_branch_dop_operator_v3 to 2023-08-18 00:00:00+00:00
[2023-08-20 12:00:19,329] {scheduler_job.py:190} INFO - Processing /home/airflow/.local/lib/python3.6/site-packages/airflow/example_dags/example_branch_python_dop_operator_3.py took 0.096 seconds
[2023-08-20 12:00:49,958] {scheduler_job.py:182} INFO - Started process (PID=1087) to work on /home/airflow/.local/lib/python3.6/site-packages/airflow/example_dags/example_branch_python_dop_operator_3.py
[2023-08-20 12:00:49,960] {scheduler_job.py:629} INFO - Processing file /home/airflow/.local/lib/python3.6/site-packages/airflow/example_dags/example_branch_python_dop_operator_3.py for tasks to queue
[2023-08-20 12:00:49,962] {logging_mixin.py:104} INFO - [2023-08-20 12:00:49,961] {dagbag.py:451} INFO - Filling up the DagBag from /home/airflow/.local/lib/python3.6/site-packages/airflow/example_dags/example_branch_python_dop_operator_3.py
[2023-08-20 12:00:49,984] {scheduler_job.py:639} INFO - DAG(s) dict_keys(['example_branch_dop_operator_v3']) retrieved from /home/airflow/.local/lib/python3.6/site-packages/airflow/example_dags/example_branch_python_dop_operator_3.py
[2023-08-20 12:00:50,012] {logging_mixin.py:104} INFO - [2023-08-20 12:00:50,012] {dag.py:1824} INFO - Sync 1 DAGs
[2023-08-20 12:00:50,050] {logging_mixin.py:104} INFO - [2023-08-20 12:00:50,050] {dag.py:2280} INFO - Setting next_dagrun for example_branch_dop_operator_v3 to 2023-08-18 00:00:00+00:00
[2023-08-20 12:00:50,064] {scheduler_job.py:190} INFO - Processing /home/airflow/.local/lib/python3.6/site-packages/airflow/example_dags/example_branch_python_dop_operator_3.py took 0.111 seconds
[2023-08-20 12:01:20,544] {scheduler_job.py:182} INFO - Started process (PID=1112) to work on /home/airflow/.local/lib/python3.6/site-packages/airflow/example_dags/example_branch_python_dop_operator_3.py
[2023-08-20 12:01:20,546] {scheduler_job.py:629} INFO - Processing file /home/airflow/.local/lib/python3.6/site-packages/airflow/example_dags/example_branch_python_dop_operator_3.py for tasks to queue
[2023-08-20 12:01:20,547] {logging_mixin.py:104} INFO - [2023-08-20 12:01:20,547] {dagbag.py:451} INFO - Filling up the DagBag from /home/airflow/.local/lib/python3.6/site-packages/airflow/example_dags/example_branch_python_dop_operator_3.py
[2023-08-20 12:01:20,569] {scheduler_job.py:639} INFO - DAG(s) dict_keys(['example_branch_dop_operator_v3']) retrieved from /home/airflow/.local/lib/python3.6/site-packages/airflow/example_dags/example_branch_python_dop_operator_3.py
[2023-08-20 12:01:20,596] {logging_mixin.py:104} INFO - [2023-08-20 12:01:20,596] {dag.py:1824} INFO - Sync 1 DAGs
[2023-08-20 12:01:20,631] {logging_mixin.py:104} INFO - [2023-08-20 12:01:20,631] {dag.py:2280} INFO - Setting next_dagrun for example_branch_dop_operator_v3 to 2023-08-18 00:00:00+00:00
[2023-08-20 12:01:20,647] {scheduler_job.py:190} INFO - Processing /home/airflow/.local/lib/python3.6/site-packages/airflow/example_dags/example_branch_python_dop_operator_3.py took 0.107 seconds
[2023-08-20T17:37:41.373+0000] {processor.py:157} INFO - Started process (PID=76) to work on /home/airflow/.local/lib/python3.8/site-packages/airflow/example_dags/example_branch_python_dop_operator_3.py
[2023-08-20T17:37:41.376+0000] {processor.py:829} INFO - Processing file /home/airflow/.local/lib/python3.8/site-packages/airflow/example_dags/example_branch_python_dop_operator_3.py for tasks to queue
[2023-08-20T17:37:41.380+0000] {logging_mixin.py:151} INFO - [2023-08-20T17:37:41.380+0000] {dagbag.py:539} INFO - Filling up the DagBag from /home/airflow/.local/lib/python3.8/site-packages/airflow/example_dags/example_branch_python_dop_operator_3.py
[2023-08-20T17:37:41.403+0000] {processor.py:839} INFO - DAG(s) dict_keys(['example_branch_dop_operator_v3']) retrieved from /home/airflow/.local/lib/python3.8/site-packages/airflow/example_dags/example_branch_python_dop_operator_3.py
[2023-08-20T17:37:41.424+0000] {logging_mixin.py:151} INFO - [2023-08-20T17:37:41.424+0000] {dag.py:2907} INFO - Sync 1 DAGs
[2023-08-20T17:37:41.471+0000] {logging_mixin.py:151} INFO - [2023-08-20T17:37:41.470+0000] {dag.py:3677} INFO - Setting next_dagrun for example_branch_dop_operator_v3 to 2023-08-20T17:36:00+00:00, run_after=2023-08-20T17:37:00+00:00
[2023-08-20T17:37:41.497+0000] {processor.py:179} INFO - Processing /home/airflow/.local/lib/python3.8/site-packages/airflow/example_dags/example_branch_python_dop_operator_3.py took 0.130 seconds
[2023-08-20T17:38:12.114+0000] {processor.py:157} INFO - Started process (PID=130) to work on /home/airflow/.local/lib/python3.8/site-packages/airflow/example_dags/example_branch_python_dop_operator_3.py
[2023-08-20T17:38:12.116+0000] {processor.py:829} INFO - Processing file /home/airflow/.local/lib/python3.8/site-packages/airflow/example_dags/example_branch_python_dop_operator_3.py for tasks to queue
[2023-08-20T17:38:12.120+0000] {logging_mixin.py:151} INFO - [2023-08-20T17:38:12.119+0000] {dagbag.py:539} INFO - Filling up the DagBag from /home/airflow/.local/lib/python3.8/site-packages/airflow/example_dags/example_branch_python_dop_operator_3.py
[2023-08-20T17:38:12.131+0000] {processor.py:839} INFO - DAG(s) dict_keys(['example_branch_dop_operator_v3']) retrieved from /home/airflow/.local/lib/python3.8/site-packages/airflow/example_dags/example_branch_python_dop_operator_3.py
[2023-08-20T17:38:12.158+0000] {logging_mixin.py:151} INFO - [2023-08-20T17:38:12.158+0000] {dag.py:2907} INFO - Sync 1 DAGs
[2023-08-20T17:38:12.197+0000] {logging_mixin.py:151} INFO - [2023-08-20T17:38:12.197+0000] {dag.py:3677} INFO - Setting next_dagrun for example_branch_dop_operator_v3 to 2023-08-20T17:37:00+00:00, run_after=2023-08-20T17:38:00+00:00
[2023-08-20T17:38:12.253+0000] {processor.py:179} INFO - Processing /home/airflow/.local/lib/python3.8/site-packages/airflow/example_dags/example_branch_python_dop_operator_3.py took 0.144 seconds
[2023-08-20T17:38:42.681+0000] {processor.py:157} INFO - Started process (PID=184) to work on /home/airflow/.local/lib/python3.8/site-packages/airflow/example_dags/example_branch_python_dop_operator_3.py
[2023-08-20T17:38:42.683+0000] {processor.py:829} INFO - Processing file /home/airflow/.local/lib/python3.8/site-packages/airflow/example_dags/example_branch_python_dop_operator_3.py for tasks to queue
[2023-08-20T17:38:42.687+0000] {logging_mixin.py:151} INFO - [2023-08-20T17:38:42.687+0000] {dagbag.py:539} INFO - Filling up the DagBag from /home/airflow/.local/lib/python3.8/site-packages/airflow/example_dags/example_branch_python_dop_operator_3.py
[2023-08-20T17:38:42.705+0000] {processor.py:839} INFO - DAG(s) dict_keys(['example_branch_dop_operator_v3']) retrieved from /home/airflow/.local/lib/python3.8/site-packages/airflow/example_dags/example_branch_python_dop_operator_3.py
[2023-08-20T17:38:42.740+0000] {logging_mixin.py:151} INFO - [2023-08-20T17:38:42.739+0000] {dag.py:2907} INFO - Sync 1 DAGs
[2023-08-20T17:38:42.785+0000] {logging_mixin.py:151} INFO - [2023-08-20T17:38:42.784+0000] {dag.py:3677} INFO - Setting next_dagrun for example_branch_dop_operator_v3 to 2023-08-20T17:37:00+00:00, run_after=2023-08-20T17:38:00+00:00
[2023-08-20T17:38:42.814+0000] {processor.py:179} INFO - Processing /home/airflow/.local/lib/python3.8/site-packages/airflow/example_dags/example_branch_python_dop_operator_3.py took 0.139 seconds
[2023-08-20T17:39:13.205+0000] {processor.py:157} INFO - Started process (PID=238) to work on /home/airflow/.local/lib/python3.8/site-packages/airflow/example_dags/example_branch_python_dop_operator_3.py
[2023-08-20T17:39:13.207+0000] {processor.py:829} INFO - Processing file /home/airflow/.local/lib/python3.8/site-packages/airflow/example_dags/example_branch_python_dop_operator_3.py for tasks to queue
[2023-08-20T17:39:13.210+0000] {logging_mixin.py:151} INFO - [2023-08-20T17:39:13.210+0000] {dagbag.py:539} INFO - Filling up the DagBag from /home/airflow/.local/lib/python3.8/site-packages/airflow/example_dags/example_branch_python_dop_operator_3.py
[2023-08-20T17:39:13.224+0000] {processor.py:839} INFO - DAG(s) dict_keys(['example_branch_dop_operator_v3']) retrieved from /home/airflow/.local/lib/python3.8/site-packages/airflow/example_dags/example_branch_python_dop_operator_3.py
[2023-08-20T17:39:13.255+0000] {logging_mixin.py:151} INFO - [2023-08-20T17:39:13.255+0000] {dag.py:2907} INFO - Sync 1 DAGs
[2023-08-20T17:39:13.292+0000] {logging_mixin.py:151} INFO - [2023-08-20T17:39:13.291+0000] {dag.py:3677} INFO - Setting next_dagrun for example_branch_dop_operator_v3 to 2023-08-20T17:38:00+00:00, run_after=2023-08-20T17:39:00+00:00
[2023-08-20T17:39:13.318+0000] {processor.py:179} INFO - Processing /home/airflow/.local/lib/python3.8/site-packages/airflow/example_dags/example_branch_python_dop_operator_3.py took 0.117 seconds
[2023-08-20T17:39:44.161+0000] {processor.py:157} INFO - Started process (PID=292) to work on /home/airflow/.local/lib/python3.8/site-packages/airflow/example_dags/example_branch_python_dop_operator_3.py
[2023-08-20T17:39:44.163+0000] {processor.py:829} INFO - Processing file /home/airflow/.local/lib/python3.8/site-packages/airflow/example_dags/example_branch_python_dop_operator_3.py for tasks to queue
[2023-08-20T17:39:44.166+0000] {logging_mixin.py:151} INFO - [2023-08-20T17:39:44.166+0000] {dagbag.py:539} INFO - Filling up the DagBag from /home/airflow/.local/lib/python3.8/site-packages/airflow/example_dags/example_branch_python_dop_operator_3.py
[2023-08-20T17:39:44.179+0000] {processor.py:839} INFO - DAG(s) dict_keys(['example_branch_dop_operator_v3']) retrieved from /home/airflow/.local/lib/python3.8/site-packages/airflow/example_dags/example_branch_python_dop_operator_3.py
[2023-08-20T17:39:44.195+0000] {logging_mixin.py:151} INFO - [2023-08-20T17:39:44.194+0000] {dag.py:2907} INFO - Sync 1 DAGs
[2023-08-20T17:39:44.239+0000] {logging_mixin.py:151} INFO - [2023-08-20T17:39:44.239+0000] {dag.py:3677} INFO - Setting next_dagrun for example_branch_dop_operator_v3 to 2023-08-20T17:38:00+00:00, run_after=2023-08-20T17:39:00+00:00
[2023-08-20T17:39:44.267+0000] {processor.py:179} INFO - Processing /home/airflow/.local/lib/python3.8/site-packages/airflow/example_dags/example_branch_python_dop_operator_3.py took 0.111 seconds
[2023-08-20T17:40:14.784+0000] {processor.py:157} INFO - Started process (PID=346) to work on /home/airflow/.local/lib/python3.8/site-packages/airflow/example_dags/example_branch_python_dop_operator_3.py
[2023-08-20T17:40:14.786+0000] {processor.py:829} INFO - Processing file /home/airflow/.local/lib/python3.8/site-packages/airflow/example_dags/example_branch_python_dop_operator_3.py for tasks to queue
[2023-08-20T17:40:14.789+0000] {logging_mixin.py:151} INFO - [2023-08-20T17:40:14.789+0000] {dagbag.py:539} INFO - Filling up the DagBag from /home/airflow/.local/lib/python3.8/site-packages/airflow/example_dags/example_branch_python_dop_operator_3.py
[2023-08-20T17:40:14.804+0000] {processor.py:839} INFO - DAG(s) dict_keys(['example_branch_dop_operator_v3']) retrieved from /home/airflow/.local/lib/python3.8/site-packages/airflow/example_dags/example_branch_python_dop_operator_3.py
[2023-08-20T17:40:14.836+0000] {logging_mixin.py:151} INFO - [2023-08-20T17:40:14.836+0000] {dag.py:2907} INFO - Sync 1 DAGs
[2023-08-20T17:40:14.875+0000] {logging_mixin.py:151} INFO - [2023-08-20T17:40:14.875+0000] {dag.py:3677} INFO - Setting next_dagrun for example_branch_dop_operator_v3 to 2023-08-20T17:39:00+00:00, run_after=2023-08-20T17:40:00+00:00
[2023-08-20T17:40:14.907+0000] {processor.py:179} INFO - Processing /home/airflow/.local/lib/python3.8/site-packages/airflow/example_dags/example_branch_python_dop_operator_3.py took 0.126 seconds
[2023-08-20T17:40:45.639+0000] {processor.py:157} INFO - Started process (PID=400) to work on /home/airflow/.local/lib/python3.8/site-packages/airflow/example_dags/example_branch_python_dop_operator_3.py
[2023-08-20T17:40:45.641+0000] {processor.py:829} INFO - Processing file /home/airflow/.local/lib/python3.8/site-packages/airflow/example_dags/example_branch_python_dop_operator_3.py for tasks to queue
[2023-08-20T17:40:45.645+0000] {logging_mixin.py:151} INFO - [2023-08-20T17:40:45.644+0000] {dagbag.py:539} INFO - Filling up the DagBag from /home/airflow/.local/lib/python3.8/site-packages/airflow/example_dags/example_branch_python_dop_operator_3.py
[2023-08-20T17:40:45.657+0000] {processor.py:839} INFO - DAG(s) dict_keys(['example_branch_dop_operator_v3']) retrieved from /home/airflow/.local/lib/python3.8/site-packages/airflow/example_dags/example_branch_python_dop_operator_3.py
[2023-08-20T17:40:45.685+0000] {logging_mixin.py:151} INFO - [2023-08-20T17:40:45.685+0000] {dag.py:2907} INFO - Sync 1 DAGs
[2023-08-20T17:40:45.728+0000] {logging_mixin.py:151} INFO - [2023-08-20T17:40:45.727+0000] {dag.py:3677} INFO - Setting next_dagrun for example_branch_dop_operator_v3 to 2023-08-20T17:39:00+00:00, run_after=2023-08-20T17:40:00+00:00
[2023-08-20T17:40:45.764+0000] {processor.py:179} INFO - Processing /home/airflow/.local/lib/python3.8/site-packages/airflow/example_dags/example_branch_python_dop_operator_3.py took 0.129 seconds
[2023-08-20T17:41:15.838+0000] {processor.py:157} INFO - Started process (PID=454) to work on /home/airflow/.local/lib/python3.8/site-packages/airflow/example_dags/example_branch_python_dop_operator_3.py
[2023-08-20T17:41:15.840+0000] {processor.py:829} INFO - Processing file /home/airflow/.local/lib/python3.8/site-packages/airflow/example_dags/example_branch_python_dop_operator_3.py for tasks to queue
[2023-08-20T17:41:15.844+0000] {logging_mixin.py:151} INFO - [2023-08-20T17:41:15.843+0000] {dagbag.py:539} INFO - Filling up the DagBag from /home/airflow/.local/lib/python3.8/site-packages/airflow/example_dags/example_branch_python_dop_operator_3.py
[2023-08-20T17:41:15.858+0000] {processor.py:839} INFO - DAG(s) dict_keys(['example_branch_dop_operator_v3']) retrieved from /home/airflow/.local/lib/python3.8/site-packages/airflow/example_dags/example_branch_python_dop_operator_3.py
[2023-08-20T17:41:15.893+0000] {logging_mixin.py:151} INFO - [2023-08-20T17:41:15.893+0000] {dag.py:2907} INFO - Sync 1 DAGs
[2023-08-20T17:41:15.931+0000] {logging_mixin.py:151} INFO - [2023-08-20T17:41:15.930+0000] {dag.py:3677} INFO - Setting next_dagrun for example_branch_dop_operator_v3 to 2023-08-20T17:40:00+00:00, run_after=2023-08-20T17:41:00+00:00
[2023-08-20T17:41:15.964+0000] {processor.py:179} INFO - Processing /home/airflow/.local/lib/python3.8/site-packages/airflow/example_dags/example_branch_python_dop_operator_3.py took 0.130 seconds
[2023-08-20T17:41:46.556+0000] {processor.py:157} INFO - Started process (PID=509) to work on /home/airflow/.local/lib/python3.8/site-packages/airflow/example_dags/example_branch_python_dop_operator_3.py
[2023-08-20T17:41:46.558+0000] {processor.py:829} INFO - Processing file /home/airflow/.local/lib/python3.8/site-packages/airflow/example_dags/example_branch_python_dop_operator_3.py for tasks to queue
[2023-08-20T17:41:46.561+0000] {logging_mixin.py:151} INFO - [2023-08-20T17:41:46.561+0000] {dagbag.py:539} INFO - Filling up the DagBag from /home/airflow/.local/lib/python3.8/site-packages/airflow/example_dags/example_branch_python_dop_operator_3.py
[2023-08-20T17:41:46.574+0000] {processor.py:839} INFO - DAG(s) dict_keys(['example_branch_dop_operator_v3']) retrieved from /home/airflow/.local/lib/python3.8/site-packages/airflow/example_dags/example_branch_python_dop_operator_3.py
[2023-08-20T17:41:46.601+0000] {logging_mixin.py:151} INFO - [2023-08-20T17:41:46.601+0000] {dag.py:2907} INFO - Sync 1 DAGs
[2023-08-20T17:41:46.635+0000] {logging_mixin.py:151} INFO - [2023-08-20T17:41:46.635+0000] {dag.py:3677} INFO - Setting next_dagrun for example_branch_dop_operator_v3 to 2023-08-20T17:40:00+00:00, run_after=2023-08-20T17:41:00+00:00
[2023-08-20T17:41:46.662+0000] {processor.py:179} INFO - Processing /home/airflow/.local/lib/python3.8/site-packages/airflow/example_dags/example_branch_python_dop_operator_3.py took 0.110 seconds
[2023-08-20T17:42:16.744+0000] {processor.py:157} INFO - Started process (PID=563) to work on /home/airflow/.local/lib/python3.8/site-packages/airflow/example_dags/example_branch_python_dop_operator_3.py
[2023-08-20T17:42:16.745+0000] {processor.py:829} INFO - Processing file /home/airflow/.local/lib/python3.8/site-packages/airflow/example_dags/example_branch_python_dop_operator_3.py for tasks to queue
[2023-08-20T17:42:16.749+0000] {logging_mixin.py:151} INFO - [2023-08-20T17:42:16.748+0000] {dagbag.py:539} INFO - Filling up the DagBag from /home/airflow/.local/lib/python3.8/site-packages/airflow/example_dags/example_branch_python_dop_operator_3.py
[2023-08-20T17:42:16.761+0000] {processor.py:839} INFO - DAG(s) dict_keys(['example_branch_dop_operator_v3']) retrieved from /home/airflow/.local/lib/python3.8/site-packages/airflow/example_dags/example_branch_python_dop_operator_3.py
[2023-08-20T17:42:16.786+0000] {logging_mixin.py:151} INFO - [2023-08-20T17:42:16.786+0000] {dag.py:2907} INFO - Sync 1 DAGs
[2023-08-20T17:42:16.837+0000] {logging_mixin.py:151} INFO - [2023-08-20T17:42:16.837+0000] {dag.py:3677} INFO - Setting next_dagrun for example_branch_dop_operator_v3 to 2023-08-20T17:41:00+00:00, run_after=2023-08-20T17:42:00+00:00
[2023-08-20T17:42:16.867+0000] {processor.py:179} INFO - Processing /home/airflow/.local/lib/python3.8/site-packages/airflow/example_dags/example_branch_python_dop_operator_3.py took 0.127 seconds
[2023-08-20T17:42:47.238+0000] {processor.py:157} INFO - Started process (PID=617) to work on /home/airflow/.local/lib/python3.8/site-packages/airflow/example_dags/example_branch_python_dop_operator_3.py
[2023-08-20T17:42:47.240+0000] {processor.py:829} INFO - Processing file /home/airflow/.local/lib/python3.8/site-packages/airflow/example_dags/example_branch_python_dop_operator_3.py for tasks to queue
[2023-08-20T17:42:47.244+0000] {logging_mixin.py:151} INFO - [2023-08-20T17:42:47.244+0000] {dagbag.py:539} INFO - Filling up the DagBag from /home/airflow/.local/lib/python3.8/site-packages/airflow/example_dags/example_branch_python_dop_operator_3.py
[2023-08-20T17:42:47.258+0000] {processor.py:839} INFO - DAG(s) dict_keys(['example_branch_dop_operator_v3']) retrieved from /home/airflow/.local/lib/python3.8/site-packages/airflow/example_dags/example_branch_python_dop_operator_3.py
[2023-08-20T17:42:47.284+0000] {logging_mixin.py:151} INFO - [2023-08-20T17:42:47.284+0000] {dag.py:2907} INFO - Sync 1 DAGs
[2023-08-20T17:42:47.322+0000] {logging_mixin.py:151} INFO - [2023-08-20T17:42:47.322+0000] {dag.py:3677} INFO - Setting next_dagrun for example_branch_dop_operator_v3 to 2023-08-20T17:41:00+00:00, run_after=2023-08-20T17:42:00+00:00
[2023-08-20T17:42:47.353+0000] {processor.py:179} INFO - Processing /home/airflow/.local/lib/python3.8/site-packages/airflow/example_dags/example_branch_python_dop_operator_3.py took 0.120 seconds
[2023-08-20T17:43:17.773+0000] {processor.py:157} INFO - Started process (PID=671) to work on /home/airflow/.local/lib/python3.8/site-packages/airflow/example_dags/example_branch_python_dop_operator_3.py
[2023-08-20T17:43:17.775+0000] {processor.py:829} INFO - Processing file /home/airflow/.local/lib/python3.8/site-packages/airflow/example_dags/example_branch_python_dop_operator_3.py for tasks to queue
[2023-08-20T17:43:17.778+0000] {logging_mixin.py:151} INFO - [2023-08-20T17:43:17.777+0000] {dagbag.py:539} INFO - Filling up the DagBag from /home/airflow/.local/lib/python3.8/site-packages/airflow/example_dags/example_branch_python_dop_operator_3.py
[2023-08-20T17:43:17.789+0000] {processor.py:839} INFO - DAG(s) dict_keys(['example_branch_dop_operator_v3']) retrieved from /home/airflow/.local/lib/python3.8/site-packages/airflow/example_dags/example_branch_python_dop_operator_3.py
[2023-08-20T17:43:17.814+0000] {logging_mixin.py:151} INFO - [2023-08-20T17:43:17.813+0000] {dag.py:2907} INFO - Sync 1 DAGs
[2023-08-20T17:43:17.859+0000] {logging_mixin.py:151} INFO - [2023-08-20T17:43:17.859+0000] {dag.py:3677} INFO - Setting next_dagrun for example_branch_dop_operator_v3 to 2023-08-20T17:42:00+00:00, run_after=2023-08-20T17:43:00+00:00
[2023-08-20T17:43:17.905+0000] {processor.py:179} INFO - Processing /home/airflow/.local/lib/python3.8/site-packages/airflow/example_dags/example_branch_python_dop_operator_3.py took 0.136 seconds
[2023-08-20T17:43:48.455+0000] {processor.py:157} INFO - Started process (PID=725) to work on /home/airflow/.local/lib/python3.8/site-packages/airflow/example_dags/example_branch_python_dop_operator_3.py
[2023-08-20T17:43:48.457+0000] {processor.py:829} INFO - Processing file /home/airflow/.local/lib/python3.8/site-packages/airflow/example_dags/example_branch_python_dop_operator_3.py for tasks to queue
[2023-08-20T17:43:48.460+0000] {logging_mixin.py:151} INFO - [2023-08-20T17:43:48.460+0000] {dagbag.py:539} INFO - Filling up the DagBag from /home/airflow/.local/lib/python3.8/site-packages/airflow/example_dags/example_branch_python_dop_operator_3.py
[2023-08-20T17:43:48.473+0000] {processor.py:839} INFO - DAG(s) dict_keys(['example_branch_dop_operator_v3']) retrieved from /home/airflow/.local/lib/python3.8/site-packages/airflow/example_dags/example_branch_python_dop_operator_3.py
[2023-08-20T17:43:48.497+0000] {logging_mixin.py:151} INFO - [2023-08-20T17:43:48.497+0000] {dag.py:2907} INFO - Sync 1 DAGs
[2023-08-20T17:43:48.536+0000] {logging_mixin.py:151} INFO - [2023-08-20T17:43:48.536+0000] {dag.py:3677} INFO - Setting next_dagrun for example_branch_dop_operator_v3 to 2023-08-20T17:42:00+00:00, run_after=2023-08-20T17:43:00+00:00
[2023-08-20T17:43:48.564+0000] {processor.py:179} INFO - Processing /home/airflow/.local/lib/python3.8/site-packages/airflow/example_dags/example_branch_python_dop_operator_3.py took 0.113 seconds
[2023-08-20T17:44:18.862+0000] {processor.py:157} INFO - Started process (PID=779) to work on /home/airflow/.local/lib/python3.8/site-packages/airflow/example_dags/example_branch_python_dop_operator_3.py
[2023-08-20T17:44:18.864+0000] {processor.py:829} INFO - Processing file /home/airflow/.local/lib/python3.8/site-packages/airflow/example_dags/example_branch_python_dop_operator_3.py for tasks to queue
[2023-08-20T17:44:18.867+0000] {logging_mixin.py:151} INFO - [2023-08-20T17:44:18.866+0000] {dagbag.py:539} INFO - Filling up the DagBag from /home/airflow/.local/lib/python3.8/site-packages/airflow/example_dags/example_branch_python_dop_operator_3.py
[2023-08-20T17:44:18.882+0000] {processor.py:839} INFO - DAG(s) dict_keys(['example_branch_dop_operator_v3']) retrieved from /home/airflow/.local/lib/python3.8/site-packages/airflow/example_dags/example_branch_python_dop_operator_3.py
[2023-08-20T17:44:18.908+0000] {logging_mixin.py:151} INFO - [2023-08-20T17:44:18.907+0000] {dag.py:2907} INFO - Sync 1 DAGs
[2023-08-20T17:44:18.944+0000] {logging_mixin.py:151} INFO - [2023-08-20T17:44:18.944+0000] {dag.py:3677} INFO - Setting next_dagrun for example_branch_dop_operator_v3 to 2023-08-20T17:43:00+00:00, run_after=2023-08-20T17:44:00+00:00
[2023-08-20T17:44:18.976+0000] {processor.py:179} INFO - Processing /home/airflow/.local/lib/python3.8/site-packages/airflow/example_dags/example_branch_python_dop_operator_3.py took 0.118 seconds
[2023-08-20T17:44:49.577+0000] {processor.py:157} INFO - Started process (PID=833) to work on /home/airflow/.local/lib/python3.8/site-packages/airflow/example_dags/example_branch_python_dop_operator_3.py
[2023-08-20T17:44:49.580+0000] {processor.py:829} INFO - Processing file /home/airflow/.local/lib/python3.8/site-packages/airflow/example_dags/example_branch_python_dop_operator_3.py for tasks to queue
[2023-08-20T17:44:49.583+0000] {logging_mixin.py:151} INFO - [2023-08-20T17:44:49.583+0000] {dagbag.py:539} INFO - Filling up the DagBag from /home/airflow/.local/lib/python3.8/site-packages/airflow/example_dags/example_branch_python_dop_operator_3.py
[2023-08-20T17:44:49.601+0000] {processor.py:839} INFO - DAG(s) dict_keys(['example_branch_dop_operator_v3']) retrieved from /home/airflow/.local/lib/python3.8/site-packages/airflow/example_dags/example_branch_python_dop_operator_3.py
[2023-08-20T17:44:49.633+0000] {logging_mixin.py:151} INFO - [2023-08-20T17:44:49.632+0000] {dag.py:2907} INFO - Sync 1 DAGs
[2023-08-20T17:44:49.671+0000] {logging_mixin.py:151} INFO - [2023-08-20T17:44:49.670+0000] {dag.py:3677} INFO - Setting next_dagrun for example_branch_dop_operator_v3 to 2023-08-20T17:43:00+00:00, run_after=2023-08-20T17:44:00+00:00
[2023-08-20T17:44:49.701+0000] {processor.py:179} INFO - Processing /home/airflow/.local/lib/python3.8/site-packages/airflow/example_dags/example_branch_python_dop_operator_3.py took 0.128 seconds
[2023-08-20T17:45:20.068+0000] {processor.py:157} INFO - Started process (PID=887) to work on /home/airflow/.local/lib/python3.8/site-packages/airflow/example_dags/example_branch_python_dop_operator_3.py
[2023-08-20T17:45:20.071+0000] {processor.py:829} INFO - Processing file /home/airflow/.local/lib/python3.8/site-packages/airflow/example_dags/example_branch_python_dop_operator_3.py for tasks to queue
[2023-08-20T17:45:20.075+0000] {logging_mixin.py:151} INFO - [2023-08-20T17:45:20.074+0000] {dagbag.py:539} INFO - Filling up the DagBag from /home/airflow/.local/lib/python3.8/site-packages/airflow/example_dags/example_branch_python_dop_operator_3.py
[2023-08-20T17:45:20.086+0000] {processor.py:839} INFO - DAG(s) dict_keys(['example_branch_dop_operator_v3']) retrieved from /home/airflow/.local/lib/python3.8/site-packages/airflow/example_dags/example_branch_python_dop_operator_3.py
[2023-08-20T17:45:20.113+0000] {logging_mixin.py:151} INFO - [2023-08-20T17:45:20.113+0000] {dag.py:2907} INFO - Sync 1 DAGs
[2023-08-20T17:45:20.150+0000] {logging_mixin.py:151} INFO - [2023-08-20T17:45:20.150+0000] {dag.py:3677} INFO - Setting next_dagrun for example_branch_dop_operator_v3 to 2023-08-20T17:44:00+00:00, run_after=2023-08-20T17:45:00+00:00
[2023-08-20T17:45:20.182+0000] {processor.py:179} INFO - Processing /home/airflow/.local/lib/python3.8/site-packages/airflow/example_dags/example_branch_python_dop_operator_3.py took 0.118 seconds
[2023-08-20T17:45:50.436+0000] {processor.py:157} INFO - Started process (PID=941) to work on /home/airflow/.local/lib/python3.8/site-packages/airflow/example_dags/example_branch_python_dop_operator_3.py
[2023-08-20T17:45:50.437+0000] {processor.py:829} INFO - Processing file /home/airflow/.local/lib/python3.8/site-packages/airflow/example_dags/example_branch_python_dop_operator_3.py for tasks to queue
[2023-08-20T17:45:50.440+0000] {logging_mixin.py:151} INFO - [2023-08-20T17:45:50.440+0000] {dagbag.py:539} INFO - Filling up the DagBag from /home/airflow/.local/lib/python3.8/site-packages/airflow/example_dags/example_branch_python_dop_operator_3.py
[2023-08-20T17:45:50.453+0000] {processor.py:839} INFO - DAG(s) dict_keys(['example_branch_dop_operator_v3']) retrieved from /home/airflow/.local/lib/python3.8/site-packages/airflow/example_dags/example_branch_python_dop_operator_3.py
[2023-08-20T17:45:50.483+0000] {logging_mixin.py:151} INFO - [2023-08-20T17:45:50.483+0000] {dag.py:2907} INFO - Sync 1 DAGs
[2023-08-20T17:45:50.522+0000] {logging_mixin.py:151} INFO - [2023-08-20T17:45:50.521+0000] {dag.py:3677} INFO - Setting next_dagrun for example_branch_dop_operator_v3 to 2023-08-20T17:44:00+00:00, run_after=2023-08-20T17:45:00+00:00
[2023-08-20T17:45:50.551+0000] {processor.py:179} INFO - Processing /home/airflow/.local/lib/python3.8/site-packages/airflow/example_dags/example_branch_python_dop_operator_3.py took 0.119 seconds
[2023-08-20T17:46:21.403+0000] {processor.py:157} INFO - Started process (PID=995) to work on /home/airflow/.local/lib/python3.8/site-packages/airflow/example_dags/example_branch_python_dop_operator_3.py
[2023-08-20T17:46:21.404+0000] {processor.py:829} INFO - Processing file /home/airflow/.local/lib/python3.8/site-packages/airflow/example_dags/example_branch_python_dop_operator_3.py for tasks to queue
[2023-08-20T17:46:21.407+0000] {logging_mixin.py:151} INFO - [2023-08-20T17:46:21.407+0000] {dagbag.py:539} INFO - Filling up the DagBag from /home/airflow/.local/lib/python3.8/site-packages/airflow/example_dags/example_branch_python_dop_operator_3.py
[2023-08-20T17:46:21.419+0000] {processor.py:839} INFO - DAG(s) dict_keys(['example_branch_dop_operator_v3']) retrieved from /home/airflow/.local/lib/python3.8/site-packages/airflow/example_dags/example_branch_python_dop_operator_3.py
[2023-08-20T17:46:21.445+0000] {logging_mixin.py:151} INFO - [2023-08-20T17:46:21.445+0000] {dag.py:2907} INFO - Sync 1 DAGs
[2023-08-20T17:46:21.487+0000] {logging_mixin.py:151} INFO - [2023-08-20T17:46:21.487+0000] {dag.py:3677} INFO - Setting next_dagrun for example_branch_dop_operator_v3 to 2023-08-20T17:45:00+00:00, run_after=2023-08-20T17:46:00+00:00
[2023-08-20T17:46:21.514+0000] {processor.py:179} INFO - Processing /home/airflow/.local/lib/python3.8/site-packages/airflow/example_dags/example_branch_python_dop_operator_3.py took 0.115 seconds
[2023-08-20T17:46:52.064+0000] {processor.py:157} INFO - Started process (PID=1049) to work on /home/airflow/.local/lib/python3.8/site-packages/airflow/example_dags/example_branch_python_dop_operator_3.py
[2023-08-20T17:46:52.066+0000] {processor.py:829} INFO - Processing file /home/airflow/.local/lib/python3.8/site-packages/airflow/example_dags/example_branch_python_dop_operator_3.py for tasks to queue
[2023-08-20T17:46:52.070+0000] {logging_mixin.py:151} INFO - [2023-08-20T17:46:52.069+0000] {dagbag.py:539} INFO - Filling up the DagBag from /home/airflow/.local/lib/python3.8/site-packages/airflow/example_dags/example_branch_python_dop_operator_3.py
[2023-08-20T17:46:52.084+0000] {processor.py:839} INFO - DAG(s) dict_keys(['example_branch_dop_operator_v3']) retrieved from /home/airflow/.local/lib/python3.8/site-packages/airflow/example_dags/example_branch_python_dop_operator_3.py
[2023-08-20T17:46:52.111+0000] {logging_mixin.py:151} INFO - [2023-08-20T17:46:52.111+0000] {dag.py:2907} INFO - Sync 1 DAGs
[2023-08-20T17:46:52.149+0000] {logging_mixin.py:151} INFO - [2023-08-20T17:46:52.149+0000] {dag.py:3677} INFO - Setting next_dagrun for example_branch_dop_operator_v3 to 2023-08-20T17:45:00+00:00, run_after=2023-08-20T17:46:00+00:00
[2023-08-20T17:46:52.182+0000] {processor.py:179} INFO - Processing /home/airflow/.local/lib/python3.8/site-packages/airflow/example_dags/example_branch_python_dop_operator_3.py took 0.123 seconds
