[2023-08-20T17:37:41.062+0000] {processor.py:157} INFO - Started process (PID=72) to work on /home/airflow/.local/lib/python3.8/site-packages/airflow/example_dags/example_time_delta_sensor_async.py
[2023-08-20T17:37:41.064+0000] {processor.py:829} INFO - Processing file /home/airflow/.local/lib/python3.8/site-packages/airflow/example_dags/example_time_delta_sensor_async.py for tasks to queue
[2023-08-20T17:37:41.069+0000] {logging_mixin.py:151} INFO - [2023-08-20T17:37:41.068+0000] {dagbag.py:539} INFO - Filling up the DagBag from /home/airflow/.local/lib/python3.8/site-packages/airflow/example_dags/example_time_delta_sensor_async.py
[2023-08-20T17:37:41.080+0000] {processor.py:839} INFO - DAG(s) dict_keys(['example_time_delta_sensor_async']) retrieved from /home/airflow/.local/lib/python3.8/site-packages/airflow/example_dags/example_time_delta_sensor_async.py
[2023-08-20T17:37:41.097+0000] {logging_mixin.py:151} INFO - [2023-08-20T17:37:41.097+0000] {dag.py:2907} INFO - Sync 1 DAGs
[2023-08-20T17:37:41.119+0000] {logging_mixin.py:151} INFO - [2023-08-20T17:37:41.119+0000] {dag.py:3677} INFO - Setting next_dagrun for example_time_delta_sensor_async to None, run_after=None
[2023-08-20T17:37:41.149+0000] {processor.py:179} INFO - Processing /home/airflow/.local/lib/python3.8/site-packages/airflow/example_dags/example_time_delta_sensor_async.py took 0.095 seconds
[2023-08-20T17:38:11.798+0000] {processor.py:157} INFO - Started process (PID=126) to work on /home/airflow/.local/lib/python3.8/site-packages/airflow/example_dags/example_time_delta_sensor_async.py
[2023-08-20T17:38:11.800+0000] {processor.py:829} INFO - Processing file /home/airflow/.local/lib/python3.8/site-packages/airflow/example_dags/example_time_delta_sensor_async.py for tasks to queue
[2023-08-20T17:38:11.803+0000] {logging_mixin.py:151} INFO - [2023-08-20T17:38:11.803+0000] {dagbag.py:539} INFO - Filling up the DagBag from /home/airflow/.local/lib/python3.8/site-packages/airflow/example_dags/example_time_delta_sensor_async.py
[2023-08-20T17:38:11.811+0000] {processor.py:839} INFO - DAG(s) dict_keys(['example_time_delta_sensor_async']) retrieved from /home/airflow/.local/lib/python3.8/site-packages/airflow/example_dags/example_time_delta_sensor_async.py
[2023-08-20T17:38:11.840+0000] {logging_mixin.py:151} INFO - [2023-08-20T17:38:11.840+0000] {dag.py:2907} INFO - Sync 1 DAGs
[2023-08-20T17:38:11.860+0000] {logging_mixin.py:151} INFO - [2023-08-20T17:38:11.860+0000] {dag.py:3677} INFO - Setting next_dagrun for example_time_delta_sensor_async to None, run_after=None
[2023-08-20T17:38:11.889+0000] {processor.py:179} INFO - Processing /home/airflow/.local/lib/python3.8/site-packages/airflow/example_dags/example_time_delta_sensor_async.py took 0.097 seconds
[2023-08-20T17:38:42.370+0000] {processor.py:157} INFO - Started process (PID=180) to work on /home/airflow/.local/lib/python3.8/site-packages/airflow/example_dags/example_time_delta_sensor_async.py
[2023-08-20T17:38:42.372+0000] {processor.py:829} INFO - Processing file /home/airflow/.local/lib/python3.8/site-packages/airflow/example_dags/example_time_delta_sensor_async.py for tasks to queue
[2023-08-20T17:38:42.375+0000] {logging_mixin.py:151} INFO - [2023-08-20T17:38:42.375+0000] {dagbag.py:539} INFO - Filling up the DagBag from /home/airflow/.local/lib/python3.8/site-packages/airflow/example_dags/example_time_delta_sensor_async.py
[2023-08-20T17:38:42.382+0000] {processor.py:839} INFO - DAG(s) dict_keys(['example_time_delta_sensor_async']) retrieved from /home/airflow/.local/lib/python3.8/site-packages/airflow/example_dags/example_time_delta_sensor_async.py
[2023-08-20T17:38:42.411+0000] {logging_mixin.py:151} INFO - [2023-08-20T17:38:42.410+0000] {dag.py:2907} INFO - Sync 1 DAGs
[2023-08-20T17:38:42.428+0000] {logging_mixin.py:151} INFO - [2023-08-20T17:38:42.428+0000] {dag.py:3677} INFO - Setting next_dagrun for example_time_delta_sensor_async to None, run_after=None
[2023-08-20T17:38:42.455+0000] {processor.py:179} INFO - Processing /home/airflow/.local/lib/python3.8/site-packages/airflow/example_dags/example_time_delta_sensor_async.py took 0.089 seconds
[2023-08-20T17:39:12.894+0000] {processor.py:157} INFO - Started process (PID=234) to work on /home/airflow/.local/lib/python3.8/site-packages/airflow/example_dags/example_time_delta_sensor_async.py
[2023-08-20T17:39:12.896+0000] {processor.py:829} INFO - Processing file /home/airflow/.local/lib/python3.8/site-packages/airflow/example_dags/example_time_delta_sensor_async.py for tasks to queue
[2023-08-20T17:39:12.899+0000] {logging_mixin.py:151} INFO - [2023-08-20T17:39:12.899+0000] {dagbag.py:539} INFO - Filling up the DagBag from /home/airflow/.local/lib/python3.8/site-packages/airflow/example_dags/example_time_delta_sensor_async.py
[2023-08-20T17:39:12.906+0000] {processor.py:839} INFO - DAG(s) dict_keys(['example_time_delta_sensor_async']) retrieved from /home/airflow/.local/lib/python3.8/site-packages/airflow/example_dags/example_time_delta_sensor_async.py
[2023-08-20T17:39:12.931+0000] {logging_mixin.py:151} INFO - [2023-08-20T17:39:12.931+0000] {dag.py:2907} INFO - Sync 1 DAGs
[2023-08-20T17:39:12.947+0000] {logging_mixin.py:151} INFO - [2023-08-20T17:39:12.947+0000] {dag.py:3677} INFO - Setting next_dagrun for example_time_delta_sensor_async to None, run_after=None
[2023-08-20T17:39:12.976+0000] {processor.py:179} INFO - Processing /home/airflow/.local/lib/python3.8/site-packages/airflow/example_dags/example_time_delta_sensor_async.py took 0.087 seconds
[2023-08-20T17:39:43.866+0000] {processor.py:157} INFO - Started process (PID=288) to work on /home/airflow/.local/lib/python3.8/site-packages/airflow/example_dags/example_time_delta_sensor_async.py
[2023-08-20T17:39:43.867+0000] {processor.py:829} INFO - Processing file /home/airflow/.local/lib/python3.8/site-packages/airflow/example_dags/example_time_delta_sensor_async.py for tasks to queue
[2023-08-20T17:39:43.871+0000] {logging_mixin.py:151} INFO - [2023-08-20T17:39:43.870+0000] {dagbag.py:539} INFO - Filling up the DagBag from /home/airflow/.local/lib/python3.8/site-packages/airflow/example_dags/example_time_delta_sensor_async.py
[2023-08-20T17:39:43.878+0000] {processor.py:839} INFO - DAG(s) dict_keys(['example_time_delta_sensor_async']) retrieved from /home/airflow/.local/lib/python3.8/site-packages/airflow/example_dags/example_time_delta_sensor_async.py
[2023-08-20T17:39:43.894+0000] {logging_mixin.py:151} INFO - [2023-08-20T17:39:43.893+0000] {dag.py:2907} INFO - Sync 1 DAGs
[2023-08-20T17:39:43.915+0000] {logging_mixin.py:151} INFO - [2023-08-20T17:39:43.914+0000] {dag.py:3677} INFO - Setting next_dagrun for example_time_delta_sensor_async to None, run_after=None
[2023-08-20T17:39:43.946+0000] {processor.py:179} INFO - Processing /home/airflow/.local/lib/python3.8/site-packages/airflow/example_dags/example_time_delta_sensor_async.py took 0.084 seconds
[2023-08-20T17:40:14.416+0000] {processor.py:157} INFO - Started process (PID=342) to work on /home/airflow/.local/lib/python3.8/site-packages/airflow/example_dags/example_time_delta_sensor_async.py
[2023-08-20T17:40:14.419+0000] {processor.py:829} INFO - Processing file /home/airflow/.local/lib/python3.8/site-packages/airflow/example_dags/example_time_delta_sensor_async.py for tasks to queue
[2023-08-20T17:40:14.426+0000] {logging_mixin.py:151} INFO - [2023-08-20T17:40:14.426+0000] {dagbag.py:539} INFO - Filling up the DagBag from /home/airflow/.local/lib/python3.8/site-packages/airflow/example_dags/example_time_delta_sensor_async.py
[2023-08-20T17:40:14.434+0000] {processor.py:839} INFO - DAG(s) dict_keys(['example_time_delta_sensor_async']) retrieved from /home/airflow/.local/lib/python3.8/site-packages/airflow/example_dags/example_time_delta_sensor_async.py
[2023-08-20T17:40:14.466+0000] {logging_mixin.py:151} INFO - [2023-08-20T17:40:14.466+0000] {dag.py:2907} INFO - Sync 1 DAGs
[2023-08-20T17:40:14.483+0000] {logging_mixin.py:151} INFO - [2023-08-20T17:40:14.482+0000] {dag.py:3677} INFO - Setting next_dagrun for example_time_delta_sensor_async to None, run_after=None
[2023-08-20T17:40:14.518+0000] {processor.py:179} INFO - Processing /home/airflow/.local/lib/python3.8/site-packages/airflow/example_dags/example_time_delta_sensor_async.py took 0.108 seconds
[2023-08-20T17:40:45.283+0000] {processor.py:157} INFO - Started process (PID=396) to work on /home/airflow/.local/lib/python3.8/site-packages/airflow/example_dags/example_time_delta_sensor_async.py
[2023-08-20T17:40:45.285+0000] {processor.py:829} INFO - Processing file /home/airflow/.local/lib/python3.8/site-packages/airflow/example_dags/example_time_delta_sensor_async.py for tasks to queue
[2023-08-20T17:40:45.290+0000] {logging_mixin.py:151} INFO - [2023-08-20T17:40:45.289+0000] {dagbag.py:539} INFO - Filling up the DagBag from /home/airflow/.local/lib/python3.8/site-packages/airflow/example_dags/example_time_delta_sensor_async.py
[2023-08-20T17:40:45.298+0000] {processor.py:839} INFO - DAG(s) dict_keys(['example_time_delta_sensor_async']) retrieved from /home/airflow/.local/lib/python3.8/site-packages/airflow/example_dags/example_time_delta_sensor_async.py
[2023-08-20T17:40:45.329+0000] {logging_mixin.py:151} INFO - [2023-08-20T17:40:45.328+0000] {dag.py:2907} INFO - Sync 1 DAGs
[2023-08-20T17:40:45.348+0000] {logging_mixin.py:151} INFO - [2023-08-20T17:40:45.347+0000] {dag.py:3677} INFO - Setting next_dagrun for example_time_delta_sensor_async to None, run_after=None
[2023-08-20T17:40:45.380+0000] {processor.py:179} INFO - Processing /home/airflow/.local/lib/python3.8/site-packages/airflow/example_dags/example_time_delta_sensor_async.py took 0.107 seconds
[2023-08-20T17:41:15.493+0000] {processor.py:157} INFO - Started process (PID=450) to work on /home/airflow/.local/lib/python3.8/site-packages/airflow/example_dags/example_time_delta_sensor_async.py
[2023-08-20T17:41:15.496+0000] {processor.py:829} INFO - Processing file /home/airflow/.local/lib/python3.8/site-packages/airflow/example_dags/example_time_delta_sensor_async.py for tasks to queue
[2023-08-20T17:41:15.499+0000] {logging_mixin.py:151} INFO - [2023-08-20T17:41:15.499+0000] {dagbag.py:539} INFO - Filling up the DagBag from /home/airflow/.local/lib/python3.8/site-packages/airflow/example_dags/example_time_delta_sensor_async.py
[2023-08-20T17:41:15.506+0000] {processor.py:839} INFO - DAG(s) dict_keys(['example_time_delta_sensor_async']) retrieved from /home/airflow/.local/lib/python3.8/site-packages/airflow/example_dags/example_time_delta_sensor_async.py
[2023-08-20T17:41:15.541+0000] {logging_mixin.py:151} INFO - [2023-08-20T17:41:15.541+0000] {dag.py:2907} INFO - Sync 1 DAGs
[2023-08-20T17:41:15.562+0000] {logging_mixin.py:151} INFO - [2023-08-20T17:41:15.562+0000] {dag.py:3677} INFO - Setting next_dagrun for example_time_delta_sensor_async to None, run_after=None
[2023-08-20T17:41:15.598+0000] {processor.py:179} INFO - Processing /home/airflow/.local/lib/python3.8/site-packages/airflow/example_dags/example_time_delta_sensor_async.py took 0.111 seconds
[2023-08-20T17:41:46.240+0000] {processor.py:157} INFO - Started process (PID=505) to work on /home/airflow/.local/lib/python3.8/site-packages/airflow/example_dags/example_time_delta_sensor_async.py
[2023-08-20T17:41:46.242+0000] {processor.py:829} INFO - Processing file /home/airflow/.local/lib/python3.8/site-packages/airflow/example_dags/example_time_delta_sensor_async.py for tasks to queue
[2023-08-20T17:41:46.246+0000] {logging_mixin.py:151} INFO - [2023-08-20T17:41:46.246+0000] {dagbag.py:539} INFO - Filling up the DagBag from /home/airflow/.local/lib/python3.8/site-packages/airflow/example_dags/example_time_delta_sensor_async.py
[2023-08-20T17:41:46.253+0000] {processor.py:839} INFO - DAG(s) dict_keys(['example_time_delta_sensor_async']) retrieved from /home/airflow/.local/lib/python3.8/site-packages/airflow/example_dags/example_time_delta_sensor_async.py
[2023-08-20T17:41:46.283+0000] {logging_mixin.py:151} INFO - [2023-08-20T17:41:46.283+0000] {dag.py:2907} INFO - Sync 1 DAGs
[2023-08-20T17:41:46.302+0000] {logging_mixin.py:151} INFO - [2023-08-20T17:41:46.302+0000] {dag.py:3677} INFO - Setting next_dagrun for example_time_delta_sensor_async to None, run_after=None
[2023-08-20T17:41:46.328+0000] {processor.py:179} INFO - Processing /home/airflow/.local/lib/python3.8/site-packages/airflow/example_dags/example_time_delta_sensor_async.py took 0.092 seconds
[2023-08-20T17:42:16.441+0000] {processor.py:157} INFO - Started process (PID=559) to work on /home/airflow/.local/lib/python3.8/site-packages/airflow/example_dags/example_time_delta_sensor_async.py
[2023-08-20T17:42:16.443+0000] {processor.py:829} INFO - Processing file /home/airflow/.local/lib/python3.8/site-packages/airflow/example_dags/example_time_delta_sensor_async.py for tasks to queue
[2023-08-20T17:42:16.447+0000] {logging_mixin.py:151} INFO - [2023-08-20T17:42:16.447+0000] {dagbag.py:539} INFO - Filling up the DagBag from /home/airflow/.local/lib/python3.8/site-packages/airflow/example_dags/example_time_delta_sensor_async.py
[2023-08-20T17:42:16.456+0000] {processor.py:839} INFO - DAG(s) dict_keys(['example_time_delta_sensor_async']) retrieved from /home/airflow/.local/lib/python3.8/site-packages/airflow/example_dags/example_time_delta_sensor_async.py
[2023-08-20T17:42:16.484+0000] {logging_mixin.py:151} INFO - [2023-08-20T17:42:16.483+0000] {dag.py:2907} INFO - Sync 1 DAGs
[2023-08-20T17:42:16.500+0000] {logging_mixin.py:151} INFO - [2023-08-20T17:42:16.499+0000] {dag.py:3677} INFO - Setting next_dagrun for example_time_delta_sensor_async to None, run_after=None
[2023-08-20T17:42:16.527+0000] {processor.py:179} INFO - Processing /home/airflow/.local/lib/python3.8/site-packages/airflow/example_dags/example_time_delta_sensor_async.py took 0.091 seconds
[2023-08-20T17:42:46.901+0000] {processor.py:157} INFO - Started process (PID=613) to work on /home/airflow/.local/lib/python3.8/site-packages/airflow/example_dags/example_time_delta_sensor_async.py
[2023-08-20T17:42:46.903+0000] {processor.py:829} INFO - Processing file /home/airflow/.local/lib/python3.8/site-packages/airflow/example_dags/example_time_delta_sensor_async.py for tasks to queue
[2023-08-20T17:42:46.906+0000] {logging_mixin.py:151} INFO - [2023-08-20T17:42:46.906+0000] {dagbag.py:539} INFO - Filling up the DagBag from /home/airflow/.local/lib/python3.8/site-packages/airflow/example_dags/example_time_delta_sensor_async.py
[2023-08-20T17:42:46.914+0000] {processor.py:839} INFO - DAG(s) dict_keys(['example_time_delta_sensor_async']) retrieved from /home/airflow/.local/lib/python3.8/site-packages/airflow/example_dags/example_time_delta_sensor_async.py
[2023-08-20T17:42:46.944+0000] {logging_mixin.py:151} INFO - [2023-08-20T17:42:46.943+0000] {dag.py:2907} INFO - Sync 1 DAGs
[2023-08-20T17:42:46.963+0000] {logging_mixin.py:151} INFO - [2023-08-20T17:42:46.963+0000] {dag.py:3677} INFO - Setting next_dagrun for example_time_delta_sensor_async to None, run_after=None
[2023-08-20T17:42:46.993+0000] {processor.py:179} INFO - Processing /home/airflow/.local/lib/python3.8/site-packages/airflow/example_dags/example_time_delta_sensor_async.py took 0.097 seconds
[2023-08-20T17:43:17.480+0000] {processor.py:157} INFO - Started process (PID=667) to work on /home/airflow/.local/lib/python3.8/site-packages/airflow/example_dags/example_time_delta_sensor_async.py
[2023-08-20T17:43:17.482+0000] {processor.py:829} INFO - Processing file /home/airflow/.local/lib/python3.8/site-packages/airflow/example_dags/example_time_delta_sensor_async.py for tasks to queue
[2023-08-20T17:43:17.486+0000] {logging_mixin.py:151} INFO - [2023-08-20T17:43:17.485+0000] {dagbag.py:539} INFO - Filling up the DagBag from /home/airflow/.local/lib/python3.8/site-packages/airflow/example_dags/example_time_delta_sensor_async.py
[2023-08-20T17:43:17.493+0000] {processor.py:839} INFO - DAG(s) dict_keys(['example_time_delta_sensor_async']) retrieved from /home/airflow/.local/lib/python3.8/site-packages/airflow/example_dags/example_time_delta_sensor_async.py
[2023-08-20T17:43:17.521+0000] {logging_mixin.py:151} INFO - [2023-08-20T17:43:17.521+0000] {dag.py:2907} INFO - Sync 1 DAGs
[2023-08-20T17:43:17.540+0000] {logging_mixin.py:151} INFO - [2023-08-20T17:43:17.540+0000] {dag.py:3677} INFO - Setting next_dagrun for example_time_delta_sensor_async to None, run_after=None
[2023-08-20T17:43:17.567+0000] {processor.py:179} INFO - Processing /home/airflow/.local/lib/python3.8/site-packages/airflow/example_dags/example_time_delta_sensor_async.py took 0.091 seconds
[2023-08-20T17:43:48.162+0000] {processor.py:157} INFO - Started process (PID=721) to work on /home/airflow/.local/lib/python3.8/site-packages/airflow/example_dags/example_time_delta_sensor_async.py
[2023-08-20T17:43:48.164+0000] {processor.py:829} INFO - Processing file /home/airflow/.local/lib/python3.8/site-packages/airflow/example_dags/example_time_delta_sensor_async.py for tasks to queue
[2023-08-20T17:43:48.167+0000] {logging_mixin.py:151} INFO - [2023-08-20T17:43:48.166+0000] {dagbag.py:539} INFO - Filling up the DagBag from /home/airflow/.local/lib/python3.8/site-packages/airflow/example_dags/example_time_delta_sensor_async.py
[2023-08-20T17:43:48.173+0000] {processor.py:839} INFO - DAG(s) dict_keys(['example_time_delta_sensor_async']) retrieved from /home/airflow/.local/lib/python3.8/site-packages/airflow/example_dags/example_time_delta_sensor_async.py
[2023-08-20T17:43:48.200+0000] {logging_mixin.py:151} INFO - [2023-08-20T17:43:48.199+0000] {dag.py:2907} INFO - Sync 1 DAGs
[2023-08-20T17:43:48.215+0000] {logging_mixin.py:151} INFO - [2023-08-20T17:43:48.215+0000] {dag.py:3677} INFO - Setting next_dagrun for example_time_delta_sensor_async to None, run_after=None
[2023-08-20T17:43:48.245+0000] {processor.py:179} INFO - Processing /home/airflow/.local/lib/python3.8/site-packages/airflow/example_dags/example_time_delta_sensor_async.py took 0.087 seconds
[2023-08-20T17:44:18.538+0000] {processor.py:157} INFO - Started process (PID=775) to work on /home/airflow/.local/lib/python3.8/site-packages/airflow/example_dags/example_time_delta_sensor_async.py
[2023-08-20T17:44:18.540+0000] {processor.py:829} INFO - Processing file /home/airflow/.local/lib/python3.8/site-packages/airflow/example_dags/example_time_delta_sensor_async.py for tasks to queue
[2023-08-20T17:44:18.543+0000] {logging_mixin.py:151} INFO - [2023-08-20T17:44:18.543+0000] {dagbag.py:539} INFO - Filling up the DagBag from /home/airflow/.local/lib/python3.8/site-packages/airflow/example_dags/example_time_delta_sensor_async.py
[2023-08-20T17:44:18.550+0000] {processor.py:839} INFO - DAG(s) dict_keys(['example_time_delta_sensor_async']) retrieved from /home/airflow/.local/lib/python3.8/site-packages/airflow/example_dags/example_time_delta_sensor_async.py
[2023-08-20T17:44:18.579+0000] {logging_mixin.py:151} INFO - [2023-08-20T17:44:18.579+0000] {dag.py:2907} INFO - Sync 1 DAGs
[2023-08-20T17:44:18.599+0000] {logging_mixin.py:151} INFO - [2023-08-20T17:44:18.599+0000] {dag.py:3677} INFO - Setting next_dagrun for example_time_delta_sensor_async to None, run_after=None
[2023-08-20T17:44:18.629+0000] {processor.py:179} INFO - Processing /home/airflow/.local/lib/python3.8/site-packages/airflow/example_dags/example_time_delta_sensor_async.py took 0.097 seconds
[2023-08-20T17:44:49.037+0000] {processor.py:157} INFO - Started process (PID=829) to work on /home/airflow/.local/lib/python3.8/site-packages/airflow/example_dags/example_time_delta_sensor_async.py
[2023-08-20T17:44:49.039+0000] {processor.py:829} INFO - Processing file /home/airflow/.local/lib/python3.8/site-packages/airflow/example_dags/example_time_delta_sensor_async.py for tasks to queue
[2023-08-20T17:44:49.043+0000] {logging_mixin.py:151} INFO - [2023-08-20T17:44:49.042+0000] {dagbag.py:539} INFO - Filling up the DagBag from /home/airflow/.local/lib/python3.8/site-packages/airflow/example_dags/example_time_delta_sensor_async.py
[2023-08-20T17:44:49.048+0000] {processor.py:839} INFO - DAG(s) dict_keys(['example_time_delta_sensor_async']) retrieved from /home/airflow/.local/lib/python3.8/site-packages/airflow/example_dags/example_time_delta_sensor_async.py
[2023-08-20T17:44:49.073+0000] {logging_mixin.py:151} INFO - [2023-08-20T17:44:49.072+0000] {dag.py:2907} INFO - Sync 1 DAGs
[2023-08-20T17:44:49.090+0000] {logging_mixin.py:151} INFO - [2023-08-20T17:44:49.089+0000] {dag.py:3677} INFO - Setting next_dagrun for example_time_delta_sensor_async to None, run_after=None
[2023-08-20T17:44:49.114+0000] {processor.py:179} INFO - Processing /home/airflow/.local/lib/python3.8/site-packages/airflow/example_dags/example_time_delta_sensor_async.py took 0.081 seconds
[2023-08-20T17:45:19.751+0000] {processor.py:157} INFO - Started process (PID=883) to work on /home/airflow/.local/lib/python3.8/site-packages/airflow/example_dags/example_time_delta_sensor_async.py
[2023-08-20T17:45:19.753+0000] {processor.py:829} INFO - Processing file /home/airflow/.local/lib/python3.8/site-packages/airflow/example_dags/example_time_delta_sensor_async.py for tasks to queue
[2023-08-20T17:45:19.757+0000] {logging_mixin.py:151} INFO - [2023-08-20T17:45:19.756+0000] {dagbag.py:539} INFO - Filling up the DagBag from /home/airflow/.local/lib/python3.8/site-packages/airflow/example_dags/example_time_delta_sensor_async.py
[2023-08-20T17:45:19.763+0000] {processor.py:839} INFO - DAG(s) dict_keys(['example_time_delta_sensor_async']) retrieved from /home/airflow/.local/lib/python3.8/site-packages/airflow/example_dags/example_time_delta_sensor_async.py
[2023-08-20T17:45:19.791+0000] {logging_mixin.py:151} INFO - [2023-08-20T17:45:19.791+0000] {dag.py:2907} INFO - Sync 1 DAGs
[2023-08-20T17:45:19.811+0000] {logging_mixin.py:151} INFO - [2023-08-20T17:45:19.811+0000] {dag.py:3677} INFO - Setting next_dagrun for example_time_delta_sensor_async to None, run_after=None
[2023-08-20T17:45:19.838+0000] {processor.py:179} INFO - Processing /home/airflow/.local/lib/python3.8/site-packages/airflow/example_dags/example_time_delta_sensor_async.py took 0.092 seconds
[2023-08-20T17:45:50.130+0000] {processor.py:157} INFO - Started process (PID=937) to work on /home/airflow/.local/lib/python3.8/site-packages/airflow/example_dags/example_time_delta_sensor_async.py
[2023-08-20T17:45:50.132+0000] {processor.py:829} INFO - Processing file /home/airflow/.local/lib/python3.8/site-packages/airflow/example_dags/example_time_delta_sensor_async.py for tasks to queue
[2023-08-20T17:45:50.135+0000] {logging_mixin.py:151} INFO - [2023-08-20T17:45:50.134+0000] {dagbag.py:539} INFO - Filling up the DagBag from /home/airflow/.local/lib/python3.8/site-packages/airflow/example_dags/example_time_delta_sensor_async.py
[2023-08-20T17:45:50.142+0000] {processor.py:839} INFO - DAG(s) dict_keys(['example_time_delta_sensor_async']) retrieved from /home/airflow/.local/lib/python3.8/site-packages/airflow/example_dags/example_time_delta_sensor_async.py
[2023-08-20T17:45:50.172+0000] {logging_mixin.py:151} INFO - [2023-08-20T17:45:50.171+0000] {dag.py:2907} INFO - Sync 1 DAGs
[2023-08-20T17:45:50.187+0000] {logging_mixin.py:151} INFO - [2023-08-20T17:45:50.187+0000] {dag.py:3677} INFO - Setting next_dagrun for example_time_delta_sensor_async to None, run_after=None
[2023-08-20T17:45:50.211+0000] {processor.py:179} INFO - Processing /home/airflow/.local/lib/python3.8/site-packages/airflow/example_dags/example_time_delta_sensor_async.py took 0.085 seconds
[2023-08-20T17:46:20.922+0000] {processor.py:157} INFO - Started process (PID=991) to work on /home/airflow/.local/lib/python3.8/site-packages/airflow/example_dags/example_time_delta_sensor_async.py
[2023-08-20T17:46:20.923+0000] {processor.py:829} INFO - Processing file /home/airflow/.local/lib/python3.8/site-packages/airflow/example_dags/example_time_delta_sensor_async.py for tasks to queue
[2023-08-20T17:46:20.927+0000] {logging_mixin.py:151} INFO - [2023-08-20T17:46:20.926+0000] {dagbag.py:539} INFO - Filling up the DagBag from /home/airflow/.local/lib/python3.8/site-packages/airflow/example_dags/example_time_delta_sensor_async.py
[2023-08-20T17:46:20.933+0000] {processor.py:839} INFO - DAG(s) dict_keys(['example_time_delta_sensor_async']) retrieved from /home/airflow/.local/lib/python3.8/site-packages/airflow/example_dags/example_time_delta_sensor_async.py
[2023-08-20T17:46:20.958+0000] {logging_mixin.py:151} INFO - [2023-08-20T17:46:20.958+0000] {dag.py:2907} INFO - Sync 1 DAGs
[2023-08-20T17:46:20.976+0000] {logging_mixin.py:151} INFO - [2023-08-20T17:46:20.975+0000] {dag.py:3677} INFO - Setting next_dagrun for example_time_delta_sensor_async to None, run_after=None
[2023-08-20T17:46:21.000+0000] {processor.py:179} INFO - Processing /home/airflow/.local/lib/python3.8/site-packages/airflow/example_dags/example_time_delta_sensor_async.py took 0.084 seconds
[2023-08-20T17:46:51.506+0000] {processor.py:157} INFO - Started process (PID=1045) to work on /home/airflow/.local/lib/python3.8/site-packages/airflow/example_dags/example_time_delta_sensor_async.py
[2023-08-20T17:46:51.508+0000] {processor.py:829} INFO - Processing file /home/airflow/.local/lib/python3.8/site-packages/airflow/example_dags/example_time_delta_sensor_async.py for tasks to queue
[2023-08-20T17:46:51.511+0000] {logging_mixin.py:151} INFO - [2023-08-20T17:46:51.510+0000] {dagbag.py:539} INFO - Filling up the DagBag from /home/airflow/.local/lib/python3.8/site-packages/airflow/example_dags/example_time_delta_sensor_async.py
[2023-08-20T17:46:51.517+0000] {processor.py:839} INFO - DAG(s) dict_keys(['example_time_delta_sensor_async']) retrieved from /home/airflow/.local/lib/python3.8/site-packages/airflow/example_dags/example_time_delta_sensor_async.py
[2023-08-20T17:46:51.544+0000] {logging_mixin.py:151} INFO - [2023-08-20T17:46:51.544+0000] {dag.py:2907} INFO - Sync 1 DAGs
[2023-08-20T17:46:51.562+0000] {logging_mixin.py:151} INFO - [2023-08-20T17:46:51.562+0000] {dag.py:3677} INFO - Setting next_dagrun for example_time_delta_sensor_async to None, run_after=None
[2023-08-20T17:46:51.606+0000] {processor.py:179} INFO - Processing /home/airflow/.local/lib/python3.8/site-packages/airflow/example_dags/example_time_delta_sensor_async.py took 0.104 seconds
