[2023-08-20 11:40:24,036] {scheduler_job.py:182} INFO - Started process (PID=60) to work on /home/airflow/.local/lib/python3.6/site-packages/airflow/example_dags/example_kubernetes_executor.py
[2023-08-20 11:40:24,038] {scheduler_job.py:629} INFO - Processing file /home/airflow/.local/lib/python3.6/site-packages/airflow/example_dags/example_kubernetes_executor.py for tasks to queue
[2023-08-20 11:40:24,040] {logging_mixin.py:104} INFO - [2023-08-20 11:40:24,040] {dagbag.py:451} INFO - Filling up the DagBag from /home/airflow/.local/lib/python3.6/site-packages/airflow/example_dags/example_kubernetes_executor.py
[2023-08-20 11:40:24,065] {scheduler_job.py:639} INFO - DAG(s) dict_keys(['example_kubernetes_executor']) retrieved from /home/airflow/.local/lib/python3.6/site-packages/airflow/example_dags/example_kubernetes_executor.py
[2023-08-20 11:40:24,100] {logging_mixin.py:104} INFO - [2023-08-20 11:40:24,100] {dag.py:1824} INFO - Sync 1 DAGs
[2023-08-20 11:40:24,122] {logging_mixin.py:104} INFO - [2023-08-20 11:40:24,122] {dag.py:1843} INFO - Creating ORM DAG for example_kubernetes_executor
[2023-08-20 11:40:24,132] {logging_mixin.py:104} INFO - [2023-08-20 11:40:24,131] {dag.py:2280} INFO - Setting next_dagrun for example_kubernetes_executor to None
[2023-08-20 11:40:24,155] {scheduler_job.py:190} INFO - Processing /home/airflow/.local/lib/python3.6/site-packages/airflow/example_dags/example_kubernetes_executor.py took 0.124 seconds
[2023-08-20 11:40:54,399] {scheduler_job.py:182} INFO - Started process (PID=85) to work on /home/airflow/.local/lib/python3.6/site-packages/airflow/example_dags/example_kubernetes_executor.py
[2023-08-20 11:40:54,401] {scheduler_job.py:629} INFO - Processing file /home/airflow/.local/lib/python3.6/site-packages/airflow/example_dags/example_kubernetes_executor.py for tasks to queue
[2023-08-20 11:40:54,402] {logging_mixin.py:104} INFO - [2023-08-20 11:40:54,402] {dagbag.py:451} INFO - Filling up the DagBag from /home/airflow/.local/lib/python3.6/site-packages/airflow/example_dags/example_kubernetes_executor.py
[2023-08-20 11:40:54,419] {scheduler_job.py:639} INFO - DAG(s) dict_keys(['example_kubernetes_executor']) retrieved from /home/airflow/.local/lib/python3.6/site-packages/airflow/example_dags/example_kubernetes_executor.py
[2023-08-20 11:40:54,450] {logging_mixin.py:104} INFO - [2023-08-20 11:40:54,450] {dag.py:1824} INFO - Sync 1 DAGs
[2023-08-20 11:40:54,476] {logging_mixin.py:104} INFO - [2023-08-20 11:40:54,476] {dag.py:2280} INFO - Setting next_dagrun for example_kubernetes_executor to None
[2023-08-20 11:40:54,499] {scheduler_job.py:190} INFO - Processing /home/airflow/.local/lib/python3.6/site-packages/airflow/example_dags/example_kubernetes_executor.py took 0.104 seconds
[2023-08-20 11:41:25,334] {scheduler_job.py:182} INFO - Started process (PID=109) to work on /home/airflow/.local/lib/python3.6/site-packages/airflow/example_dags/example_kubernetes_executor.py
[2023-08-20 11:41:25,337] {scheduler_job.py:629} INFO - Processing file /home/airflow/.local/lib/python3.6/site-packages/airflow/example_dags/example_kubernetes_executor.py for tasks to queue
[2023-08-20 11:41:25,340] {logging_mixin.py:104} INFO - [2023-08-20 11:41:25,339] {dagbag.py:451} INFO - Filling up the DagBag from /home/airflow/.local/lib/python3.6/site-packages/airflow/example_dags/example_kubernetes_executor.py
[2023-08-20 11:41:25,353] {scheduler_job.py:639} INFO - DAG(s) dict_keys(['example_kubernetes_executor']) retrieved from /home/airflow/.local/lib/python3.6/site-packages/airflow/example_dags/example_kubernetes_executor.py
[2023-08-20 11:41:25,405] {logging_mixin.py:104} INFO - [2023-08-20 11:41:25,405] {dag.py:1824} INFO - Sync 1 DAGs
[2023-08-20 11:41:25,433] {logging_mixin.py:104} INFO - [2023-08-20 11:41:25,433] {dag.py:2280} INFO - Setting next_dagrun for example_kubernetes_executor to None
[2023-08-20 11:41:25,446] {scheduler_job.py:190} INFO - Processing /home/airflow/.local/lib/python3.6/site-packages/airflow/example_dags/example_kubernetes_executor.py took 0.116 seconds
[2023-08-20 11:41:55,543] {scheduler_job.py:182} INFO - Started process (PID=135) to work on /home/airflow/.local/lib/python3.6/site-packages/airflow/example_dags/example_kubernetes_executor.py
[2023-08-20 11:41:55,548] {scheduler_job.py:629} INFO - Processing file /home/airflow/.local/lib/python3.6/site-packages/airflow/example_dags/example_kubernetes_executor.py for tasks to queue
[2023-08-20 11:41:55,550] {logging_mixin.py:104} INFO - [2023-08-20 11:41:55,550] {dagbag.py:451} INFO - Filling up the DagBag from /home/airflow/.local/lib/python3.6/site-packages/airflow/example_dags/example_kubernetes_executor.py
[2023-08-20 11:41:55,576] {scheduler_job.py:639} INFO - DAG(s) dict_keys(['example_kubernetes_executor']) retrieved from /home/airflow/.local/lib/python3.6/site-packages/airflow/example_dags/example_kubernetes_executor.py
[2023-08-20 11:41:55,621] {logging_mixin.py:104} INFO - [2023-08-20 11:41:55,621] {dag.py:1824} INFO - Sync 1 DAGs
[2023-08-20 11:41:55,643] {logging_mixin.py:104} INFO - [2023-08-20 11:41:55,643] {dag.py:2280} INFO - Setting next_dagrun for example_kubernetes_executor to None
[2023-08-20 11:41:55,657] {scheduler_job.py:190} INFO - Processing /home/airflow/.local/lib/python3.6/site-packages/airflow/example_dags/example_kubernetes_executor.py took 0.119 seconds
[2023-08-20 11:42:25,839] {scheduler_job.py:182} INFO - Started process (PID=160) to work on /home/airflow/.local/lib/python3.6/site-packages/airflow/example_dags/example_kubernetes_executor.py
[2023-08-20 11:42:25,841] {scheduler_job.py:629} INFO - Processing file /home/airflow/.local/lib/python3.6/site-packages/airflow/example_dags/example_kubernetes_executor.py for tasks to queue
[2023-08-20 11:42:25,843] {logging_mixin.py:104} INFO - [2023-08-20 11:42:25,843] {dagbag.py:451} INFO - Filling up the DagBag from /home/airflow/.local/lib/python3.6/site-packages/airflow/example_dags/example_kubernetes_executor.py
[2023-08-20 11:42:25,865] {scheduler_job.py:639} INFO - DAG(s) dict_keys(['example_kubernetes_executor']) retrieved from /home/airflow/.local/lib/python3.6/site-packages/airflow/example_dags/example_kubernetes_executor.py
[2023-08-20 11:42:25,896] {logging_mixin.py:104} INFO - [2023-08-20 11:42:25,896] {dag.py:1824} INFO - Sync 1 DAGs
[2023-08-20 11:42:25,939] {logging_mixin.py:104} INFO - [2023-08-20 11:42:25,939] {dag.py:2280} INFO - Setting next_dagrun for example_kubernetes_executor to None
[2023-08-20 11:42:25,970] {scheduler_job.py:190} INFO - Processing /home/airflow/.local/lib/python3.6/site-packages/airflow/example_dags/example_kubernetes_executor.py took 0.135 seconds
[2023-08-20 11:42:56,083] {scheduler_job.py:182} INFO - Started process (PID=184) to work on /home/airflow/.local/lib/python3.6/site-packages/airflow/example_dags/example_kubernetes_executor.py
[2023-08-20 11:42:56,086] {scheduler_job.py:629} INFO - Processing file /home/airflow/.local/lib/python3.6/site-packages/airflow/example_dags/example_kubernetes_executor.py for tasks to queue
[2023-08-20 11:42:56,088] {logging_mixin.py:104} INFO - [2023-08-20 11:42:56,088] {dagbag.py:451} INFO - Filling up the DagBag from /home/airflow/.local/lib/python3.6/site-packages/airflow/example_dags/example_kubernetes_executor.py
[2023-08-20 11:42:56,102] {scheduler_job.py:639} INFO - DAG(s) dict_keys(['example_kubernetes_executor']) retrieved from /home/airflow/.local/lib/python3.6/site-packages/airflow/example_dags/example_kubernetes_executor.py
[2023-08-20 11:42:56,134] {logging_mixin.py:104} INFO - [2023-08-20 11:42:56,133] {dag.py:1824} INFO - Sync 1 DAGs
[2023-08-20 11:42:56,155] {logging_mixin.py:104} INFO - [2023-08-20 11:42:56,155] {dag.py:2280} INFO - Setting next_dagrun for example_kubernetes_executor to None
[2023-08-20 11:42:56,173] {scheduler_job.py:190} INFO - Processing /home/airflow/.local/lib/python3.6/site-packages/airflow/example_dags/example_kubernetes_executor.py took 0.094 seconds
[2023-08-20 11:43:26,351] {scheduler_job.py:182} INFO - Started process (PID=208) to work on /home/airflow/.local/lib/python3.6/site-packages/airflow/example_dags/example_kubernetes_executor.py
[2023-08-20 11:43:26,353] {scheduler_job.py:629} INFO - Processing file /home/airflow/.local/lib/python3.6/site-packages/airflow/example_dags/example_kubernetes_executor.py for tasks to queue
[2023-08-20 11:43:26,355] {logging_mixin.py:104} INFO - [2023-08-20 11:43:26,355] {dagbag.py:451} INFO - Filling up the DagBag from /home/airflow/.local/lib/python3.6/site-packages/airflow/example_dags/example_kubernetes_executor.py
[2023-08-20 11:43:26,369] {scheduler_job.py:639} INFO - DAG(s) dict_keys(['example_kubernetes_executor']) retrieved from /home/airflow/.local/lib/python3.6/site-packages/airflow/example_dags/example_kubernetes_executor.py
[2023-08-20 11:43:26,403] {logging_mixin.py:104} INFO - [2023-08-20 11:43:26,403] {dag.py:1824} INFO - Sync 1 DAGs
[2023-08-20 11:43:26,419] {logging_mixin.py:104} INFO - [2023-08-20 11:43:26,419] {dag.py:2280} INFO - Setting next_dagrun for example_kubernetes_executor to None
[2023-08-20 11:43:26,431] {scheduler_job.py:190} INFO - Processing /home/airflow/.local/lib/python3.6/site-packages/airflow/example_dags/example_kubernetes_executor.py took 0.083 seconds
[2023-08-20 11:43:57,339] {scheduler_job.py:182} INFO - Started process (PID=235) to work on /home/airflow/.local/lib/python3.6/site-packages/airflow/example_dags/example_kubernetes_executor.py
[2023-08-20 11:43:57,341] {scheduler_job.py:629} INFO - Processing file /home/airflow/.local/lib/python3.6/site-packages/airflow/example_dags/example_kubernetes_executor.py for tasks to queue
[2023-08-20 11:43:57,343] {logging_mixin.py:104} INFO - [2023-08-20 11:43:57,342] {dagbag.py:451} INFO - Filling up the DagBag from /home/airflow/.local/lib/python3.6/site-packages/airflow/example_dags/example_kubernetes_executor.py
[2023-08-20 11:43:57,356] {scheduler_job.py:639} INFO - DAG(s) dict_keys(['example_kubernetes_executor']) retrieved from /home/airflow/.local/lib/python3.6/site-packages/airflow/example_dags/example_kubernetes_executor.py
[2023-08-20 11:43:57,390] {logging_mixin.py:104} INFO - [2023-08-20 11:43:57,390] {dag.py:1824} INFO - Sync 1 DAGs
[2023-08-20 11:43:57,412] {logging_mixin.py:104} INFO - [2023-08-20 11:43:57,411] {dag.py:2280} INFO - Setting next_dagrun for example_kubernetes_executor to None
[2023-08-20 11:43:57,428] {scheduler_job.py:190} INFO - Processing /home/airflow/.local/lib/python3.6/site-packages/airflow/example_dags/example_kubernetes_executor.py took 0.092 seconds
[2023-08-20 11:44:28,073] {scheduler_job.py:182} INFO - Started process (PID=260) to work on /home/airflow/.local/lib/python3.6/site-packages/airflow/example_dags/example_kubernetes_executor.py
[2023-08-20 11:44:28,075] {scheduler_job.py:629} INFO - Processing file /home/airflow/.local/lib/python3.6/site-packages/airflow/example_dags/example_kubernetes_executor.py for tasks to queue
[2023-08-20 11:44:28,076] {logging_mixin.py:104} INFO - [2023-08-20 11:44:28,076] {dagbag.py:451} INFO - Filling up the DagBag from /home/airflow/.local/lib/python3.6/site-packages/airflow/example_dags/example_kubernetes_executor.py
[2023-08-20 11:44:28,094] {scheduler_job.py:639} INFO - DAG(s) dict_keys(['example_kubernetes_executor']) retrieved from /home/airflow/.local/lib/python3.6/site-packages/airflow/example_dags/example_kubernetes_executor.py
[2023-08-20 11:44:28,129] {logging_mixin.py:104} INFO - [2023-08-20 11:44:28,129] {dag.py:1824} INFO - Sync 1 DAGs
[2023-08-20 11:44:28,149] {logging_mixin.py:104} INFO - [2023-08-20 11:44:28,149] {dag.py:2280} INFO - Setting next_dagrun for example_kubernetes_executor to None
[2023-08-20 11:44:28,164] {scheduler_job.py:190} INFO - Processing /home/airflow/.local/lib/python3.6/site-packages/airflow/example_dags/example_kubernetes_executor.py took 0.094 seconds
[2023-08-20 11:44:58,832] {scheduler_job.py:182} INFO - Started process (PID=286) to work on /home/airflow/.local/lib/python3.6/site-packages/airflow/example_dags/example_kubernetes_executor.py
[2023-08-20 11:44:58,834] {scheduler_job.py:629} INFO - Processing file /home/airflow/.local/lib/python3.6/site-packages/airflow/example_dags/example_kubernetes_executor.py for tasks to queue
[2023-08-20 11:44:58,836] {logging_mixin.py:104} INFO - [2023-08-20 11:44:58,836] {dagbag.py:451} INFO - Filling up the DagBag from /home/airflow/.local/lib/python3.6/site-packages/airflow/example_dags/example_kubernetes_executor.py
[2023-08-20 11:44:58,855] {scheduler_job.py:639} INFO - DAG(s) dict_keys(['example_kubernetes_executor']) retrieved from /home/airflow/.local/lib/python3.6/site-packages/airflow/example_dags/example_kubernetes_executor.py
[2023-08-20 11:44:58,880] {logging_mixin.py:104} INFO - [2023-08-20 11:44:58,880] {dag.py:1824} INFO - Sync 1 DAGs
[2023-08-20 11:44:58,900] {logging_mixin.py:104} INFO - [2023-08-20 11:44:58,900] {dag.py:2280} INFO - Setting next_dagrun for example_kubernetes_executor to None
[2023-08-20 11:44:58,915] {scheduler_job.py:190} INFO - Processing /home/airflow/.local/lib/python3.6/site-packages/airflow/example_dags/example_kubernetes_executor.py took 0.087 seconds
[2023-08-20 11:45:29,626] {scheduler_job.py:182} INFO - Started process (PID=312) to work on /home/airflow/.local/lib/python3.6/site-packages/airflow/example_dags/example_kubernetes_executor.py
[2023-08-20 11:45:29,628] {scheduler_job.py:629} INFO - Processing file /home/airflow/.local/lib/python3.6/site-packages/airflow/example_dags/example_kubernetes_executor.py for tasks to queue
[2023-08-20 11:45:29,629] {logging_mixin.py:104} INFO - [2023-08-20 11:45:29,629] {dagbag.py:451} INFO - Filling up the DagBag from /home/airflow/.local/lib/python3.6/site-packages/airflow/example_dags/example_kubernetes_executor.py
[2023-08-20 11:45:29,647] {scheduler_job.py:639} INFO - DAG(s) dict_keys(['example_kubernetes_executor']) retrieved from /home/airflow/.local/lib/python3.6/site-packages/airflow/example_dags/example_kubernetes_executor.py
[2023-08-20 11:45:29,676] {logging_mixin.py:104} INFO - [2023-08-20 11:45:29,676] {dag.py:1824} INFO - Sync 1 DAGs
[2023-08-20 11:45:29,694] {logging_mixin.py:104} INFO - [2023-08-20 11:45:29,693] {dag.py:2280} INFO - Setting next_dagrun for example_kubernetes_executor to None
[2023-08-20 11:45:29,709] {scheduler_job.py:190} INFO - Processing /home/airflow/.local/lib/python3.6/site-packages/airflow/example_dags/example_kubernetes_executor.py took 0.086 seconds
[2023-08-20 11:45:59,936] {scheduler_job.py:182} INFO - Started process (PID=339) to work on /home/airflow/.local/lib/python3.6/site-packages/airflow/example_dags/example_kubernetes_executor.py
[2023-08-20 11:45:59,938] {scheduler_job.py:629} INFO - Processing file /home/airflow/.local/lib/python3.6/site-packages/airflow/example_dags/example_kubernetes_executor.py for tasks to queue
[2023-08-20 11:45:59,940] {logging_mixin.py:104} INFO - [2023-08-20 11:45:59,939] {dagbag.py:451} INFO - Filling up the DagBag from /home/airflow/.local/lib/python3.6/site-packages/airflow/example_dags/example_kubernetes_executor.py
[2023-08-20 11:45:59,962] {scheduler_job.py:639} INFO - DAG(s) dict_keys(['example_kubernetes_executor']) retrieved from /home/airflow/.local/lib/python3.6/site-packages/airflow/example_dags/example_kubernetes_executor.py
[2023-08-20 11:45:59,993] {logging_mixin.py:104} INFO - [2023-08-20 11:45:59,993] {dag.py:1824} INFO - Sync 1 DAGs
[2023-08-20 11:46:00,012] {logging_mixin.py:104} INFO - [2023-08-20 11:46:00,012] {dag.py:2280} INFO - Setting next_dagrun for example_kubernetes_executor to None
[2023-08-20 11:46:00,041] {scheduler_job.py:190} INFO - Processing /home/airflow/.local/lib/python3.6/site-packages/airflow/example_dags/example_kubernetes_executor.py took 0.110 seconds
[2023-08-20 11:46:30,867] {scheduler_job.py:182} INFO - Started process (PID=364) to work on /home/airflow/.local/lib/python3.6/site-packages/airflow/example_dags/example_kubernetes_executor.py
[2023-08-20 11:46:30,869] {scheduler_job.py:629} INFO - Processing file /home/airflow/.local/lib/python3.6/site-packages/airflow/example_dags/example_kubernetes_executor.py for tasks to queue
[2023-08-20 11:46:30,871] {logging_mixin.py:104} INFO - [2023-08-20 11:46:30,871] {dagbag.py:451} INFO - Filling up the DagBag from /home/airflow/.local/lib/python3.6/site-packages/airflow/example_dags/example_kubernetes_executor.py
[2023-08-20 11:46:30,891] {scheduler_job.py:639} INFO - DAG(s) dict_keys(['example_kubernetes_executor']) retrieved from /home/airflow/.local/lib/python3.6/site-packages/airflow/example_dags/example_kubernetes_executor.py
[2023-08-20 11:46:30,919] {logging_mixin.py:104} INFO - [2023-08-20 11:46:30,918] {dag.py:1824} INFO - Sync 1 DAGs
[2023-08-20 11:46:30,939] {logging_mixin.py:104} INFO - [2023-08-20 11:46:30,939] {dag.py:2280} INFO - Setting next_dagrun for example_kubernetes_executor to None
[2023-08-20 11:46:30,955] {scheduler_job.py:190} INFO - Processing /home/airflow/.local/lib/python3.6/site-packages/airflow/example_dags/example_kubernetes_executor.py took 0.090 seconds
[2023-08-20 11:47:01,735] {scheduler_job.py:182} INFO - Started process (PID=389) to work on /home/airflow/.local/lib/python3.6/site-packages/airflow/example_dags/example_kubernetes_executor.py
[2023-08-20 11:47:01,738] {scheduler_job.py:629} INFO - Processing file /home/airflow/.local/lib/python3.6/site-packages/airflow/example_dags/example_kubernetes_executor.py for tasks to queue
[2023-08-20 11:47:01,739] {logging_mixin.py:104} INFO - [2023-08-20 11:47:01,739] {dagbag.py:451} INFO - Filling up the DagBag from /home/airflow/.local/lib/python3.6/site-packages/airflow/example_dags/example_kubernetes_executor.py
[2023-08-20 11:47:01,760] {scheduler_job.py:639} INFO - DAG(s) dict_keys(['example_kubernetes_executor']) retrieved from /home/airflow/.local/lib/python3.6/site-packages/airflow/example_dags/example_kubernetes_executor.py
[2023-08-20 11:47:01,790] {logging_mixin.py:104} INFO - [2023-08-20 11:47:01,790] {dag.py:1824} INFO - Sync 1 DAGs
[2023-08-20 11:47:01,810] {logging_mixin.py:104} INFO - [2023-08-20 11:47:01,810] {dag.py:2280} INFO - Setting next_dagrun for example_kubernetes_executor to None
[2023-08-20 11:47:01,829] {scheduler_job.py:190} INFO - Processing /home/airflow/.local/lib/python3.6/site-packages/airflow/example_dags/example_kubernetes_executor.py took 0.098 seconds
[2023-08-20 11:47:32,517] {scheduler_job.py:182} INFO - Started process (PID=415) to work on /home/airflow/.local/lib/python3.6/site-packages/airflow/example_dags/example_kubernetes_executor.py
[2023-08-20 11:47:32,523] {scheduler_job.py:629} INFO - Processing file /home/airflow/.local/lib/python3.6/site-packages/airflow/example_dags/example_kubernetes_executor.py for tasks to queue
[2023-08-20 11:47:32,525] {logging_mixin.py:104} INFO - [2023-08-20 11:47:32,525] {dagbag.py:451} INFO - Filling up the DagBag from /home/airflow/.local/lib/python3.6/site-packages/airflow/example_dags/example_kubernetes_executor.py
[2023-08-20 11:47:32,539] {scheduler_job.py:639} INFO - DAG(s) dict_keys(['example_kubernetes_executor']) retrieved from /home/airflow/.local/lib/python3.6/site-packages/airflow/example_dags/example_kubernetes_executor.py
[2023-08-20 11:47:32,562] {logging_mixin.py:104} INFO - [2023-08-20 11:47:32,562] {dag.py:1824} INFO - Sync 1 DAGs
[2023-08-20 11:47:32,579] {logging_mixin.py:104} INFO - [2023-08-20 11:47:32,579] {dag.py:2280} INFO - Setting next_dagrun for example_kubernetes_executor to None
[2023-08-20 11:47:32,598] {scheduler_job.py:190} INFO - Processing /home/airflow/.local/lib/python3.6/site-packages/airflow/example_dags/example_kubernetes_executor.py took 0.084 seconds
[2023-08-20 11:48:02,787] {scheduler_job.py:182} INFO - Started process (PID=441) to work on /home/airflow/.local/lib/python3.6/site-packages/airflow/example_dags/example_kubernetes_executor.py
[2023-08-20 11:48:02,789] {scheduler_job.py:629} INFO - Processing file /home/airflow/.local/lib/python3.6/site-packages/airflow/example_dags/example_kubernetes_executor.py for tasks to queue
[2023-08-20 11:48:02,791] {logging_mixin.py:104} INFO - [2023-08-20 11:48:02,791] {dagbag.py:451} INFO - Filling up the DagBag from /home/airflow/.local/lib/python3.6/site-packages/airflow/example_dags/example_kubernetes_executor.py
[2023-08-20 11:48:02,805] {scheduler_job.py:639} INFO - DAG(s) dict_keys(['example_kubernetes_executor']) retrieved from /home/airflow/.local/lib/python3.6/site-packages/airflow/example_dags/example_kubernetes_executor.py
[2023-08-20 11:48:02,829] {logging_mixin.py:104} INFO - [2023-08-20 11:48:02,829] {dag.py:1824} INFO - Sync 1 DAGs
[2023-08-20 11:48:02,849] {logging_mixin.py:104} INFO - [2023-08-20 11:48:02,849] {dag.py:2280} INFO - Setting next_dagrun for example_kubernetes_executor to None
[2023-08-20 11:48:02,865] {scheduler_job.py:190} INFO - Processing /home/airflow/.local/lib/python3.6/site-packages/airflow/example_dags/example_kubernetes_executor.py took 0.081 seconds
[2023-08-20 11:48:32,944] {scheduler_job.py:182} INFO - Started process (PID=465) to work on /home/airflow/.local/lib/python3.6/site-packages/airflow/example_dags/example_kubernetes_executor.py
[2023-08-20 11:48:32,946] {scheduler_job.py:629} INFO - Processing file /home/airflow/.local/lib/python3.6/site-packages/airflow/example_dags/example_kubernetes_executor.py for tasks to queue
[2023-08-20 11:48:32,948] {logging_mixin.py:104} INFO - [2023-08-20 11:48:32,947] {dagbag.py:451} INFO - Filling up the DagBag from /home/airflow/.local/lib/python3.6/site-packages/airflow/example_dags/example_kubernetes_executor.py
[2023-08-20 11:48:32,960] {scheduler_job.py:639} INFO - DAG(s) dict_keys(['example_kubernetes_executor']) retrieved from /home/airflow/.local/lib/python3.6/site-packages/airflow/example_dags/example_kubernetes_executor.py
[2023-08-20 11:48:32,983] {logging_mixin.py:104} INFO - [2023-08-20 11:48:32,983] {dag.py:1824} INFO - Sync 1 DAGs
[2023-08-20 11:48:33,004] {logging_mixin.py:104} INFO - [2023-08-20 11:48:33,004] {dag.py:2280} INFO - Setting next_dagrun for example_kubernetes_executor to None
[2023-08-20 11:48:33,018] {scheduler_job.py:190} INFO - Processing /home/airflow/.local/lib/python3.6/site-packages/airflow/example_dags/example_kubernetes_executor.py took 0.078 seconds
[2023-08-20 11:49:04,099] {scheduler_job.py:182} INFO - Started process (PID=493) to work on /home/airflow/.local/lib/python3.6/site-packages/airflow/example_dags/example_kubernetes_executor.py
[2023-08-20 11:49:04,101] {scheduler_job.py:629} INFO - Processing file /home/airflow/.local/lib/python3.6/site-packages/airflow/example_dags/example_kubernetes_executor.py for tasks to queue
[2023-08-20 11:49:04,102] {logging_mixin.py:104} INFO - [2023-08-20 11:49:04,102] {dagbag.py:451} INFO - Filling up the DagBag from /home/airflow/.local/lib/python3.6/site-packages/airflow/example_dags/example_kubernetes_executor.py
[2023-08-20 11:49:04,124] {scheduler_job.py:639} INFO - DAG(s) dict_keys(['example_kubernetes_executor']) retrieved from /home/airflow/.local/lib/python3.6/site-packages/airflow/example_dags/example_kubernetes_executor.py
[2023-08-20 11:49:04,151] {logging_mixin.py:104} INFO - [2023-08-20 11:49:04,151] {dag.py:1824} INFO - Sync 1 DAGs
[2023-08-20 11:49:04,169] {logging_mixin.py:104} INFO - [2023-08-20 11:49:04,169] {dag.py:2280} INFO - Setting next_dagrun for example_kubernetes_executor to None
[2023-08-20 11:49:04,184] {scheduler_job.py:190} INFO - Processing /home/airflow/.local/lib/python3.6/site-packages/airflow/example_dags/example_kubernetes_executor.py took 0.095 seconds
[2023-08-20 11:49:34,331] {scheduler_job.py:182} INFO - Started process (PID=517) to work on /home/airflow/.local/lib/python3.6/site-packages/airflow/example_dags/example_kubernetes_executor.py
[2023-08-20 11:49:34,333] {scheduler_job.py:629} INFO - Processing file /home/airflow/.local/lib/python3.6/site-packages/airflow/example_dags/example_kubernetes_executor.py for tasks to queue
[2023-08-20 11:49:34,335] {logging_mixin.py:104} INFO - [2023-08-20 11:49:34,335] {dagbag.py:451} INFO - Filling up the DagBag from /home/airflow/.local/lib/python3.6/site-packages/airflow/example_dags/example_kubernetes_executor.py
[2023-08-20 11:49:34,349] {scheduler_job.py:639} INFO - DAG(s) dict_keys(['example_kubernetes_executor']) retrieved from /home/airflow/.local/lib/python3.6/site-packages/airflow/example_dags/example_kubernetes_executor.py
[2023-08-20 11:49:34,376] {logging_mixin.py:104} INFO - [2023-08-20 11:49:34,376] {dag.py:1824} INFO - Sync 1 DAGs
[2023-08-20 11:49:34,394] {logging_mixin.py:104} INFO - [2023-08-20 11:49:34,394] {dag.py:2280} INFO - Setting next_dagrun for example_kubernetes_executor to None
[2023-08-20 11:49:34,410] {scheduler_job.py:190} INFO - Processing /home/airflow/.local/lib/python3.6/site-packages/airflow/example_dags/example_kubernetes_executor.py took 0.083 seconds
[2023-08-20 11:50:05,260] {scheduler_job.py:182} INFO - Started process (PID=545) to work on /home/airflow/.local/lib/python3.6/site-packages/airflow/example_dags/example_kubernetes_executor.py
[2023-08-20 11:50:05,262] {scheduler_job.py:629} INFO - Processing file /home/airflow/.local/lib/python3.6/site-packages/airflow/example_dags/example_kubernetes_executor.py for tasks to queue
[2023-08-20 11:50:05,263] {logging_mixin.py:104} INFO - [2023-08-20 11:50:05,263] {dagbag.py:451} INFO - Filling up the DagBag from /home/airflow/.local/lib/python3.6/site-packages/airflow/example_dags/example_kubernetes_executor.py
[2023-08-20 11:50:05,280] {scheduler_job.py:639} INFO - DAG(s) dict_keys(['example_kubernetes_executor']) retrieved from /home/airflow/.local/lib/python3.6/site-packages/airflow/example_dags/example_kubernetes_executor.py
[2023-08-20 11:50:05,305] {logging_mixin.py:104} INFO - [2023-08-20 11:50:05,304] {dag.py:1824} INFO - Sync 1 DAGs
[2023-08-20 11:50:05,323] {logging_mixin.py:104} INFO - [2023-08-20 11:50:05,323] {dag.py:2280} INFO - Setting next_dagrun for example_kubernetes_executor to None
[2023-08-20 11:50:05,338] {scheduler_job.py:190} INFO - Processing /home/airflow/.local/lib/python3.6/site-packages/airflow/example_dags/example_kubernetes_executor.py took 0.081 seconds
[2023-08-20 11:50:35,968] {scheduler_job.py:182} INFO - Started process (PID=571) to work on /home/airflow/.local/lib/python3.6/site-packages/airflow/example_dags/example_kubernetes_executor.py
[2023-08-20 11:50:35,970] {scheduler_job.py:629} INFO - Processing file /home/airflow/.local/lib/python3.6/site-packages/airflow/example_dags/example_kubernetes_executor.py for tasks to queue
[2023-08-20 11:50:35,972] {logging_mixin.py:104} INFO - [2023-08-20 11:50:35,972] {dagbag.py:451} INFO - Filling up the DagBag from /home/airflow/.local/lib/python3.6/site-packages/airflow/example_dags/example_kubernetes_executor.py
[2023-08-20 11:50:35,985] {scheduler_job.py:639} INFO - DAG(s) dict_keys(['example_kubernetes_executor']) retrieved from /home/airflow/.local/lib/python3.6/site-packages/airflow/example_dags/example_kubernetes_executor.py
[2023-08-20 11:50:36,011] {logging_mixin.py:104} INFO - [2023-08-20 11:50:36,011] {dag.py:1824} INFO - Sync 1 DAGs
[2023-08-20 11:50:36,030] {logging_mixin.py:104} INFO - [2023-08-20 11:50:36,030] {dag.py:2280} INFO - Setting next_dagrun for example_kubernetes_executor to None
[2023-08-20 11:50:36,044] {scheduler_job.py:190} INFO - Processing /home/airflow/.local/lib/python3.6/site-packages/airflow/example_dags/example_kubernetes_executor.py took 0.080 seconds
[2023-08-20 11:51:06,552] {scheduler_job.py:182} INFO - Started process (PID=597) to work on /home/airflow/.local/lib/python3.6/site-packages/airflow/example_dags/example_kubernetes_executor.py
[2023-08-20 11:51:06,554] {scheduler_job.py:629} INFO - Processing file /home/airflow/.local/lib/python3.6/site-packages/airflow/example_dags/example_kubernetes_executor.py for tasks to queue
[2023-08-20 11:51:06,555] {logging_mixin.py:104} INFO - [2023-08-20 11:51:06,555] {dagbag.py:451} INFO - Filling up the DagBag from /home/airflow/.local/lib/python3.6/site-packages/airflow/example_dags/example_kubernetes_executor.py
[2023-08-20 11:51:06,567] {scheduler_job.py:639} INFO - DAG(s) dict_keys(['example_kubernetes_executor']) retrieved from /home/airflow/.local/lib/python3.6/site-packages/airflow/example_dags/example_kubernetes_executor.py
[2023-08-20 11:51:06,589] {logging_mixin.py:104} INFO - [2023-08-20 11:51:06,589] {dag.py:1824} INFO - Sync 1 DAGs
[2023-08-20 11:51:06,607] {logging_mixin.py:104} INFO - [2023-08-20 11:51:06,607] {dag.py:2280} INFO - Setting next_dagrun for example_kubernetes_executor to None
[2023-08-20 11:51:06,626] {scheduler_job.py:190} INFO - Processing /home/airflow/.local/lib/python3.6/site-packages/airflow/example_dags/example_kubernetes_executor.py took 0.077 seconds
[2023-08-20 11:51:37,399] {scheduler_job.py:182} INFO - Started process (PID=623) to work on /home/airflow/.local/lib/python3.6/site-packages/airflow/example_dags/example_kubernetes_executor.py
[2023-08-20 11:51:37,401] {scheduler_job.py:629} INFO - Processing file /home/airflow/.local/lib/python3.6/site-packages/airflow/example_dags/example_kubernetes_executor.py for tasks to queue
[2023-08-20 11:51:37,403] {logging_mixin.py:104} INFO - [2023-08-20 11:51:37,403] {dagbag.py:451} INFO - Filling up the DagBag from /home/airflow/.local/lib/python3.6/site-packages/airflow/example_dags/example_kubernetes_executor.py
[2023-08-20 11:51:37,420] {scheduler_job.py:639} INFO - DAG(s) dict_keys(['example_kubernetes_executor']) retrieved from /home/airflow/.local/lib/python3.6/site-packages/airflow/example_dags/example_kubernetes_executor.py
[2023-08-20 11:51:37,446] {logging_mixin.py:104} INFO - [2023-08-20 11:51:37,446] {dag.py:1824} INFO - Sync 1 DAGs
[2023-08-20 11:51:37,465] {logging_mixin.py:104} INFO - [2023-08-20 11:51:37,465] {dag.py:2280} INFO - Setting next_dagrun for example_kubernetes_executor to None
[2023-08-20 11:51:37,483] {scheduler_job.py:190} INFO - Processing /home/airflow/.local/lib/python3.6/site-packages/airflow/example_dags/example_kubernetes_executor.py took 0.088 seconds
[2023-08-20 11:52:08,299] {scheduler_job.py:182} INFO - Started process (PID=650) to work on /home/airflow/.local/lib/python3.6/site-packages/airflow/example_dags/example_kubernetes_executor.py
[2023-08-20 11:52:08,301] {scheduler_job.py:629} INFO - Processing file /home/airflow/.local/lib/python3.6/site-packages/airflow/example_dags/example_kubernetes_executor.py for tasks to queue
[2023-08-20 11:52:08,302] {logging_mixin.py:104} INFO - [2023-08-20 11:52:08,302] {dagbag.py:451} INFO - Filling up the DagBag from /home/airflow/.local/lib/python3.6/site-packages/airflow/example_dags/example_kubernetes_executor.py
[2023-08-20 11:52:08,316] {scheduler_job.py:639} INFO - DAG(s) dict_keys(['example_kubernetes_executor']) retrieved from /home/airflow/.local/lib/python3.6/site-packages/airflow/example_dags/example_kubernetes_executor.py
[2023-08-20 11:52:08,349] {logging_mixin.py:104} INFO - [2023-08-20 11:52:08,348] {dag.py:1824} INFO - Sync 1 DAGs
[2023-08-20 11:52:08,366] {logging_mixin.py:104} INFO - [2023-08-20 11:52:08,366] {dag.py:2280} INFO - Setting next_dagrun for example_kubernetes_executor to None
[2023-08-20 11:52:08,380] {scheduler_job.py:190} INFO - Processing /home/airflow/.local/lib/python3.6/site-packages/airflow/example_dags/example_kubernetes_executor.py took 0.086 seconds
[2023-08-20 11:52:38,946] {scheduler_job.py:182} INFO - Started process (PID=676) to work on /home/airflow/.local/lib/python3.6/site-packages/airflow/example_dags/example_kubernetes_executor.py
[2023-08-20 11:52:38,950] {scheduler_job.py:629} INFO - Processing file /home/airflow/.local/lib/python3.6/site-packages/airflow/example_dags/example_kubernetes_executor.py for tasks to queue
[2023-08-20 11:52:38,951] {logging_mixin.py:104} INFO - [2023-08-20 11:52:38,951] {dagbag.py:451} INFO - Filling up the DagBag from /home/airflow/.local/lib/python3.6/site-packages/airflow/example_dags/example_kubernetes_executor.py
[2023-08-20 11:52:38,968] {scheduler_job.py:639} INFO - DAG(s) dict_keys(['example_kubernetes_executor']) retrieved from /home/airflow/.local/lib/python3.6/site-packages/airflow/example_dags/example_kubernetes_executor.py
[2023-08-20 11:52:38,995] {logging_mixin.py:104} INFO - [2023-08-20 11:52:38,995] {dag.py:1824} INFO - Sync 1 DAGs
[2023-08-20 11:52:39,014] {logging_mixin.py:104} INFO - [2023-08-20 11:52:39,014] {dag.py:2280} INFO - Setting next_dagrun for example_kubernetes_executor to None
[2023-08-20 11:52:39,029] {scheduler_job.py:190} INFO - Processing /home/airflow/.local/lib/python3.6/site-packages/airflow/example_dags/example_kubernetes_executor.py took 0.087 seconds
[2023-08-20 11:53:09,706] {scheduler_job.py:182} INFO - Started process (PID=701) to work on /home/airflow/.local/lib/python3.6/site-packages/airflow/example_dags/example_kubernetes_executor.py
[2023-08-20 11:53:09,707] {scheduler_job.py:629} INFO - Processing file /home/airflow/.local/lib/python3.6/site-packages/airflow/example_dags/example_kubernetes_executor.py for tasks to queue
[2023-08-20 11:53:09,709] {logging_mixin.py:104} INFO - [2023-08-20 11:53:09,709] {dagbag.py:451} INFO - Filling up the DagBag from /home/airflow/.local/lib/python3.6/site-packages/airflow/example_dags/example_kubernetes_executor.py
[2023-08-20 11:53:09,724] {scheduler_job.py:639} INFO - DAG(s) dict_keys(['example_kubernetes_executor']) retrieved from /home/airflow/.local/lib/python3.6/site-packages/airflow/example_dags/example_kubernetes_executor.py
[2023-08-20 11:53:09,748] {logging_mixin.py:104} INFO - [2023-08-20 11:53:09,748] {dag.py:1824} INFO - Sync 1 DAGs
[2023-08-20 11:53:09,768] {logging_mixin.py:104} INFO - [2023-08-20 11:53:09,768] {dag.py:2280} INFO - Setting next_dagrun for example_kubernetes_executor to None
[2023-08-20 11:53:09,784] {scheduler_job.py:190} INFO - Processing /home/airflow/.local/lib/python3.6/site-packages/airflow/example_dags/example_kubernetes_executor.py took 0.082 seconds
[2023-08-20 11:53:40,711] {scheduler_job.py:182} INFO - Started process (PID=727) to work on /home/airflow/.local/lib/python3.6/site-packages/airflow/example_dags/example_kubernetes_executor.py
[2023-08-20 11:53:40,714] {scheduler_job.py:629} INFO - Processing file /home/airflow/.local/lib/python3.6/site-packages/airflow/example_dags/example_kubernetes_executor.py for tasks to queue
[2023-08-20 11:53:40,715] {logging_mixin.py:104} INFO - [2023-08-20 11:53:40,715] {dagbag.py:451} INFO - Filling up the DagBag from /home/airflow/.local/lib/python3.6/site-packages/airflow/example_dags/example_kubernetes_executor.py
[2023-08-20 11:53:40,728] {scheduler_job.py:639} INFO - DAG(s) dict_keys(['example_kubernetes_executor']) retrieved from /home/airflow/.local/lib/python3.6/site-packages/airflow/example_dags/example_kubernetes_executor.py
[2023-08-20 11:53:40,753] {logging_mixin.py:104} INFO - [2023-08-20 11:53:40,753] {dag.py:1824} INFO - Sync 1 DAGs
[2023-08-20 11:53:40,772] {logging_mixin.py:104} INFO - [2023-08-20 11:53:40,772] {dag.py:2280} INFO - Setting next_dagrun for example_kubernetes_executor to None
[2023-08-20 11:53:40,789] {scheduler_job.py:190} INFO - Processing /home/airflow/.local/lib/python3.6/site-packages/airflow/example_dags/example_kubernetes_executor.py took 0.082 seconds
[2023-08-20 11:54:11,435] {scheduler_job.py:182} INFO - Started process (PID=753) to work on /home/airflow/.local/lib/python3.6/site-packages/airflow/example_dags/example_kubernetes_executor.py
[2023-08-20 11:54:11,437] {scheduler_job.py:629} INFO - Processing file /home/airflow/.local/lib/python3.6/site-packages/airflow/example_dags/example_kubernetes_executor.py for tasks to queue
[2023-08-20 11:54:11,439] {logging_mixin.py:104} INFO - [2023-08-20 11:54:11,438] {dagbag.py:451} INFO - Filling up the DagBag from /home/airflow/.local/lib/python3.6/site-packages/airflow/example_dags/example_kubernetes_executor.py
[2023-08-20 11:54:11,452] {scheduler_job.py:639} INFO - DAG(s) dict_keys(['example_kubernetes_executor']) retrieved from /home/airflow/.local/lib/python3.6/site-packages/airflow/example_dags/example_kubernetes_executor.py
[2023-08-20 11:54:11,477] {logging_mixin.py:104} INFO - [2023-08-20 11:54:11,477] {dag.py:1824} INFO - Sync 1 DAGs
[2023-08-20 11:54:11,504] {logging_mixin.py:104} INFO - [2023-08-20 11:54:11,504] {dag.py:2280} INFO - Setting next_dagrun for example_kubernetes_executor to None
[2023-08-20 11:54:11,517] {scheduler_job.py:190} INFO - Processing /home/airflow/.local/lib/python3.6/site-packages/airflow/example_dags/example_kubernetes_executor.py took 0.085 seconds
[2023-08-20 11:54:42,547] {scheduler_job.py:182} INFO - Started process (PID=779) to work on /home/airflow/.local/lib/python3.6/site-packages/airflow/example_dags/example_kubernetes_executor.py
[2023-08-20 11:54:42,549] {scheduler_job.py:629} INFO - Processing file /home/airflow/.local/lib/python3.6/site-packages/airflow/example_dags/example_kubernetes_executor.py for tasks to queue
[2023-08-20 11:54:42,551] {logging_mixin.py:104} INFO - [2023-08-20 11:54:42,551] {dagbag.py:451} INFO - Filling up the DagBag from /home/airflow/.local/lib/python3.6/site-packages/airflow/example_dags/example_kubernetes_executor.py
[2023-08-20 11:54:42,566] {scheduler_job.py:639} INFO - DAG(s) dict_keys(['example_kubernetes_executor']) retrieved from /home/airflow/.local/lib/python3.6/site-packages/airflow/example_dags/example_kubernetes_executor.py
[2023-08-20 11:54:42,602] {logging_mixin.py:104} INFO - [2023-08-20 11:54:42,602] {dag.py:1824} INFO - Sync 1 DAGs
[2023-08-20 11:54:42,620] {logging_mixin.py:104} INFO - [2023-08-20 11:54:42,620] {dag.py:2280} INFO - Setting next_dagrun for example_kubernetes_executor to None
[2023-08-20 11:54:42,635] {scheduler_job.py:190} INFO - Processing /home/airflow/.local/lib/python3.6/site-packages/airflow/example_dags/example_kubernetes_executor.py took 0.092 seconds
[2023-08-20 11:55:13,237] {scheduler_job.py:182} INFO - Started process (PID=805) to work on /home/airflow/.local/lib/python3.6/site-packages/airflow/example_dags/example_kubernetes_executor.py
[2023-08-20 11:55:13,239] {scheduler_job.py:629} INFO - Processing file /home/airflow/.local/lib/python3.6/site-packages/airflow/example_dags/example_kubernetes_executor.py for tasks to queue
[2023-08-20 11:55:13,240] {logging_mixin.py:104} INFO - [2023-08-20 11:55:13,240] {dagbag.py:451} INFO - Filling up the DagBag from /home/airflow/.local/lib/python3.6/site-packages/airflow/example_dags/example_kubernetes_executor.py
[2023-08-20 11:55:13,253] {scheduler_job.py:639} INFO - DAG(s) dict_keys(['example_kubernetes_executor']) retrieved from /home/airflow/.local/lib/python3.6/site-packages/airflow/example_dags/example_kubernetes_executor.py
[2023-08-20 11:55:13,277] {logging_mixin.py:104} INFO - [2023-08-20 11:55:13,277] {dag.py:1824} INFO - Sync 1 DAGs
[2023-08-20 11:55:13,292] {logging_mixin.py:104} INFO - [2023-08-20 11:55:13,292] {dag.py:2280} INFO - Setting next_dagrun for example_kubernetes_executor to None
[2023-08-20 11:55:13,307] {scheduler_job.py:190} INFO - Processing /home/airflow/.local/lib/python3.6/site-packages/airflow/example_dags/example_kubernetes_executor.py took 0.073 seconds
[2023-08-20 11:55:43,965] {scheduler_job.py:182} INFO - Started process (PID=831) to work on /home/airflow/.local/lib/python3.6/site-packages/airflow/example_dags/example_kubernetes_executor.py
[2023-08-20 11:55:43,967] {scheduler_job.py:629} INFO - Processing file /home/airflow/.local/lib/python3.6/site-packages/airflow/example_dags/example_kubernetes_executor.py for tasks to queue
[2023-08-20 11:55:43,969] {logging_mixin.py:104} INFO - [2023-08-20 11:55:43,969] {dagbag.py:451} INFO - Filling up the DagBag from /home/airflow/.local/lib/python3.6/site-packages/airflow/example_dags/example_kubernetes_executor.py
[2023-08-20 11:55:43,982] {scheduler_job.py:639} INFO - DAG(s) dict_keys(['example_kubernetes_executor']) retrieved from /home/airflow/.local/lib/python3.6/site-packages/airflow/example_dags/example_kubernetes_executor.py
[2023-08-20 11:55:44,006] {logging_mixin.py:104} INFO - [2023-08-20 11:55:44,006] {dag.py:1824} INFO - Sync 1 DAGs
[2023-08-20 11:55:44,026] {logging_mixin.py:104} INFO - [2023-08-20 11:55:44,026] {dag.py:2280} INFO - Setting next_dagrun for example_kubernetes_executor to None
[2023-08-20 11:55:44,044] {scheduler_job.py:190} INFO - Processing /home/airflow/.local/lib/python3.6/site-packages/airflow/example_dags/example_kubernetes_executor.py took 0.082 seconds
[2023-08-20 11:56:14,604] {scheduler_job.py:182} INFO - Started process (PID=857) to work on /home/airflow/.local/lib/python3.6/site-packages/airflow/example_dags/example_kubernetes_executor.py
[2023-08-20 11:56:14,607] {scheduler_job.py:629} INFO - Processing file /home/airflow/.local/lib/python3.6/site-packages/airflow/example_dags/example_kubernetes_executor.py for tasks to queue
[2023-08-20 11:56:14,609] {logging_mixin.py:104} INFO - [2023-08-20 11:56:14,608] {dagbag.py:451} INFO - Filling up the DagBag from /home/airflow/.local/lib/python3.6/site-packages/airflow/example_dags/example_kubernetes_executor.py
[2023-08-20 11:56:14,624] {scheduler_job.py:639} INFO - DAG(s) dict_keys(['example_kubernetes_executor']) retrieved from /home/airflow/.local/lib/python3.6/site-packages/airflow/example_dags/example_kubernetes_executor.py
[2023-08-20 11:56:14,649] {logging_mixin.py:104} INFO - [2023-08-20 11:56:14,648] {dag.py:1824} INFO - Sync 1 DAGs
[2023-08-20 11:56:14,665] {logging_mixin.py:104} INFO - [2023-08-20 11:56:14,665] {dag.py:2280} INFO - Setting next_dagrun for example_kubernetes_executor to None
[2023-08-20 11:56:14,680] {scheduler_job.py:190} INFO - Processing /home/airflow/.local/lib/python3.6/site-packages/airflow/example_dags/example_kubernetes_executor.py took 0.079 seconds
[2023-08-20 11:56:45,224] {scheduler_job.py:182} INFO - Started process (PID=884) to work on /home/airflow/.local/lib/python3.6/site-packages/airflow/example_dags/example_kubernetes_executor.py
[2023-08-20 11:56:45,226] {scheduler_job.py:629} INFO - Processing file /home/airflow/.local/lib/python3.6/site-packages/airflow/example_dags/example_kubernetes_executor.py for tasks to queue
[2023-08-20 11:56:45,228] {logging_mixin.py:104} INFO - [2023-08-20 11:56:45,227] {dagbag.py:451} INFO - Filling up the DagBag from /home/airflow/.local/lib/python3.6/site-packages/airflow/example_dags/example_kubernetes_executor.py
[2023-08-20 11:56:45,242] {scheduler_job.py:639} INFO - DAG(s) dict_keys(['example_kubernetes_executor']) retrieved from /home/airflow/.local/lib/python3.6/site-packages/airflow/example_dags/example_kubernetes_executor.py
[2023-08-20 11:56:45,266] {logging_mixin.py:104} INFO - [2023-08-20 11:56:45,266] {dag.py:1824} INFO - Sync 1 DAGs
[2023-08-20 11:56:45,283] {logging_mixin.py:104} INFO - [2023-08-20 11:56:45,282] {dag.py:2280} INFO - Setting next_dagrun for example_kubernetes_executor to None
[2023-08-20 11:56:45,295] {scheduler_job.py:190} INFO - Processing /home/airflow/.local/lib/python3.6/site-packages/airflow/example_dags/example_kubernetes_executor.py took 0.075 seconds
[2023-08-20 11:57:15,782] {scheduler_job.py:182} INFO - Started process (PID=909) to work on /home/airflow/.local/lib/python3.6/site-packages/airflow/example_dags/example_kubernetes_executor.py
[2023-08-20 11:57:15,784] {scheduler_job.py:629} INFO - Processing file /home/airflow/.local/lib/python3.6/site-packages/airflow/example_dags/example_kubernetes_executor.py for tasks to queue
[2023-08-20 11:57:15,785] {logging_mixin.py:104} INFO - [2023-08-20 11:57:15,785] {dagbag.py:451} INFO - Filling up the DagBag from /home/airflow/.local/lib/python3.6/site-packages/airflow/example_dags/example_kubernetes_executor.py
[2023-08-20 11:57:15,799] {scheduler_job.py:639} INFO - DAG(s) dict_keys(['example_kubernetes_executor']) retrieved from /home/airflow/.local/lib/python3.6/site-packages/airflow/example_dags/example_kubernetes_executor.py
[2023-08-20 11:57:15,823] {logging_mixin.py:104} INFO - [2023-08-20 11:57:15,823] {dag.py:1824} INFO - Sync 1 DAGs
[2023-08-20 11:57:15,842] {logging_mixin.py:104} INFO - [2023-08-20 11:57:15,841] {dag.py:2280} INFO - Setting next_dagrun for example_kubernetes_executor to None
[2023-08-20 11:57:15,856] {scheduler_job.py:190} INFO - Processing /home/airflow/.local/lib/python3.6/site-packages/airflow/example_dags/example_kubernetes_executor.py took 0.079 seconds
[2023-08-20 11:57:46,486] {scheduler_job.py:182} INFO - Started process (PID=935) to work on /home/airflow/.local/lib/python3.6/site-packages/airflow/example_dags/example_kubernetes_executor.py
[2023-08-20 11:57:46,488] {scheduler_job.py:629} INFO - Processing file /home/airflow/.local/lib/python3.6/site-packages/airflow/example_dags/example_kubernetes_executor.py for tasks to queue
[2023-08-20 11:57:46,490] {logging_mixin.py:104} INFO - [2023-08-20 11:57:46,489] {dagbag.py:451} INFO - Filling up the DagBag from /home/airflow/.local/lib/python3.6/site-packages/airflow/example_dags/example_kubernetes_executor.py
[2023-08-20 11:57:46,505] {scheduler_job.py:639} INFO - DAG(s) dict_keys(['example_kubernetes_executor']) retrieved from /home/airflow/.local/lib/python3.6/site-packages/airflow/example_dags/example_kubernetes_executor.py
[2023-08-20 11:57:46,529] {logging_mixin.py:104} INFO - [2023-08-20 11:57:46,529] {dag.py:1824} INFO - Sync 1 DAGs
[2023-08-20 11:57:46,549] {logging_mixin.py:104} INFO - [2023-08-20 11:57:46,549] {dag.py:2280} INFO - Setting next_dagrun for example_kubernetes_executor to None
[2023-08-20 11:57:46,563] {scheduler_job.py:190} INFO - Processing /home/airflow/.local/lib/python3.6/site-packages/airflow/example_dags/example_kubernetes_executor.py took 0.082 seconds
[2023-08-20 11:58:17,106] {scheduler_job.py:182} INFO - Started process (PID=963) to work on /home/airflow/.local/lib/python3.6/site-packages/airflow/example_dags/example_kubernetes_executor.py
[2023-08-20 11:58:17,108] {scheduler_job.py:629} INFO - Processing file /home/airflow/.local/lib/python3.6/site-packages/airflow/example_dags/example_kubernetes_executor.py for tasks to queue
[2023-08-20 11:58:17,109] {logging_mixin.py:104} INFO - [2023-08-20 11:58:17,109] {dagbag.py:451} INFO - Filling up the DagBag from /home/airflow/.local/lib/python3.6/site-packages/airflow/example_dags/example_kubernetes_executor.py
[2023-08-20 11:58:17,121] {scheduler_job.py:639} INFO - DAG(s) dict_keys(['example_kubernetes_executor']) retrieved from /home/airflow/.local/lib/python3.6/site-packages/airflow/example_dags/example_kubernetes_executor.py
[2023-08-20 11:58:17,145] {logging_mixin.py:104} INFO - [2023-08-20 11:58:17,145] {dag.py:1824} INFO - Sync 1 DAGs
[2023-08-20 11:58:17,165] {logging_mixin.py:104} INFO - [2023-08-20 11:58:17,165] {dag.py:2280} INFO - Setting next_dagrun for example_kubernetes_executor to None
[2023-08-20 11:58:17,179] {scheduler_job.py:190} INFO - Processing /home/airflow/.local/lib/python3.6/site-packages/airflow/example_dags/example_kubernetes_executor.py took 0.077 seconds
[2023-08-20 11:58:47,629] {scheduler_job.py:182} INFO - Started process (PID=989) to work on /home/airflow/.local/lib/python3.6/site-packages/airflow/example_dags/example_kubernetes_executor.py
[2023-08-20 11:58:47,631] {scheduler_job.py:629} INFO - Processing file /home/airflow/.local/lib/python3.6/site-packages/airflow/example_dags/example_kubernetes_executor.py for tasks to queue
[2023-08-20 11:58:47,632] {logging_mixin.py:104} INFO - [2023-08-20 11:58:47,632] {dagbag.py:451} INFO - Filling up the DagBag from /home/airflow/.local/lib/python3.6/site-packages/airflow/example_dags/example_kubernetes_executor.py
[2023-08-20 11:58:47,646] {scheduler_job.py:639} INFO - DAG(s) dict_keys(['example_kubernetes_executor']) retrieved from /home/airflow/.local/lib/python3.6/site-packages/airflow/example_dags/example_kubernetes_executor.py
[2023-08-20 11:58:47,669] {logging_mixin.py:104} INFO - [2023-08-20 11:58:47,669] {dag.py:1824} INFO - Sync 1 DAGs
[2023-08-20 11:58:47,688] {logging_mixin.py:104} INFO - [2023-08-20 11:58:47,688] {dag.py:2280} INFO - Setting next_dagrun for example_kubernetes_executor to None
[2023-08-20 11:58:47,701] {scheduler_job.py:190} INFO - Processing /home/airflow/.local/lib/python3.6/site-packages/airflow/example_dags/example_kubernetes_executor.py took 0.076 seconds
[2023-08-20 11:59:18,256] {scheduler_job.py:182} INFO - Started process (PID=1015) to work on /home/airflow/.local/lib/python3.6/site-packages/airflow/example_dags/example_kubernetes_executor.py
[2023-08-20 11:59:18,258] {scheduler_job.py:629} INFO - Processing file /home/airflow/.local/lib/python3.6/site-packages/airflow/example_dags/example_kubernetes_executor.py for tasks to queue
[2023-08-20 11:59:18,260] {logging_mixin.py:104} INFO - [2023-08-20 11:59:18,259] {dagbag.py:451} INFO - Filling up the DagBag from /home/airflow/.local/lib/python3.6/site-packages/airflow/example_dags/example_kubernetes_executor.py
[2023-08-20 11:59:18,275] {scheduler_job.py:639} INFO - DAG(s) dict_keys(['example_kubernetes_executor']) retrieved from /home/airflow/.local/lib/python3.6/site-packages/airflow/example_dags/example_kubernetes_executor.py
[2023-08-20 11:59:18,302] {logging_mixin.py:104} INFO - [2023-08-20 11:59:18,302] {dag.py:1824} INFO - Sync 1 DAGs
[2023-08-20 11:59:18,322] {logging_mixin.py:104} INFO - [2023-08-20 11:59:18,322] {dag.py:2280} INFO - Setting next_dagrun for example_kubernetes_executor to None
[2023-08-20 11:59:18,337] {scheduler_job.py:190} INFO - Processing /home/airflow/.local/lib/python3.6/site-packages/airflow/example_dags/example_kubernetes_executor.py took 0.085 seconds
[2023-08-20 11:59:49,013] {scheduler_job.py:182} INFO - Started process (PID=1042) to work on /home/airflow/.local/lib/python3.6/site-packages/airflow/example_dags/example_kubernetes_executor.py
[2023-08-20 11:59:49,016] {scheduler_job.py:629} INFO - Processing file /home/airflow/.local/lib/python3.6/site-packages/airflow/example_dags/example_kubernetes_executor.py for tasks to queue
[2023-08-20 11:59:49,018] {logging_mixin.py:104} INFO - [2023-08-20 11:59:49,018] {dagbag.py:451} INFO - Filling up the DagBag from /home/airflow/.local/lib/python3.6/site-packages/airflow/example_dags/example_kubernetes_executor.py
[2023-08-20 11:59:49,041] {scheduler_job.py:639} INFO - DAG(s) dict_keys(['example_kubernetes_executor']) retrieved from /home/airflow/.local/lib/python3.6/site-packages/airflow/example_dags/example_kubernetes_executor.py
[2023-08-20 11:59:49,069] {logging_mixin.py:104} INFO - [2023-08-20 11:59:49,069] {dag.py:1824} INFO - Sync 1 DAGs
[2023-08-20 11:59:49,091] {logging_mixin.py:104} INFO - [2023-08-20 11:59:49,091] {dag.py:2280} INFO - Setting next_dagrun for example_kubernetes_executor to None
[2023-08-20 11:59:49,108] {scheduler_job.py:190} INFO - Processing /home/airflow/.local/lib/python3.6/site-packages/airflow/example_dags/example_kubernetes_executor.py took 0.100 seconds
[2023-08-20 12:00:19,641] {scheduler_job.py:182} INFO - Started process (PID=1068) to work on /home/airflow/.local/lib/python3.6/site-packages/airflow/example_dags/example_kubernetes_executor.py
[2023-08-20 12:00:19,644] {scheduler_job.py:629} INFO - Processing file /home/airflow/.local/lib/python3.6/site-packages/airflow/example_dags/example_kubernetes_executor.py for tasks to queue
[2023-08-20 12:00:19,645] {logging_mixin.py:104} INFO - [2023-08-20 12:00:19,645] {dagbag.py:451} INFO - Filling up the DagBag from /home/airflow/.local/lib/python3.6/site-packages/airflow/example_dags/example_kubernetes_executor.py
[2023-08-20 12:00:19,664] {scheduler_job.py:639} INFO - DAG(s) dict_keys(['example_kubernetes_executor']) retrieved from /home/airflow/.local/lib/python3.6/site-packages/airflow/example_dags/example_kubernetes_executor.py
[2023-08-20 12:00:19,693] {logging_mixin.py:104} INFO - [2023-08-20 12:00:19,693] {dag.py:1824} INFO - Sync 1 DAGs
[2023-08-20 12:00:19,711] {logging_mixin.py:104} INFO - [2023-08-20 12:00:19,710] {dag.py:2280} INFO - Setting next_dagrun for example_kubernetes_executor to None
[2023-08-20 12:00:19,726] {scheduler_job.py:190} INFO - Processing /home/airflow/.local/lib/python3.6/site-packages/airflow/example_dags/example_kubernetes_executor.py took 0.089 seconds
[2023-08-20 12:00:50,359] {scheduler_job.py:182} INFO - Started process (PID=1094) to work on /home/airflow/.local/lib/python3.6/site-packages/airflow/example_dags/example_kubernetes_executor.py
[2023-08-20 12:00:50,361] {scheduler_job.py:629} INFO - Processing file /home/airflow/.local/lib/python3.6/site-packages/airflow/example_dags/example_kubernetes_executor.py for tasks to queue
[2023-08-20 12:00:50,362] {logging_mixin.py:104} INFO - [2023-08-20 12:00:50,362] {dagbag.py:451} INFO - Filling up the DagBag from /home/airflow/.local/lib/python3.6/site-packages/airflow/example_dags/example_kubernetes_executor.py
[2023-08-20 12:00:50,377] {scheduler_job.py:639} INFO - DAG(s) dict_keys(['example_kubernetes_executor']) retrieved from /home/airflow/.local/lib/python3.6/site-packages/airflow/example_dags/example_kubernetes_executor.py
[2023-08-20 12:00:50,403] {logging_mixin.py:104} INFO - [2023-08-20 12:00:50,403] {dag.py:1824} INFO - Sync 1 DAGs
[2023-08-20 12:00:50,421] {logging_mixin.py:104} INFO - [2023-08-20 12:00:50,421] {dag.py:2280} INFO - Setting next_dagrun for example_kubernetes_executor to None
[2023-08-20 12:00:50,435] {scheduler_job.py:190} INFO - Processing /home/airflow/.local/lib/python3.6/site-packages/airflow/example_dags/example_kubernetes_executor.py took 0.079 seconds
[2023-08-20 12:01:20,890] {scheduler_job.py:182} INFO - Started process (PID=1119) to work on /home/airflow/.local/lib/python3.6/site-packages/airflow/example_dags/example_kubernetes_executor.py
[2023-08-20 12:01:20,892] {scheduler_job.py:629} INFO - Processing file /home/airflow/.local/lib/python3.6/site-packages/airflow/example_dags/example_kubernetes_executor.py for tasks to queue
[2023-08-20 12:01:20,893] {logging_mixin.py:104} INFO - [2023-08-20 12:01:20,893] {dagbag.py:451} INFO - Filling up the DagBag from /home/airflow/.local/lib/python3.6/site-packages/airflow/example_dags/example_kubernetes_executor.py
[2023-08-20 12:01:20,907] {scheduler_job.py:639} INFO - DAG(s) dict_keys(['example_kubernetes_executor']) retrieved from /home/airflow/.local/lib/python3.6/site-packages/airflow/example_dags/example_kubernetes_executor.py
[2023-08-20 12:01:20,929] {logging_mixin.py:104} INFO - [2023-08-20 12:01:20,928] {dag.py:1824} INFO - Sync 1 DAGs
[2023-08-20 12:01:20,951] {logging_mixin.py:104} INFO - [2023-08-20 12:01:20,950] {dag.py:2280} INFO - Setting next_dagrun for example_kubernetes_executor to None
[2023-08-20 12:01:20,966] {scheduler_job.py:190} INFO - Processing /home/airflow/.local/lib/python3.6/site-packages/airflow/example_dags/example_kubernetes_executor.py took 0.080 seconds
[2023-08-20T17:37:36.840+0000] {processor.py:157} INFO - Started process (PID=47) to work on /home/airflow/.local/lib/python3.8/site-packages/airflow/example_dags/example_kubernetes_executor.py
[2023-08-20T17:37:36.842+0000] {processor.py:829} INFO - Processing file /home/airflow/.local/lib/python3.8/site-packages/airflow/example_dags/example_kubernetes_executor.py for tasks to queue
[2023-08-20T17:37:36.845+0000] {logging_mixin.py:151} INFO - [2023-08-20T17:37:36.845+0000] {dagbag.py:539} INFO - Filling up the DagBag from /home/airflow/.local/lib/python3.8/site-packages/airflow/example_dags/example_kubernetes_executor.py
[2023-08-20T17:37:38.858+0000] {processor.py:839} INFO - DAG(s) dict_keys(['example_kubernetes_executor']) retrieved from /home/airflow/.local/lib/python3.8/site-packages/airflow/example_dags/example_kubernetes_executor.py
[2023-08-20T17:37:38.874+0000] {logging_mixin.py:151} INFO - [2023-08-20T17:37:38.873+0000] {dag.py:2907} INFO - Sync 1 DAGs
[2023-08-20T17:37:38.889+0000] {logging_mixin.py:151} INFO - [2023-08-20T17:37:38.889+0000] {dag.py:3677} INFO - Setting next_dagrun for example_kubernetes_executor to None, run_after=None
[2023-08-20T17:37:38.915+0000] {processor.py:179} INFO - Processing /home/airflow/.local/lib/python3.8/site-packages/airflow/example_dags/example_kubernetes_executor.py took 2.079 seconds
[2023-08-20T17:38:09.089+0000] {processor.py:157} INFO - Started process (PID=106) to work on /home/airflow/.local/lib/python3.8/site-packages/airflow/example_dags/example_kubernetes_executor.py
[2023-08-20T17:38:09.091+0000] {processor.py:829} INFO - Processing file /home/airflow/.local/lib/python3.8/site-packages/airflow/example_dags/example_kubernetes_executor.py for tasks to queue
[2023-08-20T17:38:09.095+0000] {logging_mixin.py:151} INFO - [2023-08-20T17:38:09.094+0000] {dagbag.py:539} INFO - Filling up the DagBag from /home/airflow/.local/lib/python3.8/site-packages/airflow/example_dags/example_kubernetes_executor.py
[2023-08-20T17:38:09.442+0000] {processor.py:839} INFO - DAG(s) dict_keys(['example_kubernetes_executor']) retrieved from /home/airflow/.local/lib/python3.8/site-packages/airflow/example_dags/example_kubernetes_executor.py
[2023-08-20T17:38:09.501+0000] {logging_mixin.py:151} INFO - [2023-08-20T17:38:09.500+0000] {dag.py:2907} INFO - Sync 1 DAGs
[2023-08-20T17:38:09.533+0000] {logging_mixin.py:151} INFO - [2023-08-20T17:38:09.533+0000] {dag.py:3677} INFO - Setting next_dagrun for example_kubernetes_executor to None, run_after=None
[2023-08-20T17:38:09.567+0000] {processor.py:179} INFO - Processing /home/airflow/.local/lib/python3.8/site-packages/airflow/example_dags/example_kubernetes_executor.py took 0.482 seconds
[2023-08-20T17:38:39.776+0000] {processor.py:157} INFO - Started process (PID=159) to work on /home/airflow/.local/lib/python3.8/site-packages/airflow/example_dags/example_kubernetes_executor.py
[2023-08-20T17:38:39.778+0000] {processor.py:829} INFO - Processing file /home/airflow/.local/lib/python3.8/site-packages/airflow/example_dags/example_kubernetes_executor.py for tasks to queue
[2023-08-20T17:38:39.782+0000] {logging_mixin.py:151} INFO - [2023-08-20T17:38:39.781+0000] {dagbag.py:539} INFO - Filling up the DagBag from /home/airflow/.local/lib/python3.8/site-packages/airflow/example_dags/example_kubernetes_executor.py
[2023-08-20T17:38:40.124+0000] {processor.py:839} INFO - DAG(s) dict_keys(['example_kubernetes_executor']) retrieved from /home/airflow/.local/lib/python3.8/site-packages/airflow/example_dags/example_kubernetes_executor.py
[2023-08-20T17:38:40.170+0000] {logging_mixin.py:151} INFO - [2023-08-20T17:38:40.170+0000] {dag.py:2907} INFO - Sync 1 DAGs
[2023-08-20T17:38:40.188+0000] {logging_mixin.py:151} INFO - [2023-08-20T17:38:40.188+0000] {dag.py:3677} INFO - Setting next_dagrun for example_kubernetes_executor to None, run_after=None
[2023-08-20T17:38:40.215+0000] {processor.py:179} INFO - Processing /home/airflow/.local/lib/python3.8/site-packages/airflow/example_dags/example_kubernetes_executor.py took 0.446 seconds
[2023-08-20T17:39:10.421+0000] {processor.py:157} INFO - Started process (PID=214) to work on /home/airflow/.local/lib/python3.8/site-packages/airflow/example_dags/example_kubernetes_executor.py
[2023-08-20T17:39:10.423+0000] {processor.py:829} INFO - Processing file /home/airflow/.local/lib/python3.8/site-packages/airflow/example_dags/example_kubernetes_executor.py for tasks to queue
[2023-08-20T17:39:10.427+0000] {logging_mixin.py:151} INFO - [2023-08-20T17:39:10.426+0000] {dagbag.py:539} INFO - Filling up the DagBag from /home/airflow/.local/lib/python3.8/site-packages/airflow/example_dags/example_kubernetes_executor.py
[2023-08-20T17:39:10.760+0000] {processor.py:839} INFO - DAG(s) dict_keys(['example_kubernetes_executor']) retrieved from /home/airflow/.local/lib/python3.8/site-packages/airflow/example_dags/example_kubernetes_executor.py
[2023-08-20T17:39:10.815+0000] {logging_mixin.py:151} INFO - [2023-08-20T17:39:10.814+0000] {dag.py:2907} INFO - Sync 1 DAGs
[2023-08-20T17:39:10.844+0000] {logging_mixin.py:151} INFO - [2023-08-20T17:39:10.844+0000] {dag.py:3677} INFO - Setting next_dagrun for example_kubernetes_executor to None, run_after=None
[2023-08-20T17:39:10.875+0000] {processor.py:179} INFO - Processing /home/airflow/.local/lib/python3.8/site-packages/airflow/example_dags/example_kubernetes_executor.py took 0.459 seconds
[2023-08-20T17:39:40.960+0000] {processor.py:157} INFO - Started process (PID=269) to work on /home/airflow/.local/lib/python3.8/site-packages/airflow/example_dags/example_kubernetes_executor.py
[2023-08-20T17:39:40.962+0000] {processor.py:829} INFO - Processing file /home/airflow/.local/lib/python3.8/site-packages/airflow/example_dags/example_kubernetes_executor.py for tasks to queue
[2023-08-20T17:39:40.965+0000] {logging_mixin.py:151} INFO - [2023-08-20T17:39:40.964+0000] {dagbag.py:539} INFO - Filling up the DagBag from /home/airflow/.local/lib/python3.8/site-packages/airflow/example_dags/example_kubernetes_executor.py
[2023-08-20T17:39:41.271+0000] {processor.py:839} INFO - DAG(s) dict_keys(['example_kubernetes_executor']) retrieved from /home/airflow/.local/lib/python3.8/site-packages/airflow/example_dags/example_kubernetes_executor.py
[2023-08-20T17:39:41.285+0000] {logging_mixin.py:151} INFO - [2023-08-20T17:39:41.284+0000] {dag.py:2907} INFO - Sync 1 DAGs
[2023-08-20T17:39:41.302+0000] {logging_mixin.py:151} INFO - [2023-08-20T17:39:41.301+0000] {dag.py:3677} INFO - Setting next_dagrun for example_kubernetes_executor to None, run_after=None
[2023-08-20T17:39:41.349+0000] {processor.py:179} INFO - Processing /home/airflow/.local/lib/python3.8/site-packages/airflow/example_dags/example_kubernetes_executor.py took 0.393 seconds
[2023-08-20T17:40:11.428+0000] {processor.py:157} INFO - Started process (PID=323) to work on /home/airflow/.local/lib/python3.8/site-packages/airflow/example_dags/example_kubernetes_executor.py
[2023-08-20T17:40:11.430+0000] {processor.py:829} INFO - Processing file /home/airflow/.local/lib/python3.8/site-packages/airflow/example_dags/example_kubernetes_executor.py for tasks to queue
[2023-08-20T17:40:11.434+0000] {logging_mixin.py:151} INFO - [2023-08-20T17:40:11.433+0000] {dagbag.py:539} INFO - Filling up the DagBag from /home/airflow/.local/lib/python3.8/site-packages/airflow/example_dags/example_kubernetes_executor.py
[2023-08-20T17:40:11.763+0000] {processor.py:839} INFO - DAG(s) dict_keys(['example_kubernetes_executor']) retrieved from /home/airflow/.local/lib/python3.8/site-packages/airflow/example_dags/example_kubernetes_executor.py
[2023-08-20T17:40:11.819+0000] {logging_mixin.py:151} INFO - [2023-08-20T17:40:11.818+0000] {dag.py:2907} INFO - Sync 1 DAGs
[2023-08-20T17:40:11.868+0000] {logging_mixin.py:151} INFO - [2023-08-20T17:40:11.868+0000] {dag.py:3677} INFO - Setting next_dagrun for example_kubernetes_executor to None, run_after=None
[2023-08-20T17:40:11.935+0000] {processor.py:179} INFO - Processing /home/airflow/.local/lib/python3.8/site-packages/airflow/example_dags/example_kubernetes_executor.py took 0.511 seconds
[2023-08-20T17:40:42.499+0000] {processor.py:157} INFO - Started process (PID=377) to work on /home/airflow/.local/lib/python3.8/site-packages/airflow/example_dags/example_kubernetes_executor.py
[2023-08-20T17:40:42.501+0000] {processor.py:829} INFO - Processing file /home/airflow/.local/lib/python3.8/site-packages/airflow/example_dags/example_kubernetes_executor.py for tasks to queue
[2023-08-20T17:40:42.505+0000] {logging_mixin.py:151} INFO - [2023-08-20T17:40:42.505+0000] {dagbag.py:539} INFO - Filling up the DagBag from /home/airflow/.local/lib/python3.8/site-packages/airflow/example_dags/example_kubernetes_executor.py
[2023-08-20T17:40:42.881+0000] {processor.py:839} INFO - DAG(s) dict_keys(['example_kubernetes_executor']) retrieved from /home/airflow/.local/lib/python3.8/site-packages/airflow/example_dags/example_kubernetes_executor.py
[2023-08-20T17:40:42.937+0000] {logging_mixin.py:151} INFO - [2023-08-20T17:40:42.936+0000] {dag.py:2907} INFO - Sync 1 DAGs
[2023-08-20T17:40:42.953+0000] {logging_mixin.py:151} INFO - [2023-08-20T17:40:42.953+0000] {dag.py:3677} INFO - Setting next_dagrun for example_kubernetes_executor to None, run_after=None
[2023-08-20T17:40:42.985+0000] {processor.py:179} INFO - Processing /home/airflow/.local/lib/python3.8/site-packages/airflow/example_dags/example_kubernetes_executor.py took 0.491 seconds
[2023-08-20T17:41:13.103+0000] {processor.py:157} INFO - Started process (PID=432) to work on /home/airflow/.local/lib/python3.8/site-packages/airflow/example_dags/example_kubernetes_executor.py
[2023-08-20T17:41:13.105+0000] {processor.py:829} INFO - Processing file /home/airflow/.local/lib/python3.8/site-packages/airflow/example_dags/example_kubernetes_executor.py for tasks to queue
[2023-08-20T17:41:13.109+0000] {logging_mixin.py:151} INFO - [2023-08-20T17:41:13.109+0000] {dagbag.py:539} INFO - Filling up the DagBag from /home/airflow/.local/lib/python3.8/site-packages/airflow/example_dags/example_kubernetes_executor.py
[2023-08-20T17:41:13.476+0000] {processor.py:839} INFO - DAG(s) dict_keys(['example_kubernetes_executor']) retrieved from /home/airflow/.local/lib/python3.8/site-packages/airflow/example_dags/example_kubernetes_executor.py
[2023-08-20T17:41:13.524+0000] {logging_mixin.py:151} INFO - [2023-08-20T17:41:13.523+0000] {dag.py:2907} INFO - Sync 1 DAGs
[2023-08-20T17:41:13.540+0000] {logging_mixin.py:151} INFO - [2023-08-20T17:41:13.540+0000] {dag.py:3677} INFO - Setting next_dagrun for example_kubernetes_executor to None, run_after=None
[2023-08-20T17:41:13.568+0000] {processor.py:179} INFO - Processing /home/airflow/.local/lib/python3.8/site-packages/airflow/example_dags/example_kubernetes_executor.py took 0.469 seconds
[2023-08-20T17:41:43.698+0000] {processor.py:157} INFO - Started process (PID=489) to work on /home/airflow/.local/lib/python3.8/site-packages/airflow/example_dags/example_kubernetes_executor.py
[2023-08-20T17:41:43.701+0000] {processor.py:829} INFO - Processing file /home/airflow/.local/lib/python3.8/site-packages/airflow/example_dags/example_kubernetes_executor.py for tasks to queue
[2023-08-20T17:41:43.705+0000] {logging_mixin.py:151} INFO - [2023-08-20T17:41:43.704+0000] {dagbag.py:539} INFO - Filling up the DagBag from /home/airflow/.local/lib/python3.8/site-packages/airflow/example_dags/example_kubernetes_executor.py
[2023-08-20T17:41:44.086+0000] {processor.py:839} INFO - DAG(s) dict_keys(['example_kubernetes_executor']) retrieved from /home/airflow/.local/lib/python3.8/site-packages/airflow/example_dags/example_kubernetes_executor.py
[2023-08-20T17:41:44.128+0000] {logging_mixin.py:151} INFO - [2023-08-20T17:41:44.128+0000] {dag.py:2907} INFO - Sync 1 DAGs
[2023-08-20T17:41:44.142+0000] {logging_mixin.py:151} INFO - [2023-08-20T17:41:44.142+0000] {dag.py:3677} INFO - Setting next_dagrun for example_kubernetes_executor to None, run_after=None
[2023-08-20T17:41:44.166+0000] {processor.py:179} INFO - Processing /home/airflow/.local/lib/python3.8/site-packages/airflow/example_dags/example_kubernetes_executor.py took 0.472 seconds
[2023-08-20T17:42:15.039+0000] {processor.py:157} INFO - Started process (PID=543) to work on /home/airflow/.local/lib/python3.8/site-packages/airflow/example_dags/example_kubernetes_executor.py
[2023-08-20T17:42:15.042+0000] {processor.py:829} INFO - Processing file /home/airflow/.local/lib/python3.8/site-packages/airflow/example_dags/example_kubernetes_executor.py for tasks to queue
[2023-08-20T17:42:15.045+0000] {logging_mixin.py:151} INFO - [2023-08-20T17:42:15.045+0000] {dagbag.py:539} INFO - Filling up the DagBag from /home/airflow/.local/lib/python3.8/site-packages/airflow/example_dags/example_kubernetes_executor.py
[2023-08-20T17:42:15.415+0000] {processor.py:839} INFO - DAG(s) dict_keys(['example_kubernetes_executor']) retrieved from /home/airflow/.local/lib/python3.8/site-packages/airflow/example_dags/example_kubernetes_executor.py
[2023-08-20T17:42:15.477+0000] {logging_mixin.py:151} INFO - [2023-08-20T17:42:15.476+0000] {dag.py:2907} INFO - Sync 1 DAGs
[2023-08-20T17:42:15.499+0000] {logging_mixin.py:151} INFO - [2023-08-20T17:42:15.498+0000] {dag.py:3677} INFO - Setting next_dagrun for example_kubernetes_executor to None, run_after=None
[2023-08-20T17:42:15.529+0000] {processor.py:179} INFO - Processing /home/airflow/.local/lib/python3.8/site-packages/airflow/example_dags/example_kubernetes_executor.py took 0.494 seconds
[2023-08-20T17:42:45.640+0000] {processor.py:157} INFO - Started process (PID=599) to work on /home/airflow/.local/lib/python3.8/site-packages/airflow/example_dags/example_kubernetes_executor.py
[2023-08-20T17:42:45.642+0000] {processor.py:829} INFO - Processing file /home/airflow/.local/lib/python3.8/site-packages/airflow/example_dags/example_kubernetes_executor.py for tasks to queue
[2023-08-20T17:42:45.645+0000] {logging_mixin.py:151} INFO - [2023-08-20T17:42:45.645+0000] {dagbag.py:539} INFO - Filling up the DagBag from /home/airflow/.local/lib/python3.8/site-packages/airflow/example_dags/example_kubernetes_executor.py
[2023-08-20T17:42:45.982+0000] {processor.py:839} INFO - DAG(s) dict_keys(['example_kubernetes_executor']) retrieved from /home/airflow/.local/lib/python3.8/site-packages/airflow/example_dags/example_kubernetes_executor.py
[2023-08-20T17:42:46.033+0000] {logging_mixin.py:151} INFO - [2023-08-20T17:42:46.032+0000] {dag.py:2907} INFO - Sync 1 DAGs
[2023-08-20T17:42:46.047+0000] {logging_mixin.py:151} INFO - [2023-08-20T17:42:46.047+0000] {dag.py:3677} INFO - Setting next_dagrun for example_kubernetes_executor to None, run_after=None
[2023-08-20T17:42:46.074+0000] {processor.py:179} INFO - Processing /home/airflow/.local/lib/python3.8/site-packages/airflow/example_dags/example_kubernetes_executor.py took 0.438 seconds
[2023-08-20T17:43:16.387+0000] {processor.py:157} INFO - Started process (PID=655) to work on /home/airflow/.local/lib/python3.8/site-packages/airflow/example_dags/example_kubernetes_executor.py
[2023-08-20T17:43:16.389+0000] {processor.py:829} INFO - Processing file /home/airflow/.local/lib/python3.8/site-packages/airflow/example_dags/example_kubernetes_executor.py for tasks to queue
[2023-08-20T17:43:16.393+0000] {logging_mixin.py:151} INFO - [2023-08-20T17:43:16.392+0000] {dagbag.py:539} INFO - Filling up the DagBag from /home/airflow/.local/lib/python3.8/site-packages/airflow/example_dags/example_kubernetes_executor.py
[2023-08-20T17:43:16.731+0000] {processor.py:839} INFO - DAG(s) dict_keys(['example_kubernetes_executor']) retrieved from /home/airflow/.local/lib/python3.8/site-packages/airflow/example_dags/example_kubernetes_executor.py
[2023-08-20T17:43:16.782+0000] {logging_mixin.py:151} INFO - [2023-08-20T17:43:16.781+0000] {dag.py:2907} INFO - Sync 1 DAGs
[2023-08-20T17:43:16.803+0000] {logging_mixin.py:151} INFO - [2023-08-20T17:43:16.803+0000] {dag.py:3677} INFO - Setting next_dagrun for example_kubernetes_executor to None, run_after=None
[2023-08-20T17:43:16.831+0000] {processor.py:179} INFO - Processing /home/airflow/.local/lib/python3.8/site-packages/airflow/example_dags/example_kubernetes_executor.py took 0.449 seconds
[2023-08-20T17:43:47.324+0000] {processor.py:157} INFO - Started process (PID=712) to work on /home/airflow/.local/lib/python3.8/site-packages/airflow/example_dags/example_kubernetes_executor.py
[2023-08-20T17:43:47.326+0000] {processor.py:829} INFO - Processing file /home/airflow/.local/lib/python3.8/site-packages/airflow/example_dags/example_kubernetes_executor.py for tasks to queue
[2023-08-20T17:43:47.329+0000] {logging_mixin.py:151} INFO - [2023-08-20T17:43:47.328+0000] {dagbag.py:539} INFO - Filling up the DagBag from /home/airflow/.local/lib/python3.8/site-packages/airflow/example_dags/example_kubernetes_executor.py
[2023-08-20T17:43:47.668+0000] {processor.py:839} INFO - DAG(s) dict_keys(['example_kubernetes_executor']) retrieved from /home/airflow/.local/lib/python3.8/site-packages/airflow/example_dags/example_kubernetes_executor.py
[2023-08-20T17:43:47.725+0000] {logging_mixin.py:151} INFO - [2023-08-20T17:43:47.724+0000] {dag.py:2907} INFO - Sync 1 DAGs
[2023-08-20T17:43:47.743+0000] {logging_mixin.py:151} INFO - [2023-08-20T17:43:47.743+0000] {dag.py:3677} INFO - Setting next_dagrun for example_kubernetes_executor to None, run_after=None
[2023-08-20T17:43:47.773+0000] {processor.py:179} INFO - Processing /home/airflow/.local/lib/python3.8/site-packages/airflow/example_dags/example_kubernetes_executor.py took 0.453 seconds
[2023-08-20T17:44:17.830+0000] {processor.py:157} INFO - Started process (PID=768) to work on /home/airflow/.local/lib/python3.8/site-packages/airflow/example_dags/example_kubernetes_executor.py
[2023-08-20T17:44:17.832+0000] {processor.py:829} INFO - Processing file /home/airflow/.local/lib/python3.8/site-packages/airflow/example_dags/example_kubernetes_executor.py for tasks to queue
[2023-08-20T17:44:17.835+0000] {logging_mixin.py:151} INFO - [2023-08-20T17:44:17.835+0000] {dagbag.py:539} INFO - Filling up the DagBag from /home/airflow/.local/lib/python3.8/site-packages/airflow/example_dags/example_kubernetes_executor.py
[2023-08-20T17:44:18.197+0000] {processor.py:839} INFO - DAG(s) dict_keys(['example_kubernetes_executor']) retrieved from /home/airflow/.local/lib/python3.8/site-packages/airflow/example_dags/example_kubernetes_executor.py
[2023-08-20T17:44:18.257+0000] {logging_mixin.py:151} INFO - [2023-08-20T17:44:18.256+0000] {dag.py:2907} INFO - Sync 1 DAGs
[2023-08-20T17:44:18.275+0000] {logging_mixin.py:151} INFO - [2023-08-20T17:44:18.274+0000] {dag.py:3677} INFO - Setting next_dagrun for example_kubernetes_executor to None, run_after=None
[2023-08-20T17:44:18.302+0000] {processor.py:179} INFO - Processing /home/airflow/.local/lib/python3.8/site-packages/airflow/example_dags/example_kubernetes_executor.py took 0.476 seconds
[2023-08-20T17:44:48.374+0000] {processor.py:157} INFO - Started process (PID=821) to work on /home/airflow/.local/lib/python3.8/site-packages/airflow/example_dags/example_kubernetes_executor.py
[2023-08-20T17:44:48.376+0000] {processor.py:829} INFO - Processing file /home/airflow/.local/lib/python3.8/site-packages/airflow/example_dags/example_kubernetes_executor.py for tasks to queue
[2023-08-20T17:44:48.379+0000] {logging_mixin.py:151} INFO - [2023-08-20T17:44:48.379+0000] {dagbag.py:539} INFO - Filling up the DagBag from /home/airflow/.local/lib/python3.8/site-packages/airflow/example_dags/example_kubernetes_executor.py
[2023-08-20T17:44:48.710+0000] {processor.py:839} INFO - DAG(s) dict_keys(['example_kubernetes_executor']) retrieved from /home/airflow/.local/lib/python3.8/site-packages/airflow/example_dags/example_kubernetes_executor.py
[2023-08-20T17:44:48.767+0000] {logging_mixin.py:151} INFO - [2023-08-20T17:44:48.766+0000] {dag.py:2907} INFO - Sync 1 DAGs
[2023-08-20T17:44:48.787+0000] {logging_mixin.py:151} INFO - [2023-08-20T17:44:48.786+0000] {dag.py:3677} INFO - Setting next_dagrun for example_kubernetes_executor to None, run_after=None
[2023-08-20T17:44:48.818+0000] {processor.py:179} INFO - Processing /home/airflow/.local/lib/python3.8/site-packages/airflow/example_dags/example_kubernetes_executor.py took 0.449 seconds
[2023-08-20T17:45:19.172+0000] {processor.py:157} INFO - Started process (PID=877) to work on /home/airflow/.local/lib/python3.8/site-packages/airflow/example_dags/example_kubernetes_executor.py
[2023-08-20T17:45:19.175+0000] {processor.py:829} INFO - Processing file /home/airflow/.local/lib/python3.8/site-packages/airflow/example_dags/example_kubernetes_executor.py for tasks to queue
[2023-08-20T17:45:19.179+0000] {logging_mixin.py:151} INFO - [2023-08-20T17:45:19.179+0000] {dagbag.py:539} INFO - Filling up the DagBag from /home/airflow/.local/lib/python3.8/site-packages/airflow/example_dags/example_kubernetes_executor.py
[2023-08-20T17:45:19.522+0000] {processor.py:839} INFO - DAG(s) dict_keys(['example_kubernetes_executor']) retrieved from /home/airflow/.local/lib/python3.8/site-packages/airflow/example_dags/example_kubernetes_executor.py
[2023-08-20T17:45:19.573+0000] {logging_mixin.py:151} INFO - [2023-08-20T17:45:19.572+0000] {dag.py:2907} INFO - Sync 1 DAGs
[2023-08-20T17:45:19.594+0000] {logging_mixin.py:151} INFO - [2023-08-20T17:45:19.593+0000] {dag.py:3677} INFO - Setting next_dagrun for example_kubernetes_executor to None, run_after=None
[2023-08-20T17:45:19.623+0000] {processor.py:179} INFO - Processing /home/airflow/.local/lib/python3.8/site-packages/airflow/example_dags/example_kubernetes_executor.py took 0.457 seconds
[2023-08-20T17:45:49.709+0000] {processor.py:157} INFO - Started process (PID=933) to work on /home/airflow/.local/lib/python3.8/site-packages/airflow/example_dags/example_kubernetes_executor.py
[2023-08-20T17:45:49.711+0000] {processor.py:829} INFO - Processing file /home/airflow/.local/lib/python3.8/site-packages/airflow/example_dags/example_kubernetes_executor.py for tasks to queue
[2023-08-20T17:45:49.714+0000] {logging_mixin.py:151} INFO - [2023-08-20T17:45:49.714+0000] {dagbag.py:539} INFO - Filling up the DagBag from /home/airflow/.local/lib/python3.8/site-packages/airflow/example_dags/example_kubernetes_executor.py
[2023-08-20T17:45:50.038+0000] {processor.py:839} INFO - DAG(s) dict_keys(['example_kubernetes_executor']) retrieved from /home/airflow/.local/lib/python3.8/site-packages/airflow/example_dags/example_kubernetes_executor.py
[2023-08-20T17:45:50.085+0000] {logging_mixin.py:151} INFO - [2023-08-20T17:45:50.085+0000] {dag.py:2907} INFO - Sync 1 DAGs
[2023-08-20T17:45:50.106+0000] {logging_mixin.py:151} INFO - [2023-08-20T17:45:50.105+0000] {dag.py:3677} INFO - Setting next_dagrun for example_kubernetes_executor to None, run_after=None
[2023-08-20T17:45:50.138+0000] {processor.py:179} INFO - Processing /home/airflow/.local/lib/python3.8/site-packages/airflow/example_dags/example_kubernetes_executor.py took 0.434 seconds
[2023-08-20T17:46:20.397+0000] {processor.py:157} INFO - Started process (PID=987) to work on /home/airflow/.local/lib/python3.8/site-packages/airflow/example_dags/example_kubernetes_executor.py
[2023-08-20T17:46:20.398+0000] {processor.py:829} INFO - Processing file /home/airflow/.local/lib/python3.8/site-packages/airflow/example_dags/example_kubernetes_executor.py for tasks to queue
[2023-08-20T17:46:20.402+0000] {logging_mixin.py:151} INFO - [2023-08-20T17:46:20.401+0000] {dagbag.py:539} INFO - Filling up the DagBag from /home/airflow/.local/lib/python3.8/site-packages/airflow/example_dags/example_kubernetes_executor.py
[2023-08-20T17:46:20.744+0000] {processor.py:839} INFO - DAG(s) dict_keys(['example_kubernetes_executor']) retrieved from /home/airflow/.local/lib/python3.8/site-packages/airflow/example_dags/example_kubernetes_executor.py
[2023-08-20T17:46:20.820+0000] {logging_mixin.py:151} INFO - [2023-08-20T17:46:20.819+0000] {dag.py:2907} INFO - Sync 1 DAGs
[2023-08-20T17:46:20.839+0000] {logging_mixin.py:151} INFO - [2023-08-20T17:46:20.839+0000] {dag.py:3677} INFO - Setting next_dagrun for example_kubernetes_executor to None, run_after=None
[2023-08-20T17:46:20.867+0000] {processor.py:179} INFO - Processing /home/airflow/.local/lib/python3.8/site-packages/airflow/example_dags/example_kubernetes_executor.py took 0.475 seconds
[2023-08-20T17:46:51.365+0000] {processor.py:157} INFO - Started process (PID=1043) to work on /home/airflow/.local/lib/python3.8/site-packages/airflow/example_dags/example_kubernetes_executor.py
[2023-08-20T17:46:51.367+0000] {processor.py:829} INFO - Processing file /home/airflow/.local/lib/python3.8/site-packages/airflow/example_dags/example_kubernetes_executor.py for tasks to queue
[2023-08-20T17:46:51.370+0000] {logging_mixin.py:151} INFO - [2023-08-20T17:46:51.370+0000] {dagbag.py:539} INFO - Filling up the DagBag from /home/airflow/.local/lib/python3.8/site-packages/airflow/example_dags/example_kubernetes_executor.py
[2023-08-20T17:46:51.763+0000] {processor.py:839} INFO - DAG(s) dict_keys(['example_kubernetes_executor']) retrieved from /home/airflow/.local/lib/python3.8/site-packages/airflow/example_dags/example_kubernetes_executor.py
[2023-08-20T17:46:51.818+0000] {logging_mixin.py:151} INFO - [2023-08-20T17:46:51.817+0000] {dag.py:2907} INFO - Sync 1 DAGs
[2023-08-20T17:46:51.838+0000] {logging_mixin.py:151} INFO - [2023-08-20T17:46:51.838+0000] {dag.py:3677} INFO - Setting next_dagrun for example_kubernetes_executor to None, run_after=None
[2023-08-20T17:46:51.869+0000] {processor.py:179} INFO - Processing /home/airflow/.local/lib/python3.8/site-packages/airflow/example_dags/example_kubernetes_executor.py took 0.507 seconds
