[2023-08-20T17:37:39.581+0000] {processor.py:157} INFO - Started process (PID=59) to work on /home/airflow/.local/lib/python3.8/site-packages/airflow/example_dags/example_setup_teardown_taskflow.py
[2023-08-20T17:37:39.583+0000] {processor.py:829} INFO - Processing file /home/airflow/.local/lib/python3.8/site-packages/airflow/example_dags/example_setup_teardown_taskflow.py for tasks to queue
[2023-08-20T17:37:39.587+0000] {logging_mixin.py:151} INFO - [2023-08-20T17:37:39.586+0000] {dagbag.py:539} INFO - Filling up the DagBag from /home/airflow/.local/lib/python3.8/site-packages/airflow/example_dags/example_setup_teardown_taskflow.py
[2023-08-20T17:37:39.616+0000] {processor.py:839} INFO - DAG(s) dict_keys(['example_setup_teardown_taskflow']) retrieved from /home/airflow/.local/lib/python3.8/site-packages/airflow/example_dags/example_setup_teardown_taskflow.py
[2023-08-20T17:37:39.637+0000] {logging_mixin.py:151} INFO - [2023-08-20T17:37:39.636+0000] {dag.py:2907} INFO - Sync 1 DAGs
[2023-08-20T17:37:39.699+0000] {logging_mixin.py:151} INFO - [2023-08-20T17:37:39.698+0000] {dag.py:3677} INFO - Setting next_dagrun for example_setup_teardown_taskflow to 2023-08-19T17:37:39.698436+00:00, run_after=2023-08-20T17:37:39.698436+00:00
[2023-08-20T17:37:39.724+0000] {processor.py:179} INFO - Processing /home/airflow/.local/lib/python3.8/site-packages/airflow/example_dags/example_setup_teardown_taskflow.py took 0.148 seconds
[2023-08-20T17:38:10.666+0000] {processor.py:157} INFO - Started process (PID=113) to work on /home/airflow/.local/lib/python3.8/site-packages/airflow/example_dags/example_setup_teardown_taskflow.py
[2023-08-20T17:38:10.668+0000] {processor.py:829} INFO - Processing file /home/airflow/.local/lib/python3.8/site-packages/airflow/example_dags/example_setup_teardown_taskflow.py for tasks to queue
[2023-08-20T17:38:10.672+0000] {logging_mixin.py:151} INFO - [2023-08-20T17:38:10.672+0000] {dagbag.py:539} INFO - Filling up the DagBag from /home/airflow/.local/lib/python3.8/site-packages/airflow/example_dags/example_setup_teardown_taskflow.py
[2023-08-20T17:38:10.688+0000] {processor.py:839} INFO - DAG(s) dict_keys(['example_setup_teardown_taskflow']) retrieved from /home/airflow/.local/lib/python3.8/site-packages/airflow/example_dags/example_setup_teardown_taskflow.py
[2023-08-20T17:38:10.719+0000] {logging_mixin.py:151} INFO - [2023-08-20T17:38:10.719+0000] {dag.py:2907} INFO - Sync 1 DAGs
[2023-08-20T17:38:10.746+0000] {logging_mixin.py:151} INFO - [2023-08-20T17:38:10.746+0000] {dag.py:3677} INFO - Setting next_dagrun for example_setup_teardown_taskflow to 2023-08-19T17:38:10.746280+00:00, run_after=2023-08-20T17:38:10.746280+00:00
[2023-08-20T17:38:10.773+0000] {processor.py:179} INFO - Processing /home/airflow/.local/lib/python3.8/site-packages/airflow/example_dags/example_setup_teardown_taskflow.py took 0.115 seconds
[2023-08-20T17:38:41.137+0000] {processor.py:157} INFO - Started process (PID=167) to work on /home/airflow/.local/lib/python3.8/site-packages/airflow/example_dags/example_setup_teardown_taskflow.py
[2023-08-20T17:38:41.139+0000] {processor.py:829} INFO - Processing file /home/airflow/.local/lib/python3.8/site-packages/airflow/example_dags/example_setup_teardown_taskflow.py for tasks to queue
[2023-08-20T17:38:41.142+0000] {logging_mixin.py:151} INFO - [2023-08-20T17:38:41.142+0000] {dagbag.py:539} INFO - Filling up the DagBag from /home/airflow/.local/lib/python3.8/site-packages/airflow/example_dags/example_setup_teardown_taskflow.py
[2023-08-20T17:38:41.155+0000] {processor.py:839} INFO - DAG(s) dict_keys(['example_setup_teardown_taskflow']) retrieved from /home/airflow/.local/lib/python3.8/site-packages/airflow/example_dags/example_setup_teardown_taskflow.py
[2023-08-20T17:38:41.188+0000] {logging_mixin.py:151} INFO - [2023-08-20T17:38:41.187+0000] {dag.py:2907} INFO - Sync 1 DAGs
[2023-08-20T17:38:41.229+0000] {logging_mixin.py:151} INFO - [2023-08-20T17:38:41.228+0000] {dag.py:3677} INFO - Setting next_dagrun for example_setup_teardown_taskflow to 2023-08-19T17:38:41.228360+00:00, run_after=2023-08-20T17:38:41.228360+00:00
[2023-08-20T17:38:41.262+0000] {processor.py:179} INFO - Processing /home/airflow/.local/lib/python3.8/site-packages/airflow/example_dags/example_setup_teardown_taskflow.py took 0.129 seconds
[2023-08-20T17:39:11.321+0000] {processor.py:157} INFO - Started process (PID=221) to work on /home/airflow/.local/lib/python3.8/site-packages/airflow/example_dags/example_setup_teardown_taskflow.py
[2023-08-20T17:39:11.323+0000] {processor.py:829} INFO - Processing file /home/airflow/.local/lib/python3.8/site-packages/airflow/example_dags/example_setup_teardown_taskflow.py for tasks to queue
[2023-08-20T17:39:11.326+0000] {logging_mixin.py:151} INFO - [2023-08-20T17:39:11.326+0000] {dagbag.py:539} INFO - Filling up the DagBag from /home/airflow/.local/lib/python3.8/site-packages/airflow/example_dags/example_setup_teardown_taskflow.py
[2023-08-20T17:39:11.340+0000] {processor.py:839} INFO - DAG(s) dict_keys(['example_setup_teardown_taskflow']) retrieved from /home/airflow/.local/lib/python3.8/site-packages/airflow/example_dags/example_setup_teardown_taskflow.py
[2023-08-20T17:39:11.370+0000] {logging_mixin.py:151} INFO - [2023-08-20T17:39:11.370+0000] {dag.py:2907} INFO - Sync 1 DAGs
[2023-08-20T17:39:11.400+0000] {logging_mixin.py:151} INFO - [2023-08-20T17:39:11.400+0000] {dag.py:3677} INFO - Setting next_dagrun for example_setup_teardown_taskflow to 2023-08-19T17:39:11.399884+00:00, run_after=2023-08-20T17:39:11.399884+00:00
[2023-08-20T17:39:11.426+0000] {processor.py:179} INFO - Processing /home/airflow/.local/lib/python3.8/site-packages/airflow/example_dags/example_setup_teardown_taskflow.py took 0.109 seconds
[2023-08-20T17:39:41.798+0000] {processor.py:157} INFO - Started process (PID=275) to work on /home/airflow/.local/lib/python3.8/site-packages/airflow/example_dags/example_setup_teardown_taskflow.py
[2023-08-20T17:39:41.800+0000] {processor.py:829} INFO - Processing file /home/airflow/.local/lib/python3.8/site-packages/airflow/example_dags/example_setup_teardown_taskflow.py for tasks to queue
[2023-08-20T17:39:41.803+0000] {logging_mixin.py:151} INFO - [2023-08-20T17:39:41.803+0000] {dagbag.py:539} INFO - Filling up the DagBag from /home/airflow/.local/lib/python3.8/site-packages/airflow/example_dags/example_setup_teardown_taskflow.py
[2023-08-20T17:39:41.819+0000] {processor.py:839} INFO - DAG(s) dict_keys(['example_setup_teardown_taskflow']) retrieved from /home/airflow/.local/lib/python3.8/site-packages/airflow/example_dags/example_setup_teardown_taskflow.py
[2023-08-20T17:39:41.836+0000] {logging_mixin.py:151} INFO - [2023-08-20T17:39:41.835+0000] {dag.py:2907} INFO - Sync 1 DAGs
[2023-08-20T17:39:41.870+0000] {logging_mixin.py:151} INFO - [2023-08-20T17:39:41.870+0000] {dag.py:3677} INFO - Setting next_dagrun for example_setup_teardown_taskflow to 2023-08-19T17:39:41.870215+00:00, run_after=2023-08-20T17:39:41.870215+00:00
[2023-08-20T17:39:41.902+0000] {processor.py:179} INFO - Processing /home/airflow/.local/lib/python3.8/site-packages/airflow/example_dags/example_setup_teardown_taskflow.py took 0.108 seconds
[2023-08-20T17:40:12.374+0000] {processor.py:157} INFO - Started process (PID=329) to work on /home/airflow/.local/lib/python3.8/site-packages/airflow/example_dags/example_setup_teardown_taskflow.py
[2023-08-20T17:40:12.376+0000] {processor.py:829} INFO - Processing file /home/airflow/.local/lib/python3.8/site-packages/airflow/example_dags/example_setup_teardown_taskflow.py for tasks to queue
[2023-08-20T17:40:12.379+0000] {logging_mixin.py:151} INFO - [2023-08-20T17:40:12.378+0000] {dagbag.py:539} INFO - Filling up the DagBag from /home/airflow/.local/lib/python3.8/site-packages/airflow/example_dags/example_setup_teardown_taskflow.py
[2023-08-20T17:40:12.392+0000] {processor.py:839} INFO - DAG(s) dict_keys(['example_setup_teardown_taskflow']) retrieved from /home/airflow/.local/lib/python3.8/site-packages/airflow/example_dags/example_setup_teardown_taskflow.py
[2023-08-20T17:40:12.419+0000] {logging_mixin.py:151} INFO - [2023-08-20T17:40:12.419+0000] {dag.py:2907} INFO - Sync 1 DAGs
[2023-08-20T17:40:12.448+0000] {logging_mixin.py:151} INFO - [2023-08-20T17:40:12.448+0000] {dag.py:3677} INFO - Setting next_dagrun for example_setup_teardown_taskflow to 2023-08-19T17:40:12.447707+00:00, run_after=2023-08-20T17:40:12.447707+00:00
[2023-08-20T17:40:12.479+0000] {processor.py:179} INFO - Processing /home/airflow/.local/lib/python3.8/site-packages/airflow/example_dags/example_setup_teardown_taskflow.py took 0.109 seconds
[2023-08-20T17:40:43.291+0000] {processor.py:157} INFO - Started process (PID=383) to work on /home/airflow/.local/lib/python3.8/site-packages/airflow/example_dags/example_setup_teardown_taskflow.py
[2023-08-20T17:40:43.294+0000] {processor.py:829} INFO - Processing file /home/airflow/.local/lib/python3.8/site-packages/airflow/example_dags/example_setup_teardown_taskflow.py for tasks to queue
[2023-08-20T17:40:43.298+0000] {logging_mixin.py:151} INFO - [2023-08-20T17:40:43.298+0000] {dagbag.py:539} INFO - Filling up the DagBag from /home/airflow/.local/lib/python3.8/site-packages/airflow/example_dags/example_setup_teardown_taskflow.py
[2023-08-20T17:40:43.320+0000] {processor.py:839} INFO - DAG(s) dict_keys(['example_setup_teardown_taskflow']) retrieved from /home/airflow/.local/lib/python3.8/site-packages/airflow/example_dags/example_setup_teardown_taskflow.py
[2023-08-20T17:40:43.354+0000] {logging_mixin.py:151} INFO - [2023-08-20T17:40:43.354+0000] {dag.py:2907} INFO - Sync 1 DAGs
[2023-08-20T17:40:43.383+0000] {logging_mixin.py:151} INFO - [2023-08-20T17:40:43.382+0000] {dag.py:3677} INFO - Setting next_dagrun for example_setup_teardown_taskflow to 2023-08-19T17:40:43.382602+00:00, run_after=2023-08-20T17:40:43.382602+00:00
[2023-08-20T17:40:43.412+0000] {processor.py:179} INFO - Processing /home/airflow/.local/lib/python3.8/site-packages/airflow/example_dags/example_setup_teardown_taskflow.py took 0.127 seconds
[2023-08-20T17:41:13.608+0000] {processor.py:157} INFO - Started process (PID=437) to work on /home/airflow/.local/lib/python3.8/site-packages/airflow/example_dags/example_setup_teardown_taskflow.py
[2023-08-20T17:41:13.610+0000] {processor.py:829} INFO - Processing file /home/airflow/.local/lib/python3.8/site-packages/airflow/example_dags/example_setup_teardown_taskflow.py for tasks to queue
[2023-08-20T17:41:13.613+0000] {logging_mixin.py:151} INFO - [2023-08-20T17:41:13.613+0000] {dagbag.py:539} INFO - Filling up the DagBag from /home/airflow/.local/lib/python3.8/site-packages/airflow/example_dags/example_setup_teardown_taskflow.py
[2023-08-20T17:41:13.624+0000] {processor.py:839} INFO - DAG(s) dict_keys(['example_setup_teardown_taskflow']) retrieved from /home/airflow/.local/lib/python3.8/site-packages/airflow/example_dags/example_setup_teardown_taskflow.py
[2023-08-20T17:41:13.655+0000] {logging_mixin.py:151} INFO - [2023-08-20T17:41:13.654+0000] {dag.py:2907} INFO - Sync 1 DAGs
[2023-08-20T17:41:13.689+0000] {logging_mixin.py:151} INFO - [2023-08-20T17:41:13.688+0000] {dag.py:3677} INFO - Setting next_dagrun for example_setup_teardown_taskflow to 2023-08-19T17:41:13.688349+00:00, run_after=2023-08-20T17:41:13.688349+00:00
[2023-08-20T17:41:13.719+0000] {processor.py:179} INFO - Processing /home/airflow/.local/lib/python3.8/site-packages/airflow/example_dags/example_setup_teardown_taskflow.py took 0.115 seconds
[2023-08-20T17:41:44.360+0000] {processor.py:157} INFO - Started process (PID=492) to work on /home/airflow/.local/lib/python3.8/site-packages/airflow/example_dags/example_setup_teardown_taskflow.py
[2023-08-20T17:41:44.362+0000] {processor.py:829} INFO - Processing file /home/airflow/.local/lib/python3.8/site-packages/airflow/example_dags/example_setup_teardown_taskflow.py for tasks to queue
[2023-08-20T17:41:44.366+0000] {logging_mixin.py:151} INFO - [2023-08-20T17:41:44.365+0000] {dagbag.py:539} INFO - Filling up the DagBag from /home/airflow/.local/lib/python3.8/site-packages/airflow/example_dags/example_setup_teardown_taskflow.py
[2023-08-20T17:41:44.379+0000] {processor.py:839} INFO - DAG(s) dict_keys(['example_setup_teardown_taskflow']) retrieved from /home/airflow/.local/lib/python3.8/site-packages/airflow/example_dags/example_setup_teardown_taskflow.py
[2023-08-20T17:41:44.411+0000] {logging_mixin.py:151} INFO - [2023-08-20T17:41:44.411+0000] {dag.py:2907} INFO - Sync 1 DAGs
[2023-08-20T17:41:44.439+0000] {logging_mixin.py:151} INFO - [2023-08-20T17:41:44.438+0000] {dag.py:3677} INFO - Setting next_dagrun for example_setup_teardown_taskflow to 2023-08-19T17:41:44.438578+00:00, run_after=2023-08-20T17:41:44.438578+00:00
[2023-08-20T17:41:44.464+0000] {processor.py:179} INFO - Processing /home/airflow/.local/lib/python3.8/site-packages/airflow/example_dags/example_setup_teardown_taskflow.py took 0.109 seconds
[2023-08-20T17:42:15.378+0000] {processor.py:157} INFO - Started process (PID=546) to work on /home/airflow/.local/lib/python3.8/site-packages/airflow/example_dags/example_setup_teardown_taskflow.py
[2023-08-20T17:42:15.380+0000] {processor.py:829} INFO - Processing file /home/airflow/.local/lib/python3.8/site-packages/airflow/example_dags/example_setup_teardown_taskflow.py for tasks to queue
[2023-08-20T17:42:15.383+0000] {logging_mixin.py:151} INFO - [2023-08-20T17:42:15.383+0000] {dagbag.py:539} INFO - Filling up the DagBag from /home/airflow/.local/lib/python3.8/site-packages/airflow/example_dags/example_setup_teardown_taskflow.py
[2023-08-20T17:42:15.397+0000] {processor.py:839} INFO - DAG(s) dict_keys(['example_setup_teardown_taskflow']) retrieved from /home/airflow/.local/lib/python3.8/site-packages/airflow/example_dags/example_setup_teardown_taskflow.py
[2023-08-20T17:42:15.429+0000] {logging_mixin.py:151} INFO - [2023-08-20T17:42:15.428+0000] {dag.py:2907} INFO - Sync 1 DAGs
[2023-08-20T17:42:15.470+0000] {logging_mixin.py:151} INFO - [2023-08-20T17:42:15.470+0000] {dag.py:3677} INFO - Setting next_dagrun for example_setup_teardown_taskflow to 2023-08-19T17:42:15.470015+00:00, run_after=2023-08-20T17:42:15.470015+00:00
[2023-08-20T17:42:15.505+0000] {processor.py:179} INFO - Processing /home/airflow/.local/lib/python3.8/site-packages/airflow/example_dags/example_setup_teardown_taskflow.py took 0.132 seconds
[2023-08-20T17:42:45.687+0000] {processor.py:157} INFO - Started process (PID=600) to work on /home/airflow/.local/lib/python3.8/site-packages/airflow/example_dags/example_setup_teardown_taskflow.py
[2023-08-20T17:42:45.689+0000] {processor.py:829} INFO - Processing file /home/airflow/.local/lib/python3.8/site-packages/airflow/example_dags/example_setup_teardown_taskflow.py for tasks to queue
[2023-08-20T17:42:45.692+0000] {logging_mixin.py:151} INFO - [2023-08-20T17:42:45.691+0000] {dagbag.py:539} INFO - Filling up the DagBag from /home/airflow/.local/lib/python3.8/site-packages/airflow/example_dags/example_setup_teardown_taskflow.py
[2023-08-20T17:42:45.703+0000] {processor.py:839} INFO - DAG(s) dict_keys(['example_setup_teardown_taskflow']) retrieved from /home/airflow/.local/lib/python3.8/site-packages/airflow/example_dags/example_setup_teardown_taskflow.py
[2023-08-20T17:42:45.734+0000] {logging_mixin.py:151} INFO - [2023-08-20T17:42:45.733+0000] {dag.py:2907} INFO - Sync 1 DAGs
[2023-08-20T17:42:45.764+0000] {logging_mixin.py:151} INFO - [2023-08-20T17:42:45.764+0000] {dag.py:3677} INFO - Setting next_dagrun for example_setup_teardown_taskflow to 2023-08-19T17:42:45.763951+00:00, run_after=2023-08-20T17:42:45.763951+00:00
[2023-08-20T17:42:45.790+0000] {processor.py:179} INFO - Processing /home/airflow/.local/lib/python3.8/site-packages/airflow/example_dags/example_setup_teardown_taskflow.py took 0.107 seconds
[2023-08-20T17:43:16.225+0000] {processor.py:157} INFO - Started process (PID=653) to work on /home/airflow/.local/lib/python3.8/site-packages/airflow/example_dags/example_setup_teardown_taskflow.py
[2023-08-20T17:43:16.227+0000] {processor.py:829} INFO - Processing file /home/airflow/.local/lib/python3.8/site-packages/airflow/example_dags/example_setup_teardown_taskflow.py for tasks to queue
[2023-08-20T17:43:16.230+0000] {logging_mixin.py:151} INFO - [2023-08-20T17:43:16.230+0000] {dagbag.py:539} INFO - Filling up the DagBag from /home/airflow/.local/lib/python3.8/site-packages/airflow/example_dags/example_setup_teardown_taskflow.py
[2023-08-20T17:43:16.243+0000] {processor.py:839} INFO - DAG(s) dict_keys(['example_setup_teardown_taskflow']) retrieved from /home/airflow/.local/lib/python3.8/site-packages/airflow/example_dags/example_setup_teardown_taskflow.py
[2023-08-20T17:43:16.277+0000] {logging_mixin.py:151} INFO - [2023-08-20T17:43:16.276+0000] {dag.py:2907} INFO - Sync 1 DAGs
[2023-08-20T17:43:16.307+0000] {logging_mixin.py:151} INFO - [2023-08-20T17:43:16.306+0000] {dag.py:3677} INFO - Setting next_dagrun for example_setup_teardown_taskflow to 2023-08-19T17:43:16.306688+00:00, run_after=2023-08-20T17:43:16.306688+00:00
[2023-08-20T17:43:16.336+0000] {processor.py:179} INFO - Processing /home/airflow/.local/lib/python3.8/site-packages/airflow/example_dags/example_setup_teardown_taskflow.py took 0.116 seconds
[2023-08-20T17:43:47.004+0000] {processor.py:157} INFO - Started process (PID=707) to work on /home/airflow/.local/lib/python3.8/site-packages/airflow/example_dags/example_setup_teardown_taskflow.py
[2023-08-20T17:43:47.006+0000] {processor.py:829} INFO - Processing file /home/airflow/.local/lib/python3.8/site-packages/airflow/example_dags/example_setup_teardown_taskflow.py for tasks to queue
[2023-08-20T17:43:47.010+0000] {logging_mixin.py:151} INFO - [2023-08-20T17:43:47.009+0000] {dagbag.py:539} INFO - Filling up the DagBag from /home/airflow/.local/lib/python3.8/site-packages/airflow/example_dags/example_setup_teardown_taskflow.py
[2023-08-20T17:43:47.025+0000] {processor.py:839} INFO - DAG(s) dict_keys(['example_setup_teardown_taskflow']) retrieved from /home/airflow/.local/lib/python3.8/site-packages/airflow/example_dags/example_setup_teardown_taskflow.py
[2023-08-20T17:43:47.057+0000] {logging_mixin.py:151} INFO - [2023-08-20T17:43:47.057+0000] {dag.py:2907} INFO - Sync 1 DAGs
[2023-08-20T17:43:47.092+0000] {logging_mixin.py:151} INFO - [2023-08-20T17:43:47.091+0000] {dag.py:3677} INFO - Setting next_dagrun for example_setup_teardown_taskflow to 2023-08-19T17:43:47.091589+00:00, run_after=2023-08-20T17:43:47.091589+00:00
[2023-08-20T17:43:47.119+0000] {processor.py:179} INFO - Processing /home/airflow/.local/lib/python3.8/site-packages/airflow/example_dags/example_setup_teardown_taskflow.py took 0.118 seconds
[2023-08-20T17:44:17.366+0000] {processor.py:157} INFO - Started process (PID=761) to work on /home/airflow/.local/lib/python3.8/site-packages/airflow/example_dags/example_setup_teardown_taskflow.py
[2023-08-20T17:44:17.368+0000] {processor.py:829} INFO - Processing file /home/airflow/.local/lib/python3.8/site-packages/airflow/example_dags/example_setup_teardown_taskflow.py for tasks to queue
[2023-08-20T17:44:17.372+0000] {logging_mixin.py:151} INFO - [2023-08-20T17:44:17.371+0000] {dagbag.py:539} INFO - Filling up the DagBag from /home/airflow/.local/lib/python3.8/site-packages/airflow/example_dags/example_setup_teardown_taskflow.py
[2023-08-20T17:44:17.384+0000] {processor.py:839} INFO - DAG(s) dict_keys(['example_setup_teardown_taskflow']) retrieved from /home/airflow/.local/lib/python3.8/site-packages/airflow/example_dags/example_setup_teardown_taskflow.py
[2023-08-20T17:44:17.415+0000] {logging_mixin.py:151} INFO - [2023-08-20T17:44:17.415+0000] {dag.py:2907} INFO - Sync 1 DAGs
[2023-08-20T17:44:17.445+0000] {logging_mixin.py:151} INFO - [2023-08-20T17:44:17.445+0000] {dag.py:3677} INFO - Setting next_dagrun for example_setup_teardown_taskflow to 2023-08-19T17:44:17.445424+00:00, run_after=2023-08-20T17:44:17.445424+00:00
[2023-08-20T17:44:17.475+0000] {processor.py:179} INFO - Processing /home/airflow/.local/lib/python3.8/site-packages/airflow/example_dags/example_setup_teardown_taskflow.py took 0.113 seconds
[2023-08-20T17:44:47.749+0000] {processor.py:157} INFO - Started process (PID=815) to work on /home/airflow/.local/lib/python3.8/site-packages/airflow/example_dags/example_setup_teardown_taskflow.py
[2023-08-20T17:44:47.751+0000] {processor.py:829} INFO - Processing file /home/airflow/.local/lib/python3.8/site-packages/airflow/example_dags/example_setup_teardown_taskflow.py for tasks to queue
[2023-08-20T17:44:47.755+0000] {logging_mixin.py:151} INFO - [2023-08-20T17:44:47.754+0000] {dagbag.py:539} INFO - Filling up the DagBag from /home/airflow/.local/lib/python3.8/site-packages/airflow/example_dags/example_setup_teardown_taskflow.py
[2023-08-20T17:44:47.769+0000] {processor.py:839} INFO - DAG(s) dict_keys(['example_setup_teardown_taskflow']) retrieved from /home/airflow/.local/lib/python3.8/site-packages/airflow/example_dags/example_setup_teardown_taskflow.py
[2023-08-20T17:44:47.797+0000] {logging_mixin.py:151} INFO - [2023-08-20T17:44:47.796+0000] {dag.py:2907} INFO - Sync 1 DAGs
[2023-08-20T17:44:47.827+0000] {logging_mixin.py:151} INFO - [2023-08-20T17:44:47.827+0000] {dag.py:3677} INFO - Setting next_dagrun for example_setup_teardown_taskflow to 2023-08-19T17:44:47.826803+00:00, run_after=2023-08-20T17:44:47.826803+00:00
[2023-08-20T17:44:47.857+0000] {processor.py:179} INFO - Processing /home/airflow/.local/lib/python3.8/site-packages/airflow/example_dags/example_setup_teardown_taskflow.py took 0.111 seconds
[2023-08-20T17:45:18.352+0000] {processor.py:157} INFO - Started process (PID=869) to work on /home/airflow/.local/lib/python3.8/site-packages/airflow/example_dags/example_setup_teardown_taskflow.py
[2023-08-20T17:45:18.354+0000] {processor.py:829} INFO - Processing file /home/airflow/.local/lib/python3.8/site-packages/airflow/example_dags/example_setup_teardown_taskflow.py for tasks to queue
[2023-08-20T17:45:18.357+0000] {logging_mixin.py:151} INFO - [2023-08-20T17:45:18.357+0000] {dagbag.py:539} INFO - Filling up the DagBag from /home/airflow/.local/lib/python3.8/site-packages/airflow/example_dags/example_setup_teardown_taskflow.py
[2023-08-20T17:45:18.369+0000] {processor.py:839} INFO - DAG(s) dict_keys(['example_setup_teardown_taskflow']) retrieved from /home/airflow/.local/lib/python3.8/site-packages/airflow/example_dags/example_setup_teardown_taskflow.py
[2023-08-20T17:45:18.400+0000] {logging_mixin.py:151} INFO - [2023-08-20T17:45:18.400+0000] {dag.py:2907} INFO - Sync 1 DAGs
[2023-08-20T17:45:18.430+0000] {logging_mixin.py:151} INFO - [2023-08-20T17:45:18.430+0000] {dag.py:3677} INFO - Setting next_dagrun for example_setup_teardown_taskflow to 2023-08-19T17:45:18.429868+00:00, run_after=2023-08-20T17:45:18.429868+00:00
[2023-08-20T17:45:18.461+0000] {processor.py:179} INFO - Processing /home/airflow/.local/lib/python3.8/site-packages/airflow/example_dags/example_setup_teardown_taskflow.py took 0.113 seconds
[2023-08-20T17:45:48.822+0000] {processor.py:157} INFO - Started process (PID=923) to work on /home/airflow/.local/lib/python3.8/site-packages/airflow/example_dags/example_setup_teardown_taskflow.py
[2023-08-20T17:45:48.823+0000] {processor.py:829} INFO - Processing file /home/airflow/.local/lib/python3.8/site-packages/airflow/example_dags/example_setup_teardown_taskflow.py for tasks to queue
[2023-08-20T17:45:48.826+0000] {logging_mixin.py:151} INFO - [2023-08-20T17:45:48.826+0000] {dagbag.py:539} INFO - Filling up the DagBag from /home/airflow/.local/lib/python3.8/site-packages/airflow/example_dags/example_setup_teardown_taskflow.py
[2023-08-20T17:45:48.841+0000] {processor.py:839} INFO - DAG(s) dict_keys(['example_setup_teardown_taskflow']) retrieved from /home/airflow/.local/lib/python3.8/site-packages/airflow/example_dags/example_setup_teardown_taskflow.py
[2023-08-20T17:45:48.868+0000] {logging_mixin.py:151} INFO - [2023-08-20T17:45:48.868+0000] {dag.py:2907} INFO - Sync 1 DAGs
[2023-08-20T17:45:48.896+0000] {logging_mixin.py:151} INFO - [2023-08-20T17:45:48.896+0000] {dag.py:3677} INFO - Setting next_dagrun for example_setup_teardown_taskflow to 2023-08-19T17:45:48.896329+00:00, run_after=2023-08-20T17:45:48.896329+00:00
[2023-08-20T17:45:48.926+0000] {processor.py:179} INFO - Processing /home/airflow/.local/lib/python3.8/site-packages/airflow/example_dags/example_setup_teardown_taskflow.py took 0.108 seconds
[2023-08-20T17:46:19.163+0000] {processor.py:157} INFO - Started process (PID=977) to work on /home/airflow/.local/lib/python3.8/site-packages/airflow/example_dags/example_setup_teardown_taskflow.py
[2023-08-20T17:46:19.165+0000] {processor.py:829} INFO - Processing file /home/airflow/.local/lib/python3.8/site-packages/airflow/example_dags/example_setup_teardown_taskflow.py for tasks to queue
[2023-08-20T17:46:19.168+0000] {logging_mixin.py:151} INFO - [2023-08-20T17:46:19.167+0000] {dagbag.py:539} INFO - Filling up the DagBag from /home/airflow/.local/lib/python3.8/site-packages/airflow/example_dags/example_setup_teardown_taskflow.py
[2023-08-20T17:46:19.181+0000] {processor.py:839} INFO - DAG(s) dict_keys(['example_setup_teardown_taskflow']) retrieved from /home/airflow/.local/lib/python3.8/site-packages/airflow/example_dags/example_setup_teardown_taskflow.py
[2023-08-20T17:46:19.213+0000] {logging_mixin.py:151} INFO - [2023-08-20T17:46:19.213+0000] {dag.py:2907} INFO - Sync 1 DAGs
[2023-08-20T17:46:19.245+0000] {logging_mixin.py:151} INFO - [2023-08-20T17:46:19.245+0000] {dag.py:3677} INFO - Setting next_dagrun for example_setup_teardown_taskflow to 2023-08-19T17:46:19.245237+00:00, run_after=2023-08-20T17:46:19.245237+00:00
[2023-08-20T17:46:19.275+0000] {processor.py:179} INFO - Processing /home/airflow/.local/lib/python3.8/site-packages/airflow/example_dags/example_setup_teardown_taskflow.py took 0.116 seconds
[2023-08-20T17:46:49.394+0000] {processor.py:157} INFO - Started process (PID=1031) to work on /home/airflow/.local/lib/python3.8/site-packages/airflow/example_dags/example_setup_teardown_taskflow.py
[2023-08-20T17:46:49.396+0000] {processor.py:829} INFO - Processing file /home/airflow/.local/lib/python3.8/site-packages/airflow/example_dags/example_setup_teardown_taskflow.py for tasks to queue
[2023-08-20T17:46:49.400+0000] {logging_mixin.py:151} INFO - [2023-08-20T17:46:49.399+0000] {dagbag.py:539} INFO - Filling up the DagBag from /home/airflow/.local/lib/python3.8/site-packages/airflow/example_dags/example_setup_teardown_taskflow.py
[2023-08-20T17:46:49.417+0000] {processor.py:839} INFO - DAG(s) dict_keys(['example_setup_teardown_taskflow']) retrieved from /home/airflow/.local/lib/python3.8/site-packages/airflow/example_dags/example_setup_teardown_taskflow.py
[2023-08-20T17:46:49.447+0000] {logging_mixin.py:151} INFO - [2023-08-20T17:46:49.447+0000] {dag.py:2907} INFO - Sync 1 DAGs
[2023-08-20T17:46:49.477+0000] {logging_mixin.py:151} INFO - [2023-08-20T17:46:49.477+0000] {dag.py:3677} INFO - Setting next_dagrun for example_setup_teardown_taskflow to 2023-08-19T17:46:49.476737+00:00, run_after=2023-08-20T17:46:49.476737+00:00
[2023-08-20T17:46:49.507+0000] {processor.py:179} INFO - Processing /home/airflow/.local/lib/python3.8/site-packages/airflow/example_dags/example_setup_teardown_taskflow.py took 0.116 seconds
