[2023-08-20 11:40:23,572] {scheduler_job.py:182} INFO - Started process (PID=56) to work on /home/airflow/.local/lib/python3.6/site-packages/airflow/example_dags/example_skip_dag.py
[2023-08-20 11:40:23,575] {scheduler_job.py:629} INFO - Processing file /home/airflow/.local/lib/python3.6/site-packages/airflow/example_dags/example_skip_dag.py for tasks to queue
[2023-08-20 11:40:23,577] {logging_mixin.py:104} INFO - [2023-08-20 11:40:23,576] {dagbag.py:451} INFO - Filling up the DagBag from /home/airflow/.local/lib/python3.6/site-packages/airflow/example_dags/example_skip_dag.py
[2023-08-20 11:40:23,595] {scheduler_job.py:639} INFO - DAG(s) dict_keys(['example_skip_dag']) retrieved from /home/airflow/.local/lib/python3.6/site-packages/airflow/example_dags/example_skip_dag.py
[2023-08-20 11:40:23,678] {logging_mixin.py:104} INFO - [2023-08-20 11:40:23,678] {dag.py:1824} INFO - Sync 1 DAGs
[2023-08-20 11:40:23,721] {logging_mixin.py:104} INFO - [2023-08-20 11:40:23,721] {dag.py:1843} INFO - Creating ORM DAG for example_skip_dag
[2023-08-20 11:40:23,732] {logging_mixin.py:104} INFO - [2023-08-20 11:40:23,732] {dag.py:2280} INFO - Setting next_dagrun for example_skip_dag to 2023-08-18 00:00:00+00:00
[2023-08-20 11:40:23,753] {scheduler_job.py:190} INFO - Processing /home/airflow/.local/lib/python3.6/site-packages/airflow/example_dags/example_skip_dag.py took 0.185 seconds
[2023-08-20 11:40:53,979] {scheduler_job.py:182} INFO - Started process (PID=79) to work on /home/airflow/.local/lib/python3.6/site-packages/airflow/example_dags/example_skip_dag.py
[2023-08-20 11:40:53,981] {scheduler_job.py:629} INFO - Processing file /home/airflow/.local/lib/python3.6/site-packages/airflow/example_dags/example_skip_dag.py for tasks to queue
[2023-08-20 11:40:53,983] {logging_mixin.py:104} INFO - [2023-08-20 11:40:53,983] {dagbag.py:451} INFO - Filling up the DagBag from /home/airflow/.local/lib/python3.6/site-packages/airflow/example_dags/example_skip_dag.py
[2023-08-20 11:40:53,994] {scheduler_job.py:639} INFO - DAG(s) dict_keys(['example_skip_dag']) retrieved from /home/airflow/.local/lib/python3.6/site-packages/airflow/example_dags/example_skip_dag.py
[2023-08-20 11:40:54,031] {logging_mixin.py:104} INFO - [2023-08-20 11:40:54,031] {dag.py:1824} INFO - Sync 1 DAGs
[2023-08-20 11:40:54,058] {logging_mixin.py:104} INFO - [2023-08-20 11:40:54,058] {dag.py:2280} INFO - Setting next_dagrun for example_skip_dag to 2023-08-18 00:00:00+00:00
[2023-08-20 11:40:54,075] {scheduler_job.py:190} INFO - Processing /home/airflow/.local/lib/python3.6/site-packages/airflow/example_dags/example_skip_dag.py took 0.100 seconds
[2023-08-20 11:41:24,396] {scheduler_job.py:182} INFO - Started process (PID=98) to work on /home/airflow/.local/lib/python3.6/site-packages/airflow/example_dags/example_skip_dag.py
[2023-08-20 11:41:24,398] {scheduler_job.py:629} INFO - Processing file /home/airflow/.local/lib/python3.6/site-packages/airflow/example_dags/example_skip_dag.py for tasks to queue
[2023-08-20 11:41:24,399] {logging_mixin.py:104} INFO - [2023-08-20 11:41:24,399] {dagbag.py:451} INFO - Filling up the DagBag from /home/airflow/.local/lib/python3.6/site-packages/airflow/example_dags/example_skip_dag.py
[2023-08-20 11:41:24,413] {scheduler_job.py:639} INFO - DAG(s) dict_keys(['example_skip_dag']) retrieved from /home/airflow/.local/lib/python3.6/site-packages/airflow/example_dags/example_skip_dag.py
[2023-08-20 11:41:24,441] {logging_mixin.py:104} INFO - [2023-08-20 11:41:24,441] {dag.py:1824} INFO - Sync 1 DAGs
[2023-08-20 11:41:24,466] {logging_mixin.py:104} INFO - [2023-08-20 11:41:24,466] {dag.py:2280} INFO - Setting next_dagrun for example_skip_dag to 2023-08-18 00:00:00+00:00
[2023-08-20 11:41:24,486] {scheduler_job.py:190} INFO - Processing /home/airflow/.local/lib/python3.6/site-packages/airflow/example_dags/example_skip_dag.py took 0.094 seconds
[2023-08-20 11:41:54,839] {scheduler_job.py:182} INFO - Started process (PID=125) to work on /home/airflow/.local/lib/python3.6/site-packages/airflow/example_dags/example_skip_dag.py
[2023-08-20 11:41:54,841] {scheduler_job.py:629} INFO - Processing file /home/airflow/.local/lib/python3.6/site-packages/airflow/example_dags/example_skip_dag.py for tasks to queue
[2023-08-20 11:41:54,843] {logging_mixin.py:104} INFO - [2023-08-20 11:41:54,843] {dagbag.py:451} INFO - Filling up the DagBag from /home/airflow/.local/lib/python3.6/site-packages/airflow/example_dags/example_skip_dag.py
[2023-08-20 11:41:54,864] {scheduler_job.py:639} INFO - DAG(s) dict_keys(['example_skip_dag']) retrieved from /home/airflow/.local/lib/python3.6/site-packages/airflow/example_dags/example_skip_dag.py
[2023-08-20 11:41:54,896] {logging_mixin.py:104} INFO - [2023-08-20 11:41:54,896] {dag.py:1824} INFO - Sync 1 DAGs
[2023-08-20 11:41:54,915] {logging_mixin.py:104} INFO - [2023-08-20 11:41:54,915] {dag.py:2280} INFO - Setting next_dagrun for example_skip_dag to 2023-08-18 00:00:00+00:00
[2023-08-20 11:41:54,929] {scheduler_job.py:190} INFO - Processing /home/airflow/.local/lib/python3.6/site-packages/airflow/example_dags/example_skip_dag.py took 0.096 seconds
[2023-08-20 11:42:25,182] {scheduler_job.py:182} INFO - Started process (PID=152) to work on /home/airflow/.local/lib/python3.6/site-packages/airflow/example_dags/example_skip_dag.py
[2023-08-20 11:42:25,184] {scheduler_job.py:629} INFO - Processing file /home/airflow/.local/lib/python3.6/site-packages/airflow/example_dags/example_skip_dag.py for tasks to queue
[2023-08-20 11:42:25,186] {logging_mixin.py:104} INFO - [2023-08-20 11:42:25,185] {dagbag.py:451} INFO - Filling up the DagBag from /home/airflow/.local/lib/python3.6/site-packages/airflow/example_dags/example_skip_dag.py
[2023-08-20 11:42:25,199] {scheduler_job.py:639} INFO - DAG(s) dict_keys(['example_skip_dag']) retrieved from /home/airflow/.local/lib/python3.6/site-packages/airflow/example_dags/example_skip_dag.py
[2023-08-20 11:42:25,228] {logging_mixin.py:104} INFO - [2023-08-20 11:42:25,228] {dag.py:1824} INFO - Sync 1 DAGs
[2023-08-20 11:42:25,249] {logging_mixin.py:104} INFO - [2023-08-20 11:42:25,249] {dag.py:2280} INFO - Setting next_dagrun for example_skip_dag to 2023-08-18 00:00:00+00:00
[2023-08-20 11:42:25,262] {scheduler_job.py:190} INFO - Processing /home/airflow/.local/lib/python3.6/site-packages/airflow/example_dags/example_skip_dag.py took 0.083 seconds
[2023-08-20 11:42:55,481] {scheduler_job.py:182} INFO - Started process (PID=177) to work on /home/airflow/.local/lib/python3.6/site-packages/airflow/example_dags/example_skip_dag.py
[2023-08-20 11:42:55,486] {scheduler_job.py:629} INFO - Processing file /home/airflow/.local/lib/python3.6/site-packages/airflow/example_dags/example_skip_dag.py for tasks to queue
[2023-08-20 11:42:55,490] {logging_mixin.py:104} INFO - [2023-08-20 11:42:55,488] {dagbag.py:451} INFO - Filling up the DagBag from /home/airflow/.local/lib/python3.6/site-packages/airflow/example_dags/example_skip_dag.py
[2023-08-20 11:42:55,508] {scheduler_job.py:639} INFO - DAG(s) dict_keys(['example_skip_dag']) retrieved from /home/airflow/.local/lib/python3.6/site-packages/airflow/example_dags/example_skip_dag.py
[2023-08-20 11:42:55,536] {logging_mixin.py:104} INFO - [2023-08-20 11:42:55,536] {dag.py:1824} INFO - Sync 1 DAGs
[2023-08-20 11:42:55,560] {logging_mixin.py:104} INFO - [2023-08-20 11:42:55,560] {dag.py:2280} INFO - Setting next_dagrun for example_skip_dag to 2023-08-18 00:00:00+00:00
[2023-08-20 11:42:55,584] {scheduler_job.py:190} INFO - Processing /home/airflow/.local/lib/python3.6/site-packages/airflow/example_dags/example_skip_dag.py took 0.109 seconds
[2023-08-20 11:43:26,022] {scheduler_job.py:182} INFO - Started process (PID=202) to work on /home/airflow/.local/lib/python3.6/site-packages/airflow/example_dags/example_skip_dag.py
[2023-08-20 11:43:26,024] {scheduler_job.py:629} INFO - Processing file /home/airflow/.local/lib/python3.6/site-packages/airflow/example_dags/example_skip_dag.py for tasks to queue
[2023-08-20 11:43:26,025] {logging_mixin.py:104} INFO - [2023-08-20 11:43:26,025] {dagbag.py:451} INFO - Filling up the DagBag from /home/airflow/.local/lib/python3.6/site-packages/airflow/example_dags/example_skip_dag.py
[2023-08-20 11:43:26,039] {scheduler_job.py:639} INFO - DAG(s) dict_keys(['example_skip_dag']) retrieved from /home/airflow/.local/lib/python3.6/site-packages/airflow/example_dags/example_skip_dag.py
[2023-08-20 11:43:26,068] {logging_mixin.py:104} INFO - [2023-08-20 11:43:26,068] {dag.py:1824} INFO - Sync 1 DAGs
[2023-08-20 11:43:26,086] {logging_mixin.py:104} INFO - [2023-08-20 11:43:26,086] {dag.py:2280} INFO - Setting next_dagrun for example_skip_dag to 2023-08-18 00:00:00+00:00
[2023-08-20 11:43:26,103] {scheduler_job.py:190} INFO - Processing /home/airflow/.local/lib/python3.6/site-packages/airflow/example_dags/example_skip_dag.py took 0.084 seconds
[2023-08-20 11:43:56,910] {scheduler_job.py:182} INFO - Started process (PID=228) to work on /home/airflow/.local/lib/python3.6/site-packages/airflow/example_dags/example_skip_dag.py
[2023-08-20 11:43:56,912] {scheduler_job.py:629} INFO - Processing file /home/airflow/.local/lib/python3.6/site-packages/airflow/example_dags/example_skip_dag.py for tasks to queue
[2023-08-20 11:43:56,913] {logging_mixin.py:104} INFO - [2023-08-20 11:43:56,913] {dagbag.py:451} INFO - Filling up the DagBag from /home/airflow/.local/lib/python3.6/site-packages/airflow/example_dags/example_skip_dag.py
[2023-08-20 11:43:56,924] {scheduler_job.py:639} INFO - DAG(s) dict_keys(['example_skip_dag']) retrieved from /home/airflow/.local/lib/python3.6/site-packages/airflow/example_dags/example_skip_dag.py
[2023-08-20 11:43:56,951] {logging_mixin.py:104} INFO - [2023-08-20 11:43:56,951] {dag.py:1824} INFO - Sync 1 DAGs
[2023-08-20 11:43:56,972] {logging_mixin.py:104} INFO - [2023-08-20 11:43:56,971] {dag.py:2280} INFO - Setting next_dagrun for example_skip_dag to 2023-08-18 00:00:00+00:00
[2023-08-20 11:43:56,989] {scheduler_job.py:190} INFO - Processing /home/airflow/.local/lib/python3.6/site-packages/airflow/example_dags/example_skip_dag.py took 0.083 seconds
[2023-08-20 11:44:27,694] {scheduler_job.py:182} INFO - Started process (PID=254) to work on /home/airflow/.local/lib/python3.6/site-packages/airflow/example_dags/example_skip_dag.py
[2023-08-20 11:44:27,696] {scheduler_job.py:629} INFO - Processing file /home/airflow/.local/lib/python3.6/site-packages/airflow/example_dags/example_skip_dag.py for tasks to queue
[2023-08-20 11:44:27,698] {logging_mixin.py:104} INFO - [2023-08-20 11:44:27,698] {dagbag.py:451} INFO - Filling up the DagBag from /home/airflow/.local/lib/python3.6/site-packages/airflow/example_dags/example_skip_dag.py
[2023-08-20 11:44:27,714] {scheduler_job.py:639} INFO - DAG(s) dict_keys(['example_skip_dag']) retrieved from /home/airflow/.local/lib/python3.6/site-packages/airflow/example_dags/example_skip_dag.py
[2023-08-20 11:44:27,746] {logging_mixin.py:104} INFO - [2023-08-20 11:44:27,746] {dag.py:1824} INFO - Sync 1 DAGs
[2023-08-20 11:44:27,763] {logging_mixin.py:104} INFO - [2023-08-20 11:44:27,763] {dag.py:2280} INFO - Setting next_dagrun for example_skip_dag to 2023-08-18 00:00:00+00:00
[2023-08-20 11:44:27,779] {scheduler_job.py:190} INFO - Processing /home/airflow/.local/lib/python3.6/site-packages/airflow/example_dags/example_skip_dag.py took 0.089 seconds
[2023-08-20 11:44:58,506] {scheduler_job.py:182} INFO - Started process (PID=280) to work on /home/airflow/.local/lib/python3.6/site-packages/airflow/example_dags/example_skip_dag.py
[2023-08-20 11:44:58,509] {scheduler_job.py:629} INFO - Processing file /home/airflow/.local/lib/python3.6/site-packages/airflow/example_dags/example_skip_dag.py for tasks to queue
[2023-08-20 11:44:58,510] {logging_mixin.py:104} INFO - [2023-08-20 11:44:58,510] {dagbag.py:451} INFO - Filling up the DagBag from /home/airflow/.local/lib/python3.6/site-packages/airflow/example_dags/example_skip_dag.py
[2023-08-20 11:44:58,527] {scheduler_job.py:639} INFO - DAG(s) dict_keys(['example_skip_dag']) retrieved from /home/airflow/.local/lib/python3.6/site-packages/airflow/example_dags/example_skip_dag.py
[2023-08-20 11:44:58,559] {logging_mixin.py:104} INFO - [2023-08-20 11:44:58,559] {dag.py:1824} INFO - Sync 1 DAGs
[2023-08-20 11:44:58,577] {logging_mixin.py:104} INFO - [2023-08-20 11:44:58,576] {dag.py:2280} INFO - Setting next_dagrun for example_skip_dag to 2023-08-18 00:00:00+00:00
[2023-08-20 11:44:58,593] {scheduler_job.py:190} INFO - Processing /home/airflow/.local/lib/python3.6/site-packages/airflow/example_dags/example_skip_dag.py took 0.091 seconds
[2023-08-20 11:45:29,299] {scheduler_job.py:182} INFO - Started process (PID=306) to work on /home/airflow/.local/lib/python3.6/site-packages/airflow/example_dags/example_skip_dag.py
[2023-08-20 11:45:29,301] {scheduler_job.py:629} INFO - Processing file /home/airflow/.local/lib/python3.6/site-packages/airflow/example_dags/example_skip_dag.py for tasks to queue
[2023-08-20 11:45:29,302] {logging_mixin.py:104} INFO - [2023-08-20 11:45:29,302] {dagbag.py:451} INFO - Filling up the DagBag from /home/airflow/.local/lib/python3.6/site-packages/airflow/example_dags/example_skip_dag.py
[2023-08-20 11:45:29,331] {scheduler_job.py:639} INFO - DAG(s) dict_keys(['example_skip_dag']) retrieved from /home/airflow/.local/lib/python3.6/site-packages/airflow/example_dags/example_skip_dag.py
[2023-08-20 11:45:29,356] {logging_mixin.py:104} INFO - [2023-08-20 11:45:29,356] {dag.py:1824} INFO - Sync 1 DAGs
[2023-08-20 11:45:29,373] {logging_mixin.py:104} INFO - [2023-08-20 11:45:29,372] {dag.py:2280} INFO - Setting next_dagrun for example_skip_dag to 2023-08-18 00:00:00+00:00
[2023-08-20 11:45:29,388] {scheduler_job.py:190} INFO - Processing /home/airflow/.local/lib/python3.6/site-packages/airflow/example_dags/example_skip_dag.py took 0.093 seconds
[2023-08-20 11:45:59,600] {scheduler_job.py:182} INFO - Started process (PID=333) to work on /home/airflow/.local/lib/python3.6/site-packages/airflow/example_dags/example_skip_dag.py
[2023-08-20 11:45:59,603] {scheduler_job.py:629} INFO - Processing file /home/airflow/.local/lib/python3.6/site-packages/airflow/example_dags/example_skip_dag.py for tasks to queue
[2023-08-20 11:45:59,605] {logging_mixin.py:104} INFO - [2023-08-20 11:45:59,604] {dagbag.py:451} INFO - Filling up the DagBag from /home/airflow/.local/lib/python3.6/site-packages/airflow/example_dags/example_skip_dag.py
[2023-08-20 11:45:59,622] {scheduler_job.py:639} INFO - DAG(s) dict_keys(['example_skip_dag']) retrieved from /home/airflow/.local/lib/python3.6/site-packages/airflow/example_dags/example_skip_dag.py
[2023-08-20 11:45:59,648] {logging_mixin.py:104} INFO - [2023-08-20 11:45:59,648] {dag.py:1824} INFO - Sync 1 DAGs
[2023-08-20 11:45:59,673] {logging_mixin.py:104} INFO - [2023-08-20 11:45:59,673] {dag.py:2280} INFO - Setting next_dagrun for example_skip_dag to 2023-08-18 00:00:00+00:00
[2023-08-20 11:45:59,687] {scheduler_job.py:190} INFO - Processing /home/airflow/.local/lib/python3.6/site-packages/airflow/example_dags/example_skip_dag.py took 0.092 seconds
[2023-08-20 11:46:30,562] {scheduler_job.py:182} INFO - Started process (PID=358) to work on /home/airflow/.local/lib/python3.6/site-packages/airflow/example_dags/example_skip_dag.py
[2023-08-20 11:46:30,565] {scheduler_job.py:629} INFO - Processing file /home/airflow/.local/lib/python3.6/site-packages/airflow/example_dags/example_skip_dag.py for tasks to queue
[2023-08-20 11:46:30,566] {logging_mixin.py:104} INFO - [2023-08-20 11:46:30,566] {dagbag.py:451} INFO - Filling up the DagBag from /home/airflow/.local/lib/python3.6/site-packages/airflow/example_dags/example_skip_dag.py
[2023-08-20 11:46:30,580] {scheduler_job.py:639} INFO - DAG(s) dict_keys(['example_skip_dag']) retrieved from /home/airflow/.local/lib/python3.6/site-packages/airflow/example_dags/example_skip_dag.py
[2023-08-20 11:46:30,608] {logging_mixin.py:104} INFO - [2023-08-20 11:46:30,608] {dag.py:1824} INFO - Sync 1 DAGs
[2023-08-20 11:46:30,623] {logging_mixin.py:104} INFO - [2023-08-20 11:46:30,623] {dag.py:2280} INFO - Setting next_dagrun for example_skip_dag to 2023-08-18 00:00:00+00:00
[2023-08-20 11:46:30,639] {scheduler_job.py:190} INFO - Processing /home/airflow/.local/lib/python3.6/site-packages/airflow/example_dags/example_skip_dag.py took 0.081 seconds
[2023-08-20 11:47:01,972] {scheduler_job.py:182} INFO - Started process (PID=393) to work on /home/airflow/.local/lib/python3.6/site-packages/airflow/example_dags/example_skip_dag.py
[2023-08-20 11:47:01,974] {scheduler_job.py:629} INFO - Processing file /home/airflow/.local/lib/python3.6/site-packages/airflow/example_dags/example_skip_dag.py for tasks to queue
[2023-08-20 11:47:01,976] {logging_mixin.py:104} INFO - [2023-08-20 11:47:01,976] {dagbag.py:451} INFO - Filling up the DagBag from /home/airflow/.local/lib/python3.6/site-packages/airflow/example_dags/example_skip_dag.py
[2023-08-20 11:47:01,992] {scheduler_job.py:639} INFO - DAG(s) dict_keys(['example_skip_dag']) retrieved from /home/airflow/.local/lib/python3.6/site-packages/airflow/example_dags/example_skip_dag.py
[2023-08-20 11:47:02,020] {logging_mixin.py:104} INFO - [2023-08-20 11:47:02,020] {dag.py:1824} INFO - Sync 1 DAGs
[2023-08-20 11:47:02,040] {logging_mixin.py:104} INFO - [2023-08-20 11:47:02,040] {dag.py:2280} INFO - Setting next_dagrun for example_skip_dag to 2023-08-18 00:00:00+00:00
[2023-08-20 11:47:02,057] {scheduler_job.py:190} INFO - Processing /home/airflow/.local/lib/python3.6/site-packages/airflow/example_dags/example_skip_dag.py took 0.088 seconds
[2023-08-20 11:47:32,738] {scheduler_job.py:182} INFO - Started process (PID=419) to work on /home/airflow/.local/lib/python3.6/site-packages/airflow/example_dags/example_skip_dag.py
[2023-08-20 11:47:32,747] {scheduler_job.py:629} INFO - Processing file /home/airflow/.local/lib/python3.6/site-packages/airflow/example_dags/example_skip_dag.py for tasks to queue
[2023-08-20 11:47:32,748] {logging_mixin.py:104} INFO - [2023-08-20 11:47:32,748] {dagbag.py:451} INFO - Filling up the DagBag from /home/airflow/.local/lib/python3.6/site-packages/airflow/example_dags/example_skip_dag.py
[2023-08-20 11:47:32,758] {scheduler_job.py:639} INFO - DAG(s) dict_keys(['example_skip_dag']) retrieved from /home/airflow/.local/lib/python3.6/site-packages/airflow/example_dags/example_skip_dag.py
[2023-08-20 11:47:32,784] {logging_mixin.py:104} INFO - [2023-08-20 11:47:32,784] {dag.py:1824} INFO - Sync 1 DAGs
[2023-08-20 11:47:32,807] {logging_mixin.py:104} INFO - [2023-08-20 11:47:32,806] {dag.py:2280} INFO - Setting next_dagrun for example_skip_dag to 2023-08-18 00:00:00+00:00
[2023-08-20 11:47:32,823] {scheduler_job.py:190} INFO - Processing /home/airflow/.local/lib/python3.6/site-packages/airflow/example_dags/example_skip_dag.py took 0.088 seconds
[2023-08-20 11:48:03,015] {scheduler_job.py:182} INFO - Started process (PID=445) to work on /home/airflow/.local/lib/python3.6/site-packages/airflow/example_dags/example_skip_dag.py
[2023-08-20 11:48:03,017] {scheduler_job.py:629} INFO - Processing file /home/airflow/.local/lib/python3.6/site-packages/airflow/example_dags/example_skip_dag.py for tasks to queue
[2023-08-20 11:48:03,019] {logging_mixin.py:104} INFO - [2023-08-20 11:48:03,019] {dagbag.py:451} INFO - Filling up the DagBag from /home/airflow/.local/lib/python3.6/site-packages/airflow/example_dags/example_skip_dag.py
[2023-08-20 11:48:03,034] {scheduler_job.py:639} INFO - DAG(s) dict_keys(['example_skip_dag']) retrieved from /home/airflow/.local/lib/python3.6/site-packages/airflow/example_dags/example_skip_dag.py
[2023-08-20 11:48:03,058] {logging_mixin.py:104} INFO - [2023-08-20 11:48:03,058] {dag.py:1824} INFO - Sync 1 DAGs
[2023-08-20 11:48:03,075] {logging_mixin.py:104} INFO - [2023-08-20 11:48:03,074] {dag.py:2280} INFO - Setting next_dagrun for example_skip_dag to 2023-08-18 00:00:00+00:00
[2023-08-20 11:48:03,089] {scheduler_job.py:190} INFO - Processing /home/airflow/.local/lib/python3.6/site-packages/airflow/example_dags/example_skip_dag.py took 0.078 seconds
[2023-08-20 11:48:33,459] {scheduler_job.py:182} INFO - Started process (PID=471) to work on /home/airflow/.local/lib/python3.6/site-packages/airflow/example_dags/example_skip_dag.py
[2023-08-20 11:48:33,460] {scheduler_job.py:629} INFO - Processing file /home/airflow/.local/lib/python3.6/site-packages/airflow/example_dags/example_skip_dag.py for tasks to queue
[2023-08-20 11:48:33,462] {logging_mixin.py:104} INFO - [2023-08-20 11:48:33,462] {dagbag.py:451} INFO - Filling up the DagBag from /home/airflow/.local/lib/python3.6/site-packages/airflow/example_dags/example_skip_dag.py
[2023-08-20 11:48:33,473] {scheduler_job.py:639} INFO - DAG(s) dict_keys(['example_skip_dag']) retrieved from /home/airflow/.local/lib/python3.6/site-packages/airflow/example_dags/example_skip_dag.py
[2023-08-20 11:48:33,497] {logging_mixin.py:104} INFO - [2023-08-20 11:48:33,497] {dag.py:1824} INFO - Sync 1 DAGs
[2023-08-20 11:48:33,520] {logging_mixin.py:104} INFO - [2023-08-20 11:48:33,520] {dag.py:2280} INFO - Setting next_dagrun for example_skip_dag to 2023-08-18 00:00:00+00:00
[2023-08-20 11:48:33,536] {scheduler_job.py:190} INFO - Processing /home/airflow/.local/lib/python3.6/site-packages/airflow/example_dags/example_skip_dag.py took 0.081 seconds
[2023-08-20 11:49:04,520] {scheduler_job.py:182} INFO - Started process (PID=497) to work on /home/airflow/.local/lib/python3.6/site-packages/airflow/example_dags/example_skip_dag.py
[2023-08-20 11:49:04,523] {scheduler_job.py:629} INFO - Processing file /home/airflow/.local/lib/python3.6/site-packages/airflow/example_dags/example_skip_dag.py for tasks to queue
[2023-08-20 11:49:04,525] {logging_mixin.py:104} INFO - [2023-08-20 11:49:04,525] {dagbag.py:451} INFO - Filling up the DagBag from /home/airflow/.local/lib/python3.6/site-packages/airflow/example_dags/example_skip_dag.py
[2023-08-20 11:49:04,541] {scheduler_job.py:639} INFO - DAG(s) dict_keys(['example_skip_dag']) retrieved from /home/airflow/.local/lib/python3.6/site-packages/airflow/example_dags/example_skip_dag.py
[2023-08-20 11:49:04,569] {logging_mixin.py:104} INFO - [2023-08-20 11:49:04,569] {dag.py:1824} INFO - Sync 1 DAGs
[2023-08-20 11:49:04,586] {logging_mixin.py:104} INFO - [2023-08-20 11:49:04,586] {dag.py:2280} INFO - Setting next_dagrun for example_skip_dag to 2023-08-18 00:00:00+00:00
[2023-08-20 11:49:04,605] {scheduler_job.py:190} INFO - Processing /home/airflow/.local/lib/python3.6/site-packages/airflow/example_dags/example_skip_dag.py took 0.090 seconds
[2023-08-20 11:49:34,838] {scheduler_job.py:182} INFO - Started process (PID=523) to work on /home/airflow/.local/lib/python3.6/site-packages/airflow/example_dags/example_skip_dag.py
[2023-08-20 11:49:34,841] {scheduler_job.py:629} INFO - Processing file /home/airflow/.local/lib/python3.6/site-packages/airflow/example_dags/example_skip_dag.py for tasks to queue
[2023-08-20 11:49:34,843] {logging_mixin.py:104} INFO - [2023-08-20 11:49:34,843] {dagbag.py:451} INFO - Filling up the DagBag from /home/airflow/.local/lib/python3.6/site-packages/airflow/example_dags/example_skip_dag.py
[2023-08-20 11:49:34,859] {scheduler_job.py:639} INFO - DAG(s) dict_keys(['example_skip_dag']) retrieved from /home/airflow/.local/lib/python3.6/site-packages/airflow/example_dags/example_skip_dag.py
[2023-08-20 11:49:34,886] {logging_mixin.py:104} INFO - [2023-08-20 11:49:34,886] {dag.py:1824} INFO - Sync 1 DAGs
[2023-08-20 11:49:34,907] {logging_mixin.py:104} INFO - [2023-08-20 11:49:34,906] {dag.py:2280} INFO - Setting next_dagrun for example_skip_dag to 2023-08-18 00:00:00+00:00
[2023-08-20 11:49:34,919] {scheduler_job.py:190} INFO - Processing /home/airflow/.local/lib/python3.6/site-packages/airflow/example_dags/example_skip_dag.py took 0.086 seconds
[2023-08-20 11:50:05,666] {scheduler_job.py:182} INFO - Started process (PID=552) to work on /home/airflow/.local/lib/python3.6/site-packages/airflow/example_dags/example_skip_dag.py
[2023-08-20 11:50:05,668] {scheduler_job.py:629} INFO - Processing file /home/airflow/.local/lib/python3.6/site-packages/airflow/example_dags/example_skip_dag.py for tasks to queue
[2023-08-20 11:50:05,669] {logging_mixin.py:104} INFO - [2023-08-20 11:50:05,669] {dagbag.py:451} INFO - Filling up the DagBag from /home/airflow/.local/lib/python3.6/site-packages/airflow/example_dags/example_skip_dag.py
[2023-08-20 11:50:05,684] {scheduler_job.py:639} INFO - DAG(s) dict_keys(['example_skip_dag']) retrieved from /home/airflow/.local/lib/python3.6/site-packages/airflow/example_dags/example_skip_dag.py
[2023-08-20 11:50:05,712] {logging_mixin.py:104} INFO - [2023-08-20 11:50:05,712] {dag.py:1824} INFO - Sync 1 DAGs
[2023-08-20 11:50:05,731] {logging_mixin.py:104} INFO - [2023-08-20 11:50:05,731] {dag.py:2280} INFO - Setting next_dagrun for example_skip_dag to 2023-08-18 00:00:00+00:00
[2023-08-20 11:50:05,745] {scheduler_job.py:190} INFO - Processing /home/airflow/.local/lib/python3.6/site-packages/airflow/example_dags/example_skip_dag.py took 0.083 seconds
[2023-08-20 11:50:36,149] {scheduler_job.py:182} INFO - Started process (PID=574) to work on /home/airflow/.local/lib/python3.6/site-packages/airflow/example_dags/example_skip_dag.py
[2023-08-20 11:50:36,151] {scheduler_job.py:629} INFO - Processing file /home/airflow/.local/lib/python3.6/site-packages/airflow/example_dags/example_skip_dag.py for tasks to queue
[2023-08-20 11:50:36,154] {logging_mixin.py:104} INFO - [2023-08-20 11:50:36,154] {dagbag.py:451} INFO - Filling up the DagBag from /home/airflow/.local/lib/python3.6/site-packages/airflow/example_dags/example_skip_dag.py
[2023-08-20 11:50:36,167] {scheduler_job.py:639} INFO - DAG(s) dict_keys(['example_skip_dag']) retrieved from /home/airflow/.local/lib/python3.6/site-packages/airflow/example_dags/example_skip_dag.py
[2023-08-20 11:50:36,196] {logging_mixin.py:104} INFO - [2023-08-20 11:50:36,195] {dag.py:1824} INFO - Sync 1 DAGs
[2023-08-20 11:50:36,215] {logging_mixin.py:104} INFO - [2023-08-20 11:50:36,215] {dag.py:2280} INFO - Setting next_dagrun for example_skip_dag to 2023-08-18 00:00:00+00:00
[2023-08-20 11:50:36,231] {scheduler_job.py:190} INFO - Processing /home/airflow/.local/lib/python3.6/site-packages/airflow/example_dags/example_skip_dag.py took 0.086 seconds
[2023-08-20 11:51:06,627] {scheduler_job.py:182} INFO - Started process (PID=598) to work on /home/airflow/.local/lib/python3.6/site-packages/airflow/example_dags/example_skip_dag.py
[2023-08-20 11:51:06,629] {scheduler_job.py:629} INFO - Processing file /home/airflow/.local/lib/python3.6/site-packages/airflow/example_dags/example_skip_dag.py for tasks to queue
[2023-08-20 11:51:06,630] {logging_mixin.py:104} INFO - [2023-08-20 11:51:06,630] {dagbag.py:451} INFO - Filling up the DagBag from /home/airflow/.local/lib/python3.6/site-packages/airflow/example_dags/example_skip_dag.py
[2023-08-20 11:51:06,642] {scheduler_job.py:639} INFO - DAG(s) dict_keys(['example_skip_dag']) retrieved from /home/airflow/.local/lib/python3.6/site-packages/airflow/example_dags/example_skip_dag.py
[2023-08-20 11:51:06,671] {logging_mixin.py:104} INFO - [2023-08-20 11:51:06,671] {dag.py:1824} INFO - Sync 1 DAGs
[2023-08-20 11:51:06,688] {logging_mixin.py:104} INFO - [2023-08-20 11:51:06,688] {dag.py:2280} INFO - Setting next_dagrun for example_skip_dag to 2023-08-18 00:00:00+00:00
[2023-08-20 11:51:06,701] {scheduler_job.py:190} INFO - Processing /home/airflow/.local/lib/python3.6/site-packages/airflow/example_dags/example_skip_dag.py took 0.078 seconds
[2023-08-20 11:51:37,538] {scheduler_job.py:182} INFO - Started process (PID=625) to work on /home/airflow/.local/lib/python3.6/site-packages/airflow/example_dags/example_skip_dag.py
[2023-08-20 11:51:37,540] {scheduler_job.py:629} INFO - Processing file /home/airflow/.local/lib/python3.6/site-packages/airflow/example_dags/example_skip_dag.py for tasks to queue
[2023-08-20 11:51:37,542] {logging_mixin.py:104} INFO - [2023-08-20 11:51:37,542] {dagbag.py:451} INFO - Filling up the DagBag from /home/airflow/.local/lib/python3.6/site-packages/airflow/example_dags/example_skip_dag.py
[2023-08-20 11:51:37,555] {scheduler_job.py:639} INFO - DAG(s) dict_keys(['example_skip_dag']) retrieved from /home/airflow/.local/lib/python3.6/site-packages/airflow/example_dags/example_skip_dag.py
[2023-08-20 11:51:37,582] {logging_mixin.py:104} INFO - [2023-08-20 11:51:37,582] {dag.py:1824} INFO - Sync 1 DAGs
[2023-08-20 11:51:37,601] {logging_mixin.py:104} INFO - [2023-08-20 11:51:37,601] {dag.py:2280} INFO - Setting next_dagrun for example_skip_dag to 2023-08-18 00:00:00+00:00
[2023-08-20 11:51:37,623] {scheduler_job.py:190} INFO - Processing /home/airflow/.local/lib/python3.6/site-packages/airflow/example_dags/example_skip_dag.py took 0.089 seconds
[2023-08-20 11:52:07,965] {scheduler_job.py:182} INFO - Started process (PID=644) to work on /home/airflow/.local/lib/python3.6/site-packages/airflow/example_dags/example_skip_dag.py
[2023-08-20 11:52:07,967] {scheduler_job.py:629} INFO - Processing file /home/airflow/.local/lib/python3.6/site-packages/airflow/example_dags/example_skip_dag.py for tasks to queue
[2023-08-20 11:52:07,968] {logging_mixin.py:104} INFO - [2023-08-20 11:52:07,968] {dagbag.py:451} INFO - Filling up the DagBag from /home/airflow/.local/lib/python3.6/site-packages/airflow/example_dags/example_skip_dag.py
[2023-08-20 11:52:07,983] {scheduler_job.py:639} INFO - DAG(s) dict_keys(['example_skip_dag']) retrieved from /home/airflow/.local/lib/python3.6/site-packages/airflow/example_dags/example_skip_dag.py
[2023-08-20 11:52:08,010] {logging_mixin.py:104} INFO - [2023-08-20 11:52:08,010] {dag.py:1824} INFO - Sync 1 DAGs
[2023-08-20 11:52:08,033] {logging_mixin.py:104} INFO - [2023-08-20 11:52:08,032] {dag.py:2280} INFO - Setting next_dagrun for example_skip_dag to 2023-08-18 00:00:00+00:00
[2023-08-20 11:52:08,050] {scheduler_job.py:190} INFO - Processing /home/airflow/.local/lib/python3.6/site-packages/airflow/example_dags/example_skip_dag.py took 0.088 seconds
[2023-08-20 11:52:38,852] {scheduler_job.py:182} INFO - Started process (PID=675) to work on /home/airflow/.local/lib/python3.6/site-packages/airflow/example_dags/example_skip_dag.py
[2023-08-20 11:52:38,854] {scheduler_job.py:629} INFO - Processing file /home/airflow/.local/lib/python3.6/site-packages/airflow/example_dags/example_skip_dag.py for tasks to queue
[2023-08-20 11:52:38,856] {logging_mixin.py:104} INFO - [2023-08-20 11:52:38,855] {dagbag.py:451} INFO - Filling up the DagBag from /home/airflow/.local/lib/python3.6/site-packages/airflow/example_dags/example_skip_dag.py
[2023-08-20 11:52:38,867] {scheduler_job.py:639} INFO - DAG(s) dict_keys(['example_skip_dag']) retrieved from /home/airflow/.local/lib/python3.6/site-packages/airflow/example_dags/example_skip_dag.py
[2023-08-20 11:52:38,893] {logging_mixin.py:104} INFO - [2023-08-20 11:52:38,893] {dag.py:1824} INFO - Sync 1 DAGs
[2023-08-20 11:52:38,912] {logging_mixin.py:104} INFO - [2023-08-20 11:52:38,912] {dag.py:2280} INFO - Setting next_dagrun for example_skip_dag to 2023-08-18 00:00:00+00:00
[2023-08-20 11:52:38,927] {scheduler_job.py:190} INFO - Processing /home/airflow/.local/lib/python3.6/site-packages/airflow/example_dags/example_skip_dag.py took 0.079 seconds
[2023-08-20 11:53:10,063] {scheduler_job.py:182} INFO - Started process (PID=705) to work on /home/airflow/.local/lib/python3.6/site-packages/airflow/example_dags/example_skip_dag.py
[2023-08-20 11:53:10,065] {scheduler_job.py:629} INFO - Processing file /home/airflow/.local/lib/python3.6/site-packages/airflow/example_dags/example_skip_dag.py for tasks to queue
[2023-08-20 11:53:10,066] {logging_mixin.py:104} INFO - [2023-08-20 11:53:10,066] {dagbag.py:451} INFO - Filling up the DagBag from /home/airflow/.local/lib/python3.6/site-packages/airflow/example_dags/example_skip_dag.py
[2023-08-20 11:53:10,076] {scheduler_job.py:639} INFO - DAG(s) dict_keys(['example_skip_dag']) retrieved from /home/airflow/.local/lib/python3.6/site-packages/airflow/example_dags/example_skip_dag.py
[2023-08-20 11:53:10,097] {logging_mixin.py:104} INFO - [2023-08-20 11:53:10,097] {dag.py:1824} INFO - Sync 1 DAGs
[2023-08-20 11:53:10,112] {logging_mixin.py:104} INFO - [2023-08-20 11:53:10,112] {dag.py:2280} INFO - Setting next_dagrun for example_skip_dag to 2023-08-18 00:00:00+00:00
[2023-08-20 11:53:10,126] {scheduler_job.py:190} INFO - Processing /home/airflow/.local/lib/python3.6/site-packages/airflow/example_dags/example_skip_dag.py took 0.066 seconds
[2023-08-20 11:53:40,960] {scheduler_job.py:182} INFO - Started process (PID=731) to work on /home/airflow/.local/lib/python3.6/site-packages/airflow/example_dags/example_skip_dag.py
[2023-08-20 11:53:40,963] {scheduler_job.py:629} INFO - Processing file /home/airflow/.local/lib/python3.6/site-packages/airflow/example_dags/example_skip_dag.py for tasks to queue
[2023-08-20 11:53:40,965] {logging_mixin.py:104} INFO - [2023-08-20 11:53:40,964] {dagbag.py:451} INFO - Filling up the DagBag from /home/airflow/.local/lib/python3.6/site-packages/airflow/example_dags/example_skip_dag.py
[2023-08-20 11:53:40,980] {scheduler_job.py:639} INFO - DAG(s) dict_keys(['example_skip_dag']) retrieved from /home/airflow/.local/lib/python3.6/site-packages/airflow/example_dags/example_skip_dag.py
[2023-08-20 11:53:41,019] {logging_mixin.py:104} INFO - [2023-08-20 11:53:41,009] {dag.py:1824} INFO - Sync 1 DAGs
[2023-08-20 11:53:41,046] {logging_mixin.py:104} INFO - [2023-08-20 11:53:41,046] {dag.py:2280} INFO - Setting next_dagrun for example_skip_dag to 2023-08-18 00:00:00+00:00
[2023-08-20 11:53:41,061] {scheduler_job.py:190} INFO - Processing /home/airflow/.local/lib/python3.6/site-packages/airflow/example_dags/example_skip_dag.py took 0.105 seconds
[2023-08-20 11:54:12,018] {scheduler_job.py:182} INFO - Started process (PID=759) to work on /home/airflow/.local/lib/python3.6/site-packages/airflow/example_dags/example_skip_dag.py
[2023-08-20 11:54:12,020] {scheduler_job.py:629} INFO - Processing file /home/airflow/.local/lib/python3.6/site-packages/airflow/example_dags/example_skip_dag.py for tasks to queue
[2023-08-20 11:54:12,022] {logging_mixin.py:104} INFO - [2023-08-20 11:54:12,022] {dagbag.py:451} INFO - Filling up the DagBag from /home/airflow/.local/lib/python3.6/site-packages/airflow/example_dags/example_skip_dag.py
[2023-08-20 11:54:12,035] {scheduler_job.py:639} INFO - DAG(s) dict_keys(['example_skip_dag']) retrieved from /home/airflow/.local/lib/python3.6/site-packages/airflow/example_dags/example_skip_dag.py
[2023-08-20 11:54:12,059] {logging_mixin.py:104} INFO - [2023-08-20 11:54:12,059] {dag.py:1824} INFO - Sync 1 DAGs
[2023-08-20 11:54:12,076] {logging_mixin.py:104} INFO - [2023-08-20 11:54:12,075] {dag.py:2280} INFO - Setting next_dagrun for example_skip_dag to 2023-08-18 00:00:00+00:00
[2023-08-20 11:54:12,092] {scheduler_job.py:190} INFO - Processing /home/airflow/.local/lib/python3.6/site-packages/airflow/example_dags/example_skip_dag.py took 0.078 seconds
[2023-08-20 11:54:42,937] {scheduler_job.py:182} INFO - Started process (PID=785) to work on /home/airflow/.local/lib/python3.6/site-packages/airflow/example_dags/example_skip_dag.py
[2023-08-20 11:54:42,939] {scheduler_job.py:629} INFO - Processing file /home/airflow/.local/lib/python3.6/site-packages/airflow/example_dags/example_skip_dag.py for tasks to queue
[2023-08-20 11:54:42,940] {logging_mixin.py:104} INFO - [2023-08-20 11:54:42,940] {dagbag.py:451} INFO - Filling up the DagBag from /home/airflow/.local/lib/python3.6/site-packages/airflow/example_dags/example_skip_dag.py
[2023-08-20 11:54:42,951] {scheduler_job.py:639} INFO - DAG(s) dict_keys(['example_skip_dag']) retrieved from /home/airflow/.local/lib/python3.6/site-packages/airflow/example_dags/example_skip_dag.py
[2023-08-20 11:54:42,977] {logging_mixin.py:104} INFO - [2023-08-20 11:54:42,977] {dag.py:1824} INFO - Sync 1 DAGs
[2023-08-20 11:54:42,997] {logging_mixin.py:104} INFO - [2023-08-20 11:54:42,996] {dag.py:2280} INFO - Setting next_dagrun for example_skip_dag to 2023-08-18 00:00:00+00:00
[2023-08-20 11:54:43,012] {scheduler_job.py:190} INFO - Processing /home/airflow/.local/lib/python3.6/site-packages/airflow/example_dags/example_skip_dag.py took 0.079 seconds
[2023-08-20 11:55:13,685] {scheduler_job.py:182} INFO - Started process (PID=811) to work on /home/airflow/.local/lib/python3.6/site-packages/airflow/example_dags/example_skip_dag.py
[2023-08-20 11:55:13,687] {scheduler_job.py:629} INFO - Processing file /home/airflow/.local/lib/python3.6/site-packages/airflow/example_dags/example_skip_dag.py for tasks to queue
[2023-08-20 11:55:13,689] {logging_mixin.py:104} INFO - [2023-08-20 11:55:13,689] {dagbag.py:451} INFO - Filling up the DagBag from /home/airflow/.local/lib/python3.6/site-packages/airflow/example_dags/example_skip_dag.py
[2023-08-20 11:55:13,701] {scheduler_job.py:639} INFO - DAG(s) dict_keys(['example_skip_dag']) retrieved from /home/airflow/.local/lib/python3.6/site-packages/airflow/example_dags/example_skip_dag.py
[2023-08-20 11:55:13,724] {logging_mixin.py:104} INFO - [2023-08-20 11:55:13,723] {dag.py:1824} INFO - Sync 1 DAGs
[2023-08-20 11:55:13,742] {logging_mixin.py:104} INFO - [2023-08-20 11:55:13,742] {dag.py:2280} INFO - Setting next_dagrun for example_skip_dag to 2023-08-18 00:00:00+00:00
[2023-08-20 11:55:13,757] {scheduler_job.py:190} INFO - Processing /home/airflow/.local/lib/python3.6/site-packages/airflow/example_dags/example_skip_dag.py took 0.076 seconds
[2023-08-20 11:55:44,204] {scheduler_job.py:182} INFO - Started process (PID=834) to work on /home/airflow/.local/lib/python3.6/site-packages/airflow/example_dags/example_skip_dag.py
[2023-08-20 11:55:44,206] {scheduler_job.py:629} INFO - Processing file /home/airflow/.local/lib/python3.6/site-packages/airflow/example_dags/example_skip_dag.py for tasks to queue
[2023-08-20 11:55:44,208] {logging_mixin.py:104} INFO - [2023-08-20 11:55:44,207] {dagbag.py:451} INFO - Filling up the DagBag from /home/airflow/.local/lib/python3.6/site-packages/airflow/example_dags/example_skip_dag.py
[2023-08-20 11:55:44,220] {scheduler_job.py:639} INFO - DAG(s) dict_keys(['example_skip_dag']) retrieved from /home/airflow/.local/lib/python3.6/site-packages/airflow/example_dags/example_skip_dag.py
[2023-08-20 11:55:44,244] {logging_mixin.py:104} INFO - [2023-08-20 11:55:44,244] {dag.py:1824} INFO - Sync 1 DAGs
[2023-08-20 11:55:44,264] {logging_mixin.py:104} INFO - [2023-08-20 11:55:44,264] {dag.py:2280} INFO - Setting next_dagrun for example_skip_dag to 2023-08-18 00:00:00+00:00
[2023-08-20 11:55:44,278] {scheduler_job.py:190} INFO - Processing /home/airflow/.local/lib/python3.6/site-packages/airflow/example_dags/example_skip_dag.py took 0.077 seconds
[2023-08-20 11:56:15,137] {scheduler_job.py:182} INFO - Started process (PID=867) to work on /home/airflow/.local/lib/python3.6/site-packages/airflow/example_dags/example_skip_dag.py
[2023-08-20 11:56:15,139] {scheduler_job.py:629} INFO - Processing file /home/airflow/.local/lib/python3.6/site-packages/airflow/example_dags/example_skip_dag.py for tasks to queue
[2023-08-20 11:56:15,140] {logging_mixin.py:104} INFO - [2023-08-20 11:56:15,140] {dagbag.py:451} INFO - Filling up the DagBag from /home/airflow/.local/lib/python3.6/site-packages/airflow/example_dags/example_skip_dag.py
[2023-08-20 11:56:15,151] {scheduler_job.py:639} INFO - DAG(s) dict_keys(['example_skip_dag']) retrieved from /home/airflow/.local/lib/python3.6/site-packages/airflow/example_dags/example_skip_dag.py
[2023-08-20 11:56:15,174] {logging_mixin.py:104} INFO - [2023-08-20 11:56:15,174] {dag.py:1824} INFO - Sync 1 DAGs
[2023-08-20 11:56:15,195] {logging_mixin.py:104} INFO - [2023-08-20 11:56:15,195] {dag.py:2280} INFO - Setting next_dagrun for example_skip_dag to 2023-08-18 00:00:00+00:00
[2023-08-20 11:56:15,210] {scheduler_job.py:190} INFO - Processing /home/airflow/.local/lib/python3.6/site-packages/airflow/example_dags/example_skip_dag.py took 0.076 seconds
[2023-08-20 11:56:45,657] {scheduler_job.py:182} INFO - Started process (PID=893) to work on /home/airflow/.local/lib/python3.6/site-packages/airflow/example_dags/example_skip_dag.py
[2023-08-20 11:56:45,659] {scheduler_job.py:629} INFO - Processing file /home/airflow/.local/lib/python3.6/site-packages/airflow/example_dags/example_skip_dag.py for tasks to queue
[2023-08-20 11:56:45,660] {logging_mixin.py:104} INFO - [2023-08-20 11:56:45,660] {dagbag.py:451} INFO - Filling up the DagBag from /home/airflow/.local/lib/python3.6/site-packages/airflow/example_dags/example_skip_dag.py
[2023-08-20 11:56:45,670] {scheduler_job.py:639} INFO - DAG(s) dict_keys(['example_skip_dag']) retrieved from /home/airflow/.local/lib/python3.6/site-packages/airflow/example_dags/example_skip_dag.py
[2023-08-20 11:56:45,694] {logging_mixin.py:104} INFO - [2023-08-20 11:56:45,694] {dag.py:1824} INFO - Sync 1 DAGs
[2023-08-20 11:56:45,710] {logging_mixin.py:104} INFO - [2023-08-20 11:56:45,710] {dag.py:2280} INFO - Setting next_dagrun for example_skip_dag to 2023-08-18 00:00:00+00:00
[2023-08-20 11:56:45,726] {scheduler_job.py:190} INFO - Processing /home/airflow/.local/lib/python3.6/site-packages/airflow/example_dags/example_skip_dag.py took 0.072 seconds
[2023-08-20 11:57:16,033] {scheduler_job.py:182} INFO - Started process (PID=913) to work on /home/airflow/.local/lib/python3.6/site-packages/airflow/example_dags/example_skip_dag.py
[2023-08-20 11:57:16,036] {scheduler_job.py:629} INFO - Processing file /home/airflow/.local/lib/python3.6/site-packages/airflow/example_dags/example_skip_dag.py for tasks to queue
[2023-08-20 11:57:16,038] {logging_mixin.py:104} INFO - [2023-08-20 11:57:16,038] {dagbag.py:451} INFO - Filling up the DagBag from /home/airflow/.local/lib/python3.6/site-packages/airflow/example_dags/example_skip_dag.py
[2023-08-20 11:57:16,055] {scheduler_job.py:639} INFO - DAG(s) dict_keys(['example_skip_dag']) retrieved from /home/airflow/.local/lib/python3.6/site-packages/airflow/example_dags/example_skip_dag.py
[2023-08-20 11:57:16,085] {logging_mixin.py:104} INFO - [2023-08-20 11:57:16,085] {dag.py:1824} INFO - Sync 1 DAGs
[2023-08-20 11:57:16,105] {logging_mixin.py:104} INFO - [2023-08-20 11:57:16,105] {dag.py:2280} INFO - Setting next_dagrun for example_skip_dag to 2023-08-18 00:00:00+00:00
[2023-08-20 11:57:16,120] {scheduler_job.py:190} INFO - Processing /home/airflow/.local/lib/python3.6/site-packages/airflow/example_dags/example_skip_dag.py took 0.093 seconds
[2023-08-20 11:57:46,704] {scheduler_job.py:182} INFO - Started process (PID=939) to work on /home/airflow/.local/lib/python3.6/site-packages/airflow/example_dags/example_skip_dag.py
[2023-08-20 11:57:46,707] {scheduler_job.py:629} INFO - Processing file /home/airflow/.local/lib/python3.6/site-packages/airflow/example_dags/example_skip_dag.py for tasks to queue
[2023-08-20 11:57:46,708] {logging_mixin.py:104} INFO - [2023-08-20 11:57:46,708] {dagbag.py:451} INFO - Filling up the DagBag from /home/airflow/.local/lib/python3.6/site-packages/airflow/example_dags/example_skip_dag.py
[2023-08-20 11:57:46,719] {scheduler_job.py:639} INFO - DAG(s) dict_keys(['example_skip_dag']) retrieved from /home/airflow/.local/lib/python3.6/site-packages/airflow/example_dags/example_skip_dag.py
[2023-08-20 11:57:46,747] {logging_mixin.py:104} INFO - [2023-08-20 11:57:46,747] {dag.py:1824} INFO - Sync 1 DAGs
[2023-08-20 11:57:46,767] {logging_mixin.py:104} INFO - [2023-08-20 11:57:46,767] {dag.py:2280} INFO - Setting next_dagrun for example_skip_dag to 2023-08-18 00:00:00+00:00
[2023-08-20 11:57:46,780] {scheduler_job.py:190} INFO - Processing /home/airflow/.local/lib/python3.6/site-packages/airflow/example_dags/example_skip_dag.py took 0.078 seconds
[2023-08-20 11:58:17,071] {scheduler_job.py:182} INFO - Started process (PID=962) to work on /home/airflow/.local/lib/python3.6/site-packages/airflow/example_dags/example_skip_dag.py
[2023-08-20 11:58:17,073] {scheduler_job.py:629} INFO - Processing file /home/airflow/.local/lib/python3.6/site-packages/airflow/example_dags/example_skip_dag.py for tasks to queue
[2023-08-20 11:58:17,075] {logging_mixin.py:104} INFO - [2023-08-20 11:58:17,074] {dagbag.py:451} INFO - Filling up the DagBag from /home/airflow/.local/lib/python3.6/site-packages/airflow/example_dags/example_skip_dag.py
[2023-08-20 11:58:17,085] {scheduler_job.py:639} INFO - DAG(s) dict_keys(['example_skip_dag']) retrieved from /home/airflow/.local/lib/python3.6/site-packages/airflow/example_dags/example_skip_dag.py
[2023-08-20 11:58:17,112] {logging_mixin.py:104} INFO - [2023-08-20 11:58:17,112] {dag.py:1824} INFO - Sync 1 DAGs
[2023-08-20 11:58:17,130] {logging_mixin.py:104} INFO - [2023-08-20 11:58:17,129] {dag.py:2280} INFO - Setting next_dagrun for example_skip_dag to 2023-08-18 00:00:00+00:00
[2023-08-20 11:58:17,142] {scheduler_job.py:190} INFO - Processing /home/airflow/.local/lib/python3.6/site-packages/airflow/example_dags/example_skip_dag.py took 0.074 seconds
[2023-08-20 11:58:47,586] {scheduler_job.py:182} INFO - Started process (PID=988) to work on /home/airflow/.local/lib/python3.6/site-packages/airflow/example_dags/example_skip_dag.py
[2023-08-20 11:58:47,588] {scheduler_job.py:629} INFO - Processing file /home/airflow/.local/lib/python3.6/site-packages/airflow/example_dags/example_skip_dag.py for tasks to queue
[2023-08-20 11:58:47,590] {logging_mixin.py:104} INFO - [2023-08-20 11:58:47,589] {dagbag.py:451} INFO - Filling up the DagBag from /home/airflow/.local/lib/python3.6/site-packages/airflow/example_dags/example_skip_dag.py
[2023-08-20 11:58:47,602] {scheduler_job.py:639} INFO - DAG(s) dict_keys(['example_skip_dag']) retrieved from /home/airflow/.local/lib/python3.6/site-packages/airflow/example_dags/example_skip_dag.py
[2023-08-20 11:58:47,632] {logging_mixin.py:104} INFO - [2023-08-20 11:58:47,631] {dag.py:1824} INFO - Sync 1 DAGs
[2023-08-20 11:58:47,650] {logging_mixin.py:104} INFO - [2023-08-20 11:58:47,649] {dag.py:2280} INFO - Setting next_dagrun for example_skip_dag to 2023-08-18 00:00:00+00:00
[2023-08-20 11:58:47,664] {scheduler_job.py:190} INFO - Processing /home/airflow/.local/lib/python3.6/site-packages/airflow/example_dags/example_skip_dag.py took 0.081 seconds
[2023-08-20 11:59:18,208] {scheduler_job.py:182} INFO - Started process (PID=1014) to work on /home/airflow/.local/lib/python3.6/site-packages/airflow/example_dags/example_skip_dag.py
[2023-08-20 11:59:18,210] {scheduler_job.py:629} INFO - Processing file /home/airflow/.local/lib/python3.6/site-packages/airflow/example_dags/example_skip_dag.py for tasks to queue
[2023-08-20 11:59:18,212] {logging_mixin.py:104} INFO - [2023-08-20 11:59:18,212] {dagbag.py:451} INFO - Filling up the DagBag from /home/airflow/.local/lib/python3.6/site-packages/airflow/example_dags/example_skip_dag.py
[2023-08-20 11:59:18,226] {scheduler_job.py:639} INFO - DAG(s) dict_keys(['example_skip_dag']) retrieved from /home/airflow/.local/lib/python3.6/site-packages/airflow/example_dags/example_skip_dag.py
[2023-08-20 11:59:18,258] {logging_mixin.py:104} INFO - [2023-08-20 11:59:18,258] {dag.py:1824} INFO - Sync 1 DAGs
[2023-08-20 11:59:18,276] {logging_mixin.py:104} INFO - [2023-08-20 11:59:18,275] {dag.py:2280} INFO - Setting next_dagrun for example_skip_dag to 2023-08-18 00:00:00+00:00
[2023-08-20 11:59:18,289] {scheduler_job.py:190} INFO - Processing /home/airflow/.local/lib/python3.6/site-packages/airflow/example_dags/example_skip_dag.py took 0.084 seconds
[2023-08-20 11:59:48,893] {scheduler_job.py:182} INFO - Started process (PID=1040) to work on /home/airflow/.local/lib/python3.6/site-packages/airflow/example_dags/example_skip_dag.py
[2023-08-20 11:59:48,895] {scheduler_job.py:629} INFO - Processing file /home/airflow/.local/lib/python3.6/site-packages/airflow/example_dags/example_skip_dag.py for tasks to queue
[2023-08-20 11:59:48,896] {logging_mixin.py:104} INFO - [2023-08-20 11:59:48,896] {dagbag.py:451} INFO - Filling up the DagBag from /home/airflow/.local/lib/python3.6/site-packages/airflow/example_dags/example_skip_dag.py
[2023-08-20 11:59:48,914] {scheduler_job.py:639} INFO - DAG(s) dict_keys(['example_skip_dag']) retrieved from /home/airflow/.local/lib/python3.6/site-packages/airflow/example_dags/example_skip_dag.py
[2023-08-20 11:59:48,944] {logging_mixin.py:104} INFO - [2023-08-20 11:59:48,944] {dag.py:1824} INFO - Sync 1 DAGs
[2023-08-20 11:59:48,962] {logging_mixin.py:104} INFO - [2023-08-20 11:59:48,962] {dag.py:2280} INFO - Setting next_dagrun for example_skip_dag to 2023-08-18 00:00:00+00:00
[2023-08-20 11:59:48,980] {scheduler_job.py:190} INFO - Processing /home/airflow/.local/lib/python3.6/site-packages/airflow/example_dags/example_skip_dag.py took 0.092 seconds
[2023-08-20 12:00:19,204] {scheduler_job.py:182} INFO - Started process (PID=1060) to work on /home/airflow/.local/lib/python3.6/site-packages/airflow/example_dags/example_skip_dag.py
[2023-08-20 12:00:19,206] {scheduler_job.py:629} INFO - Processing file /home/airflow/.local/lib/python3.6/site-packages/airflow/example_dags/example_skip_dag.py for tasks to queue
[2023-08-20 12:00:19,208] {logging_mixin.py:104} INFO - [2023-08-20 12:00:19,207] {dagbag.py:451} INFO - Filling up the DagBag from /home/airflow/.local/lib/python3.6/site-packages/airflow/example_dags/example_skip_dag.py
[2023-08-20 12:00:19,222] {scheduler_job.py:639} INFO - DAG(s) dict_keys(['example_skip_dag']) retrieved from /home/airflow/.local/lib/python3.6/site-packages/airflow/example_dags/example_skip_dag.py
[2023-08-20 12:00:19,248] {logging_mixin.py:104} INFO - [2023-08-20 12:00:19,248] {dag.py:1824} INFO - Sync 1 DAGs
[2023-08-20 12:00:19,266] {logging_mixin.py:104} INFO - [2023-08-20 12:00:19,266] {dag.py:2280} INFO - Setting next_dagrun for example_skip_dag to 2023-08-18 00:00:00+00:00
[2023-08-20 12:00:19,281] {scheduler_job.py:190} INFO - Processing /home/airflow/.local/lib/python3.6/site-packages/airflow/example_dags/example_skip_dag.py took 0.081 seconds
[2023-08-20 12:00:49,902] {scheduler_job.py:182} INFO - Started process (PID=1086) to work on /home/airflow/.local/lib/python3.6/site-packages/airflow/example_dags/example_skip_dag.py
[2023-08-20 12:00:49,906] {scheduler_job.py:629} INFO - Processing file /home/airflow/.local/lib/python3.6/site-packages/airflow/example_dags/example_skip_dag.py for tasks to queue
[2023-08-20 12:00:49,908] {logging_mixin.py:104} INFO - [2023-08-20 12:00:49,908] {dagbag.py:451} INFO - Filling up the DagBag from /home/airflow/.local/lib/python3.6/site-packages/airflow/example_dags/example_skip_dag.py
[2023-08-20 12:00:49,925] {scheduler_job.py:639} INFO - DAG(s) dict_keys(['example_skip_dag']) retrieved from /home/airflow/.local/lib/python3.6/site-packages/airflow/example_dags/example_skip_dag.py
[2023-08-20 12:00:49,963] {logging_mixin.py:104} INFO - [2023-08-20 12:00:49,963] {dag.py:1824} INFO - Sync 1 DAGs
[2023-08-20 12:00:49,987] {logging_mixin.py:104} INFO - [2023-08-20 12:00:49,987] {dag.py:2280} INFO - Setting next_dagrun for example_skip_dag to 2023-08-18 00:00:00+00:00
[2023-08-20 12:00:50,003] {scheduler_job.py:190} INFO - Processing /home/airflow/.local/lib/python3.6/site-packages/airflow/example_dags/example_skip_dag.py took 0.106 seconds
[2023-08-20 12:01:20,877] {scheduler_job.py:182} INFO - Started process (PID=1118) to work on /home/airflow/.local/lib/python3.6/site-packages/airflow/example_dags/example_skip_dag.py
[2023-08-20 12:01:20,879] {scheduler_job.py:629} INFO - Processing file /home/airflow/.local/lib/python3.6/site-packages/airflow/example_dags/example_skip_dag.py for tasks to queue
[2023-08-20 12:01:20,880] {logging_mixin.py:104} INFO - [2023-08-20 12:01:20,880] {dagbag.py:451} INFO - Filling up the DagBag from /home/airflow/.local/lib/python3.6/site-packages/airflow/example_dags/example_skip_dag.py
[2023-08-20 12:01:20,891] {scheduler_job.py:639} INFO - DAG(s) dict_keys(['example_skip_dag']) retrieved from /home/airflow/.local/lib/python3.6/site-packages/airflow/example_dags/example_skip_dag.py
[2023-08-20 12:01:20,914] {logging_mixin.py:104} INFO - [2023-08-20 12:01:20,914] {dag.py:1824} INFO - Sync 1 DAGs
[2023-08-20 12:01:20,930] {logging_mixin.py:104} INFO - [2023-08-20 12:01:20,930] {dag.py:2280} INFO - Setting next_dagrun for example_skip_dag to 2023-08-18 00:00:00+00:00
[2023-08-20 12:01:20,946] {scheduler_job.py:190} INFO - Processing /home/airflow/.local/lib/python3.6/site-packages/airflow/example_dags/example_skip_dag.py took 0.073 seconds
[2023-08-20T17:37:39.076+0000] {processor.py:157} INFO - Started process (PID=56) to work on /home/airflow/.local/lib/python3.8/site-packages/airflow/example_dags/example_skip_dag.py
[2023-08-20T17:37:39.079+0000] {processor.py:829} INFO - Processing file /home/airflow/.local/lib/python3.8/site-packages/airflow/example_dags/example_skip_dag.py for tasks to queue
[2023-08-20T17:37:39.082+0000] {logging_mixin.py:151} INFO - [2023-08-20T17:37:39.081+0000] {dagbag.py:539} INFO - Filling up the DagBag from /home/airflow/.local/lib/python3.8/site-packages/airflow/example_dags/example_skip_dag.py
[2023-08-20T17:37:39.104+0000] {processor.py:839} INFO - DAG(s) dict_keys(['example_skip_dag']) retrieved from /home/airflow/.local/lib/python3.8/site-packages/airflow/example_dags/example_skip_dag.py
[2023-08-20T17:37:39.300+0000] {logging_mixin.py:151} INFO - [2023-08-20T17:37:39.300+0000] {dag.py:2907} INFO - Sync 1 DAGs
[2023-08-20T17:37:39.325+0000] {logging_mixin.py:151} INFO - [2023-08-20T17:37:39.325+0000] {dag.py:3677} INFO - Setting next_dagrun for example_skip_dag to 2023-08-19T17:37:39.324759+00:00, run_after=2023-08-20T17:37:39.324759+00:00
[2023-08-20T17:37:39.348+0000] {processor.py:179} INFO - Processing /home/airflow/.local/lib/python3.8/site-packages/airflow/example_dags/example_skip_dag.py took 0.277 seconds
[2023-08-20T17:38:09.606+0000] {processor.py:157} INFO - Started process (PID=110) to work on /home/airflow/.local/lib/python3.8/site-packages/airflow/example_dags/example_skip_dag.py
[2023-08-20T17:38:09.607+0000] {processor.py:829} INFO - Processing file /home/airflow/.local/lib/python3.8/site-packages/airflow/example_dags/example_skip_dag.py for tasks to queue
[2023-08-20T17:38:09.611+0000] {logging_mixin.py:151} INFO - [2023-08-20T17:38:09.610+0000] {dagbag.py:539} INFO - Filling up the DagBag from /home/airflow/.local/lib/python3.8/site-packages/airflow/example_dags/example_skip_dag.py
[2023-08-20T17:38:09.620+0000] {processor.py:839} INFO - DAG(s) dict_keys(['example_skip_dag']) retrieved from /home/airflow/.local/lib/python3.8/site-packages/airflow/example_dags/example_skip_dag.py
[2023-08-20T17:38:09.650+0000] {logging_mixin.py:151} INFO - [2023-08-20T17:38:09.649+0000] {dag.py:2907} INFO - Sync 1 DAGs
[2023-08-20T17:38:09.681+0000] {logging_mixin.py:151} INFO - [2023-08-20T17:38:09.681+0000] {dag.py:3677} INFO - Setting next_dagrun for example_skip_dag to 2023-08-19T17:38:09.681174+00:00, run_after=2023-08-20T17:38:09.681174+00:00
[2023-08-20T17:38:09.711+0000] {processor.py:179} INFO - Processing /home/airflow/.local/lib/python3.8/site-packages/airflow/example_dags/example_skip_dag.py took 0.110 seconds
[2023-08-20T17:38:40.744+0000] {processor.py:157} INFO - Started process (PID=164) to work on /home/airflow/.local/lib/python3.8/site-packages/airflow/example_dags/example_skip_dag.py
[2023-08-20T17:38:40.747+0000] {processor.py:829} INFO - Processing file /home/airflow/.local/lib/python3.8/site-packages/airflow/example_dags/example_skip_dag.py for tasks to queue
[2023-08-20T17:38:40.751+0000] {logging_mixin.py:151} INFO - [2023-08-20T17:38:40.751+0000] {dagbag.py:539} INFO - Filling up the DagBag from /home/airflow/.local/lib/python3.8/site-packages/airflow/example_dags/example_skip_dag.py
[2023-08-20T17:38:40.762+0000] {processor.py:839} INFO - DAG(s) dict_keys(['example_skip_dag']) retrieved from /home/airflow/.local/lib/python3.8/site-packages/airflow/example_dags/example_skip_dag.py
[2023-08-20T17:38:40.797+0000] {logging_mixin.py:151} INFO - [2023-08-20T17:38:40.796+0000] {dag.py:2907} INFO - Sync 1 DAGs
[2023-08-20T17:38:40.828+0000] {logging_mixin.py:151} INFO - [2023-08-20T17:38:40.827+0000] {dag.py:3677} INFO - Setting next_dagrun for example_skip_dag to 2023-08-19T17:38:40.827708+00:00, run_after=2023-08-20T17:38:40.827708+00:00
[2023-08-20T17:38:40.855+0000] {processor.py:179} INFO - Processing /home/airflow/.local/lib/python3.8/site-packages/airflow/example_dags/example_skip_dag.py took 0.116 seconds
[2023-08-20T17:39:10.997+0000] {processor.py:157} INFO - Started process (PID=218) to work on /home/airflow/.local/lib/python3.8/site-packages/airflow/example_dags/example_skip_dag.py
[2023-08-20T17:39:10.999+0000] {processor.py:829} INFO - Processing file /home/airflow/.local/lib/python3.8/site-packages/airflow/example_dags/example_skip_dag.py for tasks to queue
[2023-08-20T17:39:11.002+0000] {logging_mixin.py:151} INFO - [2023-08-20T17:39:11.002+0000] {dagbag.py:539} INFO - Filling up the DagBag from /home/airflow/.local/lib/python3.8/site-packages/airflow/example_dags/example_skip_dag.py
[2023-08-20T17:39:11.012+0000] {processor.py:839} INFO - DAG(s) dict_keys(['example_skip_dag']) retrieved from /home/airflow/.local/lib/python3.8/site-packages/airflow/example_dags/example_skip_dag.py
[2023-08-20T17:39:11.056+0000] {logging_mixin.py:151} INFO - [2023-08-20T17:39:11.056+0000] {dag.py:2907} INFO - Sync 1 DAGs
[2023-08-20T17:39:11.090+0000] {logging_mixin.py:151} INFO - [2023-08-20T17:39:11.090+0000] {dag.py:3677} INFO - Setting next_dagrun for example_skip_dag to 2023-08-19T17:39:11.090311+00:00, run_after=2023-08-20T17:39:11.090311+00:00
[2023-08-20T17:39:11.128+0000] {processor.py:179} INFO - Processing /home/airflow/.local/lib/python3.8/site-packages/airflow/example_dags/example_skip_dag.py took 0.137 seconds
[2023-08-20T17:39:41.598+0000] {processor.py:157} INFO - Started process (PID=272) to work on /home/airflow/.local/lib/python3.8/site-packages/airflow/example_dags/example_skip_dag.py
[2023-08-20T17:39:41.599+0000] {processor.py:829} INFO - Processing file /home/airflow/.local/lib/python3.8/site-packages/airflow/example_dags/example_skip_dag.py for tasks to queue
[2023-08-20T17:39:41.603+0000] {logging_mixin.py:151} INFO - [2023-08-20T17:39:41.602+0000] {dagbag.py:539} INFO - Filling up the DagBag from /home/airflow/.local/lib/python3.8/site-packages/airflow/example_dags/example_skip_dag.py
[2023-08-20T17:39:41.613+0000] {processor.py:839} INFO - DAG(s) dict_keys(['example_skip_dag']) retrieved from /home/airflow/.local/lib/python3.8/site-packages/airflow/example_dags/example_skip_dag.py
[2023-08-20T17:39:41.631+0000] {logging_mixin.py:151} INFO - [2023-08-20T17:39:41.630+0000] {dag.py:2907} INFO - Sync 1 DAGs
[2023-08-20T17:39:41.664+0000] {logging_mixin.py:151} INFO - [2023-08-20T17:39:41.664+0000] {dag.py:3677} INFO - Setting next_dagrun for example_skip_dag to 2023-08-19T17:39:41.664247+00:00, run_after=2023-08-20T17:39:41.664247+00:00
[2023-08-20T17:39:41.694+0000] {processor.py:179} INFO - Processing /home/airflow/.local/lib/python3.8/site-packages/airflow/example_dags/example_skip_dag.py took 0.102 seconds
[2023-08-20T17:40:12.154+0000] {processor.py:157} INFO - Started process (PID=326) to work on /home/airflow/.local/lib/python3.8/site-packages/airflow/example_dags/example_skip_dag.py
[2023-08-20T17:40:12.156+0000] {processor.py:829} INFO - Processing file /home/airflow/.local/lib/python3.8/site-packages/airflow/example_dags/example_skip_dag.py for tasks to queue
[2023-08-20T17:40:12.160+0000] {logging_mixin.py:151} INFO - [2023-08-20T17:40:12.160+0000] {dagbag.py:539} INFO - Filling up the DagBag from /home/airflow/.local/lib/python3.8/site-packages/airflow/example_dags/example_skip_dag.py
[2023-08-20T17:40:12.174+0000] {processor.py:839} INFO - DAG(s) dict_keys(['example_skip_dag']) retrieved from /home/airflow/.local/lib/python3.8/site-packages/airflow/example_dags/example_skip_dag.py
[2023-08-20T17:40:12.208+0000] {logging_mixin.py:151} INFO - [2023-08-20T17:40:12.208+0000] {dag.py:2907} INFO - Sync 1 DAGs
[2023-08-20T17:40:12.242+0000] {logging_mixin.py:151} INFO - [2023-08-20T17:40:12.242+0000] {dag.py:3677} INFO - Setting next_dagrun for example_skip_dag to 2023-08-19T17:40:12.241654+00:00, run_after=2023-08-20T17:40:12.241654+00:00
[2023-08-20T17:40:12.278+0000] {processor.py:179} INFO - Processing /home/airflow/.local/lib/python3.8/site-packages/airflow/example_dags/example_skip_dag.py took 0.128 seconds
[2023-08-20T17:40:42.882+0000] {processor.py:157} INFO - Started process (PID=380) to work on /home/airflow/.local/lib/python3.8/site-packages/airflow/example_dags/example_skip_dag.py
[2023-08-20T17:40:42.884+0000] {processor.py:829} INFO - Processing file /home/airflow/.local/lib/python3.8/site-packages/airflow/example_dags/example_skip_dag.py for tasks to queue
[2023-08-20T17:40:42.887+0000] {logging_mixin.py:151} INFO - [2023-08-20T17:40:42.887+0000] {dagbag.py:539} INFO - Filling up the DagBag from /home/airflow/.local/lib/python3.8/site-packages/airflow/example_dags/example_skip_dag.py
[2023-08-20T17:40:42.897+0000] {processor.py:839} INFO - DAG(s) dict_keys(['example_skip_dag']) retrieved from /home/airflow/.local/lib/python3.8/site-packages/airflow/example_dags/example_skip_dag.py
[2023-08-20T17:40:42.928+0000] {logging_mixin.py:151} INFO - [2023-08-20T17:40:42.927+0000] {dag.py:2907} INFO - Sync 1 DAGs
[2023-08-20T17:40:42.960+0000] {logging_mixin.py:151} INFO - [2023-08-20T17:40:42.960+0000] {dag.py:3677} INFO - Setting next_dagrun for example_skip_dag to 2023-08-19T17:40:42.959937+00:00, run_after=2023-08-20T17:40:42.959937+00:00
[2023-08-20T17:40:42.992+0000] {processor.py:179} INFO - Processing /home/airflow/.local/lib/python3.8/site-packages/airflow/example_dags/example_skip_dag.py took 0.114 seconds
[2023-08-20T17:41:13.263+0000] {processor.py:157} INFO - Started process (PID=434) to work on /home/airflow/.local/lib/python3.8/site-packages/airflow/example_dags/example_skip_dag.py
[2023-08-20T17:41:13.265+0000] {processor.py:829} INFO - Processing file /home/airflow/.local/lib/python3.8/site-packages/airflow/example_dags/example_skip_dag.py for tasks to queue
[2023-08-20T17:41:13.268+0000] {logging_mixin.py:151} INFO - [2023-08-20T17:41:13.267+0000] {dagbag.py:539} INFO - Filling up the DagBag from /home/airflow/.local/lib/python3.8/site-packages/airflow/example_dags/example_skip_dag.py
[2023-08-20T17:41:13.276+0000] {processor.py:839} INFO - DAG(s) dict_keys(['example_skip_dag']) retrieved from /home/airflow/.local/lib/python3.8/site-packages/airflow/example_dags/example_skip_dag.py
[2023-08-20T17:41:13.304+0000] {logging_mixin.py:151} INFO - [2023-08-20T17:41:13.304+0000] {dag.py:2907} INFO - Sync 1 DAGs
[2023-08-20T17:41:13.333+0000] {logging_mixin.py:151} INFO - [2023-08-20T17:41:13.333+0000] {dag.py:3677} INFO - Setting next_dagrun for example_skip_dag to 2023-08-19T17:41:13.333188+00:00, run_after=2023-08-20T17:41:13.333188+00:00
[2023-08-20T17:41:13.361+0000] {processor.py:179} INFO - Processing /home/airflow/.local/lib/python3.8/site-packages/airflow/example_dags/example_skip_dag.py took 0.102 seconds
[2023-08-20T17:41:43.521+0000] {processor.py:157} INFO - Started process (PID=488) to work on /home/airflow/.local/lib/python3.8/site-packages/airflow/example_dags/example_skip_dag.py
[2023-08-20T17:41:43.523+0000] {processor.py:829} INFO - Processing file /home/airflow/.local/lib/python3.8/site-packages/airflow/example_dags/example_skip_dag.py for tasks to queue
[2023-08-20T17:41:43.529+0000] {logging_mixin.py:151} INFO - [2023-08-20T17:41:43.528+0000] {dagbag.py:539} INFO - Filling up the DagBag from /home/airflow/.local/lib/python3.8/site-packages/airflow/example_dags/example_skip_dag.py
[2023-08-20T17:41:43.540+0000] {processor.py:839} INFO - DAG(s) dict_keys(['example_skip_dag']) retrieved from /home/airflow/.local/lib/python3.8/site-packages/airflow/example_dags/example_skip_dag.py
[2023-08-20T17:41:43.583+0000] {logging_mixin.py:151} INFO - [2023-08-20T17:41:43.582+0000] {dag.py:2907} INFO - Sync 1 DAGs
[2023-08-20T17:41:43.611+0000] {logging_mixin.py:151} INFO - [2023-08-20T17:41:43.610+0000] {dag.py:3677} INFO - Setting next_dagrun for example_skip_dag to 2023-08-19T17:41:43.610434+00:00, run_after=2023-08-20T17:41:43.610434+00:00
[2023-08-20T17:41:43.638+0000] {processor.py:179} INFO - Processing /home/airflow/.local/lib/python3.8/site-packages/airflow/example_dags/example_skip_dag.py took 0.123 seconds
[2023-08-20T17:42:13.957+0000] {processor.py:157} INFO - Started process (PID=542) to work on /home/airflow/.local/lib/python3.8/site-packages/airflow/example_dags/example_skip_dag.py
[2023-08-20T17:42:13.959+0000] {processor.py:829} INFO - Processing file /home/airflow/.local/lib/python3.8/site-packages/airflow/example_dags/example_skip_dag.py for tasks to queue
[2023-08-20T17:42:13.962+0000] {logging_mixin.py:151} INFO - [2023-08-20T17:42:13.962+0000] {dagbag.py:539} INFO - Filling up the DagBag from /home/airflow/.local/lib/python3.8/site-packages/airflow/example_dags/example_skip_dag.py
[2023-08-20T17:42:13.970+0000] {processor.py:839} INFO - DAG(s) dict_keys(['example_skip_dag']) retrieved from /home/airflow/.local/lib/python3.8/site-packages/airflow/example_dags/example_skip_dag.py
[2023-08-20T17:42:13.999+0000] {logging_mixin.py:151} INFO - [2023-08-20T17:42:13.999+0000] {dag.py:2907} INFO - Sync 1 DAGs
[2023-08-20T17:42:14.031+0000] {logging_mixin.py:151} INFO - [2023-08-20T17:42:14.031+0000] {dag.py:3677} INFO - Setting next_dagrun for example_skip_dag to 2023-08-19T17:42:14.031019+00:00, run_after=2023-08-20T17:42:14.031019+00:00
[2023-08-20T17:42:14.061+0000] {processor.py:179} INFO - Processing /home/airflow/.local/lib/python3.8/site-packages/airflow/example_dags/example_skip_dag.py took 0.109 seconds
[2023-08-20T17:42:44.380+0000] {processor.py:157} INFO - Started process (PID=596) to work on /home/airflow/.local/lib/python3.8/site-packages/airflow/example_dags/example_skip_dag.py
[2023-08-20T17:42:44.382+0000] {processor.py:829} INFO - Processing file /home/airflow/.local/lib/python3.8/site-packages/airflow/example_dags/example_skip_dag.py for tasks to queue
[2023-08-20T17:42:44.385+0000] {logging_mixin.py:151} INFO - [2023-08-20T17:42:44.384+0000] {dagbag.py:539} INFO - Filling up the DagBag from /home/airflow/.local/lib/python3.8/site-packages/airflow/example_dags/example_skip_dag.py
[2023-08-20T17:42:44.393+0000] {processor.py:839} INFO - DAG(s) dict_keys(['example_skip_dag']) retrieved from /home/airflow/.local/lib/python3.8/site-packages/airflow/example_dags/example_skip_dag.py
[2023-08-20T17:42:44.422+0000] {logging_mixin.py:151} INFO - [2023-08-20T17:42:44.421+0000] {dag.py:2907} INFO - Sync 1 DAGs
[2023-08-20T17:42:44.449+0000] {logging_mixin.py:151} INFO - [2023-08-20T17:42:44.448+0000] {dag.py:3677} INFO - Setting next_dagrun for example_skip_dag to 2023-08-19T17:42:44.448512+00:00, run_after=2023-08-20T17:42:44.448512+00:00
[2023-08-20T17:42:44.476+0000] {processor.py:179} INFO - Processing /home/airflow/.local/lib/python3.8/site-packages/airflow/example_dags/example_skip_dag.py took 0.100 seconds
[2023-08-20T17:43:15.025+0000] {processor.py:157} INFO - Started process (PID=650) to work on /home/airflow/.local/lib/python3.8/site-packages/airflow/example_dags/example_skip_dag.py
[2023-08-20T17:43:15.028+0000] {processor.py:829} INFO - Processing file /home/airflow/.local/lib/python3.8/site-packages/airflow/example_dags/example_skip_dag.py for tasks to queue
[2023-08-20T17:43:15.032+0000] {logging_mixin.py:151} INFO - [2023-08-20T17:43:15.032+0000] {dagbag.py:539} INFO - Filling up the DagBag from /home/airflow/.local/lib/python3.8/site-packages/airflow/example_dags/example_skip_dag.py
[2023-08-20T17:43:15.045+0000] {processor.py:839} INFO - DAG(s) dict_keys(['example_skip_dag']) retrieved from /home/airflow/.local/lib/python3.8/site-packages/airflow/example_dags/example_skip_dag.py
[2023-08-20T17:43:15.075+0000] {logging_mixin.py:151} INFO - [2023-08-20T17:43:15.074+0000] {dag.py:2907} INFO - Sync 1 DAGs
[2023-08-20T17:43:15.115+0000] {logging_mixin.py:151} INFO - [2023-08-20T17:43:15.114+0000] {dag.py:3677} INFO - Setting next_dagrun for example_skip_dag to 2023-08-19T17:43:15.114342+00:00, run_after=2023-08-20T17:43:15.114342+00:00
[2023-08-20T17:43:15.165+0000] {processor.py:179} INFO - Processing /home/airflow/.local/lib/python3.8/site-packages/airflow/example_dags/example_skip_dag.py took 0.145 seconds
[2023-08-20T17:43:45.813+0000] {processor.py:157} INFO - Started process (PID=704) to work on /home/airflow/.local/lib/python3.8/site-packages/airflow/example_dags/example_skip_dag.py
[2023-08-20T17:43:45.814+0000] {processor.py:829} INFO - Processing file /home/airflow/.local/lib/python3.8/site-packages/airflow/example_dags/example_skip_dag.py for tasks to queue
[2023-08-20T17:43:45.817+0000] {logging_mixin.py:151} INFO - [2023-08-20T17:43:45.817+0000] {dagbag.py:539} INFO - Filling up the DagBag from /home/airflow/.local/lib/python3.8/site-packages/airflow/example_dags/example_skip_dag.py
[2023-08-20T17:43:45.825+0000] {processor.py:839} INFO - DAG(s) dict_keys(['example_skip_dag']) retrieved from /home/airflow/.local/lib/python3.8/site-packages/airflow/example_dags/example_skip_dag.py
[2023-08-20T17:43:45.851+0000] {logging_mixin.py:151} INFO - [2023-08-20T17:43:45.850+0000] {dag.py:2907} INFO - Sync 1 DAGs
[2023-08-20T17:43:45.881+0000] {logging_mixin.py:151} INFO - [2023-08-20T17:43:45.881+0000] {dag.py:3677} INFO - Setting next_dagrun for example_skip_dag to 2023-08-19T17:43:45.881049+00:00, run_after=2023-08-20T17:43:45.881049+00:00
[2023-08-20T17:43:45.906+0000] {processor.py:179} INFO - Processing /home/airflow/.local/lib/python3.8/site-packages/airflow/example_dags/example_skip_dag.py took 0.097 seconds
[2023-08-20T17:44:16.144+0000] {processor.py:157} INFO - Started process (PID=758) to work on /home/airflow/.local/lib/python3.8/site-packages/airflow/example_dags/example_skip_dag.py
[2023-08-20T17:44:16.145+0000] {processor.py:829} INFO - Processing file /home/airflow/.local/lib/python3.8/site-packages/airflow/example_dags/example_skip_dag.py for tasks to queue
[2023-08-20T17:44:16.149+0000] {logging_mixin.py:151} INFO - [2023-08-20T17:44:16.148+0000] {dagbag.py:539} INFO - Filling up the DagBag from /home/airflow/.local/lib/python3.8/site-packages/airflow/example_dags/example_skip_dag.py
[2023-08-20T17:44:16.157+0000] {processor.py:839} INFO - DAG(s) dict_keys(['example_skip_dag']) retrieved from /home/airflow/.local/lib/python3.8/site-packages/airflow/example_dags/example_skip_dag.py
[2023-08-20T17:44:16.185+0000] {logging_mixin.py:151} INFO - [2023-08-20T17:44:16.185+0000] {dag.py:2907} INFO - Sync 1 DAGs
[2023-08-20T17:44:16.211+0000] {logging_mixin.py:151} INFO - [2023-08-20T17:44:16.211+0000] {dag.py:3677} INFO - Setting next_dagrun for example_skip_dag to 2023-08-19T17:44:16.211336+00:00, run_after=2023-08-20T17:44:16.211336+00:00
[2023-08-20T17:44:16.236+0000] {processor.py:179} INFO - Processing /home/airflow/.local/lib/python3.8/site-packages/airflow/example_dags/example_skip_dag.py took 0.097 seconds
[2023-08-20T17:44:46.486+0000] {processor.py:157} INFO - Started process (PID=812) to work on /home/airflow/.local/lib/python3.8/site-packages/airflow/example_dags/example_skip_dag.py
[2023-08-20T17:44:46.488+0000] {processor.py:829} INFO - Processing file /home/airflow/.local/lib/python3.8/site-packages/airflow/example_dags/example_skip_dag.py for tasks to queue
[2023-08-20T17:44:46.491+0000] {logging_mixin.py:151} INFO - [2023-08-20T17:44:46.491+0000] {dagbag.py:539} INFO - Filling up the DagBag from /home/airflow/.local/lib/python3.8/site-packages/airflow/example_dags/example_skip_dag.py
[2023-08-20T17:44:46.499+0000] {processor.py:839} INFO - DAG(s) dict_keys(['example_skip_dag']) retrieved from /home/airflow/.local/lib/python3.8/site-packages/airflow/example_dags/example_skip_dag.py
[2023-08-20T17:44:46.529+0000] {logging_mixin.py:151} INFO - [2023-08-20T17:44:46.529+0000] {dag.py:2907} INFO - Sync 1 DAGs
[2023-08-20T17:44:46.559+0000] {logging_mixin.py:151} INFO - [2023-08-20T17:44:46.559+0000] {dag.py:3677} INFO - Setting next_dagrun for example_skip_dag to 2023-08-19T17:44:46.558822+00:00, run_after=2023-08-20T17:44:46.558822+00:00
[2023-08-20T17:44:46.585+0000] {processor.py:179} INFO - Processing /home/airflow/.local/lib/python3.8/site-packages/airflow/example_dags/example_skip_dag.py took 0.103 seconds
[2023-08-20T17:45:17.172+0000] {processor.py:157} INFO - Started process (PID=866) to work on /home/airflow/.local/lib/python3.8/site-packages/airflow/example_dags/example_skip_dag.py
[2023-08-20T17:45:17.174+0000] {processor.py:829} INFO - Processing file /home/airflow/.local/lib/python3.8/site-packages/airflow/example_dags/example_skip_dag.py for tasks to queue
[2023-08-20T17:45:17.177+0000] {logging_mixin.py:151} INFO - [2023-08-20T17:45:17.176+0000] {dagbag.py:539} INFO - Filling up the DagBag from /home/airflow/.local/lib/python3.8/site-packages/airflow/example_dags/example_skip_dag.py
[2023-08-20T17:45:17.191+0000] {processor.py:839} INFO - DAG(s) dict_keys(['example_skip_dag']) retrieved from /home/airflow/.local/lib/python3.8/site-packages/airflow/example_dags/example_skip_dag.py
[2023-08-20T17:45:17.218+0000] {logging_mixin.py:151} INFO - [2023-08-20T17:45:17.217+0000] {dag.py:2907} INFO - Sync 1 DAGs
[2023-08-20T17:45:17.243+0000] {logging_mixin.py:151} INFO - [2023-08-20T17:45:17.243+0000] {dag.py:3677} INFO - Setting next_dagrun for example_skip_dag to 2023-08-19T17:45:17.243167+00:00, run_after=2023-08-20T17:45:17.243167+00:00
[2023-08-20T17:45:17.268+0000] {processor.py:179} INFO - Processing /home/airflow/.local/lib/python3.8/site-packages/airflow/example_dags/example_skip_dag.py took 0.101 seconds
[2023-08-20T17:45:47.508+0000] {processor.py:157} INFO - Started process (PID=920) to work on /home/airflow/.local/lib/python3.8/site-packages/airflow/example_dags/example_skip_dag.py
[2023-08-20T17:45:47.510+0000] {processor.py:829} INFO - Processing file /home/airflow/.local/lib/python3.8/site-packages/airflow/example_dags/example_skip_dag.py for tasks to queue
[2023-08-20T17:45:47.513+0000] {logging_mixin.py:151} INFO - [2023-08-20T17:45:47.513+0000] {dagbag.py:539} INFO - Filling up the DagBag from /home/airflow/.local/lib/python3.8/site-packages/airflow/example_dags/example_skip_dag.py
[2023-08-20T17:45:47.522+0000] {processor.py:839} INFO - DAG(s) dict_keys(['example_skip_dag']) retrieved from /home/airflow/.local/lib/python3.8/site-packages/airflow/example_dags/example_skip_dag.py
[2023-08-20T17:45:47.548+0000] {logging_mixin.py:151} INFO - [2023-08-20T17:45:47.548+0000] {dag.py:2907} INFO - Sync 1 DAGs
[2023-08-20T17:45:47.577+0000] {logging_mixin.py:151} INFO - [2023-08-20T17:45:47.577+0000] {dag.py:3677} INFO - Setting next_dagrun for example_skip_dag to 2023-08-19T17:45:47.576687+00:00, run_after=2023-08-20T17:45:47.576687+00:00
[2023-08-20T17:45:47.602+0000] {processor.py:179} INFO - Processing /home/airflow/.local/lib/python3.8/site-packages/airflow/example_dags/example_skip_dag.py took 0.098 seconds
[2023-08-20T17:46:17.855+0000] {processor.py:157} INFO - Started process (PID=974) to work on /home/airflow/.local/lib/python3.8/site-packages/airflow/example_dags/example_skip_dag.py
[2023-08-20T17:46:17.857+0000] {processor.py:829} INFO - Processing file /home/airflow/.local/lib/python3.8/site-packages/airflow/example_dags/example_skip_dag.py for tasks to queue
[2023-08-20T17:46:17.860+0000] {logging_mixin.py:151} INFO - [2023-08-20T17:46:17.859+0000] {dagbag.py:539} INFO - Filling up the DagBag from /home/airflow/.local/lib/python3.8/site-packages/airflow/example_dags/example_skip_dag.py
[2023-08-20T17:46:17.868+0000] {processor.py:839} INFO - DAG(s) dict_keys(['example_skip_dag']) retrieved from /home/airflow/.local/lib/python3.8/site-packages/airflow/example_dags/example_skip_dag.py
[2023-08-20T17:46:17.898+0000] {logging_mixin.py:151} INFO - [2023-08-20T17:46:17.898+0000] {dag.py:2907} INFO - Sync 1 DAGs
[2023-08-20T17:46:17.929+0000] {logging_mixin.py:151} INFO - [2023-08-20T17:46:17.929+0000] {dag.py:3677} INFO - Setting next_dagrun for example_skip_dag to 2023-08-19T17:46:17.928796+00:00, run_after=2023-08-20T17:46:17.928796+00:00
[2023-08-20T17:46:17.961+0000] {processor.py:179} INFO - Processing /home/airflow/.local/lib/python3.8/site-packages/airflow/example_dags/example_skip_dag.py took 0.110 seconds
[2023-08-20T17:46:48.080+0000] {processor.py:157} INFO - Started process (PID=1027) to work on /home/airflow/.local/lib/python3.8/site-packages/airflow/example_dags/example_skip_dag.py
[2023-08-20T17:46:48.081+0000] {processor.py:829} INFO - Processing file /home/airflow/.local/lib/python3.8/site-packages/airflow/example_dags/example_skip_dag.py for tasks to queue
[2023-08-20T17:46:48.084+0000] {logging_mixin.py:151} INFO - [2023-08-20T17:46:48.084+0000] {dagbag.py:539} INFO - Filling up the DagBag from /home/airflow/.local/lib/python3.8/site-packages/airflow/example_dags/example_skip_dag.py
[2023-08-20T17:46:48.094+0000] {processor.py:839} INFO - DAG(s) dict_keys(['example_skip_dag']) retrieved from /home/airflow/.local/lib/python3.8/site-packages/airflow/example_dags/example_skip_dag.py
[2023-08-20T17:46:48.122+0000] {logging_mixin.py:151} INFO - [2023-08-20T17:46:48.122+0000] {dag.py:2907} INFO - Sync 1 DAGs
[2023-08-20T17:46:48.152+0000] {logging_mixin.py:151} INFO - [2023-08-20T17:46:48.151+0000] {dag.py:3677} INFO - Setting next_dagrun for example_skip_dag to 2023-08-19T17:46:48.151487+00:00, run_after=2023-08-20T17:46:48.151487+00:00
[2023-08-20T17:46:48.180+0000] {processor.py:179} INFO - Processing /home/airflow/.local/lib/python3.8/site-packages/airflow/example_dags/example_skip_dag.py took 0.104 seconds
