[2023-08-20 11:40:24,629] {scheduler_job.py:182} INFO - Started process (PID=65) to work on /home/airflow/.local/lib/python3.6/site-packages/airflow/example_dags/example_external_task_marker_dag.py
[2023-08-20 11:40:24,635] {scheduler_job.py:629} INFO - Processing file /home/airflow/.local/lib/python3.6/site-packages/airflow/example_dags/example_external_task_marker_dag.py for tasks to queue
[2023-08-20 11:40:24,636] {logging_mixin.py:104} INFO - [2023-08-20 11:40:24,636] {dagbag.py:451} INFO - Filling up the DagBag from /home/airflow/.local/lib/python3.6/site-packages/airflow/example_dags/example_external_task_marker_dag.py
[2023-08-20 11:40:24,660] {scheduler_job.py:639} INFO - DAG(s) dict_keys(['example_external_task_marker_parent', 'example_external_task_marker_child']) retrieved from /home/airflow/.local/lib/python3.6/site-packages/airflow/example_dags/example_external_task_marker_dag.py
[2023-08-20 11:40:24,709] {logging_mixin.py:104} INFO - [2023-08-20 11:40:24,709] {dag.py:1824} INFO - Sync 2 DAGs
[2023-08-20 11:40:24,789] {logging_mixin.py:104} INFO - [2023-08-20 11:40:24,789] {dag.py:1843} INFO - Creating ORM DAG for example_external_task_marker_child
[2023-08-20 11:40:24,790] {logging_mixin.py:104} INFO - [2023-08-20 11:40:24,790] {dag.py:1843} INFO - Creating ORM DAG for example_external_task_marker_parent
[2023-08-20 11:40:24,805] {logging_mixin.py:104} INFO - [2023-08-20 11:40:24,805] {dag.py:2280} INFO - Setting next_dagrun for example_external_task_marker_child to None
[2023-08-20 11:40:24,807] {logging_mixin.py:104} INFO - [2023-08-20 11:40:24,807] {dag.py:2280} INFO - Setting next_dagrun for example_external_task_marker_parent to None
[2023-08-20 11:40:24,841] {scheduler_job.py:190} INFO - Processing /home/airflow/.local/lib/python3.6/site-packages/airflow/example_dags/example_external_task_marker_dag.py took 0.217 seconds
[2023-08-20 11:40:55,741] {scheduler_job.py:182} INFO - Started process (PID=91) to work on /home/airflow/.local/lib/python3.6/site-packages/airflow/example_dags/example_external_task_marker_dag.py
[2023-08-20 11:40:55,744] {scheduler_job.py:629} INFO - Processing file /home/airflow/.local/lib/python3.6/site-packages/airflow/example_dags/example_external_task_marker_dag.py for tasks to queue
[2023-08-20 11:40:55,746] {logging_mixin.py:104} INFO - [2023-08-20 11:40:55,746] {dagbag.py:451} INFO - Filling up the DagBag from /home/airflow/.local/lib/python3.6/site-packages/airflow/example_dags/example_external_task_marker_dag.py
[2023-08-20 11:40:55,766] {scheduler_job.py:639} INFO - DAG(s) dict_keys(['example_external_task_marker_parent', 'example_external_task_marker_child']) retrieved from /home/airflow/.local/lib/python3.6/site-packages/airflow/example_dags/example_external_task_marker_dag.py
[2023-08-20 11:40:55,798] {logging_mixin.py:104} INFO - [2023-08-20 11:40:55,798] {dag.py:1824} INFO - Sync 2 DAGs
[2023-08-20 11:40:55,824] {logging_mixin.py:104} INFO - [2023-08-20 11:40:55,824] {dag.py:2280} INFO - Setting next_dagrun for example_external_task_marker_child to None
[2023-08-20 11:40:55,826] {logging_mixin.py:104} INFO - [2023-08-20 11:40:55,826] {dag.py:2280} INFO - Setting next_dagrun for example_external_task_marker_parent to None
[2023-08-20 11:40:55,847] {scheduler_job.py:190} INFO - Processing /home/airflow/.local/lib/python3.6/site-packages/airflow/example_dags/example_external_task_marker_dag.py took 0.114 seconds
[2023-08-20 11:41:26,057] {scheduler_job.py:182} INFO - Started process (PID=117) to work on /home/airflow/.local/lib/python3.6/site-packages/airflow/example_dags/example_external_task_marker_dag.py
[2023-08-20 11:41:26,062] {scheduler_job.py:629} INFO - Processing file /home/airflow/.local/lib/python3.6/site-packages/airflow/example_dags/example_external_task_marker_dag.py for tasks to queue
[2023-08-20 11:41:26,063] {logging_mixin.py:104} INFO - [2023-08-20 11:41:26,063] {dagbag.py:451} INFO - Filling up the DagBag from /home/airflow/.local/lib/python3.6/site-packages/airflow/example_dags/example_external_task_marker_dag.py
[2023-08-20 11:41:26,095] {scheduler_job.py:639} INFO - DAG(s) dict_keys(['example_external_task_marker_parent', 'example_external_task_marker_child']) retrieved from /home/airflow/.local/lib/python3.6/site-packages/airflow/example_dags/example_external_task_marker_dag.py
[2023-08-20 11:41:26,130] {logging_mixin.py:104} INFO - [2023-08-20 11:41:26,130] {dag.py:1824} INFO - Sync 2 DAGs
[2023-08-20 11:41:26,158] {logging_mixin.py:104} INFO - [2023-08-20 11:41:26,157] {dag.py:2280} INFO - Setting next_dagrun for example_external_task_marker_child to None
[2023-08-20 11:41:26,159] {logging_mixin.py:104} INFO - [2023-08-20 11:41:26,159] {dag.py:2280} INFO - Setting next_dagrun for example_external_task_marker_parent to None
[2023-08-20 11:41:26,176] {scheduler_job.py:190} INFO - Processing /home/airflow/.local/lib/python3.6/site-packages/airflow/example_dags/example_external_task_marker_dag.py took 0.124 seconds
[2023-08-20 11:41:56,288] {scheduler_job.py:182} INFO - Started process (PID=143) to work on /home/airflow/.local/lib/python3.6/site-packages/airflow/example_dags/example_external_task_marker_dag.py
[2023-08-20 11:41:56,290] {scheduler_job.py:629} INFO - Processing file /home/airflow/.local/lib/python3.6/site-packages/airflow/example_dags/example_external_task_marker_dag.py for tasks to queue
[2023-08-20 11:41:56,292] {logging_mixin.py:104} INFO - [2023-08-20 11:41:56,291] {dagbag.py:451} INFO - Filling up the DagBag from /home/airflow/.local/lib/python3.6/site-packages/airflow/example_dags/example_external_task_marker_dag.py
[2023-08-20 11:41:56,304] {scheduler_job.py:639} INFO - DAG(s) dict_keys(['example_external_task_marker_parent', 'example_external_task_marker_child']) retrieved from /home/airflow/.local/lib/python3.6/site-packages/airflow/example_dags/example_external_task_marker_dag.py
[2023-08-20 11:41:56,329] {logging_mixin.py:104} INFO - [2023-08-20 11:41:56,328] {dag.py:1824} INFO - Sync 2 DAGs
[2023-08-20 11:41:56,348] {logging_mixin.py:104} INFO - [2023-08-20 11:41:56,347] {dag.py:2280} INFO - Setting next_dagrun for example_external_task_marker_child to None
[2023-08-20 11:41:56,349] {logging_mixin.py:104} INFO - [2023-08-20 11:41:56,349] {dag.py:2280} INFO - Setting next_dagrun for example_external_task_marker_parent to None
[2023-08-20 11:41:56,361] {scheduler_job.py:190} INFO - Processing /home/airflow/.local/lib/python3.6/site-packages/airflow/example_dags/example_external_task_marker_dag.py took 0.077 seconds
[2023-08-20 11:42:26,784] {scheduler_job.py:182} INFO - Started process (PID=169) to work on /home/airflow/.local/lib/python3.6/site-packages/airflow/example_dags/example_external_task_marker_dag.py
[2023-08-20 11:42:26,786] {scheduler_job.py:629} INFO - Processing file /home/airflow/.local/lib/python3.6/site-packages/airflow/example_dags/example_external_task_marker_dag.py for tasks to queue
[2023-08-20 11:42:26,788] {logging_mixin.py:104} INFO - [2023-08-20 11:42:26,788] {dagbag.py:451} INFO - Filling up the DagBag from /home/airflow/.local/lib/python3.6/site-packages/airflow/example_dags/example_external_task_marker_dag.py
[2023-08-20 11:42:26,812] {scheduler_job.py:639} INFO - DAG(s) dict_keys(['example_external_task_marker_parent', 'example_external_task_marker_child']) retrieved from /home/airflow/.local/lib/python3.6/site-packages/airflow/example_dags/example_external_task_marker_dag.py
[2023-08-20 11:42:26,854] {logging_mixin.py:104} INFO - [2023-08-20 11:42:26,854] {dag.py:1824} INFO - Sync 2 DAGs
[2023-08-20 11:42:26,874] {logging_mixin.py:104} INFO - [2023-08-20 11:42:26,874] {dag.py:2280} INFO - Setting next_dagrun for example_external_task_marker_child to None
[2023-08-20 11:42:26,876] {logging_mixin.py:104} INFO - [2023-08-20 11:42:26,876] {dag.py:2280} INFO - Setting next_dagrun for example_external_task_marker_parent to None
[2023-08-20 11:42:26,896] {scheduler_job.py:190} INFO - Processing /home/airflow/.local/lib/python3.6/site-packages/airflow/example_dags/example_external_task_marker_dag.py took 0.122 seconds
[2023-08-20 11:42:57,462] {scheduler_job.py:182} INFO - Started process (PID=194) to work on /home/airflow/.local/lib/python3.6/site-packages/airflow/example_dags/example_external_task_marker_dag.py
[2023-08-20 11:42:57,465] {scheduler_job.py:629} INFO - Processing file /home/airflow/.local/lib/python3.6/site-packages/airflow/example_dags/example_external_task_marker_dag.py for tasks to queue
[2023-08-20 11:42:57,467] {logging_mixin.py:104} INFO - [2023-08-20 11:42:57,467] {dagbag.py:451} INFO - Filling up the DagBag from /home/airflow/.local/lib/python3.6/site-packages/airflow/example_dags/example_external_task_marker_dag.py
[2023-08-20 11:42:57,483] {scheduler_job.py:639} INFO - DAG(s) dict_keys(['example_external_task_marker_parent', 'example_external_task_marker_child']) retrieved from /home/airflow/.local/lib/python3.6/site-packages/airflow/example_dags/example_external_task_marker_dag.py
[2023-08-20 11:42:57,518] {logging_mixin.py:104} INFO - [2023-08-20 11:42:57,518] {dag.py:1824} INFO - Sync 2 DAGs
[2023-08-20 11:42:57,538] {logging_mixin.py:104} INFO - [2023-08-20 11:42:57,537] {dag.py:2280} INFO - Setting next_dagrun for example_external_task_marker_child to None
[2023-08-20 11:42:57,541] {logging_mixin.py:104} INFO - [2023-08-20 11:42:57,541] {dag.py:2280} INFO - Setting next_dagrun for example_external_task_marker_parent to None
[2023-08-20 11:42:57,564] {scheduler_job.py:190} INFO - Processing /home/airflow/.local/lib/python3.6/site-packages/airflow/example_dags/example_external_task_marker_dag.py took 0.106 seconds
[2023-08-20 11:43:28,406] {scheduler_job.py:182} INFO - Started process (PID=221) to work on /home/airflow/.local/lib/python3.6/site-packages/airflow/example_dags/example_external_task_marker_dag.py
[2023-08-20 11:43:28,408] {scheduler_job.py:629} INFO - Processing file /home/airflow/.local/lib/python3.6/site-packages/airflow/example_dags/example_external_task_marker_dag.py for tasks to queue
[2023-08-20 11:43:28,410] {logging_mixin.py:104} INFO - [2023-08-20 11:43:28,409] {dagbag.py:451} INFO - Filling up the DagBag from /home/airflow/.local/lib/python3.6/site-packages/airflow/example_dags/example_external_task_marker_dag.py
[2023-08-20 11:43:28,423] {scheduler_job.py:639} INFO - DAG(s) dict_keys(['example_external_task_marker_parent', 'example_external_task_marker_child']) retrieved from /home/airflow/.local/lib/python3.6/site-packages/airflow/example_dags/example_external_task_marker_dag.py
[2023-08-20 11:43:28,457] {logging_mixin.py:104} INFO - [2023-08-20 11:43:28,456] {dag.py:1824} INFO - Sync 2 DAGs
[2023-08-20 11:43:28,477] {logging_mixin.py:104} INFO - [2023-08-20 11:43:28,477] {dag.py:2280} INFO - Setting next_dagrun for example_external_task_marker_child to None
[2023-08-20 11:43:28,479] {logging_mixin.py:104} INFO - [2023-08-20 11:43:28,479] {dag.py:2280} INFO - Setting next_dagrun for example_external_task_marker_parent to None
[2023-08-20 11:43:28,495] {scheduler_job.py:190} INFO - Processing /home/airflow/.local/lib/python3.6/site-packages/airflow/example_dags/example_external_task_marker_dag.py took 0.092 seconds
[2023-08-20 11:43:58,832] {scheduler_job.py:182} INFO - Started process (PID=247) to work on /home/airflow/.local/lib/python3.6/site-packages/airflow/example_dags/example_external_task_marker_dag.py
[2023-08-20 11:43:58,835] {scheduler_job.py:629} INFO - Processing file /home/airflow/.local/lib/python3.6/site-packages/airflow/example_dags/example_external_task_marker_dag.py for tasks to queue
[2023-08-20 11:43:58,837] {logging_mixin.py:104} INFO - [2023-08-20 11:43:58,836] {dagbag.py:451} INFO - Filling up the DagBag from /home/airflow/.local/lib/python3.6/site-packages/airflow/example_dags/example_external_task_marker_dag.py
[2023-08-20 11:43:58,852] {scheduler_job.py:639} INFO - DAG(s) dict_keys(['example_external_task_marker_parent', 'example_external_task_marker_child']) retrieved from /home/airflow/.local/lib/python3.6/site-packages/airflow/example_dags/example_external_task_marker_dag.py
[2023-08-20 11:43:58,893] {logging_mixin.py:104} INFO - [2023-08-20 11:43:58,893] {dag.py:1824} INFO - Sync 2 DAGs
[2023-08-20 11:43:58,914] {logging_mixin.py:104} INFO - [2023-08-20 11:43:58,914] {dag.py:2280} INFO - Setting next_dagrun for example_external_task_marker_child to None
[2023-08-20 11:43:58,917] {logging_mixin.py:104} INFO - [2023-08-20 11:43:58,917] {dag.py:2280} INFO - Setting next_dagrun for example_external_task_marker_parent to None
[2023-08-20 11:43:58,939] {scheduler_job.py:190} INFO - Processing /home/airflow/.local/lib/python3.6/site-packages/airflow/example_dags/example_external_task_marker_dag.py took 0.111 seconds
[2023-08-20 11:44:29,049] {scheduler_job.py:182} INFO - Started process (PID=273) to work on /home/airflow/.local/lib/python3.6/site-packages/airflow/example_dags/example_external_task_marker_dag.py
[2023-08-20 11:44:29,051] {scheduler_job.py:629} INFO - Processing file /home/airflow/.local/lib/python3.6/site-packages/airflow/example_dags/example_external_task_marker_dag.py for tasks to queue
[2023-08-20 11:44:29,052] {logging_mixin.py:104} INFO - [2023-08-20 11:44:29,052] {dagbag.py:451} INFO - Filling up the DagBag from /home/airflow/.local/lib/python3.6/site-packages/airflow/example_dags/example_external_task_marker_dag.py
[2023-08-20 11:44:29,063] {scheduler_job.py:639} INFO - DAG(s) dict_keys(['example_external_task_marker_parent', 'example_external_task_marker_child']) retrieved from /home/airflow/.local/lib/python3.6/site-packages/airflow/example_dags/example_external_task_marker_dag.py
[2023-08-20 11:44:29,092] {logging_mixin.py:104} INFO - [2023-08-20 11:44:29,091] {dag.py:1824} INFO - Sync 2 DAGs
[2023-08-20 11:44:29,111] {logging_mixin.py:104} INFO - [2023-08-20 11:44:29,110] {dag.py:2280} INFO - Setting next_dagrun for example_external_task_marker_child to None
[2023-08-20 11:44:29,112] {logging_mixin.py:104} INFO - [2023-08-20 11:44:29,112] {dag.py:2280} INFO - Setting next_dagrun for example_external_task_marker_parent to None
[2023-08-20 11:44:29,128] {scheduler_job.py:190} INFO - Processing /home/airflow/.local/lib/python3.6/site-packages/airflow/example_dags/example_external_task_marker_dag.py took 0.082 seconds
[2023-08-20 11:44:59,659] {scheduler_job.py:182} INFO - Started process (PID=298) to work on /home/airflow/.local/lib/python3.6/site-packages/airflow/example_dags/example_external_task_marker_dag.py
[2023-08-20 11:44:59,661] {scheduler_job.py:629} INFO - Processing file /home/airflow/.local/lib/python3.6/site-packages/airflow/example_dags/example_external_task_marker_dag.py for tasks to queue
[2023-08-20 11:44:59,663] {logging_mixin.py:104} INFO - [2023-08-20 11:44:59,663] {dagbag.py:451} INFO - Filling up the DagBag from /home/airflow/.local/lib/python3.6/site-packages/airflow/example_dags/example_external_task_marker_dag.py
[2023-08-20 11:44:59,683] {scheduler_job.py:639} INFO - DAG(s) dict_keys(['example_external_task_marker_parent', 'example_external_task_marker_child']) retrieved from /home/airflow/.local/lib/python3.6/site-packages/airflow/example_dags/example_external_task_marker_dag.py
[2023-08-20 11:44:59,733] {logging_mixin.py:104} INFO - [2023-08-20 11:44:59,733] {dag.py:1824} INFO - Sync 2 DAGs
[2023-08-20 11:44:59,761] {logging_mixin.py:104} INFO - [2023-08-20 11:44:59,761] {dag.py:2280} INFO - Setting next_dagrun for example_external_task_marker_child to None
[2023-08-20 11:44:59,764] {logging_mixin.py:104} INFO - [2023-08-20 11:44:59,764] {dag.py:2280} INFO - Setting next_dagrun for example_external_task_marker_parent to None
[2023-08-20 11:44:59,789] {scheduler_job.py:190} INFO - Processing /home/airflow/.local/lib/python3.6/site-packages/airflow/example_dags/example_external_task_marker_dag.py took 0.136 seconds
[2023-08-20 11:45:30,842] {scheduler_job.py:182} INFO - Started process (PID=324) to work on /home/airflow/.local/lib/python3.6/site-packages/airflow/example_dags/example_external_task_marker_dag.py
[2023-08-20 11:45:30,844] {scheduler_job.py:629} INFO - Processing file /home/airflow/.local/lib/python3.6/site-packages/airflow/example_dags/example_external_task_marker_dag.py for tasks to queue
[2023-08-20 11:45:30,846] {logging_mixin.py:104} INFO - [2023-08-20 11:45:30,846] {dagbag.py:451} INFO - Filling up the DagBag from /home/airflow/.local/lib/python3.6/site-packages/airflow/example_dags/example_external_task_marker_dag.py
[2023-08-20 11:45:30,867] {scheduler_job.py:639} INFO - DAG(s) dict_keys(['example_external_task_marker_parent', 'example_external_task_marker_child']) retrieved from /home/airflow/.local/lib/python3.6/site-packages/airflow/example_dags/example_external_task_marker_dag.py
[2023-08-20 11:45:30,896] {logging_mixin.py:104} INFO - [2023-08-20 11:45:30,896] {dag.py:1824} INFO - Sync 2 DAGs
[2023-08-20 11:45:30,914] {logging_mixin.py:104} INFO - [2023-08-20 11:45:30,914] {dag.py:2280} INFO - Setting next_dagrun for example_external_task_marker_child to None
[2023-08-20 11:45:30,916] {logging_mixin.py:104} INFO - [2023-08-20 11:45:30,916] {dag.py:2280} INFO - Setting next_dagrun for example_external_task_marker_parent to None
[2023-08-20 11:45:30,929] {scheduler_job.py:190} INFO - Processing /home/airflow/.local/lib/python3.6/site-packages/airflow/example_dags/example_external_task_marker_dag.py took 0.092 seconds
[2023-08-20 11:46:01,032] {scheduler_job.py:182} INFO - Started process (PID=350) to work on /home/airflow/.local/lib/python3.6/site-packages/airflow/example_dags/example_external_task_marker_dag.py
[2023-08-20 11:46:01,034] {scheduler_job.py:629} INFO - Processing file /home/airflow/.local/lib/python3.6/site-packages/airflow/example_dags/example_external_task_marker_dag.py for tasks to queue
[2023-08-20 11:46:01,036] {logging_mixin.py:104} INFO - [2023-08-20 11:46:01,036] {dagbag.py:451} INFO - Filling up the DagBag from /home/airflow/.local/lib/python3.6/site-packages/airflow/example_dags/example_external_task_marker_dag.py
[2023-08-20 11:46:01,053] {scheduler_job.py:639} INFO - DAG(s) dict_keys(['example_external_task_marker_parent', 'example_external_task_marker_child']) retrieved from /home/airflow/.local/lib/python3.6/site-packages/airflow/example_dags/example_external_task_marker_dag.py
[2023-08-20 11:46:01,082] {logging_mixin.py:104} INFO - [2023-08-20 11:46:01,082] {dag.py:1824} INFO - Sync 2 DAGs
[2023-08-20 11:46:01,099] {logging_mixin.py:104} INFO - [2023-08-20 11:46:01,099] {dag.py:2280} INFO - Setting next_dagrun for example_external_task_marker_child to None
[2023-08-20 11:46:01,101] {logging_mixin.py:104} INFO - [2023-08-20 11:46:01,101] {dag.py:2280} INFO - Setting next_dagrun for example_external_task_marker_parent to None
[2023-08-20 11:46:01,117] {scheduler_job.py:190} INFO - Processing /home/airflow/.local/lib/python3.6/site-packages/airflow/example_dags/example_external_task_marker_dag.py took 0.089 seconds
[2023-08-20 11:46:31,465] {scheduler_job.py:182} INFO - Started process (PID=372) to work on /home/airflow/.local/lib/python3.6/site-packages/airflow/example_dags/example_external_task_marker_dag.py
[2023-08-20 11:46:31,467] {scheduler_job.py:629} INFO - Processing file /home/airflow/.local/lib/python3.6/site-packages/airflow/example_dags/example_external_task_marker_dag.py for tasks to queue
[2023-08-20 11:46:31,469] {logging_mixin.py:104} INFO - [2023-08-20 11:46:31,469] {dagbag.py:451} INFO - Filling up the DagBag from /home/airflow/.local/lib/python3.6/site-packages/airflow/example_dags/example_external_task_marker_dag.py
[2023-08-20 11:46:31,489] {scheduler_job.py:639} INFO - DAG(s) dict_keys(['example_external_task_marker_parent', 'example_external_task_marker_child']) retrieved from /home/airflow/.local/lib/python3.6/site-packages/airflow/example_dags/example_external_task_marker_dag.py
[2023-08-20 11:46:31,523] {logging_mixin.py:104} INFO - [2023-08-20 11:46:31,523] {dag.py:1824} INFO - Sync 2 DAGs
[2023-08-20 11:46:31,542] {logging_mixin.py:104} INFO - [2023-08-20 11:46:31,542] {dag.py:2280} INFO - Setting next_dagrun for example_external_task_marker_child to None
[2023-08-20 11:46:31,544] {logging_mixin.py:104} INFO - [2023-08-20 11:46:31,544] {dag.py:2280} INFO - Setting next_dagrun for example_external_task_marker_parent to None
[2023-08-20 11:46:31,561] {scheduler_job.py:190} INFO - Processing /home/airflow/.local/lib/python3.6/site-packages/airflow/example_dags/example_external_task_marker_dag.py took 0.099 seconds
[2023-08-20 11:47:02,359] {scheduler_job.py:182} INFO - Started process (PID=398) to work on /home/airflow/.local/lib/python3.6/site-packages/airflow/example_dags/example_external_task_marker_dag.py
[2023-08-20 11:47:02,362] {scheduler_job.py:629} INFO - Processing file /home/airflow/.local/lib/python3.6/site-packages/airflow/example_dags/example_external_task_marker_dag.py for tasks to queue
[2023-08-20 11:47:02,364] {logging_mixin.py:104} INFO - [2023-08-20 11:47:02,364] {dagbag.py:451} INFO - Filling up the DagBag from /home/airflow/.local/lib/python3.6/site-packages/airflow/example_dags/example_external_task_marker_dag.py
[2023-08-20 11:47:02,390] {scheduler_job.py:639} INFO - DAG(s) dict_keys(['example_external_task_marker_parent', 'example_external_task_marker_child']) retrieved from /home/airflow/.local/lib/python3.6/site-packages/airflow/example_dags/example_external_task_marker_dag.py
[2023-08-20 11:47:02,423] {logging_mixin.py:104} INFO - [2023-08-20 11:47:02,423] {dag.py:1824} INFO - Sync 2 DAGs
[2023-08-20 11:47:02,444] {logging_mixin.py:104} INFO - [2023-08-20 11:47:02,444] {dag.py:2280} INFO - Setting next_dagrun for example_external_task_marker_child to None
[2023-08-20 11:47:02,447] {logging_mixin.py:104} INFO - [2023-08-20 11:47:02,447] {dag.py:2280} INFO - Setting next_dagrun for example_external_task_marker_parent to None
[2023-08-20 11:47:02,462] {scheduler_job.py:190} INFO - Processing /home/airflow/.local/lib/python3.6/site-packages/airflow/example_dags/example_external_task_marker_dag.py took 0.107 seconds
[2023-08-20 11:47:33,186] {scheduler_job.py:182} INFO - Started process (PID=423) to work on /home/airflow/.local/lib/python3.6/site-packages/airflow/example_dags/example_external_task_marker_dag.py
[2023-08-20 11:47:33,193] {scheduler_job.py:629} INFO - Processing file /home/airflow/.local/lib/python3.6/site-packages/airflow/example_dags/example_external_task_marker_dag.py for tasks to queue
[2023-08-20 11:47:33,195] {logging_mixin.py:104} INFO - [2023-08-20 11:47:33,195] {dagbag.py:451} INFO - Filling up the DagBag from /home/airflow/.local/lib/python3.6/site-packages/airflow/example_dags/example_external_task_marker_dag.py
[2023-08-20 11:47:33,216] {scheduler_job.py:639} INFO - DAG(s) dict_keys(['example_external_task_marker_parent', 'example_external_task_marker_child']) retrieved from /home/airflow/.local/lib/python3.6/site-packages/airflow/example_dags/example_external_task_marker_dag.py
[2023-08-20 11:47:33,258] {logging_mixin.py:104} INFO - [2023-08-20 11:47:33,258] {dag.py:1824} INFO - Sync 2 DAGs
[2023-08-20 11:47:33,284] {logging_mixin.py:104} INFO - [2023-08-20 11:47:33,283] {dag.py:2280} INFO - Setting next_dagrun for example_external_task_marker_child to None
[2023-08-20 11:47:33,286] {logging_mixin.py:104} INFO - [2023-08-20 11:47:33,286] {dag.py:2280} INFO - Setting next_dagrun for example_external_task_marker_parent to None
[2023-08-20 11:47:33,309] {scheduler_job.py:190} INFO - Processing /home/airflow/.local/lib/python3.6/site-packages/airflow/example_dags/example_external_task_marker_dag.py took 0.128 seconds
[2023-08-20 11:48:03,381] {scheduler_job.py:182} INFO - Started process (PID=449) to work on /home/airflow/.local/lib/python3.6/site-packages/airflow/example_dags/example_external_task_marker_dag.py
[2023-08-20 11:48:03,383] {scheduler_job.py:629} INFO - Processing file /home/airflow/.local/lib/python3.6/site-packages/airflow/example_dags/example_external_task_marker_dag.py for tasks to queue
[2023-08-20 11:48:03,385] {logging_mixin.py:104} INFO - [2023-08-20 11:48:03,384] {dagbag.py:451} INFO - Filling up the DagBag from /home/airflow/.local/lib/python3.6/site-packages/airflow/example_dags/example_external_task_marker_dag.py
[2023-08-20 11:48:03,400] {scheduler_job.py:639} INFO - DAG(s) dict_keys(['example_external_task_marker_parent', 'example_external_task_marker_child']) retrieved from /home/airflow/.local/lib/python3.6/site-packages/airflow/example_dags/example_external_task_marker_dag.py
[2023-08-20 11:48:03,433] {logging_mixin.py:104} INFO - [2023-08-20 11:48:03,432] {dag.py:1824} INFO - Sync 2 DAGs
[2023-08-20 11:48:03,453] {logging_mixin.py:104} INFO - [2023-08-20 11:48:03,453] {dag.py:2280} INFO - Setting next_dagrun for example_external_task_marker_child to None
[2023-08-20 11:48:03,455] {logging_mixin.py:104} INFO - [2023-08-20 11:48:03,455] {dag.py:2280} INFO - Setting next_dagrun for example_external_task_marker_parent to None
[2023-08-20 11:48:03,472] {scheduler_job.py:190} INFO - Processing /home/airflow/.local/lib/python3.6/site-packages/airflow/example_dags/example_external_task_marker_dag.py took 0.095 seconds
[2023-08-20 11:48:33,697] {scheduler_job.py:182} INFO - Started process (PID=475) to work on /home/airflow/.local/lib/python3.6/site-packages/airflow/example_dags/example_external_task_marker_dag.py
[2023-08-20 11:48:33,699] {scheduler_job.py:629} INFO - Processing file /home/airflow/.local/lib/python3.6/site-packages/airflow/example_dags/example_external_task_marker_dag.py for tasks to queue
[2023-08-20 11:48:33,702] {logging_mixin.py:104} INFO - [2023-08-20 11:48:33,702] {dagbag.py:451} INFO - Filling up the DagBag from /home/airflow/.local/lib/python3.6/site-packages/airflow/example_dags/example_external_task_marker_dag.py
[2023-08-20 11:48:33,719] {scheduler_job.py:639} INFO - DAG(s) dict_keys(['example_external_task_marker_parent', 'example_external_task_marker_child']) retrieved from /home/airflow/.local/lib/python3.6/site-packages/airflow/example_dags/example_external_task_marker_dag.py
[2023-08-20 11:48:33,751] {logging_mixin.py:104} INFO - [2023-08-20 11:48:33,750] {dag.py:1824} INFO - Sync 2 DAGs
[2023-08-20 11:48:33,771] {logging_mixin.py:104} INFO - [2023-08-20 11:48:33,770] {dag.py:2280} INFO - Setting next_dagrun for example_external_task_marker_child to None
[2023-08-20 11:48:33,772] {logging_mixin.py:104} INFO - [2023-08-20 11:48:33,772] {dag.py:2280} INFO - Setting next_dagrun for example_external_task_marker_parent to None
[2023-08-20 11:48:33,792] {scheduler_job.py:190} INFO - Processing /home/airflow/.local/lib/python3.6/site-packages/airflow/example_dags/example_external_task_marker_dag.py took 0.100 seconds
[2023-08-20 11:49:04,777] {scheduler_job.py:182} INFO - Started process (PID=501) to work on /home/airflow/.local/lib/python3.6/site-packages/airflow/example_dags/example_external_task_marker_dag.py
[2023-08-20 11:49:04,780] {scheduler_job.py:629} INFO - Processing file /home/airflow/.local/lib/python3.6/site-packages/airflow/example_dags/example_external_task_marker_dag.py for tasks to queue
[2023-08-20 11:49:04,783] {logging_mixin.py:104} INFO - [2023-08-20 11:49:04,783] {dagbag.py:451} INFO - Filling up the DagBag from /home/airflow/.local/lib/python3.6/site-packages/airflow/example_dags/example_external_task_marker_dag.py
[2023-08-20 11:49:04,801] {scheduler_job.py:639} INFO - DAG(s) dict_keys(['example_external_task_marker_parent', 'example_external_task_marker_child']) retrieved from /home/airflow/.local/lib/python3.6/site-packages/airflow/example_dags/example_external_task_marker_dag.py
[2023-08-20 11:49:04,857] {logging_mixin.py:104} INFO - [2023-08-20 11:49:04,857] {dag.py:1824} INFO - Sync 2 DAGs
[2023-08-20 11:49:04,886] {logging_mixin.py:104} INFO - [2023-08-20 11:49:04,886] {dag.py:2280} INFO - Setting next_dagrun for example_external_task_marker_child to None
[2023-08-20 11:49:04,888] {logging_mixin.py:104} INFO - [2023-08-20 11:49:04,888] {dag.py:2280} INFO - Setting next_dagrun for example_external_task_marker_parent to None
[2023-08-20 11:49:04,915] {scheduler_job.py:190} INFO - Processing /home/airflow/.local/lib/python3.6/site-packages/airflow/example_dags/example_external_task_marker_dag.py took 0.143 seconds
[2023-08-20 11:49:35,383] {scheduler_job.py:182} INFO - Started process (PID=529) to work on /home/airflow/.local/lib/python3.6/site-packages/airflow/example_dags/example_external_task_marker_dag.py
[2023-08-20 11:49:35,385] {scheduler_job.py:629} INFO - Processing file /home/airflow/.local/lib/python3.6/site-packages/airflow/example_dags/example_external_task_marker_dag.py for tasks to queue
[2023-08-20 11:49:35,387] {logging_mixin.py:104} INFO - [2023-08-20 11:49:35,387] {dagbag.py:451} INFO - Filling up the DagBag from /home/airflow/.local/lib/python3.6/site-packages/airflow/example_dags/example_external_task_marker_dag.py
[2023-08-20 11:49:35,401] {scheduler_job.py:639} INFO - DAG(s) dict_keys(['example_external_task_marker_parent', 'example_external_task_marker_child']) retrieved from /home/airflow/.local/lib/python3.6/site-packages/airflow/example_dags/example_external_task_marker_dag.py
[2023-08-20 11:49:35,429] {logging_mixin.py:104} INFO - [2023-08-20 11:49:35,428] {dag.py:1824} INFO - Sync 2 DAGs
[2023-08-20 11:49:35,447] {logging_mixin.py:104} INFO - [2023-08-20 11:49:35,447] {dag.py:2280} INFO - Setting next_dagrun for example_external_task_marker_child to None
[2023-08-20 11:49:35,449] {logging_mixin.py:104} INFO - [2023-08-20 11:49:35,448] {dag.py:2280} INFO - Setting next_dagrun for example_external_task_marker_parent to None
[2023-08-20 11:49:35,463] {scheduler_job.py:190} INFO - Processing /home/airflow/.local/lib/python3.6/site-packages/airflow/example_dags/example_external_task_marker_dag.py took 0.084 seconds
[2023-08-20 11:50:06,007] {scheduler_job.py:182} INFO - Started process (PID=557) to work on /home/airflow/.local/lib/python3.6/site-packages/airflow/example_dags/example_external_task_marker_dag.py
[2023-08-20 11:50:06,010] {scheduler_job.py:629} INFO - Processing file /home/airflow/.local/lib/python3.6/site-packages/airflow/example_dags/example_external_task_marker_dag.py for tasks to queue
[2023-08-20 11:50:06,012] {logging_mixin.py:104} INFO - [2023-08-20 11:50:06,011] {dagbag.py:451} INFO - Filling up the DagBag from /home/airflow/.local/lib/python3.6/site-packages/airflow/example_dags/example_external_task_marker_dag.py
[2023-08-20 11:50:06,026] {scheduler_job.py:639} INFO - DAG(s) dict_keys(['example_external_task_marker_parent', 'example_external_task_marker_child']) retrieved from /home/airflow/.local/lib/python3.6/site-packages/airflow/example_dags/example_external_task_marker_dag.py
[2023-08-20 11:50:06,065] {logging_mixin.py:104} INFO - [2023-08-20 11:50:06,065] {dag.py:1824} INFO - Sync 2 DAGs
[2023-08-20 11:50:06,080] {logging_mixin.py:104} INFO - [2023-08-20 11:50:06,080] {dag.py:2280} INFO - Setting next_dagrun for example_external_task_marker_child to None
[2023-08-20 11:50:06,082] {logging_mixin.py:104} INFO - [2023-08-20 11:50:06,082] {dag.py:2280} INFO - Setting next_dagrun for example_external_task_marker_parent to None
[2023-08-20 11:50:06,095] {scheduler_job.py:190} INFO - Processing /home/airflow/.local/lib/python3.6/site-packages/airflow/example_dags/example_external_task_marker_dag.py took 0.093 seconds
[2023-08-20 11:50:36,402] {scheduler_job.py:182} INFO - Started process (PID=579) to work on /home/airflow/.local/lib/python3.6/site-packages/airflow/example_dags/example_external_task_marker_dag.py
[2023-08-20 11:50:36,403] {scheduler_job.py:629} INFO - Processing file /home/airflow/.local/lib/python3.6/site-packages/airflow/example_dags/example_external_task_marker_dag.py for tasks to queue
[2023-08-20 11:50:36,405] {logging_mixin.py:104} INFO - [2023-08-20 11:50:36,404] {dagbag.py:451} INFO - Filling up the DagBag from /home/airflow/.local/lib/python3.6/site-packages/airflow/example_dags/example_external_task_marker_dag.py
[2023-08-20 11:50:36,418] {scheduler_job.py:639} INFO - DAG(s) dict_keys(['example_external_task_marker_parent', 'example_external_task_marker_child']) retrieved from /home/airflow/.local/lib/python3.6/site-packages/airflow/example_dags/example_external_task_marker_dag.py
[2023-08-20 11:50:36,446] {logging_mixin.py:104} INFO - [2023-08-20 11:50:36,446] {dag.py:1824} INFO - Sync 2 DAGs
[2023-08-20 11:50:36,465] {logging_mixin.py:104} INFO - [2023-08-20 11:50:36,465] {dag.py:2280} INFO - Setting next_dagrun for example_external_task_marker_child to None
[2023-08-20 11:50:36,467] {logging_mixin.py:104} INFO - [2023-08-20 11:50:36,467] {dag.py:2280} INFO - Setting next_dagrun for example_external_task_marker_parent to None
[2023-08-20 11:50:36,484] {scheduler_job.py:190} INFO - Processing /home/airflow/.local/lib/python3.6/site-packages/airflow/example_dags/example_external_task_marker_dag.py took 0.085 seconds
[2023-08-20 11:51:06,935] {scheduler_job.py:182} INFO - Started process (PID=604) to work on /home/airflow/.local/lib/python3.6/site-packages/airflow/example_dags/example_external_task_marker_dag.py
[2023-08-20 11:51:06,937] {scheduler_job.py:629} INFO - Processing file /home/airflow/.local/lib/python3.6/site-packages/airflow/example_dags/example_external_task_marker_dag.py for tasks to queue
[2023-08-20 11:51:06,939] {logging_mixin.py:104} INFO - [2023-08-20 11:51:06,938] {dagbag.py:451} INFO - Filling up the DagBag from /home/airflow/.local/lib/python3.6/site-packages/airflow/example_dags/example_external_task_marker_dag.py
[2023-08-20 11:51:06,951] {scheduler_job.py:639} INFO - DAG(s) dict_keys(['example_external_task_marker_parent', 'example_external_task_marker_child']) retrieved from /home/airflow/.local/lib/python3.6/site-packages/airflow/example_dags/example_external_task_marker_dag.py
[2023-08-20 11:51:06,981] {logging_mixin.py:104} INFO - [2023-08-20 11:51:06,981] {dag.py:1824} INFO - Sync 2 DAGs
[2023-08-20 11:51:07,000] {logging_mixin.py:104} INFO - [2023-08-20 11:51:07,000] {dag.py:2280} INFO - Setting next_dagrun for example_external_task_marker_child to None
[2023-08-20 11:51:07,002] {logging_mixin.py:104} INFO - [2023-08-20 11:51:07,002] {dag.py:2280} INFO - Setting next_dagrun for example_external_task_marker_parent to None
[2023-08-20 11:51:07,015] {scheduler_job.py:190} INFO - Processing /home/airflow/.local/lib/python3.6/site-packages/airflow/example_dags/example_external_task_marker_dag.py took 0.083 seconds
[2023-08-20 11:51:38,088] {scheduler_job.py:182} INFO - Started process (PID=631) to work on /home/airflow/.local/lib/python3.6/site-packages/airflow/example_dags/example_external_task_marker_dag.py
[2023-08-20 11:51:38,090] {scheduler_job.py:629} INFO - Processing file /home/airflow/.local/lib/python3.6/site-packages/airflow/example_dags/example_external_task_marker_dag.py for tasks to queue
[2023-08-20 11:51:38,092] {logging_mixin.py:104} INFO - [2023-08-20 11:51:38,092] {dagbag.py:451} INFO - Filling up the DagBag from /home/airflow/.local/lib/python3.6/site-packages/airflow/example_dags/example_external_task_marker_dag.py
[2023-08-20 11:51:38,110] {scheduler_job.py:639} INFO - DAG(s) dict_keys(['example_external_task_marker_parent', 'example_external_task_marker_child']) retrieved from /home/airflow/.local/lib/python3.6/site-packages/airflow/example_dags/example_external_task_marker_dag.py
[2023-08-20 11:51:38,142] {logging_mixin.py:104} INFO - [2023-08-20 11:51:38,142] {dag.py:1824} INFO - Sync 2 DAGs
[2023-08-20 11:51:38,161] {logging_mixin.py:104} INFO - [2023-08-20 11:51:38,161] {dag.py:2280} INFO - Setting next_dagrun for example_external_task_marker_child to None
[2023-08-20 11:51:38,163] {logging_mixin.py:104} INFO - [2023-08-20 11:51:38,163] {dag.py:2280} INFO - Setting next_dagrun for example_external_task_marker_parent to None
[2023-08-20 11:51:38,182] {scheduler_job.py:190} INFO - Processing /home/airflow/.local/lib/python3.6/site-packages/airflow/example_dags/example_external_task_marker_dag.py took 0.099 seconds
[2023-08-20 11:52:08,689] {scheduler_job.py:182} INFO - Started process (PID=657) to work on /home/airflow/.local/lib/python3.6/site-packages/airflow/example_dags/example_external_task_marker_dag.py
[2023-08-20 11:52:08,691] {scheduler_job.py:629} INFO - Processing file /home/airflow/.local/lib/python3.6/site-packages/airflow/example_dags/example_external_task_marker_dag.py for tasks to queue
[2023-08-20 11:52:08,692] {logging_mixin.py:104} INFO - [2023-08-20 11:52:08,692] {dagbag.py:451} INFO - Filling up the DagBag from /home/airflow/.local/lib/python3.6/site-packages/airflow/example_dags/example_external_task_marker_dag.py
[2023-08-20 11:52:08,705] {scheduler_job.py:639} INFO - DAG(s) dict_keys(['example_external_task_marker_parent', 'example_external_task_marker_child']) retrieved from /home/airflow/.local/lib/python3.6/site-packages/airflow/example_dags/example_external_task_marker_dag.py
[2023-08-20 11:52:08,740] {logging_mixin.py:104} INFO - [2023-08-20 11:52:08,739] {dag.py:1824} INFO - Sync 2 DAGs
[2023-08-20 11:52:08,766] {logging_mixin.py:104} INFO - [2023-08-20 11:52:08,765] {dag.py:2280} INFO - Setting next_dagrun for example_external_task_marker_child to None
[2023-08-20 11:52:08,768] {logging_mixin.py:104} INFO - [2023-08-20 11:52:08,768] {dag.py:2280} INFO - Setting next_dagrun for example_external_task_marker_parent to None
[2023-08-20 11:52:08,790] {scheduler_job.py:190} INFO - Processing /home/airflow/.local/lib/python3.6/site-packages/airflow/example_dags/example_external_task_marker_dag.py took 0.107 seconds
[2023-08-20 11:52:39,345] {scheduler_job.py:182} INFO - Started process (PID=682) to work on /home/airflow/.local/lib/python3.6/site-packages/airflow/example_dags/example_external_task_marker_dag.py
[2023-08-20 11:52:39,349] {scheduler_job.py:629} INFO - Processing file /home/airflow/.local/lib/python3.6/site-packages/airflow/example_dags/example_external_task_marker_dag.py for tasks to queue
[2023-08-20 11:52:39,351] {logging_mixin.py:104} INFO - [2023-08-20 11:52:39,351] {dagbag.py:451} INFO - Filling up the DagBag from /home/airflow/.local/lib/python3.6/site-packages/airflow/example_dags/example_external_task_marker_dag.py
[2023-08-20 11:52:39,367] {scheduler_job.py:639} INFO - DAG(s) dict_keys(['example_external_task_marker_parent', 'example_external_task_marker_child']) retrieved from /home/airflow/.local/lib/python3.6/site-packages/airflow/example_dags/example_external_task_marker_dag.py
[2023-08-20 11:52:39,400] {logging_mixin.py:104} INFO - [2023-08-20 11:52:39,399] {dag.py:1824} INFO - Sync 2 DAGs
[2023-08-20 11:52:39,427] {logging_mixin.py:104} INFO - [2023-08-20 11:52:39,427] {dag.py:2280} INFO - Setting next_dagrun for example_external_task_marker_child to None
[2023-08-20 11:52:39,430] {logging_mixin.py:104} INFO - [2023-08-20 11:52:39,430] {dag.py:2280} INFO - Setting next_dagrun for example_external_task_marker_parent to None
[2023-08-20 11:52:39,453] {scheduler_job.py:190} INFO - Processing /home/airflow/.local/lib/python3.6/site-packages/airflow/example_dags/example_external_task_marker_dag.py took 0.113 seconds
[2023-08-20 11:53:10,449] {scheduler_job.py:182} INFO - Started process (PID=710) to work on /home/airflow/.local/lib/python3.6/site-packages/airflow/example_dags/example_external_task_marker_dag.py
[2023-08-20 11:53:10,451] {scheduler_job.py:629} INFO - Processing file /home/airflow/.local/lib/python3.6/site-packages/airflow/example_dags/example_external_task_marker_dag.py for tasks to queue
[2023-08-20 11:53:10,452] {logging_mixin.py:104} INFO - [2023-08-20 11:53:10,452] {dagbag.py:451} INFO - Filling up the DagBag from /home/airflow/.local/lib/python3.6/site-packages/airflow/example_dags/example_external_task_marker_dag.py
[2023-08-20 11:53:10,466] {scheduler_job.py:639} INFO - DAG(s) dict_keys(['example_external_task_marker_parent', 'example_external_task_marker_child']) retrieved from /home/airflow/.local/lib/python3.6/site-packages/airflow/example_dags/example_external_task_marker_dag.py
[2023-08-20 11:53:10,516] {logging_mixin.py:104} INFO - [2023-08-20 11:53:10,515] {dag.py:1824} INFO - Sync 2 DAGs
[2023-08-20 11:53:10,538] {logging_mixin.py:104} INFO - [2023-08-20 11:53:10,538] {dag.py:2280} INFO - Setting next_dagrun for example_external_task_marker_child to None
[2023-08-20 11:53:10,540] {logging_mixin.py:104} INFO - [2023-08-20 11:53:10,540] {dag.py:2280} INFO - Setting next_dagrun for example_external_task_marker_parent to None
[2023-08-20 11:53:10,560] {scheduler_job.py:190} INFO - Processing /home/airflow/.local/lib/python3.6/site-packages/airflow/example_dags/example_external_task_marker_dag.py took 0.116 seconds
[2023-08-20 11:53:41,407] {scheduler_job.py:182} INFO - Started process (PID=736) to work on /home/airflow/.local/lib/python3.6/site-packages/airflow/example_dags/example_external_task_marker_dag.py
[2023-08-20 11:53:41,409] {scheduler_job.py:629} INFO - Processing file /home/airflow/.local/lib/python3.6/site-packages/airflow/example_dags/example_external_task_marker_dag.py for tasks to queue
[2023-08-20 11:53:41,411] {logging_mixin.py:104} INFO - [2023-08-20 11:53:41,411] {dagbag.py:451} INFO - Filling up the DagBag from /home/airflow/.local/lib/python3.6/site-packages/airflow/example_dags/example_external_task_marker_dag.py
[2023-08-20 11:53:41,425] {scheduler_job.py:639} INFO - DAG(s) dict_keys(['example_external_task_marker_parent', 'example_external_task_marker_child']) retrieved from /home/airflow/.local/lib/python3.6/site-packages/airflow/example_dags/example_external_task_marker_dag.py
[2023-08-20 11:53:41,454] {logging_mixin.py:104} INFO - [2023-08-20 11:53:41,454] {dag.py:1824} INFO - Sync 2 DAGs
[2023-08-20 11:53:41,474] {logging_mixin.py:104} INFO - [2023-08-20 11:53:41,473] {dag.py:2280} INFO - Setting next_dagrun for example_external_task_marker_child to None
[2023-08-20 11:53:41,475] {logging_mixin.py:104} INFO - [2023-08-20 11:53:41,475] {dag.py:2280} INFO - Setting next_dagrun for example_external_task_marker_parent to None
[2023-08-20 11:53:41,488] {scheduler_job.py:190} INFO - Processing /home/airflow/.local/lib/python3.6/site-packages/airflow/example_dags/example_external_task_marker_dag.py took 0.084 seconds
[2023-08-20 11:54:12,261] {scheduler_job.py:182} INFO - Started process (PID=762) to work on /home/airflow/.local/lib/python3.6/site-packages/airflow/example_dags/example_external_task_marker_dag.py
[2023-08-20 11:54:12,263] {scheduler_job.py:629} INFO - Processing file /home/airflow/.local/lib/python3.6/site-packages/airflow/example_dags/example_external_task_marker_dag.py for tasks to queue
[2023-08-20 11:54:12,265] {logging_mixin.py:104} INFO - [2023-08-20 11:54:12,265] {dagbag.py:451} INFO - Filling up the DagBag from /home/airflow/.local/lib/python3.6/site-packages/airflow/example_dags/example_external_task_marker_dag.py
[2023-08-20 11:54:12,279] {scheduler_job.py:639} INFO - DAG(s) dict_keys(['example_external_task_marker_parent', 'example_external_task_marker_child']) retrieved from /home/airflow/.local/lib/python3.6/site-packages/airflow/example_dags/example_external_task_marker_dag.py
[2023-08-20 11:54:12,305] {logging_mixin.py:104} INFO - [2023-08-20 11:54:12,305] {dag.py:1824} INFO - Sync 2 DAGs
[2023-08-20 11:54:12,321] {logging_mixin.py:104} INFO - [2023-08-20 11:54:12,321] {dag.py:2280} INFO - Setting next_dagrun for example_external_task_marker_child to None
[2023-08-20 11:54:12,323] {logging_mixin.py:104} INFO - [2023-08-20 11:54:12,323] {dag.py:2280} INFO - Setting next_dagrun for example_external_task_marker_parent to None
[2023-08-20 11:54:12,334] {scheduler_job.py:190} INFO - Processing /home/airflow/.local/lib/python3.6/site-packages/airflow/example_dags/example_external_task_marker_dag.py took 0.077 seconds
[2023-08-20 11:54:43,167] {scheduler_job.py:182} INFO - Started process (PID=788) to work on /home/airflow/.local/lib/python3.6/site-packages/airflow/example_dags/example_external_task_marker_dag.py
[2023-08-20 11:54:43,169] {scheduler_job.py:629} INFO - Processing file /home/airflow/.local/lib/python3.6/site-packages/airflow/example_dags/example_external_task_marker_dag.py for tasks to queue
[2023-08-20 11:54:43,171] {logging_mixin.py:104} INFO - [2023-08-20 11:54:43,171] {dagbag.py:451} INFO - Filling up the DagBag from /home/airflow/.local/lib/python3.6/site-packages/airflow/example_dags/example_external_task_marker_dag.py
[2023-08-20 11:54:43,187] {scheduler_job.py:639} INFO - DAG(s) dict_keys(['example_external_task_marker_parent', 'example_external_task_marker_child']) retrieved from /home/airflow/.local/lib/python3.6/site-packages/airflow/example_dags/example_external_task_marker_dag.py
[2023-08-20 11:54:43,223] {logging_mixin.py:104} INFO - [2023-08-20 11:54:43,223] {dag.py:1824} INFO - Sync 2 DAGs
[2023-08-20 11:54:43,243] {logging_mixin.py:104} INFO - [2023-08-20 11:54:43,243] {dag.py:2280} INFO - Setting next_dagrun for example_external_task_marker_child to None
[2023-08-20 11:54:43,245] {logging_mixin.py:104} INFO - [2023-08-20 11:54:43,245] {dag.py:2280} INFO - Setting next_dagrun for example_external_task_marker_parent to None
[2023-08-20 11:54:43,260] {scheduler_job.py:190} INFO - Processing /home/airflow/.local/lib/python3.6/site-packages/airflow/example_dags/example_external_task_marker_dag.py took 0.097 seconds
[2023-08-20 11:55:13,804] {scheduler_job.py:182} INFO - Started process (PID=814) to work on /home/airflow/.local/lib/python3.6/site-packages/airflow/example_dags/example_external_task_marker_dag.py
[2023-08-20 11:55:13,806] {scheduler_job.py:629} INFO - Processing file /home/airflow/.local/lib/python3.6/site-packages/airflow/example_dags/example_external_task_marker_dag.py for tasks to queue
[2023-08-20 11:55:13,807] {logging_mixin.py:104} INFO - [2023-08-20 11:55:13,807] {dagbag.py:451} INFO - Filling up the DagBag from /home/airflow/.local/lib/python3.6/site-packages/airflow/example_dags/example_external_task_marker_dag.py
[2023-08-20 11:55:13,823] {scheduler_job.py:639} INFO - DAG(s) dict_keys(['example_external_task_marker_parent', 'example_external_task_marker_child']) retrieved from /home/airflow/.local/lib/python3.6/site-packages/airflow/example_dags/example_external_task_marker_dag.py
[2023-08-20 11:55:13,858] {logging_mixin.py:104} INFO - [2023-08-20 11:55:13,858] {dag.py:1824} INFO - Sync 2 DAGs
[2023-08-20 11:55:13,882] {logging_mixin.py:104} INFO - [2023-08-20 11:55:13,882] {dag.py:2280} INFO - Setting next_dagrun for example_external_task_marker_child to None
[2023-08-20 11:55:13,885] {logging_mixin.py:104} INFO - [2023-08-20 11:55:13,885] {dag.py:2280} INFO - Setting next_dagrun for example_external_task_marker_parent to None
[2023-08-20 11:55:13,905] {scheduler_job.py:190} INFO - Processing /home/airflow/.local/lib/python3.6/site-packages/airflow/example_dags/example_external_task_marker_dag.py took 0.105 seconds
[2023-08-20 11:55:44,529] {scheduler_job.py:182} INFO - Started process (PID=840) to work on /home/airflow/.local/lib/python3.6/site-packages/airflow/example_dags/example_external_task_marker_dag.py
[2023-08-20 11:55:44,531] {scheduler_job.py:629} INFO - Processing file /home/airflow/.local/lib/python3.6/site-packages/airflow/example_dags/example_external_task_marker_dag.py for tasks to queue
[2023-08-20 11:55:44,533] {logging_mixin.py:104} INFO - [2023-08-20 11:55:44,533] {dagbag.py:451} INFO - Filling up the DagBag from /home/airflow/.local/lib/python3.6/site-packages/airflow/example_dags/example_external_task_marker_dag.py
[2023-08-20 11:55:44,551] {scheduler_job.py:639} INFO - DAG(s) dict_keys(['example_external_task_marker_parent', 'example_external_task_marker_child']) retrieved from /home/airflow/.local/lib/python3.6/site-packages/airflow/example_dags/example_external_task_marker_dag.py
[2023-08-20 11:55:44,588] {logging_mixin.py:104} INFO - [2023-08-20 11:55:44,588] {dag.py:1824} INFO - Sync 2 DAGs
[2023-08-20 11:55:44,605] {logging_mixin.py:104} INFO - [2023-08-20 11:55:44,605] {dag.py:2280} INFO - Setting next_dagrun for example_external_task_marker_child to None
[2023-08-20 11:55:44,607] {logging_mixin.py:104} INFO - [2023-08-20 11:55:44,607] {dag.py:2280} INFO - Setting next_dagrun for example_external_task_marker_parent to None
[2023-08-20 11:55:44,625] {scheduler_job.py:190} INFO - Processing /home/airflow/.local/lib/python3.6/site-packages/airflow/example_dags/example_external_task_marker_dag.py took 0.101 seconds
[2023-08-20 11:56:15,029] {scheduler_job.py:182} INFO - Started process (PID=865) to work on /home/airflow/.local/lib/python3.6/site-packages/airflow/example_dags/example_external_task_marker_dag.py
[2023-08-20 11:56:15,031] {scheduler_job.py:629} INFO - Processing file /home/airflow/.local/lib/python3.6/site-packages/airflow/example_dags/example_external_task_marker_dag.py for tasks to queue
[2023-08-20 11:56:15,032] {logging_mixin.py:104} INFO - [2023-08-20 11:56:15,032] {dagbag.py:451} INFO - Filling up the DagBag from /home/airflow/.local/lib/python3.6/site-packages/airflow/example_dags/example_external_task_marker_dag.py
[2023-08-20 11:56:15,045] {scheduler_job.py:639} INFO - DAG(s) dict_keys(['example_external_task_marker_parent', 'example_external_task_marker_child']) retrieved from /home/airflow/.local/lib/python3.6/site-packages/airflow/example_dags/example_external_task_marker_dag.py
[2023-08-20 11:56:15,075] {logging_mixin.py:104} INFO - [2023-08-20 11:56:15,075] {dag.py:1824} INFO - Sync 2 DAGs
[2023-08-20 11:56:15,095] {logging_mixin.py:104} INFO - [2023-08-20 11:56:15,095] {dag.py:2280} INFO - Setting next_dagrun for example_external_task_marker_child to None
[2023-08-20 11:56:15,097] {logging_mixin.py:104} INFO - [2023-08-20 11:56:15,096] {dag.py:2280} INFO - Setting next_dagrun for example_external_task_marker_parent to None
[2023-08-20 11:56:15,112] {scheduler_job.py:190} INFO - Processing /home/airflow/.local/lib/python3.6/site-packages/airflow/example_dags/example_external_task_marker_dag.py took 0.086 seconds
[2023-08-20 11:56:45,544] {scheduler_job.py:182} INFO - Started process (PID=890) to work on /home/airflow/.local/lib/python3.6/site-packages/airflow/example_dags/example_external_task_marker_dag.py
[2023-08-20 11:56:45,546] {scheduler_job.py:629} INFO - Processing file /home/airflow/.local/lib/python3.6/site-packages/airflow/example_dags/example_external_task_marker_dag.py for tasks to queue
[2023-08-20 11:56:45,547] {logging_mixin.py:104} INFO - [2023-08-20 11:56:45,547] {dagbag.py:451} INFO - Filling up the DagBag from /home/airflow/.local/lib/python3.6/site-packages/airflow/example_dags/example_external_task_marker_dag.py
[2023-08-20 11:56:45,560] {scheduler_job.py:639} INFO - DAG(s) dict_keys(['example_external_task_marker_parent', 'example_external_task_marker_child']) retrieved from /home/airflow/.local/lib/python3.6/site-packages/airflow/example_dags/example_external_task_marker_dag.py
[2023-08-20 11:56:45,588] {logging_mixin.py:104} INFO - [2023-08-20 11:56:45,588] {dag.py:1824} INFO - Sync 2 DAGs
[2023-08-20 11:56:45,604] {logging_mixin.py:104} INFO - [2023-08-20 11:56:45,604] {dag.py:2280} INFO - Setting next_dagrun for example_external_task_marker_child to None
[2023-08-20 11:56:45,606] {logging_mixin.py:104} INFO - [2023-08-20 11:56:45,606] {dag.py:2280} INFO - Setting next_dagrun for example_external_task_marker_parent to None
[2023-08-20 11:56:45,621] {scheduler_job.py:190} INFO - Processing /home/airflow/.local/lib/python3.6/site-packages/airflow/example_dags/example_external_task_marker_dag.py took 0.080 seconds
[2023-08-20 11:57:16,345] {scheduler_job.py:182} INFO - Started process (PID=918) to work on /home/airflow/.local/lib/python3.6/site-packages/airflow/example_dags/example_external_task_marker_dag.py
[2023-08-20 11:57:16,347] {scheduler_job.py:629} INFO - Processing file /home/airflow/.local/lib/python3.6/site-packages/airflow/example_dags/example_external_task_marker_dag.py for tasks to queue
[2023-08-20 11:57:16,349] {logging_mixin.py:104} INFO - [2023-08-20 11:57:16,348] {dagbag.py:451} INFO - Filling up the DagBag from /home/airflow/.local/lib/python3.6/site-packages/airflow/example_dags/example_external_task_marker_dag.py
[2023-08-20 11:57:16,363] {scheduler_job.py:639} INFO - DAG(s) dict_keys(['example_external_task_marker_parent', 'example_external_task_marker_child']) retrieved from /home/airflow/.local/lib/python3.6/site-packages/airflow/example_dags/example_external_task_marker_dag.py
[2023-08-20 11:57:16,392] {logging_mixin.py:104} INFO - [2023-08-20 11:57:16,391] {dag.py:1824} INFO - Sync 2 DAGs
[2023-08-20 11:57:16,410] {logging_mixin.py:104} INFO - [2023-08-20 11:57:16,409] {dag.py:2280} INFO - Setting next_dagrun for example_external_task_marker_child to None
[2023-08-20 11:57:16,413] {logging_mixin.py:104} INFO - [2023-08-20 11:57:16,412] {dag.py:2280} INFO - Setting next_dagrun for example_external_task_marker_parent to None
[2023-08-20 11:57:16,427] {scheduler_job.py:190} INFO - Processing /home/airflow/.local/lib/python3.6/site-packages/airflow/example_dags/example_external_task_marker_dag.py took 0.085 seconds
[2023-08-20 11:57:46,963] {scheduler_job.py:182} INFO - Started process (PID=944) to work on /home/airflow/.local/lib/python3.6/site-packages/airflow/example_dags/example_external_task_marker_dag.py
[2023-08-20 11:57:46,965] {scheduler_job.py:629} INFO - Processing file /home/airflow/.local/lib/python3.6/site-packages/airflow/example_dags/example_external_task_marker_dag.py for tasks to queue
[2023-08-20 11:57:46,967] {logging_mixin.py:104} INFO - [2023-08-20 11:57:46,966] {dagbag.py:451} INFO - Filling up the DagBag from /home/airflow/.local/lib/python3.6/site-packages/airflow/example_dags/example_external_task_marker_dag.py
[2023-08-20 11:57:46,978] {scheduler_job.py:639} INFO - DAG(s) dict_keys(['example_external_task_marker_parent', 'example_external_task_marker_child']) retrieved from /home/airflow/.local/lib/python3.6/site-packages/airflow/example_dags/example_external_task_marker_dag.py
[2023-08-20 11:57:47,009] {logging_mixin.py:104} INFO - [2023-08-20 11:57:47,009] {dag.py:1824} INFO - Sync 2 DAGs
[2023-08-20 11:57:47,028] {logging_mixin.py:104} INFO - [2023-08-20 11:57:47,028] {dag.py:2280} INFO - Setting next_dagrun for example_external_task_marker_child to None
[2023-08-20 11:57:47,029] {logging_mixin.py:104} INFO - [2023-08-20 11:57:47,029] {dag.py:2280} INFO - Setting next_dagrun for example_external_task_marker_parent to None
[2023-08-20 11:57:47,045] {scheduler_job.py:190} INFO - Processing /home/airflow/.local/lib/python3.6/site-packages/airflow/example_dags/example_external_task_marker_dag.py took 0.085 seconds
[2023-08-20 11:58:17,466] {scheduler_job.py:182} INFO - Started process (PID=970) to work on /home/airflow/.local/lib/python3.6/site-packages/airflow/example_dags/example_external_task_marker_dag.py
[2023-08-20 11:58:17,468] {scheduler_job.py:629} INFO - Processing file /home/airflow/.local/lib/python3.6/site-packages/airflow/example_dags/example_external_task_marker_dag.py for tasks to queue
[2023-08-20 11:58:17,470] {logging_mixin.py:104} INFO - [2023-08-20 11:58:17,470] {dagbag.py:451} INFO - Filling up the DagBag from /home/airflow/.local/lib/python3.6/site-packages/airflow/example_dags/example_external_task_marker_dag.py
[2023-08-20 11:58:17,483] {scheduler_job.py:639} INFO - DAG(s) dict_keys(['example_external_task_marker_parent', 'example_external_task_marker_child']) retrieved from /home/airflow/.local/lib/python3.6/site-packages/airflow/example_dags/example_external_task_marker_dag.py
[2023-08-20 11:58:17,516] {logging_mixin.py:104} INFO - [2023-08-20 11:58:17,516] {dag.py:1824} INFO - Sync 2 DAGs
[2023-08-20 11:58:17,534] {logging_mixin.py:104} INFO - [2023-08-20 11:58:17,534] {dag.py:2280} INFO - Setting next_dagrun for example_external_task_marker_child to None
[2023-08-20 11:58:17,536] {logging_mixin.py:104} INFO - [2023-08-20 11:58:17,536] {dag.py:2280} INFO - Setting next_dagrun for example_external_task_marker_parent to None
[2023-08-20 11:58:17,555] {scheduler_job.py:190} INFO - Processing /home/airflow/.local/lib/python3.6/site-packages/airflow/example_dags/example_external_task_marker_dag.py took 0.092 seconds
[2023-08-20 11:58:48,004] {scheduler_job.py:182} INFO - Started process (PID=996) to work on /home/airflow/.local/lib/python3.6/site-packages/airflow/example_dags/example_external_task_marker_dag.py
[2023-08-20 11:58:48,006] {scheduler_job.py:629} INFO - Processing file /home/airflow/.local/lib/python3.6/site-packages/airflow/example_dags/example_external_task_marker_dag.py for tasks to queue
[2023-08-20 11:58:48,008] {logging_mixin.py:104} INFO - [2023-08-20 11:58:48,008] {dagbag.py:451} INFO - Filling up the DagBag from /home/airflow/.local/lib/python3.6/site-packages/airflow/example_dags/example_external_task_marker_dag.py
[2023-08-20 11:58:48,022] {scheduler_job.py:639} INFO - DAG(s) dict_keys(['example_external_task_marker_parent', 'example_external_task_marker_child']) retrieved from /home/airflow/.local/lib/python3.6/site-packages/airflow/example_dags/example_external_task_marker_dag.py
[2023-08-20 11:58:48,054] {logging_mixin.py:104} INFO - [2023-08-20 11:58:48,054] {dag.py:1824} INFO - Sync 2 DAGs
[2023-08-20 11:58:48,072] {logging_mixin.py:104} INFO - [2023-08-20 11:58:48,072] {dag.py:2280} INFO - Setting next_dagrun for example_external_task_marker_child to None
[2023-08-20 11:58:48,074] {logging_mixin.py:104} INFO - [2023-08-20 11:58:48,074] {dag.py:2280} INFO - Setting next_dagrun for example_external_task_marker_parent to None
[2023-08-20 11:58:48,090] {scheduler_job.py:190} INFO - Processing /home/airflow/.local/lib/python3.6/site-packages/airflow/example_dags/example_external_task_marker_dag.py took 0.092 seconds
[2023-08-20 11:59:18,601] {scheduler_job.py:182} INFO - Started process (PID=1021) to work on /home/airflow/.local/lib/python3.6/site-packages/airflow/example_dags/example_external_task_marker_dag.py
[2023-08-20 11:59:18,603] {scheduler_job.py:629} INFO - Processing file /home/airflow/.local/lib/python3.6/site-packages/airflow/example_dags/example_external_task_marker_dag.py for tasks to queue
[2023-08-20 11:59:18,604] {logging_mixin.py:104} INFO - [2023-08-20 11:59:18,604] {dagbag.py:451} INFO - Filling up the DagBag from /home/airflow/.local/lib/python3.6/site-packages/airflow/example_dags/example_external_task_marker_dag.py
[2023-08-20 11:59:18,618] {scheduler_job.py:639} INFO - DAG(s) dict_keys(['example_external_task_marker_parent', 'example_external_task_marker_child']) retrieved from /home/airflow/.local/lib/python3.6/site-packages/airflow/example_dags/example_external_task_marker_dag.py
[2023-08-20 11:59:18,651] {logging_mixin.py:104} INFO - [2023-08-20 11:59:18,651] {dag.py:1824} INFO - Sync 2 DAGs
[2023-08-20 11:59:18,670] {logging_mixin.py:104} INFO - [2023-08-20 11:59:18,669] {dag.py:2280} INFO - Setting next_dagrun for example_external_task_marker_child to None
[2023-08-20 11:59:18,671] {logging_mixin.py:104} INFO - [2023-08-20 11:59:18,671] {dag.py:2280} INFO - Setting next_dagrun for example_external_task_marker_parent to None
[2023-08-20 11:59:18,689] {scheduler_job.py:190} INFO - Processing /home/airflow/.local/lib/python3.6/site-packages/airflow/example_dags/example_external_task_marker_dag.py took 0.092 seconds
[2023-08-20 11:59:49,445] {scheduler_job.py:182} INFO - Started process (PID=1048) to work on /home/airflow/.local/lib/python3.6/site-packages/airflow/example_dags/example_external_task_marker_dag.py
[2023-08-20 11:59:49,447] {scheduler_job.py:629} INFO - Processing file /home/airflow/.local/lib/python3.6/site-packages/airflow/example_dags/example_external_task_marker_dag.py for tasks to queue
[2023-08-20 11:59:49,448] {logging_mixin.py:104} INFO - [2023-08-20 11:59:49,448] {dagbag.py:451} INFO - Filling up the DagBag from /home/airflow/.local/lib/python3.6/site-packages/airflow/example_dags/example_external_task_marker_dag.py
[2023-08-20 11:59:49,460] {scheduler_job.py:639} INFO - DAG(s) dict_keys(['example_external_task_marker_parent', 'example_external_task_marker_child']) retrieved from /home/airflow/.local/lib/python3.6/site-packages/airflow/example_dags/example_external_task_marker_dag.py
[2023-08-20 11:59:49,489] {logging_mixin.py:104} INFO - [2023-08-20 11:59:49,489] {dag.py:1824} INFO - Sync 2 DAGs
[2023-08-20 11:59:49,507] {logging_mixin.py:104} INFO - [2023-08-20 11:59:49,507] {dag.py:2280} INFO - Setting next_dagrun for example_external_task_marker_child to None
[2023-08-20 11:59:49,509] {logging_mixin.py:104} INFO - [2023-08-20 11:59:49,509] {dag.py:2280} INFO - Setting next_dagrun for example_external_task_marker_parent to None
[2023-08-20 11:59:49,524] {scheduler_job.py:190} INFO - Processing /home/airflow/.local/lib/python3.6/site-packages/airflow/example_dags/example_external_task_marker_dag.py took 0.082 seconds
[2023-08-20 12:00:20,010] {scheduler_job.py:182} INFO - Started process (PID=1074) to work on /home/airflow/.local/lib/python3.6/site-packages/airflow/example_dags/example_external_task_marker_dag.py
[2023-08-20 12:00:20,012] {scheduler_job.py:629} INFO - Processing file /home/airflow/.local/lib/python3.6/site-packages/airflow/example_dags/example_external_task_marker_dag.py for tasks to queue
[2023-08-20 12:00:20,013] {logging_mixin.py:104} INFO - [2023-08-20 12:00:20,013] {dagbag.py:451} INFO - Filling up the DagBag from /home/airflow/.local/lib/python3.6/site-packages/airflow/example_dags/example_external_task_marker_dag.py
[2023-08-20 12:00:20,026] {scheduler_job.py:639} INFO - DAG(s) dict_keys(['example_external_task_marker_parent', 'example_external_task_marker_child']) retrieved from /home/airflow/.local/lib/python3.6/site-packages/airflow/example_dags/example_external_task_marker_dag.py
[2023-08-20 12:00:20,055] {logging_mixin.py:104} INFO - [2023-08-20 12:00:20,055] {dag.py:1824} INFO - Sync 2 DAGs
[2023-08-20 12:00:20,080] {logging_mixin.py:104} INFO - [2023-08-20 12:00:20,080] {dag.py:2280} INFO - Setting next_dagrun for example_external_task_marker_child to None
[2023-08-20 12:00:20,082] {logging_mixin.py:104} INFO - [2023-08-20 12:00:20,082] {dag.py:2280} INFO - Setting next_dagrun for example_external_task_marker_parent to None
[2023-08-20 12:00:20,101] {scheduler_job.py:190} INFO - Processing /home/airflow/.local/lib/python3.6/site-packages/airflow/example_dags/example_external_task_marker_dag.py took 0.095 seconds
[2023-08-20 12:00:50,697] {scheduler_job.py:182} INFO - Started process (PID=1100) to work on /home/airflow/.local/lib/python3.6/site-packages/airflow/example_dags/example_external_task_marker_dag.py
[2023-08-20 12:00:50,699] {scheduler_job.py:629} INFO - Processing file /home/airflow/.local/lib/python3.6/site-packages/airflow/example_dags/example_external_task_marker_dag.py for tasks to queue
[2023-08-20 12:00:50,702] {logging_mixin.py:104} INFO - [2023-08-20 12:00:50,701] {dagbag.py:451} INFO - Filling up the DagBag from /home/airflow/.local/lib/python3.6/site-packages/airflow/example_dags/example_external_task_marker_dag.py
[2023-08-20 12:00:50,719] {scheduler_job.py:639} INFO - DAG(s) dict_keys(['example_external_task_marker_parent', 'example_external_task_marker_child']) retrieved from /home/airflow/.local/lib/python3.6/site-packages/airflow/example_dags/example_external_task_marker_dag.py
[2023-08-20 12:00:50,760] {logging_mixin.py:104} INFO - [2023-08-20 12:00:50,760] {dag.py:1824} INFO - Sync 2 DAGs
[2023-08-20 12:00:50,781] {logging_mixin.py:104} INFO - [2023-08-20 12:00:50,781] {dag.py:2280} INFO - Setting next_dagrun for example_external_task_marker_child to None
[2023-08-20 12:00:50,783] {logging_mixin.py:104} INFO - [2023-08-20 12:00:50,783] {dag.py:2280} INFO - Setting next_dagrun for example_external_task_marker_parent to None
[2023-08-20 12:00:50,801] {scheduler_job.py:190} INFO - Processing /home/airflow/.local/lib/python3.6/site-packages/airflow/example_dags/example_external_task_marker_dag.py took 0.109 seconds
[2023-08-20 12:01:21,223] {scheduler_job.py:182} INFO - Started process (PID=1125) to work on /home/airflow/.local/lib/python3.6/site-packages/airflow/example_dags/example_external_task_marker_dag.py
[2023-08-20 12:01:21,224] {scheduler_job.py:629} INFO - Processing file /home/airflow/.local/lib/python3.6/site-packages/airflow/example_dags/example_external_task_marker_dag.py for tasks to queue
[2023-08-20 12:01:21,226] {logging_mixin.py:104} INFO - [2023-08-20 12:01:21,225] {dagbag.py:451} INFO - Filling up the DagBag from /home/airflow/.local/lib/python3.6/site-packages/airflow/example_dags/example_external_task_marker_dag.py
[2023-08-20 12:01:21,239] {scheduler_job.py:639} INFO - DAG(s) dict_keys(['example_external_task_marker_parent', 'example_external_task_marker_child']) retrieved from /home/airflow/.local/lib/python3.6/site-packages/airflow/example_dags/example_external_task_marker_dag.py
[2023-08-20 12:01:21,266] {logging_mixin.py:104} INFO - [2023-08-20 12:01:21,266] {dag.py:1824} INFO - Sync 2 DAGs
[2023-08-20 12:01:21,285] {logging_mixin.py:104} INFO - [2023-08-20 12:01:21,285] {dag.py:2280} INFO - Setting next_dagrun for example_external_task_marker_child to None
[2023-08-20 12:01:21,287] {logging_mixin.py:104} INFO - [2023-08-20 12:01:21,287] {dag.py:2280} INFO - Setting next_dagrun for example_external_task_marker_parent to None
[2023-08-20 12:01:21,300] {scheduler_job.py:190} INFO - Processing /home/airflow/.local/lib/python3.6/site-packages/airflow/example_dags/example_external_task_marker_dag.py took 0.080 seconds
[2023-08-20T17:37:42.097+0000] {processor.py:157} INFO - Started process (PID=83) to work on /home/airflow/.local/lib/python3.8/site-packages/airflow/example_dags/example_external_task_marker_dag.py
[2023-08-20T17:37:42.098+0000] {processor.py:829} INFO - Processing file /home/airflow/.local/lib/python3.8/site-packages/airflow/example_dags/example_external_task_marker_dag.py for tasks to queue
[2023-08-20T17:37:42.102+0000] {logging_mixin.py:151} INFO - [2023-08-20T17:37:42.101+0000] {dagbag.py:539} INFO - Filling up the DagBag from /home/airflow/.local/lib/python3.8/site-packages/airflow/example_dags/example_external_task_marker_dag.py
[2023-08-20T17:37:42.110+0000] {processor.py:839} INFO - DAG(s) dict_keys(['example_external_task_marker_parent', 'example_external_task_marker_child']) retrieved from /home/airflow/.local/lib/python3.8/site-packages/airflow/example_dags/example_external_task_marker_dag.py
[2023-08-20T17:37:42.127+0000] {logging_mixin.py:151} INFO - [2023-08-20T17:37:42.127+0000] {dag.py:2907} INFO - Sync 2 DAGs
[2023-08-20T17:37:42.146+0000] {logging_mixin.py:151} INFO - [2023-08-20T17:37:42.146+0000] {dag.py:3677} INFO - Setting next_dagrun for example_external_task_marker_child to None, run_after=None
[2023-08-20T17:37:42.152+0000] {logging_mixin.py:151} INFO - [2023-08-20T17:37:42.151+0000] {dag.py:3677} INFO - Setting next_dagrun for example_external_task_marker_parent to None, run_after=None
[2023-08-20T17:37:42.178+0000] {processor.py:179} INFO - Processing /home/airflow/.local/lib/python3.8/site-packages/airflow/example_dags/example_external_task_marker_dag.py took 0.086 seconds
[2023-08-20T17:38:13.083+0000] {processor.py:157} INFO - Started process (PID=137) to work on /home/airflow/.local/lib/python3.8/site-packages/airflow/example_dags/example_external_task_marker_dag.py
[2023-08-20T17:38:13.085+0000] {processor.py:829} INFO - Processing file /home/airflow/.local/lib/python3.8/site-packages/airflow/example_dags/example_external_task_marker_dag.py for tasks to queue
[2023-08-20T17:38:13.089+0000] {logging_mixin.py:151} INFO - [2023-08-20T17:38:13.089+0000] {dagbag.py:539} INFO - Filling up the DagBag from /home/airflow/.local/lib/python3.8/site-packages/airflow/example_dags/example_external_task_marker_dag.py
[2023-08-20T17:38:13.098+0000] {processor.py:839} INFO - DAG(s) dict_keys(['example_external_task_marker_child', 'example_external_task_marker_parent']) retrieved from /home/airflow/.local/lib/python3.8/site-packages/airflow/example_dags/example_external_task_marker_dag.py
[2023-08-20T17:38:13.133+0000] {logging_mixin.py:151} INFO - [2023-08-20T17:38:13.133+0000] {dag.py:2907} INFO - Sync 2 DAGs
[2023-08-20T17:38:13.149+0000] {logging_mixin.py:151} INFO - [2023-08-20T17:38:13.149+0000] {dag.py:3677} INFO - Setting next_dagrun for example_external_task_marker_child to None, run_after=None
[2023-08-20T17:38:13.155+0000] {logging_mixin.py:151} INFO - [2023-08-20T17:38:13.154+0000] {dag.py:3677} INFO - Setting next_dagrun for example_external_task_marker_parent to None, run_after=None
[2023-08-20T17:38:13.180+0000] {processor.py:179} INFO - Processing /home/airflow/.local/lib/python3.8/site-packages/airflow/example_dags/example_external_task_marker_dag.py took 0.101 seconds
[2023-08-20T17:38:43.332+0000] {processor.py:157} INFO - Started process (PID=191) to work on /home/airflow/.local/lib/python3.8/site-packages/airflow/example_dags/example_external_task_marker_dag.py
[2023-08-20T17:38:43.334+0000] {processor.py:829} INFO - Processing file /home/airflow/.local/lib/python3.8/site-packages/airflow/example_dags/example_external_task_marker_dag.py for tasks to queue
[2023-08-20T17:38:43.338+0000] {logging_mixin.py:151} INFO - [2023-08-20T17:38:43.338+0000] {dagbag.py:539} INFO - Filling up the DagBag from /home/airflow/.local/lib/python3.8/site-packages/airflow/example_dags/example_external_task_marker_dag.py
[2023-08-20T17:38:43.345+0000] {processor.py:839} INFO - DAG(s) dict_keys(['example_external_task_marker_child', 'example_external_task_marker_parent']) retrieved from /home/airflow/.local/lib/python3.8/site-packages/airflow/example_dags/example_external_task_marker_dag.py
[2023-08-20T17:38:43.375+0000] {logging_mixin.py:151} INFO - [2023-08-20T17:38:43.374+0000] {dag.py:2907} INFO - Sync 2 DAGs
[2023-08-20T17:38:43.390+0000] {logging_mixin.py:151} INFO - [2023-08-20T17:38:43.390+0000] {dag.py:3677} INFO - Setting next_dagrun for example_external_task_marker_child to None, run_after=None
[2023-08-20T17:38:43.395+0000] {logging_mixin.py:151} INFO - [2023-08-20T17:38:43.395+0000] {dag.py:3677} INFO - Setting next_dagrun for example_external_task_marker_parent to None, run_after=None
[2023-08-20T17:38:43.418+0000] {processor.py:179} INFO - Processing /home/airflow/.local/lib/python3.8/site-packages/airflow/example_dags/example_external_task_marker_dag.py took 0.090 seconds
[2023-08-20T17:39:13.950+0000] {processor.py:157} INFO - Started process (PID=244) to work on /home/airflow/.local/lib/python3.8/site-packages/airflow/example_dags/example_external_task_marker_dag.py
[2023-08-20T17:39:13.957+0000] {processor.py:829} INFO - Processing file /home/airflow/.local/lib/python3.8/site-packages/airflow/example_dags/example_external_task_marker_dag.py for tasks to queue
[2023-08-20T17:39:13.967+0000] {logging_mixin.py:151} INFO - [2023-08-20T17:39:13.966+0000] {dagbag.py:539} INFO - Filling up the DagBag from /home/airflow/.local/lib/python3.8/site-packages/airflow/example_dags/example_external_task_marker_dag.py
[2023-08-20T17:39:13.975+0000] {processor.py:839} INFO - DAG(s) dict_keys(['example_external_task_marker_child', 'example_external_task_marker_parent']) retrieved from /home/airflow/.local/lib/python3.8/site-packages/airflow/example_dags/example_external_task_marker_dag.py
[2023-08-20T17:39:14.007+0000] {logging_mixin.py:151} INFO - [2023-08-20T17:39:14.006+0000] {dag.py:2907} INFO - Sync 2 DAGs
[2023-08-20T17:39:14.023+0000] {logging_mixin.py:151} INFO - [2023-08-20T17:39:14.023+0000] {dag.py:3677} INFO - Setting next_dagrun for example_external_task_marker_child to None, run_after=None
[2023-08-20T17:39:14.030+0000] {logging_mixin.py:151} INFO - [2023-08-20T17:39:14.030+0000] {dag.py:3677} INFO - Setting next_dagrun for example_external_task_marker_parent to None, run_after=None
[2023-08-20T17:39:14.051+0000] {processor.py:179} INFO - Processing /home/airflow/.local/lib/python3.8/site-packages/airflow/example_dags/example_external_task_marker_dag.py took 0.106 seconds
[2023-08-20T17:39:44.564+0000] {processor.py:157} INFO - Started process (PID=298) to work on /home/airflow/.local/lib/python3.8/site-packages/airflow/example_dags/example_external_task_marker_dag.py
[2023-08-20T17:39:44.566+0000] {processor.py:829} INFO - Processing file /home/airflow/.local/lib/python3.8/site-packages/airflow/example_dags/example_external_task_marker_dag.py for tasks to queue
[2023-08-20T17:39:44.570+0000] {logging_mixin.py:151} INFO - [2023-08-20T17:39:44.570+0000] {dagbag.py:539} INFO - Filling up the DagBag from /home/airflow/.local/lib/python3.8/site-packages/airflow/example_dags/example_external_task_marker_dag.py
[2023-08-20T17:39:44.579+0000] {processor.py:839} INFO - DAG(s) dict_keys(['example_external_task_marker_child', 'example_external_task_marker_parent']) retrieved from /home/airflow/.local/lib/python3.8/site-packages/airflow/example_dags/example_external_task_marker_dag.py
[2023-08-20T17:39:44.594+0000] {logging_mixin.py:151} INFO - [2023-08-20T17:39:44.594+0000] {dag.py:2907} INFO - Sync 2 DAGs
[2023-08-20T17:39:44.614+0000] {logging_mixin.py:151} INFO - [2023-08-20T17:39:44.614+0000] {dag.py:3677} INFO - Setting next_dagrun for example_external_task_marker_child to None, run_after=None
[2023-08-20T17:39:44.620+0000] {logging_mixin.py:151} INFO - [2023-08-20T17:39:44.620+0000] {dag.py:3677} INFO - Setting next_dagrun for example_external_task_marker_parent to None, run_after=None
[2023-08-20T17:39:44.649+0000] {processor.py:179} INFO - Processing /home/airflow/.local/lib/python3.8/site-packages/airflow/example_dags/example_external_task_marker_dag.py took 0.089 seconds
[2023-08-20T17:40:15.233+0000] {processor.py:157} INFO - Started process (PID=352) to work on /home/airflow/.local/lib/python3.8/site-packages/airflow/example_dags/example_external_task_marker_dag.py
[2023-08-20T17:40:15.235+0000] {processor.py:829} INFO - Processing file /home/airflow/.local/lib/python3.8/site-packages/airflow/example_dags/example_external_task_marker_dag.py for tasks to queue
[2023-08-20T17:40:15.239+0000] {logging_mixin.py:151} INFO - [2023-08-20T17:40:15.238+0000] {dagbag.py:539} INFO - Filling up the DagBag from /home/airflow/.local/lib/python3.8/site-packages/airflow/example_dags/example_external_task_marker_dag.py
[2023-08-20T17:40:15.247+0000] {processor.py:839} INFO - DAG(s) dict_keys(['example_external_task_marker_child', 'example_external_task_marker_parent']) retrieved from /home/airflow/.local/lib/python3.8/site-packages/airflow/example_dags/example_external_task_marker_dag.py
[2023-08-20T17:40:15.279+0000] {logging_mixin.py:151} INFO - [2023-08-20T17:40:15.279+0000] {dag.py:2907} INFO - Sync 2 DAGs
[2023-08-20T17:40:15.299+0000] {logging_mixin.py:151} INFO - [2023-08-20T17:40:15.297+0000] {dag.py:3677} INFO - Setting next_dagrun for example_external_task_marker_child to None, run_after=None
[2023-08-20T17:40:15.304+0000] {logging_mixin.py:151} INFO - [2023-08-20T17:40:15.304+0000] {dag.py:3677} INFO - Setting next_dagrun for example_external_task_marker_parent to None, run_after=None
[2023-08-20T17:40:15.333+0000] {processor.py:179} INFO - Processing /home/airflow/.local/lib/python3.8/site-packages/airflow/example_dags/example_external_task_marker_dag.py took 0.105 seconds
[2023-08-20T17:40:46.259+0000] {processor.py:157} INFO - Started process (PID=407) to work on /home/airflow/.local/lib/python3.8/site-packages/airflow/example_dags/example_external_task_marker_dag.py
[2023-08-20T17:40:46.261+0000] {processor.py:829} INFO - Processing file /home/airflow/.local/lib/python3.8/site-packages/airflow/example_dags/example_external_task_marker_dag.py for tasks to queue
[2023-08-20T17:40:46.265+0000] {logging_mixin.py:151} INFO - [2023-08-20T17:40:46.265+0000] {dagbag.py:539} INFO - Filling up the DagBag from /home/airflow/.local/lib/python3.8/site-packages/airflow/example_dags/example_external_task_marker_dag.py
[2023-08-20T17:40:46.273+0000] {processor.py:839} INFO - DAG(s) dict_keys(['example_external_task_marker_parent', 'example_external_task_marker_child']) retrieved from /home/airflow/.local/lib/python3.8/site-packages/airflow/example_dags/example_external_task_marker_dag.py
[2023-08-20T17:40:46.307+0000] {logging_mixin.py:151} INFO - [2023-08-20T17:40:46.307+0000] {dag.py:2907} INFO - Sync 2 DAGs
[2023-08-20T17:40:46.327+0000] {logging_mixin.py:151} INFO - [2023-08-20T17:40:46.327+0000] {dag.py:3677} INFO - Setting next_dagrun for example_external_task_marker_child to None, run_after=None
[2023-08-20T17:40:46.333+0000] {logging_mixin.py:151} INFO - [2023-08-20T17:40:46.333+0000] {dag.py:3677} INFO - Setting next_dagrun for example_external_task_marker_parent to None, run_after=None
[2023-08-20T17:40:46.365+0000] {processor.py:179} INFO - Processing /home/airflow/.local/lib/python3.8/site-packages/airflow/example_dags/example_external_task_marker_dag.py took 0.109 seconds
[2023-08-20T17:41:16.633+0000] {processor.py:157} INFO - Started process (PID=461) to work on /home/airflow/.local/lib/python3.8/site-packages/airflow/example_dags/example_external_task_marker_dag.py
[2023-08-20T17:41:16.636+0000] {processor.py:829} INFO - Processing file /home/airflow/.local/lib/python3.8/site-packages/airflow/example_dags/example_external_task_marker_dag.py for tasks to queue
[2023-08-20T17:41:16.642+0000] {logging_mixin.py:151} INFO - [2023-08-20T17:41:16.642+0000] {dagbag.py:539} INFO - Filling up the DagBag from /home/airflow/.local/lib/python3.8/site-packages/airflow/example_dags/example_external_task_marker_dag.py
[2023-08-20T17:41:16.653+0000] {processor.py:839} INFO - DAG(s) dict_keys(['example_external_task_marker_parent', 'example_external_task_marker_child']) retrieved from /home/airflow/.local/lib/python3.8/site-packages/airflow/example_dags/example_external_task_marker_dag.py
[2023-08-20T17:41:16.699+0000] {logging_mixin.py:151} INFO - [2023-08-20T17:41:16.699+0000] {dag.py:2907} INFO - Sync 2 DAGs
[2023-08-20T17:41:16.725+0000] {logging_mixin.py:151} INFO - [2023-08-20T17:41:16.724+0000] {dag.py:3677} INFO - Setting next_dagrun for example_external_task_marker_child to None, run_after=None
[2023-08-20T17:41:16.732+0000] {logging_mixin.py:151} INFO - [2023-08-20T17:41:16.732+0000] {dag.py:3677} INFO - Setting next_dagrun for example_external_task_marker_parent to None, run_after=None
[2023-08-20T17:41:16.770+0000] {processor.py:179} INFO - Processing /home/airflow/.local/lib/python3.8/site-packages/airflow/example_dags/example_external_task_marker_dag.py took 0.142 seconds
[2023-08-20T17:41:47.135+0000] {processor.py:157} INFO - Started process (PID=515) to work on /home/airflow/.local/lib/python3.8/site-packages/airflow/example_dags/example_external_task_marker_dag.py
[2023-08-20T17:41:47.137+0000] {processor.py:829} INFO - Processing file /home/airflow/.local/lib/python3.8/site-packages/airflow/example_dags/example_external_task_marker_dag.py for tasks to queue
[2023-08-20T17:41:47.141+0000] {logging_mixin.py:151} INFO - [2023-08-20T17:41:47.140+0000] {dagbag.py:539} INFO - Filling up the DagBag from /home/airflow/.local/lib/python3.8/site-packages/airflow/example_dags/example_external_task_marker_dag.py
[2023-08-20T17:41:47.147+0000] {processor.py:839} INFO - DAG(s) dict_keys(['example_external_task_marker_parent', 'example_external_task_marker_child']) retrieved from /home/airflow/.local/lib/python3.8/site-packages/airflow/example_dags/example_external_task_marker_dag.py
[2023-08-20T17:41:47.194+0000] {logging_mixin.py:151} INFO - [2023-08-20T17:41:47.193+0000] {dag.py:2907} INFO - Sync 2 DAGs
[2023-08-20T17:41:47.212+0000] {logging_mixin.py:151} INFO - [2023-08-20T17:41:47.212+0000] {dag.py:3677} INFO - Setting next_dagrun for example_external_task_marker_child to None, run_after=None
[2023-08-20T17:41:47.218+0000] {logging_mixin.py:151} INFO - [2023-08-20T17:41:47.217+0000] {dag.py:3677} INFO - Setting next_dagrun for example_external_task_marker_parent to None, run_after=None
[2023-08-20T17:41:47.238+0000] {processor.py:179} INFO - Processing /home/airflow/.local/lib/python3.8/site-packages/airflow/example_dags/example_external_task_marker_dag.py took 0.106 seconds
[2023-08-20T17:42:17.313+0000] {processor.py:157} INFO - Started process (PID=569) to work on /home/airflow/.local/lib/python3.8/site-packages/airflow/example_dags/example_external_task_marker_dag.py
[2023-08-20T17:42:17.315+0000] {processor.py:829} INFO - Processing file /home/airflow/.local/lib/python3.8/site-packages/airflow/example_dags/example_external_task_marker_dag.py for tasks to queue
[2023-08-20T17:42:17.318+0000] {logging_mixin.py:151} INFO - [2023-08-20T17:42:17.318+0000] {dagbag.py:539} INFO - Filling up the DagBag from /home/airflow/.local/lib/python3.8/site-packages/airflow/example_dags/example_external_task_marker_dag.py
[2023-08-20T17:42:17.325+0000] {processor.py:839} INFO - DAG(s) dict_keys(['example_external_task_marker_parent', 'example_external_task_marker_child']) retrieved from /home/airflow/.local/lib/python3.8/site-packages/airflow/example_dags/example_external_task_marker_dag.py
[2023-08-20T17:42:17.353+0000] {logging_mixin.py:151} INFO - [2023-08-20T17:42:17.353+0000] {dag.py:2907} INFO - Sync 2 DAGs
[2023-08-20T17:42:17.368+0000] {logging_mixin.py:151} INFO - [2023-08-20T17:42:17.368+0000] {dag.py:3677} INFO - Setting next_dagrun for example_external_task_marker_child to None, run_after=None
[2023-08-20T17:42:17.373+0000] {logging_mixin.py:151} INFO - [2023-08-20T17:42:17.372+0000] {dag.py:3677} INFO - Setting next_dagrun for example_external_task_marker_parent to None, run_after=None
[2023-08-20T17:42:17.395+0000] {processor.py:179} INFO - Processing /home/airflow/.local/lib/python3.8/site-packages/airflow/example_dags/example_external_task_marker_dag.py took 0.085 seconds
[2023-08-20T17:42:47.691+0000] {processor.py:157} INFO - Started process (PID=623) to work on /home/airflow/.local/lib/python3.8/site-packages/airflow/example_dags/example_external_task_marker_dag.py
[2023-08-20T17:42:47.693+0000] {processor.py:829} INFO - Processing file /home/airflow/.local/lib/python3.8/site-packages/airflow/example_dags/example_external_task_marker_dag.py for tasks to queue
[2023-08-20T17:42:47.698+0000] {logging_mixin.py:151} INFO - [2023-08-20T17:42:47.697+0000] {dagbag.py:539} INFO - Filling up the DagBag from /home/airflow/.local/lib/python3.8/site-packages/airflow/example_dags/example_external_task_marker_dag.py
[2023-08-20T17:42:47.707+0000] {processor.py:839} INFO - DAG(s) dict_keys(['example_external_task_marker_child', 'example_external_task_marker_parent']) retrieved from /home/airflow/.local/lib/python3.8/site-packages/airflow/example_dags/example_external_task_marker_dag.py
[2023-08-20T17:42:47.746+0000] {logging_mixin.py:151} INFO - [2023-08-20T17:42:47.746+0000] {dag.py:2907} INFO - Sync 2 DAGs
[2023-08-20T17:42:47.768+0000] {logging_mixin.py:151} INFO - [2023-08-20T17:42:47.768+0000] {dag.py:3677} INFO - Setting next_dagrun for example_external_task_marker_child to None, run_after=None
[2023-08-20T17:42:47.774+0000] {logging_mixin.py:151} INFO - [2023-08-20T17:42:47.774+0000] {dag.py:3677} INFO - Setting next_dagrun for example_external_task_marker_parent to None, run_after=None
[2023-08-20T17:42:47.801+0000] {processor.py:179} INFO - Processing /home/airflow/.local/lib/python3.8/site-packages/airflow/example_dags/example_external_task_marker_dag.py took 0.113 seconds
[2023-08-20T17:43:18.217+0000] {processor.py:157} INFO - Started process (PID=677) to work on /home/airflow/.local/lib/python3.8/site-packages/airflow/example_dags/example_external_task_marker_dag.py
[2023-08-20T17:43:18.219+0000] {processor.py:829} INFO - Processing file /home/airflow/.local/lib/python3.8/site-packages/airflow/example_dags/example_external_task_marker_dag.py for tasks to queue
[2023-08-20T17:43:18.223+0000] {logging_mixin.py:151} INFO - [2023-08-20T17:43:18.223+0000] {dagbag.py:539} INFO - Filling up the DagBag from /home/airflow/.local/lib/python3.8/site-packages/airflow/example_dags/example_external_task_marker_dag.py
[2023-08-20T17:43:18.231+0000] {processor.py:839} INFO - DAG(s) dict_keys(['example_external_task_marker_child', 'example_external_task_marker_parent']) retrieved from /home/airflow/.local/lib/python3.8/site-packages/airflow/example_dags/example_external_task_marker_dag.py
[2023-08-20T17:43:18.259+0000] {logging_mixin.py:151} INFO - [2023-08-20T17:43:18.259+0000] {dag.py:2907} INFO - Sync 2 DAGs
[2023-08-20T17:43:18.276+0000] {logging_mixin.py:151} INFO - [2023-08-20T17:43:18.276+0000] {dag.py:3677} INFO - Setting next_dagrun for example_external_task_marker_child to None, run_after=None
[2023-08-20T17:43:18.282+0000] {logging_mixin.py:151} INFO - [2023-08-20T17:43:18.281+0000] {dag.py:3677} INFO - Setting next_dagrun for example_external_task_marker_parent to None, run_after=None
[2023-08-20T17:43:18.307+0000] {processor.py:179} INFO - Processing /home/airflow/.local/lib/python3.8/site-packages/airflow/example_dags/example_external_task_marker_dag.py took 0.094 seconds
[2023-08-20T17:43:48.896+0000] {processor.py:157} INFO - Started process (PID=731) to work on /home/airflow/.local/lib/python3.8/site-packages/airflow/example_dags/example_external_task_marker_dag.py
[2023-08-20T17:43:48.898+0000] {processor.py:829} INFO - Processing file /home/airflow/.local/lib/python3.8/site-packages/airflow/example_dags/example_external_task_marker_dag.py for tasks to queue
[2023-08-20T17:43:48.902+0000] {logging_mixin.py:151} INFO - [2023-08-20T17:43:48.902+0000] {dagbag.py:539} INFO - Filling up the DagBag from /home/airflow/.local/lib/python3.8/site-packages/airflow/example_dags/example_external_task_marker_dag.py
[2023-08-20T17:43:48.909+0000] {processor.py:839} INFO - DAG(s) dict_keys(['example_external_task_marker_child', 'example_external_task_marker_parent']) retrieved from /home/airflow/.local/lib/python3.8/site-packages/airflow/example_dags/example_external_task_marker_dag.py
[2023-08-20T17:43:48.943+0000] {logging_mixin.py:151} INFO - [2023-08-20T17:43:48.942+0000] {dag.py:2907} INFO - Sync 2 DAGs
[2023-08-20T17:43:48.959+0000] {logging_mixin.py:151} INFO - [2023-08-20T17:43:48.958+0000] {dag.py:3677} INFO - Setting next_dagrun for example_external_task_marker_child to None, run_after=None
[2023-08-20T17:43:48.964+0000] {logging_mixin.py:151} INFO - [2023-08-20T17:43:48.964+0000] {dag.py:3677} INFO - Setting next_dagrun for example_external_task_marker_parent to None, run_after=None
[2023-08-20T17:43:48.987+0000] {processor.py:179} INFO - Processing /home/airflow/.local/lib/python3.8/site-packages/airflow/example_dags/example_external_task_marker_dag.py took 0.095 seconds
[2023-08-20T17:44:19.499+0000] {processor.py:157} INFO - Started process (PID=785) to work on /home/airflow/.local/lib/python3.8/site-packages/airflow/example_dags/example_external_task_marker_dag.py
[2023-08-20T17:44:19.501+0000] {processor.py:829} INFO - Processing file /home/airflow/.local/lib/python3.8/site-packages/airflow/example_dags/example_external_task_marker_dag.py for tasks to queue
[2023-08-20T17:44:19.506+0000] {logging_mixin.py:151} INFO - [2023-08-20T17:44:19.505+0000] {dagbag.py:539} INFO - Filling up the DagBag from /home/airflow/.local/lib/python3.8/site-packages/airflow/example_dags/example_external_task_marker_dag.py
[2023-08-20T17:44:19.515+0000] {processor.py:839} INFO - DAG(s) dict_keys(['example_external_task_marker_parent', 'example_external_task_marker_child']) retrieved from /home/airflow/.local/lib/python3.8/site-packages/airflow/example_dags/example_external_task_marker_dag.py
[2023-08-20T17:44:19.550+0000] {logging_mixin.py:151} INFO - [2023-08-20T17:44:19.549+0000] {dag.py:2907} INFO - Sync 2 DAGs
[2023-08-20T17:44:19.566+0000] {logging_mixin.py:151} INFO - [2023-08-20T17:44:19.565+0000] {dag.py:3677} INFO - Setting next_dagrun for example_external_task_marker_child to None, run_after=None
[2023-08-20T17:44:19.570+0000] {logging_mixin.py:151} INFO - [2023-08-20T17:44:19.570+0000] {dag.py:3677} INFO - Setting next_dagrun for example_external_task_marker_parent to None, run_after=None
[2023-08-20T17:44:19.595+0000] {processor.py:179} INFO - Processing /home/airflow/.local/lib/python3.8/site-packages/airflow/example_dags/example_external_task_marker_dag.py took 0.101 seconds
[2023-08-20T17:44:50.233+0000] {processor.py:157} INFO - Started process (PID=839) to work on /home/airflow/.local/lib/python3.8/site-packages/airflow/example_dags/example_external_task_marker_dag.py
[2023-08-20T17:44:50.236+0000] {processor.py:829} INFO - Processing file /home/airflow/.local/lib/python3.8/site-packages/airflow/example_dags/example_external_task_marker_dag.py for tasks to queue
[2023-08-20T17:44:50.240+0000] {logging_mixin.py:151} INFO - [2023-08-20T17:44:50.240+0000] {dagbag.py:539} INFO - Filling up the DagBag from /home/airflow/.local/lib/python3.8/site-packages/airflow/example_dags/example_external_task_marker_dag.py
[2023-08-20T17:44:50.247+0000] {processor.py:839} INFO - DAG(s) dict_keys(['example_external_task_marker_child', 'example_external_task_marker_parent']) retrieved from /home/airflow/.local/lib/python3.8/site-packages/airflow/example_dags/example_external_task_marker_dag.py
[2023-08-20T17:44:50.280+0000] {logging_mixin.py:151} INFO - [2023-08-20T17:44:50.280+0000] {dag.py:2907} INFO - Sync 2 DAGs
[2023-08-20T17:44:50.298+0000] {logging_mixin.py:151} INFO - [2023-08-20T17:44:50.298+0000] {dag.py:3677} INFO - Setting next_dagrun for example_external_task_marker_child to None, run_after=None
[2023-08-20T17:44:50.303+0000] {logging_mixin.py:151} INFO - [2023-08-20T17:44:50.303+0000] {dag.py:3677} INFO - Setting next_dagrun for example_external_task_marker_parent to None, run_after=None
[2023-08-20T17:44:50.326+0000] {processor.py:179} INFO - Processing /home/airflow/.local/lib/python3.8/site-packages/airflow/example_dags/example_external_task_marker_dag.py took 0.098 seconds
[2023-08-20T17:45:20.463+0000] {processor.py:157} INFO - Started process (PID=892) to work on /home/airflow/.local/lib/python3.8/site-packages/airflow/example_dags/example_external_task_marker_dag.py
[2023-08-20T17:45:20.465+0000] {processor.py:829} INFO - Processing file /home/airflow/.local/lib/python3.8/site-packages/airflow/example_dags/example_external_task_marker_dag.py for tasks to queue
[2023-08-20T17:45:20.469+0000] {logging_mixin.py:151} INFO - [2023-08-20T17:45:20.468+0000] {dagbag.py:539} INFO - Filling up the DagBag from /home/airflow/.local/lib/python3.8/site-packages/airflow/example_dags/example_external_task_marker_dag.py
[2023-08-20T17:45:20.477+0000] {processor.py:839} INFO - DAG(s) dict_keys(['example_external_task_marker_child', 'example_external_task_marker_parent']) retrieved from /home/airflow/.local/lib/python3.8/site-packages/airflow/example_dags/example_external_task_marker_dag.py
[2023-08-20T17:45:20.516+0000] {logging_mixin.py:151} INFO - [2023-08-20T17:45:20.516+0000] {dag.py:2907} INFO - Sync 2 DAGs
[2023-08-20T17:45:20.535+0000] {logging_mixin.py:151} INFO - [2023-08-20T17:45:20.535+0000] {dag.py:3677} INFO - Setting next_dagrun for example_external_task_marker_child to None, run_after=None
[2023-08-20T17:45:20.541+0000] {logging_mixin.py:151} INFO - [2023-08-20T17:45:20.541+0000] {dag.py:3677} INFO - Setting next_dagrun for example_external_task_marker_parent to None, run_after=None
[2023-08-20T17:45:20.575+0000] {processor.py:179} INFO - Processing /home/airflow/.local/lib/python3.8/site-packages/airflow/example_dags/example_external_task_marker_dag.py took 0.117 seconds
[2023-08-20T17:45:50.848+0000] {processor.py:157} INFO - Started process (PID=947) to work on /home/airflow/.local/lib/python3.8/site-packages/airflow/example_dags/example_external_task_marker_dag.py
[2023-08-20T17:45:50.850+0000] {processor.py:829} INFO - Processing file /home/airflow/.local/lib/python3.8/site-packages/airflow/example_dags/example_external_task_marker_dag.py for tasks to queue
[2023-08-20T17:45:50.854+0000] {logging_mixin.py:151} INFO - [2023-08-20T17:45:50.853+0000] {dagbag.py:539} INFO - Filling up the DagBag from /home/airflow/.local/lib/python3.8/site-packages/airflow/example_dags/example_external_task_marker_dag.py
[2023-08-20T17:45:50.862+0000] {processor.py:839} INFO - DAG(s) dict_keys(['example_external_task_marker_parent', 'example_external_task_marker_child']) retrieved from /home/airflow/.local/lib/python3.8/site-packages/airflow/example_dags/example_external_task_marker_dag.py
[2023-08-20T17:45:50.892+0000] {logging_mixin.py:151} INFO - [2023-08-20T17:45:50.891+0000] {dag.py:2907} INFO - Sync 2 DAGs
[2023-08-20T17:45:50.911+0000] {logging_mixin.py:151} INFO - [2023-08-20T17:45:50.911+0000] {dag.py:3677} INFO - Setting next_dagrun for example_external_task_marker_child to None, run_after=None
[2023-08-20T17:45:50.916+0000] {logging_mixin.py:151} INFO - [2023-08-20T17:45:50.915+0000] {dag.py:3677} INFO - Setting next_dagrun for example_external_task_marker_parent to None, run_after=None
[2023-08-20T17:45:50.937+0000] {processor.py:179} INFO - Processing /home/airflow/.local/lib/python3.8/site-packages/airflow/example_dags/example_external_task_marker_dag.py took 0.093 seconds
[2023-08-20T17:46:22.050+0000] {processor.py:157} INFO - Started process (PID=1001) to work on /home/airflow/.local/lib/python3.8/site-packages/airflow/example_dags/example_external_task_marker_dag.py
[2023-08-20T17:46:22.053+0000] {processor.py:829} INFO - Processing file /home/airflow/.local/lib/python3.8/site-packages/airflow/example_dags/example_external_task_marker_dag.py for tasks to queue
[2023-08-20T17:46:22.059+0000] {logging_mixin.py:151} INFO - [2023-08-20T17:46:22.058+0000] {dagbag.py:539} INFO - Filling up the DagBag from /home/airflow/.local/lib/python3.8/site-packages/airflow/example_dags/example_external_task_marker_dag.py
[2023-08-20T17:46:22.073+0000] {processor.py:839} INFO - DAG(s) dict_keys(['example_external_task_marker_child', 'example_external_task_marker_parent']) retrieved from /home/airflow/.local/lib/python3.8/site-packages/airflow/example_dags/example_external_task_marker_dag.py
[2023-08-20T17:46:22.102+0000] {logging_mixin.py:151} INFO - [2023-08-20T17:46:22.102+0000] {dag.py:2907} INFO - Sync 2 DAGs
[2023-08-20T17:46:22.117+0000] {logging_mixin.py:151} INFO - [2023-08-20T17:46:22.117+0000] {dag.py:3677} INFO - Setting next_dagrun for example_external_task_marker_child to None, run_after=None
[2023-08-20T17:46:22.123+0000] {logging_mixin.py:151} INFO - [2023-08-20T17:46:22.123+0000] {dag.py:3677} INFO - Setting next_dagrun for example_external_task_marker_parent to None, run_after=None
[2023-08-20T17:46:22.151+0000] {processor.py:179} INFO - Processing /home/airflow/.local/lib/python3.8/site-packages/airflow/example_dags/example_external_task_marker_dag.py took 0.106 seconds
[2023-08-20T17:46:52.492+0000] {processor.py:157} INFO - Started process (PID=1055) to work on /home/airflow/.local/lib/python3.8/site-packages/airflow/example_dags/example_external_task_marker_dag.py
[2023-08-20T17:46:52.494+0000] {processor.py:829} INFO - Processing file /home/airflow/.local/lib/python3.8/site-packages/airflow/example_dags/example_external_task_marker_dag.py for tasks to queue
[2023-08-20T17:46:52.498+0000] {logging_mixin.py:151} INFO - [2023-08-20T17:46:52.497+0000] {dagbag.py:539} INFO - Filling up the DagBag from /home/airflow/.local/lib/python3.8/site-packages/airflow/example_dags/example_external_task_marker_dag.py
[2023-08-20T17:46:52.504+0000] {processor.py:839} INFO - DAG(s) dict_keys(['example_external_task_marker_child', 'example_external_task_marker_parent']) retrieved from /home/airflow/.local/lib/python3.8/site-packages/airflow/example_dags/example_external_task_marker_dag.py
[2023-08-20T17:46:52.536+0000] {logging_mixin.py:151} INFO - [2023-08-20T17:46:52.536+0000] {dag.py:2907} INFO - Sync 2 DAGs
[2023-08-20T17:46:52.554+0000] {logging_mixin.py:151} INFO - [2023-08-20T17:46:52.554+0000] {dag.py:3677} INFO - Setting next_dagrun for example_external_task_marker_child to None, run_after=None
[2023-08-20T17:46:52.559+0000] {logging_mixin.py:151} INFO - [2023-08-20T17:46:52.559+0000] {dag.py:3677} INFO - Setting next_dagrun for example_external_task_marker_parent to None, run_after=None
[2023-08-20T17:46:52.586+0000] {processor.py:179} INFO - Processing /home/airflow/.local/lib/python3.8/site-packages/airflow/example_dags/example_external_task_marker_dag.py took 0.098 seconds
