[2023-08-20 11:40:25,026] {scheduler_job.py:182} INFO - Started process (PID=66) to work on /home/airflow/.local/lib/python3.6/site-packages/airflow/example_dags/tutorial_etl_dag.py
[2023-08-20 11:40:25,028] {scheduler_job.py:629} INFO - Processing file /home/airflow/.local/lib/python3.6/site-packages/airflow/example_dags/tutorial_etl_dag.py for tasks to queue
[2023-08-20 11:40:25,030] {logging_mixin.py:104} INFO - [2023-08-20 11:40:25,030] {dagbag.py:451} INFO - Filling up the DagBag from /home/airflow/.local/lib/python3.6/site-packages/airflow/example_dags/tutorial_etl_dag.py
[2023-08-20 11:40:25,044] {scheduler_job.py:639} INFO - DAG(s) dict_keys(['tutorial_etl_dag']) retrieved from /home/airflow/.local/lib/python3.6/site-packages/airflow/example_dags/tutorial_etl_dag.py
[2023-08-20 11:40:25,073] {logging_mixin.py:104} INFO - [2023-08-20 11:40:25,073] {dag.py:1824} INFO - Sync 1 DAGs
[2023-08-20 11:40:25,087] {logging_mixin.py:104} INFO - [2023-08-20 11:40:25,086] {dag.py:1843} INFO - Creating ORM DAG for tutorial_etl_dag
[2023-08-20 11:40:25,095] {logging_mixin.py:104} INFO - [2023-08-20 11:40:25,094] {dag.py:2280} INFO - Setting next_dagrun for tutorial_etl_dag to None
[2023-08-20 11:40:25,114] {scheduler_job.py:190} INFO - Processing /home/airflow/.local/lib/python3.6/site-packages/airflow/example_dags/tutorial_etl_dag.py took 0.090 seconds
[2023-08-20 11:40:55,903] {scheduler_job.py:182} INFO - Started process (PID=92) to work on /home/airflow/.local/lib/python3.6/site-packages/airflow/example_dags/tutorial_etl_dag.py
[2023-08-20 11:40:55,905] {scheduler_job.py:629} INFO - Processing file /home/airflow/.local/lib/python3.6/site-packages/airflow/example_dags/tutorial_etl_dag.py for tasks to queue
[2023-08-20 11:40:55,908] {logging_mixin.py:104} INFO - [2023-08-20 11:40:55,908] {dagbag.py:451} INFO - Filling up the DagBag from /home/airflow/.local/lib/python3.6/site-packages/airflow/example_dags/tutorial_etl_dag.py
[2023-08-20 11:40:55,927] {scheduler_job.py:639} INFO - DAG(s) dict_keys(['tutorial_etl_dag']) retrieved from /home/airflow/.local/lib/python3.6/site-packages/airflow/example_dags/tutorial_etl_dag.py
[2023-08-20 11:40:55,961] {logging_mixin.py:104} INFO - [2023-08-20 11:40:55,961] {dag.py:1824} INFO - Sync 1 DAGs
[2023-08-20 11:40:55,992] {logging_mixin.py:104} INFO - [2023-08-20 11:40:55,992] {dag.py:2280} INFO - Setting next_dagrun for tutorial_etl_dag to None
[2023-08-20 11:40:56,015] {scheduler_job.py:190} INFO - Processing /home/airflow/.local/lib/python3.6/site-packages/airflow/example_dags/tutorial_etl_dag.py took 0.119 seconds
[2023-08-20 11:41:26,227] {scheduler_job.py:182} INFO - Started process (PID=118) to work on /home/airflow/.local/lib/python3.6/site-packages/airflow/example_dags/tutorial_etl_dag.py
[2023-08-20 11:41:26,229] {scheduler_job.py:629} INFO - Processing file /home/airflow/.local/lib/python3.6/site-packages/airflow/example_dags/tutorial_etl_dag.py for tasks to queue
[2023-08-20 11:41:26,230] {logging_mixin.py:104} INFO - [2023-08-20 11:41:26,230] {dagbag.py:451} INFO - Filling up the DagBag from /home/airflow/.local/lib/python3.6/site-packages/airflow/example_dags/tutorial_etl_dag.py
[2023-08-20 11:41:26,242] {scheduler_job.py:639} INFO - DAG(s) dict_keys(['tutorial_etl_dag']) retrieved from /home/airflow/.local/lib/python3.6/site-packages/airflow/example_dags/tutorial_etl_dag.py
[2023-08-20 11:41:26,262] {logging_mixin.py:104} INFO - [2023-08-20 11:41:26,262] {dag.py:1824} INFO - Sync 1 DAGs
[2023-08-20 11:41:26,282] {logging_mixin.py:104} INFO - [2023-08-20 11:41:26,282] {dag.py:2280} INFO - Setting next_dagrun for tutorial_etl_dag to None
[2023-08-20 11:41:26,300] {scheduler_job.py:190} INFO - Processing /home/airflow/.local/lib/python3.6/site-packages/airflow/example_dags/tutorial_etl_dag.py took 0.077 seconds
[2023-08-20 11:41:56,409] {scheduler_job.py:182} INFO - Started process (PID=144) to work on /home/airflow/.local/lib/python3.6/site-packages/airflow/example_dags/tutorial_etl_dag.py
[2023-08-20 11:41:56,411] {scheduler_job.py:629} INFO - Processing file /home/airflow/.local/lib/python3.6/site-packages/airflow/example_dags/tutorial_etl_dag.py for tasks to queue
[2023-08-20 11:41:56,412] {logging_mixin.py:104} INFO - [2023-08-20 11:41:56,412] {dagbag.py:451} INFO - Filling up the DagBag from /home/airflow/.local/lib/python3.6/site-packages/airflow/example_dags/tutorial_etl_dag.py
[2023-08-20 11:41:56,425] {scheduler_job.py:639} INFO - DAG(s) dict_keys(['tutorial_etl_dag']) retrieved from /home/airflow/.local/lib/python3.6/site-packages/airflow/example_dags/tutorial_etl_dag.py
[2023-08-20 11:41:56,449] {logging_mixin.py:104} INFO - [2023-08-20 11:41:56,448] {dag.py:1824} INFO - Sync 1 DAGs
[2023-08-20 11:41:56,466] {logging_mixin.py:104} INFO - [2023-08-20 11:41:56,466] {dag.py:2280} INFO - Setting next_dagrun for tutorial_etl_dag to None
[2023-08-20 11:41:56,480] {scheduler_job.py:190} INFO - Processing /home/airflow/.local/lib/python3.6/site-packages/airflow/example_dags/tutorial_etl_dag.py took 0.074 seconds
[2023-08-20 11:42:26,921] {scheduler_job.py:182} INFO - Started process (PID=170) to work on /home/airflow/.local/lib/python3.6/site-packages/airflow/example_dags/tutorial_etl_dag.py
[2023-08-20 11:42:26,924] {scheduler_job.py:629} INFO - Processing file /home/airflow/.local/lib/python3.6/site-packages/airflow/example_dags/tutorial_etl_dag.py for tasks to queue
[2023-08-20 11:42:26,925] {logging_mixin.py:104} INFO - [2023-08-20 11:42:26,925] {dagbag.py:451} INFO - Filling up the DagBag from /home/airflow/.local/lib/python3.6/site-packages/airflow/example_dags/tutorial_etl_dag.py
[2023-08-20 11:42:26,941] {scheduler_job.py:639} INFO - DAG(s) dict_keys(['tutorial_etl_dag']) retrieved from /home/airflow/.local/lib/python3.6/site-packages/airflow/example_dags/tutorial_etl_dag.py
[2023-08-20 11:42:26,966] {logging_mixin.py:104} INFO - [2023-08-20 11:42:26,966] {dag.py:1824} INFO - Sync 1 DAGs
[2023-08-20 11:42:26,997] {logging_mixin.py:104} INFO - [2023-08-20 11:42:26,996] {dag.py:2280} INFO - Setting next_dagrun for tutorial_etl_dag to None
[2023-08-20 11:42:27,017] {scheduler_job.py:190} INFO - Processing /home/airflow/.local/lib/python3.6/site-packages/airflow/example_dags/tutorial_etl_dag.py took 0.099 seconds
[2023-08-20 11:42:57,463] {scheduler_job.py:182} INFO - Started process (PID=195) to work on /home/airflow/.local/lib/python3.6/site-packages/airflow/example_dags/tutorial_etl_dag.py
[2023-08-20 11:42:57,466] {scheduler_job.py:629} INFO - Processing file /home/airflow/.local/lib/python3.6/site-packages/airflow/example_dags/tutorial_etl_dag.py for tasks to queue
[2023-08-20 11:42:57,468] {logging_mixin.py:104} INFO - [2023-08-20 11:42:57,468] {dagbag.py:451} INFO - Filling up the DagBag from /home/airflow/.local/lib/python3.6/site-packages/airflow/example_dags/tutorial_etl_dag.py
[2023-08-20 11:42:57,482] {scheduler_job.py:639} INFO - DAG(s) dict_keys(['tutorial_etl_dag']) retrieved from /home/airflow/.local/lib/python3.6/site-packages/airflow/example_dags/tutorial_etl_dag.py
[2023-08-20 11:42:57,512] {logging_mixin.py:104} INFO - [2023-08-20 11:42:57,512] {dag.py:1824} INFO - Sync 1 DAGs
[2023-08-20 11:42:57,531] {logging_mixin.py:104} INFO - [2023-08-20 11:42:57,530] {dag.py:2280} INFO - Setting next_dagrun for tutorial_etl_dag to None
[2023-08-20 11:42:57,545] {scheduler_job.py:190} INFO - Processing /home/airflow/.local/lib/python3.6/site-packages/airflow/example_dags/tutorial_etl_dag.py took 0.086 seconds
[2023-08-20 11:43:28,425] {scheduler_job.py:182} INFO - Started process (PID=222) to work on /home/airflow/.local/lib/python3.6/site-packages/airflow/example_dags/tutorial_etl_dag.py
[2023-08-20 11:43:28,427] {scheduler_job.py:629} INFO - Processing file /home/airflow/.local/lib/python3.6/site-packages/airflow/example_dags/tutorial_etl_dag.py for tasks to queue
[2023-08-20 11:43:28,428] {logging_mixin.py:104} INFO - [2023-08-20 11:43:28,428] {dagbag.py:451} INFO - Filling up the DagBag from /home/airflow/.local/lib/python3.6/site-packages/airflow/example_dags/tutorial_etl_dag.py
[2023-08-20 11:43:28,444] {scheduler_job.py:639} INFO - DAG(s) dict_keys(['tutorial_etl_dag']) retrieved from /home/airflow/.local/lib/python3.6/site-packages/airflow/example_dags/tutorial_etl_dag.py
[2023-08-20 11:43:28,472] {logging_mixin.py:104} INFO - [2023-08-20 11:43:28,472] {dag.py:1824} INFO - Sync 1 DAGs
[2023-08-20 11:43:28,489] {logging_mixin.py:104} INFO - [2023-08-20 11:43:28,489] {dag.py:2280} INFO - Setting next_dagrun for tutorial_etl_dag to None
[2023-08-20 11:43:28,502] {scheduler_job.py:190} INFO - Processing /home/airflow/.local/lib/python3.6/site-packages/airflow/example_dags/tutorial_etl_dag.py took 0.080 seconds
[2023-08-20 11:43:58,592] {scheduler_job.py:182} INFO - Started process (PID=245) to work on /home/airflow/.local/lib/python3.6/site-packages/airflow/example_dags/tutorial_etl_dag.py
[2023-08-20 11:43:58,595] {scheduler_job.py:629} INFO - Processing file /home/airflow/.local/lib/python3.6/site-packages/airflow/example_dags/tutorial_etl_dag.py for tasks to queue
[2023-08-20 11:43:58,596] {logging_mixin.py:104} INFO - [2023-08-20 11:43:58,596] {dagbag.py:451} INFO - Filling up the DagBag from /home/airflow/.local/lib/python3.6/site-packages/airflow/example_dags/tutorial_etl_dag.py
[2023-08-20 11:43:58,611] {scheduler_job.py:639} INFO - DAG(s) dict_keys(['tutorial_etl_dag']) retrieved from /home/airflow/.local/lib/python3.6/site-packages/airflow/example_dags/tutorial_etl_dag.py
[2023-08-20 11:43:58,641] {logging_mixin.py:104} INFO - [2023-08-20 11:43:58,641] {dag.py:1824} INFO - Sync 1 DAGs
[2023-08-20 11:43:58,655] {logging_mixin.py:104} INFO - [2023-08-20 11:43:58,655] {dag.py:2280} INFO - Setting next_dagrun for tutorial_etl_dag to None
[2023-08-20 11:43:58,755] {scheduler_job.py:190} INFO - Processing /home/airflow/.local/lib/python3.6/site-packages/airflow/example_dags/tutorial_etl_dag.py took 0.166 seconds
[2023-08-20 11:44:28,923] {scheduler_job.py:182} INFO - Started process (PID=272) to work on /home/airflow/.local/lib/python3.6/site-packages/airflow/example_dags/tutorial_etl_dag.py
[2023-08-20 11:44:28,927] {scheduler_job.py:629} INFO - Processing file /home/airflow/.local/lib/python3.6/site-packages/airflow/example_dags/tutorial_etl_dag.py for tasks to queue
[2023-08-20 11:44:28,929] {logging_mixin.py:104} INFO - [2023-08-20 11:44:28,929] {dagbag.py:451} INFO - Filling up the DagBag from /home/airflow/.local/lib/python3.6/site-packages/airflow/example_dags/tutorial_etl_dag.py
[2023-08-20 11:44:28,941] {scheduler_job.py:639} INFO - DAG(s) dict_keys(['tutorial_etl_dag']) retrieved from /home/airflow/.local/lib/python3.6/site-packages/airflow/example_dags/tutorial_etl_dag.py
[2023-08-20 11:44:28,964] {logging_mixin.py:104} INFO - [2023-08-20 11:44:28,964] {dag.py:1824} INFO - Sync 1 DAGs
[2023-08-20 11:44:28,982] {logging_mixin.py:104} INFO - [2023-08-20 11:44:28,982] {dag.py:2280} INFO - Setting next_dagrun for tutorial_etl_dag to None
[2023-08-20 11:44:28,995] {scheduler_job.py:190} INFO - Processing /home/airflow/.local/lib/python3.6/site-packages/airflow/example_dags/tutorial_etl_dag.py took 0.077 seconds
[2023-08-20 11:44:59,664] {scheduler_job.py:182} INFO - Started process (PID=299) to work on /home/airflow/.local/lib/python3.6/site-packages/airflow/example_dags/tutorial_etl_dag.py
[2023-08-20 11:44:59,666] {scheduler_job.py:629} INFO - Processing file /home/airflow/.local/lib/python3.6/site-packages/airflow/example_dags/tutorial_etl_dag.py for tasks to queue
[2023-08-20 11:44:59,668] {logging_mixin.py:104} INFO - [2023-08-20 11:44:59,668] {dagbag.py:451} INFO - Filling up the DagBag from /home/airflow/.local/lib/python3.6/site-packages/airflow/example_dags/tutorial_etl_dag.py
[2023-08-20 11:44:59,691] {scheduler_job.py:639} INFO - DAG(s) dict_keys(['tutorial_etl_dag']) retrieved from /home/airflow/.local/lib/python3.6/site-packages/airflow/example_dags/tutorial_etl_dag.py
[2023-08-20 11:44:59,733] {logging_mixin.py:104} INFO - [2023-08-20 11:44:59,732] {dag.py:1824} INFO - Sync 1 DAGs
[2023-08-20 11:44:59,761] {logging_mixin.py:104} INFO - [2023-08-20 11:44:59,761] {dag.py:2280} INFO - Setting next_dagrun for tutorial_etl_dag to None
[2023-08-20 11:44:59,786] {scheduler_job.py:190} INFO - Processing /home/airflow/.local/lib/python3.6/site-packages/airflow/example_dags/tutorial_etl_dag.py took 0.127 seconds
[2023-08-20 11:45:30,842] {scheduler_job.py:182} INFO - Started process (PID=325) to work on /home/airflow/.local/lib/python3.6/site-packages/airflow/example_dags/tutorial_etl_dag.py
[2023-08-20 11:45:30,844] {scheduler_job.py:629} INFO - Processing file /home/airflow/.local/lib/python3.6/site-packages/airflow/example_dags/tutorial_etl_dag.py for tasks to queue
[2023-08-20 11:45:30,846] {logging_mixin.py:104} INFO - [2023-08-20 11:45:30,846] {dagbag.py:451} INFO - Filling up the DagBag from /home/airflow/.local/lib/python3.6/site-packages/airflow/example_dags/tutorial_etl_dag.py
[2023-08-20 11:45:30,866] {scheduler_job.py:639} INFO - DAG(s) dict_keys(['tutorial_etl_dag']) retrieved from /home/airflow/.local/lib/python3.6/site-packages/airflow/example_dags/tutorial_etl_dag.py
[2023-08-20 11:45:30,891] {logging_mixin.py:104} INFO - [2023-08-20 11:45:30,891] {dag.py:1824} INFO - Sync 1 DAGs
[2023-08-20 11:45:30,907] {logging_mixin.py:104} INFO - [2023-08-20 11:45:30,907] {dag.py:2280} INFO - Setting next_dagrun for tutorial_etl_dag to None
[2023-08-20 11:45:30,923] {scheduler_job.py:190} INFO - Processing /home/airflow/.local/lib/python3.6/site-packages/airflow/example_dags/tutorial_etl_dag.py took 0.085 seconds
[2023-08-20 11:46:01,032] {scheduler_job.py:182} INFO - Started process (PID=351) to work on /home/airflow/.local/lib/python3.6/site-packages/airflow/example_dags/tutorial_etl_dag.py
[2023-08-20 11:46:01,034] {scheduler_job.py:629} INFO - Processing file /home/airflow/.local/lib/python3.6/site-packages/airflow/example_dags/tutorial_etl_dag.py for tasks to queue
[2023-08-20 11:46:01,035] {logging_mixin.py:104} INFO - [2023-08-20 11:46:01,035] {dagbag.py:451} INFO - Filling up the DagBag from /home/airflow/.local/lib/python3.6/site-packages/airflow/example_dags/tutorial_etl_dag.py
[2023-08-20 11:46:01,054] {scheduler_job.py:639} INFO - DAG(s) dict_keys(['tutorial_etl_dag']) retrieved from /home/airflow/.local/lib/python3.6/site-packages/airflow/example_dags/tutorial_etl_dag.py
[2023-08-20 11:46:01,076] {logging_mixin.py:104} INFO - [2023-08-20 11:46:01,076] {dag.py:1824} INFO - Sync 1 DAGs
[2023-08-20 11:46:01,093] {logging_mixin.py:104} INFO - [2023-08-20 11:46:01,093] {dag.py:2280} INFO - Setting next_dagrun for tutorial_etl_dag to None
[2023-08-20 11:46:01,112] {scheduler_job.py:190} INFO - Processing /home/airflow/.local/lib/python3.6/site-packages/airflow/example_dags/tutorial_etl_dag.py took 0.084 seconds
[2023-08-20 11:46:31,465] {scheduler_job.py:182} INFO - Started process (PID=373) to work on /home/airflow/.local/lib/python3.6/site-packages/airflow/example_dags/tutorial_etl_dag.py
[2023-08-20 11:46:31,467] {scheduler_job.py:629} INFO - Processing file /home/airflow/.local/lib/python3.6/site-packages/airflow/example_dags/tutorial_etl_dag.py for tasks to queue
[2023-08-20 11:46:31,469] {logging_mixin.py:104} INFO - [2023-08-20 11:46:31,469] {dagbag.py:451} INFO - Filling up the DagBag from /home/airflow/.local/lib/python3.6/site-packages/airflow/example_dags/tutorial_etl_dag.py
[2023-08-20 11:46:31,491] {scheduler_job.py:639} INFO - DAG(s) dict_keys(['tutorial_etl_dag']) retrieved from /home/airflow/.local/lib/python3.6/site-packages/airflow/example_dags/tutorial_etl_dag.py
[2023-08-20 11:46:31,515] {logging_mixin.py:104} INFO - [2023-08-20 11:46:31,514] {dag.py:1824} INFO - Sync 1 DAGs
[2023-08-20 11:46:31,534] {logging_mixin.py:104} INFO - [2023-08-20 11:46:31,534] {dag.py:2280} INFO - Setting next_dagrun for tutorial_etl_dag to None
[2023-08-20 11:46:31,550] {scheduler_job.py:190} INFO - Processing /home/airflow/.local/lib/python3.6/site-packages/airflow/example_dags/tutorial_etl_dag.py took 0.088 seconds
[2023-08-20 11:47:02,391] {scheduler_job.py:182} INFO - Started process (PID=399) to work on /home/airflow/.local/lib/python3.6/site-packages/airflow/example_dags/tutorial_etl_dag.py
[2023-08-20 11:47:02,394] {scheduler_job.py:629} INFO - Processing file /home/airflow/.local/lib/python3.6/site-packages/airflow/example_dags/tutorial_etl_dag.py for tasks to queue
[2023-08-20 11:47:02,395] {logging_mixin.py:104} INFO - [2023-08-20 11:47:02,395] {dagbag.py:451} INFO - Filling up the DagBag from /home/airflow/.local/lib/python3.6/site-packages/airflow/example_dags/tutorial_etl_dag.py
[2023-08-20 11:47:02,417] {scheduler_job.py:639} INFO - DAG(s) dict_keys(['tutorial_etl_dag']) retrieved from /home/airflow/.local/lib/python3.6/site-packages/airflow/example_dags/tutorial_etl_dag.py
[2023-08-20 11:47:02,440] {logging_mixin.py:104} INFO - [2023-08-20 11:47:02,440] {dag.py:1824} INFO - Sync 1 DAGs
[2023-08-20 11:47:02,456] {logging_mixin.py:104} INFO - [2023-08-20 11:47:02,456] {dag.py:2280} INFO - Setting next_dagrun for tutorial_etl_dag to None
[2023-08-20 11:47:02,469] {scheduler_job.py:190} INFO - Processing /home/airflow/.local/lib/python3.6/site-packages/airflow/example_dags/tutorial_etl_dag.py took 0.081 seconds
[2023-08-20 11:47:33,374] {scheduler_job.py:182} INFO - Started process (PID=424) to work on /home/airflow/.local/lib/python3.6/site-packages/airflow/example_dags/tutorial_etl_dag.py
[2023-08-20 11:47:33,386] {scheduler_job.py:629} INFO - Processing file /home/airflow/.local/lib/python3.6/site-packages/airflow/example_dags/tutorial_etl_dag.py for tasks to queue
[2023-08-20 11:47:33,388] {logging_mixin.py:104} INFO - [2023-08-20 11:47:33,388] {dagbag.py:451} INFO - Filling up the DagBag from /home/airflow/.local/lib/python3.6/site-packages/airflow/example_dags/tutorial_etl_dag.py
[2023-08-20 11:47:33,407] {scheduler_job.py:639} INFO - DAG(s) dict_keys(['tutorial_etl_dag']) retrieved from /home/airflow/.local/lib/python3.6/site-packages/airflow/example_dags/tutorial_etl_dag.py
[2023-08-20 11:47:33,434] {logging_mixin.py:104} INFO - [2023-08-20 11:47:33,434] {dag.py:1824} INFO - Sync 1 DAGs
[2023-08-20 11:47:33,452] {logging_mixin.py:104} INFO - [2023-08-20 11:47:33,452] {dag.py:2280} INFO - Setting next_dagrun for tutorial_etl_dag to None
[2023-08-20 11:47:33,465] {scheduler_job.py:190} INFO - Processing /home/airflow/.local/lib/python3.6/site-packages/airflow/example_dags/tutorial_etl_dag.py took 0.095 seconds
[2023-08-20 11:48:03,533] {scheduler_job.py:182} INFO - Started process (PID=450) to work on /home/airflow/.local/lib/python3.6/site-packages/airflow/example_dags/tutorial_etl_dag.py
[2023-08-20 11:48:03,535] {scheduler_job.py:629} INFO - Processing file /home/airflow/.local/lib/python3.6/site-packages/airflow/example_dags/tutorial_etl_dag.py for tasks to queue
[2023-08-20 11:48:03,536] {logging_mixin.py:104} INFO - [2023-08-20 11:48:03,536] {dagbag.py:451} INFO - Filling up the DagBag from /home/airflow/.local/lib/python3.6/site-packages/airflow/example_dags/tutorial_etl_dag.py
[2023-08-20 11:48:03,550] {scheduler_job.py:639} INFO - DAG(s) dict_keys(['tutorial_etl_dag']) retrieved from /home/airflow/.local/lib/python3.6/site-packages/airflow/example_dags/tutorial_etl_dag.py
[2023-08-20 11:48:03,574] {logging_mixin.py:104} INFO - [2023-08-20 11:48:03,574] {dag.py:1824} INFO - Sync 1 DAGs
[2023-08-20 11:48:03,591] {logging_mixin.py:104} INFO - [2023-08-20 11:48:03,591] {dag.py:2280} INFO - Setting next_dagrun for tutorial_etl_dag to None
[2023-08-20 11:48:03,603] {scheduler_job.py:190} INFO - Processing /home/airflow/.local/lib/python3.6/site-packages/airflow/example_dags/tutorial_etl_dag.py took 0.074 seconds
[2023-08-20 11:48:33,710] {scheduler_job.py:182} INFO - Started process (PID=476) to work on /home/airflow/.local/lib/python3.6/site-packages/airflow/example_dags/tutorial_etl_dag.py
[2023-08-20 11:48:33,712] {scheduler_job.py:629} INFO - Processing file /home/airflow/.local/lib/python3.6/site-packages/airflow/example_dags/tutorial_etl_dag.py for tasks to queue
[2023-08-20 11:48:33,714] {logging_mixin.py:104} INFO - [2023-08-20 11:48:33,714] {dagbag.py:451} INFO - Filling up the DagBag from /home/airflow/.local/lib/python3.6/site-packages/airflow/example_dags/tutorial_etl_dag.py
[2023-08-20 11:48:33,733] {scheduler_job.py:639} INFO - DAG(s) dict_keys(['tutorial_etl_dag']) retrieved from /home/airflow/.local/lib/python3.6/site-packages/airflow/example_dags/tutorial_etl_dag.py
[2023-08-20 11:48:33,762] {logging_mixin.py:104} INFO - [2023-08-20 11:48:33,762] {dag.py:1824} INFO - Sync 1 DAGs
[2023-08-20 11:48:33,782] {logging_mixin.py:104} INFO - [2023-08-20 11:48:33,782] {dag.py:2280} INFO - Setting next_dagrun for tutorial_etl_dag to None
[2023-08-20 11:48:33,796] {scheduler_job.py:190} INFO - Processing /home/airflow/.local/lib/python3.6/site-packages/airflow/example_dags/tutorial_etl_dag.py took 0.091 seconds
[2023-08-20 11:49:04,974] {scheduler_job.py:182} INFO - Started process (PID=502) to work on /home/airflow/.local/lib/python3.6/site-packages/airflow/example_dags/tutorial_etl_dag.py
[2023-08-20 11:49:04,976] {scheduler_job.py:629} INFO - Processing file /home/airflow/.local/lib/python3.6/site-packages/airflow/example_dags/tutorial_etl_dag.py for tasks to queue
[2023-08-20 11:49:04,978] {logging_mixin.py:104} INFO - [2023-08-20 11:49:04,978] {dagbag.py:451} INFO - Filling up the DagBag from /home/airflow/.local/lib/python3.6/site-packages/airflow/example_dags/tutorial_etl_dag.py
[2023-08-20 11:49:04,995] {scheduler_job.py:639} INFO - DAG(s) dict_keys(['tutorial_etl_dag']) retrieved from /home/airflow/.local/lib/python3.6/site-packages/airflow/example_dags/tutorial_etl_dag.py
[2023-08-20 11:49:05,025] {logging_mixin.py:104} INFO - [2023-08-20 11:49:05,024] {dag.py:1824} INFO - Sync 1 DAGs
[2023-08-20 11:49:05,043] {logging_mixin.py:104} INFO - [2023-08-20 11:49:05,043] {dag.py:2280} INFO - Setting next_dagrun for tutorial_etl_dag to None
[2023-08-20 11:49:05,062] {scheduler_job.py:190} INFO - Processing /home/airflow/.local/lib/python3.6/site-packages/airflow/example_dags/tutorial_etl_dag.py took 0.092 seconds
[2023-08-20 11:49:35,395] {scheduler_job.py:182} INFO - Started process (PID=530) to work on /home/airflow/.local/lib/python3.6/site-packages/airflow/example_dags/tutorial_etl_dag.py
[2023-08-20 11:49:35,397] {scheduler_job.py:629} INFO - Processing file /home/airflow/.local/lib/python3.6/site-packages/airflow/example_dags/tutorial_etl_dag.py for tasks to queue
[2023-08-20 11:49:35,398] {logging_mixin.py:104} INFO - [2023-08-20 11:49:35,398] {dagbag.py:451} INFO - Filling up the DagBag from /home/airflow/.local/lib/python3.6/site-packages/airflow/example_dags/tutorial_etl_dag.py
[2023-08-20 11:49:35,413] {scheduler_job.py:639} INFO - DAG(s) dict_keys(['tutorial_etl_dag']) retrieved from /home/airflow/.local/lib/python3.6/site-packages/airflow/example_dags/tutorial_etl_dag.py
[2023-08-20 11:49:35,437] {logging_mixin.py:104} INFO - [2023-08-20 11:49:35,437] {dag.py:1824} INFO - Sync 1 DAGs
[2023-08-20 11:49:35,454] {logging_mixin.py:104} INFO - [2023-08-20 11:49:35,454] {dag.py:2280} INFO - Setting next_dagrun for tutorial_etl_dag to None
[2023-08-20 11:49:35,466] {scheduler_job.py:190} INFO - Processing /home/airflow/.local/lib/python3.6/site-packages/airflow/example_dags/tutorial_etl_dag.py took 0.075 seconds
[2023-08-20 11:50:05,892] {scheduler_job.py:182} INFO - Started process (PID=556) to work on /home/airflow/.local/lib/python3.6/site-packages/airflow/example_dags/tutorial_etl_dag.py
[2023-08-20 11:50:05,895] {scheduler_job.py:629} INFO - Processing file /home/airflow/.local/lib/python3.6/site-packages/airflow/example_dags/tutorial_etl_dag.py for tasks to queue
[2023-08-20 11:50:05,896] {logging_mixin.py:104} INFO - [2023-08-20 11:50:05,896] {dagbag.py:451} INFO - Filling up the DagBag from /home/airflow/.local/lib/python3.6/site-packages/airflow/example_dags/tutorial_etl_dag.py
[2023-08-20 11:50:05,912] {scheduler_job.py:639} INFO - DAG(s) dict_keys(['tutorial_etl_dag']) retrieved from /home/airflow/.local/lib/python3.6/site-packages/airflow/example_dags/tutorial_etl_dag.py
[2023-08-20 11:50:06,005] {logging_mixin.py:104} INFO - [2023-08-20 11:50:06,005] {dag.py:1824} INFO - Sync 1 DAGs
[2023-08-20 11:50:06,032] {logging_mixin.py:104} INFO - [2023-08-20 11:50:06,032] {dag.py:2280} INFO - Setting next_dagrun for tutorial_etl_dag to None
[2023-08-20 11:50:06,049] {scheduler_job.py:190} INFO - Processing /home/airflow/.local/lib/python3.6/site-packages/airflow/example_dags/tutorial_etl_dag.py took 0.160 seconds
[2023-08-20 11:50:36,500] {scheduler_job.py:182} INFO - Started process (PID=580) to work on /home/airflow/.local/lib/python3.6/site-packages/airflow/example_dags/tutorial_etl_dag.py
[2023-08-20 11:50:36,502] {scheduler_job.py:629} INFO - Processing file /home/airflow/.local/lib/python3.6/site-packages/airflow/example_dags/tutorial_etl_dag.py for tasks to queue
[2023-08-20 11:50:36,504] {logging_mixin.py:104} INFO - [2023-08-20 11:50:36,504] {dagbag.py:451} INFO - Filling up the DagBag from /home/airflow/.local/lib/python3.6/site-packages/airflow/example_dags/tutorial_etl_dag.py
[2023-08-20 11:50:36,518] {scheduler_job.py:639} INFO - DAG(s) dict_keys(['tutorial_etl_dag']) retrieved from /home/airflow/.local/lib/python3.6/site-packages/airflow/example_dags/tutorial_etl_dag.py
[2023-08-20 11:50:36,541] {logging_mixin.py:104} INFO - [2023-08-20 11:50:36,541] {dag.py:1824} INFO - Sync 1 DAGs
[2023-08-20 11:50:36,561] {logging_mixin.py:104} INFO - [2023-08-20 11:50:36,561] {dag.py:2280} INFO - Setting next_dagrun for tutorial_etl_dag to None
[2023-08-20 11:50:36,576] {scheduler_job.py:190} INFO - Processing /home/airflow/.local/lib/python3.6/site-packages/airflow/example_dags/tutorial_etl_dag.py took 0.079 seconds
[2023-08-20 11:51:06,978] {scheduler_job.py:182} INFO - Started process (PID=605) to work on /home/airflow/.local/lib/python3.6/site-packages/airflow/example_dags/tutorial_etl_dag.py
[2023-08-20 11:51:06,980] {scheduler_job.py:629} INFO - Processing file /home/airflow/.local/lib/python3.6/site-packages/airflow/example_dags/tutorial_etl_dag.py for tasks to queue
[2023-08-20 11:51:06,982] {logging_mixin.py:104} INFO - [2023-08-20 11:51:06,982] {dagbag.py:451} INFO - Filling up the DagBag from /home/airflow/.local/lib/python3.6/site-packages/airflow/example_dags/tutorial_etl_dag.py
[2023-08-20 11:51:06,996] {scheduler_job.py:639} INFO - DAG(s) dict_keys(['tutorial_etl_dag']) retrieved from /home/airflow/.local/lib/python3.6/site-packages/airflow/example_dags/tutorial_etl_dag.py
[2023-08-20 11:51:07,025] {logging_mixin.py:104} INFO - [2023-08-20 11:51:07,025] {dag.py:1824} INFO - Sync 1 DAGs
[2023-08-20 11:51:07,046] {logging_mixin.py:104} INFO - [2023-08-20 11:51:07,046] {dag.py:2280} INFO - Setting next_dagrun for tutorial_etl_dag to None
[2023-08-20 11:51:07,063] {scheduler_job.py:190} INFO - Processing /home/airflow/.local/lib/python3.6/site-packages/airflow/example_dags/tutorial_etl_dag.py took 0.087 seconds
[2023-08-20 11:51:38,236] {scheduler_job.py:182} INFO - Started process (PID=632) to work on /home/airflow/.local/lib/python3.6/site-packages/airflow/example_dags/tutorial_etl_dag.py
[2023-08-20 11:51:38,239] {scheduler_job.py:629} INFO - Processing file /home/airflow/.local/lib/python3.6/site-packages/airflow/example_dags/tutorial_etl_dag.py for tasks to queue
[2023-08-20 11:51:38,241] {logging_mixin.py:104} INFO - [2023-08-20 11:51:38,241] {dagbag.py:451} INFO - Filling up the DagBag from /home/airflow/.local/lib/python3.6/site-packages/airflow/example_dags/tutorial_etl_dag.py
[2023-08-20 11:51:38,260] {scheduler_job.py:639} INFO - DAG(s) dict_keys(['tutorial_etl_dag']) retrieved from /home/airflow/.local/lib/python3.6/site-packages/airflow/example_dags/tutorial_etl_dag.py
[2023-08-20 11:51:38,289] {logging_mixin.py:104} INFO - [2023-08-20 11:51:38,289] {dag.py:1824} INFO - Sync 1 DAGs
[2023-08-20 11:51:38,309] {logging_mixin.py:104} INFO - [2023-08-20 11:51:38,308] {dag.py:2280} INFO - Setting next_dagrun for tutorial_etl_dag to None
[2023-08-20 11:51:38,325] {scheduler_job.py:190} INFO - Processing /home/airflow/.local/lib/python3.6/site-packages/airflow/example_dags/tutorial_etl_dag.py took 0.094 seconds
[2023-08-20 11:52:08,754] {scheduler_job.py:182} INFO - Started process (PID=658) to work on /home/airflow/.local/lib/python3.6/site-packages/airflow/example_dags/tutorial_etl_dag.py
[2023-08-20 11:52:08,756] {scheduler_job.py:629} INFO - Processing file /home/airflow/.local/lib/python3.6/site-packages/airflow/example_dags/tutorial_etl_dag.py for tasks to queue
[2023-08-20 11:52:08,758] {logging_mixin.py:104} INFO - [2023-08-20 11:52:08,758] {dagbag.py:451} INFO - Filling up the DagBag from /home/airflow/.local/lib/python3.6/site-packages/airflow/example_dags/tutorial_etl_dag.py
[2023-08-20 11:52:08,780] {scheduler_job.py:639} INFO - DAG(s) dict_keys(['tutorial_etl_dag']) retrieved from /home/airflow/.local/lib/python3.6/site-packages/airflow/example_dags/tutorial_etl_dag.py
[2023-08-20 11:52:08,817] {logging_mixin.py:104} INFO - [2023-08-20 11:52:08,817] {dag.py:1824} INFO - Sync 1 DAGs
[2023-08-20 11:52:08,847] {logging_mixin.py:104} INFO - [2023-08-20 11:52:08,847] {dag.py:2280} INFO - Setting next_dagrun for tutorial_etl_dag to None
[2023-08-20 11:52:08,867] {scheduler_job.py:190} INFO - Processing /home/airflow/.local/lib/python3.6/site-packages/airflow/example_dags/tutorial_etl_dag.py took 0.117 seconds
[2023-08-20 11:52:39,468] {scheduler_job.py:182} INFO - Started process (PID=683) to work on /home/airflow/.local/lib/python3.6/site-packages/airflow/example_dags/tutorial_etl_dag.py
[2023-08-20 11:52:39,471] {scheduler_job.py:629} INFO - Processing file /home/airflow/.local/lib/python3.6/site-packages/airflow/example_dags/tutorial_etl_dag.py for tasks to queue
[2023-08-20 11:52:39,474] {logging_mixin.py:104} INFO - [2023-08-20 11:52:39,473] {dagbag.py:451} INFO - Filling up the DagBag from /home/airflow/.local/lib/python3.6/site-packages/airflow/example_dags/tutorial_etl_dag.py
[2023-08-20 11:52:39,492] {scheduler_job.py:639} INFO - DAG(s) dict_keys(['tutorial_etl_dag']) retrieved from /home/airflow/.local/lib/python3.6/site-packages/airflow/example_dags/tutorial_etl_dag.py
[2023-08-20 11:52:39,518] {logging_mixin.py:104} INFO - [2023-08-20 11:52:39,518] {dag.py:1824} INFO - Sync 1 DAGs
[2023-08-20 11:52:39,539] {logging_mixin.py:104} INFO - [2023-08-20 11:52:39,538] {dag.py:2280} INFO - Setting next_dagrun for tutorial_etl_dag to None
[2023-08-20 11:52:39,557] {scheduler_job.py:190} INFO - Processing /home/airflow/.local/lib/python3.6/site-packages/airflow/example_dags/tutorial_etl_dag.py took 0.092 seconds
[2023-08-20 11:53:10,651] {scheduler_job.py:182} INFO - Started process (PID=711) to work on /home/airflow/.local/lib/python3.6/site-packages/airflow/example_dags/tutorial_etl_dag.py
[2023-08-20 11:53:10,653] {scheduler_job.py:629} INFO - Processing file /home/airflow/.local/lib/python3.6/site-packages/airflow/example_dags/tutorial_etl_dag.py for tasks to queue
[2023-08-20 11:53:10,654] {logging_mixin.py:104} INFO - [2023-08-20 11:53:10,654] {dagbag.py:451} INFO - Filling up the DagBag from /home/airflow/.local/lib/python3.6/site-packages/airflow/example_dags/tutorial_etl_dag.py
[2023-08-20 11:53:10,670] {scheduler_job.py:639} INFO - DAG(s) dict_keys(['tutorial_etl_dag']) retrieved from /home/airflow/.local/lib/python3.6/site-packages/airflow/example_dags/tutorial_etl_dag.py
[2023-08-20 11:53:10,694] {logging_mixin.py:104} INFO - [2023-08-20 11:53:10,694] {dag.py:1824} INFO - Sync 1 DAGs
[2023-08-20 11:53:10,714] {logging_mixin.py:104} INFO - [2023-08-20 11:53:10,713] {dag.py:2280} INFO - Setting next_dagrun for tutorial_etl_dag to None
[2023-08-20 11:53:10,728] {scheduler_job.py:190} INFO - Processing /home/airflow/.local/lib/python3.6/site-packages/airflow/example_dags/tutorial_etl_dag.py took 0.082 seconds
[2023-08-20 11:53:41,409] {scheduler_job.py:182} INFO - Started process (PID=737) to work on /home/airflow/.local/lib/python3.6/site-packages/airflow/example_dags/tutorial_etl_dag.py
[2023-08-20 11:53:41,410] {scheduler_job.py:629} INFO - Processing file /home/airflow/.local/lib/python3.6/site-packages/airflow/example_dags/tutorial_etl_dag.py for tasks to queue
[2023-08-20 11:53:41,411] {logging_mixin.py:104} INFO - [2023-08-20 11:53:41,411] {dagbag.py:451} INFO - Filling up the DagBag from /home/airflow/.local/lib/python3.6/site-packages/airflow/example_dags/tutorial_etl_dag.py
[2023-08-20 11:53:41,426] {scheduler_job.py:639} INFO - DAG(s) dict_keys(['tutorial_etl_dag']) retrieved from /home/airflow/.local/lib/python3.6/site-packages/airflow/example_dags/tutorial_etl_dag.py
[2023-08-20 11:53:41,449] {logging_mixin.py:104} INFO - [2023-08-20 11:53:41,449] {dag.py:1824} INFO - Sync 1 DAGs
[2023-08-20 11:53:41,469] {logging_mixin.py:104} INFO - [2023-08-20 11:53:41,469] {dag.py:2280} INFO - Setting next_dagrun for tutorial_etl_dag to None
[2023-08-20 11:53:41,485] {scheduler_job.py:190} INFO - Processing /home/airflow/.local/lib/python3.6/site-packages/airflow/example_dags/tutorial_etl_dag.py took 0.080 seconds
[2023-08-20 11:54:12,388] {scheduler_job.py:182} INFO - Started process (PID=763) to work on /home/airflow/.local/lib/python3.6/site-packages/airflow/example_dags/tutorial_etl_dag.py
[2023-08-20 11:54:12,391] {scheduler_job.py:629} INFO - Processing file /home/airflow/.local/lib/python3.6/site-packages/airflow/example_dags/tutorial_etl_dag.py for tasks to queue
[2023-08-20 11:54:12,392] {logging_mixin.py:104} INFO - [2023-08-20 11:54:12,392] {dagbag.py:451} INFO - Filling up the DagBag from /home/airflow/.local/lib/python3.6/site-packages/airflow/example_dags/tutorial_etl_dag.py
[2023-08-20 11:54:12,404] {scheduler_job.py:639} INFO - DAG(s) dict_keys(['tutorial_etl_dag']) retrieved from /home/airflow/.local/lib/python3.6/site-packages/airflow/example_dags/tutorial_etl_dag.py
[2023-08-20 11:54:12,428] {logging_mixin.py:104} INFO - [2023-08-20 11:54:12,427] {dag.py:1824} INFO - Sync 1 DAGs
[2023-08-20 11:54:12,442] {logging_mixin.py:104} INFO - [2023-08-20 11:54:12,442] {dag.py:2280} INFO - Setting next_dagrun for tutorial_etl_dag to None
[2023-08-20 11:54:12,453] {scheduler_job.py:190} INFO - Processing /home/airflow/.local/lib/python3.6/site-packages/airflow/example_dags/tutorial_etl_dag.py took 0.068 seconds
[2023-08-20 11:54:43,279] {scheduler_job.py:182} INFO - Started process (PID=789) to work on /home/airflow/.local/lib/python3.6/site-packages/airflow/example_dags/tutorial_etl_dag.py
[2023-08-20 11:54:43,280] {scheduler_job.py:629} INFO - Processing file /home/airflow/.local/lib/python3.6/site-packages/airflow/example_dags/tutorial_etl_dag.py for tasks to queue
[2023-08-20 11:54:43,281] {logging_mixin.py:104} INFO - [2023-08-20 11:54:43,281] {dagbag.py:451} INFO - Filling up the DagBag from /home/airflow/.local/lib/python3.6/site-packages/airflow/example_dags/tutorial_etl_dag.py
[2023-08-20 11:54:43,297] {scheduler_job.py:639} INFO - DAG(s) dict_keys(['tutorial_etl_dag']) retrieved from /home/airflow/.local/lib/python3.6/site-packages/airflow/example_dags/tutorial_etl_dag.py
[2023-08-20 11:54:43,323] {logging_mixin.py:104} INFO - [2023-08-20 11:54:43,322] {dag.py:1824} INFO - Sync 1 DAGs
[2023-08-20 11:54:43,340] {logging_mixin.py:104} INFO - [2023-08-20 11:54:43,340] {dag.py:2280} INFO - Setting next_dagrun for tutorial_etl_dag to None
[2023-08-20 11:54:43,356] {scheduler_job.py:190} INFO - Processing /home/airflow/.local/lib/python3.6/site-packages/airflow/example_dags/tutorial_etl_dag.py took 0.081 seconds
[2023-08-20 11:55:13,904] {scheduler_job.py:182} INFO - Started process (PID=815) to work on /home/airflow/.local/lib/python3.6/site-packages/airflow/example_dags/tutorial_etl_dag.py
[2023-08-20 11:55:13,907] {scheduler_job.py:629} INFO - Processing file /home/airflow/.local/lib/python3.6/site-packages/airflow/example_dags/tutorial_etl_dag.py for tasks to queue
[2023-08-20 11:55:13,909] {logging_mixin.py:104} INFO - [2023-08-20 11:55:13,908] {dagbag.py:451} INFO - Filling up the DagBag from /home/airflow/.local/lib/python3.6/site-packages/airflow/example_dags/tutorial_etl_dag.py
[2023-08-20 11:55:13,927] {scheduler_job.py:639} INFO - DAG(s) dict_keys(['tutorial_etl_dag']) retrieved from /home/airflow/.local/lib/python3.6/site-packages/airflow/example_dags/tutorial_etl_dag.py
[2023-08-20 11:55:13,954] {logging_mixin.py:104} INFO - [2023-08-20 11:55:13,954] {dag.py:1824} INFO - Sync 1 DAGs
[2023-08-20 11:55:13,974] {logging_mixin.py:104} INFO - [2023-08-20 11:55:13,974] {dag.py:2280} INFO - Setting next_dagrun for tutorial_etl_dag to None
[2023-08-20 11:55:13,990] {scheduler_job.py:190} INFO - Processing /home/airflow/.local/lib/python3.6/site-packages/airflow/example_dags/tutorial_etl_dag.py took 0.089 seconds
[2023-08-20 11:55:44,566] {scheduler_job.py:182} INFO - Started process (PID=841) to work on /home/airflow/.local/lib/python3.6/site-packages/airflow/example_dags/tutorial_etl_dag.py
[2023-08-20 11:55:44,569] {scheduler_job.py:629} INFO - Processing file /home/airflow/.local/lib/python3.6/site-packages/airflow/example_dags/tutorial_etl_dag.py for tasks to queue
[2023-08-20 11:55:44,570] {logging_mixin.py:104} INFO - [2023-08-20 11:55:44,570] {dagbag.py:451} INFO - Filling up the DagBag from /home/airflow/.local/lib/python3.6/site-packages/airflow/example_dags/tutorial_etl_dag.py
[2023-08-20 11:55:44,587] {scheduler_job.py:639} INFO - DAG(s) dict_keys(['tutorial_etl_dag']) retrieved from /home/airflow/.local/lib/python3.6/site-packages/airflow/example_dags/tutorial_etl_dag.py
[2023-08-20 11:55:44,609] {logging_mixin.py:104} INFO - [2023-08-20 11:55:44,609] {dag.py:1824} INFO - Sync 1 DAGs
[2023-08-20 11:55:44,626] {logging_mixin.py:104} INFO - [2023-08-20 11:55:44,626] {dag.py:2280} INFO - Setting next_dagrun for tutorial_etl_dag to None
[2023-08-20 11:55:44,642] {scheduler_job.py:190} INFO - Processing /home/airflow/.local/lib/python3.6/site-packages/airflow/example_dags/tutorial_etl_dag.py took 0.079 seconds
[2023-08-20 11:56:15,106] {scheduler_job.py:182} INFO - Started process (PID=866) to work on /home/airflow/.local/lib/python3.6/site-packages/airflow/example_dags/tutorial_etl_dag.py
[2023-08-20 11:56:15,107] {scheduler_job.py:629} INFO - Processing file /home/airflow/.local/lib/python3.6/site-packages/airflow/example_dags/tutorial_etl_dag.py for tasks to queue
[2023-08-20 11:56:15,109] {logging_mixin.py:104} INFO - [2023-08-20 11:56:15,109] {dagbag.py:451} INFO - Filling up the DagBag from /home/airflow/.local/lib/python3.6/site-packages/airflow/example_dags/tutorial_etl_dag.py
[2023-08-20 11:56:15,125] {scheduler_job.py:639} INFO - DAG(s) dict_keys(['tutorial_etl_dag']) retrieved from /home/airflow/.local/lib/python3.6/site-packages/airflow/example_dags/tutorial_etl_dag.py
[2023-08-20 11:56:15,148] {logging_mixin.py:104} INFO - [2023-08-20 11:56:15,148] {dag.py:1824} INFO - Sync 1 DAGs
[2023-08-20 11:56:15,165] {logging_mixin.py:104} INFO - [2023-08-20 11:56:15,165] {dag.py:2280} INFO - Setting next_dagrun for tutorial_etl_dag to None
[2023-08-20 11:56:15,177] {scheduler_job.py:190} INFO - Processing /home/airflow/.local/lib/python3.6/site-packages/airflow/example_dags/tutorial_etl_dag.py took 0.074 seconds
[2023-08-20 11:56:45,656] {scheduler_job.py:182} INFO - Started process (PID=892) to work on /home/airflow/.local/lib/python3.6/site-packages/airflow/example_dags/tutorial_etl_dag.py
[2023-08-20 11:56:45,658] {scheduler_job.py:629} INFO - Processing file /home/airflow/.local/lib/python3.6/site-packages/airflow/example_dags/tutorial_etl_dag.py for tasks to queue
[2023-08-20 11:56:45,659] {logging_mixin.py:104} INFO - [2023-08-20 11:56:45,659] {dagbag.py:451} INFO - Filling up the DagBag from /home/airflow/.local/lib/python3.6/site-packages/airflow/example_dags/tutorial_etl_dag.py
[2023-08-20 11:56:45,672] {scheduler_job.py:639} INFO - DAG(s) dict_keys(['tutorial_etl_dag']) retrieved from /home/airflow/.local/lib/python3.6/site-packages/airflow/example_dags/tutorial_etl_dag.py
[2023-08-20 11:56:45,694] {logging_mixin.py:104} INFO - [2023-08-20 11:56:45,694] {dag.py:1824} INFO - Sync 1 DAGs
[2023-08-20 11:56:45,710] {logging_mixin.py:104} INFO - [2023-08-20 11:56:45,710] {dag.py:2280} INFO - Setting next_dagrun for tutorial_etl_dag to None
[2023-08-20 11:56:45,725] {scheduler_job.py:190} INFO - Processing /home/airflow/.local/lib/python3.6/site-packages/airflow/example_dags/tutorial_etl_dag.py took 0.071 seconds
[2023-08-20 11:57:16,377] {scheduler_job.py:182} INFO - Started process (PID=919) to work on /home/airflow/.local/lib/python3.6/site-packages/airflow/example_dags/tutorial_etl_dag.py
[2023-08-20 11:57:16,379] {scheduler_job.py:629} INFO - Processing file /home/airflow/.local/lib/python3.6/site-packages/airflow/example_dags/tutorial_etl_dag.py for tasks to queue
[2023-08-20 11:57:16,380] {logging_mixin.py:104} INFO - [2023-08-20 11:57:16,380] {dagbag.py:451} INFO - Filling up the DagBag from /home/airflow/.local/lib/python3.6/site-packages/airflow/example_dags/tutorial_etl_dag.py
[2023-08-20 11:57:16,394] {scheduler_job.py:639} INFO - DAG(s) dict_keys(['tutorial_etl_dag']) retrieved from /home/airflow/.local/lib/python3.6/site-packages/airflow/example_dags/tutorial_etl_dag.py
[2023-08-20 11:57:16,420] {logging_mixin.py:104} INFO - [2023-08-20 11:57:16,420] {dag.py:1824} INFO - Sync 1 DAGs
[2023-08-20 11:57:16,443] {logging_mixin.py:104} INFO - [2023-08-20 11:57:16,442] {dag.py:2280} INFO - Setting next_dagrun for tutorial_etl_dag to None
[2023-08-20 11:57:16,459] {scheduler_job.py:190} INFO - Processing /home/airflow/.local/lib/python3.6/site-packages/airflow/example_dags/tutorial_etl_dag.py took 0.085 seconds
[2023-08-20 11:57:47,016] {scheduler_job.py:182} INFO - Started process (PID=945) to work on /home/airflow/.local/lib/python3.6/site-packages/airflow/example_dags/tutorial_etl_dag.py
[2023-08-20 11:57:47,019] {scheduler_job.py:629} INFO - Processing file /home/airflow/.local/lib/python3.6/site-packages/airflow/example_dags/tutorial_etl_dag.py for tasks to queue
[2023-08-20 11:57:47,020] {logging_mixin.py:104} INFO - [2023-08-20 11:57:47,020] {dagbag.py:451} INFO - Filling up the DagBag from /home/airflow/.local/lib/python3.6/site-packages/airflow/example_dags/tutorial_etl_dag.py
[2023-08-20 11:57:47,035] {scheduler_job.py:639} INFO - DAG(s) dict_keys(['tutorial_etl_dag']) retrieved from /home/airflow/.local/lib/python3.6/site-packages/airflow/example_dags/tutorial_etl_dag.py
[2023-08-20 11:57:47,062] {logging_mixin.py:104} INFO - [2023-08-20 11:57:47,062] {dag.py:1824} INFO - Sync 1 DAGs
[2023-08-20 11:57:47,080] {logging_mixin.py:104} INFO - [2023-08-20 11:57:47,080] {dag.py:2280} INFO - Setting next_dagrun for tutorial_etl_dag to None
[2023-08-20 11:57:47,093] {scheduler_job.py:190} INFO - Processing /home/airflow/.local/lib/python3.6/site-packages/airflow/example_dags/tutorial_etl_dag.py took 0.081 seconds
[2023-08-20 11:58:17,523] {scheduler_job.py:182} INFO - Started process (PID=971) to work on /home/airflow/.local/lib/python3.6/site-packages/airflow/example_dags/tutorial_etl_dag.py
[2023-08-20 11:58:17,525] {scheduler_job.py:629} INFO - Processing file /home/airflow/.local/lib/python3.6/site-packages/airflow/example_dags/tutorial_etl_dag.py for tasks to queue
[2023-08-20 11:58:17,527] {logging_mixin.py:104} INFO - [2023-08-20 11:58:17,527] {dagbag.py:451} INFO - Filling up the DagBag from /home/airflow/.local/lib/python3.6/site-packages/airflow/example_dags/tutorial_etl_dag.py
[2023-08-20 11:58:17,540] {scheduler_job.py:639} INFO - DAG(s) dict_keys(['tutorial_etl_dag']) retrieved from /home/airflow/.local/lib/python3.6/site-packages/airflow/example_dags/tutorial_etl_dag.py
[2023-08-20 11:58:17,563] {logging_mixin.py:104} INFO - [2023-08-20 11:58:17,563] {dag.py:1824} INFO - Sync 1 DAGs
[2023-08-20 11:58:17,580] {logging_mixin.py:104} INFO - [2023-08-20 11:58:17,580] {dag.py:2280} INFO - Setting next_dagrun for tutorial_etl_dag to None
[2023-08-20 11:58:17,592] {scheduler_job.py:190} INFO - Processing /home/airflow/.local/lib/python3.6/site-packages/airflow/example_dags/tutorial_etl_dag.py took 0.072 seconds
[2023-08-20 11:58:48,061] {scheduler_job.py:182} INFO - Started process (PID=997) to work on /home/airflow/.local/lib/python3.6/site-packages/airflow/example_dags/tutorial_etl_dag.py
[2023-08-20 11:58:48,063] {scheduler_job.py:629} INFO - Processing file /home/airflow/.local/lib/python3.6/site-packages/airflow/example_dags/tutorial_etl_dag.py for tasks to queue
[2023-08-20 11:58:48,064] {logging_mixin.py:104} INFO - [2023-08-20 11:58:48,064] {dagbag.py:451} INFO - Filling up the DagBag from /home/airflow/.local/lib/python3.6/site-packages/airflow/example_dags/tutorial_etl_dag.py
[2023-08-20 11:58:48,077] {scheduler_job.py:639} INFO - DAG(s) dict_keys(['tutorial_etl_dag']) retrieved from /home/airflow/.local/lib/python3.6/site-packages/airflow/example_dags/tutorial_etl_dag.py
[2023-08-20 11:58:48,114] {logging_mixin.py:104} INFO - [2023-08-20 11:58:48,114] {dag.py:1824} INFO - Sync 1 DAGs
[2023-08-20 11:58:48,150] {logging_mixin.py:104} INFO - [2023-08-20 11:58:48,150] {dag.py:2280} INFO - Setting next_dagrun for tutorial_etl_dag to None
[2023-08-20 11:58:48,168] {scheduler_job.py:190} INFO - Processing /home/airflow/.local/lib/python3.6/site-packages/airflow/example_dags/tutorial_etl_dag.py took 0.111 seconds
[2023-08-20 11:59:18,642] {scheduler_job.py:182} INFO - Started process (PID=1022) to work on /home/airflow/.local/lib/python3.6/site-packages/airflow/example_dags/tutorial_etl_dag.py
[2023-08-20 11:59:18,643] {scheduler_job.py:629} INFO - Processing file /home/airflow/.local/lib/python3.6/site-packages/airflow/example_dags/tutorial_etl_dag.py for tasks to queue
[2023-08-20 11:59:18,645] {logging_mixin.py:104} INFO - [2023-08-20 11:59:18,645] {dagbag.py:451} INFO - Filling up the DagBag from /home/airflow/.local/lib/python3.6/site-packages/airflow/example_dags/tutorial_etl_dag.py
[2023-08-20 11:59:18,658] {scheduler_job.py:639} INFO - DAG(s) dict_keys(['tutorial_etl_dag']) retrieved from /home/airflow/.local/lib/python3.6/site-packages/airflow/example_dags/tutorial_etl_dag.py
[2023-08-20 11:59:18,681] {logging_mixin.py:104} INFO - [2023-08-20 11:59:18,681] {dag.py:1824} INFO - Sync 1 DAGs
[2023-08-20 11:59:18,699] {logging_mixin.py:104} INFO - [2023-08-20 11:59:18,699] {dag.py:2280} INFO - Setting next_dagrun for tutorial_etl_dag to None
[2023-08-20 11:59:18,714] {scheduler_job.py:190} INFO - Processing /home/airflow/.local/lib/python3.6/site-packages/airflow/example_dags/tutorial_etl_dag.py took 0.076 seconds
[2023-08-20 11:59:49,543] {scheduler_job.py:182} INFO - Started process (PID=1049) to work on /home/airflow/.local/lib/python3.6/site-packages/airflow/example_dags/tutorial_etl_dag.py
[2023-08-20 11:59:49,545] {scheduler_job.py:629} INFO - Processing file /home/airflow/.local/lib/python3.6/site-packages/airflow/example_dags/tutorial_etl_dag.py for tasks to queue
[2023-08-20 11:59:49,546] {logging_mixin.py:104} INFO - [2023-08-20 11:59:49,546] {dagbag.py:451} INFO - Filling up the DagBag from /home/airflow/.local/lib/python3.6/site-packages/airflow/example_dags/tutorial_etl_dag.py
[2023-08-20 11:59:49,560] {scheduler_job.py:639} INFO - DAG(s) dict_keys(['tutorial_etl_dag']) retrieved from /home/airflow/.local/lib/python3.6/site-packages/airflow/example_dags/tutorial_etl_dag.py
[2023-08-20 11:59:49,583] {logging_mixin.py:104} INFO - [2023-08-20 11:59:49,582] {dag.py:1824} INFO - Sync 1 DAGs
[2023-08-20 11:59:49,598] {logging_mixin.py:104} INFO - [2023-08-20 11:59:49,598] {dag.py:2280} INFO - Setting next_dagrun for tutorial_etl_dag to None
[2023-08-20 11:59:49,614] {scheduler_job.py:190} INFO - Processing /home/airflow/.local/lib/python3.6/site-packages/airflow/example_dags/tutorial_etl_dag.py took 0.075 seconds
[2023-08-20 12:00:20,166] {scheduler_job.py:182} INFO - Started process (PID=1075) to work on /home/airflow/.local/lib/python3.6/site-packages/airflow/example_dags/tutorial_etl_dag.py
[2023-08-20 12:00:20,168] {scheduler_job.py:629} INFO - Processing file /home/airflow/.local/lib/python3.6/site-packages/airflow/example_dags/tutorial_etl_dag.py for tasks to queue
[2023-08-20 12:00:20,170] {logging_mixin.py:104} INFO - [2023-08-20 12:00:20,170] {dagbag.py:451} INFO - Filling up the DagBag from /home/airflow/.local/lib/python3.6/site-packages/airflow/example_dags/tutorial_etl_dag.py
[2023-08-20 12:00:20,184] {scheduler_job.py:639} INFO - DAG(s) dict_keys(['tutorial_etl_dag']) retrieved from /home/airflow/.local/lib/python3.6/site-packages/airflow/example_dags/tutorial_etl_dag.py
[2023-08-20 12:00:20,209] {logging_mixin.py:104} INFO - [2023-08-20 12:00:20,208] {dag.py:1824} INFO - Sync 1 DAGs
[2023-08-20 12:00:20,228] {logging_mixin.py:104} INFO - [2023-08-20 12:00:20,228] {dag.py:2280} INFO - Setting next_dagrun for tutorial_etl_dag to None
[2023-08-20 12:00:20,243] {scheduler_job.py:190} INFO - Processing /home/airflow/.local/lib/python3.6/site-packages/airflow/example_dags/tutorial_etl_dag.py took 0.080 seconds
[2023-08-20 12:00:50,716] {scheduler_job.py:182} INFO - Started process (PID=1101) to work on /home/airflow/.local/lib/python3.6/site-packages/airflow/example_dags/tutorial_etl_dag.py
[2023-08-20 12:00:50,718] {scheduler_job.py:629} INFO - Processing file /home/airflow/.local/lib/python3.6/site-packages/airflow/example_dags/tutorial_etl_dag.py for tasks to queue
[2023-08-20 12:00:50,719] {logging_mixin.py:104} INFO - [2023-08-20 12:00:50,719] {dagbag.py:451} INFO - Filling up the DagBag from /home/airflow/.local/lib/python3.6/site-packages/airflow/example_dags/tutorial_etl_dag.py
[2023-08-20 12:00:50,734] {scheduler_job.py:639} INFO - DAG(s) dict_keys(['tutorial_etl_dag']) retrieved from /home/airflow/.local/lib/python3.6/site-packages/airflow/example_dags/tutorial_etl_dag.py
[2023-08-20 12:00:50,762] {logging_mixin.py:104} INFO - [2023-08-20 12:00:50,762] {dag.py:1824} INFO - Sync 1 DAGs
[2023-08-20 12:00:50,785] {logging_mixin.py:104} INFO - [2023-08-20 12:00:50,785] {dag.py:2280} INFO - Setting next_dagrun for tutorial_etl_dag to None
[2023-08-20 12:00:50,800] {scheduler_job.py:190} INFO - Processing /home/airflow/.local/lib/python3.6/site-packages/airflow/example_dags/tutorial_etl_dag.py took 0.088 seconds
[2023-08-20 12:01:21,282] {scheduler_job.py:182} INFO - Started process (PID=1126) to work on /home/airflow/.local/lib/python3.6/site-packages/airflow/example_dags/tutorial_etl_dag.py
[2023-08-20 12:01:21,284] {scheduler_job.py:629} INFO - Processing file /home/airflow/.local/lib/python3.6/site-packages/airflow/example_dags/tutorial_etl_dag.py for tasks to queue
[2023-08-20 12:01:21,286] {logging_mixin.py:104} INFO - [2023-08-20 12:01:21,286] {dagbag.py:451} INFO - Filling up the DagBag from /home/airflow/.local/lib/python3.6/site-packages/airflow/example_dags/tutorial_etl_dag.py
[2023-08-20 12:01:21,300] {scheduler_job.py:639} INFO - DAG(s) dict_keys(['tutorial_etl_dag']) retrieved from /home/airflow/.local/lib/python3.6/site-packages/airflow/example_dags/tutorial_etl_dag.py
[2023-08-20 12:01:21,339] {logging_mixin.py:104} INFO - [2023-08-20 12:01:21,339] {dag.py:1824} INFO - Sync 1 DAGs
[2023-08-20 12:01:21,360] {logging_mixin.py:104} INFO - [2023-08-20 12:01:21,360] {dag.py:2280} INFO - Setting next_dagrun for tutorial_etl_dag to None
[2023-08-20 12:01:21,376] {scheduler_job.py:190} INFO - Processing /home/airflow/.local/lib/python3.6/site-packages/airflow/example_dags/tutorial_etl_dag.py took 0.097 seconds
