[2023-08-20 11:40:23,232] {scheduler_job.py:182} INFO - Started process (PID=51) to work on /home/airflow/.local/lib/python3.6/site-packages/airflow/example_dags/tutorial.py
[2023-08-20 11:40:23,233] {scheduler_job.py:629} INFO - Processing file /home/airflow/.local/lib/python3.6/site-packages/airflow/example_dags/tutorial.py for tasks to queue
[2023-08-20 11:40:23,235] {logging_mixin.py:104} INFO - [2023-08-20 11:40:23,235] {dagbag.py:451} INFO - Filling up the DagBag from /home/airflow/.local/lib/python3.6/site-packages/airflow/example_dags/tutorial.py
[2023-08-20 11:40:23,250] {scheduler_job.py:639} INFO - DAG(s) dict_keys(['tutorial']) retrieved from /home/airflow/.local/lib/python3.6/site-packages/airflow/example_dags/tutorial.py
[2023-08-20 11:40:23,275] {logging_mixin.py:104} INFO - [2023-08-20 11:40:23,275] {dag.py:1824} INFO - Sync 1 DAGs
[2023-08-20 11:40:23,291] {logging_mixin.py:104} INFO - [2023-08-20 11:40:23,291] {dag.py:1843} INFO - Creating ORM DAG for tutorial
[2023-08-20 11:40:23,296] {logging_mixin.py:104} INFO - [2023-08-20 11:40:23,296] {dag.py:2280} INFO - Setting next_dagrun for tutorial to 2023-08-18 00:00:00+00:00
[2023-08-20 11:40:23,328] {scheduler_job.py:190} INFO - Processing /home/airflow/.local/lib/python3.6/site-packages/airflow/example_dags/tutorial.py took 0.100 seconds
[2023-08-20 11:40:54,017] {scheduler_job.py:182} INFO - Started process (PID=80) to work on /home/airflow/.local/lib/python3.6/site-packages/airflow/example_dags/tutorial.py
[2023-08-20 11:40:54,019] {scheduler_job.py:629} INFO - Processing file /home/airflow/.local/lib/python3.6/site-packages/airflow/example_dags/tutorial.py for tasks to queue
[2023-08-20 11:40:54,021] {logging_mixin.py:104} INFO - [2023-08-20 11:40:54,021] {dagbag.py:451} INFO - Filling up the DagBag from /home/airflow/.local/lib/python3.6/site-packages/airflow/example_dags/tutorial.py
[2023-08-20 11:40:54,031] {scheduler_job.py:639} INFO - DAG(s) dict_keys(['tutorial']) retrieved from /home/airflow/.local/lib/python3.6/site-packages/airflow/example_dags/tutorial.py
[2023-08-20 11:40:54,137] {logging_mixin.py:104} INFO - [2023-08-20 11:40:54,137] {dag.py:1824} INFO - Sync 1 DAGs
[2023-08-20 11:40:54,161] {logging_mixin.py:104} INFO - [2023-08-20 11:40:54,161] {dag.py:2280} INFO - Setting next_dagrun for tutorial to 2023-08-18 00:00:00+00:00
[2023-08-20 11:40:54,174] {scheduler_job.py:190} INFO - Processing /home/airflow/.local/lib/python3.6/site-packages/airflow/example_dags/tutorial.py took 0.160 seconds
[2023-08-20 11:41:24,796] {scheduler_job.py:182} INFO - Started process (PID=105) to work on /home/airflow/.local/lib/python3.6/site-packages/airflow/example_dags/tutorial.py
[2023-08-20 11:41:24,797] {scheduler_job.py:629} INFO - Processing file /home/airflow/.local/lib/python3.6/site-packages/airflow/example_dags/tutorial.py for tasks to queue
[2023-08-20 11:41:24,799] {logging_mixin.py:104} INFO - [2023-08-20 11:41:24,799] {dagbag.py:451} INFO - Filling up the DagBag from /home/airflow/.local/lib/python3.6/site-packages/airflow/example_dags/tutorial.py
[2023-08-20 11:41:24,808] {scheduler_job.py:639} INFO - DAG(s) dict_keys(['tutorial']) retrieved from /home/airflow/.local/lib/python3.6/site-packages/airflow/example_dags/tutorial.py
[2023-08-20 11:41:24,841] {logging_mixin.py:104} INFO - [2023-08-20 11:41:24,841] {dag.py:1824} INFO - Sync 1 DAGs
[2023-08-20 11:41:24,862] {logging_mixin.py:104} INFO - [2023-08-20 11:41:24,862] {dag.py:2280} INFO - Setting next_dagrun for tutorial to 2023-08-18 00:00:00+00:00
[2023-08-20 11:41:24,876] {scheduler_job.py:190} INFO - Processing /home/airflow/.local/lib/python3.6/site-packages/airflow/example_dags/tutorial.py took 0.084 seconds
[2023-08-20 11:41:55,250] {scheduler_job.py:182} INFO - Started process (PID=131) to work on /home/airflow/.local/lib/python3.6/site-packages/airflow/example_dags/tutorial.py
[2023-08-20 11:41:55,253] {scheduler_job.py:629} INFO - Processing file /home/airflow/.local/lib/python3.6/site-packages/airflow/example_dags/tutorial.py for tasks to queue
[2023-08-20 11:41:55,255] {logging_mixin.py:104} INFO - [2023-08-20 11:41:55,255] {dagbag.py:451} INFO - Filling up the DagBag from /home/airflow/.local/lib/python3.6/site-packages/airflow/example_dags/tutorial.py
[2023-08-20 11:41:55,268] {scheduler_job.py:639} INFO - DAG(s) dict_keys(['tutorial']) retrieved from /home/airflow/.local/lib/python3.6/site-packages/airflow/example_dags/tutorial.py
[2023-08-20 11:41:55,304] {logging_mixin.py:104} INFO - [2023-08-20 11:41:55,304] {dag.py:1824} INFO - Sync 1 DAGs
[2023-08-20 11:41:55,326] {logging_mixin.py:104} INFO - [2023-08-20 11:41:55,326] {dag.py:2280} INFO - Setting next_dagrun for tutorial to 2023-08-18 00:00:00+00:00
[2023-08-20 11:41:55,344] {scheduler_job.py:190} INFO - Processing /home/airflow/.local/lib/python3.6/site-packages/airflow/example_dags/tutorial.py took 0.098 seconds
[2023-08-20 11:42:25,677] {scheduler_job.py:182} INFO - Started process (PID=158) to work on /home/airflow/.local/lib/python3.6/site-packages/airflow/example_dags/tutorial.py
[2023-08-20 11:42:25,679] {scheduler_job.py:629} INFO - Processing file /home/airflow/.local/lib/python3.6/site-packages/airflow/example_dags/tutorial.py for tasks to queue
[2023-08-20 11:42:25,680] {logging_mixin.py:104} INFO - [2023-08-20 11:42:25,680] {dagbag.py:451} INFO - Filling up the DagBag from /home/airflow/.local/lib/python3.6/site-packages/airflow/example_dags/tutorial.py
[2023-08-20 11:42:25,691] {scheduler_job.py:639} INFO - DAG(s) dict_keys(['tutorial']) retrieved from /home/airflow/.local/lib/python3.6/site-packages/airflow/example_dags/tutorial.py
[2023-08-20 11:42:25,715] {logging_mixin.py:104} INFO - [2023-08-20 11:42:25,715] {dag.py:1824} INFO - Sync 1 DAGs
[2023-08-20 11:42:25,736] {logging_mixin.py:104} INFO - [2023-08-20 11:42:25,736] {dag.py:2280} INFO - Setting next_dagrun for tutorial to 2023-08-18 00:00:00+00:00
[2023-08-20 11:42:25,750] {scheduler_job.py:190} INFO - Processing /home/airflow/.local/lib/python3.6/site-packages/airflow/example_dags/tutorial.py took 0.077 seconds
[2023-08-20 11:42:56,083] {scheduler_job.py:182} INFO - Started process (PID=185) to work on /home/airflow/.local/lib/python3.6/site-packages/airflow/example_dags/tutorial.py
[2023-08-20 11:42:56,086] {scheduler_job.py:629} INFO - Processing file /home/airflow/.local/lib/python3.6/site-packages/airflow/example_dags/tutorial.py for tasks to queue
[2023-08-20 11:42:56,088] {logging_mixin.py:104} INFO - [2023-08-20 11:42:56,088] {dagbag.py:451} INFO - Filling up the DagBag from /home/airflow/.local/lib/python3.6/site-packages/airflow/example_dags/tutorial.py
[2023-08-20 11:42:56,099] {scheduler_job.py:639} INFO - DAG(s) dict_keys(['tutorial']) retrieved from /home/airflow/.local/lib/python3.6/site-packages/airflow/example_dags/tutorial.py
[2023-08-20 11:42:56,127] {logging_mixin.py:104} INFO - [2023-08-20 11:42:56,127] {dag.py:1824} INFO - Sync 1 DAGs
[2023-08-20 11:42:56,156] {logging_mixin.py:104} INFO - [2023-08-20 11:42:56,155] {dag.py:2280} INFO - Setting next_dagrun for tutorial to 2023-08-18 00:00:00+00:00
[2023-08-20 11:42:56,172] {scheduler_job.py:190} INFO - Processing /home/airflow/.local/lib/python3.6/site-packages/airflow/example_dags/tutorial.py took 0.092 seconds
[2023-08-20 11:43:26,460] {scheduler_job.py:182} INFO - Started process (PID=210) to work on /home/airflow/.local/lib/python3.6/site-packages/airflow/example_dags/tutorial.py
[2023-08-20 11:43:26,462] {scheduler_job.py:629} INFO - Processing file /home/airflow/.local/lib/python3.6/site-packages/airflow/example_dags/tutorial.py for tasks to queue
[2023-08-20 11:43:26,463] {logging_mixin.py:104} INFO - [2023-08-20 11:43:26,463] {dagbag.py:451} INFO - Filling up the DagBag from /home/airflow/.local/lib/python3.6/site-packages/airflow/example_dags/tutorial.py
[2023-08-20 11:43:26,475] {scheduler_job.py:639} INFO - DAG(s) dict_keys(['tutorial']) retrieved from /home/airflow/.local/lib/python3.6/site-packages/airflow/example_dags/tutorial.py
[2023-08-20 11:43:26,502] {logging_mixin.py:104} INFO - [2023-08-20 11:43:26,502] {dag.py:1824} INFO - Sync 1 DAGs
[2023-08-20 11:43:26,520] {logging_mixin.py:104} INFO - [2023-08-20 11:43:26,520] {dag.py:2280} INFO - Setting next_dagrun for tutorial to 2023-08-18 00:00:00+00:00
[2023-08-20 11:43:26,533] {scheduler_job.py:190} INFO - Processing /home/airflow/.local/lib/python3.6/site-packages/airflow/example_dags/tutorial.py took 0.076 seconds
[2023-08-20 11:43:57,724] {scheduler_job.py:182} INFO - Started process (PID=238) to work on /home/airflow/.local/lib/python3.6/site-packages/airflow/example_dags/tutorial.py
[2023-08-20 11:43:57,727] {scheduler_job.py:629} INFO - Processing file /home/airflow/.local/lib/python3.6/site-packages/airflow/example_dags/tutorial.py for tasks to queue
[2023-08-20 11:43:57,729] {logging_mixin.py:104} INFO - [2023-08-20 11:43:57,729] {dagbag.py:451} INFO - Filling up the DagBag from /home/airflow/.local/lib/python3.6/site-packages/airflow/example_dags/tutorial.py
[2023-08-20 11:43:57,746] {scheduler_job.py:639} INFO - DAG(s) dict_keys(['tutorial']) retrieved from /home/airflow/.local/lib/python3.6/site-packages/airflow/example_dags/tutorial.py
[2023-08-20 11:43:57,792] {logging_mixin.py:104} INFO - [2023-08-20 11:43:57,792] {dag.py:1824} INFO - Sync 1 DAGs
[2023-08-20 11:43:57,821] {logging_mixin.py:104} INFO - [2023-08-20 11:43:57,821] {dag.py:2280} INFO - Setting next_dagrun for tutorial to 2023-08-18 00:00:00+00:00
[2023-08-20 11:43:57,842] {scheduler_job.py:190} INFO - Processing /home/airflow/.local/lib/python3.6/site-packages/airflow/example_dags/tutorial.py took 0.123 seconds
[2023-08-20 11:44:28,513] {scheduler_job.py:182} INFO - Started process (PID=267) to work on /home/airflow/.local/lib/python3.6/site-packages/airflow/example_dags/tutorial.py
[2023-08-20 11:44:28,516] {scheduler_job.py:629} INFO - Processing file /home/airflow/.local/lib/python3.6/site-packages/airflow/example_dags/tutorial.py for tasks to queue
[2023-08-20 11:44:28,518] {logging_mixin.py:104} INFO - [2023-08-20 11:44:28,518] {dagbag.py:451} INFO - Filling up the DagBag from /home/airflow/.local/lib/python3.6/site-packages/airflow/example_dags/tutorial.py
[2023-08-20 11:44:28,534] {scheduler_job.py:639} INFO - DAG(s) dict_keys(['tutorial']) retrieved from /home/airflow/.local/lib/python3.6/site-packages/airflow/example_dags/tutorial.py
[2023-08-20 11:44:28,573] {logging_mixin.py:104} INFO - [2023-08-20 11:44:28,573] {dag.py:1824} INFO - Sync 1 DAGs
[2023-08-20 11:44:28,592] {logging_mixin.py:104} INFO - [2023-08-20 11:44:28,591] {dag.py:2280} INFO - Setting next_dagrun for tutorial to 2023-08-18 00:00:00+00:00
[2023-08-20 11:44:28,609] {scheduler_job.py:190} INFO - Processing /home/airflow/.local/lib/python3.6/site-packages/airflow/example_dags/tutorial.py took 0.102 seconds
[2023-08-20 11:44:59,355] {scheduler_job.py:182} INFO - Started process (PID=294) to work on /home/airflow/.local/lib/python3.6/site-packages/airflow/example_dags/tutorial.py
[2023-08-20 11:44:59,358] {scheduler_job.py:629} INFO - Processing file /home/airflow/.local/lib/python3.6/site-packages/airflow/example_dags/tutorial.py for tasks to queue
[2023-08-20 11:44:59,361] {logging_mixin.py:104} INFO - [2023-08-20 11:44:59,361] {dagbag.py:451} INFO - Filling up the DagBag from /home/airflow/.local/lib/python3.6/site-packages/airflow/example_dags/tutorial.py
[2023-08-20 11:44:59,397] {scheduler_job.py:639} INFO - DAG(s) dict_keys(['tutorial']) retrieved from /home/airflow/.local/lib/python3.6/site-packages/airflow/example_dags/tutorial.py
[2023-08-20 11:44:59,445] {logging_mixin.py:104} INFO - [2023-08-20 11:44:59,445] {dag.py:1824} INFO - Sync 1 DAGs
[2023-08-20 11:44:59,466] {logging_mixin.py:104} INFO - [2023-08-20 11:44:59,466] {dag.py:2280} INFO - Setting next_dagrun for tutorial to 2023-08-18 00:00:00+00:00
[2023-08-20 11:44:59,482] {scheduler_job.py:190} INFO - Processing /home/airflow/.local/lib/python3.6/site-packages/airflow/example_dags/tutorial.py took 0.134 seconds
[2023-08-20 11:45:30,447] {scheduler_job.py:182} INFO - Started process (PID=321) to work on /home/airflow/.local/lib/python3.6/site-packages/airflow/example_dags/tutorial.py
[2023-08-20 11:45:30,449] {scheduler_job.py:629} INFO - Processing file /home/airflow/.local/lib/python3.6/site-packages/airflow/example_dags/tutorial.py for tasks to queue
[2023-08-20 11:45:30,451] {logging_mixin.py:104} INFO - [2023-08-20 11:45:30,451] {dagbag.py:451} INFO - Filling up the DagBag from /home/airflow/.local/lib/python3.6/site-packages/airflow/example_dags/tutorial.py
[2023-08-20 11:45:30,479] {scheduler_job.py:639} INFO - DAG(s) dict_keys(['tutorial']) retrieved from /home/airflow/.local/lib/python3.6/site-packages/airflow/example_dags/tutorial.py
[2023-08-20 11:45:30,515] {logging_mixin.py:104} INFO - [2023-08-20 11:45:30,515] {dag.py:1824} INFO - Sync 1 DAGs
[2023-08-20 11:45:30,539] {logging_mixin.py:104} INFO - [2023-08-20 11:45:30,539] {dag.py:2280} INFO - Setting next_dagrun for tutorial to 2023-08-18 00:00:00+00:00
[2023-08-20 11:45:30,566] {scheduler_job.py:190} INFO - Processing /home/airflow/.local/lib/python3.6/site-packages/airflow/example_dags/tutorial.py took 0.125 seconds
[2023-08-20 11:46:00,770] {scheduler_job.py:182} INFO - Started process (PID=347) to work on /home/airflow/.local/lib/python3.6/site-packages/airflow/example_dags/tutorial.py
[2023-08-20 11:46:00,774] {scheduler_job.py:629} INFO - Processing file /home/airflow/.local/lib/python3.6/site-packages/airflow/example_dags/tutorial.py for tasks to queue
[2023-08-20 11:46:00,775] {logging_mixin.py:104} INFO - [2023-08-20 11:46:00,775] {dagbag.py:451} INFO - Filling up the DagBag from /home/airflow/.local/lib/python3.6/site-packages/airflow/example_dags/tutorial.py
[2023-08-20 11:46:00,794] {scheduler_job.py:639} INFO - DAG(s) dict_keys(['tutorial']) retrieved from /home/airflow/.local/lib/python3.6/site-packages/airflow/example_dags/tutorial.py
[2023-08-20 11:46:00,825] {logging_mixin.py:104} INFO - [2023-08-20 11:46:00,825] {dag.py:1824} INFO - Sync 1 DAGs
[2023-08-20 11:46:00,848] {logging_mixin.py:104} INFO - [2023-08-20 11:46:00,848] {dag.py:2280} INFO - Setting next_dagrun for tutorial to 2023-08-18 00:00:00+00:00
[2023-08-20 11:46:00,872] {scheduler_job.py:190} INFO - Processing /home/airflow/.local/lib/python3.6/site-packages/airflow/example_dags/tutorial.py took 0.107 seconds
[2023-08-20 11:46:31,592] {scheduler_job.py:182} INFO - Started process (PID=375) to work on /home/airflow/.local/lib/python3.6/site-packages/airflow/example_dags/tutorial.py
[2023-08-20 11:46:31,594] {scheduler_job.py:629} INFO - Processing file /home/airflow/.local/lib/python3.6/site-packages/airflow/example_dags/tutorial.py for tasks to queue
[2023-08-20 11:46:31,595] {logging_mixin.py:104} INFO - [2023-08-20 11:46:31,595] {dagbag.py:451} INFO - Filling up the DagBag from /home/airflow/.local/lib/python3.6/site-packages/airflow/example_dags/tutorial.py
[2023-08-20 11:46:31,610] {scheduler_job.py:639} INFO - DAG(s) dict_keys(['tutorial']) retrieved from /home/airflow/.local/lib/python3.6/site-packages/airflow/example_dags/tutorial.py
[2023-08-20 11:46:31,634] {logging_mixin.py:104} INFO - [2023-08-20 11:46:31,634] {dag.py:1824} INFO - Sync 1 DAGs
[2023-08-20 11:46:31,651] {logging_mixin.py:104} INFO - [2023-08-20 11:46:31,651] {dag.py:2280} INFO - Setting next_dagrun for tutorial to 2023-08-18 00:00:00+00:00
[2023-08-20 11:46:31,667] {scheduler_job.py:190} INFO - Processing /home/airflow/.local/lib/python3.6/site-packages/airflow/example_dags/tutorial.py took 0.078 seconds
[2023-08-20 11:47:02,503] {scheduler_job.py:182} INFO - Started process (PID=401) to work on /home/airflow/.local/lib/python3.6/site-packages/airflow/example_dags/tutorial.py
[2023-08-20 11:47:02,506] {scheduler_job.py:629} INFO - Processing file /home/airflow/.local/lib/python3.6/site-packages/airflow/example_dags/tutorial.py for tasks to queue
[2023-08-20 11:47:02,507] {logging_mixin.py:104} INFO - [2023-08-20 11:47:02,507] {dagbag.py:451} INFO - Filling up the DagBag from /home/airflow/.local/lib/python3.6/site-packages/airflow/example_dags/tutorial.py
[2023-08-20 11:47:02,523] {scheduler_job.py:639} INFO - DAG(s) dict_keys(['tutorial']) retrieved from /home/airflow/.local/lib/python3.6/site-packages/airflow/example_dags/tutorial.py
[2023-08-20 11:47:02,549] {logging_mixin.py:104} INFO - [2023-08-20 11:47:02,549] {dag.py:1824} INFO - Sync 1 DAGs
[2023-08-20 11:47:02,565] {logging_mixin.py:104} INFO - [2023-08-20 11:47:02,565] {dag.py:2280} INFO - Setting next_dagrun for tutorial to 2023-08-18 00:00:00+00:00
[2023-08-20 11:47:02,591] {scheduler_job.py:190} INFO - Processing /home/airflow/.local/lib/python3.6/site-packages/airflow/example_dags/tutorial.py took 0.091 seconds
[2023-08-20 11:47:33,497] {scheduler_job.py:182} INFO - Started process (PID=426) to work on /home/airflow/.local/lib/python3.6/site-packages/airflow/example_dags/tutorial.py
[2023-08-20 11:47:33,504] {scheduler_job.py:629} INFO - Processing file /home/airflow/.local/lib/python3.6/site-packages/airflow/example_dags/tutorial.py for tasks to queue
[2023-08-20 11:47:33,506] {logging_mixin.py:104} INFO - [2023-08-20 11:47:33,506] {dagbag.py:451} INFO - Filling up the DagBag from /home/airflow/.local/lib/python3.6/site-packages/airflow/example_dags/tutorial.py
[2023-08-20 11:47:33,516] {scheduler_job.py:639} INFO - DAG(s) dict_keys(['tutorial']) retrieved from /home/airflow/.local/lib/python3.6/site-packages/airflow/example_dags/tutorial.py
[2023-08-20 11:47:33,541] {logging_mixin.py:104} INFO - [2023-08-20 11:47:33,541] {dag.py:1824} INFO - Sync 1 DAGs
[2023-08-20 11:47:33,570] {logging_mixin.py:104} INFO - [2023-08-20 11:47:33,570] {dag.py:2280} INFO - Setting next_dagrun for tutorial to 2023-08-18 00:00:00+00:00
[2023-08-20 11:47:33,611] {scheduler_job.py:190} INFO - Processing /home/airflow/.local/lib/python3.6/site-packages/airflow/example_dags/tutorial.py took 0.118 seconds
[2023-08-20 11:48:03,824] {scheduler_job.py:182} INFO - Started process (PID=452) to work on /home/airflow/.local/lib/python3.6/site-packages/airflow/example_dags/tutorial.py
[2023-08-20 11:48:03,827] {scheduler_job.py:629} INFO - Processing file /home/airflow/.local/lib/python3.6/site-packages/airflow/example_dags/tutorial.py for tasks to queue
[2023-08-20 11:48:03,830] {logging_mixin.py:104} INFO - [2023-08-20 11:48:03,829] {dagbag.py:451} INFO - Filling up the DagBag from /home/airflow/.local/lib/python3.6/site-packages/airflow/example_dags/tutorial.py
[2023-08-20 11:48:03,847] {scheduler_job.py:639} INFO - DAG(s) dict_keys(['tutorial']) retrieved from /home/airflow/.local/lib/python3.6/site-packages/airflow/example_dags/tutorial.py
[2023-08-20 11:48:03,887] {logging_mixin.py:104} INFO - [2023-08-20 11:48:03,887] {dag.py:1824} INFO - Sync 1 DAGs
[2023-08-20 11:48:03,909] {logging_mixin.py:104} INFO - [2023-08-20 11:48:03,909] {dag.py:2280} INFO - Setting next_dagrun for tutorial to 2023-08-18 00:00:00+00:00
[2023-08-20 11:48:03,926] {scheduler_job.py:190} INFO - Processing /home/airflow/.local/lib/python3.6/site-packages/airflow/example_dags/tutorial.py took 0.109 seconds
[2023-08-20 11:48:33,989] {scheduler_job.py:182} INFO - Started process (PID=478) to work on /home/airflow/.local/lib/python3.6/site-packages/airflow/example_dags/tutorial.py
[2023-08-20 11:48:33,991] {scheduler_job.py:629} INFO - Processing file /home/airflow/.local/lib/python3.6/site-packages/airflow/example_dags/tutorial.py for tasks to queue
[2023-08-20 11:48:33,993] {logging_mixin.py:104} INFO - [2023-08-20 11:48:33,992] {dagbag.py:451} INFO - Filling up the DagBag from /home/airflow/.local/lib/python3.6/site-packages/airflow/example_dags/tutorial.py
[2023-08-20 11:48:34,002] {scheduler_job.py:639} INFO - DAG(s) dict_keys(['tutorial']) retrieved from /home/airflow/.local/lib/python3.6/site-packages/airflow/example_dags/tutorial.py
[2023-08-20 11:48:34,027] {logging_mixin.py:104} INFO - [2023-08-20 11:48:34,027] {dag.py:1824} INFO - Sync 1 DAGs
[2023-08-20 11:48:34,044] {logging_mixin.py:104} INFO - [2023-08-20 11:48:34,044] {dag.py:2280} INFO - Setting next_dagrun for tutorial to 2023-08-18 00:00:00+00:00
[2023-08-20 11:48:34,060] {scheduler_job.py:190} INFO - Processing /home/airflow/.local/lib/python3.6/site-packages/airflow/example_dags/tutorial.py took 0.076 seconds
[2023-08-20 11:49:05,135] {scheduler_job.py:182} INFO - Started process (PID=504) to work on /home/airflow/.local/lib/python3.6/site-packages/airflow/example_dags/tutorial.py
[2023-08-20 11:49:05,137] {scheduler_job.py:629} INFO - Processing file /home/airflow/.local/lib/python3.6/site-packages/airflow/example_dags/tutorial.py for tasks to queue
[2023-08-20 11:49:05,139] {logging_mixin.py:104} INFO - [2023-08-20 11:49:05,139] {dagbag.py:451} INFO - Filling up the DagBag from /home/airflow/.local/lib/python3.6/site-packages/airflow/example_dags/tutorial.py
[2023-08-20 11:49:05,153] {scheduler_job.py:639} INFO - DAG(s) dict_keys(['tutorial']) retrieved from /home/airflow/.local/lib/python3.6/site-packages/airflow/example_dags/tutorial.py
[2023-08-20 11:49:05,186] {logging_mixin.py:104} INFO - [2023-08-20 11:49:05,186] {dag.py:1824} INFO - Sync 1 DAGs
[2023-08-20 11:49:05,207] {logging_mixin.py:104} INFO - [2023-08-20 11:49:05,207] {dag.py:2280} INFO - Setting next_dagrun for tutorial to 2023-08-18 00:00:00+00:00
[2023-08-20 11:49:05,224] {scheduler_job.py:190} INFO - Processing /home/airflow/.local/lib/python3.6/site-packages/airflow/example_dags/tutorial.py took 0.094 seconds
[2023-08-20 11:49:35,285] {scheduler_job.py:182} INFO - Started process (PID=528) to work on /home/airflow/.local/lib/python3.6/site-packages/airflow/example_dags/tutorial.py
[2023-08-20 11:49:35,287] {scheduler_job.py:629} INFO - Processing file /home/airflow/.local/lib/python3.6/site-packages/airflow/example_dags/tutorial.py for tasks to queue
[2023-08-20 11:49:35,288] {logging_mixin.py:104} INFO - [2023-08-20 11:49:35,288] {dagbag.py:451} INFO - Filling up the DagBag from /home/airflow/.local/lib/python3.6/site-packages/airflow/example_dags/tutorial.py
[2023-08-20 11:49:35,300] {scheduler_job.py:639} INFO - DAG(s) dict_keys(['tutorial']) retrieved from /home/airflow/.local/lib/python3.6/site-packages/airflow/example_dags/tutorial.py
[2023-08-20 11:49:35,322] {logging_mixin.py:104} INFO - [2023-08-20 11:49:35,322] {dag.py:1824} INFO - Sync 1 DAGs
[2023-08-20 11:49:35,340] {logging_mixin.py:104} INFO - [2023-08-20 11:49:35,340] {dag.py:2280} INFO - Setting next_dagrun for tutorial to 2023-08-18 00:00:00+00:00
[2023-08-20 11:49:35,356] {scheduler_job.py:190} INFO - Processing /home/airflow/.local/lib/python3.6/site-packages/airflow/example_dags/tutorial.py took 0.074 seconds
[2023-08-20 11:50:05,772] {scheduler_job.py:182} INFO - Started process (PID=554) to work on /home/airflow/.local/lib/python3.6/site-packages/airflow/example_dags/tutorial.py
[2023-08-20 11:50:05,774] {scheduler_job.py:629} INFO - Processing file /home/airflow/.local/lib/python3.6/site-packages/airflow/example_dags/tutorial.py for tasks to queue
[2023-08-20 11:50:05,775] {logging_mixin.py:104} INFO - [2023-08-20 11:50:05,775] {dagbag.py:451} INFO - Filling up the DagBag from /home/airflow/.local/lib/python3.6/site-packages/airflow/example_dags/tutorial.py
[2023-08-20 11:50:05,787] {scheduler_job.py:639} INFO - DAG(s) dict_keys(['tutorial']) retrieved from /home/airflow/.local/lib/python3.6/site-packages/airflow/example_dags/tutorial.py
[2023-08-20 11:50:05,818] {logging_mixin.py:104} INFO - [2023-08-20 11:50:05,818] {dag.py:1824} INFO - Sync 1 DAGs
[2023-08-20 11:50:05,835] {logging_mixin.py:104} INFO - [2023-08-20 11:50:05,835] {dag.py:2280} INFO - Setting next_dagrun for tutorial to 2023-08-18 00:00:00+00:00
[2023-08-20 11:50:05,850] {scheduler_job.py:190} INFO - Processing /home/airflow/.local/lib/python3.6/site-packages/airflow/example_dags/tutorial.py took 0.080 seconds
[2023-08-20 11:50:36,605] {scheduler_job.py:182} INFO - Started process (PID=582) to work on /home/airflow/.local/lib/python3.6/site-packages/airflow/example_dags/tutorial.py
[2023-08-20 11:50:36,608] {scheduler_job.py:629} INFO - Processing file /home/airflow/.local/lib/python3.6/site-packages/airflow/example_dags/tutorial.py for tasks to queue
[2023-08-20 11:50:36,609] {logging_mixin.py:104} INFO - [2023-08-20 11:50:36,609] {dagbag.py:451} INFO - Filling up the DagBag from /home/airflow/.local/lib/python3.6/site-packages/airflow/example_dags/tutorial.py
[2023-08-20 11:50:36,623] {scheduler_job.py:639} INFO - DAG(s) dict_keys(['tutorial']) retrieved from /home/airflow/.local/lib/python3.6/site-packages/airflow/example_dags/tutorial.py
[2023-08-20 11:50:36,652] {logging_mixin.py:104} INFO - [2023-08-20 11:50:36,652] {dag.py:1824} INFO - Sync 1 DAGs
[2023-08-20 11:50:36,672] {logging_mixin.py:104} INFO - [2023-08-20 11:50:36,671] {dag.py:2280} INFO - Setting next_dagrun for tutorial to 2023-08-18 00:00:00+00:00
[2023-08-20 11:50:36,689] {scheduler_job.py:190} INFO - Processing /home/airflow/.local/lib/python3.6/site-packages/airflow/example_dags/tutorial.py took 0.088 seconds
[2023-08-20 11:51:07,171] {scheduler_job.py:182} INFO - Started process (PID=608) to work on /home/airflow/.local/lib/python3.6/site-packages/airflow/example_dags/tutorial.py
[2023-08-20 11:51:07,173] {scheduler_job.py:629} INFO - Processing file /home/airflow/.local/lib/python3.6/site-packages/airflow/example_dags/tutorial.py for tasks to queue
[2023-08-20 11:51:07,174] {logging_mixin.py:104} INFO - [2023-08-20 11:51:07,174] {dagbag.py:451} INFO - Filling up the DagBag from /home/airflow/.local/lib/python3.6/site-packages/airflow/example_dags/tutorial.py
[2023-08-20 11:51:07,188] {scheduler_job.py:639} INFO - DAG(s) dict_keys(['tutorial']) retrieved from /home/airflow/.local/lib/python3.6/site-packages/airflow/example_dags/tutorial.py
[2023-08-20 11:51:07,231] {logging_mixin.py:104} INFO - [2023-08-20 11:51:07,231] {dag.py:1824} INFO - Sync 1 DAGs
[2023-08-20 11:51:07,255] {logging_mixin.py:104} INFO - [2023-08-20 11:51:07,254] {dag.py:2280} INFO - Setting next_dagrun for tutorial to 2023-08-18 00:00:00+00:00
[2023-08-20 11:51:07,275] {scheduler_job.py:190} INFO - Processing /home/airflow/.local/lib/python3.6/site-packages/airflow/example_dags/tutorial.py took 0.110 seconds
[2023-08-20 11:51:38,366] {scheduler_job.py:182} INFO - Started process (PID=634) to work on /home/airflow/.local/lib/python3.6/site-packages/airflow/example_dags/tutorial.py
[2023-08-20 11:51:38,369] {scheduler_job.py:629} INFO - Processing file /home/airflow/.local/lib/python3.6/site-packages/airflow/example_dags/tutorial.py for tasks to queue
[2023-08-20 11:51:38,371] {logging_mixin.py:104} INFO - [2023-08-20 11:51:38,370] {dagbag.py:451} INFO - Filling up the DagBag from /home/airflow/.local/lib/python3.6/site-packages/airflow/example_dags/tutorial.py
[2023-08-20 11:51:38,381] {scheduler_job.py:639} INFO - DAG(s) dict_keys(['tutorial']) retrieved from /home/airflow/.local/lib/python3.6/site-packages/airflow/example_dags/tutorial.py
[2023-08-20 11:51:38,407] {logging_mixin.py:104} INFO - [2023-08-20 11:51:38,407] {dag.py:1824} INFO - Sync 1 DAGs
[2023-08-20 11:51:38,425] {logging_mixin.py:104} INFO - [2023-08-20 11:51:38,425] {dag.py:2280} INFO - Setting next_dagrun for tutorial to 2023-08-18 00:00:00+00:00
[2023-08-20 11:51:38,438] {scheduler_job.py:190} INFO - Processing /home/airflow/.local/lib/python3.6/site-packages/airflow/example_dags/tutorial.py took 0.075 seconds
[2023-08-20 11:52:08,900] {scheduler_job.py:182} INFO - Started process (PID=660) to work on /home/airflow/.local/lib/python3.6/site-packages/airflow/example_dags/tutorial.py
[2023-08-20 11:52:08,902] {scheduler_job.py:629} INFO - Processing file /home/airflow/.local/lib/python3.6/site-packages/airflow/example_dags/tutorial.py for tasks to queue
[2023-08-20 11:52:08,903] {logging_mixin.py:104} INFO - [2023-08-20 11:52:08,903] {dagbag.py:451} INFO - Filling up the DagBag from /home/airflow/.local/lib/python3.6/site-packages/airflow/example_dags/tutorial.py
[2023-08-20 11:52:08,917] {scheduler_job.py:639} INFO - DAG(s) dict_keys(['tutorial']) retrieved from /home/airflow/.local/lib/python3.6/site-packages/airflow/example_dags/tutorial.py
[2023-08-20 11:52:08,943] {logging_mixin.py:104} INFO - [2023-08-20 11:52:08,943] {dag.py:1824} INFO - Sync 1 DAGs
[2023-08-20 11:52:08,963] {logging_mixin.py:104} INFO - [2023-08-20 11:52:08,963] {dag.py:2280} INFO - Setting next_dagrun for tutorial to 2023-08-18 00:00:00+00:00
[2023-08-20 11:52:08,977] {scheduler_job.py:190} INFO - Processing /home/airflow/.local/lib/python3.6/site-packages/airflow/example_dags/tutorial.py took 0.083 seconds
[2023-08-20 11:52:39,741] {scheduler_job.py:182} INFO - Started process (PID=687) to work on /home/airflow/.local/lib/python3.6/site-packages/airflow/example_dags/tutorial.py
[2023-08-20 11:52:39,744] {scheduler_job.py:629} INFO - Processing file /home/airflow/.local/lib/python3.6/site-packages/airflow/example_dags/tutorial.py for tasks to queue
[2023-08-20 11:52:39,745] {logging_mixin.py:104} INFO - [2023-08-20 11:52:39,745] {dagbag.py:451} INFO - Filling up the DagBag from /home/airflow/.local/lib/python3.6/site-packages/airflow/example_dags/tutorial.py
[2023-08-20 11:52:39,759] {scheduler_job.py:639} INFO - DAG(s) dict_keys(['tutorial']) retrieved from /home/airflow/.local/lib/python3.6/site-packages/airflow/example_dags/tutorial.py
[2023-08-20 11:52:39,781] {logging_mixin.py:104} INFO - [2023-08-20 11:52:39,781] {dag.py:1824} INFO - Sync 1 DAGs
[2023-08-20 11:52:39,799] {logging_mixin.py:104} INFO - [2023-08-20 11:52:39,799] {dag.py:2280} INFO - Setting next_dagrun for tutorial to 2023-08-18 00:00:00+00:00
[2023-08-20 11:52:39,817] {scheduler_job.py:190} INFO - Processing /home/airflow/.local/lib/python3.6/site-packages/airflow/example_dags/tutorial.py took 0.080 seconds
[2023-08-20 11:53:10,757] {scheduler_job.py:182} INFO - Started process (PID=713) to work on /home/airflow/.local/lib/python3.6/site-packages/airflow/example_dags/tutorial.py
[2023-08-20 11:53:10,758] {scheduler_job.py:629} INFO - Processing file /home/airflow/.local/lib/python3.6/site-packages/airflow/example_dags/tutorial.py for tasks to queue
[2023-08-20 11:53:10,760] {logging_mixin.py:104} INFO - [2023-08-20 11:53:10,760] {dagbag.py:451} INFO - Filling up the DagBag from /home/airflow/.local/lib/python3.6/site-packages/airflow/example_dags/tutorial.py
[2023-08-20 11:53:10,772] {scheduler_job.py:639} INFO - DAG(s) dict_keys(['tutorial']) retrieved from /home/airflow/.local/lib/python3.6/site-packages/airflow/example_dags/tutorial.py
[2023-08-20 11:53:10,797] {logging_mixin.py:104} INFO - [2023-08-20 11:53:10,797] {dag.py:1824} INFO - Sync 1 DAGs
[2023-08-20 11:53:10,818] {logging_mixin.py:104} INFO - [2023-08-20 11:53:10,817] {dag.py:2280} INFO - Setting next_dagrun for tutorial to 2023-08-18 00:00:00+00:00
[2023-08-20 11:53:10,835] {scheduler_job.py:190} INFO - Processing /home/airflow/.local/lib/python3.6/site-packages/airflow/example_dags/tutorial.py took 0.082 seconds
[2023-08-20 11:53:41,660] {scheduler_job.py:182} INFO - Started process (PID=739) to work on /home/airflow/.local/lib/python3.6/site-packages/airflow/example_dags/tutorial.py
[2023-08-20 11:53:41,663] {scheduler_job.py:629} INFO - Processing file /home/airflow/.local/lib/python3.6/site-packages/airflow/example_dags/tutorial.py for tasks to queue
[2023-08-20 11:53:41,664] {logging_mixin.py:104} INFO - [2023-08-20 11:53:41,664] {dagbag.py:451} INFO - Filling up the DagBag from /home/airflow/.local/lib/python3.6/site-packages/airflow/example_dags/tutorial.py
[2023-08-20 11:53:41,678] {scheduler_job.py:639} INFO - DAG(s) dict_keys(['tutorial']) retrieved from /home/airflow/.local/lib/python3.6/site-packages/airflow/example_dags/tutorial.py
[2023-08-20 11:53:41,706] {logging_mixin.py:104} INFO - [2023-08-20 11:53:41,706] {dag.py:1824} INFO - Sync 1 DAGs
[2023-08-20 11:53:41,727] {logging_mixin.py:104} INFO - [2023-08-20 11:53:41,727] {dag.py:2280} INFO - Setting next_dagrun for tutorial to 2023-08-18 00:00:00+00:00
[2023-08-20 11:53:41,745] {scheduler_job.py:190} INFO - Processing /home/airflow/.local/lib/python3.6/site-packages/airflow/example_dags/tutorial.py took 0.088 seconds
[2023-08-20 11:54:12,492] {scheduler_job.py:182} INFO - Started process (PID=765) to work on /home/airflow/.local/lib/python3.6/site-packages/airflow/example_dags/tutorial.py
[2023-08-20 11:54:12,494] {scheduler_job.py:629} INFO - Processing file /home/airflow/.local/lib/python3.6/site-packages/airflow/example_dags/tutorial.py for tasks to queue
[2023-08-20 11:54:12,495] {logging_mixin.py:104} INFO - [2023-08-20 11:54:12,495] {dagbag.py:451} INFO - Filling up the DagBag from /home/airflow/.local/lib/python3.6/site-packages/airflow/example_dags/tutorial.py
[2023-08-20 11:54:12,523] {scheduler_job.py:639} INFO - DAG(s) dict_keys(['tutorial']) retrieved from /home/airflow/.local/lib/python3.6/site-packages/airflow/example_dags/tutorial.py
[2023-08-20 11:54:12,548] {logging_mixin.py:104} INFO - [2023-08-20 11:54:12,548] {dag.py:1824} INFO - Sync 1 DAGs
[2023-08-20 11:54:12,566] {logging_mixin.py:104} INFO - [2023-08-20 11:54:12,566] {dag.py:2280} INFO - Setting next_dagrun for tutorial to 2023-08-18 00:00:00+00:00
[2023-08-20 11:54:12,582] {scheduler_job.py:190} INFO - Processing /home/airflow/.local/lib/python3.6/site-packages/airflow/example_dags/tutorial.py took 0.094 seconds
[2023-08-20 11:54:43,383] {scheduler_job.py:182} INFO - Started process (PID=791) to work on /home/airflow/.local/lib/python3.6/site-packages/airflow/example_dags/tutorial.py
[2023-08-20 11:54:43,385] {scheduler_job.py:629} INFO - Processing file /home/airflow/.local/lib/python3.6/site-packages/airflow/example_dags/tutorial.py for tasks to queue
[2023-08-20 11:54:43,387] {logging_mixin.py:104} INFO - [2023-08-20 11:54:43,387] {dagbag.py:451} INFO - Filling up the DagBag from /home/airflow/.local/lib/python3.6/site-packages/airflow/example_dags/tutorial.py
[2023-08-20 11:54:43,399] {scheduler_job.py:639} INFO - DAG(s) dict_keys(['tutorial']) retrieved from /home/airflow/.local/lib/python3.6/site-packages/airflow/example_dags/tutorial.py
[2023-08-20 11:54:43,425] {logging_mixin.py:104} INFO - [2023-08-20 11:54:43,425] {dag.py:1824} INFO - Sync 1 DAGs
[2023-08-20 11:54:43,446] {logging_mixin.py:104} INFO - [2023-08-20 11:54:43,445] {dag.py:2280} INFO - Setting next_dagrun for tutorial to 2023-08-18 00:00:00+00:00
[2023-08-20 11:54:43,458] {scheduler_job.py:190} INFO - Processing /home/airflow/.local/lib/python3.6/site-packages/airflow/example_dags/tutorial.py took 0.078 seconds
[2023-08-20 11:55:14,021] {scheduler_job.py:182} INFO - Started process (PID=817) to work on /home/airflow/.local/lib/python3.6/site-packages/airflow/example_dags/tutorial.py
[2023-08-20 11:55:14,023] {scheduler_job.py:629} INFO - Processing file /home/airflow/.local/lib/python3.6/site-packages/airflow/example_dags/tutorial.py for tasks to queue
[2023-08-20 11:55:14,024] {logging_mixin.py:104} INFO - [2023-08-20 11:55:14,024] {dagbag.py:451} INFO - Filling up the DagBag from /home/airflow/.local/lib/python3.6/site-packages/airflow/example_dags/tutorial.py
[2023-08-20 11:55:14,037] {scheduler_job.py:639} INFO - DAG(s) dict_keys(['tutorial']) retrieved from /home/airflow/.local/lib/python3.6/site-packages/airflow/example_dags/tutorial.py
[2023-08-20 11:55:14,062] {logging_mixin.py:104} INFO - [2023-08-20 11:55:14,062] {dag.py:1824} INFO - Sync 1 DAGs
[2023-08-20 11:55:14,080] {logging_mixin.py:104} INFO - [2023-08-20 11:55:14,080] {dag.py:2280} INFO - Setting next_dagrun for tutorial to 2023-08-18 00:00:00+00:00
[2023-08-20 11:55:14,093] {scheduler_job.py:190} INFO - Processing /home/airflow/.local/lib/python3.6/site-packages/airflow/example_dags/tutorial.py took 0.076 seconds
[2023-08-20 11:55:44,672] {scheduler_job.py:182} INFO - Started process (PID=843) to work on /home/airflow/.local/lib/python3.6/site-packages/airflow/example_dags/tutorial.py
[2023-08-20 11:55:44,674] {scheduler_job.py:629} INFO - Processing file /home/airflow/.local/lib/python3.6/site-packages/airflow/example_dags/tutorial.py for tasks to queue
[2023-08-20 11:55:44,675] {logging_mixin.py:104} INFO - [2023-08-20 11:55:44,675] {dagbag.py:451} INFO - Filling up the DagBag from /home/airflow/.local/lib/python3.6/site-packages/airflow/example_dags/tutorial.py
[2023-08-20 11:55:44,686] {scheduler_job.py:639} INFO - DAG(s) dict_keys(['tutorial']) retrieved from /home/airflow/.local/lib/python3.6/site-packages/airflow/example_dags/tutorial.py
[2023-08-20 11:55:44,708] {logging_mixin.py:104} INFO - [2023-08-20 11:55:44,708] {dag.py:1824} INFO - Sync 1 DAGs
[2023-08-20 11:55:44,725] {logging_mixin.py:104} INFO - [2023-08-20 11:55:44,724] {dag.py:2280} INFO - Setting next_dagrun for tutorial to 2023-08-18 00:00:00+00:00
[2023-08-20 11:55:44,742] {scheduler_job.py:190} INFO - Processing /home/airflow/.local/lib/python3.6/site-packages/airflow/example_dags/tutorial.py took 0.074 seconds
[2023-08-20 11:56:15,238] {scheduler_job.py:182} INFO - Started process (PID=869) to work on /home/airflow/.local/lib/python3.6/site-packages/airflow/example_dags/tutorial.py
[2023-08-20 11:56:15,240] {scheduler_job.py:629} INFO - Processing file /home/airflow/.local/lib/python3.6/site-packages/airflow/example_dags/tutorial.py for tasks to queue
[2023-08-20 11:56:15,241] {logging_mixin.py:104} INFO - [2023-08-20 11:56:15,241] {dagbag.py:451} INFO - Filling up the DagBag from /home/airflow/.local/lib/python3.6/site-packages/airflow/example_dags/tutorial.py
[2023-08-20 11:56:15,254] {scheduler_job.py:639} INFO - DAG(s) dict_keys(['tutorial']) retrieved from /home/airflow/.local/lib/python3.6/site-packages/airflow/example_dags/tutorial.py
[2023-08-20 11:56:15,282] {logging_mixin.py:104} INFO - [2023-08-20 11:56:15,282] {dag.py:1824} INFO - Sync 1 DAGs
[2023-08-20 11:56:15,301] {logging_mixin.py:104} INFO - [2023-08-20 11:56:15,300] {dag.py:2280} INFO - Setting next_dagrun for tutorial to 2023-08-18 00:00:00+00:00
[2023-08-20 11:56:15,316] {scheduler_job.py:190} INFO - Processing /home/airflow/.local/lib/python3.6/site-packages/airflow/example_dags/tutorial.py took 0.082 seconds
[2023-08-20 11:56:45,902] {scheduler_job.py:182} INFO - Started process (PID=895) to work on /home/airflow/.local/lib/python3.6/site-packages/airflow/example_dags/tutorial.py
[2023-08-20 11:56:45,904] {scheduler_job.py:629} INFO - Processing file /home/airflow/.local/lib/python3.6/site-packages/airflow/example_dags/tutorial.py for tasks to queue
[2023-08-20 11:56:45,905] {logging_mixin.py:104} INFO - [2023-08-20 11:56:45,905] {dagbag.py:451} INFO - Filling up the DagBag from /home/airflow/.local/lib/python3.6/site-packages/airflow/example_dags/tutorial.py
[2023-08-20 11:56:45,916] {scheduler_job.py:639} INFO - DAG(s) dict_keys(['tutorial']) retrieved from /home/airflow/.local/lib/python3.6/site-packages/airflow/example_dags/tutorial.py
[2023-08-20 11:56:45,938] {logging_mixin.py:104} INFO - [2023-08-20 11:56:45,938] {dag.py:1824} INFO - Sync 1 DAGs
[2023-08-20 11:56:45,956] {logging_mixin.py:104} INFO - [2023-08-20 11:56:45,956] {dag.py:2280} INFO - Setting next_dagrun for tutorial to 2023-08-18 00:00:00+00:00
[2023-08-20 11:56:45,971] {scheduler_job.py:190} INFO - Processing /home/airflow/.local/lib/python3.6/site-packages/airflow/example_dags/tutorial.py took 0.072 seconds
[2023-08-20 11:57:16,491] {scheduler_job.py:182} INFO - Started process (PID=921) to work on /home/airflow/.local/lib/python3.6/site-packages/airflow/example_dags/tutorial.py
[2023-08-20 11:57:16,493] {scheduler_job.py:629} INFO - Processing file /home/airflow/.local/lib/python3.6/site-packages/airflow/example_dags/tutorial.py for tasks to queue
[2023-08-20 11:57:16,495] {logging_mixin.py:104} INFO - [2023-08-20 11:57:16,495] {dagbag.py:451} INFO - Filling up the DagBag from /home/airflow/.local/lib/python3.6/site-packages/airflow/example_dags/tutorial.py
[2023-08-20 11:57:16,509] {scheduler_job.py:639} INFO - DAG(s) dict_keys(['tutorial']) retrieved from /home/airflow/.local/lib/python3.6/site-packages/airflow/example_dags/tutorial.py
[2023-08-20 11:57:16,538] {logging_mixin.py:104} INFO - [2023-08-20 11:57:16,537] {dag.py:1824} INFO - Sync 1 DAGs
[2023-08-20 11:57:16,559] {logging_mixin.py:104} INFO - [2023-08-20 11:57:16,558] {dag.py:2280} INFO - Setting next_dagrun for tutorial to 2023-08-18 00:00:00+00:00
[2023-08-20 11:57:16,574] {scheduler_job.py:190} INFO - Processing /home/airflow/.local/lib/python3.6/site-packages/airflow/example_dags/tutorial.py took 0.087 seconds
[2023-08-20 11:57:47,122] {scheduler_job.py:182} INFO - Started process (PID=947) to work on /home/airflow/.local/lib/python3.6/site-packages/airflow/example_dags/tutorial.py
[2023-08-20 11:57:47,125] {scheduler_job.py:629} INFO - Processing file /home/airflow/.local/lib/python3.6/site-packages/airflow/example_dags/tutorial.py for tasks to queue
[2023-08-20 11:57:47,127] {logging_mixin.py:104} INFO - [2023-08-20 11:57:47,127] {dagbag.py:451} INFO - Filling up the DagBag from /home/airflow/.local/lib/python3.6/site-packages/airflow/example_dags/tutorial.py
[2023-08-20 11:57:47,136] {scheduler_job.py:639} INFO - DAG(s) dict_keys(['tutorial']) retrieved from /home/airflow/.local/lib/python3.6/site-packages/airflow/example_dags/tutorial.py
[2023-08-20 11:57:47,164] {logging_mixin.py:104} INFO - [2023-08-20 11:57:47,164] {dag.py:1824} INFO - Sync 1 DAGs
[2023-08-20 11:57:47,188] {logging_mixin.py:104} INFO - [2023-08-20 11:57:47,188] {dag.py:2280} INFO - Setting next_dagrun for tutorial to 2023-08-18 00:00:00+00:00
[2023-08-20 11:57:47,205] {scheduler_job.py:190} INFO - Processing /home/airflow/.local/lib/python3.6/site-packages/airflow/example_dags/tutorial.py took 0.086 seconds
[2023-08-20 11:58:17,621] {scheduler_job.py:182} INFO - Started process (PID=973) to work on /home/airflow/.local/lib/python3.6/site-packages/airflow/example_dags/tutorial.py
[2023-08-20 11:58:17,623] {scheduler_job.py:629} INFO - Processing file /home/airflow/.local/lib/python3.6/site-packages/airflow/example_dags/tutorial.py for tasks to queue
[2023-08-20 11:58:17,624] {logging_mixin.py:104} INFO - [2023-08-20 11:58:17,624] {dagbag.py:451} INFO - Filling up the DagBag from /home/airflow/.local/lib/python3.6/site-packages/airflow/example_dags/tutorial.py
[2023-08-20 11:58:17,636] {scheduler_job.py:639} INFO - DAG(s) dict_keys(['tutorial']) retrieved from /home/airflow/.local/lib/python3.6/site-packages/airflow/example_dags/tutorial.py
[2023-08-20 11:58:17,663] {logging_mixin.py:104} INFO - [2023-08-20 11:58:17,663] {dag.py:1824} INFO - Sync 1 DAGs
[2023-08-20 11:58:17,685] {logging_mixin.py:104} INFO - [2023-08-20 11:58:17,685] {dag.py:2280} INFO - Setting next_dagrun for tutorial to 2023-08-18 00:00:00+00:00
[2023-08-20 11:58:17,700] {scheduler_job.py:190} INFO - Processing /home/airflow/.local/lib/python3.6/site-packages/airflow/example_dags/tutorial.py took 0.083 seconds
[2023-08-20 11:58:48,201] {scheduler_job.py:182} INFO - Started process (PID=999) to work on /home/airflow/.local/lib/python3.6/site-packages/airflow/example_dags/tutorial.py
[2023-08-20 11:58:48,204] {scheduler_job.py:629} INFO - Processing file /home/airflow/.local/lib/python3.6/site-packages/airflow/example_dags/tutorial.py for tasks to queue
[2023-08-20 11:58:48,205] {logging_mixin.py:104} INFO - [2023-08-20 11:58:48,205] {dagbag.py:451} INFO - Filling up the DagBag from /home/airflow/.local/lib/python3.6/site-packages/airflow/example_dags/tutorial.py
[2023-08-20 11:58:48,217] {scheduler_job.py:639} INFO - DAG(s) dict_keys(['tutorial']) retrieved from /home/airflow/.local/lib/python3.6/site-packages/airflow/example_dags/tutorial.py
[2023-08-20 11:58:48,246] {logging_mixin.py:104} INFO - [2023-08-20 11:58:48,246] {dag.py:1824} INFO - Sync 1 DAGs
[2023-08-20 11:58:48,269] {logging_mixin.py:104} INFO - [2023-08-20 11:58:48,269] {dag.py:2280} INFO - Setting next_dagrun for tutorial to 2023-08-18 00:00:00+00:00
[2023-08-20 11:58:48,283] {scheduler_job.py:190} INFO - Processing /home/airflow/.local/lib/python3.6/site-packages/airflow/example_dags/tutorial.py took 0.085 seconds
[2023-08-20 11:59:18,836] {scheduler_job.py:182} INFO - Started process (PID=1025) to work on /home/airflow/.local/lib/python3.6/site-packages/airflow/example_dags/tutorial.py
[2023-08-20 11:59:18,838] {scheduler_job.py:629} INFO - Processing file /home/airflow/.local/lib/python3.6/site-packages/airflow/example_dags/tutorial.py for tasks to queue
[2023-08-20 11:59:18,841] {logging_mixin.py:104} INFO - [2023-08-20 11:59:18,840] {dagbag.py:451} INFO - Filling up the DagBag from /home/airflow/.local/lib/python3.6/site-packages/airflow/example_dags/tutorial.py
[2023-08-20 11:59:18,854] {scheduler_job.py:639} INFO - DAG(s) dict_keys(['tutorial']) retrieved from /home/airflow/.local/lib/python3.6/site-packages/airflow/example_dags/tutorial.py
[2023-08-20 11:59:18,883] {logging_mixin.py:104} INFO - [2023-08-20 11:59:18,883] {dag.py:1824} INFO - Sync 1 DAGs
[2023-08-20 11:59:18,902] {logging_mixin.py:104} INFO - [2023-08-20 11:59:18,902] {dag.py:2280} INFO - Setting next_dagrun for tutorial to 2023-08-18 00:00:00+00:00
[2023-08-20 11:59:18,916] {scheduler_job.py:190} INFO - Processing /home/airflow/.local/lib/python3.6/site-packages/airflow/example_dags/tutorial.py took 0.083 seconds
[2023-08-20 11:59:49,645] {scheduler_job.py:182} INFO - Started process (PID=1051) to work on /home/airflow/.local/lib/python3.6/site-packages/airflow/example_dags/tutorial.py
[2023-08-20 11:59:49,647] {scheduler_job.py:629} INFO - Processing file /home/airflow/.local/lib/python3.6/site-packages/airflow/example_dags/tutorial.py for tasks to queue
[2023-08-20 11:59:49,648] {logging_mixin.py:104} INFO - [2023-08-20 11:59:49,648] {dagbag.py:451} INFO - Filling up the DagBag from /home/airflow/.local/lib/python3.6/site-packages/airflow/example_dags/tutorial.py
[2023-08-20 11:59:49,661] {scheduler_job.py:639} INFO - DAG(s) dict_keys(['tutorial']) retrieved from /home/airflow/.local/lib/python3.6/site-packages/airflow/example_dags/tutorial.py
[2023-08-20 11:59:49,686] {logging_mixin.py:104} INFO - [2023-08-20 11:59:49,686] {dag.py:1824} INFO - Sync 1 DAGs
[2023-08-20 11:59:49,704] {logging_mixin.py:104} INFO - [2023-08-20 11:59:49,704] {dag.py:2280} INFO - Setting next_dagrun for tutorial to 2023-08-18 00:00:00+00:00
[2023-08-20 11:59:49,720] {scheduler_job.py:190} INFO - Processing /home/airflow/.local/lib/python3.6/site-packages/airflow/example_dags/tutorial.py took 0.079 seconds
[2023-08-20 12:00:20,282] {scheduler_job.py:182} INFO - Started process (PID=1077) to work on /home/airflow/.local/lib/python3.6/site-packages/airflow/example_dags/tutorial.py
[2023-08-20 12:00:20,285] {scheduler_job.py:629} INFO - Processing file /home/airflow/.local/lib/python3.6/site-packages/airflow/example_dags/tutorial.py for tasks to queue
[2023-08-20 12:00:20,286] {logging_mixin.py:104} INFO - [2023-08-20 12:00:20,286] {dagbag.py:451} INFO - Filling up the DagBag from /home/airflow/.local/lib/python3.6/site-packages/airflow/example_dags/tutorial.py
[2023-08-20 12:00:20,296] {scheduler_job.py:639} INFO - DAG(s) dict_keys(['tutorial']) retrieved from /home/airflow/.local/lib/python3.6/site-packages/airflow/example_dags/tutorial.py
[2023-08-20 12:00:20,319] {logging_mixin.py:104} INFO - [2023-08-20 12:00:20,319] {dag.py:1824} INFO - Sync 1 DAGs
[2023-08-20 12:00:20,337] {logging_mixin.py:104} INFO - [2023-08-20 12:00:20,337] {dag.py:2280} INFO - Setting next_dagrun for tutorial to 2023-08-18 00:00:00+00:00
[2023-08-20 12:00:20,353] {scheduler_job.py:190} INFO - Processing /home/airflow/.local/lib/python3.6/site-packages/airflow/example_dags/tutorial.py took 0.073 seconds
[2023-08-20 12:00:50,971] {scheduler_job.py:182} INFO - Started process (PID=1103) to work on /home/airflow/.local/lib/python3.6/site-packages/airflow/example_dags/tutorial.py
[2023-08-20 12:00:50,973] {scheduler_job.py:629} INFO - Processing file /home/airflow/.local/lib/python3.6/site-packages/airflow/example_dags/tutorial.py for tasks to queue
[2023-08-20 12:00:50,974] {logging_mixin.py:104} INFO - [2023-08-20 12:00:50,974] {dagbag.py:451} INFO - Filling up the DagBag from /home/airflow/.local/lib/python3.6/site-packages/airflow/example_dags/tutorial.py
[2023-08-20 12:00:50,988] {scheduler_job.py:639} INFO - DAG(s) dict_keys(['tutorial']) retrieved from /home/airflow/.local/lib/python3.6/site-packages/airflow/example_dags/tutorial.py
[2023-08-20 12:00:51,012] {logging_mixin.py:104} INFO - [2023-08-20 12:00:51,012] {dag.py:1824} INFO - Sync 1 DAGs
[2023-08-20 12:00:51,028] {logging_mixin.py:104} INFO - [2023-08-20 12:00:51,028] {dag.py:2280} INFO - Setting next_dagrun for tutorial to 2023-08-18 00:00:00+00:00
[2023-08-20 12:00:51,047] {scheduler_job.py:190} INFO - Processing /home/airflow/.local/lib/python3.6/site-packages/airflow/example_dags/tutorial.py took 0.080 seconds
[2023-08-20 12:01:21,457] {scheduler_job.py:182} INFO - Started process (PID=1129) to work on /home/airflow/.local/lib/python3.6/site-packages/airflow/example_dags/tutorial.py
[2023-08-20 12:01:21,459] {scheduler_job.py:629} INFO - Processing file /home/airflow/.local/lib/python3.6/site-packages/airflow/example_dags/tutorial.py for tasks to queue
[2023-08-20 12:01:21,461] {logging_mixin.py:104} INFO - [2023-08-20 12:01:21,461] {dagbag.py:451} INFO - Filling up the DagBag from /home/airflow/.local/lib/python3.6/site-packages/airflow/example_dags/tutorial.py
[2023-08-20 12:01:21,473] {scheduler_job.py:639} INFO - DAG(s) dict_keys(['tutorial']) retrieved from /home/airflow/.local/lib/python3.6/site-packages/airflow/example_dags/tutorial.py
[2023-08-20 12:01:21,500] {logging_mixin.py:104} INFO - [2023-08-20 12:01:21,500] {dag.py:1824} INFO - Sync 1 DAGs
[2023-08-20 12:01:21,526] {logging_mixin.py:104} INFO - [2023-08-20 12:01:21,526] {dag.py:2280} INFO - Setting next_dagrun for tutorial to 2023-08-18 00:00:00+00:00
[2023-08-20 12:01:21,544] {scheduler_job.py:190} INFO - Processing /home/airflow/.local/lib/python3.6/site-packages/airflow/example_dags/tutorial.py took 0.091 seconds
[2023-08-20T17:37:40.057+0000] {processor.py:157} INFO - Started process (PID=61) to work on /home/airflow/.local/lib/python3.8/site-packages/airflow/example_dags/tutorial.py
[2023-08-20T17:37:40.063+0000] {processor.py:829} INFO - Processing file /home/airflow/.local/lib/python3.8/site-packages/airflow/example_dags/tutorial.py for tasks to queue
[2023-08-20T17:37:40.069+0000] {logging_mixin.py:151} INFO - [2023-08-20T17:37:40.068+0000] {dagbag.py:539} INFO - Filling up the DagBag from /home/airflow/.local/lib/python3.8/site-packages/airflow/example_dags/tutorial.py
[2023-08-20T17:37:40.090+0000] {processor.py:839} INFO - DAG(s) dict_keys(['tutorial']) retrieved from /home/airflow/.local/lib/python3.8/site-packages/airflow/example_dags/tutorial.py
[2023-08-20T17:37:40.109+0000] {logging_mixin.py:151} INFO - [2023-08-20T17:37:40.108+0000] {dag.py:2907} INFO - Sync 1 DAGs
[2023-08-20T17:37:40.143+0000] {logging_mixin.py:151} INFO - [2023-08-20T17:37:40.142+0000] {dag.py:3677} INFO - Setting next_dagrun for tutorial to 2023-08-19T17:37:40.142441+00:00, run_after=2023-08-20T17:37:40.142441+00:00
[2023-08-20T17:37:40.174+0000] {processor.py:179} INFO - Processing /home/airflow/.local/lib/python3.8/site-packages/airflow/example_dags/tutorial.py took 0.123 seconds
[2023-08-20T17:38:10.856+0000] {processor.py:157} INFO - Started process (PID=115) to work on /home/airflow/.local/lib/python3.8/site-packages/airflow/example_dags/tutorial.py
[2023-08-20T17:38:10.857+0000] {processor.py:829} INFO - Processing file /home/airflow/.local/lib/python3.8/site-packages/airflow/example_dags/tutorial.py for tasks to queue
[2023-08-20T17:38:10.860+0000] {logging_mixin.py:151} INFO - [2023-08-20T17:38:10.860+0000] {dagbag.py:539} INFO - Filling up the DagBag from /home/airflow/.local/lib/python3.8/site-packages/airflow/example_dags/tutorial.py
[2023-08-20T17:38:10.870+0000] {processor.py:839} INFO - DAG(s) dict_keys(['tutorial']) retrieved from /home/airflow/.local/lib/python3.8/site-packages/airflow/example_dags/tutorial.py
[2023-08-20T17:38:10.900+0000] {logging_mixin.py:151} INFO - [2023-08-20T17:38:10.899+0000] {dag.py:2907} INFO - Sync 1 DAGs
[2023-08-20T17:38:10.933+0000] {logging_mixin.py:151} INFO - [2023-08-20T17:38:10.932+0000] {dag.py:3677} INFO - Setting next_dagrun for tutorial to 2023-08-19T17:38:10.932459+00:00, run_after=2023-08-20T17:38:10.932459+00:00
[2023-08-20T17:38:10.963+0000] {processor.py:179} INFO - Processing /home/airflow/.local/lib/python3.8/site-packages/airflow/example_dags/tutorial.py took 0.112 seconds
[2023-08-20T17:38:41.319+0000] {processor.py:157} INFO - Started process (PID=169) to work on /home/airflow/.local/lib/python3.8/site-packages/airflow/example_dags/tutorial.py
[2023-08-20T17:38:41.321+0000] {processor.py:829} INFO - Processing file /home/airflow/.local/lib/python3.8/site-packages/airflow/example_dags/tutorial.py for tasks to queue
[2023-08-20T17:38:41.325+0000] {logging_mixin.py:151} INFO - [2023-08-20T17:38:41.325+0000] {dagbag.py:539} INFO - Filling up the DagBag from /home/airflow/.local/lib/python3.8/site-packages/airflow/example_dags/tutorial.py
[2023-08-20T17:38:41.333+0000] {processor.py:839} INFO - DAG(s) dict_keys(['tutorial']) retrieved from /home/airflow/.local/lib/python3.8/site-packages/airflow/example_dags/tutorial.py
[2023-08-20T17:38:41.359+0000] {logging_mixin.py:151} INFO - [2023-08-20T17:38:41.358+0000] {dag.py:2907} INFO - Sync 1 DAGs
[2023-08-20T17:38:41.389+0000] {logging_mixin.py:151} INFO - [2023-08-20T17:38:41.389+0000] {dag.py:3677} INFO - Setting next_dagrun for tutorial to 2023-08-19T17:38:41.388736+00:00, run_after=2023-08-20T17:38:41.388736+00:00
[2023-08-20T17:38:41.416+0000] {processor.py:179} INFO - Processing /home/airflow/.local/lib/python3.8/site-packages/airflow/example_dags/tutorial.py took 0.103 seconds
[2023-08-20T17:39:11.485+0000] {processor.py:157} INFO - Started process (PID=223) to work on /home/airflow/.local/lib/python3.8/site-packages/airflow/example_dags/tutorial.py
[2023-08-20T17:39:11.487+0000] {processor.py:829} INFO - Processing file /home/airflow/.local/lib/python3.8/site-packages/airflow/example_dags/tutorial.py for tasks to queue
[2023-08-20T17:39:11.490+0000] {logging_mixin.py:151} INFO - [2023-08-20T17:39:11.490+0000] {dagbag.py:539} INFO - Filling up the DagBag from /home/airflow/.local/lib/python3.8/site-packages/airflow/example_dags/tutorial.py
[2023-08-20T17:39:11.499+0000] {processor.py:839} INFO - DAG(s) dict_keys(['tutorial']) retrieved from /home/airflow/.local/lib/python3.8/site-packages/airflow/example_dags/tutorial.py
[2023-08-20T17:39:11.524+0000] {logging_mixin.py:151} INFO - [2023-08-20T17:39:11.524+0000] {dag.py:2907} INFO - Sync 1 DAGs
[2023-08-20T17:39:11.559+0000] {logging_mixin.py:151} INFO - [2023-08-20T17:39:11.558+0000] {dag.py:3677} INFO - Setting next_dagrun for tutorial to 2023-08-19T17:39:11.558551+00:00, run_after=2023-08-20T17:39:11.558551+00:00
[2023-08-20T17:39:11.584+0000] {processor.py:179} INFO - Processing /home/airflow/.local/lib/python3.8/site-packages/airflow/example_dags/tutorial.py took 0.103 seconds
[2023-08-20T17:39:41.946+0000] {processor.py:157} INFO - Started process (PID=277) to work on /home/airflow/.local/lib/python3.8/site-packages/airflow/example_dags/tutorial.py
[2023-08-20T17:39:41.947+0000] {processor.py:829} INFO - Processing file /home/airflow/.local/lib/python3.8/site-packages/airflow/example_dags/tutorial.py for tasks to queue
[2023-08-20T17:39:41.951+0000] {logging_mixin.py:151} INFO - [2023-08-20T17:39:41.950+0000] {dagbag.py:539} INFO - Filling up the DagBag from /home/airflow/.local/lib/python3.8/site-packages/airflow/example_dags/tutorial.py
[2023-08-20T17:39:41.959+0000] {processor.py:839} INFO - DAG(s) dict_keys(['tutorial']) retrieved from /home/airflow/.local/lib/python3.8/site-packages/airflow/example_dags/tutorial.py
[2023-08-20T17:39:41.975+0000] {logging_mixin.py:151} INFO - [2023-08-20T17:39:41.975+0000] {dag.py:2907} INFO - Sync 1 DAGs
[2023-08-20T17:39:42.009+0000] {logging_mixin.py:151} INFO - [2023-08-20T17:39:42.008+0000] {dag.py:3677} INFO - Setting next_dagrun for tutorial to 2023-08-19T17:39:42.008470+00:00, run_after=2023-08-20T17:39:42.008470+00:00
[2023-08-20T17:39:42.041+0000] {processor.py:179} INFO - Processing /home/airflow/.local/lib/python3.8/site-packages/airflow/example_dags/tutorial.py took 0.102 seconds
[2023-08-20T17:40:12.523+0000] {processor.py:157} INFO - Started process (PID=331) to work on /home/airflow/.local/lib/python3.8/site-packages/airflow/example_dags/tutorial.py
[2023-08-20T17:40:12.525+0000] {processor.py:829} INFO - Processing file /home/airflow/.local/lib/python3.8/site-packages/airflow/example_dags/tutorial.py for tasks to queue
[2023-08-20T17:40:12.528+0000] {logging_mixin.py:151} INFO - [2023-08-20T17:40:12.528+0000] {dagbag.py:539} INFO - Filling up the DagBag from /home/airflow/.local/lib/python3.8/site-packages/airflow/example_dags/tutorial.py
[2023-08-20T17:40:12.536+0000] {processor.py:839} INFO - DAG(s) dict_keys(['tutorial']) retrieved from /home/airflow/.local/lib/python3.8/site-packages/airflow/example_dags/tutorial.py
[2023-08-20T17:40:12.562+0000] {logging_mixin.py:151} INFO - [2023-08-20T17:40:12.562+0000] {dag.py:2907} INFO - Sync 1 DAGs
[2023-08-20T17:40:12.592+0000] {logging_mixin.py:151} INFO - [2023-08-20T17:40:12.591+0000] {dag.py:3677} INFO - Setting next_dagrun for tutorial to 2023-08-19T17:40:12.591384+00:00, run_after=2023-08-20T17:40:12.591384+00:00
[2023-08-20T17:40:12.633+0000] {processor.py:179} INFO - Processing /home/airflow/.local/lib/python3.8/site-packages/airflow/example_dags/tutorial.py took 0.114 seconds
[2023-08-20T17:40:43.494+0000] {processor.py:157} INFO - Started process (PID=385) to work on /home/airflow/.local/lib/python3.8/site-packages/airflow/example_dags/tutorial.py
[2023-08-20T17:40:43.496+0000] {processor.py:829} INFO - Processing file /home/airflow/.local/lib/python3.8/site-packages/airflow/example_dags/tutorial.py for tasks to queue
[2023-08-20T17:40:43.499+0000] {logging_mixin.py:151} INFO - [2023-08-20T17:40:43.499+0000] {dagbag.py:539} INFO - Filling up the DagBag from /home/airflow/.local/lib/python3.8/site-packages/airflow/example_dags/tutorial.py
[2023-08-20T17:40:43.507+0000] {processor.py:839} INFO - DAG(s) dict_keys(['tutorial']) retrieved from /home/airflow/.local/lib/python3.8/site-packages/airflow/example_dags/tutorial.py
[2023-08-20T17:40:43.535+0000] {logging_mixin.py:151} INFO - [2023-08-20T17:40:43.535+0000] {dag.py:2907} INFO - Sync 1 DAGs
[2023-08-20T17:40:43.572+0000] {logging_mixin.py:151} INFO - [2023-08-20T17:40:43.571+0000] {dag.py:3677} INFO - Setting next_dagrun for tutorial to 2023-08-19T17:40:43.571176+00:00, run_after=2023-08-20T17:40:43.571176+00:00
[2023-08-20T17:40:43.608+0000] {processor.py:179} INFO - Processing /home/airflow/.local/lib/python3.8/site-packages/airflow/example_dags/tutorial.py took 0.118 seconds
[2023-08-20T17:41:13.757+0000] {processor.py:157} INFO - Started process (PID=439) to work on /home/airflow/.local/lib/python3.8/site-packages/airflow/example_dags/tutorial.py
[2023-08-20T17:41:13.758+0000] {processor.py:829} INFO - Processing file /home/airflow/.local/lib/python3.8/site-packages/airflow/example_dags/tutorial.py for tasks to queue
[2023-08-20T17:41:13.761+0000] {logging_mixin.py:151} INFO - [2023-08-20T17:41:13.761+0000] {dagbag.py:539} INFO - Filling up the DagBag from /home/airflow/.local/lib/python3.8/site-packages/airflow/example_dags/tutorial.py
[2023-08-20T17:41:13.770+0000] {processor.py:839} INFO - DAG(s) dict_keys(['tutorial']) retrieved from /home/airflow/.local/lib/python3.8/site-packages/airflow/example_dags/tutorial.py
[2023-08-20T17:41:13.797+0000] {logging_mixin.py:151} INFO - [2023-08-20T17:41:13.797+0000] {dag.py:2907} INFO - Sync 1 DAGs
[2023-08-20T17:41:13.830+0000] {logging_mixin.py:151} INFO - [2023-08-20T17:41:13.829+0000] {dag.py:3677} INFO - Setting next_dagrun for tutorial to 2023-08-19T17:41:13.829642+00:00, run_after=2023-08-20T17:41:13.829642+00:00
[2023-08-20T17:41:13.855+0000] {processor.py:179} INFO - Processing /home/airflow/.local/lib/python3.8/site-packages/airflow/example_dags/tutorial.py took 0.102 seconds
[2023-08-20T17:41:44.541+0000] {processor.py:157} INFO - Started process (PID=494) to work on /home/airflow/.local/lib/python3.8/site-packages/airflow/example_dags/tutorial.py
[2023-08-20T17:41:44.543+0000] {processor.py:829} INFO - Processing file /home/airflow/.local/lib/python3.8/site-packages/airflow/example_dags/tutorial.py for tasks to queue
[2023-08-20T17:41:44.545+0000] {logging_mixin.py:151} INFO - [2023-08-20T17:41:44.545+0000] {dagbag.py:539} INFO - Filling up the DagBag from /home/airflow/.local/lib/python3.8/site-packages/airflow/example_dags/tutorial.py
[2023-08-20T17:41:44.553+0000] {processor.py:839} INFO - DAG(s) dict_keys(['tutorial']) retrieved from /home/airflow/.local/lib/python3.8/site-packages/airflow/example_dags/tutorial.py
[2023-08-20T17:41:44.578+0000] {logging_mixin.py:151} INFO - [2023-08-20T17:41:44.577+0000] {dag.py:2907} INFO - Sync 1 DAGs
[2023-08-20T17:41:44.607+0000] {logging_mixin.py:151} INFO - [2023-08-20T17:41:44.607+0000] {dag.py:3677} INFO - Setting next_dagrun for tutorial to 2023-08-19T17:41:44.607187+00:00, run_after=2023-08-20T17:41:44.607187+00:00
[2023-08-20T17:41:44.631+0000] {processor.py:179} INFO - Processing /home/airflow/.local/lib/python3.8/site-packages/airflow/example_dags/tutorial.py took 0.094 seconds
[2023-08-20T17:42:15.571+0000] {processor.py:157} INFO - Started process (PID=548) to work on /home/airflow/.local/lib/python3.8/site-packages/airflow/example_dags/tutorial.py
[2023-08-20T17:42:15.573+0000] {processor.py:829} INFO - Processing file /home/airflow/.local/lib/python3.8/site-packages/airflow/example_dags/tutorial.py for tasks to queue
[2023-08-20T17:42:15.577+0000] {logging_mixin.py:151} INFO - [2023-08-20T17:42:15.576+0000] {dagbag.py:539} INFO - Filling up the DagBag from /home/airflow/.local/lib/python3.8/site-packages/airflow/example_dags/tutorial.py
[2023-08-20T17:42:15.586+0000] {processor.py:839} INFO - DAG(s) dict_keys(['tutorial']) retrieved from /home/airflow/.local/lib/python3.8/site-packages/airflow/example_dags/tutorial.py
[2023-08-20T17:42:15.613+0000] {logging_mixin.py:151} INFO - [2023-08-20T17:42:15.613+0000] {dag.py:2907} INFO - Sync 1 DAGs
[2023-08-20T17:42:15.648+0000] {logging_mixin.py:151} INFO - [2023-08-20T17:42:15.648+0000] {dag.py:3677} INFO - Setting next_dagrun for tutorial to 2023-08-19T17:42:15.648116+00:00, run_after=2023-08-20T17:42:15.648116+00:00
[2023-08-20T17:42:15.678+0000] {processor.py:179} INFO - Processing /home/airflow/.local/lib/python3.8/site-packages/airflow/example_dags/tutorial.py took 0.112 seconds
[2023-08-20T17:42:45.960+0000] {processor.py:157} INFO - Started process (PID=602) to work on /home/airflow/.local/lib/python3.8/site-packages/airflow/example_dags/tutorial.py
[2023-08-20T17:42:45.962+0000] {processor.py:829} INFO - Processing file /home/airflow/.local/lib/python3.8/site-packages/airflow/example_dags/tutorial.py for tasks to queue
[2023-08-20T17:42:45.965+0000] {logging_mixin.py:151} INFO - [2023-08-20T17:42:45.964+0000] {dagbag.py:539} INFO - Filling up the DagBag from /home/airflow/.local/lib/python3.8/site-packages/airflow/example_dags/tutorial.py
[2023-08-20T17:42:45.972+0000] {processor.py:839} INFO - DAG(s) dict_keys(['tutorial']) retrieved from /home/airflow/.local/lib/python3.8/site-packages/airflow/example_dags/tutorial.py
[2023-08-20T17:42:45.998+0000] {logging_mixin.py:151} INFO - [2023-08-20T17:42:45.998+0000] {dag.py:2907} INFO - Sync 1 DAGs
[2023-08-20T17:42:46.032+0000] {logging_mixin.py:151} INFO - [2023-08-20T17:42:46.032+0000] {dag.py:3677} INFO - Setting next_dagrun for tutorial to 2023-08-19T17:42:46.031941+00:00, run_after=2023-08-20T17:42:46.031941+00:00
[2023-08-20T17:42:46.062+0000] {processor.py:179} INFO - Processing /home/airflow/.local/lib/python3.8/site-packages/airflow/example_dags/tutorial.py took 0.107 seconds
[2023-08-20T17:43:16.399+0000] {processor.py:157} INFO - Started process (PID=656) to work on /home/airflow/.local/lib/python3.8/site-packages/airflow/example_dags/tutorial.py
[2023-08-20T17:43:16.401+0000] {processor.py:829} INFO - Processing file /home/airflow/.local/lib/python3.8/site-packages/airflow/example_dags/tutorial.py for tasks to queue
[2023-08-20T17:43:16.404+0000] {logging_mixin.py:151} INFO - [2023-08-20T17:43:16.404+0000] {dagbag.py:539} INFO - Filling up the DagBag from /home/airflow/.local/lib/python3.8/site-packages/airflow/example_dags/tutorial.py
[2023-08-20T17:43:16.414+0000] {processor.py:839} INFO - DAG(s) dict_keys(['tutorial']) retrieved from /home/airflow/.local/lib/python3.8/site-packages/airflow/example_dags/tutorial.py
[2023-08-20T17:43:16.442+0000] {logging_mixin.py:151} INFO - [2023-08-20T17:43:16.441+0000] {dag.py:2907} INFO - Sync 1 DAGs
[2023-08-20T17:43:16.477+0000] {logging_mixin.py:151} INFO - [2023-08-20T17:43:16.476+0000] {dag.py:3677} INFO - Setting next_dagrun for tutorial to 2023-08-19T17:43:16.476500+00:00, run_after=2023-08-20T17:43:16.476500+00:00
[2023-08-20T17:43:16.510+0000] {processor.py:179} INFO - Processing /home/airflow/.local/lib/python3.8/site-packages/airflow/example_dags/tutorial.py took 0.115 seconds
[2023-08-20T17:43:47.161+0000] {processor.py:157} INFO - Started process (PID=709) to work on /home/airflow/.local/lib/python3.8/site-packages/airflow/example_dags/tutorial.py
[2023-08-20T17:43:47.163+0000] {processor.py:829} INFO - Processing file /home/airflow/.local/lib/python3.8/site-packages/airflow/example_dags/tutorial.py for tasks to queue
[2023-08-20T17:43:47.167+0000] {logging_mixin.py:151} INFO - [2023-08-20T17:43:47.167+0000] {dagbag.py:539} INFO - Filling up the DagBag from /home/airflow/.local/lib/python3.8/site-packages/airflow/example_dags/tutorial.py
[2023-08-20T17:43:47.174+0000] {processor.py:839} INFO - DAG(s) dict_keys(['tutorial']) retrieved from /home/airflow/.local/lib/python3.8/site-packages/airflow/example_dags/tutorial.py
[2023-08-20T17:43:47.208+0000] {logging_mixin.py:151} INFO - [2023-08-20T17:43:47.208+0000] {dag.py:2907} INFO - Sync 1 DAGs
[2023-08-20T17:43:47.238+0000] {logging_mixin.py:151} INFO - [2023-08-20T17:43:47.238+0000] {dag.py:3677} INFO - Setting next_dagrun for tutorial to 2023-08-19T17:43:47.238223+00:00, run_after=2023-08-20T17:43:47.238223+00:00
[2023-08-20T17:43:47.263+0000] {processor.py:179} INFO - Processing /home/airflow/.local/lib/python3.8/site-packages/airflow/example_dags/tutorial.py took 0.107 seconds
[2023-08-20T17:44:17.518+0000] {processor.py:157} INFO - Started process (PID=763) to work on /home/airflow/.local/lib/python3.8/site-packages/airflow/example_dags/tutorial.py
[2023-08-20T17:44:17.519+0000] {processor.py:829} INFO - Processing file /home/airflow/.local/lib/python3.8/site-packages/airflow/example_dags/tutorial.py for tasks to queue
[2023-08-20T17:44:17.523+0000] {logging_mixin.py:151} INFO - [2023-08-20T17:44:17.522+0000] {dagbag.py:539} INFO - Filling up the DagBag from /home/airflow/.local/lib/python3.8/site-packages/airflow/example_dags/tutorial.py
[2023-08-20T17:44:17.531+0000] {processor.py:839} INFO - DAG(s) dict_keys(['tutorial']) retrieved from /home/airflow/.local/lib/python3.8/site-packages/airflow/example_dags/tutorial.py
[2023-08-20T17:44:17.562+0000] {logging_mixin.py:151} INFO - [2023-08-20T17:44:17.561+0000] {dag.py:2907} INFO - Sync 1 DAGs
[2023-08-20T17:44:17.592+0000] {logging_mixin.py:151} INFO - [2023-08-20T17:44:17.592+0000] {dag.py:3677} INFO - Setting next_dagrun for tutorial to 2023-08-19T17:44:17.591564+00:00, run_after=2023-08-20T17:44:17.591564+00:00
[2023-08-20T17:44:17.618+0000] {processor.py:179} INFO - Processing /home/airflow/.local/lib/python3.8/site-packages/airflow/example_dags/tutorial.py took 0.105 seconds
[2023-08-20T17:44:47.893+0000] {processor.py:157} INFO - Started process (PID=817) to work on /home/airflow/.local/lib/python3.8/site-packages/airflow/example_dags/tutorial.py
[2023-08-20T17:44:47.895+0000] {processor.py:829} INFO - Processing file /home/airflow/.local/lib/python3.8/site-packages/airflow/example_dags/tutorial.py for tasks to queue
[2023-08-20T17:44:47.898+0000] {logging_mixin.py:151} INFO - [2023-08-20T17:44:47.898+0000] {dagbag.py:539} INFO - Filling up the DagBag from /home/airflow/.local/lib/python3.8/site-packages/airflow/example_dags/tutorial.py
[2023-08-20T17:44:47.906+0000] {processor.py:839} INFO - DAG(s) dict_keys(['tutorial']) retrieved from /home/airflow/.local/lib/python3.8/site-packages/airflow/example_dags/tutorial.py
[2023-08-20T17:44:47.935+0000] {logging_mixin.py:151} INFO - [2023-08-20T17:44:47.935+0000] {dag.py:2907} INFO - Sync 1 DAGs
[2023-08-20T17:44:47.965+0000] {logging_mixin.py:151} INFO - [2023-08-20T17:44:47.965+0000] {dag.py:3677} INFO - Setting next_dagrun for tutorial to 2023-08-19T17:44:47.964952+00:00, run_after=2023-08-20T17:44:47.964952+00:00
[2023-08-20T17:44:47.990+0000] {processor.py:179} INFO - Processing /home/airflow/.local/lib/python3.8/site-packages/airflow/example_dags/tutorial.py took 0.101 seconds
[2023-08-20T17:45:18.501+0000] {processor.py:157} INFO - Started process (PID=871) to work on /home/airflow/.local/lib/python3.8/site-packages/airflow/example_dags/tutorial.py
[2023-08-20T17:45:18.503+0000] {processor.py:829} INFO - Processing file /home/airflow/.local/lib/python3.8/site-packages/airflow/example_dags/tutorial.py for tasks to queue
[2023-08-20T17:45:18.506+0000] {logging_mixin.py:151} INFO - [2023-08-20T17:45:18.506+0000] {dagbag.py:539} INFO - Filling up the DagBag from /home/airflow/.local/lib/python3.8/site-packages/airflow/example_dags/tutorial.py
[2023-08-20T17:45:18.514+0000] {processor.py:839} INFO - DAG(s) dict_keys(['tutorial']) retrieved from /home/airflow/.local/lib/python3.8/site-packages/airflow/example_dags/tutorial.py
[2023-08-20T17:45:18.543+0000] {logging_mixin.py:151} INFO - [2023-08-20T17:45:18.543+0000] {dag.py:2907} INFO - Sync 1 DAGs
[2023-08-20T17:45:18.575+0000] {logging_mixin.py:151} INFO - [2023-08-20T17:45:18.574+0000] {dag.py:3677} INFO - Setting next_dagrun for tutorial to 2023-08-19T17:45:18.574623+00:00, run_after=2023-08-20T17:45:18.574623+00:00
[2023-08-20T17:45:18.605+0000] {processor.py:179} INFO - Processing /home/airflow/.local/lib/python3.8/site-packages/airflow/example_dags/tutorial.py took 0.108 seconds
[2023-08-20T17:45:48.963+0000] {processor.py:157} INFO - Started process (PID=925) to work on /home/airflow/.local/lib/python3.8/site-packages/airflow/example_dags/tutorial.py
[2023-08-20T17:45:48.964+0000] {processor.py:829} INFO - Processing file /home/airflow/.local/lib/python3.8/site-packages/airflow/example_dags/tutorial.py for tasks to queue
[2023-08-20T17:45:48.968+0000] {logging_mixin.py:151} INFO - [2023-08-20T17:45:48.968+0000] {dagbag.py:539} INFO - Filling up the DagBag from /home/airflow/.local/lib/python3.8/site-packages/airflow/example_dags/tutorial.py
[2023-08-20T17:45:48.975+0000] {processor.py:839} INFO - DAG(s) dict_keys(['tutorial']) retrieved from /home/airflow/.local/lib/python3.8/site-packages/airflow/example_dags/tutorial.py
[2023-08-20T17:45:49.002+0000] {logging_mixin.py:151} INFO - [2023-08-20T17:45:49.001+0000] {dag.py:2907} INFO - Sync 1 DAGs
[2023-08-20T17:45:49.028+0000] {logging_mixin.py:151} INFO - [2023-08-20T17:45:49.028+0000] {dag.py:3677} INFO - Setting next_dagrun for tutorial to 2023-08-19T17:45:49.028180+00:00, run_after=2023-08-20T17:45:49.028180+00:00
[2023-08-20T17:45:49.054+0000] {processor.py:179} INFO - Processing /home/airflow/.local/lib/python3.8/site-packages/airflow/example_dags/tutorial.py took 0.094 seconds
[2023-08-20T17:46:19.321+0000] {processor.py:157} INFO - Started process (PID=979) to work on /home/airflow/.local/lib/python3.8/site-packages/airflow/example_dags/tutorial.py
[2023-08-20T17:46:19.323+0000] {processor.py:829} INFO - Processing file /home/airflow/.local/lib/python3.8/site-packages/airflow/example_dags/tutorial.py for tasks to queue
[2023-08-20T17:46:19.327+0000] {logging_mixin.py:151} INFO - [2023-08-20T17:46:19.327+0000] {dagbag.py:539} INFO - Filling up the DagBag from /home/airflow/.local/lib/python3.8/site-packages/airflow/example_dags/tutorial.py
[2023-08-20T17:46:19.336+0000] {processor.py:839} INFO - DAG(s) dict_keys(['tutorial']) retrieved from /home/airflow/.local/lib/python3.8/site-packages/airflow/example_dags/tutorial.py
[2023-08-20T17:46:19.366+0000] {logging_mixin.py:151} INFO - [2023-08-20T17:46:19.366+0000] {dag.py:2907} INFO - Sync 1 DAGs
[2023-08-20T17:46:19.397+0000] {logging_mixin.py:151} INFO - [2023-08-20T17:46:19.397+0000] {dag.py:3677} INFO - Setting next_dagrun for tutorial to 2023-08-19T17:46:19.396949+00:00, run_after=2023-08-20T17:46:19.396949+00:00
[2023-08-20T17:46:19.424+0000] {processor.py:179} INFO - Processing /home/airflow/.local/lib/python3.8/site-packages/airflow/example_dags/tutorial.py took 0.108 seconds
[2023-08-20T17:46:49.555+0000] {processor.py:157} INFO - Started process (PID=1033) to work on /home/airflow/.local/lib/python3.8/site-packages/airflow/example_dags/tutorial.py
[2023-08-20T17:46:49.557+0000] {processor.py:829} INFO - Processing file /home/airflow/.local/lib/python3.8/site-packages/airflow/example_dags/tutorial.py for tasks to queue
[2023-08-20T17:46:49.560+0000] {logging_mixin.py:151} INFO - [2023-08-20T17:46:49.560+0000] {dagbag.py:539} INFO - Filling up the DagBag from /home/airflow/.local/lib/python3.8/site-packages/airflow/example_dags/tutorial.py
[2023-08-20T17:46:49.568+0000] {processor.py:839} INFO - DAG(s) dict_keys(['tutorial']) retrieved from /home/airflow/.local/lib/python3.8/site-packages/airflow/example_dags/tutorial.py
[2023-08-20T17:46:49.597+0000] {logging_mixin.py:151} INFO - [2023-08-20T17:46:49.597+0000] {dag.py:2907} INFO - Sync 1 DAGs
[2023-08-20T17:46:49.628+0000] {logging_mixin.py:151} INFO - [2023-08-20T17:46:49.628+0000] {dag.py:3677} INFO - Setting next_dagrun for tutorial to 2023-08-19T17:46:49.627877+00:00, run_after=2023-08-20T17:46:49.627877+00:00
[2023-08-20T17:46:49.656+0000] {processor.py:179} INFO - Processing /home/airflow/.local/lib/python3.8/site-packages/airflow/example_dags/tutorial.py took 0.105 seconds
