[2023-08-20 11:40:24,225] {scheduler_job.py:182} INFO - Started process (PID=63) to work on /home/airflow/.local/lib/python3.6/site-packages/airflow/example_dags/tutorial_taskflow_api_etl.py
[2023-08-20 11:40:24,228] {scheduler_job.py:629} INFO - Processing file /home/airflow/.local/lib/python3.6/site-packages/airflow/example_dags/tutorial_taskflow_api_etl.py for tasks to queue
[2023-08-20 11:40:24,232] {logging_mixin.py:104} INFO - [2023-08-20 11:40:24,232] {dagbag.py:451} INFO - Filling up the DagBag from /home/airflow/.local/lib/python3.6/site-packages/airflow/example_dags/tutorial_taskflow_api_etl.py
[2023-08-20 11:40:24,258] {scheduler_job.py:639} INFO - DAG(s) dict_keys(['tutorial_taskflow_api_etl']) retrieved from /home/airflow/.local/lib/python3.6/site-packages/airflow/example_dags/tutorial_taskflow_api_etl.py
[2023-08-20 11:40:24,293] {logging_mixin.py:104} INFO - [2023-08-20 11:40:24,293] {dag.py:1824} INFO - Sync 1 DAGs
[2023-08-20 11:40:24,313] {logging_mixin.py:104} INFO - [2023-08-20 11:40:24,312] {dag.py:1843} INFO - Creating ORM DAG for tutorial_taskflow_api_etl
[2023-08-20 11:40:24,323] {logging_mixin.py:104} INFO - [2023-08-20 11:40:24,323] {dag.py:2280} INFO - Setting next_dagrun for tutorial_taskflow_api_etl to None
[2023-08-20 11:40:24,364] {scheduler_job.py:190} INFO - Processing /home/airflow/.local/lib/python3.6/site-packages/airflow/example_dags/tutorial_taskflow_api_etl.py took 0.146 seconds
[2023-08-20 11:40:54,601] {scheduler_job.py:182} INFO - Started process (PID=88) to work on /home/airflow/.local/lib/python3.6/site-packages/airflow/example_dags/tutorial_taskflow_api_etl.py
[2023-08-20 11:40:54,603] {scheduler_job.py:629} INFO - Processing file /home/airflow/.local/lib/python3.6/site-packages/airflow/example_dags/tutorial_taskflow_api_etl.py for tasks to queue
[2023-08-20 11:40:54,604] {logging_mixin.py:104} INFO - [2023-08-20 11:40:54,604] {dagbag.py:451} INFO - Filling up the DagBag from /home/airflow/.local/lib/python3.6/site-packages/airflow/example_dags/tutorial_taskflow_api_etl.py
[2023-08-20 11:40:54,622] {scheduler_job.py:639} INFO - DAG(s) dict_keys(['tutorial_taskflow_api_etl']) retrieved from /home/airflow/.local/lib/python3.6/site-packages/airflow/example_dags/tutorial_taskflow_api_etl.py
[2023-08-20 11:40:54,650] {logging_mixin.py:104} INFO - [2023-08-20 11:40:54,650] {dag.py:1824} INFO - Sync 1 DAGs
[2023-08-20 11:40:54,670] {logging_mixin.py:104} INFO - [2023-08-20 11:40:54,670] {dag.py:2280} INFO - Setting next_dagrun for tutorial_taskflow_api_etl to None
[2023-08-20 11:40:54,684] {scheduler_job.py:190} INFO - Processing /home/airflow/.local/lib/python3.6/site-packages/airflow/example_dags/tutorial_taskflow_api_etl.py took 0.087 seconds
[2023-08-20 11:41:25,647] {scheduler_job.py:182} INFO - Started process (PID=112) to work on /home/airflow/.local/lib/python3.6/site-packages/airflow/example_dags/tutorial_taskflow_api_etl.py
[2023-08-20 11:41:25,649] {scheduler_job.py:629} INFO - Processing file /home/airflow/.local/lib/python3.6/site-packages/airflow/example_dags/tutorial_taskflow_api_etl.py for tasks to queue
[2023-08-20 11:41:25,651] {logging_mixin.py:104} INFO - [2023-08-20 11:41:25,651] {dagbag.py:451} INFO - Filling up the DagBag from /home/airflow/.local/lib/python3.6/site-packages/airflow/example_dags/tutorial_taskflow_api_etl.py
[2023-08-20 11:41:25,665] {scheduler_job.py:639} INFO - DAG(s) dict_keys(['tutorial_taskflow_api_etl']) retrieved from /home/airflow/.local/lib/python3.6/site-packages/airflow/example_dags/tutorial_taskflow_api_etl.py
[2023-08-20 11:41:25,690] {logging_mixin.py:104} INFO - [2023-08-20 11:41:25,690] {dag.py:1824} INFO - Sync 1 DAGs
[2023-08-20 11:41:25,708] {logging_mixin.py:104} INFO - [2023-08-20 11:41:25,708] {dag.py:2280} INFO - Setting next_dagrun for tutorial_taskflow_api_etl to None
[2023-08-20 11:41:25,724] {scheduler_job.py:190} INFO - Processing /home/airflow/.local/lib/python3.6/site-packages/airflow/example_dags/tutorial_taskflow_api_etl.py took 0.081 seconds
[2023-08-20 11:41:55,872] {scheduler_job.py:182} INFO - Started process (PID=138) to work on /home/airflow/.local/lib/python3.6/site-packages/airflow/example_dags/tutorial_taskflow_api_etl.py
[2023-08-20 11:41:55,877] {scheduler_job.py:629} INFO - Processing file /home/airflow/.local/lib/python3.6/site-packages/airflow/example_dags/tutorial_taskflow_api_etl.py for tasks to queue
[2023-08-20 11:41:55,881] {logging_mixin.py:104} INFO - [2023-08-20 11:41:55,880] {dagbag.py:451} INFO - Filling up the DagBag from /home/airflow/.local/lib/python3.6/site-packages/airflow/example_dags/tutorial_taskflow_api_etl.py
[2023-08-20 11:41:55,900] {scheduler_job.py:639} INFO - DAG(s) dict_keys(['tutorial_taskflow_api_etl']) retrieved from /home/airflow/.local/lib/python3.6/site-packages/airflow/example_dags/tutorial_taskflow_api_etl.py
[2023-08-20 11:41:55,935] {logging_mixin.py:104} INFO - [2023-08-20 11:41:55,935] {dag.py:1824} INFO - Sync 1 DAGs
[2023-08-20 11:41:55,959] {logging_mixin.py:104} INFO - [2023-08-20 11:41:55,959] {dag.py:2280} INFO - Setting next_dagrun for tutorial_taskflow_api_etl to None
[2023-08-20 11:41:55,973] {scheduler_job.py:190} INFO - Processing /home/airflow/.local/lib/python3.6/site-packages/airflow/example_dags/tutorial_taskflow_api_etl.py took 0.105 seconds
[2023-08-20 11:42:26,021] {scheduler_job.py:182} INFO - Started process (PID=162) to work on /home/airflow/.local/lib/python3.6/site-packages/airflow/example_dags/tutorial_taskflow_api_etl.py
[2023-08-20 11:42:26,031] {scheduler_job.py:629} INFO - Processing file /home/airflow/.local/lib/python3.6/site-packages/airflow/example_dags/tutorial_taskflow_api_etl.py for tasks to queue
[2023-08-20 11:42:26,034] {logging_mixin.py:104} INFO - [2023-08-20 11:42:26,034] {dagbag.py:451} INFO - Filling up the DagBag from /home/airflow/.local/lib/python3.6/site-packages/airflow/example_dags/tutorial_taskflow_api_etl.py
[2023-08-20 11:42:26,057] {scheduler_job.py:639} INFO - DAG(s) dict_keys(['tutorial_taskflow_api_etl']) retrieved from /home/airflow/.local/lib/python3.6/site-packages/airflow/example_dags/tutorial_taskflow_api_etl.py
[2023-08-20 11:42:26,101] {logging_mixin.py:104} INFO - [2023-08-20 11:42:26,101] {dag.py:1824} INFO - Sync 1 DAGs
[2023-08-20 11:42:26,129] {logging_mixin.py:104} INFO - [2023-08-20 11:42:26,129] {dag.py:2280} INFO - Setting next_dagrun for tutorial_taskflow_api_etl to None
[2023-08-20 11:42:26,147] {scheduler_job.py:190} INFO - Processing /home/airflow/.local/lib/python3.6/site-packages/airflow/example_dags/tutorial_taskflow_api_etl.py took 0.130 seconds
[2023-08-20 11:42:56,628] {scheduler_job.py:182} INFO - Started process (PID=188) to work on /home/airflow/.local/lib/python3.6/site-packages/airflow/example_dags/tutorial_taskflow_api_etl.py
[2023-08-20 11:42:56,631] {scheduler_job.py:629} INFO - Processing file /home/airflow/.local/lib/python3.6/site-packages/airflow/example_dags/tutorial_taskflow_api_etl.py for tasks to queue
[2023-08-20 11:42:56,633] {logging_mixin.py:104} INFO - [2023-08-20 11:42:56,632] {dagbag.py:451} INFO - Filling up the DagBag from /home/airflow/.local/lib/python3.6/site-packages/airflow/example_dags/tutorial_taskflow_api_etl.py
[2023-08-20 11:42:56,647] {scheduler_job.py:639} INFO - DAG(s) dict_keys(['tutorial_taskflow_api_etl']) retrieved from /home/airflow/.local/lib/python3.6/site-packages/airflow/example_dags/tutorial_taskflow_api_etl.py
[2023-08-20 11:42:56,681] {logging_mixin.py:104} INFO - [2023-08-20 11:42:56,681] {dag.py:1824} INFO - Sync 1 DAGs
[2023-08-20 11:42:56,698] {logging_mixin.py:104} INFO - [2023-08-20 11:42:56,698] {dag.py:2280} INFO - Setting next_dagrun for tutorial_taskflow_api_etl to None
[2023-08-20 11:42:56,718] {scheduler_job.py:190} INFO - Processing /home/airflow/.local/lib/python3.6/site-packages/airflow/example_dags/tutorial_taskflow_api_etl.py took 0.093 seconds
[2023-08-20 11:43:26,797] {scheduler_job.py:182} INFO - Started process (PID=214) to work on /home/airflow/.local/lib/python3.6/site-packages/airflow/example_dags/tutorial_taskflow_api_etl.py
[2023-08-20 11:43:26,800] {scheduler_job.py:629} INFO - Processing file /home/airflow/.local/lib/python3.6/site-packages/airflow/example_dags/tutorial_taskflow_api_etl.py for tasks to queue
[2023-08-20 11:43:26,803] {logging_mixin.py:104} INFO - [2023-08-20 11:43:26,802] {dagbag.py:451} INFO - Filling up the DagBag from /home/airflow/.local/lib/python3.6/site-packages/airflow/example_dags/tutorial_taskflow_api_etl.py
[2023-08-20 11:43:26,822] {scheduler_job.py:639} INFO - DAG(s) dict_keys(['tutorial_taskflow_api_etl']) retrieved from /home/airflow/.local/lib/python3.6/site-packages/airflow/example_dags/tutorial_taskflow_api_etl.py
[2023-08-20 11:43:26,862] {logging_mixin.py:104} INFO - [2023-08-20 11:43:26,862] {dag.py:1824} INFO - Sync 1 DAGs
[2023-08-20 11:43:26,892] {logging_mixin.py:104} INFO - [2023-08-20 11:43:26,892] {dag.py:2280} INFO - Setting next_dagrun for tutorial_taskflow_api_etl to None
[2023-08-20 11:43:26,932] {scheduler_job.py:190} INFO - Processing /home/airflow/.local/lib/python3.6/site-packages/airflow/example_dags/tutorial_taskflow_api_etl.py took 0.139 seconds
[2023-08-20 11:43:57,897] {scheduler_job.py:182} INFO - Started process (PID=240) to work on /home/airflow/.local/lib/python3.6/site-packages/airflow/example_dags/tutorial_taskflow_api_etl.py
[2023-08-20 11:43:57,899] {scheduler_job.py:629} INFO - Processing file /home/airflow/.local/lib/python3.6/site-packages/airflow/example_dags/tutorial_taskflow_api_etl.py for tasks to queue
[2023-08-20 11:43:57,901] {logging_mixin.py:104} INFO - [2023-08-20 11:43:57,901] {dagbag.py:451} INFO - Filling up the DagBag from /home/airflow/.local/lib/python3.6/site-packages/airflow/example_dags/tutorial_taskflow_api_etl.py
[2023-08-20 11:43:57,920] {scheduler_job.py:639} INFO - DAG(s) dict_keys(['tutorial_taskflow_api_etl']) retrieved from /home/airflow/.local/lib/python3.6/site-packages/airflow/example_dags/tutorial_taskflow_api_etl.py
[2023-08-20 11:43:57,951] {logging_mixin.py:104} INFO - [2023-08-20 11:43:57,951] {dag.py:1824} INFO - Sync 1 DAGs
[2023-08-20 11:43:57,970] {logging_mixin.py:104} INFO - [2023-08-20 11:43:57,970] {dag.py:2280} INFO - Setting next_dagrun for tutorial_taskflow_api_etl to None
[2023-08-20 11:43:57,989] {scheduler_job.py:190} INFO - Processing /home/airflow/.local/lib/python3.6/site-packages/airflow/example_dags/tutorial_taskflow_api_etl.py took 0.097 seconds
[2023-08-20 11:44:28,196] {scheduler_job.py:182} INFO - Started process (PID=262) to work on /home/airflow/.local/lib/python3.6/site-packages/airflow/example_dags/tutorial_taskflow_api_etl.py
[2023-08-20 11:44:28,198] {scheduler_job.py:629} INFO - Processing file /home/airflow/.local/lib/python3.6/site-packages/airflow/example_dags/tutorial_taskflow_api_etl.py for tasks to queue
[2023-08-20 11:44:28,199] {logging_mixin.py:104} INFO - [2023-08-20 11:44:28,199] {dagbag.py:451} INFO - Filling up the DagBag from /home/airflow/.local/lib/python3.6/site-packages/airflow/example_dags/tutorial_taskflow_api_etl.py
[2023-08-20 11:44:28,214] {scheduler_job.py:639} INFO - DAG(s) dict_keys(['tutorial_taskflow_api_etl']) retrieved from /home/airflow/.local/lib/python3.6/site-packages/airflow/example_dags/tutorial_taskflow_api_etl.py
[2023-08-20 11:44:28,245] {logging_mixin.py:104} INFO - [2023-08-20 11:44:28,245] {dag.py:1824} INFO - Sync 1 DAGs
[2023-08-20 11:44:28,262] {logging_mixin.py:104} INFO - [2023-08-20 11:44:28,261] {dag.py:2280} INFO - Setting next_dagrun for tutorial_taskflow_api_etl to None
[2023-08-20 11:44:28,280] {scheduler_job.py:190} INFO - Processing /home/airflow/.local/lib/python3.6/site-packages/airflow/example_dags/tutorial_taskflow_api_etl.py took 0.087 seconds
[2023-08-20 11:44:58,991] {scheduler_job.py:182} INFO - Started process (PID=289) to work on /home/airflow/.local/lib/python3.6/site-packages/airflow/example_dags/tutorial_taskflow_api_etl.py
[2023-08-20 11:44:58,993] {scheduler_job.py:629} INFO - Processing file /home/airflow/.local/lib/python3.6/site-packages/airflow/example_dags/tutorial_taskflow_api_etl.py for tasks to queue
[2023-08-20 11:44:58,994] {logging_mixin.py:104} INFO - [2023-08-20 11:44:58,994] {dagbag.py:451} INFO - Filling up the DagBag from /home/airflow/.local/lib/python3.6/site-packages/airflow/example_dags/tutorial_taskflow_api_etl.py
[2023-08-20 11:44:59,014] {scheduler_job.py:639} INFO - DAG(s) dict_keys(['tutorial_taskflow_api_etl']) retrieved from /home/airflow/.local/lib/python3.6/site-packages/airflow/example_dags/tutorial_taskflow_api_etl.py
[2023-08-20 11:44:59,040] {logging_mixin.py:104} INFO - [2023-08-20 11:44:59,040] {dag.py:1824} INFO - Sync 1 DAGs
[2023-08-20 11:44:59,056] {logging_mixin.py:104} INFO - [2023-08-20 11:44:59,056] {dag.py:2280} INFO - Setting next_dagrun for tutorial_taskflow_api_etl to None
[2023-08-20 11:44:59,071] {scheduler_job.py:190} INFO - Processing /home/airflow/.local/lib/python3.6/site-packages/airflow/example_dags/tutorial_taskflow_api_etl.py took 0.085 seconds
[2023-08-20 11:45:29,808] {scheduler_job.py:182} INFO - Started process (PID=315) to work on /home/airflow/.local/lib/python3.6/site-packages/airflow/example_dags/tutorial_taskflow_api_etl.py
[2023-08-20 11:45:29,812] {scheduler_job.py:629} INFO - Processing file /home/airflow/.local/lib/python3.6/site-packages/airflow/example_dags/tutorial_taskflow_api_etl.py for tasks to queue
[2023-08-20 11:45:29,814] {logging_mixin.py:104} INFO - [2023-08-20 11:45:29,814] {dagbag.py:451} INFO - Filling up the DagBag from /home/airflow/.local/lib/python3.6/site-packages/airflow/example_dags/tutorial_taskflow_api_etl.py
[2023-08-20 11:45:29,844] {scheduler_job.py:639} INFO - DAG(s) dict_keys(['tutorial_taskflow_api_etl']) retrieved from /home/airflow/.local/lib/python3.6/site-packages/airflow/example_dags/tutorial_taskflow_api_etl.py
[2023-08-20 11:45:29,884] {logging_mixin.py:104} INFO - [2023-08-20 11:45:29,883] {dag.py:1824} INFO - Sync 1 DAGs
[2023-08-20 11:45:29,905] {logging_mixin.py:104} INFO - [2023-08-20 11:45:29,905] {dag.py:2280} INFO - Setting next_dagrun for tutorial_taskflow_api_etl to None
[2023-08-20 11:45:29,929] {scheduler_job.py:190} INFO - Processing /home/airflow/.local/lib/python3.6/site-packages/airflow/example_dags/tutorial_taskflow_api_etl.py took 0.126 seconds
[2023-08-20 11:46:00,055] {scheduler_job.py:182} INFO - Started process (PID=340) to work on /home/airflow/.local/lib/python3.6/site-packages/airflow/example_dags/tutorial_taskflow_api_etl.py
[2023-08-20 11:46:00,056] {scheduler_job.py:629} INFO - Processing file /home/airflow/.local/lib/python3.6/site-packages/airflow/example_dags/tutorial_taskflow_api_etl.py for tasks to queue
[2023-08-20 11:46:00,058] {logging_mixin.py:104} INFO - [2023-08-20 11:46:00,057] {dagbag.py:451} INFO - Filling up the DagBag from /home/airflow/.local/lib/python3.6/site-packages/airflow/example_dags/tutorial_taskflow_api_etl.py
[2023-08-20 11:46:00,076] {scheduler_job.py:639} INFO - DAG(s) dict_keys(['tutorial_taskflow_api_etl']) retrieved from /home/airflow/.local/lib/python3.6/site-packages/airflow/example_dags/tutorial_taskflow_api_etl.py
[2023-08-20 11:46:00,101] {logging_mixin.py:104} INFO - [2023-08-20 11:46:00,101] {dag.py:1824} INFO - Sync 1 DAGs
[2023-08-20 11:46:00,117] {logging_mixin.py:104} INFO - [2023-08-20 11:46:00,117] {dag.py:2280} INFO - Setting next_dagrun for tutorial_taskflow_api_etl to None
[2023-08-20 11:46:00,136] {scheduler_job.py:190} INFO - Processing /home/airflow/.local/lib/python3.6/site-packages/airflow/example_dags/tutorial_taskflow_api_etl.py took 0.086 seconds
[2023-08-20 11:46:31,050] {scheduler_job.py:182} INFO - Started process (PID=367) to work on /home/airflow/.local/lib/python3.6/site-packages/airflow/example_dags/tutorial_taskflow_api_etl.py
[2023-08-20 11:46:31,052] {scheduler_job.py:629} INFO - Processing file /home/airflow/.local/lib/python3.6/site-packages/airflow/example_dags/tutorial_taskflow_api_etl.py for tasks to queue
[2023-08-20 11:46:31,054] {logging_mixin.py:104} INFO - [2023-08-20 11:46:31,053] {dagbag.py:451} INFO - Filling up the DagBag from /home/airflow/.local/lib/python3.6/site-packages/airflow/example_dags/tutorial_taskflow_api_etl.py
[2023-08-20 11:46:31,072] {scheduler_job.py:639} INFO - DAG(s) dict_keys(['tutorial_taskflow_api_etl']) retrieved from /home/airflow/.local/lib/python3.6/site-packages/airflow/example_dags/tutorial_taskflow_api_etl.py
[2023-08-20 11:46:31,106] {logging_mixin.py:104} INFO - [2023-08-20 11:46:31,106] {dag.py:1824} INFO - Sync 1 DAGs
[2023-08-20 11:46:31,123] {logging_mixin.py:104} INFO - [2023-08-20 11:46:31,123] {dag.py:2280} INFO - Setting next_dagrun for tutorial_taskflow_api_etl to None
[2023-08-20 11:46:31,140] {scheduler_job.py:190} INFO - Processing /home/airflow/.local/lib/python3.6/site-packages/airflow/example_dags/tutorial_taskflow_api_etl.py took 0.094 seconds
[2023-08-20 11:47:01,952] {scheduler_job.py:182} INFO - Started process (PID=392) to work on /home/airflow/.local/lib/python3.6/site-packages/airflow/example_dags/tutorial_taskflow_api_etl.py
[2023-08-20 11:47:01,955] {scheduler_job.py:629} INFO - Processing file /home/airflow/.local/lib/python3.6/site-packages/airflow/example_dags/tutorial_taskflow_api_etl.py for tasks to queue
[2023-08-20 11:47:01,957] {logging_mixin.py:104} INFO - [2023-08-20 11:47:01,956] {dagbag.py:451} INFO - Filling up the DagBag from /home/airflow/.local/lib/python3.6/site-packages/airflow/example_dags/tutorial_taskflow_api_etl.py
[2023-08-20 11:47:01,976] {scheduler_job.py:639} INFO - DAG(s) dict_keys(['tutorial_taskflow_api_etl']) retrieved from /home/airflow/.local/lib/python3.6/site-packages/airflow/example_dags/tutorial_taskflow_api_etl.py
[2023-08-20 11:47:02,004] {logging_mixin.py:104} INFO - [2023-08-20 11:47:02,004] {dag.py:1824} INFO - Sync 1 DAGs
[2023-08-20 11:47:02,023] {logging_mixin.py:104} INFO - [2023-08-20 11:47:02,022] {dag.py:2280} INFO - Setting next_dagrun for tutorial_taskflow_api_etl to None
[2023-08-20 11:47:02,041] {scheduler_job.py:190} INFO - Processing /home/airflow/.local/lib/python3.6/site-packages/airflow/example_dags/tutorial_taskflow_api_etl.py took 0.093 seconds
[2023-08-20 11:47:32,882] {scheduler_job.py:182} INFO - Started process (PID=420) to work on /home/airflow/.local/lib/python3.6/site-packages/airflow/example_dags/tutorial_taskflow_api_etl.py
[2023-08-20 11:47:32,891] {scheduler_job.py:629} INFO - Processing file /home/airflow/.local/lib/python3.6/site-packages/airflow/example_dags/tutorial_taskflow_api_etl.py for tasks to queue
[2023-08-20 11:47:32,892] {logging_mixin.py:104} INFO - [2023-08-20 11:47:32,892] {dagbag.py:451} INFO - Filling up the DagBag from /home/airflow/.local/lib/python3.6/site-packages/airflow/example_dags/tutorial_taskflow_api_etl.py
[2023-08-20 11:47:32,908] {scheduler_job.py:639} INFO - DAG(s) dict_keys(['tutorial_taskflow_api_etl']) retrieved from /home/airflow/.local/lib/python3.6/site-packages/airflow/example_dags/tutorial_taskflow_api_etl.py
[2023-08-20 11:47:32,942] {logging_mixin.py:104} INFO - [2023-08-20 11:47:32,942] {dag.py:1824} INFO - Sync 1 DAGs
[2023-08-20 11:47:32,964] {logging_mixin.py:104} INFO - [2023-08-20 11:47:32,964] {dag.py:2280} INFO - Setting next_dagrun for tutorial_taskflow_api_etl to None
[2023-08-20 11:47:32,985] {scheduler_job.py:190} INFO - Processing /home/airflow/.local/lib/python3.6/site-packages/airflow/example_dags/tutorial_taskflow_api_etl.py took 0.108 seconds
[2023-08-20 11:48:03,104] {scheduler_job.py:182} INFO - Started process (PID=446) to work on /home/airflow/.local/lib/python3.6/site-packages/airflow/example_dags/tutorial_taskflow_api_etl.py
[2023-08-20 11:48:03,107] {scheduler_job.py:629} INFO - Processing file /home/airflow/.local/lib/python3.6/site-packages/airflow/example_dags/tutorial_taskflow_api_etl.py for tasks to queue
[2023-08-20 11:48:03,108] {logging_mixin.py:104} INFO - [2023-08-20 11:48:03,108] {dagbag.py:451} INFO - Filling up the DagBag from /home/airflow/.local/lib/python3.6/site-packages/airflow/example_dags/tutorial_taskflow_api_etl.py
[2023-08-20 11:48:03,122] {scheduler_job.py:639} INFO - DAG(s) dict_keys(['tutorial_taskflow_api_etl']) retrieved from /home/airflow/.local/lib/python3.6/site-packages/airflow/example_dags/tutorial_taskflow_api_etl.py
[2023-08-20 11:48:03,155] {logging_mixin.py:104} INFO - [2023-08-20 11:48:03,154] {dag.py:1824} INFO - Sync 1 DAGs
[2023-08-20 11:48:03,175] {logging_mixin.py:104} INFO - [2023-08-20 11:48:03,175] {dag.py:2280} INFO - Setting next_dagrun for tutorial_taskflow_api_etl to None
[2023-08-20 11:48:03,196] {scheduler_job.py:190} INFO - Processing /home/airflow/.local/lib/python3.6/site-packages/airflow/example_dags/tutorial_taskflow_api_etl.py took 0.095 seconds
[2023-08-20 11:48:33,468] {scheduler_job.py:182} INFO - Started process (PID=472) to work on /home/airflow/.local/lib/python3.6/site-packages/airflow/example_dags/tutorial_taskflow_api_etl.py
[2023-08-20 11:48:33,470] {scheduler_job.py:629} INFO - Processing file /home/airflow/.local/lib/python3.6/site-packages/airflow/example_dags/tutorial_taskflow_api_etl.py for tasks to queue
[2023-08-20 11:48:33,471] {logging_mixin.py:104} INFO - [2023-08-20 11:48:33,471] {dagbag.py:451} INFO - Filling up the DagBag from /home/airflow/.local/lib/python3.6/site-packages/airflow/example_dags/tutorial_taskflow_api_etl.py
[2023-08-20 11:48:33,490] {scheduler_job.py:639} INFO - DAG(s) dict_keys(['tutorial_taskflow_api_etl']) retrieved from /home/airflow/.local/lib/python3.6/site-packages/airflow/example_dags/tutorial_taskflow_api_etl.py
[2023-08-20 11:48:33,518] {logging_mixin.py:104} INFO - [2023-08-20 11:48:33,518] {dag.py:1824} INFO - Sync 1 DAGs
[2023-08-20 11:48:33,535] {logging_mixin.py:104} INFO - [2023-08-20 11:48:33,535] {dag.py:2280} INFO - Setting next_dagrun for tutorial_taskflow_api_etl to None
[2023-08-20 11:48:33,554] {scheduler_job.py:190} INFO - Processing /home/airflow/.local/lib/python3.6/site-packages/airflow/example_dags/tutorial_taskflow_api_etl.py took 0.090 seconds
[2023-08-20 11:49:04,520] {scheduler_job.py:182} INFO - Started process (PID=498) to work on /home/airflow/.local/lib/python3.6/site-packages/airflow/example_dags/tutorial_taskflow_api_etl.py
[2023-08-20 11:49:04,523] {scheduler_job.py:629} INFO - Processing file /home/airflow/.local/lib/python3.6/site-packages/airflow/example_dags/tutorial_taskflow_api_etl.py for tasks to queue
[2023-08-20 11:49:04,526] {logging_mixin.py:104} INFO - [2023-08-20 11:49:04,526] {dagbag.py:451} INFO - Filling up the DagBag from /home/airflow/.local/lib/python3.6/site-packages/airflow/example_dags/tutorial_taskflow_api_etl.py
[2023-08-20 11:49:04,547] {scheduler_job.py:639} INFO - DAG(s) dict_keys(['tutorial_taskflow_api_etl']) retrieved from /home/airflow/.local/lib/python3.6/site-packages/airflow/example_dags/tutorial_taskflow_api_etl.py
[2023-08-20 11:49:04,575] {logging_mixin.py:104} INFO - [2023-08-20 11:49:04,574] {dag.py:1824} INFO - Sync 1 DAGs
[2023-08-20 11:49:04,594] {logging_mixin.py:104} INFO - [2023-08-20 11:49:04,594] {dag.py:2280} INFO - Setting next_dagrun for tutorial_taskflow_api_etl to None
[2023-08-20 11:49:04,612] {scheduler_job.py:190} INFO - Processing /home/airflow/.local/lib/python3.6/site-packages/airflow/example_dags/tutorial_taskflow_api_etl.py took 0.098 seconds
[2023-08-20 11:49:35,173] {scheduler_job.py:182} INFO - Started process (PID=526) to work on /home/airflow/.local/lib/python3.6/site-packages/airflow/example_dags/tutorial_taskflow_api_etl.py
[2023-08-20 11:49:35,174] {scheduler_job.py:629} INFO - Processing file /home/airflow/.local/lib/python3.6/site-packages/airflow/example_dags/tutorial_taskflow_api_etl.py for tasks to queue
[2023-08-20 11:49:35,176] {logging_mixin.py:104} INFO - [2023-08-20 11:49:35,175] {dagbag.py:451} INFO - Filling up the DagBag from /home/airflow/.local/lib/python3.6/site-packages/airflow/example_dags/tutorial_taskflow_api_etl.py
[2023-08-20 11:49:35,190] {scheduler_job.py:639} INFO - DAG(s) dict_keys(['tutorial_taskflow_api_etl']) retrieved from /home/airflow/.local/lib/python3.6/site-packages/airflow/example_dags/tutorial_taskflow_api_etl.py
[2023-08-20 11:49:35,217] {logging_mixin.py:104} INFO - [2023-08-20 11:49:35,217] {dag.py:1824} INFO - Sync 1 DAGs
[2023-08-20 11:49:35,233] {logging_mixin.py:104} INFO - [2023-08-20 11:49:35,233] {dag.py:2280} INFO - Setting next_dagrun for tutorial_taskflow_api_etl to None
[2023-08-20 11:49:35,249] {scheduler_job.py:190} INFO - Processing /home/airflow/.local/lib/python3.6/site-packages/airflow/example_dags/tutorial_taskflow_api_etl.py took 0.080 seconds
[2023-08-20 11:50:05,453] {scheduler_job.py:182} INFO - Started process (PID=548) to work on /home/airflow/.local/lib/python3.6/site-packages/airflow/example_dags/tutorial_taskflow_api_etl.py
[2023-08-20 11:50:05,455] {scheduler_job.py:629} INFO - Processing file /home/airflow/.local/lib/python3.6/site-packages/airflow/example_dags/tutorial_taskflow_api_etl.py for tasks to queue
[2023-08-20 11:50:05,457] {logging_mixin.py:104} INFO - [2023-08-20 11:50:05,457] {dagbag.py:451} INFO - Filling up the DagBag from /home/airflow/.local/lib/python3.6/site-packages/airflow/example_dags/tutorial_taskflow_api_etl.py
[2023-08-20 11:50:05,475] {scheduler_job.py:639} INFO - DAG(s) dict_keys(['tutorial_taskflow_api_etl']) retrieved from /home/airflow/.local/lib/python3.6/site-packages/airflow/example_dags/tutorial_taskflow_api_etl.py
[2023-08-20 11:50:05,501] {logging_mixin.py:104} INFO - [2023-08-20 11:50:05,501] {dag.py:1824} INFO - Sync 1 DAGs
[2023-08-20 11:50:05,519] {logging_mixin.py:104} INFO - [2023-08-20 11:50:05,519] {dag.py:2280} INFO - Setting next_dagrun for tutorial_taskflow_api_etl to None
[2023-08-20 11:50:05,535] {scheduler_job.py:190} INFO - Processing /home/airflow/.local/lib/python3.6/site-packages/airflow/example_dags/tutorial_taskflow_api_etl.py took 0.086 seconds
[2023-08-20 11:50:36,182] {scheduler_job.py:182} INFO - Started process (PID=575) to work on /home/airflow/.local/lib/python3.6/site-packages/airflow/example_dags/tutorial_taskflow_api_etl.py
[2023-08-20 11:50:36,183] {scheduler_job.py:629} INFO - Processing file /home/airflow/.local/lib/python3.6/site-packages/airflow/example_dags/tutorial_taskflow_api_etl.py for tasks to queue
[2023-08-20 11:50:36,188] {logging_mixin.py:104} INFO - [2023-08-20 11:50:36,187] {dagbag.py:451} INFO - Filling up the DagBag from /home/airflow/.local/lib/python3.6/site-packages/airflow/example_dags/tutorial_taskflow_api_etl.py
[2023-08-20 11:50:36,203] {scheduler_job.py:639} INFO - DAG(s) dict_keys(['tutorial_taskflow_api_etl']) retrieved from /home/airflow/.local/lib/python3.6/site-packages/airflow/example_dags/tutorial_taskflow_api_etl.py
[2023-08-20 11:50:36,229] {logging_mixin.py:104} INFO - [2023-08-20 11:50:36,229] {dag.py:1824} INFO - Sync 1 DAGs
[2023-08-20 11:50:36,251] {logging_mixin.py:104} INFO - [2023-08-20 11:50:36,251] {dag.py:2280} INFO - Setting next_dagrun for tutorial_taskflow_api_etl to None
[2023-08-20 11:50:36,268] {scheduler_job.py:190} INFO - Processing /home/airflow/.local/lib/python3.6/site-packages/airflow/example_dags/tutorial_taskflow_api_etl.py took 0.090 seconds
[2023-08-20 11:51:06,658] {scheduler_job.py:182} INFO - Started process (PID=599) to work on /home/airflow/.local/lib/python3.6/site-packages/airflow/example_dags/tutorial_taskflow_api_etl.py
[2023-08-20 11:51:06,660] {scheduler_job.py:629} INFO - Processing file /home/airflow/.local/lib/python3.6/site-packages/airflow/example_dags/tutorial_taskflow_api_etl.py for tasks to queue
[2023-08-20 11:51:06,661] {logging_mixin.py:104} INFO - [2023-08-20 11:51:06,661] {dagbag.py:451} INFO - Filling up the DagBag from /home/airflow/.local/lib/python3.6/site-packages/airflow/example_dags/tutorial_taskflow_api_etl.py
[2023-08-20 11:51:06,677] {scheduler_job.py:639} INFO - DAG(s) dict_keys(['tutorial_taskflow_api_etl']) retrieved from /home/airflow/.local/lib/python3.6/site-packages/airflow/example_dags/tutorial_taskflow_api_etl.py
[2023-08-20 11:51:06,704] {logging_mixin.py:104} INFO - [2023-08-20 11:51:06,704] {dag.py:1824} INFO - Sync 1 DAGs
[2023-08-20 11:51:06,722] {logging_mixin.py:104} INFO - [2023-08-20 11:51:06,721] {dag.py:2280} INFO - Setting next_dagrun for tutorial_taskflow_api_etl to None
[2023-08-20 11:51:06,736] {scheduler_job.py:190} INFO - Processing /home/airflow/.local/lib/python3.6/site-packages/airflow/example_dags/tutorial_taskflow_api_etl.py took 0.081 seconds
[2023-08-20 11:51:37,398] {scheduler_job.py:182} INFO - Started process (PID=624) to work on /home/airflow/.local/lib/python3.6/site-packages/airflow/example_dags/tutorial_taskflow_api_etl.py
[2023-08-20 11:51:37,401] {scheduler_job.py:629} INFO - Processing file /home/airflow/.local/lib/python3.6/site-packages/airflow/example_dags/tutorial_taskflow_api_etl.py for tasks to queue
[2023-08-20 11:51:37,403] {logging_mixin.py:104} INFO - [2023-08-20 11:51:37,403] {dagbag.py:451} INFO - Filling up the DagBag from /home/airflow/.local/lib/python3.6/site-packages/airflow/example_dags/tutorial_taskflow_api_etl.py
[2023-08-20 11:51:37,420] {scheduler_job.py:639} INFO - DAG(s) dict_keys(['tutorial_taskflow_api_etl']) retrieved from /home/airflow/.local/lib/python3.6/site-packages/airflow/example_dags/tutorial_taskflow_api_etl.py
[2023-08-20 11:51:37,450] {logging_mixin.py:104} INFO - [2023-08-20 11:51:37,450] {dag.py:1824} INFO - Sync 1 DAGs
[2023-08-20 11:51:37,468] {logging_mixin.py:104} INFO - [2023-08-20 11:51:37,468] {dag.py:2280} INFO - Setting next_dagrun for tutorial_taskflow_api_etl to None
[2023-08-20 11:51:37,486] {scheduler_job.py:190} INFO - Processing /home/airflow/.local/lib/python3.6/site-packages/airflow/example_dags/tutorial_taskflow_api_etl.py took 0.091 seconds
[2023-08-20 11:52:08,342] {scheduler_job.py:182} INFO - Started process (PID=651) to work on /home/airflow/.local/lib/python3.6/site-packages/airflow/example_dags/tutorial_taskflow_api_etl.py
[2023-08-20 11:52:08,344] {scheduler_job.py:629} INFO - Processing file /home/airflow/.local/lib/python3.6/site-packages/airflow/example_dags/tutorial_taskflow_api_etl.py for tasks to queue
[2023-08-20 11:52:08,345] {logging_mixin.py:104} INFO - [2023-08-20 11:52:08,345] {dagbag.py:451} INFO - Filling up the DagBag from /home/airflow/.local/lib/python3.6/site-packages/airflow/example_dags/tutorial_taskflow_api_etl.py
[2023-08-20 11:52:08,361] {scheduler_job.py:639} INFO - DAG(s) dict_keys(['tutorial_taskflow_api_etl']) retrieved from /home/airflow/.local/lib/python3.6/site-packages/airflow/example_dags/tutorial_taskflow_api_etl.py
[2023-08-20 11:52:08,390] {logging_mixin.py:104} INFO - [2023-08-20 11:52:08,389] {dag.py:1824} INFO - Sync 1 DAGs
[2023-08-20 11:52:08,412] {logging_mixin.py:104} INFO - [2023-08-20 11:52:08,412] {dag.py:2280} INFO - Setting next_dagrun for tutorial_taskflow_api_etl to None
[2023-08-20 11:52:08,429] {scheduler_job.py:190} INFO - Processing /home/airflow/.local/lib/python3.6/site-packages/airflow/example_dags/tutorial_taskflow_api_etl.py took 0.090 seconds
[2023-08-20 11:52:39,207] {scheduler_job.py:182} INFO - Started process (PID=680) to work on /home/airflow/.local/lib/python3.6/site-packages/airflow/example_dags/tutorial_taskflow_api_etl.py
[2023-08-20 11:52:39,210] {scheduler_job.py:629} INFO - Processing file /home/airflow/.local/lib/python3.6/site-packages/airflow/example_dags/tutorial_taskflow_api_etl.py for tasks to queue
[2023-08-20 11:52:39,211] {logging_mixin.py:104} INFO - [2023-08-20 11:52:39,211] {dagbag.py:451} INFO - Filling up the DagBag from /home/airflow/.local/lib/python3.6/site-packages/airflow/example_dags/tutorial_taskflow_api_etl.py
[2023-08-20 11:52:39,225] {scheduler_job.py:639} INFO - DAG(s) dict_keys(['tutorial_taskflow_api_etl']) retrieved from /home/airflow/.local/lib/python3.6/site-packages/airflow/example_dags/tutorial_taskflow_api_etl.py
[2023-08-20 11:52:39,256] {logging_mixin.py:104} INFO - [2023-08-20 11:52:39,255] {dag.py:1824} INFO - Sync 1 DAGs
[2023-08-20 11:52:39,276] {logging_mixin.py:104} INFO - [2023-08-20 11:52:39,276] {dag.py:2280} INFO - Setting next_dagrun for tutorial_taskflow_api_etl to None
[2023-08-20 11:52:39,297] {scheduler_job.py:190} INFO - Processing /home/airflow/.local/lib/python3.6/site-packages/airflow/example_dags/tutorial_taskflow_api_etl.py took 0.094 seconds
[2023-08-20 11:53:10,279] {scheduler_job.py:182} INFO - Started process (PID=708) to work on /home/airflow/.local/lib/python3.6/site-packages/airflow/example_dags/tutorial_taskflow_api_etl.py
[2023-08-20 11:53:10,281] {scheduler_job.py:629} INFO - Processing file /home/airflow/.local/lib/python3.6/site-packages/airflow/example_dags/tutorial_taskflow_api_etl.py for tasks to queue
[2023-08-20 11:53:10,282] {logging_mixin.py:104} INFO - [2023-08-20 11:53:10,282] {dagbag.py:451} INFO - Filling up the DagBag from /home/airflow/.local/lib/python3.6/site-packages/airflow/example_dags/tutorial_taskflow_api_etl.py
[2023-08-20 11:53:10,300] {scheduler_job.py:639} INFO - DAG(s) dict_keys(['tutorial_taskflow_api_etl']) retrieved from /home/airflow/.local/lib/python3.6/site-packages/airflow/example_dags/tutorial_taskflow_api_etl.py
[2023-08-20 11:53:10,344] {logging_mixin.py:104} INFO - [2023-08-20 11:53:10,344] {dag.py:1824} INFO - Sync 1 DAGs
[2023-08-20 11:53:10,367] {logging_mixin.py:104} INFO - [2023-08-20 11:53:10,367] {dag.py:2280} INFO - Setting next_dagrun for tutorial_taskflow_api_etl to None
[2023-08-20 11:53:10,385] {scheduler_job.py:190} INFO - Processing /home/airflow/.local/lib/python3.6/site-packages/airflow/example_dags/tutorial_taskflow_api_etl.py took 0.110 seconds
[2023-08-20 11:53:41,285] {scheduler_job.py:182} INFO - Started process (PID=734) to work on /home/airflow/.local/lib/python3.6/site-packages/airflow/example_dags/tutorial_taskflow_api_etl.py
[2023-08-20 11:53:41,287] {scheduler_job.py:629} INFO - Processing file /home/airflow/.local/lib/python3.6/site-packages/airflow/example_dags/tutorial_taskflow_api_etl.py for tasks to queue
[2023-08-20 11:53:41,289] {logging_mixin.py:104} INFO - [2023-08-20 11:53:41,289] {dagbag.py:451} INFO - Filling up the DagBag from /home/airflow/.local/lib/python3.6/site-packages/airflow/example_dags/tutorial_taskflow_api_etl.py
[2023-08-20 11:53:41,309] {scheduler_job.py:639} INFO - DAG(s) dict_keys(['tutorial_taskflow_api_etl']) retrieved from /home/airflow/.local/lib/python3.6/site-packages/airflow/example_dags/tutorial_taskflow_api_etl.py
[2023-08-20 11:53:41,338] {logging_mixin.py:104} INFO - [2023-08-20 11:53:41,337] {dag.py:1824} INFO - Sync 1 DAGs
[2023-08-20 11:53:41,354] {logging_mixin.py:104} INFO - [2023-08-20 11:53:41,354] {dag.py:2280} INFO - Setting next_dagrun for tutorial_taskflow_api_etl to None
[2023-08-20 11:53:41,372] {scheduler_job.py:190} INFO - Processing /home/airflow/.local/lib/python3.6/site-packages/airflow/example_dags/tutorial_taskflow_api_etl.py took 0.093 seconds
[2023-08-20 11:54:12,147] {scheduler_job.py:182} INFO - Started process (PID=760) to work on /home/airflow/.local/lib/python3.6/site-packages/airflow/example_dags/tutorial_taskflow_api_etl.py
[2023-08-20 11:54:12,149] {scheduler_job.py:629} INFO - Processing file /home/airflow/.local/lib/python3.6/site-packages/airflow/example_dags/tutorial_taskflow_api_etl.py for tasks to queue
[2023-08-20 11:54:12,151] {logging_mixin.py:104} INFO - [2023-08-20 11:54:12,151] {dagbag.py:451} INFO - Filling up the DagBag from /home/airflow/.local/lib/python3.6/site-packages/airflow/example_dags/tutorial_taskflow_api_etl.py
[2023-08-20 11:54:12,164] {scheduler_job.py:639} INFO - DAG(s) dict_keys(['tutorial_taskflow_api_etl']) retrieved from /home/airflow/.local/lib/python3.6/site-packages/airflow/example_dags/tutorial_taskflow_api_etl.py
[2023-08-20 11:54:12,193] {logging_mixin.py:104} INFO - [2023-08-20 11:54:12,193] {dag.py:1824} INFO - Sync 1 DAGs
[2023-08-20 11:54:12,208] {logging_mixin.py:104} INFO - [2023-08-20 11:54:12,208] {dag.py:2280} INFO - Setting next_dagrun for tutorial_taskflow_api_etl to None
[2023-08-20 11:54:12,224] {scheduler_job.py:190} INFO - Processing /home/airflow/.local/lib/python3.6/site-packages/airflow/example_dags/tutorial_taskflow_api_etl.py took 0.080 seconds
[2023-08-20 11:54:43,058] {scheduler_job.py:182} INFO - Started process (PID=786) to work on /home/airflow/.local/lib/python3.6/site-packages/airflow/example_dags/tutorial_taskflow_api_etl.py
[2023-08-20 11:54:43,060] {scheduler_job.py:629} INFO - Processing file /home/airflow/.local/lib/python3.6/site-packages/airflow/example_dags/tutorial_taskflow_api_etl.py for tasks to queue
[2023-08-20 11:54:43,062] {logging_mixin.py:104} INFO - [2023-08-20 11:54:43,061] {dagbag.py:451} INFO - Filling up the DagBag from /home/airflow/.local/lib/python3.6/site-packages/airflow/example_dags/tutorial_taskflow_api_etl.py
[2023-08-20 11:54:43,077] {scheduler_job.py:639} INFO - DAG(s) dict_keys(['tutorial_taskflow_api_etl']) retrieved from /home/airflow/.local/lib/python3.6/site-packages/airflow/example_dags/tutorial_taskflow_api_etl.py
[2023-08-20 11:54:43,099] {logging_mixin.py:104} INFO - [2023-08-20 11:54:43,099] {dag.py:1824} INFO - Sync 1 DAGs
[2023-08-20 11:54:43,115] {logging_mixin.py:104} INFO - [2023-08-20 11:54:43,115] {dag.py:2280} INFO - Setting next_dagrun for tutorial_taskflow_api_etl to None
[2023-08-20 11:54:43,130] {scheduler_job.py:190} INFO - Processing /home/airflow/.local/lib/python3.6/site-packages/airflow/example_dags/tutorial_taskflow_api_etl.py took 0.076 seconds
[2023-08-20 11:55:13,694] {scheduler_job.py:182} INFO - Started process (PID=812) to work on /home/airflow/.local/lib/python3.6/site-packages/airflow/example_dags/tutorial_taskflow_api_etl.py
[2023-08-20 11:55:13,696] {scheduler_job.py:629} INFO - Processing file /home/airflow/.local/lib/python3.6/site-packages/airflow/example_dags/tutorial_taskflow_api_etl.py for tasks to queue
[2023-08-20 11:55:13,698] {logging_mixin.py:104} INFO - [2023-08-20 11:55:13,697] {dagbag.py:451} INFO - Filling up the DagBag from /home/airflow/.local/lib/python3.6/site-packages/airflow/example_dags/tutorial_taskflow_api_etl.py
[2023-08-20 11:55:13,712] {scheduler_job.py:639} INFO - DAG(s) dict_keys(['tutorial_taskflow_api_etl']) retrieved from /home/airflow/.local/lib/python3.6/site-packages/airflow/example_dags/tutorial_taskflow_api_etl.py
[2023-08-20 11:55:13,738] {logging_mixin.py:104} INFO - [2023-08-20 11:55:13,738] {dag.py:1824} INFO - Sync 1 DAGs
[2023-08-20 11:55:13,754] {logging_mixin.py:104} INFO - [2023-08-20 11:55:13,754] {dag.py:2280} INFO - Setting next_dagrun for tutorial_taskflow_api_etl to None
[2023-08-20 11:55:13,769] {scheduler_job.py:190} INFO - Processing /home/airflow/.local/lib/python3.6/site-packages/airflow/example_dags/tutorial_taskflow_api_etl.py took 0.078 seconds
[2023-08-20 11:55:44,219] {scheduler_job.py:182} INFO - Started process (PID=835) to work on /home/airflow/.local/lib/python3.6/site-packages/airflow/example_dags/tutorial_taskflow_api_etl.py
[2023-08-20 11:55:44,222] {scheduler_job.py:629} INFO - Processing file /home/airflow/.local/lib/python3.6/site-packages/airflow/example_dags/tutorial_taskflow_api_etl.py for tasks to queue
[2023-08-20 11:55:44,223] {logging_mixin.py:104} INFO - [2023-08-20 11:55:44,223] {dagbag.py:451} INFO - Filling up the DagBag from /home/airflow/.local/lib/python3.6/site-packages/airflow/example_dags/tutorial_taskflow_api_etl.py
[2023-08-20 11:55:44,239] {scheduler_job.py:639} INFO - DAG(s) dict_keys(['tutorial_taskflow_api_etl']) retrieved from /home/airflow/.local/lib/python3.6/site-packages/airflow/example_dags/tutorial_taskflow_api_etl.py
[2023-08-20 11:55:44,262] {logging_mixin.py:104} INFO - [2023-08-20 11:55:44,262] {dag.py:1824} INFO - Sync 1 DAGs
[2023-08-20 11:55:44,278] {logging_mixin.py:104} INFO - [2023-08-20 11:55:44,278] {dag.py:2280} INFO - Setting next_dagrun for tutorial_taskflow_api_etl to None
[2023-08-20 11:55:44,296] {scheduler_job.py:190} INFO - Processing /home/airflow/.local/lib/python3.6/site-packages/airflow/example_dags/tutorial_taskflow_api_etl.py took 0.080 seconds
[2023-08-20 11:56:14,785] {scheduler_job.py:182} INFO - Started process (PID=860) to work on /home/airflow/.local/lib/python3.6/site-packages/airflow/example_dags/tutorial_taskflow_api_etl.py
[2023-08-20 11:56:14,786] {scheduler_job.py:629} INFO - Processing file /home/airflow/.local/lib/python3.6/site-packages/airflow/example_dags/tutorial_taskflow_api_etl.py for tasks to queue
[2023-08-20 11:56:14,788] {logging_mixin.py:104} INFO - [2023-08-20 11:56:14,787] {dagbag.py:451} INFO - Filling up the DagBag from /home/airflow/.local/lib/python3.6/site-packages/airflow/example_dags/tutorial_taskflow_api_etl.py
[2023-08-20 11:56:14,801] {scheduler_job.py:639} INFO - DAG(s) dict_keys(['tutorial_taskflow_api_etl']) retrieved from /home/airflow/.local/lib/python3.6/site-packages/airflow/example_dags/tutorial_taskflow_api_etl.py
[2023-08-20 11:56:14,831] {logging_mixin.py:104} INFO - [2023-08-20 11:56:14,831] {dag.py:1824} INFO - Sync 1 DAGs
[2023-08-20 11:56:14,849] {logging_mixin.py:104} INFO - [2023-08-20 11:56:14,849] {dag.py:2280} INFO - Setting next_dagrun for tutorial_taskflow_api_etl to None
[2023-08-20 11:56:14,864] {scheduler_job.py:190} INFO - Processing /home/airflow/.local/lib/python3.6/site-packages/airflow/example_dags/tutorial_taskflow_api_etl.py took 0.082 seconds
[2023-08-20 11:56:45,438] {scheduler_job.py:182} INFO - Started process (PID=888) to work on /home/airflow/.local/lib/python3.6/site-packages/airflow/example_dags/tutorial_taskflow_api_etl.py
[2023-08-20 11:56:45,440] {scheduler_job.py:629} INFO - Processing file /home/airflow/.local/lib/python3.6/site-packages/airflow/example_dags/tutorial_taskflow_api_etl.py for tasks to queue
[2023-08-20 11:56:45,441] {logging_mixin.py:104} INFO - [2023-08-20 11:56:45,441] {dagbag.py:451} INFO - Filling up the DagBag from /home/airflow/.local/lib/python3.6/site-packages/airflow/example_dags/tutorial_taskflow_api_etl.py
[2023-08-20 11:56:45,456] {scheduler_job.py:639} INFO - DAG(s) dict_keys(['tutorial_taskflow_api_etl']) retrieved from /home/airflow/.local/lib/python3.6/site-packages/airflow/example_dags/tutorial_taskflow_api_etl.py
[2023-08-20 11:56:45,486] {logging_mixin.py:104} INFO - [2023-08-20 11:56:45,485] {dag.py:1824} INFO - Sync 1 DAGs
[2023-08-20 11:56:45,503] {logging_mixin.py:104} INFO - [2023-08-20 11:56:45,503] {dag.py:2280} INFO - Setting next_dagrun for tutorial_taskflow_api_etl to None
[2023-08-20 11:56:45,519] {scheduler_job.py:190} INFO - Processing /home/airflow/.local/lib/python3.6/site-packages/airflow/example_dags/tutorial_taskflow_api_etl.py took 0.085 seconds
[2023-08-20 11:57:16,123] {scheduler_job.py:182} INFO - Started process (PID=914) to work on /home/airflow/.local/lib/python3.6/site-packages/airflow/example_dags/tutorial_taskflow_api_etl.py
[2023-08-20 11:57:16,125] {scheduler_job.py:629} INFO - Processing file /home/airflow/.local/lib/python3.6/site-packages/airflow/example_dags/tutorial_taskflow_api_etl.py for tasks to queue
[2023-08-20 11:57:16,127] {logging_mixin.py:104} INFO - [2023-08-20 11:57:16,127] {dagbag.py:451} INFO - Filling up the DagBag from /home/airflow/.local/lib/python3.6/site-packages/airflow/example_dags/tutorial_taskflow_api_etl.py
[2023-08-20 11:57:16,144] {scheduler_job.py:639} INFO - DAG(s) dict_keys(['tutorial_taskflow_api_etl']) retrieved from /home/airflow/.local/lib/python3.6/site-packages/airflow/example_dags/tutorial_taskflow_api_etl.py
[2023-08-20 11:57:16,171] {logging_mixin.py:104} INFO - [2023-08-20 11:57:16,171] {dag.py:1824} INFO - Sync 1 DAGs
[2023-08-20 11:57:16,190] {logging_mixin.py:104} INFO - [2023-08-20 11:57:16,190] {dag.py:2280} INFO - Setting next_dagrun for tutorial_taskflow_api_etl to None
[2023-08-20 11:57:16,209] {scheduler_job.py:190} INFO - Processing /home/airflow/.local/lib/python3.6/site-packages/airflow/example_dags/tutorial_taskflow_api_etl.py took 0.090 seconds
[2023-08-20 11:57:46,767] {scheduler_job.py:182} INFO - Started process (PID=940) to work on /home/airflow/.local/lib/python3.6/site-packages/airflow/example_dags/tutorial_taskflow_api_etl.py
[2023-08-20 11:57:46,769] {scheduler_job.py:629} INFO - Processing file /home/airflow/.local/lib/python3.6/site-packages/airflow/example_dags/tutorial_taskflow_api_etl.py for tasks to queue
[2023-08-20 11:57:46,770] {logging_mixin.py:104} INFO - [2023-08-20 11:57:46,770] {dagbag.py:451} INFO - Filling up the DagBag from /home/airflow/.local/lib/python3.6/site-packages/airflow/example_dags/tutorial_taskflow_api_etl.py
[2023-08-20 11:57:46,784] {scheduler_job.py:639} INFO - DAG(s) dict_keys(['tutorial_taskflow_api_etl']) retrieved from /home/airflow/.local/lib/python3.6/site-packages/airflow/example_dags/tutorial_taskflow_api_etl.py
[2023-08-20 11:57:46,813] {logging_mixin.py:104} INFO - [2023-08-20 11:57:46,813] {dag.py:1824} INFO - Sync 1 DAGs
[2023-08-20 11:57:46,828] {logging_mixin.py:104} INFO - [2023-08-20 11:57:46,828] {dag.py:2280} INFO - Setting next_dagrun for tutorial_taskflow_api_etl to None
[2023-08-20 11:57:46,842] {scheduler_job.py:190} INFO - Processing /home/airflow/.local/lib/python3.6/site-packages/airflow/example_dags/tutorial_taskflow_api_etl.py took 0.078 seconds
[2023-08-20 11:58:17,319] {scheduler_job.py:182} INFO - Started process (PID=967) to work on /home/airflow/.local/lib/python3.6/site-packages/airflow/example_dags/tutorial_taskflow_api_etl.py
[2023-08-20 11:58:17,320] {scheduler_job.py:629} INFO - Processing file /home/airflow/.local/lib/python3.6/site-packages/airflow/example_dags/tutorial_taskflow_api_etl.py for tasks to queue
[2023-08-20 11:58:17,322] {logging_mixin.py:104} INFO - [2023-08-20 11:58:17,322] {dagbag.py:451} INFO - Filling up the DagBag from /home/airflow/.local/lib/python3.6/site-packages/airflow/example_dags/tutorial_taskflow_api_etl.py
[2023-08-20 11:58:17,335] {scheduler_job.py:639} INFO - DAG(s) dict_keys(['tutorial_taskflow_api_etl']) retrieved from /home/airflow/.local/lib/python3.6/site-packages/airflow/example_dags/tutorial_taskflow_api_etl.py
[2023-08-20 11:58:17,365] {logging_mixin.py:104} INFO - [2023-08-20 11:58:17,365] {dag.py:1824} INFO - Sync 1 DAGs
[2023-08-20 11:58:17,381] {logging_mixin.py:104} INFO - [2023-08-20 11:58:17,381] {dag.py:2280} INFO - Setting next_dagrun for tutorial_taskflow_api_etl to None
[2023-08-20 11:58:17,394] {scheduler_job.py:190} INFO - Processing /home/airflow/.local/lib/python3.6/site-packages/airflow/example_dags/tutorial_taskflow_api_etl.py took 0.080 seconds
[2023-08-20 11:58:47,849] {scheduler_job.py:182} INFO - Started process (PID=993) to work on /home/airflow/.local/lib/python3.6/site-packages/airflow/example_dags/tutorial_taskflow_api_etl.py
[2023-08-20 11:58:47,851] {scheduler_job.py:629} INFO - Processing file /home/airflow/.local/lib/python3.6/site-packages/airflow/example_dags/tutorial_taskflow_api_etl.py for tasks to queue
[2023-08-20 11:58:47,853] {logging_mixin.py:104} INFO - [2023-08-20 11:58:47,852] {dagbag.py:451} INFO - Filling up the DagBag from /home/airflow/.local/lib/python3.6/site-packages/airflow/example_dags/tutorial_taskflow_api_etl.py
[2023-08-20 11:58:47,867] {scheduler_job.py:639} INFO - DAG(s) dict_keys(['tutorial_taskflow_api_etl']) retrieved from /home/airflow/.local/lib/python3.6/site-packages/airflow/example_dags/tutorial_taskflow_api_etl.py
[2023-08-20 11:58:47,894] {logging_mixin.py:104} INFO - [2023-08-20 11:58:47,894] {dag.py:1824} INFO - Sync 1 DAGs
[2023-08-20 11:58:47,912] {logging_mixin.py:104} INFO - [2023-08-20 11:58:47,911] {dag.py:2280} INFO - Setting next_dagrun for tutorial_taskflow_api_etl to None
[2023-08-20 11:58:47,926] {scheduler_job.py:190} INFO - Processing /home/airflow/.local/lib/python3.6/site-packages/airflow/example_dags/tutorial_taskflow_api_etl.py took 0.080 seconds
[2023-08-20 11:59:18,489] {scheduler_job.py:182} INFO - Started process (PID=1019) to work on /home/airflow/.local/lib/python3.6/site-packages/airflow/example_dags/tutorial_taskflow_api_etl.py
[2023-08-20 11:59:18,491] {scheduler_job.py:629} INFO - Processing file /home/airflow/.local/lib/python3.6/site-packages/airflow/example_dags/tutorial_taskflow_api_etl.py for tasks to queue
[2023-08-20 11:59:18,492] {logging_mixin.py:104} INFO - [2023-08-20 11:59:18,492] {dagbag.py:451} INFO - Filling up the DagBag from /home/airflow/.local/lib/python3.6/site-packages/airflow/example_dags/tutorial_taskflow_api_etl.py
[2023-08-20 11:59:18,507] {scheduler_job.py:639} INFO - DAG(s) dict_keys(['tutorial_taskflow_api_etl']) retrieved from /home/airflow/.local/lib/python3.6/site-packages/airflow/example_dags/tutorial_taskflow_api_etl.py
[2023-08-20 11:59:18,537] {logging_mixin.py:104} INFO - [2023-08-20 11:59:18,537] {dag.py:1824} INFO - Sync 1 DAGs
[2023-08-20 11:59:18,556] {logging_mixin.py:104} INFO - [2023-08-20 11:59:18,556] {dag.py:2280} INFO - Setting next_dagrun for tutorial_taskflow_api_etl to None
[2023-08-20 11:59:18,571] {scheduler_job.py:190} INFO - Processing /home/airflow/.local/lib/python3.6/site-packages/airflow/example_dags/tutorial_taskflow_api_etl.py took 0.085 seconds
[2023-08-20 11:59:49,329] {scheduler_job.py:182} INFO - Started process (PID=1046) to work on /home/airflow/.local/lib/python3.6/site-packages/airflow/example_dags/tutorial_taskflow_api_etl.py
[2023-08-20 11:59:49,331] {scheduler_job.py:629} INFO - Processing file /home/airflow/.local/lib/python3.6/site-packages/airflow/example_dags/tutorial_taskflow_api_etl.py for tasks to queue
[2023-08-20 11:59:49,333] {logging_mixin.py:104} INFO - [2023-08-20 11:59:49,333] {dagbag.py:451} INFO - Filling up the DagBag from /home/airflow/.local/lib/python3.6/site-packages/airflow/example_dags/tutorial_taskflow_api_etl.py
[2023-08-20 11:59:49,346] {scheduler_job.py:639} INFO - DAG(s) dict_keys(['tutorial_taskflow_api_etl']) retrieved from /home/airflow/.local/lib/python3.6/site-packages/airflow/example_dags/tutorial_taskflow_api_etl.py
[2023-08-20 11:59:49,370] {logging_mixin.py:104} INFO - [2023-08-20 11:59:49,370] {dag.py:1824} INFO - Sync 1 DAGs
[2023-08-20 11:59:49,386] {logging_mixin.py:104} INFO - [2023-08-20 11:59:49,386] {dag.py:2280} INFO - Setting next_dagrun for tutorial_taskflow_api_etl to None
[2023-08-20 11:59:49,403] {scheduler_job.py:190} INFO - Processing /home/airflow/.local/lib/python3.6/site-packages/airflow/example_dags/tutorial_taskflow_api_etl.py took 0.077 seconds
[2023-08-20 12:00:19,882] {scheduler_job.py:182} INFO - Started process (PID=1072) to work on /home/airflow/.local/lib/python3.6/site-packages/airflow/example_dags/tutorial_taskflow_api_etl.py
[2023-08-20 12:00:19,883] {scheduler_job.py:629} INFO - Processing file /home/airflow/.local/lib/python3.6/site-packages/airflow/example_dags/tutorial_taskflow_api_etl.py for tasks to queue
[2023-08-20 12:00:19,885] {logging_mixin.py:104} INFO - [2023-08-20 12:00:19,884] {dagbag.py:451} INFO - Filling up the DagBag from /home/airflow/.local/lib/python3.6/site-packages/airflow/example_dags/tutorial_taskflow_api_etl.py
[2023-08-20 12:00:19,901] {scheduler_job.py:639} INFO - DAG(s) dict_keys(['tutorial_taskflow_api_etl']) retrieved from /home/airflow/.local/lib/python3.6/site-packages/airflow/example_dags/tutorial_taskflow_api_etl.py
[2023-08-20 12:00:19,928] {logging_mixin.py:104} INFO - [2023-08-20 12:00:19,928] {dag.py:1824} INFO - Sync 1 DAGs
[2023-08-20 12:00:19,945] {logging_mixin.py:104} INFO - [2023-08-20 12:00:19,945] {dag.py:2280} INFO - Setting next_dagrun for tutorial_taskflow_api_etl to None
[2023-08-20 12:00:19,962] {scheduler_job.py:190} INFO - Processing /home/airflow/.local/lib/python3.6/site-packages/airflow/example_dags/tutorial_taskflow_api_etl.py took 0.084 seconds
[2023-08-20 12:00:50,580] {scheduler_job.py:182} INFO - Started process (PID=1098) to work on /home/airflow/.local/lib/python3.6/site-packages/airflow/example_dags/tutorial_taskflow_api_etl.py
[2023-08-20 12:00:50,582] {scheduler_job.py:629} INFO - Processing file /home/airflow/.local/lib/python3.6/site-packages/airflow/example_dags/tutorial_taskflow_api_etl.py for tasks to queue
[2023-08-20 12:00:50,583] {logging_mixin.py:104} INFO - [2023-08-20 12:00:50,583] {dagbag.py:451} INFO - Filling up the DagBag from /home/airflow/.local/lib/python3.6/site-packages/airflow/example_dags/tutorial_taskflow_api_etl.py
[2023-08-20 12:00:50,598] {scheduler_job.py:639} INFO - DAG(s) dict_keys(['tutorial_taskflow_api_etl']) retrieved from /home/airflow/.local/lib/python3.6/site-packages/airflow/example_dags/tutorial_taskflow_api_etl.py
[2023-08-20 12:00:50,629] {logging_mixin.py:104} INFO - [2023-08-20 12:00:50,628] {dag.py:1824} INFO - Sync 1 DAGs
[2023-08-20 12:00:50,649] {logging_mixin.py:104} INFO - [2023-08-20 12:00:50,649] {dag.py:2280} INFO - Setting next_dagrun for tutorial_taskflow_api_etl to None
[2023-08-20 12:00:50,667] {scheduler_job.py:190} INFO - Processing /home/airflow/.local/lib/python3.6/site-packages/airflow/example_dags/tutorial_taskflow_api_etl.py took 0.090 seconds
[2023-08-20 12:01:21,116] {scheduler_job.py:182} INFO - Started process (PID=1123) to work on /home/airflow/.local/lib/python3.6/site-packages/airflow/example_dags/tutorial_taskflow_api_etl.py
[2023-08-20 12:01:21,118] {scheduler_job.py:629} INFO - Processing file /home/airflow/.local/lib/python3.6/site-packages/airflow/example_dags/tutorial_taskflow_api_etl.py for tasks to queue
[2023-08-20 12:01:21,119] {logging_mixin.py:104} INFO - [2023-08-20 12:01:21,119] {dagbag.py:451} INFO - Filling up the DagBag from /home/airflow/.local/lib/python3.6/site-packages/airflow/example_dags/tutorial_taskflow_api_etl.py
[2023-08-20 12:01:21,134] {scheduler_job.py:639} INFO - DAG(s) dict_keys(['tutorial_taskflow_api_etl']) retrieved from /home/airflow/.local/lib/python3.6/site-packages/airflow/example_dags/tutorial_taskflow_api_etl.py
[2023-08-20 12:01:21,158] {logging_mixin.py:104} INFO - [2023-08-20 12:01:21,158] {dag.py:1824} INFO - Sync 1 DAGs
[2023-08-20 12:01:21,178] {logging_mixin.py:104} INFO - [2023-08-20 12:01:21,178] {dag.py:2280} INFO - Setting next_dagrun for tutorial_taskflow_api_etl to None
[2023-08-20 12:01:21,194] {scheduler_job.py:190} INFO - Processing /home/airflow/.local/lib/python3.6/site-packages/airflow/example_dags/tutorial_taskflow_api_etl.py took 0.082 seconds
