[2023-08-20T17:37:40.581+0000] {processor.py:157} INFO - Started process (PID=66) to work on /home/airflow/.local/lib/python3.8/site-packages/airflow/example_dags/tutorial_taskflow_api.py
[2023-08-20T17:37:40.583+0000] {processor.py:829} INFO - Processing file /home/airflow/.local/lib/python3.8/site-packages/airflow/example_dags/tutorial_taskflow_api.py for tasks to queue
[2023-08-20T17:37:40.591+0000] {logging_mixin.py:151} INFO - [2023-08-20T17:37:40.591+0000] {dagbag.py:539} INFO - Filling up the DagBag from /home/airflow/.local/lib/python3.8/site-packages/airflow/example_dags/tutorial_taskflow_api.py
[2023-08-20T17:37:40.620+0000] {processor.py:839} INFO - DAG(s) dict_keys(['tutorial_taskflow_api']) retrieved from /home/airflow/.local/lib/python3.8/site-packages/airflow/example_dags/tutorial_taskflow_api.py
[2023-08-20T17:37:40.646+0000] {logging_mixin.py:151} INFO - [2023-08-20T17:37:40.646+0000] {dag.py:2907} INFO - Sync 1 DAGs
[2023-08-20T17:37:40.672+0000] {logging_mixin.py:151} INFO - [2023-08-20T17:37:40.672+0000] {dag.py:3677} INFO - Setting next_dagrun for tutorial_taskflow_api to None, run_after=None
[2023-08-20T17:37:40.702+0000] {processor.py:179} INFO - Processing /home/airflow/.local/lib/python3.8/site-packages/airflow/example_dags/tutorial_taskflow_api.py took 0.128 seconds
[2023-08-20T17:38:11.221+0000] {processor.py:157} INFO - Started process (PID=120) to work on /home/airflow/.local/lib/python3.8/site-packages/airflow/example_dags/tutorial_taskflow_api.py
[2023-08-20T17:38:11.223+0000] {processor.py:829} INFO - Processing file /home/airflow/.local/lib/python3.8/site-packages/airflow/example_dags/tutorial_taskflow_api.py for tasks to queue
[2023-08-20T17:38:11.226+0000] {logging_mixin.py:151} INFO - [2023-08-20T17:38:11.226+0000] {dagbag.py:539} INFO - Filling up the DagBag from /home/airflow/.local/lib/python3.8/site-packages/airflow/example_dags/tutorial_taskflow_api.py
[2023-08-20T17:38:11.236+0000] {processor.py:839} INFO - DAG(s) dict_keys(['tutorial_taskflow_api']) retrieved from /home/airflow/.local/lib/python3.8/site-packages/airflow/example_dags/tutorial_taskflow_api.py
[2023-08-20T17:38:11.260+0000] {logging_mixin.py:151} INFO - [2023-08-20T17:38:11.260+0000] {dag.py:2907} INFO - Sync 1 DAGs
[2023-08-20T17:38:11.280+0000] {logging_mixin.py:151} INFO - [2023-08-20T17:38:11.279+0000] {dag.py:3677} INFO - Setting next_dagrun for tutorial_taskflow_api to None, run_after=None
[2023-08-20T17:38:11.308+0000] {processor.py:179} INFO - Processing /home/airflow/.local/lib/python3.8/site-packages/airflow/example_dags/tutorial_taskflow_api.py took 0.090 seconds
[2023-08-20T17:38:41.944+0000] {processor.py:157} INFO - Started process (PID=174) to work on /home/airflow/.local/lib/python3.8/site-packages/airflow/example_dags/tutorial_taskflow_api.py
[2023-08-20T17:38:41.946+0000] {processor.py:829} INFO - Processing file /home/airflow/.local/lib/python3.8/site-packages/airflow/example_dags/tutorial_taskflow_api.py for tasks to queue
[2023-08-20T17:38:41.949+0000] {logging_mixin.py:151} INFO - [2023-08-20T17:38:41.949+0000] {dagbag.py:539} INFO - Filling up the DagBag from /home/airflow/.local/lib/python3.8/site-packages/airflow/example_dags/tutorial_taskflow_api.py
[2023-08-20T17:38:41.958+0000] {processor.py:839} INFO - DAG(s) dict_keys(['tutorial_taskflow_api']) retrieved from /home/airflow/.local/lib/python3.8/site-packages/airflow/example_dags/tutorial_taskflow_api.py
[2023-08-20T17:38:41.986+0000] {logging_mixin.py:151} INFO - [2023-08-20T17:38:41.985+0000] {dag.py:2907} INFO - Sync 1 DAGs
[2023-08-20T17:38:42.004+0000] {logging_mixin.py:151} INFO - [2023-08-20T17:38:42.004+0000] {dag.py:3677} INFO - Setting next_dagrun for tutorial_taskflow_api to None, run_after=None
[2023-08-20T17:38:42.041+0000] {processor.py:179} INFO - Processing /home/airflow/.local/lib/python3.8/site-packages/airflow/example_dags/tutorial_taskflow_api.py took 0.100 seconds
[2023-08-20T17:39:12.148+0000] {processor.py:157} INFO - Started process (PID=228) to work on /home/airflow/.local/lib/python3.8/site-packages/airflow/example_dags/tutorial_taskflow_api.py
[2023-08-20T17:39:12.150+0000] {processor.py:829} INFO - Processing file /home/airflow/.local/lib/python3.8/site-packages/airflow/example_dags/tutorial_taskflow_api.py for tasks to queue
[2023-08-20T17:39:12.153+0000] {logging_mixin.py:151} INFO - [2023-08-20T17:39:12.152+0000] {dagbag.py:539} INFO - Filling up the DagBag from /home/airflow/.local/lib/python3.8/site-packages/airflow/example_dags/tutorial_taskflow_api.py
[2023-08-20T17:39:12.160+0000] {processor.py:839} INFO - DAG(s) dict_keys(['tutorial_taskflow_api']) retrieved from /home/airflow/.local/lib/python3.8/site-packages/airflow/example_dags/tutorial_taskflow_api.py
[2023-08-20T17:39:12.188+0000] {logging_mixin.py:151} INFO - [2023-08-20T17:39:12.188+0000] {dag.py:2907} INFO - Sync 1 DAGs
[2023-08-20T17:39:12.210+0000] {logging_mixin.py:151} INFO - [2023-08-20T17:39:12.210+0000] {dag.py:3677} INFO - Setting next_dagrun for tutorial_taskflow_api to None, run_after=None
[2023-08-20T17:39:12.249+0000] {processor.py:179} INFO - Processing /home/airflow/.local/lib/python3.8/site-packages/airflow/example_dags/tutorial_taskflow_api.py took 0.105 seconds
[2023-08-20T17:39:42.387+0000] {processor.py:157} INFO - Started process (PID=282) to work on /home/airflow/.local/lib/python3.8/site-packages/airflow/example_dags/tutorial_taskflow_api.py
[2023-08-20T17:39:42.390+0000] {processor.py:829} INFO - Processing file /home/airflow/.local/lib/python3.8/site-packages/airflow/example_dags/tutorial_taskflow_api.py for tasks to queue
[2023-08-20T17:39:42.394+0000] {logging_mixin.py:151} INFO - [2023-08-20T17:39:42.393+0000] {dagbag.py:539} INFO - Filling up the DagBag from /home/airflow/.local/lib/python3.8/site-packages/airflow/example_dags/tutorial_taskflow_api.py
[2023-08-20T17:39:42.403+0000] {processor.py:839} INFO - DAG(s) dict_keys(['tutorial_taskflow_api']) retrieved from /home/airflow/.local/lib/python3.8/site-packages/airflow/example_dags/tutorial_taskflow_api.py
[2023-08-20T17:39:42.420+0000] {logging_mixin.py:151} INFO - [2023-08-20T17:39:42.420+0000] {dag.py:2907} INFO - Sync 1 DAGs
[2023-08-20T17:39:42.438+0000] {logging_mixin.py:151} INFO - [2023-08-20T17:39:42.437+0000] {dag.py:3677} INFO - Setting next_dagrun for tutorial_taskflow_api to None, run_after=None
[2023-08-20T17:39:42.466+0000] {processor.py:179} INFO - Processing /home/airflow/.local/lib/python3.8/site-packages/airflow/example_dags/tutorial_taskflow_api.py took 0.083 seconds
[2023-08-20T17:40:12.955+0000] {processor.py:157} INFO - Started process (PID=336) to work on /home/airflow/.local/lib/python3.8/site-packages/airflow/example_dags/tutorial_taskflow_api.py
[2023-08-20T17:40:12.958+0000] {processor.py:829} INFO - Processing file /home/airflow/.local/lib/python3.8/site-packages/airflow/example_dags/tutorial_taskflow_api.py for tasks to queue
[2023-08-20T17:40:12.964+0000] {logging_mixin.py:151} INFO - [2023-08-20T17:40:12.963+0000] {dagbag.py:539} INFO - Filling up the DagBag from /home/airflow/.local/lib/python3.8/site-packages/airflow/example_dags/tutorial_taskflow_api.py
[2023-08-20T17:40:12.977+0000] {processor.py:839} INFO - DAG(s) dict_keys(['tutorial_taskflow_api']) retrieved from /home/airflow/.local/lib/python3.8/site-packages/airflow/example_dags/tutorial_taskflow_api.py
[2023-08-20T17:40:13.009+0000] {logging_mixin.py:151} INFO - [2023-08-20T17:40:13.008+0000] {dag.py:2907} INFO - Sync 1 DAGs
[2023-08-20T17:40:13.030+0000] {logging_mixin.py:151} INFO - [2023-08-20T17:40:13.030+0000] {dag.py:3677} INFO - Setting next_dagrun for tutorial_taskflow_api to None, run_after=None
[2023-08-20T17:40:13.064+0000] {processor.py:179} INFO - Processing /home/airflow/.local/lib/python3.8/site-packages/airflow/example_dags/tutorial_taskflow_api.py took 0.114 seconds
[2023-08-20T17:40:43.900+0000] {processor.py:157} INFO - Started process (PID=390) to work on /home/airflow/.local/lib/python3.8/site-packages/airflow/example_dags/tutorial_taskflow_api.py
[2023-08-20T17:40:43.902+0000] {processor.py:829} INFO - Processing file /home/airflow/.local/lib/python3.8/site-packages/airflow/example_dags/tutorial_taskflow_api.py for tasks to queue
[2023-08-20T17:40:43.905+0000] {logging_mixin.py:151} INFO - [2023-08-20T17:40:43.905+0000] {dagbag.py:539} INFO - Filling up the DagBag from /home/airflow/.local/lib/python3.8/site-packages/airflow/example_dags/tutorial_taskflow_api.py
[2023-08-20T17:40:43.914+0000] {processor.py:839} INFO - DAG(s) dict_keys(['tutorial_taskflow_api']) retrieved from /home/airflow/.local/lib/python3.8/site-packages/airflow/example_dags/tutorial_taskflow_api.py
[2023-08-20T17:40:43.940+0000] {logging_mixin.py:151} INFO - [2023-08-20T17:40:43.940+0000] {dag.py:2907} INFO - Sync 1 DAGs
[2023-08-20T17:40:43.959+0000] {logging_mixin.py:151} INFO - [2023-08-20T17:40:43.958+0000] {dag.py:3677} INFO - Setting next_dagrun for tutorial_taskflow_api to None, run_after=None
[2023-08-20T17:40:43.990+0000] {processor.py:179} INFO - Processing /home/airflow/.local/lib/python3.8/site-packages/airflow/example_dags/tutorial_taskflow_api.py took 0.094 seconds
[2023-08-20T17:41:14.130+0000] {processor.py:157} INFO - Started process (PID=444) to work on /home/airflow/.local/lib/python3.8/site-packages/airflow/example_dags/tutorial_taskflow_api.py
[2023-08-20T17:41:14.131+0000] {processor.py:829} INFO - Processing file /home/airflow/.local/lib/python3.8/site-packages/airflow/example_dags/tutorial_taskflow_api.py for tasks to queue
[2023-08-20T17:41:14.134+0000] {logging_mixin.py:151} INFO - [2023-08-20T17:41:14.134+0000] {dagbag.py:539} INFO - Filling up the DagBag from /home/airflow/.local/lib/python3.8/site-packages/airflow/example_dags/tutorial_taskflow_api.py
[2023-08-20T17:41:14.143+0000] {processor.py:839} INFO - DAG(s) dict_keys(['tutorial_taskflow_api']) retrieved from /home/airflow/.local/lib/python3.8/site-packages/airflow/example_dags/tutorial_taskflow_api.py
[2023-08-20T17:41:14.171+0000] {logging_mixin.py:151} INFO - [2023-08-20T17:41:14.171+0000] {dag.py:2907} INFO - Sync 1 DAGs
[2023-08-20T17:41:14.189+0000] {logging_mixin.py:151} INFO - [2023-08-20T17:41:14.189+0000] {dag.py:3677} INFO - Setting next_dagrun for tutorial_taskflow_api to None, run_after=None
[2023-08-20T17:41:14.218+0000] {processor.py:179} INFO - Processing /home/airflow/.local/lib/python3.8/site-packages/airflow/example_dags/tutorial_taskflow_api.py took 0.093 seconds
[2023-08-20T17:41:44.853+0000] {processor.py:157} INFO - Started process (PID=499) to work on /home/airflow/.local/lib/python3.8/site-packages/airflow/example_dags/tutorial_taskflow_api.py
[2023-08-20T17:41:44.854+0000] {processor.py:829} INFO - Processing file /home/airflow/.local/lib/python3.8/site-packages/airflow/example_dags/tutorial_taskflow_api.py for tasks to queue
[2023-08-20T17:41:44.857+0000] {logging_mixin.py:151} INFO - [2023-08-20T17:41:44.857+0000] {dagbag.py:539} INFO - Filling up the DagBag from /home/airflow/.local/lib/python3.8/site-packages/airflow/example_dags/tutorial_taskflow_api.py
[2023-08-20T17:41:44.865+0000] {processor.py:839} INFO - DAG(s) dict_keys(['tutorial_taskflow_api']) retrieved from /home/airflow/.local/lib/python3.8/site-packages/airflow/example_dags/tutorial_taskflow_api.py
[2023-08-20T17:41:44.889+0000] {logging_mixin.py:151} INFO - [2023-08-20T17:41:44.889+0000] {dag.py:2907} INFO - Sync 1 DAGs
[2023-08-20T17:41:44.906+0000] {logging_mixin.py:151} INFO - [2023-08-20T17:41:44.905+0000] {dag.py:3677} INFO - Setting next_dagrun for tutorial_taskflow_api to None, run_after=None
[2023-08-20T17:41:44.930+0000] {processor.py:179} INFO - Processing /home/airflow/.local/lib/python3.8/site-packages/airflow/example_dags/tutorial_taskflow_api.py took 0.082 seconds
[2023-08-20T17:42:15.963+0000] {processor.py:157} INFO - Started process (PID=553) to work on /home/airflow/.local/lib/python3.8/site-packages/airflow/example_dags/tutorial_taskflow_api.py
[2023-08-20T17:42:15.965+0000] {processor.py:829} INFO - Processing file /home/airflow/.local/lib/python3.8/site-packages/airflow/example_dags/tutorial_taskflow_api.py for tasks to queue
[2023-08-20T17:42:15.969+0000] {logging_mixin.py:151} INFO - [2023-08-20T17:42:15.969+0000] {dagbag.py:539} INFO - Filling up the DagBag from /home/airflow/.local/lib/python3.8/site-packages/airflow/example_dags/tutorial_taskflow_api.py
[2023-08-20T17:42:15.979+0000] {processor.py:839} INFO - DAG(s) dict_keys(['tutorial_taskflow_api']) retrieved from /home/airflow/.local/lib/python3.8/site-packages/airflow/example_dags/tutorial_taskflow_api.py
[2023-08-20T17:42:16.013+0000] {logging_mixin.py:151} INFO - [2023-08-20T17:42:16.012+0000] {dag.py:2907} INFO - Sync 1 DAGs
[2023-08-20T17:42:16.032+0000] {logging_mixin.py:151} INFO - [2023-08-20T17:42:16.032+0000] {dag.py:3677} INFO - Setting next_dagrun for tutorial_taskflow_api to None, run_after=None
[2023-08-20T17:42:16.063+0000] {processor.py:179} INFO - Processing /home/airflow/.local/lib/python3.8/site-packages/airflow/example_dags/tutorial_taskflow_api.py took 0.105 seconds
[2023-08-20T17:42:46.445+0000] {processor.py:157} INFO - Started process (PID=607) to work on /home/airflow/.local/lib/python3.8/site-packages/airflow/example_dags/tutorial_taskflow_api.py
[2023-08-20T17:42:46.447+0000] {processor.py:829} INFO - Processing file /home/airflow/.local/lib/python3.8/site-packages/airflow/example_dags/tutorial_taskflow_api.py for tasks to queue
[2023-08-20T17:42:46.451+0000] {logging_mixin.py:151} INFO - [2023-08-20T17:42:46.451+0000] {dagbag.py:539} INFO - Filling up the DagBag from /home/airflow/.local/lib/python3.8/site-packages/airflow/example_dags/tutorial_taskflow_api.py
[2023-08-20T17:42:46.460+0000] {processor.py:839} INFO - DAG(s) dict_keys(['tutorial_taskflow_api']) retrieved from /home/airflow/.local/lib/python3.8/site-packages/airflow/example_dags/tutorial_taskflow_api.py
[2023-08-20T17:42:46.489+0000] {logging_mixin.py:151} INFO - [2023-08-20T17:42:46.488+0000] {dag.py:2907} INFO - Sync 1 DAGs
[2023-08-20T17:42:46.506+0000] {logging_mixin.py:151} INFO - [2023-08-20T17:42:46.506+0000] {dag.py:3677} INFO - Setting next_dagrun for tutorial_taskflow_api to None, run_after=None
[2023-08-20T17:42:46.539+0000] {processor.py:179} INFO - Processing /home/airflow/.local/lib/python3.8/site-packages/airflow/example_dags/tutorial_taskflow_api.py took 0.099 seconds
[2023-08-20T17:43:16.999+0000] {processor.py:157} INFO - Started process (PID=661) to work on /home/airflow/.local/lib/python3.8/site-packages/airflow/example_dags/tutorial_taskflow_api.py
[2023-08-20T17:43:17.002+0000] {processor.py:829} INFO - Processing file /home/airflow/.local/lib/python3.8/site-packages/airflow/example_dags/tutorial_taskflow_api.py for tasks to queue
[2023-08-20T17:43:17.005+0000] {logging_mixin.py:151} INFO - [2023-08-20T17:43:17.005+0000] {dagbag.py:539} INFO - Filling up the DagBag from /home/airflow/.local/lib/python3.8/site-packages/airflow/example_dags/tutorial_taskflow_api.py
[2023-08-20T17:43:17.016+0000] {processor.py:839} INFO - DAG(s) dict_keys(['tutorial_taskflow_api']) retrieved from /home/airflow/.local/lib/python3.8/site-packages/airflow/example_dags/tutorial_taskflow_api.py
[2023-08-20T17:43:17.061+0000] {logging_mixin.py:151} INFO - [2023-08-20T17:43:17.060+0000] {dag.py:2907} INFO - Sync 1 DAGs
[2023-08-20T17:43:17.089+0000] {logging_mixin.py:151} INFO - [2023-08-20T17:43:17.089+0000] {dag.py:3677} INFO - Setting next_dagrun for tutorial_taskflow_api to None, run_after=None
[2023-08-20T17:43:17.125+0000] {processor.py:179} INFO - Processing /home/airflow/.local/lib/python3.8/site-packages/airflow/example_dags/tutorial_taskflow_api.py took 0.131 seconds
[2023-08-20T17:43:47.762+0000] {processor.py:157} INFO - Started process (PID=715) to work on /home/airflow/.local/lib/python3.8/site-packages/airflow/example_dags/tutorial_taskflow_api.py
[2023-08-20T17:43:47.764+0000] {processor.py:829} INFO - Processing file /home/airflow/.local/lib/python3.8/site-packages/airflow/example_dags/tutorial_taskflow_api.py for tasks to queue
[2023-08-20T17:43:47.767+0000] {logging_mixin.py:151} INFO - [2023-08-20T17:43:47.767+0000] {dagbag.py:539} INFO - Filling up the DagBag from /home/airflow/.local/lib/python3.8/site-packages/airflow/example_dags/tutorial_taskflow_api.py
[2023-08-20T17:43:47.776+0000] {processor.py:839} INFO - DAG(s) dict_keys(['tutorial_taskflow_api']) retrieved from /home/airflow/.local/lib/python3.8/site-packages/airflow/example_dags/tutorial_taskflow_api.py
[2023-08-20T17:43:47.804+0000] {logging_mixin.py:151} INFO - [2023-08-20T17:43:47.803+0000] {dag.py:2907} INFO - Sync 1 DAGs
[2023-08-20T17:43:47.822+0000] {logging_mixin.py:151} INFO - [2023-08-20T17:43:47.822+0000] {dag.py:3677} INFO - Setting next_dagrun for tutorial_taskflow_api to None, run_after=None
[2023-08-20T17:43:47.847+0000] {processor.py:179} INFO - Processing /home/airflow/.local/lib/python3.8/site-packages/airflow/example_dags/tutorial_taskflow_api.py took 0.088 seconds
[2023-08-20T17:44:17.948+0000] {processor.py:157} INFO - Started process (PID=769) to work on /home/airflow/.local/lib/python3.8/site-packages/airflow/example_dags/tutorial_taskflow_api.py
[2023-08-20T17:44:17.951+0000] {processor.py:829} INFO - Processing file /home/airflow/.local/lib/python3.8/site-packages/airflow/example_dags/tutorial_taskflow_api.py for tasks to queue
[2023-08-20T17:44:17.954+0000] {logging_mixin.py:151} INFO - [2023-08-20T17:44:17.954+0000] {dagbag.py:539} INFO - Filling up the DagBag from /home/airflow/.local/lib/python3.8/site-packages/airflow/example_dags/tutorial_taskflow_api.py
[2023-08-20T17:44:17.962+0000] {processor.py:839} INFO - DAG(s) dict_keys(['tutorial_taskflow_api']) retrieved from /home/airflow/.local/lib/python3.8/site-packages/airflow/example_dags/tutorial_taskflow_api.py
[2023-08-20T17:44:17.989+0000] {logging_mixin.py:151} INFO - [2023-08-20T17:44:17.989+0000] {dag.py:2907} INFO - Sync 1 DAGs
[2023-08-20T17:44:18.007+0000] {logging_mixin.py:151} INFO - [2023-08-20T17:44:18.006+0000] {dag.py:3677} INFO - Setting next_dagrun for tutorial_taskflow_api to None, run_after=None
[2023-08-20T17:44:18.035+0000] {processor.py:179} INFO - Processing /home/airflow/.local/lib/python3.8/site-packages/airflow/example_dags/tutorial_taskflow_api.py took 0.092 seconds
[2023-08-20T17:44:48.511+0000] {processor.py:157} INFO - Started process (PID=823) to work on /home/airflow/.local/lib/python3.8/site-packages/airflow/example_dags/tutorial_taskflow_api.py
[2023-08-20T17:44:48.512+0000] {processor.py:829} INFO - Processing file /home/airflow/.local/lib/python3.8/site-packages/airflow/example_dags/tutorial_taskflow_api.py for tasks to queue
[2023-08-20T17:44:48.516+0000] {logging_mixin.py:151} INFO - [2023-08-20T17:44:48.515+0000] {dagbag.py:539} INFO - Filling up the DagBag from /home/airflow/.local/lib/python3.8/site-packages/airflow/example_dags/tutorial_taskflow_api.py
[2023-08-20T17:44:48.524+0000] {processor.py:839} INFO - DAG(s) dict_keys(['tutorial_taskflow_api']) retrieved from /home/airflow/.local/lib/python3.8/site-packages/airflow/example_dags/tutorial_taskflow_api.py
[2023-08-20T17:44:48.548+0000] {logging_mixin.py:151} INFO - [2023-08-20T17:44:48.547+0000] {dag.py:2907} INFO - Sync 1 DAGs
[2023-08-20T17:44:48.565+0000] {logging_mixin.py:151} INFO - [2023-08-20T17:44:48.564+0000] {dag.py:3677} INFO - Setting next_dagrun for tutorial_taskflow_api to None, run_after=None
[2023-08-20T17:44:48.591+0000] {processor.py:179} INFO - Processing /home/airflow/.local/lib/python3.8/site-packages/airflow/example_dags/tutorial_taskflow_api.py took 0.084 seconds
[2023-08-20T17:45:19.019+0000] {processor.py:157} INFO - Started process (PID=876) to work on /home/airflow/.local/lib/python3.8/site-packages/airflow/example_dags/tutorial_taskflow_api.py
[2023-08-20T17:45:19.022+0000] {processor.py:829} INFO - Processing file /home/airflow/.local/lib/python3.8/site-packages/airflow/example_dags/tutorial_taskflow_api.py for tasks to queue
[2023-08-20T17:45:19.026+0000] {logging_mixin.py:151} INFO - [2023-08-20T17:45:19.026+0000] {dagbag.py:539} INFO - Filling up the DagBag from /home/airflow/.local/lib/python3.8/site-packages/airflow/example_dags/tutorial_taskflow_api.py
[2023-08-20T17:45:19.037+0000] {processor.py:839} INFO - DAG(s) dict_keys(['tutorial_taskflow_api']) retrieved from /home/airflow/.local/lib/python3.8/site-packages/airflow/example_dags/tutorial_taskflow_api.py
[2023-08-20T17:45:19.066+0000] {logging_mixin.py:151} INFO - [2023-08-20T17:45:19.065+0000] {dag.py:2907} INFO - Sync 1 DAGs
[2023-08-20T17:45:19.083+0000] {logging_mixin.py:151} INFO - [2023-08-20T17:45:19.083+0000] {dag.py:3677} INFO - Setting next_dagrun for tutorial_taskflow_api to None, run_after=None
[2023-08-20T17:45:19.111+0000] {processor.py:179} INFO - Processing /home/airflow/.local/lib/python3.8/site-packages/airflow/example_dags/tutorial_taskflow_api.py took 0.096 seconds
[2023-08-20T17:45:49.255+0000] {processor.py:157} INFO - Started process (PID=930) to work on /home/airflow/.local/lib/python3.8/site-packages/airflow/example_dags/tutorial_taskflow_api.py
[2023-08-20T17:45:49.257+0000] {processor.py:829} INFO - Processing file /home/airflow/.local/lib/python3.8/site-packages/airflow/example_dags/tutorial_taskflow_api.py for tasks to queue
[2023-08-20T17:45:49.260+0000] {logging_mixin.py:151} INFO - [2023-08-20T17:45:49.260+0000] {dagbag.py:539} INFO - Filling up the DagBag from /home/airflow/.local/lib/python3.8/site-packages/airflow/example_dags/tutorial_taskflow_api.py
[2023-08-20T17:45:49.270+0000] {processor.py:839} INFO - DAG(s) dict_keys(['tutorial_taskflow_api']) retrieved from /home/airflow/.local/lib/python3.8/site-packages/airflow/example_dags/tutorial_taskflow_api.py
[2023-08-20T17:45:49.301+0000] {logging_mixin.py:151} INFO - [2023-08-20T17:45:49.301+0000] {dag.py:2907} INFO - Sync 1 DAGs
[2023-08-20T17:45:49.319+0000] {logging_mixin.py:151} INFO - [2023-08-20T17:45:49.319+0000] {dag.py:3677} INFO - Setting next_dagrun for tutorial_taskflow_api to None, run_after=None
[2023-08-20T17:45:49.349+0000] {processor.py:179} INFO - Processing /home/airflow/.local/lib/python3.8/site-packages/airflow/example_dags/tutorial_taskflow_api.py took 0.097 seconds
[2023-08-20T17:46:19.912+0000] {processor.py:157} INFO - Started process (PID=984) to work on /home/airflow/.local/lib/python3.8/site-packages/airflow/example_dags/tutorial_taskflow_api.py
[2023-08-20T17:46:19.918+0000] {processor.py:829} INFO - Processing file /home/airflow/.local/lib/python3.8/site-packages/airflow/example_dags/tutorial_taskflow_api.py for tasks to queue
[2023-08-20T17:46:19.929+0000] {logging_mixin.py:151} INFO - [2023-08-20T17:46:19.929+0000] {dagbag.py:539} INFO - Filling up the DagBag from /home/airflow/.local/lib/python3.8/site-packages/airflow/example_dags/tutorial_taskflow_api.py
[2023-08-20T17:46:19.962+0000] {processor.py:839} INFO - DAG(s) dict_keys(['tutorial_taskflow_api']) retrieved from /home/airflow/.local/lib/python3.8/site-packages/airflow/example_dags/tutorial_taskflow_api.py
[2023-08-20T17:46:20.104+0000] {logging_mixin.py:151} INFO - [2023-08-20T17:46:20.102+0000] {dag.py:2907} INFO - Sync 1 DAGs
[2023-08-20T17:46:20.167+0000] {logging_mixin.py:151} INFO - [2023-08-20T17:46:20.166+0000] {dag.py:3677} INFO - Setting next_dagrun for tutorial_taskflow_api to None, run_after=None
[2023-08-20T17:46:20.227+0000] {processor.py:179} INFO - Processing /home/airflow/.local/lib/python3.8/site-packages/airflow/example_dags/tutorial_taskflow_api.py took 0.326 seconds
[2023-08-20T17:46:50.910+0000] {processor.py:157} INFO - Started process (PID=1038) to work on /home/airflow/.local/lib/python3.8/site-packages/airflow/example_dags/tutorial_taskflow_api.py
[2023-08-20T17:46:50.912+0000] {processor.py:829} INFO - Processing file /home/airflow/.local/lib/python3.8/site-packages/airflow/example_dags/tutorial_taskflow_api.py for tasks to queue
[2023-08-20T17:46:50.916+0000] {logging_mixin.py:151} INFO - [2023-08-20T17:46:50.916+0000] {dagbag.py:539} INFO - Filling up the DagBag from /home/airflow/.local/lib/python3.8/site-packages/airflow/example_dags/tutorial_taskflow_api.py
[2023-08-20T17:46:50.926+0000] {processor.py:839} INFO - DAG(s) dict_keys(['tutorial_taskflow_api']) retrieved from /home/airflow/.local/lib/python3.8/site-packages/airflow/example_dags/tutorial_taskflow_api.py
[2023-08-20T17:46:50.956+0000] {logging_mixin.py:151} INFO - [2023-08-20T17:46:50.955+0000] {dag.py:2907} INFO - Sync 1 DAGs
[2023-08-20T17:46:50.971+0000] {logging_mixin.py:151} INFO - [2023-08-20T17:46:50.971+0000] {dag.py:3677} INFO - Setting next_dagrun for tutorial_taskflow_api to None, run_after=None
[2023-08-20T17:46:51.004+0000] {processor.py:179} INFO - Processing /home/airflow/.local/lib/python3.8/site-packages/airflow/example_dags/tutorial_taskflow_api.py took 0.101 seconds
