[2023-08-20T17:37:40.060+0000] {processor.py:157} INFO - Started process (PID=62) to work on /home/airflow/.local/lib/python3.8/site-packages/airflow/example_dags/tutorial_dag.py
[2023-08-20T17:37:40.062+0000] {processor.py:829} INFO - Processing file /home/airflow/.local/lib/python3.8/site-packages/airflow/example_dags/tutorial_dag.py for tasks to queue
[2023-08-20T17:37:40.066+0000] {logging_mixin.py:151} INFO - [2023-08-20T17:37:40.065+0000] {dagbag.py:539} INFO - Filling up the DagBag from /home/airflow/.local/lib/python3.8/site-packages/airflow/example_dags/tutorial_dag.py
[2023-08-20T17:37:40.086+0000] {processor.py:839} INFO - DAG(s) dict_keys(['tutorial_dag']) retrieved from /home/airflow/.local/lib/python3.8/site-packages/airflow/example_dags/tutorial_dag.py
[2023-08-20T17:37:40.109+0000] {logging_mixin.py:151} INFO - [2023-08-20T17:37:40.108+0000] {dag.py:2907} INFO - Sync 1 DAGs
[2023-08-20T17:37:40.131+0000] {logging_mixin.py:151} INFO - [2023-08-20T17:37:40.130+0000] {dag.py:3677} INFO - Setting next_dagrun for tutorial_dag to None, run_after=None
[2023-08-20T17:37:40.166+0000] {processor.py:179} INFO - Processing /home/airflow/.local/lib/python3.8/site-packages/airflow/example_dags/tutorial_dag.py took 0.113 seconds
[2023-08-20T17:38:10.939+0000] {processor.py:157} INFO - Started process (PID=116) to work on /home/airflow/.local/lib/python3.8/site-packages/airflow/example_dags/tutorial_dag.py
[2023-08-20T17:38:10.941+0000] {processor.py:829} INFO - Processing file /home/airflow/.local/lib/python3.8/site-packages/airflow/example_dags/tutorial_dag.py for tasks to queue
[2023-08-20T17:38:10.944+0000] {logging_mixin.py:151} INFO - [2023-08-20T17:38:10.944+0000] {dagbag.py:539} INFO - Filling up the DagBag from /home/airflow/.local/lib/python3.8/site-packages/airflow/example_dags/tutorial_dag.py
[2023-08-20T17:38:10.951+0000] {processor.py:839} INFO - DAG(s) dict_keys(['tutorial_dag']) retrieved from /home/airflow/.local/lib/python3.8/site-packages/airflow/example_dags/tutorial_dag.py
[2023-08-20T17:38:10.979+0000] {logging_mixin.py:151} INFO - [2023-08-20T17:38:10.979+0000] {dag.py:2907} INFO - Sync 1 DAGs
[2023-08-20T17:38:11.000+0000] {logging_mixin.py:151} INFO - [2023-08-20T17:38:11.000+0000] {dag.py:3677} INFO - Setting next_dagrun for tutorial_dag to None, run_after=None
[2023-08-20T17:38:11.033+0000] {processor.py:179} INFO - Processing /home/airflow/.local/lib/python3.8/site-packages/airflow/example_dags/tutorial_dag.py took 0.098 seconds
[2023-08-20T17:38:41.464+0000] {processor.py:157} INFO - Started process (PID=170) to work on /home/airflow/.local/lib/python3.8/site-packages/airflow/example_dags/tutorial_dag.py
[2023-08-20T17:38:41.466+0000] {processor.py:829} INFO - Processing file /home/airflow/.local/lib/python3.8/site-packages/airflow/example_dags/tutorial_dag.py for tasks to queue
[2023-08-20T17:38:41.469+0000] {logging_mixin.py:151} INFO - [2023-08-20T17:38:41.469+0000] {dagbag.py:539} INFO - Filling up the DagBag from /home/airflow/.local/lib/python3.8/site-packages/airflow/example_dags/tutorial_dag.py
[2023-08-20T17:38:41.477+0000] {processor.py:839} INFO - DAG(s) dict_keys(['tutorial_dag']) retrieved from /home/airflow/.local/lib/python3.8/site-packages/airflow/example_dags/tutorial_dag.py
[2023-08-20T17:38:41.502+0000] {logging_mixin.py:151} INFO - [2023-08-20T17:38:41.502+0000] {dag.py:2907} INFO - Sync 1 DAGs
[2023-08-20T17:38:41.522+0000] {logging_mixin.py:151} INFO - [2023-08-20T17:38:41.521+0000] {dag.py:3677} INFO - Setting next_dagrun for tutorial_dag to None, run_after=None
[2023-08-20T17:38:41.549+0000] {processor.py:179} INFO - Processing /home/airflow/.local/lib/python3.8/site-packages/airflow/example_dags/tutorial_dag.py took 0.089 seconds
[2023-08-20T17:39:11.644+0000] {processor.py:157} INFO - Started process (PID=224) to work on /home/airflow/.local/lib/python3.8/site-packages/airflow/example_dags/tutorial_dag.py
[2023-08-20T17:39:11.646+0000] {processor.py:829} INFO - Processing file /home/airflow/.local/lib/python3.8/site-packages/airflow/example_dags/tutorial_dag.py for tasks to queue
[2023-08-20T17:39:11.649+0000] {logging_mixin.py:151} INFO - [2023-08-20T17:39:11.649+0000] {dagbag.py:539} INFO - Filling up the DagBag from /home/airflow/.local/lib/python3.8/site-packages/airflow/example_dags/tutorial_dag.py
[2023-08-20T17:39:11.657+0000] {processor.py:839} INFO - DAG(s) dict_keys(['tutorial_dag']) retrieved from /home/airflow/.local/lib/python3.8/site-packages/airflow/example_dags/tutorial_dag.py
[2023-08-20T17:39:11.680+0000] {logging_mixin.py:151} INFO - [2023-08-20T17:39:11.680+0000] {dag.py:2907} INFO - Sync 1 DAGs
[2023-08-20T17:39:11.703+0000] {logging_mixin.py:151} INFO - [2023-08-20T17:39:11.702+0000] {dag.py:3677} INFO - Setting next_dagrun for tutorial_dag to None, run_after=None
[2023-08-20T17:39:11.728+0000] {processor.py:179} INFO - Processing /home/airflow/.local/lib/python3.8/site-packages/airflow/example_dags/tutorial_dag.py took 0.089 seconds
[2023-08-20T17:39:42.000+0000] {processor.py:157} INFO - Started process (PID=278) to work on /home/airflow/.local/lib/python3.8/site-packages/airflow/example_dags/tutorial_dag.py
[2023-08-20T17:39:42.001+0000] {processor.py:829} INFO - Processing file /home/airflow/.local/lib/python3.8/site-packages/airflow/example_dags/tutorial_dag.py for tasks to queue
[2023-08-20T17:39:42.005+0000] {logging_mixin.py:151} INFO - [2023-08-20T17:39:42.004+0000] {dagbag.py:539} INFO - Filling up the DagBag from /home/airflow/.local/lib/python3.8/site-packages/airflow/example_dags/tutorial_dag.py
[2023-08-20T17:39:42.013+0000] {processor.py:839} INFO - DAG(s) dict_keys(['tutorial_dag']) retrieved from /home/airflow/.local/lib/python3.8/site-packages/airflow/example_dags/tutorial_dag.py
[2023-08-20T17:39:42.030+0000] {logging_mixin.py:151} INFO - [2023-08-20T17:39:42.029+0000] {dag.py:2907} INFO - Sync 1 DAGs
[2023-08-20T17:39:42.051+0000] {logging_mixin.py:151} INFO - [2023-08-20T17:39:42.051+0000] {dag.py:3677} INFO - Setting next_dagrun for tutorial_dag to None, run_after=None
[2023-08-20T17:39:42.080+0000] {processor.py:179} INFO - Processing /home/airflow/.local/lib/python3.8/site-packages/airflow/example_dags/tutorial_dag.py took 0.084 seconds
[2023-08-20T17:40:12.653+0000] {processor.py:157} INFO - Started process (PID=332) to work on /home/airflow/.local/lib/python3.8/site-packages/airflow/example_dags/tutorial_dag.py
[2023-08-20T17:40:12.654+0000] {processor.py:829} INFO - Processing file /home/airflow/.local/lib/python3.8/site-packages/airflow/example_dags/tutorial_dag.py for tasks to queue
[2023-08-20T17:40:12.658+0000] {logging_mixin.py:151} INFO - [2023-08-20T17:40:12.657+0000] {dagbag.py:539} INFO - Filling up the DagBag from /home/airflow/.local/lib/python3.8/site-packages/airflow/example_dags/tutorial_dag.py
[2023-08-20T17:40:12.666+0000] {processor.py:839} INFO - DAG(s) dict_keys(['tutorial_dag']) retrieved from /home/airflow/.local/lib/python3.8/site-packages/airflow/example_dags/tutorial_dag.py
[2023-08-20T17:40:12.696+0000] {logging_mixin.py:151} INFO - [2023-08-20T17:40:12.696+0000] {dag.py:2907} INFO - Sync 1 DAGs
[2023-08-20T17:40:12.713+0000] {logging_mixin.py:151} INFO - [2023-08-20T17:40:12.713+0000] {dag.py:3677} INFO - Setting next_dagrun for tutorial_dag to None, run_after=None
[2023-08-20T17:40:12.746+0000] {processor.py:179} INFO - Processing /home/airflow/.local/lib/python3.8/site-packages/airflow/example_dags/tutorial_dag.py took 0.097 seconds
[2023-08-20T17:40:43.592+0000] {processor.py:157} INFO - Started process (PID=386) to work on /home/airflow/.local/lib/python3.8/site-packages/airflow/example_dags/tutorial_dag.py
[2023-08-20T17:40:43.595+0000] {processor.py:829} INFO - Processing file /home/airflow/.local/lib/python3.8/site-packages/airflow/example_dags/tutorial_dag.py for tasks to queue
[2023-08-20T17:40:43.600+0000] {logging_mixin.py:151} INFO - [2023-08-20T17:40:43.598+0000] {dagbag.py:539} INFO - Filling up the DagBag from /home/airflow/.local/lib/python3.8/site-packages/airflow/example_dags/tutorial_dag.py
[2023-08-20T17:40:43.609+0000] {processor.py:839} INFO - DAG(s) dict_keys(['tutorial_dag']) retrieved from /home/airflow/.local/lib/python3.8/site-packages/airflow/example_dags/tutorial_dag.py
[2023-08-20T17:40:43.641+0000] {logging_mixin.py:151} INFO - [2023-08-20T17:40:43.640+0000] {dag.py:2907} INFO - Sync 1 DAGs
[2023-08-20T17:40:43.665+0000] {logging_mixin.py:151} INFO - [2023-08-20T17:40:43.665+0000] {dag.py:3677} INFO - Setting next_dagrun for tutorial_dag to None, run_after=None
[2023-08-20T17:40:43.700+0000] {processor.py:179} INFO - Processing /home/airflow/.local/lib/python3.8/site-packages/airflow/example_dags/tutorial_dag.py took 0.112 seconds
[2023-08-20T17:41:13.845+0000] {processor.py:157} INFO - Started process (PID=440) to work on /home/airflow/.local/lib/python3.8/site-packages/airflow/example_dags/tutorial_dag.py
[2023-08-20T17:41:13.847+0000] {processor.py:829} INFO - Processing file /home/airflow/.local/lib/python3.8/site-packages/airflow/example_dags/tutorial_dag.py for tasks to queue
[2023-08-20T17:41:13.850+0000] {logging_mixin.py:151} INFO - [2023-08-20T17:41:13.850+0000] {dagbag.py:539} INFO - Filling up the DagBag from /home/airflow/.local/lib/python3.8/site-packages/airflow/example_dags/tutorial_dag.py
[2023-08-20T17:41:13.857+0000] {processor.py:839} INFO - DAG(s) dict_keys(['tutorial_dag']) retrieved from /home/airflow/.local/lib/python3.8/site-packages/airflow/example_dags/tutorial_dag.py
[2023-08-20T17:41:13.891+0000] {logging_mixin.py:151} INFO - [2023-08-20T17:41:13.890+0000] {dag.py:2907} INFO - Sync 1 DAGs
[2023-08-20T17:41:13.910+0000] {logging_mixin.py:151} INFO - [2023-08-20T17:41:13.910+0000] {dag.py:3677} INFO - Setting next_dagrun for tutorial_dag to None, run_after=None
[2023-08-20T17:41:13.942+0000] {processor.py:179} INFO - Processing /home/airflow/.local/lib/python3.8/site-packages/airflow/example_dags/tutorial_dag.py took 0.101 seconds
[2023-08-20T17:41:44.608+0000] {processor.py:157} INFO - Started process (PID=495) to work on /home/airflow/.local/lib/python3.8/site-packages/airflow/example_dags/tutorial_dag.py
[2023-08-20T17:41:44.609+0000] {processor.py:829} INFO - Processing file /home/airflow/.local/lib/python3.8/site-packages/airflow/example_dags/tutorial_dag.py for tasks to queue
[2023-08-20T17:41:44.612+0000] {logging_mixin.py:151} INFO - [2023-08-20T17:41:44.612+0000] {dagbag.py:539} INFO - Filling up the DagBag from /home/airflow/.local/lib/python3.8/site-packages/airflow/example_dags/tutorial_dag.py
[2023-08-20T17:41:44.618+0000] {processor.py:839} INFO - DAG(s) dict_keys(['tutorial_dag']) retrieved from /home/airflow/.local/lib/python3.8/site-packages/airflow/example_dags/tutorial_dag.py
[2023-08-20T17:41:44.643+0000] {logging_mixin.py:151} INFO - [2023-08-20T17:41:44.642+0000] {dag.py:2907} INFO - Sync 1 DAGs
[2023-08-20T17:41:44.659+0000] {logging_mixin.py:151} INFO - [2023-08-20T17:41:44.659+0000] {dag.py:3677} INFO - Setting next_dagrun for tutorial_dag to None, run_after=None
[2023-08-20T17:41:44.683+0000] {processor.py:179} INFO - Processing /home/airflow/.local/lib/python3.8/site-packages/airflow/example_dags/tutorial_dag.py took 0.078 seconds
[2023-08-20T17:42:15.669+0000] {processor.py:157} INFO - Started process (PID=549) to work on /home/airflow/.local/lib/python3.8/site-packages/airflow/example_dags/tutorial_dag.py
[2023-08-20T17:42:15.671+0000] {processor.py:829} INFO - Processing file /home/airflow/.local/lib/python3.8/site-packages/airflow/example_dags/tutorial_dag.py for tasks to queue
[2023-08-20T17:42:15.674+0000] {logging_mixin.py:151} INFO - [2023-08-20T17:42:15.674+0000] {dagbag.py:539} INFO - Filling up the DagBag from /home/airflow/.local/lib/python3.8/site-packages/airflow/example_dags/tutorial_dag.py
[2023-08-20T17:42:15.682+0000] {processor.py:839} INFO - DAG(s) dict_keys(['tutorial_dag']) retrieved from /home/airflow/.local/lib/python3.8/site-packages/airflow/example_dags/tutorial_dag.py
[2023-08-20T17:42:15.709+0000] {logging_mixin.py:151} INFO - [2023-08-20T17:42:15.709+0000] {dag.py:2907} INFO - Sync 1 DAGs
[2023-08-20T17:42:15.728+0000] {logging_mixin.py:151} INFO - [2023-08-20T17:42:15.727+0000] {dag.py:3677} INFO - Setting next_dagrun for tutorial_dag to None, run_after=None
[2023-08-20T17:42:15.757+0000] {processor.py:179} INFO - Processing /home/airflow/.local/lib/python3.8/site-packages/airflow/example_dags/tutorial_dag.py took 0.091 seconds
[2023-08-20T17:42:46.107+0000] {processor.py:157} INFO - Started process (PID=603) to work on /home/airflow/.local/lib/python3.8/site-packages/airflow/example_dags/tutorial_dag.py
[2023-08-20T17:42:46.108+0000] {processor.py:829} INFO - Processing file /home/airflow/.local/lib/python3.8/site-packages/airflow/example_dags/tutorial_dag.py for tasks to queue
[2023-08-20T17:42:46.112+0000] {logging_mixin.py:151} INFO - [2023-08-20T17:42:46.111+0000] {dagbag.py:539} INFO - Filling up the DagBag from /home/airflow/.local/lib/python3.8/site-packages/airflow/example_dags/tutorial_dag.py
[2023-08-20T17:42:46.119+0000] {processor.py:839} INFO - DAG(s) dict_keys(['tutorial_dag']) retrieved from /home/airflow/.local/lib/python3.8/site-packages/airflow/example_dags/tutorial_dag.py
[2023-08-20T17:42:46.145+0000] {logging_mixin.py:151} INFO - [2023-08-20T17:42:46.145+0000] {dag.py:2907} INFO - Sync 1 DAGs
[2023-08-20T17:42:46.166+0000] {logging_mixin.py:151} INFO - [2023-08-20T17:42:46.166+0000] {dag.py:3677} INFO - Setting next_dagrun for tutorial_dag to None, run_after=None
[2023-08-20T17:42:46.193+0000] {processor.py:179} INFO - Processing /home/airflow/.local/lib/python3.8/site-packages/airflow/example_dags/tutorial_dag.py took 0.090 seconds
[2023-08-20T17:43:16.551+0000] {processor.py:157} INFO - Started process (PID=657) to work on /home/airflow/.local/lib/python3.8/site-packages/airflow/example_dags/tutorial_dag.py
[2023-08-20T17:43:16.553+0000] {processor.py:829} INFO - Processing file /home/airflow/.local/lib/python3.8/site-packages/airflow/example_dags/tutorial_dag.py for tasks to queue
[2023-08-20T17:43:16.557+0000] {logging_mixin.py:151} INFO - [2023-08-20T17:43:16.557+0000] {dagbag.py:539} INFO - Filling up the DagBag from /home/airflow/.local/lib/python3.8/site-packages/airflow/example_dags/tutorial_dag.py
[2023-08-20T17:43:16.565+0000] {processor.py:839} INFO - DAG(s) dict_keys(['tutorial_dag']) retrieved from /home/airflow/.local/lib/python3.8/site-packages/airflow/example_dags/tutorial_dag.py
[2023-08-20T17:43:16.591+0000] {logging_mixin.py:151} INFO - [2023-08-20T17:43:16.590+0000] {dag.py:2907} INFO - Sync 1 DAGs
[2023-08-20T17:43:16.611+0000] {logging_mixin.py:151} INFO - [2023-08-20T17:43:16.611+0000] {dag.py:3677} INFO - Setting next_dagrun for tutorial_dag to None, run_after=None
[2023-08-20T17:43:16.640+0000] {processor.py:179} INFO - Processing /home/airflow/.local/lib/python3.8/site-packages/airflow/example_dags/tutorial_dag.py took 0.092 seconds
[2023-08-20T17:43:47.197+0000] {processor.py:157} INFO - Started process (PID=710) to work on /home/airflow/.local/lib/python3.8/site-packages/airflow/example_dags/tutorial_dag.py
[2023-08-20T17:43:47.199+0000] {processor.py:829} INFO - Processing file /home/airflow/.local/lib/python3.8/site-packages/airflow/example_dags/tutorial_dag.py for tasks to queue
[2023-08-20T17:43:47.202+0000] {logging_mixin.py:151} INFO - [2023-08-20T17:43:47.202+0000] {dagbag.py:539} INFO - Filling up the DagBag from /home/airflow/.local/lib/python3.8/site-packages/airflow/example_dags/tutorial_dag.py
[2023-08-20T17:43:47.210+0000] {processor.py:839} INFO - DAG(s) dict_keys(['tutorial_dag']) retrieved from /home/airflow/.local/lib/python3.8/site-packages/airflow/example_dags/tutorial_dag.py
[2023-08-20T17:43:47.236+0000] {logging_mixin.py:151} INFO - [2023-08-20T17:43:47.236+0000] {dag.py:2907} INFO - Sync 1 DAGs
[2023-08-20T17:43:47.252+0000] {logging_mixin.py:151} INFO - [2023-08-20T17:43:47.252+0000] {dag.py:3677} INFO - Setting next_dagrun for tutorial_dag to None, run_after=None
[2023-08-20T17:43:47.280+0000] {processor.py:179} INFO - Processing /home/airflow/.local/lib/python3.8/site-packages/airflow/example_dags/tutorial_dag.py took 0.086 seconds
[2023-08-20T17:44:17.552+0000] {processor.py:157} INFO - Started process (PID=764) to work on /home/airflow/.local/lib/python3.8/site-packages/airflow/example_dags/tutorial_dag.py
[2023-08-20T17:44:17.555+0000] {processor.py:829} INFO - Processing file /home/airflow/.local/lib/python3.8/site-packages/airflow/example_dags/tutorial_dag.py for tasks to queue
[2023-08-20T17:44:17.558+0000] {logging_mixin.py:151} INFO - [2023-08-20T17:44:17.557+0000] {dagbag.py:539} INFO - Filling up the DagBag from /home/airflow/.local/lib/python3.8/site-packages/airflow/example_dags/tutorial_dag.py
[2023-08-20T17:44:17.565+0000] {processor.py:839} INFO - DAG(s) dict_keys(['tutorial_dag']) retrieved from /home/airflow/.local/lib/python3.8/site-packages/airflow/example_dags/tutorial_dag.py
[2023-08-20T17:44:17.590+0000] {logging_mixin.py:151} INFO - [2023-08-20T17:44:17.589+0000] {dag.py:2907} INFO - Sync 1 DAGs
[2023-08-20T17:44:17.608+0000] {logging_mixin.py:151} INFO - [2023-08-20T17:44:17.607+0000] {dag.py:3677} INFO - Setting next_dagrun for tutorial_dag to None, run_after=None
[2023-08-20T17:44:17.636+0000] {processor.py:179} INFO - Processing /home/airflow/.local/lib/python3.8/site-packages/airflow/example_dags/tutorial_dag.py took 0.088 seconds
[2023-08-20T17:44:47.920+0000] {processor.py:157} INFO - Started process (PID=818) to work on /home/airflow/.local/lib/python3.8/site-packages/airflow/example_dags/tutorial_dag.py
[2023-08-20T17:44:47.922+0000] {processor.py:829} INFO - Processing file /home/airflow/.local/lib/python3.8/site-packages/airflow/example_dags/tutorial_dag.py for tasks to queue
[2023-08-20T17:44:47.925+0000] {logging_mixin.py:151} INFO - [2023-08-20T17:44:47.925+0000] {dagbag.py:539} INFO - Filling up the DagBag from /home/airflow/.local/lib/python3.8/site-packages/airflow/example_dags/tutorial_dag.py
[2023-08-20T17:44:47.933+0000] {processor.py:839} INFO - DAG(s) dict_keys(['tutorial_dag']) retrieved from /home/airflow/.local/lib/python3.8/site-packages/airflow/example_dags/tutorial_dag.py
[2023-08-20T17:44:47.959+0000] {logging_mixin.py:151} INFO - [2023-08-20T17:44:47.959+0000] {dag.py:2907} INFO - Sync 1 DAGs
[2023-08-20T17:44:47.975+0000] {logging_mixin.py:151} INFO - [2023-08-20T17:44:47.975+0000] {dag.py:3677} INFO - Setting next_dagrun for tutorial_dag to None, run_after=None
[2023-08-20T17:44:48.002+0000] {processor.py:179} INFO - Processing /home/airflow/.local/lib/python3.8/site-packages/airflow/example_dags/tutorial_dag.py took 0.087 seconds
[2023-08-20T17:45:18.526+0000] {processor.py:157} INFO - Started process (PID=872) to work on /home/airflow/.local/lib/python3.8/site-packages/airflow/example_dags/tutorial_dag.py
[2023-08-20T17:45:18.528+0000] {processor.py:829} INFO - Processing file /home/airflow/.local/lib/python3.8/site-packages/airflow/example_dags/tutorial_dag.py for tasks to queue
[2023-08-20T17:45:18.532+0000] {logging_mixin.py:151} INFO - [2023-08-20T17:45:18.531+0000] {dagbag.py:539} INFO - Filling up the DagBag from /home/airflow/.local/lib/python3.8/site-packages/airflow/example_dags/tutorial_dag.py
[2023-08-20T17:45:18.544+0000] {processor.py:839} INFO - DAG(s) dict_keys(['tutorial_dag']) retrieved from /home/airflow/.local/lib/python3.8/site-packages/airflow/example_dags/tutorial_dag.py
[2023-08-20T17:45:18.572+0000] {logging_mixin.py:151} INFO - [2023-08-20T17:45:18.572+0000] {dag.py:2907} INFO - Sync 1 DAGs
[2023-08-20T17:45:18.588+0000] {logging_mixin.py:151} INFO - [2023-08-20T17:45:18.588+0000] {dag.py:3677} INFO - Setting next_dagrun for tutorial_dag to None, run_after=None
[2023-08-20T17:45:18.623+0000] {processor.py:179} INFO - Processing /home/airflow/.local/lib/python3.8/site-packages/airflow/example_dags/tutorial_dag.py took 0.104 seconds
[2023-08-20T17:45:48.987+0000] {processor.py:157} INFO - Started process (PID=926) to work on /home/airflow/.local/lib/python3.8/site-packages/airflow/example_dags/tutorial_dag.py
[2023-08-20T17:45:48.989+0000] {processor.py:829} INFO - Processing file /home/airflow/.local/lib/python3.8/site-packages/airflow/example_dags/tutorial_dag.py for tasks to queue
[2023-08-20T17:45:48.992+0000] {logging_mixin.py:151} INFO - [2023-08-20T17:45:48.992+0000] {dagbag.py:539} INFO - Filling up the DagBag from /home/airflow/.local/lib/python3.8/site-packages/airflow/example_dags/tutorial_dag.py
[2023-08-20T17:45:48.999+0000] {processor.py:839} INFO - DAG(s) dict_keys(['tutorial_dag']) retrieved from /home/airflow/.local/lib/python3.8/site-packages/airflow/example_dags/tutorial_dag.py
[2023-08-20T17:45:49.023+0000] {logging_mixin.py:151} INFO - [2023-08-20T17:45:49.023+0000] {dag.py:2907} INFO - Sync 1 DAGs
[2023-08-20T17:45:49.039+0000] {logging_mixin.py:151} INFO - [2023-08-20T17:45:49.039+0000] {dag.py:3677} INFO - Setting next_dagrun for tutorial_dag to None, run_after=None
[2023-08-20T17:45:49.069+0000] {processor.py:179} INFO - Processing /home/airflow/.local/lib/python3.8/site-packages/airflow/example_dags/tutorial_dag.py took 0.085 seconds
[2023-08-20T17:46:19.333+0000] {processor.py:157} INFO - Started process (PID=980) to work on /home/airflow/.local/lib/python3.8/site-packages/airflow/example_dags/tutorial_dag.py
[2023-08-20T17:46:19.335+0000] {processor.py:829} INFO - Processing file /home/airflow/.local/lib/python3.8/site-packages/airflow/example_dags/tutorial_dag.py for tasks to queue
[2023-08-20T17:46:19.339+0000] {logging_mixin.py:151} INFO - [2023-08-20T17:46:19.338+0000] {dagbag.py:539} INFO - Filling up the DagBag from /home/airflow/.local/lib/python3.8/site-packages/airflow/example_dags/tutorial_dag.py
[2023-08-20T17:46:19.347+0000] {processor.py:839} INFO - DAG(s) dict_keys(['tutorial_dag']) retrieved from /home/airflow/.local/lib/python3.8/site-packages/airflow/example_dags/tutorial_dag.py
[2023-08-20T17:46:19.375+0000] {logging_mixin.py:151} INFO - [2023-08-20T17:46:19.375+0000] {dag.py:2907} INFO - Sync 1 DAGs
[2023-08-20T17:46:19.393+0000] {logging_mixin.py:151} INFO - [2023-08-20T17:46:19.393+0000] {dag.py:3677} INFO - Setting next_dagrun for tutorial_dag to None, run_after=None
[2023-08-20T17:46:19.418+0000] {processor.py:179} INFO - Processing /home/airflow/.local/lib/python3.8/site-packages/airflow/example_dags/tutorial_dag.py took 0.090 seconds
[2023-08-20T17:46:49.567+0000] {processor.py:157} INFO - Started process (PID=1034) to work on /home/airflow/.local/lib/python3.8/site-packages/airflow/example_dags/tutorial_dag.py
[2023-08-20T17:46:49.569+0000] {processor.py:829} INFO - Processing file /home/airflow/.local/lib/python3.8/site-packages/airflow/example_dags/tutorial_dag.py for tasks to queue
[2023-08-20T17:46:49.572+0000] {logging_mixin.py:151} INFO - [2023-08-20T17:46:49.572+0000] {dagbag.py:539} INFO - Filling up the DagBag from /home/airflow/.local/lib/python3.8/site-packages/airflow/example_dags/tutorial_dag.py
[2023-08-20T17:46:49.582+0000] {processor.py:839} INFO - DAG(s) dict_keys(['tutorial_dag']) retrieved from /home/airflow/.local/lib/python3.8/site-packages/airflow/example_dags/tutorial_dag.py
[2023-08-20T17:46:49.610+0000] {logging_mixin.py:151} INFO - [2023-08-20T17:46:49.609+0000] {dag.py:2907} INFO - Sync 1 DAGs
[2023-08-20T17:46:49.627+0000] {logging_mixin.py:151} INFO - [2023-08-20T17:46:49.627+0000] {dag.py:3677} INFO - Setting next_dagrun for tutorial_dag to None, run_after=None
[2023-08-20T17:46:49.656+0000] {processor.py:179} INFO - Processing /home/airflow/.local/lib/python3.8/site-packages/airflow/example_dags/tutorial_dag.py took 0.093 seconds
