[2023-08-23T09:54:58.045+0000] {taskinstance.py:1159} INFO - Dependencies all met for dep_context=non-requeueable deps ti=<TaskInstance: dag_with_postgres_operator_v02.create_postgres_table manual__2023-08-23T09:54:56.073722+00:00 [queued]>
[2023-08-23T09:54:58.060+0000] {taskinstance.py:1159} INFO - Dependencies all met for dep_context=requeueable deps ti=<TaskInstance: dag_with_postgres_operator_v02.create_postgres_table manual__2023-08-23T09:54:56.073722+00:00 [queued]>
[2023-08-23T09:54:58.061+0000] {taskinstance.py:1361} INFO - Starting attempt 1 of 6
[2023-08-23T09:54:58.084+0000] {taskinstance.py:1382} INFO - Executing <Task(PostgresOperator): create_postgres_table> on 2023-08-23 09:54:56.073722+00:00
[2023-08-23T09:54:58.091+0000] {standard_task_runner.py:57} INFO - Started process 5247 to run task
[2023-08-23T09:54:58.096+0000] {standard_task_runner.py:84} INFO - Running: ['***', 'tasks', 'run', 'dag_with_postgres_operator_v02', 'create_postgres_table', 'manual__2023-08-23T09:54:56.073722+00:00', '--job-id', '13331', '--raw', '--subdir', 'DAGS_FOLDER/dag_with_postgres_operator.py', '--cfg-path', '/tmp/tmp2a5g369y']
[2023-08-23T09:54:58.099+0000] {standard_task_runner.py:85} INFO - Job 13331: Subtask create_postgres_table
[2023-08-23T09:54:58.174+0000] {task_command.py:415} INFO - Running <TaskInstance: dag_with_postgres_operator_v02.create_postgres_table manual__2023-08-23T09:54:56.073722+00:00 [running]> on host b0ce6883e4a1
[2023-08-23T09:54:58.337+0000] {taskinstance.py:1660} INFO - Exporting env vars: AIRFLOW_CTX_DAG_OWNER='Techquier' AIRFLOW_CTX_DAG_ID='dag_with_postgres_operator_v02' AIRFLOW_CTX_TASK_ID='create_postgres_table' AIRFLOW_CTX_EXECUTION_DATE='2023-08-23T09:54:56.073722+00:00' AIRFLOW_CTX_TRY_NUMBER='1' AIRFLOW_CTX_DAG_RUN_ID='manual__2023-08-23T09:54:56.073722+00:00'
[2023-08-23T09:54:58.345+0000] {sql.py:274} INFO - Executing: 
            create table if not exists dag_runs (
                dt date,
                dag_id character varying,
                primary key (dt, dag_id)
            )
        
[2023-08-23T09:54:58.358+0000] {base.py:73} INFO - Using connection ID 'postgres_localhost' for task execution.
[2023-08-23T09:54:58.372+0000] {base.py:73} INFO - Using connection ID 'postgres_localhost' for task execution.
[2023-08-23T09:54:58.610+0000] {sql.py:418} INFO - Running statement: 
            create table if not exists dag_runs (
                dt date,
                dag_id character varying,
                primary key (dt, dag_id)
            )
        , parameters: None
[2023-08-23T09:54:58.629+0000] {taskinstance.py:1400} INFO - Marking task as SUCCESS. dag_id=dag_with_postgres_operator_v02, task_id=create_postgres_table, execution_date=20230823T095456, start_date=20230823T095458, end_date=20230823T095458
[2023-08-23T09:54:58.675+0000] {local_task_job_runner.py:228} INFO - Task exited with return code 0
[2023-08-23T09:54:58.704+0000] {taskinstance.py:2784} INFO - 1 downstream tasks scheduled from follow-on schedule check
