[2023-08-23T11:15:09.354+0000] {taskinstance.py:1159} INFO - Dependencies all met for dep_context=non-requeueable deps ti=<TaskInstance: dag_with_postgres_operator_v03.delete_from_table manual__2023-08-23T10:04:40.281982+00:00 [queued]>
[2023-08-23T11:15:09.370+0000] {taskinstance.py:1159} INFO - Dependencies all met for dep_context=requeueable deps ti=<TaskInstance: dag_with_postgres_operator_v03.delete_from_table manual__2023-08-23T10:04:40.281982+00:00 [queued]>
[2023-08-23T11:15:09.371+0000] {taskinstance.py:1361} INFO - Starting attempt 3 of 8
[2023-08-23T11:15:09.392+0000] {taskinstance.py:1382} INFO - Executing <Task(PostgresOperator): delete_from_table> on 2023-08-23 10:04:40.281982+00:00
[2023-08-23T11:15:09.399+0000] {standard_task_runner.py:57} INFO - Started process 5874 to run task
[2023-08-23T11:15:09.404+0000] {standard_task_runner.py:84} INFO - Running: ['***', 'tasks', 'run', 'dag_with_postgres_operator_v03', 'delete_from_table', 'manual__2023-08-23T10:04:40.281982+00:00', '--job-id', '13476', '--raw', '--subdir', 'DAGS_FOLDER/dag_with_postgres_operator.py', '--cfg-path', '/tmp/tmpv95mvyl9']
[2023-08-23T11:15:09.406+0000] {standard_task_runner.py:85} INFO - Job 13476: Subtask delete_from_table
[2023-08-23T11:15:09.488+0000] {task_command.py:415} INFO - Running <TaskInstance: dag_with_postgres_operator_v03.delete_from_table manual__2023-08-23T10:04:40.281982+00:00 [running]> on host b0ce6883e4a1
[2023-08-23T11:15:09.595+0000] {taskinstance.py:1660} INFO - Exporting env vars: AIRFLOW_CTX_DAG_OWNER='Techquier' AIRFLOW_CTX_DAG_ID='dag_with_postgres_operator_v03' AIRFLOW_CTX_TASK_ID='delete_from_table' AIRFLOW_CTX_EXECUTION_DATE='2023-08-23T10:04:40.281982+00:00' AIRFLOW_CTX_TRY_NUMBER='3' AIRFLOW_CTX_DAG_RUN_ID='manual__2023-08-23T10:04:40.281982+00:00'
[2023-08-23T11:15:09.598+0000] {sql.py:274} INFO - Executing: 
            delete from dag_runs where dt = '2023-08-23' and dag_id = 'dag_with_postgres_operator_v03'
        
[2023-08-23T11:15:09.611+0000] {base.py:73} INFO - Using connection ID 'postgres_localhost' for task execution.
[2023-08-23T11:15:09.623+0000] {base.py:73} INFO - Using connection ID 'postgres_localhost' for task execution.
[2023-08-23T11:15:09.838+0000] {sql.py:418} INFO - Running statement: 
            delete from dag_runs where dt = '2023-08-23' and dag_id = 'dag_with_postgres_operator_v03'
        , parameters: None
[2023-08-23T11:15:09.844+0000] {sql.py:427} INFO - Rows affected: 0
[2023-08-23T11:15:09.864+0000] {taskinstance.py:1400} INFO - Marking task as SUCCESS. dag_id=dag_with_postgres_operator_v03, task_id=delete_from_table, execution_date=20230823T100440, start_date=20230823T111509, end_date=20230823T111509
[2023-08-23T11:15:09.941+0000] {local_task_job_runner.py:228} INFO - Task exited with return code 0
[2023-08-23T11:15:09.975+0000] {taskinstance.py:2784} INFO - 1 downstream tasks scheduled from follow-on schedule check
